[3.351s] Invoking command in '/home/sergio/ros2_ws/src/mma_service': PYTHONPATH=/home/sergio/ros2_ws/build/mma_service/prefix_override:/home/sergio/.espressif/python_env/idf5.2_py3.10_env/lib/python3.10/site-packages/colcon_core/task/python/colcon_distutils_commands:/home/sergio/ros2_ws/install/mma_service/lib/python3.10/site-packages:${PYTHONPATH} /home/sergio/.espressif/python_env/idf5.2_py3.10_env/bin/python3 -W ignore:setup.py install is deprecated -W ignore:easy_install command is deprecated setup.py egg_info --egg-base ../../build/mma_service build --build-base /home/sergio/ros2_ws/build/mma_service/build install --record /home/sergio/ros2_ws/build/mma_service/install.log --single-version-externally-managed install_data
[3.904s] running egg_info
[3.934s] writing ../../build/mma_service/mma_service.egg-info/PKG-INFO
[3.935s] writing dependency_links to ../../build/mma_service/mma_service.egg-info/dependency_links.txt
[3.935s] writing entry points to ../../build/mma_service/mma_service.egg-info/entry_points.txt
[3.936s] writing requirements to ../../build/mma_service/mma_service.egg-info/requires.txt
[3.936s] writing top-level names to ../../build/mma_service/mma_service.egg-info/top_level.txt
[3.989s] reading manifest file '../../build/mma_service/mma_service.egg-info/SOURCES.txt'
[3.992s] writing manifest file '../../build/mma_service/mma_service.egg-info/SOURCES.txt'
[3.995s] running build
[3.995s] running build_py
[3.995s] copying mma_service/fight_service.py -> /home/sergio/ros2_ws/build/mma_service/build/lib/mma_service
[3.995s] copying mma_service/__init__.py -> /home/sergio/ros2_ws/build/mma_service/build/lib/mma_service
[3.995s] running install
[4.003s] running install_lib
[4.036s] running install_data
[4.036s] copying resource/mma_service -> /home/sergio/ros2_ws/install/mma_service/share/ament_index/resource_index/packages
[4.036s] copying package.xml -> /home/sergio/ros2_ws/install/mma_service/share/mma_service
[4.036s] running install_egg_info
[4.068s] removing '/home/sergio/ros2_ws/install/mma_service/lib/python3.10/site-packages/mma_service-0.0.0-py3.10.egg-info' (and everything under it)
[4.068s] Copying ../../build/mma_service/mma_service.egg-info to /home/sergio/ros2_ws/install/mma_service/lib/python3.10/site-packages/mma_service-0.0.0-py3.10.egg-info
[4.074s] running install_scripts
[4.268s] Installing fight_service script to /home/sergio/ros2_ws/install/mma_service/lib/mma_service
[4.271s] writing list of installed files to '/home/sergio/ros2_ws/build/mma_service/install.log'
[4.600s] Invoked command in '/home/sergio/ros2_ws/src/mma_service' returned '0': PYTHONPATH=/home/sergio/ros2_ws/build/mma_service/prefix_override:/home/sergio/.espressif/python_env/idf5.2_py3.10_env/lib/python3.10/site-packages/colcon_core/task/python/colcon_distutils_commands:/home/sergio/ros2_ws/install/mma_service/lib/python3.10/site-packages:${PYTHONPATH} /home/sergio/.espressif/python_env/idf5.2_py3.10_env/bin/python3 -W ignore:setup.py install is deprecated -W ignore:easy_install command is deprecated setup.py egg_info --egg-base ../../build/mma_service build --build-base /home/sergio/ros2_ws/build/mma_service/build install --record /home/sergio/ros2_ws/build/mma_service/install.log --single-version-externally-managed install_data
