[0.010s] Invoking command in '/home/sergio/ros2_ws/build/p2_ej2': CMAKE_PREFIX_PATH=${CMAKE_PREFIX_PATH}:/home/sergio/ros2_ws/install/ejercicio1_pkg:/home/sergio/ros2_ws/install/trr_robot_ps:/home/sergio/ros2_ws/install/robot_nav:/home/sergio/ros2_ws/install/robot_autonomo:/home/sergio/ros2_ws/install/p2_ej3:/home/sergio/ros2_ws/install/p1_ej3_servidor:/home/sergio/ros2_ws/install/p1_ej3_cliente:/home/sergio/ros2_ws/install/p1_ej2_nodos_sensor:/home/sergio/ros2_ws/install/p1_ej2_nodo5:/home/sergio/ros2_ws/install/p1_ej2_nodo4:/home/sergio/ros2_ws/install/nodo_adc_sub:/home/sergio/ros2_ws/install/my_stage_mover:/home/sergio/ros2_ws/install/my_package:/home/sergio/ros2_ws/install/moveit_resources_pr2_description:/home/sergio/ros2_ws/install/mma_talker:/home/sergio/ros2_ws/install/mma_service:/home/sergio/ros2_ws/install/mma_listener:/home/sergio/ros2_ws/install/ejercicio_tres_server:/home/sergio/ros2_ws/install/ejercicio_tres_client:/home/sergio/ros2_ws/install/ejercicio_dos:/home/sergio/ros2_ws/install/ejemplo_uno:/home/sergio/ros2_ws/install/auto_mover:/home/sergio/ros2_ws/install/P1_ej1_sub:/home/sergio/ros2_ws/install/P1_ej1_pub:/opt/ros/humble /usr/bin/cmake --build /home/sergio/ros2_ws/build/p2_ej2 -- -j16 -l16
[0.068s] [ 50%] [32mBuilding CXX object CMakeFiles/panda_ik_menu.dir/src/panda_ik_menu.cpp.o[0m
[5.295s] [100%] [32m[1mLinking CXX executable panda_ik_menu[0m
[5.553s] [100%] Built target panda_ik_menu
[5.561s] Invoked command in '/home/sergio/ros2_ws/build/p2_ej2' returned '0': CMAKE_PREFIX_PATH=${CMAKE_PREFIX_PATH}:/home/sergio/ros2_ws/install/ejercicio1_pkg:/home/sergio/ros2_ws/install/trr_robot_ps:/home/sergio/ros2_ws/install/robot_nav:/home/sergio/ros2_ws/install/robot_autonomo:/home/sergio/ros2_ws/install/p2_ej3:/home/sergio/ros2_ws/install/p1_ej3_servidor:/home/sergio/ros2_ws/install/p1_ej3_cliente:/home/sergio/ros2_ws/install/p1_ej2_nodos_sensor:/home/sergio/ros2_ws/install/p1_ej2_nodo5:/home/sergio/ros2_ws/install/p1_ej2_nodo4:/home/sergio/ros2_ws/install/nodo_adc_sub:/home/sergio/ros2_ws/install/my_stage_mover:/home/sergio/ros2_ws/install/my_package:/home/sergio/ros2_ws/install/moveit_resources_pr2_description:/home/sergio/ros2_ws/install/mma_talker:/home/sergio/ros2_ws/install/mma_service:/home/sergio/ros2_ws/install/mma_listener:/home/sergio/ros2_ws/install/ejercicio_tres_server:/home/sergio/ros2_ws/install/ejercicio_tres_client:/home/sergio/ros2_ws/install/ejercicio_dos:/home/sergio/ros2_ws/install/ejemplo_uno:/home/sergio/ros2_ws/install/auto_mover:/home/sergio/ros2_ws/install/P1_ej1_sub:/home/sergio/ros2_ws/install/P1_ej1_pub:/opt/ros/humble /usr/bin/cmake --build /home/sergio/ros2_ws/build/p2_ej2 -- -j16 -l16
[5.568s] Invoking command in '/home/sergio/ros2_ws/build/p2_ej2': CMAKE_PREFIX_PATH=${CMAKE_PREFIX_PATH}:/home/sergio/ros2_ws/install/ejercicio1_pkg:/home/sergio/ros2_ws/install/trr_robot_ps:/home/sergio/ros2_ws/install/robot_nav:/home/sergio/ros2_ws/install/robot_autonomo:/home/sergio/ros2_ws/install/p2_ej3:/home/sergio/ros2_ws/install/p1_ej3_servidor:/home/sergio/ros2_ws/install/p1_ej3_cliente:/home/sergio/ros2_ws/install/p1_ej2_nodos_sensor:/home/sergio/ros2_ws/install/p1_ej2_nodo5:/home/sergio/ros2_ws/install/p1_ej2_nodo4:/home/sergio/ros2_ws/install/nodo_adc_sub:/home/sergio/ros2_ws/install/my_stage_mover:/home/sergio/ros2_ws/install/my_package:/home/sergio/ros2_ws/install/moveit_resources_pr2_description:/home/sergio/ros2_ws/install/mma_talker:/home/sergio/ros2_ws/install/mma_service:/home/sergio/ros2_ws/install/mma_listener:/home/sergio/ros2_ws/install/ejercicio_tres_server:/home/sergio/ros2_ws/install/ejercicio_tres_client:/home/sergio/ros2_ws/install/ejercicio_dos:/home/sergio/ros2_ws/install/ejemplo_uno:/home/sergio/ros2_ws/install/auto_mover:/home/sergio/ros2_ws/install/P1_ej1_sub:/home/sergio/ros2_ws/install/P1_ej1_pub:/opt/ros/humble /usr/bin/cmake --install /home/sergio/ros2_ws/build/p2_ej2
[5.572s] -- Install configuration: ""
[5.573s] -- Installing: /home/sergio/ros2_ws/install/p2_ej2/lib/p2_ej2/panda_ik_menu
[5.573s] -- Set runtime path of "/home/sergio/ros2_ws/install/p2_ej2/lib/p2_ej2/panda_ik_menu" to ""
[5.573s] -- Up-to-date: /home/sergio/ros2_ws/install/p2_ej2/share/ament_index/resource_index/package_run_dependencies/p2_ej2
[5.573s] -- Up-to-date: /home/sergio/ros2_ws/install/p2_ej2/share/ament_index/resource_index/parent_prefix_path/p2_ej2
[5.573s] -- Up-to-date: /home/sergio/ros2_ws/install/p2_ej2/share/p2_ej2/environment/ament_prefix_path.sh
[5.573s] -- Up-to-date: /home/sergio/ros2_ws/install/p2_ej2/share/p2_ej2/environment/ament_prefix_path.dsv
[5.573s] -- Up-to-date: /home/sergio/ros2_ws/install/p2_ej2/share/p2_ej2/environment/path.sh
[5.573s] -- Up-to-date: /home/sergio/ros2_ws/install/p2_ej2/share/p2_ej2/environment/path.dsv
[5.573s] -- Up-to-date: /home/sergio/ros2_ws/install/p2_ej2/share/p2_ej2/local_setup.bash
[5.573s] -- Up-to-date: /home/sergio/ros2_ws/install/p2_ej2/share/p2_ej2/local_setup.sh
[5.573s] -- Up-to-date: /home/sergio/ros2_ws/install/p2_ej2/share/p2_ej2/local_setup.zsh
[5.573s] -- Up-to-date: /home/sergio/ros2_ws/install/p2_ej2/share/p2_ej2/local_setup.dsv
[5.573s] -- Up-to-date: /home/sergio/ros2_ws/install/p2_ej2/share/p2_ej2/package.dsv
[5.574s] -- Up-to-date: /home/sergio/ros2_ws/install/p2_ej2/share/ament_index/resource_index/packages/p2_ej2
[5.574s] -- Up-to-date: /home/sergio/ros2_ws/install/p2_ej2/share/p2_ej2/cmake/p2_ej2Config.cmake
[5.574s] -- Up-to-date: /home/sergio/ros2_ws/install/p2_ej2/share/p2_ej2/cmake/p2_ej2Config-version.cmake
[5.574s] -- Up-to-date: /home/sergio/ros2_ws/install/p2_ej2/share/p2_ej2/package.xml
[5.575s] Invoked command in '/home/sergio/ros2_ws/build/p2_ej2' returned '0': CMAKE_PREFIX_PATH=${CMAKE_PREFIX_PATH}:/home/sergio/ros2_ws/install/ejercicio1_pkg:/home/sergio/ros2_ws/install/trr_robot_ps:/home/sergio/ros2_ws/install/robot_nav:/home/sergio/ros2_ws/install/robot_autonomo:/home/sergio/ros2_ws/install/p2_ej3:/home/sergio/ros2_ws/install/p1_ej3_servidor:/home/sergio/ros2_ws/install/p1_ej3_cliente:/home/sergio/ros2_ws/install/p1_ej2_nodos_sensor:/home/sergio/ros2_ws/install/p1_ej2_nodo5:/home/sergio/ros2_ws/install/p1_ej2_nodo4:/home/sergio/ros2_ws/install/nodo_adc_sub:/home/sergio/ros2_ws/install/my_stage_mover:/home/sergio/ros2_ws/install/my_package:/home/sergio/ros2_ws/install/moveit_resources_pr2_description:/home/sergio/ros2_ws/install/mma_talker:/home/sergio/ros2_ws/install/mma_service:/home/sergio/ros2_ws/install/mma_listener:/home/sergio/ros2_ws/install/ejercicio_tres_server:/home/sergio/ros2_ws/install/ejercicio_tres_client:/home/sergio/ros2_ws/install/ejercicio_dos:/home/sergio/ros2_ws/install/ejemplo_uno:/home/sergio/ros2_ws/install/auto_mover:/home/sergio/ros2_ws/install/P1_ej1_sub:/home/sergio/ros2_ws/install/P1_ej1_pub:/opt/ros/humble /usr/bin/cmake --install /home/sergio/ros2_ws/build/p2_ej2
