[3.463s] Invoking command in '/home/sergio/ros2_ws/src/robot_autonomo': PYTHONPATH=/home/sergio/ros2_ws/build/robot_autonomo/prefix_override:/home/sergio/.espressif/python_env/idf5.2_py3.10_env/lib/python3.10/site-packages/colcon_core/task/python/colcon_distutils_commands:/home/sergio/ros2_ws/install/robot_autonomo/lib/python3.10/site-packages:${PYTHONPATH} /home/sergio/.espressif/python_env/idf5.2_py3.10_env/bin/python3 -W ignore:setup.py install is deprecated -W ignore:easy_install command is deprecated setup.py egg_info --egg-base ../../build/robot_autonomo build --build-base /home/sergio/ros2_ws/build/robot_autonomo/build install --record /home/sergio/ros2_ws/build/robot_autonomo/install.log --single-version-externally-managed install_data
[4.142s] running egg_info
[4.166s] writing ../../build/robot_autonomo/robot_autonomo.egg-info/PKG-INFO
[4.166s] writing dependency_links to ../../build/robot_autonomo/robot_autonomo.egg-info/dependency_links.txt
[4.166s] writing entry points to ../../build/robot_autonomo/robot_autonomo.egg-info/entry_points.txt
[4.166s] writing requirements to ../../build/robot_autonomo/robot_autonomo.egg-info/requires.txt
[4.166s] writing top-level names to ../../build/robot_autonomo/robot_autonomo.egg-info/top_level.txt
[4.214s] reading manifest file '../../build/robot_autonomo/robot_autonomo.egg-info/SOURCES.txt'
[4.216s] writing manifest file '../../build/robot_autonomo/robot_autonomo.egg-info/SOURCES.txt'
[4.216s] running build
[4.216s] running build_py
[4.216s] copying robot_autonomo/__init__.py -> /home/sergio/ros2_ws/build/robot_autonomo/build/lib/robot_autonomo
[4.216s] copying robot_autonomo/evitar_obstaculos.py -> /home/sergio/ros2_ws/build/robot_autonomo/build/lib/robot_autonomo
[4.220s] copying robot_autonomo/nodo_evitar_obstaculos.py -> /home/sergio/ros2_ws/build/robot_autonomo/build/lib/robot_autonomo
[4.220s] running install
[4.231s] running install_lib
[4.250s] running install_data
[4.250s] copying resource/robot_autonomo -> /home/sergio/ros2_ws/install/robot_autonomo/share/ament_index/resource_index/packages
[4.250s] copying package.xml -> /home/sergio/ros2_ws/install/robot_autonomo/share/robot_autonomo
[4.251s] running install_egg_info
[4.278s] removing '/home/sergio/ros2_ws/install/robot_autonomo/lib/python3.10/site-packages/robot_autonomo-0.0.0-py3.10.egg-info' (and everything under it)
[4.279s] Copying ../../build/robot_autonomo/robot_autonomo.egg-info to /home/sergio/ros2_ws/install/robot_autonomo/lib/python3.10/site-packages/robot_autonomo-0.0.0-py3.10.egg-info
[4.281s] running install_scripts
[4.489s] Installing evita_obstaculos script to /home/sergio/ros2_ws/install/robot_autonomo/lib/robot_autonomo
[4.489s] Installing evita_obstaculos2 script to /home/sergio/ros2_ws/install/robot_autonomo/lib/robot_autonomo
[4.489s] writing list of installed files to '/home/sergio/ros2_ws/build/robot_autonomo/install.log'
[4.552s] Invoked command in '/home/sergio/ros2_ws/src/robot_autonomo' returned '0': PYTHONPATH=/home/sergio/ros2_ws/build/robot_autonomo/prefix_override:/home/sergio/.espressif/python_env/idf5.2_py3.10_env/lib/python3.10/site-packages/colcon_core/task/python/colcon_distutils_commands:/home/sergio/ros2_ws/install/robot_autonomo/lib/python3.10/site-packages:${PYTHONPATH} /home/sergio/.espressif/python_env/idf5.2_py3.10_env/bin/python3 -W ignore:setup.py install is deprecated -W ignore:easy_install command is deprecated setup.py egg_info --egg-base ../../build/robot_autonomo build --build-base /home/sergio/ros2_ws/build/robot_autonomo/build install --record /home/sergio/ros2_ws/build/robot_autonomo/install.log --single-version-externally-managed install_data
