[4.653s] Invoking command in '/home/sergio/ros2_ws/src/p1_ej3_servidor': PYTHONPATH=/home/sergio/ros2_ws/build/p1_ej3_servidor/prefix_override:/usr/lib/python3/dist-packages/colcon_core/task/python/colcon_distutils_commands:/home/sergio/ros2_ws/install/p1_ej3_servidor/lib/python3.10/site-packages:${PYTHONPATH} /usr/bin/python3 -W ignore:setup.py install is deprecated -W ignore:easy_install command is deprecated setup.py egg_info --egg-base ../../build/p1_ej3_servidor build --build-base /home/sergio/ros2_ws/build/p1_ej3_servidor/build install --record /home/sergio/ros2_ws/build/p1_ej3_servidor/install.log --single-version-externally-managed install_data
[5.206s] running egg_info
[5.206s] writing ../../build/p1_ej3_servidor/p1_ej3_servidor.egg-info/PKG-INFO
[5.207s] writing dependency_links to ../../build/p1_ej3_servidor/p1_ej3_servidor.egg-info/dependency_links.txt
[5.207s] writing entry points to ../../build/p1_ej3_servidor/p1_ej3_servidor.egg-info/entry_points.txt
[5.207s] writing requirements to ../../build/p1_ej3_servidor/p1_ej3_servidor.egg-info/requires.txt
[5.208s] writing top-level names to ../../build/p1_ej3_servidor/p1_ej3_servidor.egg-info/top_level.txt
[5.211s] reading manifest file '../../build/p1_ej3_servidor/p1_ej3_servidor.egg-info/SOURCES.txt'
[5.213s] writing manifest file '../../build/p1_ej3_servidor/p1_ej3_servidor.egg-info/SOURCES.txt'
[5.213s] running build
[5.213s] running build_py
[5.213s] running install
[5.213s] running install_lib
[5.215s] running install_data
[5.216s] running install_egg_info
[5.220s] removing '/home/sergio/ros2_ws/install/p1_ej3_servidor/lib/python3.10/site-packages/p1_ej3_servidor-0.0.0-py3.10.egg-info' (and everything under it)
[5.220s] Copying ../../build/p1_ej3_servidor/p1_ej3_servidor.egg-info to /home/sergio/ros2_ws/install/p1_ej3_servidor/lib/python3.10/site-packages/p1_ej3_servidor-0.0.0-py3.10.egg-info
[5.221s] running install_scripts
[5.250s] Installing servidor script to /home/sergio/ros2_ws/install/p1_ej3_servidor/lib/p1_ej3_servidor
[5.251s] writing list of installed files to '/home/sergio/ros2_ws/build/p1_ej3_servidor/install.log'
[5.384s] Invoked command in '/home/sergio/ros2_ws/src/p1_ej3_servidor' returned '0': PYTHONPATH=/home/sergio/ros2_ws/build/p1_ej3_servidor/prefix_override:/usr/lib/python3/dist-packages/colcon_core/task/python/colcon_distutils_commands:/home/sergio/ros2_ws/install/p1_ej3_servidor/lib/python3.10/site-packages:${PYTHONPATH} /usr/bin/python3 -W ignore:setup.py install is deprecated -W ignore:easy_install command is deprecated setup.py egg_info --egg-base ../../build/p1_ej3_servidor build --build-base /home/sergio/ros2_ws/build/p1_ej3_servidor/build install --record /home/sergio/ros2_ws/build/p1_ej3_servidor/install.log --single-version-externally-managed install_data
