[3.364s] Invoking command in '/home/sergio/ros2_ws/src/mma_service': PYTHONPATH=/home/sergio/ros2_ws/build/mma_service/prefix_override:/home/sergio/.espressif/python_env/idf5.2_py3.10_env/lib/python3.10/site-packages/colcon_core/task/python/colcon_distutils_commands:/home/sergio/ros2_ws/install/mma_service/lib/python3.10/site-packages:${PYTHONPATH} /home/sergio/.espressif/python_env/idf5.2_py3.10_env/bin/python3 -W ignore:setup.py install is deprecated -W ignore:easy_install command is deprecated setup.py egg_info --egg-base ../../build/mma_service build --build-base /home/sergio/ros2_ws/build/mma_service/build install --record /home/sergio/ros2_ws/build/mma_service/install.log --single-version-externally-managed install_data
[3.975s] running egg_info
[4.007s] writing ../../build/mma_service/mma_service.egg-info/PKG-INFO
[4.007s] writing dependency_links to ../../build/mma_service/mma_service.egg-info/dependency_links.txt
[4.008s] writing entry points to ../../build/mma_service/mma_service.egg-info/entry_points.txt
[4.008s] writing requirements to ../../build/mma_service/mma_service.egg-info/requires.txt
[4.009s] writing top-level names to ../../build/mma_service/mma_service.egg-info/top_level.txt
[4.082s] reading manifest file '../../build/mma_service/mma_service.egg-info/SOURCES.txt'
[4.084s] writing manifest file '../../build/mma_service/mma_service.egg-info/SOURCES.txt'
[4.086s] running build
[4.086s] running build_py
[4.086s] copying mma_service/fight_service.py -> /home/sergio/ros2_ws/build/mma_service/build/lib/mma_service
[4.086s] copying mma_service/__init__.py -> /home/sergio/ros2_ws/build/mma_service/build/lib/mma_service
[4.086s] running install
[4.097s] running install_lib
[4.124s] running install_data
[4.124s] copying resource/mma_service -> /home/sergio/ros2_ws/install/mma_service/share/ament_index/resource_index/packages
[4.124s] copying package.xml -> /home/sergio/ros2_ws/install/mma_service/share/mma_service
[4.125s] running install_egg_info
[4.157s] removing '/home/sergio/ros2_ws/install/mma_service/lib/python3.10/site-packages/mma_service-0.0.0-py3.10.egg-info' (and everything under it)
[4.157s] Copying ../../build/mma_service/mma_service.egg-info to /home/sergio/ros2_ws/install/mma_service/lib/python3.10/site-packages/mma_service-0.0.0-py3.10.egg-info
[4.158s] running install_scripts
[4.431s] Installing fight_service script to /home/sergio/ros2_ws/install/mma_service/lib/mma_service
[4.431s] writing list of installed files to '/home/sergio/ros2_ws/build/mma_service/install.log'
[4.854s] Invoked command in '/home/sergio/ros2_ws/src/mma_service' returned '0': PYTHONPATH=/home/sergio/ros2_ws/build/mma_service/prefix_override:/home/sergio/.espressif/python_env/idf5.2_py3.10_env/lib/python3.10/site-packages/colcon_core/task/python/colcon_distutils_commands:/home/sergio/ros2_ws/install/mma_service/lib/python3.10/site-packages:${PYTHONPATH} /home/sergio/.espressif/python_env/idf5.2_py3.10_env/bin/python3 -W ignore:setup.py install is deprecated -W ignore:easy_install command is deprecated setup.py egg_info --egg-base ../../build/mma_service build --build-base /home/sergio/ros2_ws/build/mma_service/build install --record /home/sergio/ros2_ws/build/mma_service/install.log --single-version-externally-managed install_data
