[3.953s] Invoking command in '/home/sergio/ros2_ws/src/auto_mover': PYTHONPATH=/home/sergio/ros2_ws/build/auto_mover/prefix_override:/usr/lib/python3/dist-packages/colcon_core/task/python/colcon_distutils_commands:/home/sergio/ros2_ws/install/auto_mover/lib/python3.10/site-packages:${PYTHONPATH} /usr/bin/python3 -W ignore:setup.py install is deprecated -W ignore:easy_install command is deprecated setup.py egg_info --egg-base ../../build/auto_mover build --build-base /home/sergio/ros2_ws/build/auto_mover/build install --record /home/sergio/ros2_ws/build/auto_mover/install.log --single-version-externally-managed install_data
[4.695s] running egg_info
[4.699s] writing ../../build/auto_mover/auto_mover.egg-info/PKG-INFO
[4.699s] writing dependency_links to ../../build/auto_mover/auto_mover.egg-info/dependency_links.txt
[4.701s] writing entry points to ../../build/auto_mover/auto_mover.egg-info/entry_points.txt
[4.701s] writing requirements to ../../build/auto_mover/auto_mover.egg-info/requires.txt
[4.701s] writing top-level names to ../../build/auto_mover/auto_mover.egg-info/top_level.txt
[4.701s] reading manifest file '../../build/auto_mover/auto_mover.egg-info/SOURCES.txt'
[4.701s] writing manifest file '../../build/auto_mover/auto_mover.egg-info/SOURCES.txt'
[4.702s] running build
[4.702s] running build_py
[4.702s] running install
[4.702s] running install_lib
[4.704s] running install_data
[4.709s] running install_egg_info
[4.710s] removing '/home/sergio/ros2_ws/install/auto_mover/lib/python3.10/site-packages/auto_mover-0.0.0-py3.10.egg-info' (and everything under it)
[4.711s] Copying ../../build/auto_mover/auto_mover.egg-info to /home/sergio/ros2_ws/install/auto_mover/lib/python3.10/site-packages/auto_mover-0.0.0-py3.10.egg-info
[4.711s] running install_scripts
[4.748s] Installing move_node script to /home/sergio/ros2_ws/install/auto_mover/lib/auto_mover
[4.748s] writing list of installed files to '/home/sergio/ros2_ws/build/auto_mover/install.log'
