[1.065s] Invoking command in '/home/sergio/ros2_ws/build/navigation_tb3': CMAKE_PREFIX_PATH=${CMAKE_PREFIX_PATH}:/home/sergio/ros2_ws/install/trr_robot_ps:/home/sergio/ros2_ws/install/robot_nav:/home/sergio/ros2_ws/install/robot_autonomo:/home/sergio/ros2_ws/install/pico_control_pub:/home/sergio/ros2_ws/install/p2_ej3:/home/sergio/ros2_ws/install/p1_ej3_servidor:/home/sergio/ros2_ws/install/p1_ej3_cliente:/home/sergio/ros2_ws/install/p1_ej2_nodos_sensor:/home/sergio/ros2_ws/install/p1_ej2_nodo5:/home/sergio/ros2_ws/install/p1_ej2_nodo4:/home/sergio/ros2_ws/install/nodo_adc_sub:/home/sergio/ros2_ws/install/my_stage_mover:/home/sergio/ros2_ws/install/my_package:/home/sergio/ros2_ws/install/mma_talker:/home/sergio/ros2_ws/install/mma_service:/home/sergio/ros2_ws/install/mma_listener:/home/sergio/ros2_ws/install/ejercicio_tres_server:/home/sergio/ros2_ws/install/ejercicio_tres_client:/home/sergio/ros2_ws/install/ejercicio_dos:/home/sergio/ros2_ws/install/ejercicio1_pkg:/home/sergio/ros2_ws/install/ejemplo_uno:/home/sergio/ros2_ws/install/cam_viewer:/home/sergio/ros2_ws/install/auto_mover:/home/sergio/ros2_ws/install/P1_ej1_sub:/home/sergio/ros2_ws/install/P1_ej1_pub:/opt/ros/humble /usr/bin/cmake --build /home/sergio/ros2_ws/build/navigation_tb3 -- -j16 -l16
[1.376s] [100%] Built target pub_occupancy_grid
[1.376s] [100%] Built target ament_cmake_python_copy_navigation_tb3
[1.540s] running egg_info
[1.540s] writing navigation_tb3.egg-info/PKG-INFO
[1.541s] writing dependency_links to navigation_tb3.egg-info/dependency_links.txt
[1.541s] writing top-level names to navigation_tb3.egg-info/top_level.txt
[1.544s] reading manifest file 'navigation_tb3.egg-info/SOURCES.txt'
[1.544s] writing manifest file 'navigation_tb3.egg-info/SOURCES.txt'
[1.569s] [100%] Built target ament_cmake_python_build_navigation_tb3_egg
[2.680s] Invoked command in '/home/sergio/ros2_ws/build/navigation_tb3' returned '0': CMAKE_PREFIX_PATH=${CMAKE_PREFIX_PATH}:/home/sergio/ros2_ws/install/trr_robot_ps:/home/sergio/ros2_ws/install/robot_nav:/home/sergio/ros2_ws/install/robot_autonomo:/home/sergio/ros2_ws/install/pico_control_pub:/home/sergio/ros2_ws/install/p2_ej3:/home/sergio/ros2_ws/install/p1_ej3_servidor:/home/sergio/ros2_ws/install/p1_ej3_cliente:/home/sergio/ros2_ws/install/p1_ej2_nodos_sensor:/home/sergio/ros2_ws/install/p1_ej2_nodo5:/home/sergio/ros2_ws/install/p1_ej2_nodo4:/home/sergio/ros2_ws/install/nodo_adc_sub:/home/sergio/ros2_ws/install/my_stage_mover:/home/sergio/ros2_ws/install/my_package:/home/sergio/ros2_ws/install/mma_talker:/home/sergio/ros2_ws/install/mma_service:/home/sergio/ros2_ws/install/mma_listener:/home/sergio/ros2_ws/install/ejercicio_tres_server:/home/sergio/ros2_ws/install/ejercicio_tres_client:/home/sergio/ros2_ws/install/ejercicio_dos:/home/sergio/ros2_ws/install/ejercicio1_pkg:/home/sergio/ros2_ws/install/ejemplo_uno:/home/sergio/ros2_ws/install/cam_viewer:/home/sergio/ros2_ws/install/auto_mover:/home/sergio/ros2_ws/install/P1_ej1_sub:/home/sergio/ros2_ws/install/P1_ej1_pub:/opt/ros/humble /usr/bin/cmake --build /home/sergio/ros2_ws/build/navigation_tb3 -- -j16 -l16
[2.682s] Invoking command in '/home/sergio/ros2_ws/build/navigation_tb3': CMAKE_PREFIX_PATH=${CMAKE_PREFIX_PATH}:/home/sergio/ros2_ws/install/trr_robot_ps:/home/sergio/ros2_ws/install/robot_nav:/home/sergio/ros2_ws/install/robot_autonomo:/home/sergio/ros2_ws/install/pico_control_pub:/home/sergio/ros2_ws/install/p2_ej3:/home/sergio/ros2_ws/install/p1_ej3_servidor:/home/sergio/ros2_ws/install/p1_ej3_cliente:/home/sergio/ros2_ws/install/p1_ej2_nodos_sensor:/home/sergio/ros2_ws/install/p1_ej2_nodo5:/home/sergio/ros2_ws/install/p1_ej2_nodo4:/home/sergio/ros2_ws/install/nodo_adc_sub:/home/sergio/ros2_ws/install/my_stage_mover:/home/sergio/ros2_ws/install/my_package:/home/sergio/ros2_ws/install/mma_talker:/home/sergio/ros2_ws/install/mma_service:/home/sergio/ros2_ws/install/mma_listener:/home/sergio/ros2_ws/install/ejercicio_tres_server:/home/sergio/ros2_ws/install/ejercicio_tres_client:/home/sergio/ros2_ws/install/ejercicio_dos:/home/sergio/ros2_ws/install/ejercicio1_pkg:/home/sergio/ros2_ws/install/ejemplo_uno:/home/sergio/ros2_ws/install/cam_viewer:/home/sergio/ros2_ws/install/auto_mover:/home/sergio/ros2_ws/install/P1_ej1_sub:/home/sergio/ros2_ws/install/P1_ej1_pub:/opt/ros/humble /usr/bin/cmake --install /home/sergio/ros2_ws/build/navigation_tb3
[2.719s] -- Install configuration: ""
[2.719s] -- Up-to-date: /home/sergio/ros2_ws/install/navigation_tb3/lib/navigation_tb3/pub_occupancy_grid
[2.719s] -- Up-to-date: /home/sergio/ros2_ws/install/navigation_tb3/share/navigation_tb3/launch
[2.720s] -- Up-to-date: /home/sergio/ros2_ws/install/navigation_tb3/share/navigation_tb3/launch/mapping.launch.py
[2.720s] -- Up-to-date: /home/sergio/ros2_ws/install/navigation_tb3/share/navigation_tb3/launch/move_robot.py
[2.720s] -- Up-to-date: /home/sergio/ros2_ws/install/navigation_tb3/share/navigation_tb3/launch/navigation.launch.py
[2.720s] -- Up-to-date: /home/sergio/ros2_ws/install/navigation_tb3/share/navigation_tb3/config
[2.720s] -- Up-to-date: /home/sergio/ros2_ws/install/navigation_tb3/share/navigation_tb3/config/map2.yaml
[2.720s] -- Up-to-date: /home/sergio/ros2_ws/install/navigation_tb3/share/navigation_tb3/config/visualize.rviz
[2.721s] -- Up-to-date: /home/sergio/ros2_ws/install/navigation_tb3/share/navigation_tb3/config/tb3_nav2_params.yaml
[2.721s] -- Up-to-date: /home/sergio/ros2_ws/install/navigation_tb3/share/navigation_tb3/config/mapping.rviz
[2.721s] -- Up-to-date: /home/sergio/ros2_ws/install/navigation_tb3/share/navigation_tb3/config/rosbostito.lua
[2.721s] -- Up-to-date: /home/sergio/ros2_ws/install/navigation_tb3/share/navigation_tb3/config/mapCasa3.yaml
[2.721s] -- Up-to-date: /home/sergio/ros2_ws/install/navigation_tb3/share/navigation_tb3/config/cuarto.pgm
[2.721s] -- Up-to-date: /home/sergio/ros2_ws/install/navigation_tb3/share/navigation_tb3/config/turtlebot3_lds_2d.lua
[2.721s] -- Up-to-date: /home/sergio/ros2_ws/install/navigation_tb3/share/navigation_tb3/config/mapCasa3.pgm
[2.721s] -- Up-to-date: /home/sergio/ros2_ws/install/navigation_tb3/share/navigation_tb3/config/mappingV2.rviz
[2.722s] -- Up-to-date: /home/sergio/ros2_ws/install/navigation_tb3/share/navigation_tb3/config/tb3_map.pgm
[2.722s] -- Up-to-date: /home/sergio/ros2_ws/install/navigation_tb3/share/navigation_tb3/config/navigation.rviz
[2.722s] -- Up-to-date: /home/sergio/ros2_ws/install/navigation_tb3/share/navigation_tb3/config/map2.pgm
[2.722s] -- Up-to-date: /home/sergio/ros2_ws/install/navigation_tb3/share/navigation_tb3/config/pioneer.lua
[2.722s] -- Up-to-date: /home/sergio/ros2_ws/install/navigation_tb3/share/navigation_tb3/config/tb3_map.yaml
[2.723s] -- Up-to-date: /home/sergio/ros2_ws/install/navigation_tb3/share/navigation_tb3/config/cuarto.yaml
[2.723s] -- Up-to-date: /home/sergio/ros2_ws/install/navigation_tb3/share/navigation_tb3/environment/pythonpath.sh
[2.723s] -- Up-to-date: /home/sergio/ros2_ws/install/navigation_tb3/share/navigation_tb3/environment/pythonpath.dsv
[2.723s] -- Up-to-date: /home/sergio/ros2_ws/install/navigation_tb3/local/lib/python3.10/dist-packages/navigation_tb3-0.0.0-py3.10.egg-info
[2.723s] -- Installing: /home/sergio/ros2_ws/install/navigation_tb3/local/lib/python3.10/dist-packages/navigation_tb3-0.0.0-py3.10.egg-info/PKG-INFO
[2.724s] -- Installing: /home/sergio/ros2_ws/install/navigation_tb3/local/lib/python3.10/dist-packages/navigation_tb3-0.0.0-py3.10.egg-info/SOURCES.txt
[2.724s] -- Installing: /home/sergio/ros2_ws/install/navigation_tb3/local/lib/python3.10/dist-packages/navigation_tb3-0.0.0-py3.10.egg-info/top_level.txt
[2.724s] -- Installing: /home/sergio/ros2_ws/install/navigation_tb3/local/lib/python3.10/dist-packages/navigation_tb3-0.0.0-py3.10.egg-info/dependency_links.txt
[2.724s] -- Up-to-date: /home/sergio/ros2_ws/install/navigation_tb3/local/lib/python3.10/dist-packages/navigation_tb3
[2.724s] -- Up-to-date: /home/sergio/ros2_ws/install/navigation_tb3/local/lib/python3.10/dist-packages/navigation_tb3/__init__.py
[2.787s] Listing '/home/sergio/ros2_ws/install/navigation_tb3/local/lib/python3.10/dist-packages/navigation_tb3'...
[2.794s] -- Up-to-date: /home/sergio/ros2_ws/install/navigation_tb3/lib/navigation_tb3/single_goal_nav.py
[2.795s] -- Up-to-date: /home/sergio/ros2_ws/install/navigation_tb3/lib/navigation_tb3/multi_waypoints.py
[2.795s] -- Up-to-date: /home/sergio/ros2_ws/install/navigation_tb3/share/ament_index/resource_index/package_run_dependencies/navigation_tb3
[2.795s] -- Up-to-date: /home/sergio/ros2_ws/install/navigation_tb3/share/ament_index/resource_index/parent_prefix_path/navigation_tb3
[2.795s] -- Up-to-date: /home/sergio/ros2_ws/install/navigation_tb3/share/navigation_tb3/environment/ament_prefix_path.sh
[2.795s] -- Up-to-date: /home/sergio/ros2_ws/install/navigation_tb3/share/navigation_tb3/environment/ament_prefix_path.dsv
[2.795s] -- Up-to-date: /home/sergio/ros2_ws/install/navigation_tb3/share/navigation_tb3/environment/path.sh
[2.795s] -- Up-to-date: /home/sergio/ros2_ws/install/navigation_tb3/share/navigation_tb3/environment/path.dsv
[2.795s] -- Up-to-date: /home/sergio/ros2_ws/install/navigation_tb3/share/navigation_tb3/local_setup.bash
[2.799s] -- Up-to-date: /home/sergio/ros2_ws/install/navigation_tb3/share/navigation_tb3/local_setup.sh
[2.799s] -- Up-to-date: /home/sergio/ros2_ws/install/navigation_tb3/share/navigation_tb3/local_setup.zsh
[2.800s] -- Up-to-date: /home/sergio/ros2_ws/install/navigation_tb3/share/navigation_tb3/local_setup.dsv
[2.800s] -- Installing: /home/sergio/ros2_ws/install/navigation_tb3/share/navigation_tb3/package.dsv
[2.800s] -- Up-to-date: /home/sergio/ros2_ws/install/navigation_tb3/share/ament_index/resource_index/packages/navigation_tb3
[2.800s] -- Up-to-date: /home/sergio/ros2_ws/install/navigation_tb3/share/navigation_tb3/cmake/navigation_tb3Config.cmake
[2.800s] -- Up-to-date: /home/sergio/ros2_ws/install/navigation_tb3/share/navigation_tb3/cmake/navigation_tb3Config-version.cmake
[2.800s] -- Up-to-date: /home/sergio/ros2_ws/install/navigation_tb3/share/navigation_tb3/package.xml
[3.354s] Invoked command in '/home/sergio/ros2_ws/build/navigation_tb3' returned '0': CMAKE_PREFIX_PATH=${CMAKE_PREFIX_PATH}:/home/sergio/ros2_ws/install/trr_robot_ps:/home/sergio/ros2_ws/install/robot_nav:/home/sergio/ros2_ws/install/robot_autonomo:/home/sergio/ros2_ws/install/pico_control_pub:/home/sergio/ros2_ws/install/p2_ej3:/home/sergio/ros2_ws/install/p1_ej3_servidor:/home/sergio/ros2_ws/install/p1_ej3_cliente:/home/sergio/ros2_ws/install/p1_ej2_nodos_sensor:/home/sergio/ros2_ws/install/p1_ej2_nodo5:/home/sergio/ros2_ws/install/p1_ej2_nodo4:/home/sergio/ros2_ws/install/nodo_adc_sub:/home/sergio/ros2_ws/install/my_stage_mover:/home/sergio/ros2_ws/install/my_package:/home/sergio/ros2_ws/install/mma_talker:/home/sergio/ros2_ws/install/mma_service:/home/sergio/ros2_ws/install/mma_listener:/home/sergio/ros2_ws/install/ejercicio_tres_server:/home/sergio/ros2_ws/install/ejercicio_tres_client:/home/sergio/ros2_ws/install/ejercicio_dos:/home/sergio/ros2_ws/install/ejercicio1_pkg:/home/sergio/ros2_ws/install/ejemplo_uno:/home/sergio/ros2_ws/install/cam_viewer:/home/sergio/ros2_ws/install/auto_mover:/home/sergio/ros2_ws/install/P1_ej1_sub:/home/sergio/ros2_ws/install/P1_ej1_pub:/opt/ros/humble /usr/bin/cmake --install /home/sergio/ros2_ws/build/navigation_tb3
