[3.452s] Invoking command in '/home/sergio/ros2_ws/build/p1_ej3_interface': CMAKE_PREFIX_PATH=${CMAKE_PREFIX_PATH}:/home/sergio/ros2_ws/install/turtlebot3_teleop:/home/sergio/ros2_ws/install/turtlebot3_example:/home/sergio/ros2_ws/install/trr_robot_ps:/home/sergio/ros2_ws/install/robot_nav:/home/sergio/ros2_ws/install/robot_autonomo:/home/sergio/ros2_ws/install/p1_ej3_servidor:/home/sergio/ros2_ws/install/p1_ej3_cliente:/home/sergio/ros2_ws/install/p1_ej2_nodos_sensor:/home/sergio/ros2_ws/install/p1_ej2_nodo5:/home/sergio/ros2_ws/install/p1_ej2_nodo4:/home/sergio/ros2_ws/install/nodo_adc_sub:/home/sergio/ros2_ws/install/my_stage_mover:/home/sergio/ros2_ws/install/my_package:/home/sergio/ros2_ws/install/mma_talker:/home/sergio/ros2_ws/install/mma_service:/home/sergio/ros2_ws/install/mma_listener:/home/sergio/ros2_ws/install/ejercicio_tres_server:/home/sergio/ros2_ws/install/ejercicio_tres_client:/home/sergio/ros2_ws/install/ejercicio_dos:/home/sergio/ros2_ws/install/ejemplo_uno:/home/sergio/ros2_ws/install/auto_mover:/home/sergio/ros2_ws/install/P1_ej1_sub:/home/sergio/ros2_ws/install/P1_ej1_pub:/opt/ros/humble /usr/bin/cmake /home/sergio/ros2_ws/src/p1_ej3_interface -DCMAKE_INSTALL_PREFIX=/home/sergio/ros2_ws/install/p1_ej3_interface
[3.662s] -- The C compiler identification is GNU 11.4.0
[3.779s] -- The CXX compiler identification is GNU 11.4.0
[3.809s] -- Detecting C compiler ABI info
[4.028s] -- Detecting C compiler ABI info - done
[4.056s] -- Check for working C compiler: /usr/bin/cc - skipped
[4.058s] -- Detecting C compile features
[4.058s] -- Detecting C compile features - done
[4.078s] -- Detecting CXX compiler ABI info
[4.362s] -- Detecting CXX compiler ABI info - done
[4.402s] -- Check for working CXX compiler: /usr/bin/c++ - skipped
[4.409s] -- Detecting CXX compile features
[4.409s] -- Detecting CXX compile features - done
[4.441s] -- Found ament_cmake: 1.3.11 (/opt/ros/humble/share/ament_cmake/cmake)
[5.068s] -- Found Python3: /usr/bin/python3 (found version "3.10.12") found components: Interpreter 
[5.547s] -- Found rosidl_default_generators: 1.2.0 (/opt/ros/humble/share/rosidl_default_generators/cmake)
[5.570s] -- Using all available rosidl_typesupport_c: rosidl_typesupport_fastrtps_c;rosidl_typesupport_introspection_c
[5.641s] -- Found rosidl_adapter: 3.1.6 (/opt/ros/humble/share/rosidl_adapter/cmake)
[5.789s] -- Using all available rosidl_typesupport_cpp: rosidl_typesupport_fastrtps_cpp;rosidl_typesupport_introspection_cpp
[7.387s] -- Found ament_cmake_ros: 0.10.0 (/opt/ros/humble/share/ament_cmake_ros/cmake)
[8.685s] -- Using all available rosidl_typesupport_c: rosidl_typesupport_fastrtps_c;rosidl_typesupport_introspection_c
[9.786s] -- Using all available rosidl_typesupport_cpp: rosidl_typesupport_fastrtps_cpp;rosidl_typesupport_introspection_cpp
[9.880s] -- Found PythonInterp: /usr/bin/python3 (found suitable version "3.10.12", minimum required is "3.6") 
[9.893s] -- Found python_cmake_module: 0.10.0 (/opt/ros/humble/share/python_cmake_module/cmake)
[10.119s] -- Found PythonLibs: /usr/lib/x86_64-linux-gnu/libpython3.10.so (found suitable version "3.10.12", minimum required is "3.5") 
[10.119s] -- Using PYTHON_EXECUTABLE: /usr/bin/python3
[10.119s] -- Using PYTHON_INCLUDE_DIRS: /usr/include/python3.10
[10.120s] -- Using PYTHON_LIBRARIES: /usr/lib/x86_64-linux-gnu/libpython3.10.so
[10.222s] -- Found PythonExtra: .so  
[10.386s] -- Found ament_lint_auto: 0.12.12 (/opt/ros/humble/share/ament_lint_auto/cmake)
[10.528s] -- Added test 'lint_cmake' to check CMake code style
[10.538s] -- Added test 'xmllint' to check XML markup files
[10.549s] -- Configuring done
[10.677s] -- Generating done
[10.712s] -- Build files have been written to: /home/sergio/ros2_ws/build/p1_ej3_interface
[10.728s] Invoked command in '/home/sergio/ros2_ws/build/p1_ej3_interface' returned '0': CMAKE_PREFIX_PATH=${CMAKE_PREFIX_PATH}:/home/sergio/ros2_ws/install/turtlebot3_teleop:/home/sergio/ros2_ws/install/turtlebot3_example:/home/sergio/ros2_ws/install/trr_robot_ps:/home/sergio/ros2_ws/install/robot_nav:/home/sergio/ros2_ws/install/robot_autonomo:/home/sergio/ros2_ws/install/p1_ej3_servidor:/home/sergio/ros2_ws/install/p1_ej3_cliente:/home/sergio/ros2_ws/install/p1_ej2_nodos_sensor:/home/sergio/ros2_ws/install/p1_ej2_nodo5:/home/sergio/ros2_ws/install/p1_ej2_nodo4:/home/sergio/ros2_ws/install/nodo_adc_sub:/home/sergio/ros2_ws/install/my_stage_mover:/home/sergio/ros2_ws/install/my_package:/home/sergio/ros2_ws/install/mma_talker:/home/sergio/ros2_ws/install/mma_service:/home/sergio/ros2_ws/install/mma_listener:/home/sergio/ros2_ws/install/ejercicio_tres_server:/home/sergio/ros2_ws/install/ejercicio_tres_client:/home/sergio/ros2_ws/install/ejercicio_dos:/home/sergio/ros2_ws/install/ejemplo_uno:/home/sergio/ros2_ws/install/auto_mover:/home/sergio/ros2_ws/install/P1_ej1_sub:/home/sergio/ros2_ws/install/P1_ej1_pub:/opt/ros/humble /usr/bin/cmake /home/sergio/ros2_ws/src/p1_ej3_interface -DCMAKE_INSTALL_PREFIX=/home/sergio/ros2_ws/install/p1_ej3_interface
[10.740s] Invoking command in '/home/sergio/ros2_ws/build/p1_ej3_interface': CMAKE_PREFIX_PATH=${CMAKE_PREFIX_PATH}:/home/sergio/ros2_ws/install/turtlebot3_teleop:/home/sergio/ros2_ws/install/turtlebot3_example:/home/sergio/ros2_ws/install/trr_robot_ps:/home/sergio/ros2_ws/install/robot_nav:/home/sergio/ros2_ws/install/robot_autonomo:/home/sergio/ros2_ws/install/p1_ej3_servidor:/home/sergio/ros2_ws/install/p1_ej3_cliente:/home/sergio/ros2_ws/install/p1_ej2_nodos_sensor:/home/sergio/ros2_ws/install/p1_ej2_nodo5:/home/sergio/ros2_ws/install/p1_ej2_nodo4:/home/sergio/ros2_ws/install/nodo_adc_sub:/home/sergio/ros2_ws/install/my_stage_mover:/home/sergio/ros2_ws/install/my_package:/home/sergio/ros2_ws/install/mma_talker:/home/sergio/ros2_ws/install/mma_service:/home/sergio/ros2_ws/install/mma_listener:/home/sergio/ros2_ws/install/ejercicio_tres_server:/home/sergio/ros2_ws/install/ejercicio_tres_client:/home/sergio/ros2_ws/install/ejercicio_dos:/home/sergio/ros2_ws/install/ejemplo_uno:/home/sergio/ros2_ws/install/auto_mover:/home/sergio/ros2_ws/install/P1_ej1_sub:/home/sergio/ros2_ws/install/P1_ej1_pub:/opt/ros/humble /usr/bin/cmake --build /home/sergio/ros2_ws/build/p1_ej3_interface -- -j16 -l16
[10.918s] [  3%] [34m[1mGenerating C code for ROS interfaces[0m
[10.974s] [  6%] [34m[1mGenerating C++ code for ROS interfaces[0m
[10.974s] [  6%] Built target ament_cmake_python_copy_p1_ej3_interface
[11.763s] running egg_info
[11.763s] creating p1_ej3_interface.egg-info
[11.763s] writing p1_ej3_interface.egg-info/PKG-INFO
[11.763s] writing dependency_links to p1_ej3_interface.egg-info/dependency_links.txt
[11.764s] writing top-level names to p1_ej3_interface.egg-info/top_level.txt
[11.764s] writing manifest file 'p1_ej3_interface.egg-info/SOURCES.txt'
[11.767s] reading manifest file 'p1_ej3_interface.egg-info/SOURCES.txt'
[11.769s] writing manifest file 'p1_ej3_interface.egg-info/SOURCES.txt'
[11.838s] [  6%] Built target ament_cmake_python_build_p1_ej3_interface_egg
[11.980s] [  6%] Built target p1_ej3_interface__cpp
[12.014s] [  9%] [34m[1mGenerating C++ introspection for ROS interfaces[0m
[12.026s] [ 12%] [34m[1mGenerating C++ type support dispatch for ROS interfaces[0m
[12.032s] [ 16%] [34m[1mGenerating C++ type support for eProsima Fast-RTPS[0m
[12.099s] [ 19%] [32mBuilding C object CMakeFiles/p1_ej3_interface__rosidl_generator_c.dir/rosidl_generator_c/p1_ej3_interface/srv/detail/angulos__functions.c.o[0m
[12.231s] [ 22%] [32m[1mLinking C shared library libp1_ej3_interface__rosidl_generator_c.so[0m
[12.366s] [ 22%] Built target p1_ej3_interface__rosidl_generator_c
[12.384s] [ 25%] [34m[1mGenerating C type support dispatch for ROS interfaces[0m
[12.387s] [ 29%] [34m[1mGenerating C introspection for ROS interfaces[0m
[12.387s] [ 32%] [34m[1mGenerating C type support for eProsima Fast-RTPS[0m
[13.038s] [ 35%] [32mBuilding CXX object CMakeFiles/p1_ej3_interface__rosidl_typesupport_cpp.dir/rosidl_typesupport_cpp/p1_ej3_interface/srv/angulos__type_support.cpp.o[0m
[13.072s] [ 38%] [32mBuilding CXX object CMakeFiles/p1_ej3_interface__rosidl_typesupport_fastrtps_cpp.dir/rosidl_typesupport_fastrtps_cpp/p1_ej3_interface/srv/detail/dds_fastrtps/angulos__type_support.cpp.o[0m
[13.091s] [ 41%] [32mBuilding CXX object CMakeFiles/p1_ej3_interface__rosidl_typesupport_introspection_cpp.dir/rosidl_typesupport_introspection_cpp/p1_ej3_interface/srv/detail/angulos__type_support.cpp.o[0m
[13.249s] [ 45%] [32mBuilding CXX object CMakeFiles/p1_ej3_interface__rosidl_typesupport_c.dir/rosidl_typesupport_c/p1_ej3_interface/srv/angulos__type_support.cpp.o[0m
[13.369s] [ 48%] [32m[1mLinking CXX shared library libp1_ej3_interface__rosidl_typesupport_c.so[0m
[13.370s] [ 51%] [32mBuilding C object CMakeFiles/p1_ej3_interface__rosidl_typesupport_introspection_c.dir/rosidl_typesupport_introspection_c/p1_ej3_interface/srv/detail/angulos__type_support.c.o[0m
[13.443s] [ 54%] [32mBuilding CXX object CMakeFiles/p1_ej3_interface__rosidl_typesupport_fastrtps_c.dir/rosidl_typesupport_fastrtps_c/p1_ej3_interface/srv/detail/angulos__type_support_c.cpp.o[0m
[13.510s] [ 58%] [32m[1mLinking C shared library libp1_ej3_interface__rosidl_typesupport_introspection_c.so[0m
[13.512s] [ 58%] Built target p1_ej3_interface__rosidl_typesupport_c
[13.516s] [ 61%] [32m[1mLinking CXX shared library libp1_ej3_interface__rosidl_typesupport_cpp.so[0m
[13.619s] [ 61%] Built target p1_ej3_interface__rosidl_typesupport_introspection_c
[13.652s] [ 61%] Built target p1_ej3_interface__rosidl_typesupport_cpp
[14.139s] [ 64%] [32m[1mLinking CXX shared library libp1_ej3_interface__rosidl_typesupport_fastrtps_cpp.so[0m
[14.253s] [ 67%] [32m[1mLinking CXX shared library libp1_ej3_interface__rosidl_typesupport_introspection_cpp.so[0m
[14.363s] [ 67%] Built target p1_ej3_interface__rosidl_typesupport_fastrtps_cpp
[14.418s] [ 70%] [32m[1mLinking CXX shared library libp1_ej3_interface__rosidl_typesupport_fastrtps_c.so[0m
[14.423s] [ 70%] Built target p1_ej3_interface__rosidl_typesupport_introspection_cpp
[14.594s] [ 70%] Built target p1_ej3_interface__rosidl_typesupport_fastrtps_c
[14.654s] [ 70%] Built target p1_ej3_interface
[14.688s] [ 74%] [34m[1mGenerating Python code for ROS interfaces[0m
[15.141s] [ 74%] Built target p1_ej3_interface__py
[15.162s] [ 77%] [32mBuilding C object CMakeFiles/p1_ej3_interface__rosidl_generator_py.dir/rosidl_generator_py/p1_ej3_interface/srv/_angulos_s.c.o[0m
[15.290s] [ 80%] [32m[1mLinking C shared library rosidl_generator_py/p1_ej3_interface/libp1_ej3_interface__rosidl_generator_py.so[0m
[15.330s] [ 80%] Built target p1_ej3_interface__rosidl_generator_py
[15.356s] [ 83%] [32mBuilding C object CMakeFiles/p1_ej3_interface__rosidl_typesupport_c__pyext.dir/rosidl_generator_py/p1_ej3_interface/_p1_ej3_interface_s.ep.rosidl_typesupport_c.c.o[0m
[15.356s] [ 87%] [32mBuilding C object CMakeFiles/p1_ej3_interface__rosidl_typesupport_fastrtps_c__pyext.dir/rosidl_generator_py/p1_ej3_interface/_p1_ej3_interface_s.ep.rosidl_typesupport_fastrtps_c.c.o[0m
[15.358s] [ 90%] [32mBuilding C object CMakeFiles/p1_ej3_interface__rosidl_typesupport_introspection_c__pyext.dir/rosidl_generator_py/p1_ej3_interface/_p1_ej3_interface_s.ep.rosidl_typesupport_introspection_c.c.o[0m
[15.454s] [ 93%] [32m[1mLinking C shared library rosidl_generator_py/p1_ej3_interface/p1_ej3_interface_s__rosidl_typesupport_fastrtps_c.cpython-310-x86_64-linux-gnu.so[0m
[15.457s] [ 96%] [32m[1mLinking C shared library rosidl_generator_py/p1_ej3_interface/p1_ej3_interface_s__rosidl_typesupport_c.cpython-310-x86_64-linux-gnu.so[0m
[15.494s] [ 96%] Built target p1_ej3_interface__rosidl_typesupport_c__pyext
[15.495s] [ 96%] Built target p1_ej3_interface__rosidl_typesupport_fastrtps_c__pyext
[15.511s] [100%] [32m[1mLinking C shared library rosidl_generator_py/p1_ej3_interface/p1_ej3_interface_s__rosidl_typesupport_introspection_c.cpython-310-x86_64-linux-gnu.so[0m
[15.545s] [100%] Built target p1_ej3_interface__rosidl_typesupport_introspection_c__pyext
[15.557s] Invoked command in '/home/sergio/ros2_ws/build/p1_ej3_interface' returned '0': CMAKE_PREFIX_PATH=${CMAKE_PREFIX_PATH}:/home/sergio/ros2_ws/install/turtlebot3_teleop:/home/sergio/ros2_ws/install/turtlebot3_example:/home/sergio/ros2_ws/install/trr_robot_ps:/home/sergio/ros2_ws/install/robot_nav:/home/sergio/ros2_ws/install/robot_autonomo:/home/sergio/ros2_ws/install/p1_ej3_servidor:/home/sergio/ros2_ws/install/p1_ej3_cliente:/home/sergio/ros2_ws/install/p1_ej2_nodos_sensor:/home/sergio/ros2_ws/install/p1_ej2_nodo5:/home/sergio/ros2_ws/install/p1_ej2_nodo4:/home/sergio/ros2_ws/install/nodo_adc_sub:/home/sergio/ros2_ws/install/my_stage_mover:/home/sergio/ros2_ws/install/my_package:/home/sergio/ros2_ws/install/mma_talker:/home/sergio/ros2_ws/install/mma_service:/home/sergio/ros2_ws/install/mma_listener:/home/sergio/ros2_ws/install/ejercicio_tres_server:/home/sergio/ros2_ws/install/ejercicio_tres_client:/home/sergio/ros2_ws/install/ejercicio_dos:/home/sergio/ros2_ws/install/ejemplo_uno:/home/sergio/ros2_ws/install/auto_mover:/home/sergio/ros2_ws/install/P1_ej1_sub:/home/sergio/ros2_ws/install/P1_ej1_pub:/opt/ros/humble /usr/bin/cmake --build /home/sergio/ros2_ws/build/p1_ej3_interface -- -j16 -l16
[15.560s] Invoking command in '/home/sergio/ros2_ws/build/p1_ej3_interface': CMAKE_PREFIX_PATH=${CMAKE_PREFIX_PATH}:/home/sergio/ros2_ws/install/turtlebot3_teleop:/home/sergio/ros2_ws/install/turtlebot3_example:/home/sergio/ros2_ws/install/trr_robot_ps:/home/sergio/ros2_ws/install/robot_nav:/home/sergio/ros2_ws/install/robot_autonomo:/home/sergio/ros2_ws/install/p1_ej3_servidor:/home/sergio/ros2_ws/install/p1_ej3_cliente:/home/sergio/ros2_ws/install/p1_ej2_nodos_sensor:/home/sergio/ros2_ws/install/p1_ej2_nodo5:/home/sergio/ros2_ws/install/p1_ej2_nodo4:/home/sergio/ros2_ws/install/nodo_adc_sub:/home/sergio/ros2_ws/install/my_stage_mover:/home/sergio/ros2_ws/install/my_package:/home/sergio/ros2_ws/install/mma_talker:/home/sergio/ros2_ws/install/mma_service:/home/sergio/ros2_ws/install/mma_listener:/home/sergio/ros2_ws/install/ejercicio_tres_server:/home/sergio/ros2_ws/install/ejercicio_tres_client:/home/sergio/ros2_ws/install/ejercicio_dos:/home/sergio/ros2_ws/install/ejemplo_uno:/home/sergio/ros2_ws/install/auto_mover:/home/sergio/ros2_ws/install/P1_ej1_sub:/home/sergio/ros2_ws/install/P1_ej1_pub:/opt/ros/humble /usr/bin/cmake --install /home/sergio/ros2_ws/build/p1_ej3_interface
[15.569s] -- Install configuration: ""
[15.569s] -- Installing: /home/sergio/ros2_ws/install/p1_ej3_interface/share/ament_index/resource_index/rosidl_interfaces/p1_ej3_interface
[15.569s] -- Up-to-date: /home/sergio/ros2_ws/install/p1_ej3_interface/include/p1_ej3_interface/p1_ej3_interface
[15.570s] -- Up-to-date: /home/sergio/ros2_ws/install/p1_ej3_interface/include/p1_ej3_interface/p1_ej3_interface/msg
[15.570s] -- Installing: /home/sergio/ros2_ws/install/p1_ej3_interface/include/p1_ej3_interface/p1_ej3_interface/msg/rosidl_generator_c__visibility_control.h
[15.570s] -- Up-to-date: /home/sergio/ros2_ws/install/p1_ej3_interface/include/p1_ej3_interface/p1_ej3_interface/srv
[15.570s] -- Installing: /home/sergio/ros2_ws/install/p1_ej3_interface/include/p1_ej3_interface/p1_ej3_interface/srv/angulos.h
[15.570s] -- Up-to-date: /home/sergio/ros2_ws/install/p1_ej3_interface/include/p1_ej3_interface/p1_ej3_interface/srv/detail
[15.571s] -- Installing: /home/sergio/ros2_ws/install/p1_ej3_interface/include/p1_ej3_interface/p1_ej3_interface/srv/detail/angulos__struct.h
[15.571s] -- Installing: /home/sergio/ros2_ws/install/p1_ej3_interface/include/p1_ej3_interface/p1_ej3_interface/srv/detail/angulos__functions.h
[15.571s] -- Installing: /home/sergio/ros2_ws/install/p1_ej3_interface/include/p1_ej3_interface/p1_ej3_interface/srv/detail/angulos__type_support.h
[15.571s] -- Installing: /home/sergio/ros2_ws/install/p1_ej3_interface/include/p1_ej3_interface/p1_ej3_interface/srv/detail/angulos__functions.c
[15.571s] -- Up-to-date: /home/sergio/ros2_ws/install/p1_ej3_interface/share/p1_ej3_interface/environment/library_path.sh
[15.571s] -- Installing: /home/sergio/ros2_ws/install/p1_ej3_interface/share/p1_ej3_interface/environment/library_path.dsv
[15.571s] -- Installing: /home/sergio/ros2_ws/install/p1_ej3_interface/lib/libp1_ej3_interface__rosidl_generator_c.so
[15.572s] -- Set runtime path of "/home/sergio/ros2_ws/install/p1_ej3_interface/lib/libp1_ej3_interface__rosidl_generator_c.so" to ""
[15.572s] -- Up-to-date: /home/sergio/ros2_ws/install/p1_ej3_interface/include/p1_ej3_interface/p1_ej3_interface
[15.572s] -- Up-to-date: /home/sergio/ros2_ws/install/p1_ej3_interface/include/p1_ej3_interface/p1_ej3_interface/msg
[15.572s] -- Installing: /home/sergio/ros2_ws/install/p1_ej3_interface/include/p1_ej3_interface/p1_ej3_interface/msg/rosidl_typesupport_fastrtps_c__visibility_control.h
[15.572s] -- Up-to-date: /home/sergio/ros2_ws/install/p1_ej3_interface/include/p1_ej3_interface/p1_ej3_interface/srv
[15.572s] -- Up-to-date: /home/sergio/ros2_ws/install/p1_ej3_interface/include/p1_ej3_interface/p1_ej3_interface/srv/detail
[15.572s] -- Installing: /home/sergio/ros2_ws/install/p1_ej3_interface/include/p1_ej3_interface/p1_ej3_interface/srv/detail/angulos__rosidl_typesupport_fastrtps_c.h
[15.572s] -- Installing: /home/sergio/ros2_ws/install/p1_ej3_interface/lib/libp1_ej3_interface__rosidl_typesupport_fastrtps_c.so
[15.573s] -- Set runtime path of "/home/sergio/ros2_ws/install/p1_ej3_interface/lib/libp1_ej3_interface__rosidl_typesupport_fastrtps_c.so" to ""
[15.573s] -- Up-to-date: /home/sergio/ros2_ws/install/p1_ej3_interface/include/p1_ej3_interface/p1_ej3_interface
[15.573s] -- Up-to-date: /home/sergio/ros2_ws/install/p1_ej3_interface/include/p1_ej3_interface/p1_ej3_interface/msg
[15.573s] -- Installing: /home/sergio/ros2_ws/install/p1_ej3_interface/include/p1_ej3_interface/p1_ej3_interface/msg/rosidl_typesupport_introspection_c__visibility_control.h
[15.573s] -- Up-to-date: /home/sergio/ros2_ws/install/p1_ej3_interface/include/p1_ej3_interface/p1_ej3_interface/srv
[15.574s] -- Up-to-date: /home/sergio/ros2_ws/install/p1_ej3_interface/include/p1_ej3_interface/p1_ej3_interface/srv/detail
[15.574s] -- Installing: /home/sergio/ros2_ws/install/p1_ej3_interface/include/p1_ej3_interface/p1_ej3_interface/srv/detail/angulos__type_support.c
[15.574s] -- Installing: /home/sergio/ros2_ws/install/p1_ej3_interface/include/p1_ej3_interface/p1_ej3_interface/srv/detail/angulos__rosidl_typesupport_introspection_c.h
[15.574s] -- Installing: /home/sergio/ros2_ws/install/p1_ej3_interface/lib/libp1_ej3_interface__rosidl_typesupport_introspection_c.so
[15.574s] -- Set runtime path of "/home/sergio/ros2_ws/install/p1_ej3_interface/lib/libp1_ej3_interface__rosidl_typesupport_introspection_c.so" to ""
[15.574s] -- Installing: /home/sergio/ros2_ws/install/p1_ej3_interface/lib/libp1_ej3_interface__rosidl_typesupport_c.so
[15.575s] -- Set runtime path of "/home/sergio/ros2_ws/install/p1_ej3_interface/lib/libp1_ej3_interface__rosidl_typesupport_c.so" to ""
[15.575s] -- Up-to-date: /home/sergio/ros2_ws/install/p1_ej3_interface/include/p1_ej3_interface/p1_ej3_interface
[15.575s] -- Up-to-date: /home/sergio/ros2_ws/install/p1_ej3_interface/include/p1_ej3_interface/p1_ej3_interface/msg
[15.575s] -- Installing: /home/sergio/ros2_ws/install/p1_ej3_interface/include/p1_ej3_interface/p1_ej3_interface/msg/rosidl_generator_cpp__visibility_control.hpp
[15.575s] -- Up-to-date: /home/sergio/ros2_ws/install/p1_ej3_interface/include/p1_ej3_interface/p1_ej3_interface/srv
[15.575s] -- Installing: /home/sergio/ros2_ws/install/p1_ej3_interface/include/p1_ej3_interface/p1_ej3_interface/srv/angulos.hpp
[15.575s] -- Up-to-date: /home/sergio/ros2_ws/install/p1_ej3_interface/include/p1_ej3_interface/p1_ej3_interface/srv/detail
[15.576s] -- Installing: /home/sergio/ros2_ws/install/p1_ej3_interface/include/p1_ej3_interface/p1_ej3_interface/srv/detail/angulos__traits.hpp
[15.576s] -- Installing: /home/sergio/ros2_ws/install/p1_ej3_interface/include/p1_ej3_interface/p1_ej3_interface/srv/detail/angulos__struct.hpp
[15.576s] -- Installing: /home/sergio/ros2_ws/install/p1_ej3_interface/include/p1_ej3_interface/p1_ej3_interface/srv/detail/angulos__type_support.hpp
[15.576s] -- Installing: /home/sergio/ros2_ws/install/p1_ej3_interface/include/p1_ej3_interface/p1_ej3_interface/srv/detail/angulos__builder.hpp
[15.576s] -- Up-to-date: /home/sergio/ros2_ws/install/p1_ej3_interface/include/p1_ej3_interface/p1_ej3_interface
[15.576s] -- Up-to-date: /home/sergio/ros2_ws/install/p1_ej3_interface/include/p1_ej3_interface/p1_ej3_interface/msg
[15.576s] -- Installing: /home/sergio/ros2_ws/install/p1_ej3_interface/include/p1_ej3_interface/p1_ej3_interface/msg/rosidl_typesupport_fastrtps_cpp__visibility_control.h
[15.576s] -- Up-to-date: /home/sergio/ros2_ws/install/p1_ej3_interface/include/p1_ej3_interface/p1_ej3_interface/srv
[15.577s] -- Up-to-date: /home/sergio/ros2_ws/install/p1_ej3_interface/include/p1_ej3_interface/p1_ej3_interface/srv/detail
[15.577s] -- Up-to-date: /home/sergio/ros2_ws/install/p1_ej3_interface/include/p1_ej3_interface/p1_ej3_interface/srv/detail/dds_fastrtps
[15.577s] -- Installing: /home/sergio/ros2_ws/install/p1_ej3_interface/include/p1_ej3_interface/p1_ej3_interface/srv/detail/angulos__rosidl_typesupport_fastrtps_cpp.hpp
[15.577s] -- Installing: /home/sergio/ros2_ws/install/p1_ej3_interface/lib/libp1_ej3_interface__rosidl_typesupport_fastrtps_cpp.so
[15.577s] -- Set runtime path of "/home/sergio/ros2_ws/install/p1_ej3_interface/lib/libp1_ej3_interface__rosidl_typesupport_fastrtps_cpp.so" to ""
[15.577s] -- Up-to-date: /home/sergio/ros2_ws/install/p1_ej3_interface/include/p1_ej3_interface/p1_ej3_interface
[15.577s] -- Up-to-date: /home/sergio/ros2_ws/install/p1_ej3_interface/include/p1_ej3_interface/p1_ej3_interface/srv
[15.577s] -- Up-to-date: /home/sergio/ros2_ws/install/p1_ej3_interface/include/p1_ej3_interface/p1_ej3_interface/srv/detail
[15.577s] -- Installing: /home/sergio/ros2_ws/install/p1_ej3_interface/include/p1_ej3_interface/p1_ej3_interface/srv/detail/angulos__type_support.cpp
[15.577s] -- Installing: /home/sergio/ros2_ws/install/p1_ej3_interface/include/p1_ej3_interface/p1_ej3_interface/srv/detail/angulos__rosidl_typesupport_introspection_cpp.hpp
[15.578s] -- Installing: /home/sergio/ros2_ws/install/p1_ej3_interface/lib/libp1_ej3_interface__rosidl_typesupport_introspection_cpp.so
[15.578s] -- Set runtime path of "/home/sergio/ros2_ws/install/p1_ej3_interface/lib/libp1_ej3_interface__rosidl_typesupport_introspection_cpp.so" to ""
[15.578s] -- Installing: /home/sergio/ros2_ws/install/p1_ej3_interface/lib/libp1_ej3_interface__rosidl_typesupport_cpp.so
[15.578s] -- Set runtime path of "/home/sergio/ros2_ws/install/p1_ej3_interface/lib/libp1_ej3_interface__rosidl_typesupport_cpp.so" to ""
[15.578s] -- Installing: /home/sergio/ros2_ws/install/p1_ej3_interface/share/p1_ej3_interface/environment/pythonpath.sh
[15.578s] -- Installing: /home/sergio/ros2_ws/install/p1_ej3_interface/share/p1_ej3_interface/environment/pythonpath.dsv
[15.579s] -- Up-to-date: /home/sergio/ros2_ws/install/p1_ej3_interface/local/lib/python3.10/dist-packages/p1_ej3_interface-0.0.0-py3.10.egg-info
[15.579s] -- Installing: /home/sergio/ros2_ws/install/p1_ej3_interface/local/lib/python3.10/dist-packages/p1_ej3_interface-0.0.0-py3.10.egg-info/PKG-INFO
[15.579s] -- Installing: /home/sergio/ros2_ws/install/p1_ej3_interface/local/lib/python3.10/dist-packages/p1_ej3_interface-0.0.0-py3.10.egg-info/SOURCES.txt
[15.579s] -- Installing: /home/sergio/ros2_ws/install/p1_ej3_interface/local/lib/python3.10/dist-packages/p1_ej3_interface-0.0.0-py3.10.egg-info/top_level.txt
[15.579s] -- Installing: /home/sergio/ros2_ws/install/p1_ej3_interface/local/lib/python3.10/dist-packages/p1_ej3_interface-0.0.0-py3.10.egg-info/dependency_links.txt
[15.579s] -- Up-to-date: /home/sergio/ros2_ws/install/p1_ej3_interface/local/lib/python3.10/dist-packages/p1_ej3_interface
[15.579s] -- Installing: /home/sergio/ros2_ws/install/p1_ej3_interface/local/lib/python3.10/dist-packages/p1_ej3_interface/libp1_ej3_interface__rosidl_generator_py.so
[15.579s] -- Installing: /home/sergio/ros2_ws/install/p1_ej3_interface/local/lib/python3.10/dist-packages/p1_ej3_interface/__init__.py
[15.580s] -- Installing: /home/sergio/ros2_ws/install/p1_ej3_interface/local/lib/python3.10/dist-packages/p1_ej3_interface/p1_ej3_interface_s__rosidl_typesupport_fastrtps_c.cpython-310-x86_64-linux-gnu.so
[15.580s] -- Installing: /home/sergio/ros2_ws/install/p1_ej3_interface/local/lib/python3.10/dist-packages/p1_ej3_interface/_p1_ej3_interface_s.ep.rosidl_typesupport_introspection_c.c
[15.580s] -- Up-to-date: /home/sergio/ros2_ws/install/p1_ej3_interface/local/lib/python3.10/dist-packages/p1_ej3_interface/srv
[15.580s] -- Installing: /home/sergio/ros2_ws/install/p1_ej3_interface/local/lib/python3.10/dist-packages/p1_ej3_interface/srv/__init__.py
[15.580s] -- Installing: /home/sergio/ros2_ws/install/p1_ej3_interface/local/lib/python3.10/dist-packages/p1_ej3_interface/srv/_angulos.py
[15.580s] -- Installing: /home/sergio/ros2_ws/install/p1_ej3_interface/local/lib/python3.10/dist-packages/p1_ej3_interface/srv/_angulos_s.c
[15.580s] -- Installing: /home/sergio/ros2_ws/install/p1_ej3_interface/local/lib/python3.10/dist-packages/p1_ej3_interface/_p1_ej3_interface_s.ep.rosidl_typesupport_fastrtps_c.c
[15.580s] -- Installing: /home/sergio/ros2_ws/install/p1_ej3_interface/local/lib/python3.10/dist-packages/p1_ej3_interface/_p1_ej3_interface_s.ep.rosidl_typesupport_c.c
[15.580s] -- Installing: /home/sergio/ros2_ws/install/p1_ej3_interface/local/lib/python3.10/dist-packages/p1_ej3_interface/p1_ej3_interface_s__rosidl_typesupport_c.cpython-310-x86_64-linux-gnu.so
[15.580s] -- Installing: /home/sergio/ros2_ws/install/p1_ej3_interface/local/lib/python3.10/dist-packages/p1_ej3_interface/p1_ej3_interface_s__rosidl_typesupport_introspection_c.cpython-310-x86_64-linux-gnu.so
[15.637s] Listing '/home/sergio/ros2_ws/install/p1_ej3_interface/local/lib/python3.10/dist-packages/p1_ej3_interface'...
[15.637s] Compiling '/home/sergio/ros2_ws/install/p1_ej3_interface/local/lib/python3.10/dist-packages/p1_ej3_interface/__init__.py'...
[15.637s] Listing '/home/sergio/ros2_ws/install/p1_ej3_interface/local/lib/python3.10/dist-packages/p1_ej3_interface/srv'...
[15.637s] Compiling '/home/sergio/ros2_ws/install/p1_ej3_interface/local/lib/python3.10/dist-packages/p1_ej3_interface/srv/__init__.py'...
[15.637s] Compiling '/home/sergio/ros2_ws/install/p1_ej3_interface/local/lib/python3.10/dist-packages/p1_ej3_interface/srv/_angulos.py'...
[15.643s] -- Installing: /home/sergio/ros2_ws/install/p1_ej3_interface/local/lib/python3.10/dist-packages/p1_ej3_interface/p1_ej3_interface_s__rosidl_typesupport_fastrtps_c.cpython-310-x86_64-linux-gnu.so
[15.643s] -- Set runtime path of "/home/sergio/ros2_ws/install/p1_ej3_interface/local/lib/python3.10/dist-packages/p1_ej3_interface/p1_ej3_interface_s__rosidl_typesupport_fastrtps_c.cpython-310-x86_64-linux-gnu.so" to ""
[15.643s] -- Installing: /home/sergio/ros2_ws/install/p1_ej3_interface/local/lib/python3.10/dist-packages/p1_ej3_interface/p1_ej3_interface_s__rosidl_typesupport_introspection_c.cpython-310-x86_64-linux-gnu.so
[15.643s] -- Set runtime path of "/home/sergio/ros2_ws/install/p1_ej3_interface/local/lib/python3.10/dist-packages/p1_ej3_interface/p1_ej3_interface_s__rosidl_typesupport_introspection_c.cpython-310-x86_64-linux-gnu.so" to ""
[15.643s] -- Installing: /home/sergio/ros2_ws/install/p1_ej3_interface/local/lib/python3.10/dist-packages/p1_ej3_interface/p1_ej3_interface_s__rosidl_typesupport_c.cpython-310-x86_64-linux-gnu.so
[15.643s] -- Set runtime path of "/home/sergio/ros2_ws/install/p1_ej3_interface/local/lib/python3.10/dist-packages/p1_ej3_interface/p1_ej3_interface_s__rosidl_typesupport_c.cpython-310-x86_64-linux-gnu.so" to ""
[15.644s] -- Installing: /home/sergio/ros2_ws/install/p1_ej3_interface/lib/libp1_ej3_interface__rosidl_generator_py.so
[15.644s] -- Set runtime path of "/home/sergio/ros2_ws/install/p1_ej3_interface/lib/libp1_ej3_interface__rosidl_generator_py.so" to ""
[15.644s] -- Installing: /home/sergio/ros2_ws/install/p1_ej3_interface/share/p1_ej3_interface/srv/Angulos.idl
[15.644s] -- Up-to-date: /home/sergio/ros2_ws/install/p1_ej3_interface/share/p1_ej3_interface/srv/Angulos.srv
[15.644s] -- Installing: /home/sergio/ros2_ws/install/p1_ej3_interface/share/p1_ej3_interface/srv/Angulos_Request.msg
[15.644s] -- Installing: /home/sergio/ros2_ws/install/p1_ej3_interface/share/p1_ej3_interface/srv/Angulos_Response.msg
[15.644s] -- Installing: /home/sergio/ros2_ws/install/p1_ej3_interface/share/ament_index/resource_index/package_run_dependencies/p1_ej3_interface
[15.644s] -- Installing: /home/sergio/ros2_ws/install/p1_ej3_interface/share/ament_index/resource_index/parent_prefix_path/p1_ej3_interface
[15.645s] -- Up-to-date: /home/sergio/ros2_ws/install/p1_ej3_interface/share/p1_ej3_interface/environment/ament_prefix_path.sh
[15.645s] -- Installing: /home/sergio/ros2_ws/install/p1_ej3_interface/share/p1_ej3_interface/environment/ament_prefix_path.dsv
[15.645s] -- Up-to-date: /home/sergio/ros2_ws/install/p1_ej3_interface/share/p1_ej3_interface/environment/path.sh
[15.645s] -- Installing: /home/sergio/ros2_ws/install/p1_ej3_interface/share/p1_ej3_interface/environment/path.dsv
[15.645s] -- Installing: /home/sergio/ros2_ws/install/p1_ej3_interface/share/p1_ej3_interface/local_setup.bash
[15.645s] -- Installing: /home/sergio/ros2_ws/install/p1_ej3_interface/share/p1_ej3_interface/local_setup.sh
[15.646s] -- Installing: /home/sergio/ros2_ws/install/p1_ej3_interface/share/p1_ej3_interface/local_setup.zsh
[15.646s] -- Installing: /home/sergio/ros2_ws/install/p1_ej3_interface/share/p1_ej3_interface/local_setup.dsv
[15.646s] -- Installing: /home/sergio/ros2_ws/install/p1_ej3_interface/share/p1_ej3_interface/package.dsv
[15.646s] -- Installing: /home/sergio/ros2_ws/install/p1_ej3_interface/share/ament_index/resource_index/packages/p1_ej3_interface
[15.646s] -- Installing: /home/sergio/ros2_ws/install/p1_ej3_interface/share/p1_ej3_interface/cmake/export_p1_ej3_interface__rosidl_generator_cExport.cmake
[15.646s] -- Installing: /home/sergio/ros2_ws/install/p1_ej3_interface/share/p1_ej3_interface/cmake/export_p1_ej3_interface__rosidl_generator_cExport-noconfig.cmake
[15.646s] -- Installing: /home/sergio/ros2_ws/install/p1_ej3_interface/share/p1_ej3_interface/cmake/export_p1_ej3_interface__rosidl_typesupport_fastrtps_cExport.cmake
[15.647s] -- Installing: /home/sergio/ros2_ws/install/p1_ej3_interface/share/p1_ej3_interface/cmake/export_p1_ej3_interface__rosidl_typesupport_fastrtps_cExport-noconfig.cmake
[15.647s] -- Installing: /home/sergio/ros2_ws/install/p1_ej3_interface/share/p1_ej3_interface/cmake/p1_ej3_interface__rosidl_typesupport_introspection_cExport.cmake
[15.647s] -- Installing: /home/sergio/ros2_ws/install/p1_ej3_interface/share/p1_ej3_interface/cmake/p1_ej3_interface__rosidl_typesupport_introspection_cExport-noconfig.cmake
[15.647s] -- Installing: /home/sergio/ros2_ws/install/p1_ej3_interface/share/p1_ej3_interface/cmake/p1_ej3_interface__rosidl_typesupport_cExport.cmake
[15.647s] -- Installing: /home/sergio/ros2_ws/install/p1_ej3_interface/share/p1_ej3_interface/cmake/p1_ej3_interface__rosidl_typesupport_cExport-noconfig.cmake
[15.647s] -- Installing: /home/sergio/ros2_ws/install/p1_ej3_interface/share/p1_ej3_interface/cmake/export_p1_ej3_interface__rosidl_generator_cppExport.cmake
[15.647s] -- Installing: /home/sergio/ros2_ws/install/p1_ej3_interface/share/p1_ej3_interface/cmake/export_p1_ej3_interface__rosidl_typesupport_fastrtps_cppExport.cmake
[15.648s] -- Installing: /home/sergio/ros2_ws/install/p1_ej3_interface/share/p1_ej3_interface/cmake/export_p1_ej3_interface__rosidl_typesupport_fastrtps_cppExport-noconfig.cmake
[15.648s] -- Installing: /home/sergio/ros2_ws/install/p1_ej3_interface/share/p1_ej3_interface/cmake/p1_ej3_interface__rosidl_typesupport_introspection_cppExport.cmake
[15.648s] -- Installing: /home/sergio/ros2_ws/install/p1_ej3_interface/share/p1_ej3_interface/cmake/p1_ej3_interface__rosidl_typesupport_introspection_cppExport-noconfig.cmake
[15.648s] -- Installing: /home/sergio/ros2_ws/install/p1_ej3_interface/share/p1_ej3_interface/cmake/p1_ej3_interface__rosidl_typesupport_cppExport.cmake
[15.651s] -- Installing: /home/sergio/ros2_ws/install/p1_ej3_interface/share/p1_ej3_interface/cmake/p1_ej3_interface__rosidl_typesupport_cppExport-noconfig.cmake
[15.651s] -- Installing: /home/sergio/ros2_ws/install/p1_ej3_interface/share/p1_ej3_interface/cmake/export_p1_ej3_interface__rosidl_generator_pyExport.cmake
[15.651s] -- Installing: /home/sergio/ros2_ws/install/p1_ej3_interface/share/p1_ej3_interface/cmake/export_p1_ej3_interface__rosidl_generator_pyExport-noconfig.cmake
[15.652s] -- Installing: /home/sergio/ros2_ws/install/p1_ej3_interface/share/p1_ej3_interface/cmake/rosidl_cmake-extras.cmake
[15.652s] -- Installing: /home/sergio/ros2_ws/install/p1_ej3_interface/share/p1_ej3_interface/cmake/ament_cmake_export_include_directories-extras.cmake
[15.652s] -- Installing: /home/sergio/ros2_ws/install/p1_ej3_interface/share/p1_ej3_interface/cmake/ament_cmake_export_libraries-extras.cmake
[15.652s] -- Installing: /home/sergio/ros2_ws/install/p1_ej3_interface/share/p1_ej3_interface/cmake/ament_cmake_export_targets-extras.cmake
[15.652s] -- Installing: /home/sergio/ros2_ws/install/p1_ej3_interface/share/p1_ej3_interface/cmake/rosidl_cmake_export_typesupport_targets-extras.cmake
[15.652s] -- Installing: /home/sergio/ros2_ws/install/p1_ej3_interface/share/p1_ej3_interface/cmake/ament_cmake_export_dependencies-extras.cmake
[15.652s] -- Installing: /home/sergio/ros2_ws/install/p1_ej3_interface/share/p1_ej3_interface/cmake/rosidl_cmake_export_typesupport_libraries-extras.cmake
[15.652s] -- Installing: /home/sergio/ros2_ws/install/p1_ej3_interface/share/p1_ej3_interface/cmake/p1_ej3_interfaceConfig.cmake
[15.653s] -- Installing: /home/sergio/ros2_ws/install/p1_ej3_interface/share/p1_ej3_interface/cmake/p1_ej3_interfaceConfig-version.cmake
[15.654s] -- Up-to-date: /home/sergio/ros2_ws/install/p1_ej3_interface/share/p1_ej3_interface/package.xml
[15.655s] Invoked command in '/home/sergio/ros2_ws/build/p1_ej3_interface' returned '0': CMAKE_PREFIX_PATH=${CMAKE_PREFIX_PATH}:/home/sergio/ros2_ws/install/turtlebot3_teleop:/home/sergio/ros2_ws/install/turtlebot3_example:/home/sergio/ros2_ws/install/trr_robot_ps:/home/sergio/ros2_ws/install/robot_nav:/home/sergio/ros2_ws/install/robot_autonomo:/home/sergio/ros2_ws/install/p1_ej3_servidor:/home/sergio/ros2_ws/install/p1_ej3_cliente:/home/sergio/ros2_ws/install/p1_ej2_nodos_sensor:/home/sergio/ros2_ws/install/p1_ej2_nodo5:/home/sergio/ros2_ws/install/p1_ej2_nodo4:/home/sergio/ros2_ws/install/nodo_adc_sub:/home/sergio/ros2_ws/install/my_stage_mover:/home/sergio/ros2_ws/install/my_package:/home/sergio/ros2_ws/install/mma_talker:/home/sergio/ros2_ws/install/mma_service:/home/sergio/ros2_ws/install/mma_listener:/home/sergio/ros2_ws/install/ejercicio_tres_server:/home/sergio/ros2_ws/install/ejercicio_tres_client:/home/sergio/ros2_ws/install/ejercicio_dos:/home/sergio/ros2_ws/install/ejemplo_uno:/home/sergio/ros2_ws/install/auto_mover:/home/sergio/ros2_ws/install/P1_ej1_sub:/home/sergio/ros2_ws/install/P1_ej1_pub:/opt/ros/humble /usr/bin/cmake --install /home/sergio/ros2_ws/build/p1_ej3_interface
