[2.993s] Invoking command in '/home/sergio/ros2_ws/src/p1_ej3_cliente': PYTHONPATH=/home/sergio/ros2_ws/build/p1_ej3_cliente/prefix_override:/usr/lib/python3/dist-packages/colcon_core/task/python/colcon_distutils_commands:/home/sergio/ros2_ws/install/p1_ej3_cliente/lib/python3.10/site-packages:${PYTHONPATH} /usr/bin/python3 -W ignore:setup.py install is deprecated -W ignore:easy_install command is deprecated setup.py egg_info --egg-base ../../build/p1_ej3_cliente build --build-base /home/sergio/ros2_ws/build/p1_ej3_cliente/build install --record /home/sergio/ros2_ws/build/p1_ej3_cliente/install.log --single-version-externally-managed install_data
[3.710s] running egg_info
[3.711s] creating ../../build/p1_ej3_cliente/p1_ej3_cliente.egg-info
[3.711s] writing ../../build/p1_ej3_cliente/p1_ej3_cliente.egg-info/PKG-INFO
[3.714s] writing dependency_links to ../../build/p1_ej3_cliente/p1_ej3_cliente.egg-info/dependency_links.txt
[3.714s] writing entry points to ../../build/p1_ej3_cliente/p1_ej3_cliente.egg-info/entry_points.txt
[3.714s] writing requirements to ../../build/p1_ej3_cliente/p1_ej3_cliente.egg-info/requires.txt
[3.714s] writing top-level names to ../../build/p1_ej3_cliente/p1_ej3_cliente.egg-info/top_level.txt
[3.715s] writing manifest file '../../build/p1_ej3_cliente/p1_ej3_cliente.egg-info/SOURCES.txt'
[3.722s] reading manifest file '../../build/p1_ej3_cliente/p1_ej3_cliente.egg-info/SOURCES.txt'
[3.722s] writing manifest file '../../build/p1_ej3_cliente/p1_ej3_cliente.egg-info/SOURCES.txt'
[3.730s] running build
[3.730s] running build_py
[3.731s] creating /home/sergio/ros2_ws/build/p1_ej3_cliente/build
[3.731s] creating /home/sergio/ros2_ws/build/p1_ej3_cliente/build/lib
[3.731s] creating /home/sergio/ros2_ws/build/p1_ej3_cliente/build/lib/p1_ej3_cliente
[3.731s] copying p1_ej3_cliente/__init__.py -> /home/sergio/ros2_ws/build/p1_ej3_cliente/build/lib/p1_ej3_cliente
[3.731s] copying p1_ej3_cliente/cliente.py -> /home/sergio/ros2_ws/build/p1_ej3_cliente/build/lib/p1_ej3_cliente
[3.731s] running install
[3.731s] running install_lib
[3.738s] running install_data
[3.739s] running install_egg_info
[3.744s] removing '/home/sergio/ros2_ws/install/p1_ej3_cliente/lib/python3.10/site-packages/p1_ej3_cliente-0.0.0-py3.10.egg-info' (and everything under it)
[3.747s] Copying ../../build/p1_ej3_cliente/p1_ej3_cliente.egg-info to /home/sergio/ros2_ws/install/p1_ej3_cliente/lib/python3.10/site-packages/p1_ej3_cliente-0.0.0-py3.10.egg-info
[3.751s] running install_scripts
[3.829s] Installing cliente script to /home/sergio/ros2_ws/install/p1_ej3_cliente/lib/p1_ej3_cliente
[3.830s] writing list of installed files to '/home/sergio/ros2_ws/build/p1_ej3_cliente/install.log'
[4.292s] Invoked command in '/home/sergio/ros2_ws/src/p1_ej3_cliente' returned '0': PYTHONPATH=/home/sergio/ros2_ws/build/p1_ej3_cliente/prefix_override:/usr/lib/python3/dist-packages/colcon_core/task/python/colcon_distutils_commands:/home/sergio/ros2_ws/install/p1_ej3_cliente/lib/python3.10/site-packages:${PYTHONPATH} /usr/bin/python3 -W ignore:setup.py install is deprecated -W ignore:easy_install command is deprecated setup.py egg_info --egg-base ../../build/p1_ej3_cliente build --build-base /home/sergio/ros2_ws/build/p1_ej3_cliente/build install --record /home/sergio/ros2_ws/build/p1_ej3_cliente/install.log --single-version-externally-managed install_data
