[3.339s] Invoking command in '/home/sergio/ros2_ws/src/ejercicio_tres_client': PYTHONPATH=/home/sergio/ros2_ws/build/ejercicio_tres_client/prefix_override:/home/sergio/.espressif/python_env/idf5.2_py3.10_env/lib/python3.10/site-packages/colcon_core/task/python/colcon_distutils_commands:/home/sergio/ros2_ws/install/ejercicio_tres_client/lib/python3.10/site-packages:${PYTHONPATH} /home/sergio/.espressif/python_env/idf5.2_py3.10_env/bin/python3 -W ignore:setup.py install is deprecated -W ignore:easy_install command is deprecated setup.py egg_info --egg-base ../../build/ejercicio_tres_client build --build-base /home/sergio/ros2_ws/build/ejercicio_tres_client/build install --record /home/sergio/ros2_ws/build/ejercicio_tres_client/install.log --single-version-externally-managed install_data
[4.172s] running egg_info
[4.235s] writing ../../build/ejercicio_tres_client/ejercicio_tres_client.egg-info/PKG-INFO
[4.236s] writing dependency_links to ../../build/ejercicio_tres_client/ejercicio_tres_client.egg-info/dependency_links.txt
[4.243s] writing entry points to ../../build/ejercicio_tres_client/ejercicio_tres_client.egg-info/entry_points.txt
[4.243s] writing requirements to ../../build/ejercicio_tres_client/ejercicio_tres_client.egg-info/requires.txt
[4.247s] writing top-level names to ../../build/ejercicio_tres_client/ejercicio_tres_client.egg-info/top_level.txt
[4.368s] reading manifest file '../../build/ejercicio_tres_client/ejercicio_tres_client.egg-info/SOURCES.txt'
[4.371s] writing manifest file '../../build/ejercicio_tres_client/ejercicio_tres_client.egg-info/SOURCES.txt'
[4.371s] running build
[4.371s] running build_py
[4.376s] copying ejercicio_tres_client/__init__.py -> /home/sergio/ros2_ws/build/ejercicio_tres_client/build/lib/ejercicio_tres_client
[4.376s] copying ejercicio_tres_client/midpoint_client.py -> /home/sergio/ros2_ws/build/ejercicio_tres_client/build/lib/ejercicio_tres_client
[4.376s] running install
[4.389s] running install_lib
[4.421s] running install_data
[4.421s] copying resource/ejercicio_tres_client -> /home/sergio/ros2_ws/install/ejercicio_tres_client/share/ament_index/resource_index/packages
[4.422s] copying package.xml -> /home/sergio/ros2_ws/install/ejercicio_tres_client/share/ejercicio_tres_client
[4.422s] running install_egg_info
[4.466s] removing '/home/sergio/ros2_ws/install/ejercicio_tres_client/lib/python3.10/site-packages/ejercicio_tres_client-0.0.0-py3.10.egg-info' (and everything under it)
[4.466s] Copying ../../build/ejercicio_tres_client/ejercicio_tres_client.egg-info to /home/sergio/ros2_ws/install/ejercicio_tres_client/lib/python3.10/site-packages/ejercicio_tres_client-0.0.0-py3.10.egg-info
[4.467s] running install_scripts
[4.731s] Installing midpoint_client script to /home/sergio/ros2_ws/install/ejercicio_tres_client/lib/ejercicio_tres_client
[4.731s] writing list of installed files to '/home/sergio/ros2_ws/build/ejercicio_tres_client/install.log'
[5.441s] Invoked command in '/home/sergio/ros2_ws/src/ejercicio_tres_client' returned '0': PYTHONPATH=/home/sergio/ros2_ws/build/ejercicio_tres_client/prefix_override:/home/sergio/.espressif/python_env/idf5.2_py3.10_env/lib/python3.10/site-packages/colcon_core/task/python/colcon_distutils_commands:/home/sergio/ros2_ws/install/ejercicio_tres_client/lib/python3.10/site-packages:${PYTHONPATH} /home/sergio/.espressif/python_env/idf5.2_py3.10_env/bin/python3 -W ignore:setup.py install is deprecated -W ignore:easy_install command is deprecated setup.py egg_info --egg-base ../../build/ejercicio_tres_client build --build-base /home/sergio/ros2_ws/build/ejercicio_tres_client/build install --record /home/sergio/ros2_ws/build/ejercicio_tres_client/install.log --single-version-externally-managed install_data
