[4.132s] Invoking command in '/home/sergio/ros2_ws/src/p2_ej3': PYTHONPATH=/home/sergio/ros2_ws/build/p2_ej3/prefix_override:/home/sergio/.espressif/python_env/idf5.2_py3.10_env/lib/python3.10/site-packages/colcon_core/task/python/colcon_distutils_commands:/home/sergio/ros2_ws/install/p2_ej3/lib/python3.10/site-packages:${PYTHONPATH} /home/sergio/.espressif/python_env/idf5.2_py3.10_env/bin/python3 -W ignore:setup.py install is deprecated -W ignore:easy_install command is deprecated setup.py egg_info --egg-base ../../build/p2_ej3 build --build-base /home/sergio/ros2_ws/build/p2_ej3/build install --record /home/sergio/ros2_ws/build/p2_ej3/install.log --single-version-externally-managed install_data
[4.710s] running egg_info
[4.737s] writing ../../build/p2_ej3/p2_ej3.egg-info/PKG-INFO
[4.737s] writing dependency_links to ../../build/p2_ej3/p2_ej3.egg-info/dependency_links.txt
[4.738s] writing entry points to ../../build/p2_ej3/p2_ej3.egg-info/entry_points.txt
[4.738s] writing requirements to ../../build/p2_ej3/p2_ej3.egg-info/requires.txt
[4.738s] writing top-level names to ../../build/p2_ej3/p2_ej3.egg-info/top_level.txt
[4.814s] reading manifest file '../../build/p2_ej3/p2_ej3.egg-info/SOURCES.txt'
[4.815s] writing manifest file '../../build/p2_ej3/p2_ej3.egg-info/SOURCES.txt'
[4.815s] running build
[4.820s] running build_py
[4.820s] copying p2_ej3/__init__.py -> /home/sergio/ros2_ws/build/p2_ej3/build/lib/p2_ej3
[4.821s] copying p2_ej3/avoid_obstacles.py -> /home/sergio/ros2_ws/build/p2_ej3/build/lib/p2_ej3
[4.821s] running install
[4.825s] running install_lib
[4.860s] running install_data
[4.861s] copying resource/p2_ej3 -> /home/sergio/ros2_ws/install/p2_ej3/share/ament_index/resource_index/packages
[4.861s] copying package.xml -> /home/sergio/ros2_ws/install/p2_ej3/share/p2_ej3
[4.861s] copying package.xml -> /home/sergio/ros2_ws/install/p2_ej3/share/p2_ej3
[4.861s] copying launch/bringup.launch.py -> /home/sergio/ros2_ws/install/p2_ej3/share/p2_ej3/launch
[4.861s] copying rviz/nav2_config.rviz -> /home/sergio/ros2_ws/install/p2_ej3/share/p2_ej3/rviz
[4.861s] running install_egg_info
[4.893s] removing '/home/sergio/ros2_ws/install/p2_ej3/lib/python3.10/site-packages/p2_ej3-0.0.0-py3.10.egg-info' (and everything under it)
[4.893s] Copying ../../build/p2_ej3/p2_ej3.egg-info to /home/sergio/ros2_ws/install/p2_ej3/lib/python3.10/site-packages/p2_ej3-0.0.0-py3.10.egg-info
[4.894s] running install_scripts
[5.076s] Installing avoid_obstacles script to /home/sergio/ros2_ws/install/p2_ej3/lib/p2_ej3
[5.079s] writing list of installed files to '/home/sergio/ros2_ws/build/p2_ej3/install.log'
[5.114s] Invoked command in '/home/sergio/ros2_ws/src/p2_ej3' returned '0': PYTHONPATH=/home/sergio/ros2_ws/build/p2_ej3/prefix_override:/home/sergio/.espressif/python_env/idf5.2_py3.10_env/lib/python3.10/site-packages/colcon_core/task/python/colcon_distutils_commands:/home/sergio/ros2_ws/install/p2_ej3/lib/python3.10/site-packages:${PYTHONPATH} /home/sergio/.espressif/python_env/idf5.2_py3.10_env/bin/python3 -W ignore:setup.py install is deprecated -W ignore:easy_install command is deprecated setup.py egg_info --egg-base ../../build/p2_ej3 build --build-base /home/sergio/ros2_ws/build/p2_ej3/build install --record /home/sergio/ros2_ws/build/p2_ej3/install.log --single-version-externally-managed install_data
