[3.637s] Invoking command in '/home/sergio/ros2_ws/src/nodo_adc_sub': PYTHONPATH=/home/sergio/ros2_ws/build/nodo_adc_sub/prefix_override:/home/sergio/.espressif/python_env/idf5.2_py3.10_env/lib/python3.10/site-packages/colcon_core/task/python/colcon_distutils_commands:/home/sergio/ros2_ws/install/nodo_adc_sub/lib/python3.10/site-packages:${PYTHONPATH} /home/sergio/.espressif/python_env/idf5.2_py3.10_env/bin/python3 -W ignore:setup.py install is deprecated -W ignore:easy_install command is deprecated setup.py egg_info --egg-base ../../build/nodo_adc_sub build --build-base /home/sergio/ros2_ws/build/nodo_adc_sub/build install --record /home/sergio/ros2_ws/build/nodo_adc_sub/install.log --single-version-externally-managed install_data
[4.128s] running egg_info
[4.152s] writing ../../build/nodo_adc_sub/nodo_adc_sub.egg-info/PKG-INFO
[4.154s] writing dependency_links to ../../build/nodo_adc_sub/nodo_adc_sub.egg-info/dependency_links.txt
[4.154s] writing entry points to ../../build/nodo_adc_sub/nodo_adc_sub.egg-info/entry_points.txt
[4.154s] writing requirements to ../../build/nodo_adc_sub/nodo_adc_sub.egg-info/requires.txt
[4.154s] writing top-level names to ../../build/nodo_adc_sub/nodo_adc_sub.egg-info/top_level.txt
[4.233s] reading manifest file '../../build/nodo_adc_sub/nodo_adc_sub.egg-info/SOURCES.txt'
[4.233s] writing manifest file '../../build/nodo_adc_sub/nodo_adc_sub.egg-info/SOURCES.txt'
[4.233s] running build
[4.233s] running build_py
[4.234s] copying nodo_adc_sub/subscriber_adc.py -> /home/sergio/ros2_ws/build/nodo_adc_sub/build/lib/nodo_adc_sub
[4.234s] copying nodo_adc_sub/__init__.py -> /home/sergio/ros2_ws/build/nodo_adc_sub/build/lib/nodo_adc_sub
[4.234s] running install
[4.259s] running install_lib
[4.281s] running install_data
[4.281s] copying resource/nodo_adc_sub -> /home/sergio/ros2_ws/install/nodo_adc_sub/share/ament_index/resource_index/packages
[4.281s] copying package.xml -> /home/sergio/ros2_ws/install/nodo_adc_sub/share/nodo_adc_sub
[4.281s] running install_egg_info
[4.307s] removing '/home/sergio/ros2_ws/install/nodo_adc_sub/lib/python3.10/site-packages/nodo_adc_sub-0.0.0-py3.10.egg-info' (and everything under it)
[4.307s] Copying ../../build/nodo_adc_sub/nodo_adc_sub.egg-info to /home/sergio/ros2_ws/install/nodo_adc_sub/lib/python3.10/site-packages/nodo_adc_sub-0.0.0-py3.10.egg-info
[4.321s] running install_scripts
[4.619s] Installing subscriber_adc script to /home/sergio/ros2_ws/install/nodo_adc_sub/lib/nodo_adc_sub
[4.626s] writing list of installed files to '/home/sergio/ros2_ws/build/nodo_adc_sub/install.log'
[4.815s] Invoked command in '/home/sergio/ros2_ws/src/nodo_adc_sub' returned '0': PYTHONPATH=/home/sergio/ros2_ws/build/nodo_adc_sub/prefix_override:/home/sergio/.espressif/python_env/idf5.2_py3.10_env/lib/python3.10/site-packages/colcon_core/task/python/colcon_distutils_commands:/home/sergio/ros2_ws/install/nodo_adc_sub/lib/python3.10/site-packages:${PYTHONPATH} /home/sergio/.espressif/python_env/idf5.2_py3.10_env/bin/python3 -W ignore:setup.py install is deprecated -W ignore:easy_install command is deprecated setup.py egg_info --egg-base ../../build/nodo_adc_sub build --build-base /home/sergio/ros2_ws/build/nodo_adc_sub/build install --record /home/sergio/ros2_ws/build/nodo_adc_sub/install.log --single-version-externally-managed install_data
