[1.326s] Invoking command in '/home/sergio/ros2_ws/src/my_package': PYTHONPATH=/home/sergio/ros2_ws/src/build/my_package/prefix_override:/usr/lib/python3/dist-packages/colcon_core/task/python/colcon_distutils_commands:/home/sergio/ros2_ws/src/install/my_package/lib/python3.10/site-packages:${PYTHONPATH} /usr/bin/python3 -W ignore:setup.py install is deprecated -W ignore:easy_install command is deprecated setup.py egg_info --egg-base ../build/my_package build --build-base /home/sergio/ros2_ws/src/build/my_package/build install --record /home/sergio/ros2_ws/src/build/my_package/install.log --single-version-externally-managed install_data
[1.558s] running egg_info
[1.558s] creating ../build/my_package/my_package.egg-info
[1.558s] writing ../build/my_package/my_package.egg-info/PKG-INFO
[1.558s] writing dependency_links to ../build/my_package/my_package.egg-info/dependency_links.txt
[1.558s] writing entry points to ../build/my_package/my_package.egg-info/entry_points.txt
[1.558s] writing requirements to ../build/my_package/my_package.egg-info/requires.txt
[1.558s] writing top-level names to ../build/my_package/my_package.egg-info/top_level.txt
[1.558s] writing manifest file '../build/my_package/my_package.egg-info/SOURCES.txt'
[1.559s] reading manifest file '../build/my_package/my_package.egg-info/SOURCES.txt'
[1.559s] writing manifest file '../build/my_package/my_package.egg-info/SOURCES.txt'
[1.559s] running build
[1.559s] running build_py
[1.559s] creating /home/sergio/ros2_ws/src/build/my_package/build
[1.559s] creating /home/sergio/ros2_ws/src/build/my_package/build/lib
[1.559s] creating /home/sergio/ros2_ws/src/build/my_package/build/lib/my_package
[1.560s] copying my_package/my_node.py -> /home/sergio/ros2_ws/src/build/my_package/build/lib/my_package
[1.560s] copying my_package/__init__.py -> /home/sergio/ros2_ws/src/build/my_package/build/lib/my_package
[1.560s] running install
[1.560s] running install_lib
[1.560s] creating /home/sergio/ros2_ws/src/install/my_package/lib/python3.10/site-packages/my_package
[1.560s] copying /home/sergio/ros2_ws/src/build/my_package/build/lib/my_package/my_node.py -> /home/sergio/ros2_ws/src/install/my_package/lib/python3.10/site-packages/my_package
[1.560s] copying /home/sergio/ros2_ws/src/build/my_package/build/lib/my_package/__init__.py -> /home/sergio/ros2_ws/src/install/my_package/lib/python3.10/site-packages/my_package
[1.560s] byte-compiling /home/sergio/ros2_ws/src/install/my_package/lib/python3.10/site-packages/my_package/my_node.py to my_node.cpython-310.pyc
[1.560s] byte-compiling /home/sergio/ros2_ws/src/install/my_package/lib/python3.10/site-packages/my_package/__init__.py to __init__.cpython-310.pyc
[1.560s] running install_data
[1.560s] creating /home/sergio/ros2_ws/src/install/my_package/share/ament_index
[1.560s] creating /home/sergio/ros2_ws/src/install/my_package/share/ament_index/resource_index
[1.560s] creating /home/sergio/ros2_ws/src/install/my_package/share/ament_index/resource_index/packages
[1.560s] copying resource/my_package -> /home/sergio/ros2_ws/src/install/my_package/share/ament_index/resource_index/packages
[1.561s] copying package.xml -> /home/sergio/ros2_ws/src/install/my_package/share/my_package
[1.561s] running install_egg_info
[1.562s] Copying ../build/my_package/my_package.egg-info to /home/sergio/ros2_ws/src/install/my_package/lib/python3.10/site-packages/my_package-0.0.0-py3.10.egg-info
[1.562s] running install_scripts
[1.582s] Installing my_node script to /home/sergio/ros2_ws/src/install/my_package/lib/my_package
[1.582s] writing list of installed files to '/home/sergio/ros2_ws/src/build/my_package/install.log'
[1.629s] Invoked command in '/home/sergio/ros2_ws/src/my_package' returned '0': PYTHONPATH=/home/sergio/ros2_ws/src/build/my_package/prefix_override:/usr/lib/python3/dist-packages/colcon_core/task/python/colcon_distutils_commands:/home/sergio/ros2_ws/src/install/my_package/lib/python3.10/site-packages:${PYTHONPATH} /usr/bin/python3 -W ignore:setup.py install is deprecated -W ignore:easy_install command is deprecated setup.py egg_info --egg-base ../build/my_package build --build-base /home/sergio/ros2_ws/src/build/my_package/build install --record /home/sergio/ros2_ws/src/build/my_package/install.log --single-version-externally-managed install_data
