[3.406s] Invoking command in '/home/sergio/ros2_ws/src/mma_listener': PYTHONPATH=/home/sergio/ros2_ws/build/mma_listener/prefix_override:/home/sergio/.espressif/python_env/idf5.2_py3.10_env/lib/python3.10/site-packages/colcon_core/task/python/colcon_distutils_commands:/home/sergio/ros2_ws/install/mma_listener/lib/python3.10/site-packages:${PYTHONPATH} /home/sergio/.espressif/python_env/idf5.2_py3.10_env/bin/python3 -W ignore:setup.py install is deprecated -W ignore:easy_install command is deprecated setup.py egg_info --egg-base ../../build/mma_listener build --build-base /home/sergio/ros2_ws/build/mma_listener/build install --record /home/sergio/ros2_ws/build/mma_listener/install.log --single-version-externally-managed install_data
[3.716s] running egg_info
[3.738s] writing ../../build/mma_listener/mma_listener.egg-info/PKG-INFO
[3.738s] writing dependency_links to ../../build/mma_listener/mma_listener.egg-info/dependency_links.txt
[3.738s] writing entry points to ../../build/mma_listener/mma_listener.egg-info/entry_points.txt
[3.738s] writing requirements to ../../build/mma_listener/mma_listener.egg-info/requires.txt
[3.738s] writing top-level names to ../../build/mma_listener/mma_listener.egg-info/top_level.txt
[3.778s] reading manifest file '../../build/mma_listener/mma_listener.egg-info/SOURCES.txt'
[3.779s] writing manifest file '../../build/mma_listener/mma_listener.egg-info/SOURCES.txt'
[3.779s] running build
[3.779s] running build_py
[3.779s] copying mma_listener/__init__.py -> /home/sergio/ros2_ws/build/mma_listener/build/lib/mma_listener
[3.779s] copying mma_listener/listener.py -> /home/sergio/ros2_ws/build/mma_listener/build/lib/mma_listener
[3.780s] running install
[3.786s] running install_lib
[3.803s] running install_data
[3.803s] copying resource/mma_listener -> /home/sergio/ros2_ws/install/mma_listener/share/ament_index/resource_index/packages
[3.803s] copying package.xml -> /home/sergio/ros2_ws/install/mma_listener/share/mma_listener
[3.803s] running install_egg_info
[3.828s] removing '/home/sergio/ros2_ws/install/mma_listener/lib/python3.10/site-packages/mma_listener-0.0.0-py3.10.egg-info' (and everything under it)
[3.828s] Copying ../../build/mma_listener/mma_listener.egg-info to /home/sergio/ros2_ws/install/mma_listener/lib/python3.10/site-packages/mma_listener-0.0.0-py3.10.egg-info
[3.829s] running install_scripts
[3.944s] Installing listener script to /home/sergio/ros2_ws/install/mma_listener/lib/mma_listener
[3.944s] writing list of installed files to '/home/sergio/ros2_ws/build/mma_listener/install.log'
[4.102s] Invoked command in '/home/sergio/ros2_ws/src/mma_listener' returned '0': PYTHONPATH=/home/sergio/ros2_ws/build/mma_listener/prefix_override:/home/sergio/.espressif/python_env/idf5.2_py3.10_env/lib/python3.10/site-packages/colcon_core/task/python/colcon_distutils_commands:/home/sergio/ros2_ws/install/mma_listener/lib/python3.10/site-packages:${PYTHONPATH} /home/sergio/.espressif/python_env/idf5.2_py3.10_env/bin/python3 -W ignore:setup.py install is deprecated -W ignore:easy_install command is deprecated setup.py egg_info --egg-base ../../build/mma_listener build --build-base /home/sergio/ros2_ws/build/mma_listener/build install --record /home/sergio/ros2_ws/build/mma_listener/install.log --single-version-externally-managed install_data
