[3.030s] Invoking command in '/home/sergio/ros2_ws/src/mma_talker': PYTHONPATH=/home/sergio/ros2_ws/build/mma_talker/prefix_override:/usr/lib/python3/dist-packages/colcon_core/task/python/colcon_distutils_commands:/home/sergio/ros2_ws/install/mma_talker/lib/python3.10/site-packages:${PYTHONPATH} /usr/bin/python3 -W ignore:setup.py install is deprecated -W ignore:easy_install command is deprecated setup.py egg_info --egg-base ../../build/mma_talker build --build-base /home/sergio/ros2_ws/build/mma_talker/build install --record /home/sergio/ros2_ws/build/mma_talker/install.log --single-version-externally-managed install_data
[3.426s] running egg_info
[3.428s] writing ../../build/mma_talker/mma_talker.egg-info/PKG-INFO
[3.428s] writing dependency_links to ../../build/mma_talker/mma_talker.egg-info/dependency_links.txt
[3.429s] writing entry points to ../../build/mma_talker/mma_talker.egg-info/entry_points.txt
[3.429s] writing requirements to ../../build/mma_talker/mma_talker.egg-info/requires.txt
[3.431s] writing top-level names to ../../build/mma_talker/mma_talker.egg-info/top_level.txt
[3.432s] reading manifest file '../../build/mma_talker/mma_talker.egg-info/SOURCES.txt'
[3.433s] writing manifest file '../../build/mma_talker/mma_talker.egg-info/SOURCES.txt'
[3.433s] running build
[3.433s] running build_py
[3.434s] running install
[3.437s] running install_lib
[3.438s] running install_data
[3.438s] running install_egg_info
[3.443s] removing '/home/sergio/ros2_ws/install/mma_talker/lib/python3.10/site-packages/mma_talker-0.0.0-py3.10.egg-info' (and everything under it)
[3.443s] Copying ../../build/mma_talker/mma_talker.egg-info to /home/sergio/ros2_ws/install/mma_talker/lib/python3.10/site-packages/mma_talker-0.0.0-py3.10.egg-info
[3.446s] running install_scripts
[3.483s] Installing mma_talker script to /home/sergio/ros2_ws/install/mma_talker/lib/mma_talker
[3.483s] Installing talker script to /home/sergio/ros2_ws/install/mma_talker/lib/mma_talker
[3.483s] writing list of installed files to '/home/sergio/ros2_ws/build/mma_talker/install.log'
[3.556s] Invoked command in '/home/sergio/ros2_ws/src/mma_talker' returned '0': PYTHONPATH=/home/sergio/ros2_ws/build/mma_talker/prefix_override:/usr/lib/python3/dist-packages/colcon_core/task/python/colcon_distutils_commands:/home/sergio/ros2_ws/install/mma_talker/lib/python3.10/site-packages:${PYTHONPATH} /usr/bin/python3 -W ignore:setup.py install is deprecated -W ignore:easy_install command is deprecated setup.py egg_info --egg-base ../../build/mma_talker build --build-base /home/sergio/ros2_ws/build/mma_talker/build install --record /home/sergio/ros2_ws/build/mma_talker/install.log --single-version-externally-managed install_data
