[0.086s] Invoking command in '/home/sergio/ros2_ws/build/robot_description': CMAKE_PREFIX_PATH=${CMAKE_PREFIX_PATH}:/home/sergio/ros2_ws/install/p1_ej3_servidor:/home/sergio/ros2_ws/install/p1_ej3_cliente:/home/sergio/ros2_ws/install/p1_ej2_nodos_sensor:/home/sergio/ros2_ws/install/p1_ej2_nodo5:/home/sergio/ros2_ws/install/p1_ej2_nodo4:/home/sergio/ros2_ws/install/my_package:/home/sergio/ros2_ws/install/mma_talker:/home/sergio/ros2_ws/install/mma_service:/home/sergio/ros2_ws/install/mma_listener:/home/sergio/ros2_ws/install/ejercicio_tres_server:/home/sergio/ros2_ws/install/ejercicio_tres_client:/home/sergio/ros2_ws/install/ejercicio_dos:/home/sergio/ros2_ws/install/ejemplo_uno:/home/sergio/ros2_ws/install/P1_ej1_sub:/home/sergio/ros2_ws/install/P1_ej1_pub:/opt/ros/humble /usr/bin/cmake /home/sergio/ros2_ws/src/robot_description -DCMAKE_INSTALL_PREFIX=/home/sergio/ros2_ws/install/robot_description
[0.157s] -- The C compiler identification is GNU 11.4.0
[0.225s] -- The CXX compiler identification is GNU 11.4.0
[0.227s] -- Detecting C compiler ABI info
[0.301s] -- Detecting C compiler ABI info - done
[0.306s] -- Check for working C compiler: /usr/bin/cc - skipped
[0.306s] -- Detecting C compile features
[0.306s] -- Detecting C compile features - done
[0.309s] -- Detecting CXX compiler ABI info
[0.373s] -- Detecting CXX compiler ABI info - done
[0.379s] -- Check for working CXX compiler: /usr/bin/c++ - skipped
[0.380s] -- Detecting CXX compile features
[0.380s] -- Detecting CXX compile features - done
[0.382s] -- Found ament_cmake: 1.3.11 (/opt/ros/humble/share/ament_cmake/cmake)
[0.528s] -- Found Python3: /usr/bin/python3 (found version "3.10.12") found components: Interpreter 
[0.612s] -- Found ament_lint_auto: 0.12.11 (/opt/ros/humble/share/ament_lint_auto/cmake)
[0.682s] -- Added test 'flake8' to check Python code syntax and style conventions
[0.683s] -- Added test 'lint_cmake' to check CMake code style
[0.684s] -- Added test 'pep257' to check Python code against some of the docstring style conventions in PEP 257
[0.685s] -- Added test 'xmllint' to check XML markup files
[0.686s] -- Configuring done
[0.688s] -- Generating done
[0.689s] -- Build files have been written to: /home/sergio/ros2_ws/build/robot_description
[0.692s] Invoked command in '/home/sergio/ros2_ws/build/robot_description' returned '0': CMAKE_PREFIX_PATH=${CMAKE_PREFIX_PATH}:/home/sergio/ros2_ws/install/p1_ej3_servidor:/home/sergio/ros2_ws/install/p1_ej3_cliente:/home/sergio/ros2_ws/install/p1_ej2_nodos_sensor:/home/sergio/ros2_ws/install/p1_ej2_nodo5:/home/sergio/ros2_ws/install/p1_ej2_nodo4:/home/sergio/ros2_ws/install/my_package:/home/sergio/ros2_ws/install/mma_talker:/home/sergio/ros2_ws/install/mma_service:/home/sergio/ros2_ws/install/mma_listener:/home/sergio/ros2_ws/install/ejercicio_tres_server:/home/sergio/ros2_ws/install/ejercicio_tres_client:/home/sergio/ros2_ws/install/ejercicio_dos:/home/sergio/ros2_ws/install/ejemplo_uno:/home/sergio/ros2_ws/install/P1_ej1_sub:/home/sergio/ros2_ws/install/P1_ej1_pub:/opt/ros/humble /usr/bin/cmake /home/sergio/ros2_ws/src/robot_description -DCMAKE_INSTALL_PREFIX=/home/sergio/ros2_ws/install/robot_description
[0.693s] Invoking command in '/home/sergio/ros2_ws/build/robot_description': CMAKE_PREFIX_PATH=${CMAKE_PREFIX_PATH}:/home/sergio/ros2_ws/install/p1_ej3_servidor:/home/sergio/ros2_ws/install/p1_ej3_cliente:/home/sergio/ros2_ws/install/p1_ej2_nodos_sensor:/home/sergio/ros2_ws/install/p1_ej2_nodo5:/home/sergio/ros2_ws/install/p1_ej2_nodo4:/home/sergio/ros2_ws/install/my_package:/home/sergio/ros2_ws/install/mma_talker:/home/sergio/ros2_ws/install/mma_service:/home/sergio/ros2_ws/install/mma_listener:/home/sergio/ros2_ws/install/ejercicio_tres_server:/home/sergio/ros2_ws/install/ejercicio_tres_client:/home/sergio/ros2_ws/install/ejercicio_dos:/home/sergio/ros2_ws/install/ejemplo_uno:/home/sergio/ros2_ws/install/P1_ej1_sub:/home/sergio/ros2_ws/install/P1_ej1_pub:/opt/ros/humble /usr/bin/cmake --build /home/sergio/ros2_ws/build/robot_description -- -j16 -l16
[0.721s] Invoked command in '/home/sergio/ros2_ws/build/robot_description' returned '0': CMAKE_PREFIX_PATH=${CMAKE_PREFIX_PATH}:/home/sergio/ros2_ws/install/p1_ej3_servidor:/home/sergio/ros2_ws/install/p1_ej3_cliente:/home/sergio/ros2_ws/install/p1_ej2_nodos_sensor:/home/sergio/ros2_ws/install/p1_ej2_nodo5:/home/sergio/ros2_ws/install/p1_ej2_nodo4:/home/sergio/ros2_ws/install/my_package:/home/sergio/ros2_ws/install/mma_talker:/home/sergio/ros2_ws/install/mma_service:/home/sergio/ros2_ws/install/mma_listener:/home/sergio/ros2_ws/install/ejercicio_tres_server:/home/sergio/ros2_ws/install/ejercicio_tres_client:/home/sergio/ros2_ws/install/ejercicio_dos:/home/sergio/ros2_ws/install/ejemplo_uno:/home/sergio/ros2_ws/install/P1_ej1_sub:/home/sergio/ros2_ws/install/P1_ej1_pub:/opt/ros/humble /usr/bin/cmake --build /home/sergio/ros2_ws/build/robot_description -- -j16 -l16
[0.722s] Invoking command in '/home/sergio/ros2_ws/build/robot_description': CMAKE_PREFIX_PATH=${CMAKE_PREFIX_PATH}:/home/sergio/ros2_ws/install/p1_ej3_servidor:/home/sergio/ros2_ws/install/p1_ej3_cliente:/home/sergio/ros2_ws/install/p1_ej2_nodos_sensor:/home/sergio/ros2_ws/install/p1_ej2_nodo5:/home/sergio/ros2_ws/install/p1_ej2_nodo4:/home/sergio/ros2_ws/install/my_package:/home/sergio/ros2_ws/install/mma_talker:/home/sergio/ros2_ws/install/mma_service:/home/sergio/ros2_ws/install/mma_listener:/home/sergio/ros2_ws/install/ejercicio_tres_server:/home/sergio/ros2_ws/install/ejercicio_tres_client:/home/sergio/ros2_ws/install/ejercicio_dos:/home/sergio/ros2_ws/install/ejemplo_uno:/home/sergio/ros2_ws/install/P1_ej1_sub:/home/sergio/ros2_ws/install/P1_ej1_pub:/opt/ros/humble /usr/bin/cmake --install /home/sergio/ros2_ws/build/robot_description
[0.728s] -- Install configuration: ""
[0.728s] -- Installing: /home/sergio/ros2_ws/install/robot_description/share/robot_description/launch
[0.728s] -- Installing: /home/sergio/ros2_ws/install/robot_description/share/robot_description/launch/view_robot.py
[0.728s] -- Installing: /home/sergio/ros2_ws/install/robot_description/share/robot_description/urdf
[0.728s] -- Installing: /home/sergio/ros2_ws/install/robot_description/share/robot_description/urdf/guillecar.urdf
[0.728s] -- Installing: /home/sergio/ros2_ws/install/robot_description/share/robot_description/urdf/panda.urdf
[0.729s] -- Installing: /home/sergio/ros2_ws/install/robot_description/share/robot_description/urdf/pantilt.urdf
[0.729s] -- Installing: /home/sergio/ros2_ws/install/robot_description/share/robot_description/urdf/diff_wheeled_robot.urdf
[0.729s] -- Installing: /home/sergio/ros2_ws/install/robot_description/share/robot_description/urdf/myfirst_robot.urdf
[0.729s] -- Installing: /home/sergio/ros2_ws/install/robot_description/share/robot_description/urdf/clases_test.urdf
[0.729s] -- Installing: /home/sergio/ros2_ws/install/robot_description/share/robot_description/urdf/wally1.urdf
[0.729s] -- Installing: /home/sergio/ros2_ws/install/robot_description/share/robot_description/urdf/cobot_arm.urdf
[0.729s] -- Installing: /home/sergio/ros2_ws/install/robot_description/share/robot_description/urdf/multipleshapes.pdf
[0.729s] -- Installing: /home/sergio/ros2_ws/install/robot_description/share/robot_description/urdf/multipleshapes.gv
[0.729s] -- Installing: /home/sergio/ros2_ws/install/robot_description/share/robot_description/rviz
[0.729s] -- Installing: /home/sergio/ros2_ws/install/robot_description/share/robot_description/rviz/urdf.rviz
[0.729s] -- Installing: /home/sergio/ros2_ws/install/robot_description/share/robot_description/meshes
[0.729s] -- Installing: /home/sergio/ros2_ws/install/robot_description/share/robot_description/meshes/collision
[0.729s] -- Installing: /home/sergio/ros2_ws/install/robot_description/share/robot_description/meshes/collision/link0.obj
[0.729s] -- Installing: /home/sergio/ros2_ws/install/robot_description/share/robot_description/meshes/collision/link2.obj
[0.729s] -- Installing: /home/sergio/ros2_ws/install/robot_description/share/robot_description/meshes/collision/link3.obj
[0.729s] -- Installing: /home/sergio/ros2_ws/install/robot_description/share/robot_description/meshes/collision/link5.obj
[0.729s] -- Installing: /home/sergio/ros2_ws/install/robot_description/share/robot_description/meshes/collision/hand.obj
[0.729s] -- Installing: /home/sergio/ros2_ws/install/robot_description/share/robot_description/meshes/collision/link1.obj
[0.729s] -- Installing: /home/sergio/ros2_ws/install/robot_description/share/robot_description/meshes/collision/finger.obj
[0.730s] -- Installing: /home/sergio/ros2_ws/install/robot_description/share/robot_description/meshes/collision/link6.obj
[0.732s] -- Installing: /home/sergio/ros2_ws/install/robot_description/share/robot_description/meshes/collision/link4.obj
[0.732s] -- Installing: /home/sergio/ros2_ws/install/robot_description/share/robot_description/meshes/collision/link7.obj
[0.732s] -- Installing: /home/sergio/ros2_ws/install/robot_description/share/robot_description/meshes/visual
[0.732s] -- Installing: /home/sergio/ros2_ws/install/robot_description/share/robot_description/meshes/visual/link1.dae
[0.733s] -- Installing: /home/sergio/ros2_ws/install/robot_description/share/robot_description/meshes/visual/link4.dae
[0.734s] -- Installing: /home/sergio/ros2_ws/install/robot_description/share/robot_description/meshes/visual/finger.dae
[0.734s] -- Installing: /home/sergio/ros2_ws/install/robot_description/share/robot_description/meshes/visual/link5.dae
[0.735s] -- Installing: /home/sergio/ros2_ws/install/robot_description/share/robot_description/meshes/visual/hand.dae
[0.735s] -- Installing: /home/sergio/ros2_ws/install/robot_description/share/robot_description/meshes/visual/link0.dae
[0.736s] -- Installing: /home/sergio/ros2_ws/install/robot_description/share/robot_description/meshes/visual/link2.dae
[0.737s] -- Installing: /home/sergio/ros2_ws/install/robot_description/share/robot_description/meshes/visual/link6.dae
[0.737s] -- Installing: /home/sergio/ros2_ws/install/robot_description/share/robot_description/meshes/visual/link7.dae
[0.738s] -- Installing: /home/sergio/ros2_ws/install/robot_description/share/robot_description/meshes/visual/link3.dae
[0.739s] -- Installing: /home/sergio/ros2_ws/install/robot_description/share/ament_index/resource_index/package_run_dependencies/robot_description
[0.739s] -- Installing: /home/sergio/ros2_ws/install/robot_description/share/ament_index/resource_index/parent_prefix_path/robot_description
[0.739s] -- Installing: /home/sergio/ros2_ws/install/robot_description/share/robot_description/environment/ament_prefix_path.sh
[0.739s] -- Installing: /home/sergio/ros2_ws/install/robot_description/share/robot_description/environment/ament_prefix_path.dsv
[0.739s] -- Installing: /home/sergio/ros2_ws/install/robot_description/share/robot_description/environment/path.sh
[0.739s] -- Installing: /home/sergio/ros2_ws/install/robot_description/share/robot_description/environment/path.dsv
[0.739s] -- Installing: /home/sergio/ros2_ws/install/robot_description/share/robot_description/local_setup.bash
[0.739s] -- Installing: /home/sergio/ros2_ws/install/robot_description/share/robot_description/local_setup.sh
[0.739s] -- Installing: /home/sergio/ros2_ws/install/robot_description/share/robot_description/local_setup.zsh
[0.739s] -- Installing: /home/sergio/ros2_ws/install/robot_description/share/robot_description/local_setup.dsv
[0.739s] -- Installing: /home/sergio/ros2_ws/install/robot_description/share/robot_description/package.dsv
[0.739s] -- Installing: /home/sergio/ros2_ws/install/robot_description/share/ament_index/resource_index/packages/robot_description
[0.740s] -- Installing: /home/sergio/ros2_ws/install/robot_description/share/robot_description/cmake/robot_descriptionConfig.cmake
[0.740s] -- Installing: /home/sergio/ros2_ws/install/robot_description/share/robot_description/cmake/robot_descriptionConfig-version.cmake
[0.740s] -- Installing: /home/sergio/ros2_ws/install/robot_description/share/robot_description/package.xml
[0.742s] Invoked command in '/home/sergio/ros2_ws/build/robot_description' returned '0': CMAKE_PREFIX_PATH=${CMAKE_PREFIX_PATH}:/home/sergio/ros2_ws/install/p1_ej3_servidor:/home/sergio/ros2_ws/install/p1_ej3_cliente:/home/sergio/ros2_ws/install/p1_ej2_nodos_sensor:/home/sergio/ros2_ws/install/p1_ej2_nodo5:/home/sergio/ros2_ws/install/p1_ej2_nodo4:/home/sergio/ros2_ws/install/my_package:/home/sergio/ros2_ws/install/mma_talker:/home/sergio/ros2_ws/install/mma_service:/home/sergio/ros2_ws/install/mma_listener:/home/sergio/ros2_ws/install/ejercicio_tres_server:/home/sergio/ros2_ws/install/ejercicio_tres_client:/home/sergio/ros2_ws/install/ejercicio_dos:/home/sergio/ros2_ws/install/ejemplo_uno:/home/sergio/ros2_ws/install/P1_ej1_sub:/home/sergio/ros2_ws/install/P1_ej1_pub:/opt/ros/humble /usr/bin/cmake --install /home/sergio/ros2_ws/build/robot_description
