[2.816s] Invoking command in '/home/sergio/ros2_ws/build/navigation_tb3': CMAKE_PREFIX_PATH=${CMAKE_PREFIX_PATH}:/home/sergio/ros2_ws/install/trr_robot_ps:/home/sergio/ros2_ws/install/robot_nav:/home/sergio/ros2_ws/install/robot_autonomo:/home/sergio/ros2_ws/install/p2_ej3:/home/sergio/ros2_ws/install/p1_ej3_servidor:/home/sergio/ros2_ws/install/p1_ej3_cliente:/home/sergio/ros2_ws/install/p1_ej2_nodos_sensor:/home/sergio/ros2_ws/install/p1_ej2_nodo5:/home/sergio/ros2_ws/install/p1_ej2_nodo4:/home/sergio/ros2_ws/install/nodo_adc_sub:/home/sergio/ros2_ws/install/my_stage_mover:/home/sergio/ros2_ws/install/my_package:/home/sergio/ros2_ws/install/moveit_resources_pr2_description:/home/sergio/ros2_ws/install/moveit_resources_panda_description:/home/sergio/ros2_ws/install/moveit_resources_fanuc_description:/home/sergio/ros2_ws/install/mma_talker:/home/sergio/ros2_ws/install/mma_service:/home/sergio/ros2_ws/install/mma_listener:/home/sergio/ros2_ws/install/ejercicio_tres_server:/home/sergio/ros2_ws/install/ejercicio_tres_client:/home/sergio/ros2_ws/install/ejercicio_dos:/home/sergio/ros2_ws/install/ejercicio1_pkg:/home/sergio/ros2_ws/install/ejemplo_uno:/home/sergio/ros2_ws/install/auto_mover:/home/sergio/ros2_ws/install/P1_ej1_sub:/home/sergio/ros2_ws/install/P1_ej1_pub:/opt/ros/humble /usr/bin/cmake /home/sergio/ros2_ws/src/navigation_tb3 -DCMAKE_INSTALL_PREFIX=/home/sergio/ros2_ws/install/navigation_tb3
[3.054s] -- The C compiler identification is GNU 11.4.0
[3.339s] -- The CXX compiler identification is GNU 11.4.0
[3.379s] -- Detecting C compiler ABI info
[3.652s] -- Detecting C compiler ABI info - done
[3.700s] -- Check for working C compiler: /usr/bin/cc - skipped
[3.700s] -- Detecting C compile features
[3.707s] -- Detecting C compile features - done
[3.720s] -- Detecting CXX compiler ABI info
[4.059s] -- Detecting CXX compiler ABI info - done
[4.090s] -- Check for working CXX compiler: /usr/bin/c++ - skipped
[4.091s] -- Detecting CXX compile features
[4.096s] -- Detecting CXX compile features - done
[4.109s] -- Found ament_cmake: 1.3.11 (/opt/ros/humble/share/ament_cmake/cmake)
[5.087s] -- Found Python3: /usr/bin/python3 (found version "3.10.12") found components: Interpreter 
[5.976s] -- Found rclcpp: 16.0.12 (/opt/ros/humble/share/rclcpp/cmake)
[6.505s] -- Found rosidl_generator_c: 3.1.6 (/opt/ros/humble/share/rosidl_generator_c/cmake)
[6.586s] -- Found rosidl_adapter: 3.1.6 (/opt/ros/humble/share/rosidl_adapter/cmake)
[6.693s] -- Found rosidl_generator_cpp: 3.1.6 (/opt/ros/humble/share/rosidl_generator_cpp/cmake)
[6.865s] -- Using all available rosidl_typesupport_c: rosidl_typesupport_fastrtps_c;rosidl_typesupport_introspection_c
[7.116s] -- Using all available rosidl_typesupport_cpp: rosidl_typesupport_fastrtps_cpp;rosidl_typesupport_introspection_cpp
[7.805s] -- Found rmw_implementation_cmake: 6.1.2 (/opt/ros/humble/share/rmw_implementation_cmake/cmake)
[7.874s] -- Found rmw_fastrtps_cpp: 6.2.7 (/opt/ros/humble/share/rmw_fastrtps_cpp/cmake)
[8.693s] -- Found OpenSSL: /usr/lib/x86_64-linux-gnu/libcrypto.so (found version "3.0.2")  
[8.921s] -- Found FastRTPS: /opt/ros/humble/include  
[9.284s] -- Using RMW implementation 'rmw_fastrtps_cpp' as default
[9.403s] -- Looking for pthread.h
[9.879s] -- Looking for pthread.h - found
[9.880s] -- Performing Test CMAKE_HAVE_LIBC_PTHREAD
[10.385s] -- Performing Test CMAKE_HAVE_LIBC_PTHREAD - Success
[10.397s] -- Found Threads: TRUE  
[10.877s] -- Found nav_msgs: 4.8.0 (/opt/ros/humble/share/nav_msgs/cmake)
[11.179s] -- Found rclpy: 3.3.16 (/opt/ros/humble/share/rclpy/cmake)
[11.982s] -- Configuring done
[12.034s] -- Generating done
[12.069s] -- Build files have been written to: /home/sergio/ros2_ws/build/navigation_tb3
[13.069s] Invoked command in '/home/sergio/ros2_ws/build/navigation_tb3' returned '0': CMAKE_PREFIX_PATH=${CMAKE_PREFIX_PATH}:/home/sergio/ros2_ws/install/trr_robot_ps:/home/sergio/ros2_ws/install/robot_nav:/home/sergio/ros2_ws/install/robot_autonomo:/home/sergio/ros2_ws/install/p2_ej3:/home/sergio/ros2_ws/install/p1_ej3_servidor:/home/sergio/ros2_ws/install/p1_ej3_cliente:/home/sergio/ros2_ws/install/p1_ej2_nodos_sensor:/home/sergio/ros2_ws/install/p1_ej2_nodo5:/home/sergio/ros2_ws/install/p1_ej2_nodo4:/home/sergio/ros2_ws/install/nodo_adc_sub:/home/sergio/ros2_ws/install/my_stage_mover:/home/sergio/ros2_ws/install/my_package:/home/sergio/ros2_ws/install/moveit_resources_pr2_description:/home/sergio/ros2_ws/install/moveit_resources_panda_description:/home/sergio/ros2_ws/install/moveit_resources_fanuc_description:/home/sergio/ros2_ws/install/mma_talker:/home/sergio/ros2_ws/install/mma_service:/home/sergio/ros2_ws/install/mma_listener:/home/sergio/ros2_ws/install/ejercicio_tres_server:/home/sergio/ros2_ws/install/ejercicio_tres_client:/home/sergio/ros2_ws/install/ejercicio_dos:/home/sergio/ros2_ws/install/ejercicio1_pkg:/home/sergio/ros2_ws/install/ejemplo_uno:/home/sergio/ros2_ws/install/auto_mover:/home/sergio/ros2_ws/install/P1_ej1_sub:/home/sergio/ros2_ws/install/P1_ej1_pub:/opt/ros/humble /usr/bin/cmake /home/sergio/ros2_ws/src/navigation_tb3 -DCMAKE_INSTALL_PREFIX=/home/sergio/ros2_ws/install/navigation_tb3
[13.071s] Invoking command in '/home/sergio/ros2_ws/build/navigation_tb3': CMAKE_PREFIX_PATH=${CMAKE_PREFIX_PATH}:/home/sergio/ros2_ws/install/trr_robot_ps:/home/sergio/ros2_ws/install/robot_nav:/home/sergio/ros2_ws/install/robot_autonomo:/home/sergio/ros2_ws/install/p2_ej3:/home/sergio/ros2_ws/install/p1_ej3_servidor:/home/sergio/ros2_ws/install/p1_ej3_cliente:/home/sergio/ros2_ws/install/p1_ej2_nodos_sensor:/home/sergio/ros2_ws/install/p1_ej2_nodo5:/home/sergio/ros2_ws/install/p1_ej2_nodo4:/home/sergio/ros2_ws/install/nodo_adc_sub:/home/sergio/ros2_ws/install/my_stage_mover:/home/sergio/ros2_ws/install/my_package:/home/sergio/ros2_ws/install/moveit_resources_pr2_description:/home/sergio/ros2_ws/install/moveit_resources_panda_description:/home/sergio/ros2_ws/install/moveit_resources_fanuc_description:/home/sergio/ros2_ws/install/mma_talker:/home/sergio/ros2_ws/install/mma_service:/home/sergio/ros2_ws/install/mma_listener:/home/sergio/ros2_ws/install/ejercicio_tres_server:/home/sergio/ros2_ws/install/ejercicio_tres_client:/home/sergio/ros2_ws/install/ejercicio_dos:/home/sergio/ros2_ws/install/ejercicio1_pkg:/home/sergio/ros2_ws/install/ejemplo_uno:/home/sergio/ros2_ws/install/auto_mover:/home/sergio/ros2_ws/install/P1_ej1_sub:/home/sergio/ros2_ws/install/P1_ej1_pub:/opt/ros/humble /usr/bin/cmake --build /home/sergio/ros2_ws/build/navigation_tb3 -- -j16 -l16
[13.177s] [ 50%] [32mBuilding CXX object CMakeFiles/pub_occupancy_grid.dir/src/pub_occupancy_grid.cpp.o[0m
[20.882s] [100%] [32m[1mLinking CXX executable pub_occupancy_grid[0m
[21.191s] [100%] Built target pub_occupancy_grid
[21.237s] [100%] Built target ament_cmake_python_copy_navigation_tb3
[21.704s] running egg_info
[21.704s] creating navigation_tb3.egg-info
[21.705s] writing navigation_tb3.egg-info/PKG-INFO
[21.705s] writing dependency_links to navigation_tb3.egg-info/dependency_links.txt
[21.705s] writing top-level names to navigation_tb3.egg-info/top_level.txt
[21.706s] writing manifest file 'navigation_tb3.egg-info/SOURCES.txt'
[21.709s] reading manifest file 'navigation_tb3.egg-info/SOURCES.txt'
[21.711s] writing manifest file 'navigation_tb3.egg-info/SOURCES.txt'
[21.745s] [100%] Built target ament_cmake_python_build_navigation_tb3_egg
[21.759s] Invoked command in '/home/sergio/ros2_ws/build/navigation_tb3' returned '0': CMAKE_PREFIX_PATH=${CMAKE_PREFIX_PATH}:/home/sergio/ros2_ws/install/trr_robot_ps:/home/sergio/ros2_ws/install/robot_nav:/home/sergio/ros2_ws/install/robot_autonomo:/home/sergio/ros2_ws/install/p2_ej3:/home/sergio/ros2_ws/install/p1_ej3_servidor:/home/sergio/ros2_ws/install/p1_ej3_cliente:/home/sergio/ros2_ws/install/p1_ej2_nodos_sensor:/home/sergio/ros2_ws/install/p1_ej2_nodo5:/home/sergio/ros2_ws/install/p1_ej2_nodo4:/home/sergio/ros2_ws/install/nodo_adc_sub:/home/sergio/ros2_ws/install/my_stage_mover:/home/sergio/ros2_ws/install/my_package:/home/sergio/ros2_ws/install/moveit_resources_pr2_description:/home/sergio/ros2_ws/install/moveit_resources_panda_description:/home/sergio/ros2_ws/install/moveit_resources_fanuc_description:/home/sergio/ros2_ws/install/mma_talker:/home/sergio/ros2_ws/install/mma_service:/home/sergio/ros2_ws/install/mma_listener:/home/sergio/ros2_ws/install/ejercicio_tres_server:/home/sergio/ros2_ws/install/ejercicio_tres_client:/home/sergio/ros2_ws/install/ejercicio_dos:/home/sergio/ros2_ws/install/ejercicio1_pkg:/home/sergio/ros2_ws/install/ejemplo_uno:/home/sergio/ros2_ws/install/auto_mover:/home/sergio/ros2_ws/install/P1_ej1_sub:/home/sergio/ros2_ws/install/P1_ej1_pub:/opt/ros/humble /usr/bin/cmake --build /home/sergio/ros2_ws/build/navigation_tb3 -- -j16 -l16
[21.760s] Invoking command in '/home/sergio/ros2_ws/build/navigation_tb3': CMAKE_PREFIX_PATH=${CMAKE_PREFIX_PATH}:/home/sergio/ros2_ws/install/trr_robot_ps:/home/sergio/ros2_ws/install/robot_nav:/home/sergio/ros2_ws/install/robot_autonomo:/home/sergio/ros2_ws/install/p2_ej3:/home/sergio/ros2_ws/install/p1_ej3_servidor:/home/sergio/ros2_ws/install/p1_ej3_cliente:/home/sergio/ros2_ws/install/p1_ej2_nodos_sensor:/home/sergio/ros2_ws/install/p1_ej2_nodo5:/home/sergio/ros2_ws/install/p1_ej2_nodo4:/home/sergio/ros2_ws/install/nodo_adc_sub:/home/sergio/ros2_ws/install/my_stage_mover:/home/sergio/ros2_ws/install/my_package:/home/sergio/ros2_ws/install/moveit_resources_pr2_description:/home/sergio/ros2_ws/install/moveit_resources_panda_description:/home/sergio/ros2_ws/install/moveit_resources_fanuc_description:/home/sergio/ros2_ws/install/mma_talker:/home/sergio/ros2_ws/install/mma_service:/home/sergio/ros2_ws/install/mma_listener:/home/sergio/ros2_ws/install/ejercicio_tres_server:/home/sergio/ros2_ws/install/ejercicio_tres_client:/home/sergio/ros2_ws/install/ejercicio_dos:/home/sergio/ros2_ws/install/ejercicio1_pkg:/home/sergio/ros2_ws/install/ejemplo_uno:/home/sergio/ros2_ws/install/auto_mover:/home/sergio/ros2_ws/install/P1_ej1_sub:/home/sergio/ros2_ws/install/P1_ej1_pub:/opt/ros/humble /usr/bin/cmake --install /home/sergio/ros2_ws/build/navigation_tb3
[21.774s] -- Install configuration: ""
[21.775s] -- Installing: /home/sergio/ros2_ws/install/navigation_tb3/lib/navigation_tb3/pub_occupancy_grid
[21.775s] -- Set runtime path of "/home/sergio/ros2_ws/install/navigation_tb3/lib/navigation_tb3/pub_occupancy_grid" to ""
[21.775s] -- Installing: /home/sergio/ros2_ws/install/navigation_tb3/share/navigation_tb3/launch
[21.775s] -- Installing: /home/sergio/ros2_ws/install/navigation_tb3/share/navigation_tb3/launch/mapping.launch.py
[21.775s] -- Installing: /home/sergio/ros2_ws/install/navigation_tb3/share/navigation_tb3/launch/move_robot.py
[21.776s] -- Installing: /home/sergio/ros2_ws/install/navigation_tb3/share/navigation_tb3/launch/navigation.launch.py
[21.776s] -- Installing: /home/sergio/ros2_ws/install/navigation_tb3/share/navigation_tb3/config
[21.777s] -- Installing: /home/sergio/ros2_ws/install/navigation_tb3/share/navigation_tb3/config/map2.yaml
[21.777s] -- Installing: /home/sergio/ros2_ws/install/navigation_tb3/share/navigation_tb3/config/visualize.rviz
[21.778s] -- Installing: /home/sergio/ros2_ws/install/navigation_tb3/share/navigation_tb3/config/tb3_nav2_params.yaml
[21.778s] -- Installing: /home/sergio/ros2_ws/install/navigation_tb3/share/navigation_tb3/config/mapping.rviz
[21.779s] -- Installing: /home/sergio/ros2_ws/install/navigation_tb3/share/navigation_tb3/config/rosbostito.lua
[21.780s] -- Installing: /home/sergio/ros2_ws/install/navigation_tb3/share/navigation_tb3/config/mapCasa3.yaml
[21.780s] -- Installing: /home/sergio/ros2_ws/install/navigation_tb3/share/navigation_tb3/config/cuarto.pgm
[21.781s] -- Installing: /home/sergio/ros2_ws/install/navigation_tb3/share/navigation_tb3/config/turtlebot3_lds_2d.lua
[21.781s] -- Installing: /home/sergio/ros2_ws/install/navigation_tb3/share/navigation_tb3/config/mapCasa3.pgm
[21.783s] -- Installing: /home/sergio/ros2_ws/install/navigation_tb3/share/navigation_tb3/config/mappingV2.rviz
[21.783s] -- Installing: /home/sergio/ros2_ws/install/navigation_tb3/share/navigation_tb3/config/tb3_map.pgm
[21.784s] -- Installing: /home/sergio/ros2_ws/install/navigation_tb3/share/navigation_tb3/config/navigation.rviz
[21.785s] -- Installing: /home/sergio/ros2_ws/install/navigation_tb3/share/navigation_tb3/config/map2.pgm
[21.785s] -- Installing: /home/sergio/ros2_ws/install/navigation_tb3/share/navigation_tb3/config/pioneer.lua
[21.785s] -- Installing: /home/sergio/ros2_ws/install/navigation_tb3/share/navigation_tb3/config/tb3_map.yaml
[21.786s] -- Installing: /home/sergio/ros2_ws/install/navigation_tb3/share/navigation_tb3/config/cuarto.yaml
[21.786s] -- Installing: /home/sergio/ros2_ws/install/navigation_tb3/share/navigation_tb3/environment/pythonpath.sh
[21.786s] -- Installing: /home/sergio/ros2_ws/install/navigation_tb3/share/navigation_tb3/environment/pythonpath.dsv
[21.787s] -- Installing: /home/sergio/ros2_ws/install/navigation_tb3/local/lib/python3.10/dist-packages/navigation_tb3-0.0.0-py3.10.egg-info
[21.787s] -- Installing: /home/sergio/ros2_ws/install/navigation_tb3/local/lib/python3.10/dist-packages/navigation_tb3-0.0.0-py3.10.egg-info/PKG-INFO
[21.787s] -- Installing: /home/sergio/ros2_ws/install/navigation_tb3/local/lib/python3.10/dist-packages/navigation_tb3-0.0.0-py3.10.egg-info/SOURCES.txt
[21.787s] -- Installing: /home/sergio/ros2_ws/install/navigation_tb3/local/lib/python3.10/dist-packages/navigation_tb3-0.0.0-py3.10.egg-info/top_level.txt
[21.788s] -- Installing: /home/sergio/ros2_ws/install/navigation_tb3/local/lib/python3.10/dist-packages/navigation_tb3-0.0.0-py3.10.egg-info/dependency_links.txt
[21.788s] -- Installing: /home/sergio/ros2_ws/install/navigation_tb3/local/lib/python3.10/dist-packages/navigation_tb3
[21.788s] -- Installing: /home/sergio/ros2_ws/install/navigation_tb3/local/lib/python3.10/dist-packages/navigation_tb3/__init__.py
[21.882s] Listing '/home/sergio/ros2_ws/install/navigation_tb3/local/lib/python3.10/dist-packages/navigation_tb3'...
[21.882s] Compiling '/home/sergio/ros2_ws/install/navigation_tb3/local/lib/python3.10/dist-packages/navigation_tb3/__init__.py'...
[21.889s] -- Installing: /home/sergio/ros2_ws/install/navigation_tb3/lib/navigation_tb3/single_goal_nav.py
[21.889s] -- Installing: /home/sergio/ros2_ws/install/navigation_tb3/lib/navigation_tb3/multi_waypoints.py
[21.890s] -- Installing: /home/sergio/ros2_ws/install/navigation_tb3/share/ament_index/resource_index/package_run_dependencies/navigation_tb3
[21.890s] -- Installing: /home/sergio/ros2_ws/install/navigation_tb3/share/ament_index/resource_index/parent_prefix_path/navigation_tb3
[21.891s] -- Installing: /home/sergio/ros2_ws/install/navigation_tb3/share/navigation_tb3/environment/ament_prefix_path.sh
[21.891s] -- Installing: /home/sergio/ros2_ws/install/navigation_tb3/share/navigation_tb3/environment/ament_prefix_path.dsv
[21.891s] -- Installing: /home/sergio/ros2_ws/install/navigation_tb3/share/navigation_tb3/environment/path.sh
[21.891s] -- Installing: /home/sergio/ros2_ws/install/navigation_tb3/share/navigation_tb3/environment/path.dsv
[21.892s] -- Installing: /home/sergio/ros2_ws/install/navigation_tb3/share/navigation_tb3/local_setup.bash
[21.892s] -- Installing: /home/sergio/ros2_ws/install/navigation_tb3/share/navigation_tb3/local_setup.sh
[21.892s] -- Installing: /home/sergio/ros2_ws/install/navigation_tb3/share/navigation_tb3/local_setup.zsh
[21.892s] -- Installing: /home/sergio/ros2_ws/install/navigation_tb3/share/navigation_tb3/local_setup.dsv
[21.892s] -- Installing: /home/sergio/ros2_ws/install/navigation_tb3/share/navigation_tb3/package.dsv
[21.895s] -- Installing: /home/sergio/ros2_ws/install/navigation_tb3/share/ament_index/resource_index/packages/navigation_tb3
[21.895s] -- Installing: /home/sergio/ros2_ws/install/navigation_tb3/share/navigation_tb3/cmake/navigation_tb3Config.cmake
[21.895s] -- Installing: /home/sergio/ros2_ws/install/navigation_tb3/share/navigation_tb3/cmake/navigation_tb3Config-version.cmake
[21.895s] -- Installing: /home/sergio/ros2_ws/install/navigation_tb3/share/navigation_tb3/package.xml
[21.900s] Invoked command in '/home/sergio/ros2_ws/build/navigation_tb3' returned '0': CMAKE_PREFIX_PATH=${CMAKE_PREFIX_PATH}:/home/sergio/ros2_ws/install/trr_robot_ps:/home/sergio/ros2_ws/install/robot_nav:/home/sergio/ros2_ws/install/robot_autonomo:/home/sergio/ros2_ws/install/p2_ej3:/home/sergio/ros2_ws/install/p1_ej3_servidor:/home/sergio/ros2_ws/install/p1_ej3_cliente:/home/sergio/ros2_ws/install/p1_ej2_nodos_sensor:/home/sergio/ros2_ws/install/p1_ej2_nodo5:/home/sergio/ros2_ws/install/p1_ej2_nodo4:/home/sergio/ros2_ws/install/nodo_adc_sub:/home/sergio/ros2_ws/install/my_stage_mover:/home/sergio/ros2_ws/install/my_package:/home/sergio/ros2_ws/install/moveit_resources_pr2_description:/home/sergio/ros2_ws/install/moveit_resources_panda_description:/home/sergio/ros2_ws/install/moveit_resources_fanuc_description:/home/sergio/ros2_ws/install/mma_talker:/home/sergio/ros2_ws/install/mma_service:/home/sergio/ros2_ws/install/mma_listener:/home/sergio/ros2_ws/install/ejercicio_tres_server:/home/sergio/ros2_ws/install/ejercicio_tres_client:/home/sergio/ros2_ws/install/ejercicio_dos:/home/sergio/ros2_ws/install/ejercicio1_pkg:/home/sergio/ros2_ws/install/ejemplo_uno:/home/sergio/ros2_ws/install/auto_mover:/home/sergio/ros2_ws/install/P1_ej1_sub:/home/sergio/ros2_ws/install/P1_ej1_pub:/opt/ros/humble /usr/bin/cmake --install /home/sergio/ros2_ws/build/navigation_tb3
