[5.659s] Invoking command in '/home/sergio/ros2_ws/src/auto_mover': PYTHONPATH=/home/sergio/ros2_ws/build/auto_mover/prefix_override:/usr/lib/python3/dist-packages/colcon_core/task/python/colcon_distutils_commands:/home/sergio/ros2_ws/install/auto_mover/lib/python3.10/site-packages:${PYTHONPATH} /usr/bin/python3 -W ignore:setup.py install is deprecated -W ignore:easy_install command is deprecated setup.py egg_info --egg-base ../../build/auto_mover build --build-base /home/sergio/ros2_ws/build/auto_mover/build install --record /home/sergio/ros2_ws/build/auto_mover/install.log --single-version-externally-managed install_data
[6.931s] running egg_info
[6.932s] writing ../../build/auto_mover/auto_mover.egg-info/PKG-INFO
[6.933s] writing dependency_links to ../../build/auto_mover/auto_mover.egg-info/dependency_links.txt
[6.933s] writing entry points to ../../build/auto_mover/auto_mover.egg-info/entry_points.txt
[6.933s] writing requirements to ../../build/auto_mover/auto_mover.egg-info/requires.txt
[6.934s] writing top-level names to ../../build/auto_mover/auto_mover.egg-info/top_level.txt
[6.938s] reading manifest file '../../build/auto_mover/auto_mover.egg-info/SOURCES.txt'
[6.940s] writing manifest file '../../build/auto_mover/auto_mover.egg-info/SOURCES.txt'
[6.941s] running build
[6.941s] running build_py
[6.942s] running install
[6.942s] running install_lib
[6.949s] running install_data
[6.949s] running install_egg_info
[6.952s] removing '/home/sergio/ros2_ws/install/auto_mover/lib/python3.10/site-packages/auto_mover-0.0.0-py3.10.egg-info' (and everything under it)
[6.953s] Copying ../../build/auto_mover/auto_mover.egg-info to /home/sergio/ros2_ws/install/auto_mover/lib/python3.10/site-packages/auto_mover-0.0.0-py3.10.egg-info
[6.955s] running install_scripts
[7.014s] Installing move_node script to /home/sergio/ros2_ws/install/auto_mover/lib/auto_mover
[7.015s] writing list of installed files to '/home/sergio/ros2_ws/build/auto_mover/install.log'
[7.393s] Invoked command in '/home/sergio/ros2_ws/src/auto_mover' returned '0': PYTHONPATH=/home/sergio/ros2_ws/build/auto_mover/prefix_override:/usr/lib/python3/dist-packages/colcon_core/task/python/colcon_distutils_commands:/home/sergio/ros2_ws/install/auto_mover/lib/python3.10/site-packages:${PYTHONPATH} /usr/bin/python3 -W ignore:setup.py install is deprecated -W ignore:easy_install command is deprecated setup.py egg_info --egg-base ../../build/auto_mover build --build-base /home/sergio/ros2_ws/build/auto_mover/build install --record /home/sergio/ros2_ws/build/auto_mover/install.log --single-version-externally-managed install_data
