[2.060s] Invoking command in '/home/sergio/ros2_ws/src/mma_listener': PYTHONPATH=/home/sergio/ros2_ws/build/mma_listener/prefix_override:/home/sergio/.espressif/python_env/idf5.2_py3.10_env/lib/python3.10/site-packages/colcon_core/task/python/colcon_distutils_commands:/home/sergio/ros2_ws/install/mma_listener/lib/python3.10/site-packages:${PYTHONPATH} /home/sergio/.espressif/python_env/idf5.2_py3.10_env/bin/python3 -W ignore:setup.py install is deprecated -W ignore:easy_install command is deprecated setup.py egg_info --egg-base ../../build/mma_listener build --build-base /home/sergio/ros2_ws/build/mma_listener/build install --record /home/sergio/ros2_ws/build/mma_listener/install.log --single-version-externally-managed install_data
[2.408s] running egg_info
[2.422s] writing ../../build/mma_listener/mma_listener.egg-info/PKG-INFO
[2.423s] writing dependency_links to ../../build/mma_listener/mma_listener.egg-info/dependency_links.txt
[2.423s] writing entry points to ../../build/mma_listener/mma_listener.egg-info/entry_points.txt
[2.423s] writing requirements to ../../build/mma_listener/mma_listener.egg-info/requires.txt
[2.424s] writing top-level names to ../../build/mma_listener/mma_listener.egg-info/top_level.txt
[2.465s] reading manifest file '../../build/mma_listener/mma_listener.egg-info/SOURCES.txt'
[2.466s] writing manifest file '../../build/mma_listener/mma_listener.egg-info/SOURCES.txt'
[2.466s] running build
[2.466s] running build_py
[2.467s] copying mma_listener/__init__.py -> /home/sergio/ros2_ws/build/mma_listener/build/lib/mma_listener
[2.467s] copying mma_listener/listener.py -> /home/sergio/ros2_ws/build/mma_listener/build/lib/mma_listener
[2.467s] running install
[2.473s] running install_lib
[2.488s] running install_data
[2.489s] copying resource/mma_listener -> /home/sergio/ros2_ws/install/mma_listener/share/ament_index/resource_index/packages
[2.489s] copying package.xml -> /home/sergio/ros2_ws/install/mma_listener/share/mma_listener
[2.489s] running install_egg_info
[2.504s] removing '/home/sergio/ros2_ws/install/mma_listener/lib/python3.10/site-packages/mma_listener-0.0.0-py3.10.egg-info' (and everything under it)
[2.505s] Copying ../../build/mma_listener/mma_listener.egg-info to /home/sergio/ros2_ws/install/mma_listener/lib/python3.10/site-packages/mma_listener-0.0.0-py3.10.egg-info
[2.505s] running install_scripts
[2.623s] Installing listener script to /home/sergio/ros2_ws/install/mma_listener/lib/mma_listener
[2.623s] writing list of installed files to '/home/sergio/ros2_ws/build/mma_listener/install.log'
[4.068s] Invoked command in '/home/sergio/ros2_ws/src/mma_listener' returned '0': PYTHONPATH=/home/sergio/ros2_ws/build/mma_listener/prefix_override:/home/sergio/.espressif/python_env/idf5.2_py3.10_env/lib/python3.10/site-packages/colcon_core/task/python/colcon_distutils_commands:/home/sergio/ros2_ws/install/mma_listener/lib/python3.10/site-packages:${PYTHONPATH} /home/sergio/.espressif/python_env/idf5.2_py3.10_env/bin/python3 -W ignore:setup.py install is deprecated -W ignore:easy_install command is deprecated setup.py egg_info --egg-base ../../build/mma_listener build --build-base /home/sergio/ros2_ws/build/mma_listener/build install --record /home/sergio/ros2_ws/build/mma_listener/install.log --single-version-externally-managed install_data
