[0.609s] Invoking command in '/home/sergio/ros2_ws/build/mma_interfaces': CMAKE_PREFIX_PATH=${CMAKE_PREFIX_PATH}:/home/sergio/ros2_ws/install/trr_robot_ps:/home/sergio/ros2_ws/install/robot_nav:/home/sergio/ros2_ws/install/robot_autonomo:/home/sergio/ros2_ws/install/pico_control_pub:/home/sergio/ros2_ws/install/p2_ej3:/home/sergio/ros2_ws/install/p1_ej3_servidor:/home/sergio/ros2_ws/install/p1_ej3_cliente:/home/sergio/ros2_ws/install/p1_ej2_nodos_sensor:/home/sergio/ros2_ws/install/p1_ej2_nodo5:/home/sergio/ros2_ws/install/p1_ej2_nodo4:/home/sergio/ros2_ws/install/nodo_adc_sub:/home/sergio/ros2_ws/install/my_stage_mover:/home/sergio/ros2_ws/install/my_package:/home/sergio/ros2_ws/install/mma_talker:/home/sergio/ros2_ws/install/mma_service:/home/sergio/ros2_ws/install/mma_listener:/home/sergio/ros2_ws/install/ejercicio_tres_server:/home/sergio/ros2_ws/install/ejercicio_tres_client:/home/sergio/ros2_ws/install/ejercicio_dos:/home/sergio/ros2_ws/install/ejercicio1_pkg:/home/sergio/ros2_ws/install/ejemplo_uno:/home/sergio/ros2_ws/install/cam_viewer:/home/sergio/ros2_ws/install/auto_mover:/home/sergio/ros2_ws/install/P1_ej1_sub:/home/sergio/ros2_ws/install/P1_ej1_pub:/opt/ros/humble /usr/bin/cmake --build /home/sergio/ros2_ws/build/mma_interfaces -- -j16 -l16
[0.764s] [  2%] Built target mma_interfaces__cpp
[0.770s] [ 12%] Built target mma_interfaces__rosidl_generator_c
[0.787s] [ 12%] Built target ament_cmake_python_copy_mma_interfaces
[0.831s] [ 23%] Built target mma_interfaces__rosidl_typesupport_cpp
[0.832s] [ 34%] Built target mma_interfaces__rosidl_typesupport_fastrtps_cpp
[0.839s] [ 44%] Built target mma_interfaces__rosidl_typesupport_introspection_cpp
[0.859s] [ 55%] Built target mma_interfaces__rosidl_typesupport_introspection_c
[0.861s] [ 65%] Built target mma_interfaces__rosidl_typesupport_fastrtps_c
[0.880s] [ 76%] Built target mma_interfaces__rosidl_typesupport_c
[0.947s] [ 76%] Built target mma_interfaces
[1.041s] [ 78%] Built target mma_interfaces__py
[1.135s] [ 87%] Built target mma_interfaces__rosidl_generator_py
[1.237s] [ 93%] Built target mma_interfaces__rosidl_typesupport_fastrtps_c__pyext
[1.237s] [ 95%] Built target mma_interfaces__rosidl_typesupport_c__pyext
[1.242s] [100%] Built target mma_interfaces__rosidl_typesupport_introspection_c__pyext
[1.746s] running egg_info
[1.747s] writing mma_interfaces.egg-info/PKG-INFO
[1.748s] writing dependency_links to mma_interfaces.egg-info/dependency_links.txt
[1.749s] writing top-level names to mma_interfaces.egg-info/top_level.txt
[1.757s] reading manifest file 'mma_interfaces.egg-info/SOURCES.txt'
[1.759s] writing manifest file 'mma_interfaces.egg-info/SOURCES.txt'
[1.821s] [100%] Built target ament_cmake_python_build_mma_interfaces_egg
[2.270s] Invoked command in '/home/sergio/ros2_ws/build/mma_interfaces' returned '0': CMAKE_PREFIX_PATH=${CMAKE_PREFIX_PATH}:/home/sergio/ros2_ws/install/trr_robot_ps:/home/sergio/ros2_ws/install/robot_nav:/home/sergio/ros2_ws/install/robot_autonomo:/home/sergio/ros2_ws/install/pico_control_pub:/home/sergio/ros2_ws/install/p2_ej3:/home/sergio/ros2_ws/install/p1_ej3_servidor:/home/sergio/ros2_ws/install/p1_ej3_cliente:/home/sergio/ros2_ws/install/p1_ej2_nodos_sensor:/home/sergio/ros2_ws/install/p1_ej2_nodo5:/home/sergio/ros2_ws/install/p1_ej2_nodo4:/home/sergio/ros2_ws/install/nodo_adc_sub:/home/sergio/ros2_ws/install/my_stage_mover:/home/sergio/ros2_ws/install/my_package:/home/sergio/ros2_ws/install/mma_talker:/home/sergio/ros2_ws/install/mma_service:/home/sergio/ros2_ws/install/mma_listener:/home/sergio/ros2_ws/install/ejercicio_tres_server:/home/sergio/ros2_ws/install/ejercicio_tres_client:/home/sergio/ros2_ws/install/ejercicio_dos:/home/sergio/ros2_ws/install/ejercicio1_pkg:/home/sergio/ros2_ws/install/ejemplo_uno:/home/sergio/ros2_ws/install/cam_viewer:/home/sergio/ros2_ws/install/auto_mover:/home/sergio/ros2_ws/install/P1_ej1_sub:/home/sergio/ros2_ws/install/P1_ej1_pub:/opt/ros/humble /usr/bin/cmake --build /home/sergio/ros2_ws/build/mma_interfaces -- -j16 -l16
[2.271s] Invoking command in '/home/sergio/ros2_ws/build/mma_interfaces': CMAKE_PREFIX_PATH=${CMAKE_PREFIX_PATH}:/home/sergio/ros2_ws/install/trr_robot_ps:/home/sergio/ros2_ws/install/robot_nav:/home/sergio/ros2_ws/install/robot_autonomo:/home/sergio/ros2_ws/install/pico_control_pub:/home/sergio/ros2_ws/install/p2_ej3:/home/sergio/ros2_ws/install/p1_ej3_servidor:/home/sergio/ros2_ws/install/p1_ej3_cliente:/home/sergio/ros2_ws/install/p1_ej2_nodos_sensor:/home/sergio/ros2_ws/install/p1_ej2_nodo5:/home/sergio/ros2_ws/install/p1_ej2_nodo4:/home/sergio/ros2_ws/install/nodo_adc_sub:/home/sergio/ros2_ws/install/my_stage_mover:/home/sergio/ros2_ws/install/my_package:/home/sergio/ros2_ws/install/mma_talker:/home/sergio/ros2_ws/install/mma_service:/home/sergio/ros2_ws/install/mma_listener:/home/sergio/ros2_ws/install/ejercicio_tres_server:/home/sergio/ros2_ws/install/ejercicio_tres_client:/home/sergio/ros2_ws/install/ejercicio_dos:/home/sergio/ros2_ws/install/ejercicio1_pkg:/home/sergio/ros2_ws/install/ejemplo_uno:/home/sergio/ros2_ws/install/cam_viewer:/home/sergio/ros2_ws/install/auto_mover:/home/sergio/ros2_ws/install/P1_ej1_sub:/home/sergio/ros2_ws/install/P1_ej1_pub:/opt/ros/humble /usr/bin/cmake --install /home/sergio/ros2_ws/build/mma_interfaces
