[3.275s] Invoking command in '/home/sergio/ros2_ws/src/mma_talker': PYTHONPATH=/home/sergio/ros2_ws/build/mma_talker/prefix_override:/home/sergio/.espressif/python_env/idf5.2_py3.10_env/lib/python3.10/site-packages/colcon_core/task/python/colcon_distutils_commands:/home/sergio/ros2_ws/install/mma_talker/lib/python3.10/site-packages:${PYTHONPATH} /home/sergio/.espressif/python_env/idf5.2_py3.10_env/bin/python3 -W ignore:setup.py install is deprecated -W ignore:easy_install command is deprecated setup.py egg_info --egg-base ../../build/mma_talker build --build-base /home/sergio/ros2_ws/build/mma_talker/build install --record /home/sergio/ros2_ws/build/mma_talker/install.log --single-version-externally-managed install_data
[3.779s] running egg_info
[3.796s] writing ../../build/mma_talker/mma_talker.egg-info/PKG-INFO
[3.797s] writing dependency_links to ../../build/mma_talker/mma_talker.egg-info/dependency_links.txt
[3.798s] writing entry points to ../../build/mma_talker/mma_talker.egg-info/entry_points.txt
[3.798s] writing requirements to ../../build/mma_talker/mma_talker.egg-info/requires.txt
[3.798s] writing top-level names to ../../build/mma_talker/mma_talker.egg-info/top_level.txt
[3.850s] reading manifest file '../../build/mma_talker/mma_talker.egg-info/SOURCES.txt'
[3.852s] writing manifest file '../../build/mma_talker/mma_talker.egg-info/SOURCES.txt'
[3.852s] running build
[3.854s] running build_py
[3.855s] copying mma_talker/mma_talker.py -> /home/sergio/ros2_ws/build/mma_talker/build/lib/mma_talker
[3.855s] copying mma_talker/__init__.py -> /home/sergio/ros2_ws/build/mma_talker/build/lib/mma_talker
[3.855s] copying mma_talker/talker.py -> /home/sergio/ros2_ws/build/mma_talker/build/lib/mma_talker
[3.855s] running install
[3.865s] running install_lib
[3.898s] running install_data
[3.899s] copying resource/mma_talker -> /home/sergio/ros2_ws/install/mma_talker/share/ament_index/resource_index/packages
[3.899s] copying package.xml -> /home/sergio/ros2_ws/install/mma_talker/share/mma_talker
[3.899s] running install_egg_info
[3.932s] removing '/home/sergio/ros2_ws/install/mma_talker/lib/python3.10/site-packages/mma_talker-0.0.0-py3.10.egg-info' (and everything under it)
[3.934s] Copying ../../build/mma_talker/mma_talker.egg-info to /home/sergio/ros2_ws/install/mma_talker/lib/python3.10/site-packages/mma_talker-0.0.0-py3.10.egg-info
[3.935s] running install_scripts
[4.161s] Installing mma_talker script to /home/sergio/ros2_ws/install/mma_talker/lib/mma_talker
[4.162s] Installing talker script to /home/sergio/ros2_ws/install/mma_talker/lib/mma_talker
[4.163s] writing list of installed files to '/home/sergio/ros2_ws/build/mma_talker/install.log'
[4.413s] Invoked command in '/home/sergio/ros2_ws/src/mma_talker' returned '0': PYTHONPATH=/home/sergio/ros2_ws/build/mma_talker/prefix_override:/home/sergio/.espressif/python_env/idf5.2_py3.10_env/lib/python3.10/site-packages/colcon_core/task/python/colcon_distutils_commands:/home/sergio/ros2_ws/install/mma_talker/lib/python3.10/site-packages:${PYTHONPATH} /home/sergio/.espressif/python_env/idf5.2_py3.10_env/bin/python3 -W ignore:setup.py install is deprecated -W ignore:easy_install command is deprecated setup.py egg_info --egg-base ../../build/mma_talker build --build-base /home/sergio/ros2_ws/build/mma_talker/build install --record /home/sergio/ros2_ws/build/mma_talker/install.log --single-version-externally-managed install_data
