[3.380s] Invoking command in '/home/sergio/ros2_ws/src/pico_control_pub': PYTHONPATH=/home/sergio/ros2_ws/build/pico_control_pub/prefix_override:/home/sergio/.espressif/python_env/idf5.2_py3.10_env/lib/python3.10/site-packages/colcon_core/task/python/colcon_distutils_commands:/home/sergio/ros2_ws/install/pico_control_pub/lib/python3.10/site-packages:${PYTHONPATH} /home/sergio/.espressif/python_env/idf5.2_py3.10_env/bin/python3 -W ignore:setup.py install is deprecated -W ignore:easy_install command is deprecated setup.py egg_info --egg-base ../../build/pico_control_pub build --build-base /home/sergio/ros2_ws/build/pico_control_pub/build install --record /home/sergio/ros2_ws/build/pico_control_pub/install.log --single-version-externally-managed install_data
[4.120s] running egg_info
[4.158s] writing ../../build/pico_control_pub/pico_control_pub.egg-info/PKG-INFO
[4.163s] writing dependency_links to ../../build/pico_control_pub/pico_control_pub.egg-info/dependency_links.txt
[4.163s] writing entry points to ../../build/pico_control_pub/pico_control_pub.egg-info/entry_points.txt
[4.163s] writing requirements to ../../build/pico_control_pub/pico_control_pub.egg-info/requires.txt
[4.163s] writing top-level names to ../../build/pico_control_pub/pico_control_pub.egg-info/top_level.txt
[4.232s] reading manifest file '../../build/pico_control_pub/pico_control_pub.egg-info/SOURCES.txt'
[4.236s] writing manifest file '../../build/pico_control_pub/pico_control_pub.egg-info/SOURCES.txt'
[4.237s] running build
[4.237s] running build_py
[4.237s] copying pico_control_pub/__init__.py -> /home/sergio/ros2_ws/build/pico_control_pub/build/lib/pico_control_pub
[4.237s] copying pico_control_pub/publisher.py -> /home/sergio/ros2_ws/build/pico_control_pub/build/lib/pico_control_pub
[4.237s] copying pico_control_pub/auto.py -> /home/sergio/ros2_ws/build/pico_control_pub/build/lib/pico_control_pub
[4.237s] running install
[4.241s] running install_lib
[4.276s] copying /home/sergio/ros2_ws/build/pico_control_pub/build/lib/pico_control_pub/auto.py -> /home/sergio/ros2_ws/install/pico_control_pub/lib/python3.10/site-packages/pico_control_pub
[4.276s] byte-compiling /home/sergio/ros2_ws/install/pico_control_pub/lib/python3.10/site-packages/pico_control_pub/auto.py to auto.cpython-310.pyc
[4.277s] running install_data
[4.277s] copying resource/pico_control_pub -> /home/sergio/ros2_ws/install/pico_control_pub/share/ament_index/resource_index/packages
[4.278s] copying package.xml -> /home/sergio/ros2_ws/install/pico_control_pub/share/pico_control_pub
[4.278s] running install_egg_info
[4.325s] removing '/home/sergio/ros2_ws/install/pico_control_pub/lib/python3.10/site-packages/pico_control_pub-0.0.0-py3.10.egg-info' (and everything under it)
[4.325s] Copying ../../build/pico_control_pub/pico_control_pub.egg-info to /home/sergio/ros2_ws/install/pico_control_pub/lib/python3.10/site-packages/pico_control_pub-0.0.0-py3.10.egg-info
[4.325s] running install_scripts
[4.529s] Installing auto script to /home/sergio/ros2_ws/install/pico_control_pub/lib/pico_control_pub
[4.529s] Installing publisher script to /home/sergio/ros2_ws/install/pico_control_pub/lib/pico_control_pub
[4.530s] writing list of installed files to '/home/sergio/ros2_ws/build/pico_control_pub/install.log'
[4.592s] Invoked command in '/home/sergio/ros2_ws/src/pico_control_pub' returned '0': PYTHONPATH=/home/sergio/ros2_ws/build/pico_control_pub/prefix_override:/home/sergio/.espressif/python_env/idf5.2_py3.10_env/lib/python3.10/site-packages/colcon_core/task/python/colcon_distutils_commands:/home/sergio/ros2_ws/install/pico_control_pub/lib/python3.10/site-packages:${PYTHONPATH} /home/sergio/.espressif/python_env/idf5.2_py3.10_env/bin/python3 -W ignore:setup.py install is deprecated -W ignore:easy_install command is deprecated setup.py egg_info --egg-base ../../build/pico_control_pub build --build-base /home/sergio/ros2_ws/build/pico_control_pub/build install --record /home/sergio/ros2_ws/build/pico_control_pub/install.log --single-version-externally-managed install_data
