[2.009s] Invoking command in '/home/sergio/ros2_ws/src/robot_nav': PYTHONPATH=/home/sergio/ros2_ws/build/robot_nav/prefix_override:/usr/lib/python3/dist-packages/colcon_core/task/python/colcon_distutils_commands:/home/sergio/ros2_ws/install/robot_nav/lib/python3.10/site-packages:${PYTHONPATH} /usr/bin/python3 -W ignore:setup.py install is deprecated -W ignore:easy_install command is deprecated setup.py egg_info --egg-base ../../build/robot_nav build --build-base /home/sergio/ros2_ws/build/robot_nav/build install --record /home/sergio/ros2_ws/build/robot_nav/install.log --single-version-externally-managed install_data
[2.373s] running egg_info
[2.374s] writing ../../build/robot_nav/robot_nav.egg-info/PKG-INFO
[2.375s] writing dependency_links to ../../build/robot_nav/robot_nav.egg-info/dependency_links.txt
[2.375s] writing entry points to ../../build/robot_nav/robot_nav.egg-info/entry_points.txt
[2.375s] writing requirements to ../../build/robot_nav/robot_nav.egg-info/requires.txt
[2.375s] writing top-level names to ../../build/robot_nav/robot_nav.egg-info/top_level.txt
[2.378s] reading manifest file '../../build/robot_nav/robot_nav.egg-info/SOURCES.txt'
[2.379s] writing manifest file '../../build/robot_nav/robot_nav.egg-info/SOURCES.txt'
[2.379s] running build
[2.379s] running build_py
[2.381s] running install
[2.381s] running install_lib
[2.381s] running install_data
[2.381s] copying launch/bringup.launch.py -> /home/sergio/ros2_ws/install/robot_nav/share/robot_nav/launch
[2.382s] running install_egg_info
[2.383s] removing '/home/sergio/ros2_ws/install/robot_nav/lib/python3.10/site-packages/robot_nav-0.0.0-py3.10.egg-info' (and everything under it)
[2.383s] Copying ../../build/robot_nav/robot_nav.egg-info to /home/sergio/ros2_ws/install/robot_nav/lib/python3.10/site-packages/robot_nav-0.0.0-py3.10.egg-info
[2.385s] running install_scripts
[2.406s] Installing a_star_planner script to /home/sergio/ros2_ws/install/robot_nav/lib/robot_nav
[2.406s] Installing avoid_obstacles script to /home/sergio/ros2_ws/install/robot_nav/lib/robot_nav
[2.407s] Installing path_follower script to /home/sergio/ros2_ws/install/robot_nav/lib/robot_nav
[2.407s] Installing path_planner script to /home/sergio/ros2_ws/install/robot_nav/lib/robot_nav
[2.407s] writing list of installed files to '/home/sergio/ros2_ws/build/robot_nav/install.log'
[2.430s] Invoked command in '/home/sergio/ros2_ws/src/robot_nav' returned '0': PYTHONPATH=/home/sergio/ros2_ws/build/robot_nav/prefix_override:/usr/lib/python3/dist-packages/colcon_core/task/python/colcon_distutils_commands:/home/sergio/ros2_ws/install/robot_nav/lib/python3.10/site-packages:${PYTHONPATH} /usr/bin/python3 -W ignore:setup.py install is deprecated -W ignore:easy_install command is deprecated setup.py egg_info --egg-base ../../build/robot_nav build --build-base /home/sergio/ros2_ws/build/robot_nav/build install --record /home/sergio/ros2_ws/build/robot_nav/install.log --single-version-externally-managed install_data
