[3.912s] Invoking command in '/home/sergio/ros2_ws/build/ejercicio_tres_interface': CMAKE_PREFIX_PATH=${CMAKE_PREFIX_PATH}:/home/sergio/ros2_ws/install/trr_robot_ps:/home/sergio/ros2_ws/install/robot_nav:/home/sergio/ros2_ws/install/robot_autonomo:/home/sergio/ros2_ws/install/p2_ej3:/home/sergio/ros2_ws/install/p1_ej3_servidor:/home/sergio/ros2_ws/install/p1_ej3_cliente:/home/sergio/ros2_ws/install/p1_ej2_nodos_sensor:/home/sergio/ros2_ws/install/p1_ej2_nodo5:/home/sergio/ros2_ws/install/p1_ej2_nodo4:/home/sergio/ros2_ws/install/nodo_adc_sub:/home/sergio/ros2_ws/install/my_stage_mover:/home/sergio/ros2_ws/install/my_package:/home/sergio/ros2_ws/install/moveit_resources_pr2_description:/home/sergio/ros2_ws/install/moveit_resources_panda_description:/home/sergio/ros2_ws/install/moveit_resources_fanuc_description:/home/sergio/ros2_ws/install/mma_talker:/home/sergio/ros2_ws/install/mma_service:/home/sergio/ros2_ws/install/mma_listener:/home/sergio/ros2_ws/install/ejercicio_tres_server:/home/sergio/ros2_ws/install/ejercicio_tres_client:/home/sergio/ros2_ws/install/ejercicio_dos:/home/sergio/ros2_ws/install/ejercicio1_pkg:/home/sergio/ros2_ws/install/ejemplo_uno:/home/sergio/ros2_ws/install/auto_mover:/home/sergio/ros2_ws/install/P1_ej1_sub:/home/sergio/ros2_ws/install/P1_ej1_pub:/opt/ros/humble /usr/bin/cmake /home/sergio/ros2_ws/src/ejercicio_tres_interface -DCMAKE_INSTALL_PREFIX=/home/sergio/ros2_ws/install/ejercicio_tres_interface
[4.020s] -- The C compiler identification is GNU 11.4.0
[4.316s] -- The CXX compiler identification is GNU 11.4.0
[4.376s] -- Detecting C compiler ABI info
[4.671s] -- Detecting C compiler ABI info - done
[4.704s] -- Check for working C compiler: /usr/bin/cc - skipped
[4.704s] -- Detecting C compile features
[4.705s] -- Detecting C compile features - done
[4.716s] -- Detecting CXX compiler ABI info
[5.222s] -- Detecting CXX compiler ABI info - done
[5.262s] -- Check for working CXX compiler: /usr/bin/c++ - skipped
[5.262s] -- Detecting CXX compile features
[5.262s] -- Detecting CXX compile features - done
[5.278s] -- Found ament_cmake: 1.3.11 (/opt/ros/humble/share/ament_cmake/cmake)
[6.132s] -- Found Python3: /usr/bin/python3 (found version "3.10.12") found components: Interpreter 
[6.933s] -- Found rosidl_default_generators: 1.2.0 (/opt/ros/humble/share/rosidl_default_generators/cmake)
[6.990s] -- Using all available rosidl_typesupport_c: rosidl_typesupport_fastrtps_c;rosidl_typesupport_introspection_c
[7.043s] -- Found rosidl_adapter: 3.1.6 (/opt/ros/humble/share/rosidl_adapter/cmake)
[7.315s] -- Using all available rosidl_typesupport_cpp: rosidl_typesupport_fastrtps_cpp;rosidl_typesupport_introspection_cpp
[8.568s] -- Found ament_cmake_ros: 0.10.0 (/opt/ros/humble/share/ament_cmake_ros/cmake)
[9.538s] -- Using all available rosidl_typesupport_c: rosidl_typesupport_fastrtps_c;rosidl_typesupport_introspection_c
[10.878s] -- Using all available rosidl_typesupport_cpp: rosidl_typesupport_fastrtps_cpp;rosidl_typesupport_introspection_cpp
[11.012s] -- Found PythonInterp: /usr/bin/python3 (found suitable version "3.10.12", minimum required is "3.6") 
[11.025s] -- Found python_cmake_module: 0.10.0 (/opt/ros/humble/share/python_cmake_module/cmake)
[11.163s] -- Found PythonLibs: /usr/lib/x86_64-linux-gnu/libpython3.10.so (found suitable version "3.10.12", minimum required is "3.5") 
[11.169s] -- Using PYTHON_EXECUTABLE: /usr/bin/python3
[11.169s] -- Using PYTHON_INCLUDE_DIRS: /usr/include/python3.10
[11.169s] -- Using PYTHON_LIBRARIES: /usr/lib/x86_64-linux-gnu/libpython3.10.so
[11.247s] -- Found PythonExtra: .so  
[11.489s] -- Found ament_lint_auto: 0.12.12 (/opt/ros/humble/share/ament_lint_auto/cmake)
[11.654s] -- Added test 'lint_cmake' to check CMake code style
[11.665s] -- Added test 'xmllint' to check XML markup files
[11.690s] -- Configuring done
[11.805s] -- Generating done
[11.867s] -- Build files have been written to: /home/sergio/ros2_ws/build/ejercicio_tres_interface
[13.779s] Invoked command in '/home/sergio/ros2_ws/build/ejercicio_tres_interface' returned '0': CMAKE_PREFIX_PATH=${CMAKE_PREFIX_PATH}:/home/sergio/ros2_ws/install/trr_robot_ps:/home/sergio/ros2_ws/install/robot_nav:/home/sergio/ros2_ws/install/robot_autonomo:/home/sergio/ros2_ws/install/p2_ej3:/home/sergio/ros2_ws/install/p1_ej3_servidor:/home/sergio/ros2_ws/install/p1_ej3_cliente:/home/sergio/ros2_ws/install/p1_ej2_nodos_sensor:/home/sergio/ros2_ws/install/p1_ej2_nodo5:/home/sergio/ros2_ws/install/p1_ej2_nodo4:/home/sergio/ros2_ws/install/nodo_adc_sub:/home/sergio/ros2_ws/install/my_stage_mover:/home/sergio/ros2_ws/install/my_package:/home/sergio/ros2_ws/install/moveit_resources_pr2_description:/home/sergio/ros2_ws/install/moveit_resources_panda_description:/home/sergio/ros2_ws/install/moveit_resources_fanuc_description:/home/sergio/ros2_ws/install/mma_talker:/home/sergio/ros2_ws/install/mma_service:/home/sergio/ros2_ws/install/mma_listener:/home/sergio/ros2_ws/install/ejercicio_tres_server:/home/sergio/ros2_ws/install/ejercicio_tres_client:/home/sergio/ros2_ws/install/ejercicio_dos:/home/sergio/ros2_ws/install/ejercicio1_pkg:/home/sergio/ros2_ws/install/ejemplo_uno:/home/sergio/ros2_ws/install/auto_mover:/home/sergio/ros2_ws/install/P1_ej1_sub:/home/sergio/ros2_ws/install/P1_ej1_pub:/opt/ros/humble /usr/bin/cmake /home/sergio/ros2_ws/src/ejercicio_tres_interface -DCMAKE_INSTALL_PREFIX=/home/sergio/ros2_ws/install/ejercicio_tres_interface
[13.780s] Invoking command in '/home/sergio/ros2_ws/build/ejercicio_tres_interface': CMAKE_PREFIX_PATH=${CMAKE_PREFIX_PATH}:/home/sergio/ros2_ws/install/trr_robot_ps:/home/sergio/ros2_ws/install/robot_nav:/home/sergio/ros2_ws/install/robot_autonomo:/home/sergio/ros2_ws/install/p2_ej3:/home/sergio/ros2_ws/install/p1_ej3_servidor:/home/sergio/ros2_ws/install/p1_ej3_cliente:/home/sergio/ros2_ws/install/p1_ej2_nodos_sensor:/home/sergio/ros2_ws/install/p1_ej2_nodo5:/home/sergio/ros2_ws/install/p1_ej2_nodo4:/home/sergio/ros2_ws/install/nodo_adc_sub:/home/sergio/ros2_ws/install/my_stage_mover:/home/sergio/ros2_ws/install/my_package:/home/sergio/ros2_ws/install/moveit_resources_pr2_description:/home/sergio/ros2_ws/install/moveit_resources_panda_description:/home/sergio/ros2_ws/install/moveit_resources_fanuc_description:/home/sergio/ros2_ws/install/mma_talker:/home/sergio/ros2_ws/install/mma_service:/home/sergio/ros2_ws/install/mma_listener:/home/sergio/ros2_ws/install/ejercicio_tres_server:/home/sergio/ros2_ws/install/ejercicio_tres_client:/home/sergio/ros2_ws/install/ejercicio_dos:/home/sergio/ros2_ws/install/ejercicio1_pkg:/home/sergio/ros2_ws/install/ejemplo_uno:/home/sergio/ros2_ws/install/auto_mover:/home/sergio/ros2_ws/install/P1_ej1_sub:/home/sergio/ros2_ws/install/P1_ej1_pub:/opt/ros/humble /usr/bin/cmake --build /home/sergio/ros2_ws/build/ejercicio_tres_interface -- -j16 -l16
[16.335s] [  3%] [34m[1mGenerating C code for ROS interfaces[0m
[16.336s] [  6%] [34m[1mGenerating C++ code for ROS interfaces[0m
[16.336s] [  6%] Built target ament_cmake_python_copy_ejercicio_tres_interface
[16.338s] [  6%] Built target ejercicio_tres_interface__cpp
[16.338s] [  9%] [34m[1mGenerating C++ type support dispatch for ROS interfaces[0m
[16.338s] [ 16%] [34m[1mGenerating C++ introspection for ROS interfaces[0m
[16.339s] [ 16%] [34m[1mGenerating C++ type support for eProsima Fast-RTPS[0m
[16.340s] [ 19%] [32mBuilding C object CMakeFiles/ejercicio_tres_interface__rosidl_generator_c.dir/rosidl_generator_c/ejercicio_tres_interface/srv/detail/midpoint__functions.c.o[0m
[16.341s] running egg_info
[16.341s] creating ejercicio_tres_interface.egg-info
[16.341s] writing ejercicio_tres_interface.egg-info/PKG-INFO
[16.341s] writing dependency_links to ejercicio_tres_interface.egg-info/dependency_links.txt
[16.342s] writing top-level names to ejercicio_tres_interface.egg-info/top_level.txt
[16.342s] writing manifest file 'ejercicio_tres_interface.egg-info/SOURCES.txt'
[16.342s] reading manifest file 'ejercicio_tres_interface.egg-info/SOURCES.txt'
[16.342s] writing manifest file 'ejercicio_tres_interface.egg-info/SOURCES.txt'
[16.342s] [ 22%] [32m[1mLinking C shared library libejercicio_tres_interface__rosidl_generator_c.so[0m
[16.342s] [ 22%] Built target ament_cmake_python_build_ejercicio_tres_interface_egg
[16.342s] [ 22%] Built target ejercicio_tres_interface__rosidl_generator_c
[16.343s] [ 25%] [34m[1mGenerating C type support for eProsima Fast-RTPS[0m
[16.343s] [ 29%] [34m[1mGenerating C introspection for ROS interfaces[0m
[16.343s] [ 32%] [34m[1mGenerating C type support dispatch for ROS interfaces[0m
[16.343s] [ 35%] [32mBuilding CXX object CMakeFiles/ejercicio_tres_interface__rosidl_typesupport_introspection_cpp.dir/rosidl_typesupport_introspection_cpp/ejercicio_tres_interface/srv/detail/midpoint__type_support.cpp.o[0m
[16.359s] [ 38%] [32mBuilding CXX object CMakeFiles/ejercicio_tres_interface__rosidl_typesupport_cpp.dir/rosidl_typesupport_cpp/ejercicio_tres_interface/srv/midpoint__type_support.cpp.o[0m
[16.391s] [ 41%] [32mBuilding CXX object CMakeFiles/ejercicio_tres_interface__rosidl_typesupport_fastrtps_cpp.dir/rosidl_typesupport_fastrtps_cpp/ejercicio_tres_interface/srv/detail/dds_fastrtps/midpoint__type_support.cpp.o[0m
[16.393s] [ 45%] [32mBuilding CXX object CMakeFiles/ejercicio_tres_interface__rosidl_typesupport_fastrtps_c.dir/rosidl_typesupport_fastrtps_c/ejercicio_tres_interface/srv/detail/midpoint__type_support_c.cpp.o[0m
[16.725s] [ 48%] [32mBuilding C object CMakeFiles/ejercicio_tres_interface__rosidl_typesupport_introspection_c.dir/rosidl_typesupport_introspection_c/ejercicio_tres_interface/srv/detail/midpoint__type_support.c.o[0m
[16.747s] [ 51%] [32mBuilding CXX object CMakeFiles/ejercicio_tres_interface__rosidl_typesupport_c.dir/rosidl_typesupport_c/ejercicio_tres_interface/srv/midpoint__type_support.cpp.o[0m
[16.844s] [ 54%] [32m[1mLinking CXX shared library libejercicio_tres_interface__rosidl_typesupport_c.so[0m
[16.886s] [ 58%] [32m[1mLinking C shared library libejercicio_tres_interface__rosidl_typesupport_introspection_c.so[0m
[16.986s] [ 58%] Built target ejercicio_tres_interface__rosidl_typesupport_introspection_c
[16.994s] [ 58%] Built target ejercicio_tres_interface__rosidl_typesupport_c
[17.406s] [ 61%] [32m[1mLinking CXX shared library libejercicio_tres_interface__rosidl_typesupport_cpp.so[0m
[17.622s] [ 61%] Built target ejercicio_tres_interface__rosidl_typesupport_cpp
[17.704s] [ 64%] [32m[1mLinking CXX shared library libejercicio_tres_interface__rosidl_typesupport_introspection_cpp.so[0m
[17.711s] [ 67%] [32m[1mLinking CXX shared library libejercicio_tres_interface__rosidl_typesupport_fastrtps_c.so[0m
[17.876s] [ 67%] Built target ejercicio_tres_interface__rosidl_typesupport_introspection_cpp
[18.096s] [ 70%] [32m[1mLinking CXX shared library libejercicio_tres_interface__rosidl_typesupport_fastrtps_cpp.so[0m
[18.166s] [ 70%] Built target ejercicio_tres_interface__rosidl_typesupport_fastrtps_c
[18.473s] [ 70%] Built target ejercicio_tres_interface__rosidl_typesupport_fastrtps_cpp
[18.574s] [ 70%] Built target ejercicio_tres_interface
[18.665s] [ 74%] [34m[1mGenerating Python code for ROS interfaces[0m
[21.642s] [ 74%] Built target ejercicio_tres_interface__py
[21.813s] [ 77%] [32mBuilding C object CMakeFiles/ejercicio_tres_interface__rosidl_generator_py.dir/rosidl_generator_py/ejercicio_tres_interface/srv/_midpoint_s.c.o[0m
[22.483s] [ 80%] [32m[1mLinking C shared library rosidl_generator_py/ejercicio_tres_interface/libejercicio_tres_interface__rosidl_generator_py.so[0m
[22.751s] [ 80%] Built target ejercicio_tres_interface__rosidl_generator_py
[22.867s] [ 83%] [32mBuilding C object CMakeFiles/ejercicio_tres_interface__rosidl_typesupport_introspection_c__pyext.dir/rosidl_generator_py/ejercicio_tres_interface/_ejercicio_tres_interface_s.ep.rosidl_typesupport_introspection_c.c.o[0m
[22.871s] [ 87%] [32mBuilding C object CMakeFiles/ejercicio_tres_interface__rosidl_typesupport_fastrtps_c__pyext.dir/rosidl_generator_py/ejercicio_tres_interface/_ejercicio_tres_interface_s.ep.rosidl_typesupport_fastrtps_c.c.o[0m
[22.883s] [ 90%] [32mBuilding C object CMakeFiles/ejercicio_tres_interface__rosidl_typesupport_c__pyext.dir/rosidl_generator_py/ejercicio_tres_interface/_ejercicio_tres_interface_s.ep.rosidl_typesupport_c.c.o[0m
[23.439s] [ 93%] [32m[1mLinking C shared library rosidl_generator_py/ejercicio_tres_interface/ejercicio_tres_interface_s__rosidl_typesupport_introspection_c.cpython-310-x86_64-linux-gnu.so[0m
[23.598s] [ 96%] [32m[1mLinking C shared library rosidl_generator_py/ejercicio_tres_interface/ejercicio_tres_interface_s__rosidl_typesupport_c.cpython-310-x86_64-linux-gnu.so[0m
[23.665s] [ 96%] Built target ejercicio_tres_interface__rosidl_typesupport_introspection_c__pyext
[23.691s] [100%] [32m[1mLinking C shared library rosidl_generator_py/ejercicio_tres_interface/ejercicio_tres_interface_s__rosidl_typesupport_fastrtps_c.cpython-310-x86_64-linux-gnu.so[0m
[23.805s] [100%] Built target ejercicio_tres_interface__rosidl_typesupport_c__pyext
[23.871s] [100%] Built target ejercicio_tres_interface__rosidl_typesupport_fastrtps_c__pyext
[25.039s] Invoked command in '/home/sergio/ros2_ws/build/ejercicio_tres_interface' returned '0': CMAKE_PREFIX_PATH=${CMAKE_PREFIX_PATH}:/home/sergio/ros2_ws/install/trr_robot_ps:/home/sergio/ros2_ws/install/robot_nav:/home/sergio/ros2_ws/install/robot_autonomo:/home/sergio/ros2_ws/install/p2_ej3:/home/sergio/ros2_ws/install/p1_ej3_servidor:/home/sergio/ros2_ws/install/p1_ej3_cliente:/home/sergio/ros2_ws/install/p1_ej2_nodos_sensor:/home/sergio/ros2_ws/install/p1_ej2_nodo5:/home/sergio/ros2_ws/install/p1_ej2_nodo4:/home/sergio/ros2_ws/install/nodo_adc_sub:/home/sergio/ros2_ws/install/my_stage_mover:/home/sergio/ros2_ws/install/my_package:/home/sergio/ros2_ws/install/moveit_resources_pr2_description:/home/sergio/ros2_ws/install/moveit_resources_panda_description:/home/sergio/ros2_ws/install/moveit_resources_fanuc_description:/home/sergio/ros2_ws/install/mma_talker:/home/sergio/ros2_ws/install/mma_service:/home/sergio/ros2_ws/install/mma_listener:/home/sergio/ros2_ws/install/ejercicio_tres_server:/home/sergio/ros2_ws/install/ejercicio_tres_client:/home/sergio/ros2_ws/install/ejercicio_dos:/home/sergio/ros2_ws/install/ejercicio1_pkg:/home/sergio/ros2_ws/install/ejemplo_uno:/home/sergio/ros2_ws/install/auto_mover:/home/sergio/ros2_ws/install/P1_ej1_sub:/home/sergio/ros2_ws/install/P1_ej1_pub:/opt/ros/humble /usr/bin/cmake --build /home/sergio/ros2_ws/build/ejercicio_tres_interface -- -j16 -l16
[25.040s] Invoking command in '/home/sergio/ros2_ws/build/ejercicio_tres_interface': CMAKE_PREFIX_PATH=${CMAKE_PREFIX_PATH}:/home/sergio/ros2_ws/install/trr_robot_ps:/home/sergio/ros2_ws/install/robot_nav:/home/sergio/ros2_ws/install/robot_autonomo:/home/sergio/ros2_ws/install/p2_ej3:/home/sergio/ros2_ws/install/p1_ej3_servidor:/home/sergio/ros2_ws/install/p1_ej3_cliente:/home/sergio/ros2_ws/install/p1_ej2_nodos_sensor:/home/sergio/ros2_ws/install/p1_ej2_nodo5:/home/sergio/ros2_ws/install/p1_ej2_nodo4:/home/sergio/ros2_ws/install/nodo_adc_sub:/home/sergio/ros2_ws/install/my_stage_mover:/home/sergio/ros2_ws/install/my_package:/home/sergio/ros2_ws/install/moveit_resources_pr2_description:/home/sergio/ros2_ws/install/moveit_resources_panda_description:/home/sergio/ros2_ws/install/moveit_resources_fanuc_description:/home/sergio/ros2_ws/install/mma_talker:/home/sergio/ros2_ws/install/mma_service:/home/sergio/ros2_ws/install/mma_listener:/home/sergio/ros2_ws/install/ejercicio_tres_server:/home/sergio/ros2_ws/install/ejercicio_tres_client:/home/sergio/ros2_ws/install/ejercicio_dos:/home/sergio/ros2_ws/install/ejercicio1_pkg:/home/sergio/ros2_ws/install/ejemplo_uno:/home/sergio/ros2_ws/install/auto_mover:/home/sergio/ros2_ws/install/P1_ej1_sub:/home/sergio/ros2_ws/install/P1_ej1_pub:/opt/ros/humble /usr/bin/cmake --install /home/sergio/ros2_ws/build/ejercicio_tres_interface
[26.612s] -- Install configuration: ""
[26.614s] -- Installing: /home/sergio/ros2_ws/install/ejercicio_tres_interface/share/ament_index/resource_index/rosidl_interfaces/ejercicio_tres_interface
[26.614s] -- Installing: /home/sergio/ros2_ws/install/ejercicio_tres_interface/include/ejercicio_tres_interface/ejercicio_tres_interface
[26.614s] -- Installing: /home/sergio/ros2_ws/install/ejercicio_tres_interface/include/ejercicio_tres_interface/ejercicio_tres_interface/msg
[26.614s] -- Installing: /home/sergio/ros2_ws/install/ejercicio_tres_interface/include/ejercicio_tres_interface/ejercicio_tres_interface/msg/rosidl_generator_c__visibility_control.h
[26.614s] -- Installing: /home/sergio/ros2_ws/install/ejercicio_tres_interface/include/ejercicio_tres_interface/ejercicio_tres_interface/srv
[26.614s] -- Installing: /home/sergio/ros2_ws/install/ejercicio_tres_interface/include/ejercicio_tres_interface/ejercicio_tres_interface/srv/detail
[26.615s] -- Installing: /home/sergio/ros2_ws/install/ejercicio_tres_interface/include/ejercicio_tres_interface/ejercicio_tres_interface/srv/detail/midpoint__functions.c
[26.615s] -- Installing: /home/sergio/ros2_ws/install/ejercicio_tres_interface/include/ejercicio_tres_interface/ejercicio_tres_interface/srv/detail/midpoint__type_support.h
[26.615s] -- Installing: /home/sergio/ros2_ws/install/ejercicio_tres_interface/include/ejercicio_tres_interface/ejercicio_tres_interface/srv/detail/midpoint__functions.h
[26.615s] -- Installing: /home/sergio/ros2_ws/install/ejercicio_tres_interface/include/ejercicio_tres_interface/ejercicio_tres_interface/srv/detail/midpoint__struct.h
[26.615s] -- Installing: /home/sergio/ros2_ws/install/ejercicio_tres_interface/include/ejercicio_tres_interface/ejercicio_tres_interface/srv/midpoint.h
[26.615s] -- Installing: /home/sergio/ros2_ws/install/ejercicio_tres_interface/share/ejercicio_tres_interface/environment/library_path.sh
[26.615s] -- Installing: /home/sergio/ros2_ws/install/ejercicio_tres_interface/share/ejercicio_tres_interface/environment/library_path.dsv
[26.615s] -- Installing: /home/sergio/ros2_ws/install/ejercicio_tres_interface/lib/libejercicio_tres_interface__rosidl_generator_c.so
[26.615s] -- Set runtime path of "/home/sergio/ros2_ws/install/ejercicio_tres_interface/lib/libejercicio_tres_interface__rosidl_generator_c.so" to ""
[26.615s] -- Up-to-date: /home/sergio/ros2_ws/install/ejercicio_tres_interface/include/ejercicio_tres_interface/ejercicio_tres_interface
[26.615s] -- Up-to-date: /home/sergio/ros2_ws/install/ejercicio_tres_interface/include/ejercicio_tres_interface/ejercicio_tres_interface/msg
[26.615s] -- Installing: /home/sergio/ros2_ws/install/ejercicio_tres_interface/include/ejercicio_tres_interface/ejercicio_tres_interface/msg/rosidl_typesupport_fastrtps_c__visibility_control.h
[26.615s] -- Up-to-date: /home/sergio/ros2_ws/install/ejercicio_tres_interface/include/ejercicio_tres_interface/ejercicio_tres_interface/srv
[26.615s] -- Up-to-date: /home/sergio/ros2_ws/install/ejercicio_tres_interface/include/ejercicio_tres_interface/ejercicio_tres_interface/srv/detail
[26.615s] -- Installing: /home/sergio/ros2_ws/install/ejercicio_tres_interface/include/ejercicio_tres_interface/ejercicio_tres_interface/srv/detail/midpoint__rosidl_typesupport_fastrtps_c.h
[26.616s] -- Installing: /home/sergio/ros2_ws/install/ejercicio_tres_interface/lib/libejercicio_tres_interface__rosidl_typesupport_fastrtps_c.so
[26.616s] -- Set runtime path of "/home/sergio/ros2_ws/install/ejercicio_tres_interface/lib/libejercicio_tres_interface__rosidl_typesupport_fastrtps_c.so" to ""
[26.616s] -- Up-to-date: /home/sergio/ros2_ws/install/ejercicio_tres_interface/include/ejercicio_tres_interface/ejercicio_tres_interface
[26.616s] -- Up-to-date: /home/sergio/ros2_ws/install/ejercicio_tres_interface/include/ejercicio_tres_interface/ejercicio_tres_interface/msg
[26.616s] -- Installing: /home/sergio/ros2_ws/install/ejercicio_tres_interface/include/ejercicio_tres_interface/ejercicio_tres_interface/msg/rosidl_typesupport_introspection_c__visibility_control.h
[26.616s] -- Up-to-date: /home/sergio/ros2_ws/install/ejercicio_tres_interface/include/ejercicio_tres_interface/ejercicio_tres_interface/srv
[26.616s] -- Up-to-date: /home/sergio/ros2_ws/install/ejercicio_tres_interface/include/ejercicio_tres_interface/ejercicio_tres_interface/srv/detail
[26.616s] -- Installing: /home/sergio/ros2_ws/install/ejercicio_tres_interface/include/ejercicio_tres_interface/ejercicio_tres_interface/srv/detail/midpoint__type_support.c
[26.616s] -- Installing: /home/sergio/ros2_ws/install/ejercicio_tres_interface/include/ejercicio_tres_interface/ejercicio_tres_interface/srv/detail/midpoint__rosidl_typesupport_introspection_c.h
[26.616s] -- Installing: /home/sergio/ros2_ws/install/ejercicio_tres_interface/lib/libejercicio_tres_interface__rosidl_typesupport_introspection_c.so
[26.616s] -- Set runtime path of "/home/sergio/ros2_ws/install/ejercicio_tres_interface/lib/libejercicio_tres_interface__rosidl_typesupport_introspection_c.so" to ""
[26.616s] -- Installing: /home/sergio/ros2_ws/install/ejercicio_tres_interface/lib/libejercicio_tres_interface__rosidl_typesupport_c.so
[26.616s] -- Set runtime path of "/home/sergio/ros2_ws/install/ejercicio_tres_interface/lib/libejercicio_tres_interface__rosidl_typesupport_c.so" to ""
[26.616s] -- Up-to-date: /home/sergio/ros2_ws/install/ejercicio_tres_interface/include/ejercicio_tres_interface/ejercicio_tres_interface
[26.616s] -- Up-to-date: /home/sergio/ros2_ws/install/ejercicio_tres_interface/include/ejercicio_tres_interface/ejercicio_tres_interface/msg
[26.616s] -- Installing: /home/sergio/ros2_ws/install/ejercicio_tres_interface/include/ejercicio_tres_interface/ejercicio_tres_interface/msg/rosidl_generator_cpp__visibility_control.hpp
[26.616s] -- Up-to-date: /home/sergio/ros2_ws/install/ejercicio_tres_interface/include/ejercicio_tres_interface/ejercicio_tres_interface/srv
[26.617s] -- Up-to-date: /home/sergio/ros2_ws/install/ejercicio_tres_interface/include/ejercicio_tres_interface/ejercicio_tres_interface/srv/detail
[26.617s] -- Installing: /home/sergio/ros2_ws/install/ejercicio_tres_interface/include/ejercicio_tres_interface/ejercicio_tres_interface/srv/detail/midpoint__traits.hpp
[26.617s] -- Installing: /home/sergio/ros2_ws/install/ejercicio_tres_interface/include/ejercicio_tres_interface/ejercicio_tres_interface/srv/detail/midpoint__builder.hpp
[26.617s] -- Installing: /home/sergio/ros2_ws/install/ejercicio_tres_interface/include/ejercicio_tres_interface/ejercicio_tres_interface/srv/detail/midpoint__type_support.hpp
[26.617s] -- Installing: /home/sergio/ros2_ws/install/ejercicio_tres_interface/include/ejercicio_tres_interface/ejercicio_tres_interface/srv/detail/midpoint__struct.hpp
[26.617s] -- Installing: /home/sergio/ros2_ws/install/ejercicio_tres_interface/include/ejercicio_tres_interface/ejercicio_tres_interface/srv/midpoint.hpp
[26.617s] -- Up-to-date: /home/sergio/ros2_ws/install/ejercicio_tres_interface/include/ejercicio_tres_interface/ejercicio_tres_interface
[26.617s] -- Up-to-date: /home/sergio/ros2_ws/install/ejercicio_tres_interface/include/ejercicio_tres_interface/ejercicio_tres_interface/msg
[26.617s] -- Installing: /home/sergio/ros2_ws/install/ejercicio_tres_interface/include/ejercicio_tres_interface/ejercicio_tres_interface/msg/rosidl_typesupport_fastrtps_cpp__visibility_control.h
[26.617s] -- Up-to-date: /home/sergio/ros2_ws/install/ejercicio_tres_interface/include/ejercicio_tres_interface/ejercicio_tres_interface/srv
[26.617s] -- Up-to-date: /home/sergio/ros2_ws/install/ejercicio_tres_interface/include/ejercicio_tres_interface/ejercicio_tres_interface/srv/detail
[26.617s] -- Installing: /home/sergio/ros2_ws/install/ejercicio_tres_interface/include/ejercicio_tres_interface/ejercicio_tres_interface/srv/detail/dds_fastrtps
[26.618s] -- Installing: /home/sergio/ros2_ws/install/ejercicio_tres_interface/include/ejercicio_tres_interface/ejercicio_tres_interface/srv/detail/midpoint__rosidl_typesupport_fastrtps_cpp.hpp
[26.619s] -- Installing: /home/sergio/ros2_ws/install/ejercicio_tres_interface/lib/libejercicio_tres_interface__rosidl_typesupport_fastrtps_cpp.so
[26.619s] -- Set runtime path of "/home/sergio/ros2_ws/install/ejercicio_tres_interface/lib/libejercicio_tres_interface__rosidl_typesupport_fastrtps_cpp.so" to ""
[26.619s] -- Up-to-date: /home/sergio/ros2_ws/install/ejercicio_tres_interface/include/ejercicio_tres_interface/ejercicio_tres_interface
[26.619s] -- Up-to-date: /home/sergio/ros2_ws/install/ejercicio_tres_interface/include/ejercicio_tres_interface/ejercicio_tres_interface/srv
[26.619s] -- Up-to-date: /home/sergio/ros2_ws/install/ejercicio_tres_interface/include/ejercicio_tres_interface/ejercicio_tres_interface/srv/detail
[26.619s] -- Installing: /home/sergio/ros2_ws/install/ejercicio_tres_interface/include/ejercicio_tres_interface/ejercicio_tres_interface/srv/detail/midpoint__type_support.cpp
[26.620s] -- Installing: /home/sergio/ros2_ws/install/ejercicio_tres_interface/include/ejercicio_tres_interface/ejercicio_tres_interface/srv/detail/midpoint__rosidl_typesupport_introspection_cpp.hpp
[26.623s] -- Installing: /home/sergio/ros2_ws/install/ejercicio_tres_interface/lib/libejercicio_tres_interface__rosidl_typesupport_introspection_cpp.so
[26.623s] -- Set runtime path of "/home/sergio/ros2_ws/install/ejercicio_tres_interface/lib/libejercicio_tres_interface__rosidl_typesupport_introspection_cpp.so" to ""
[26.624s] -- Installing: /home/sergio/ros2_ws/install/ejercicio_tres_interface/lib/libejercicio_tres_interface__rosidl_typesupport_cpp.so
[26.624s] -- Set runtime path of "/home/sergio/ros2_ws/install/ejercicio_tres_interface/lib/libejercicio_tres_interface__rosidl_typesupport_cpp.so" to ""
[26.624s] -- Installing: /home/sergio/ros2_ws/install/ejercicio_tres_interface/share/ejercicio_tres_interface/environment/pythonpath.sh
[26.624s] -- Installing: /home/sergio/ros2_ws/install/ejercicio_tres_interface/share/ejercicio_tres_interface/environment/pythonpath.dsv
[26.624s] -- Installing: /home/sergio/ros2_ws/install/ejercicio_tres_interface/local/lib/python3.10/dist-packages/ejercicio_tres_interface-0.0.0-py3.10.egg-info
[26.624s] -- Installing: /home/sergio/ros2_ws/install/ejercicio_tres_interface/local/lib/python3.10/dist-packages/ejercicio_tres_interface-0.0.0-py3.10.egg-info/PKG-INFO
[26.624s] -- Installing: /home/sergio/ros2_ws/install/ejercicio_tres_interface/local/lib/python3.10/dist-packages/ejercicio_tres_interface-0.0.0-py3.10.egg-info/SOURCES.txt
[26.624s] -- Installing: /home/sergio/ros2_ws/install/ejercicio_tres_interface/local/lib/python3.10/dist-packages/ejercicio_tres_interface-0.0.0-py3.10.egg-info/top_level.txt
[26.625s] -- Installing: /home/sergio/ros2_ws/install/ejercicio_tres_interface/local/lib/python3.10/dist-packages/ejercicio_tres_interface-0.0.0-py3.10.egg-info/dependency_links.txt
[26.625s] -- Installing: /home/sergio/ros2_ws/install/ejercicio_tres_interface/local/lib/python3.10/dist-packages/ejercicio_tres_interface
[26.625s] -- Installing: /home/sergio/ros2_ws/install/ejercicio_tres_interface/local/lib/python3.10/dist-packages/ejercicio_tres_interface/ejercicio_tres_interface_s__rosidl_typesupport_c.cpython-310-x86_64-linux-gnu.so
[26.625s] -- Installing: /home/sergio/ros2_ws/install/ejercicio_tres_interface/local/lib/python3.10/dist-packages/ejercicio_tres_interface/ejercicio_tres_interface_s__rosidl_typesupport_introspection_c.cpython-310-x86_64-linux-gnu.so
[26.631s] -- Installing: /home/sergio/ros2_ws/install/ejercicio_tres_interface/local/lib/python3.10/dist-packages/ejercicio_tres_interface/__init__.py
[26.632s] -- Installing: /home/sergio/ros2_ws/install/ejercicio_tres_interface/local/lib/python3.10/dist-packages/ejercicio_tres_interface/_ejercicio_tres_interface_s.ep.rosidl_typesupport_fastrtps_c.c
[26.632s] -- Installing: /home/sergio/ros2_ws/install/ejercicio_tres_interface/local/lib/python3.10/dist-packages/ejercicio_tres_interface/_ejercicio_tres_interface_s.ep.rosidl_typesupport_introspection_c.c
[26.632s] -- Installing: /home/sergio/ros2_ws/install/ejercicio_tres_interface/local/lib/python3.10/dist-packages/ejercicio_tres_interface/_ejercicio_tres_interface_s.ep.rosidl_typesupport_c.c
[26.632s] -- Installing: /home/sergio/ros2_ws/install/ejercicio_tres_interface/local/lib/python3.10/dist-packages/ejercicio_tres_interface/libejercicio_tres_interface__rosidl_generator_py.so
[26.632s] -- Installing: /home/sergio/ros2_ws/install/ejercicio_tres_interface/local/lib/python3.10/dist-packages/ejercicio_tres_interface/srv
[26.633s] -- Installing: /home/sergio/ros2_ws/install/ejercicio_tres_interface/local/lib/python3.10/dist-packages/ejercicio_tres_interface/srv/__init__.py
[26.633s] -- Installing: /home/sergio/ros2_ws/install/ejercicio_tres_interface/local/lib/python3.10/dist-packages/ejercicio_tres_interface/srv/_midpoint_s.c
[26.633s] -- Installing: /home/sergio/ros2_ws/install/ejercicio_tres_interface/local/lib/python3.10/dist-packages/ejercicio_tres_interface/srv/_midpoint.py
[26.633s] -- Installing: /home/sergio/ros2_ws/install/ejercicio_tres_interface/local/lib/python3.10/dist-packages/ejercicio_tres_interface/ejercicio_tres_interface_s__rosidl_typesupport_fastrtps_c.cpython-310-x86_64-linux-gnu.so
[26.633s] Listing '/home/sergio/ros2_ws/install/ejercicio_tres_interface/local/lib/python3.10/dist-packages/ejercicio_tres_interface'...
[26.633s] Compiling '/home/sergio/ros2_ws/install/ejercicio_tres_interface/local/lib/python3.10/dist-packages/ejercicio_tres_interface/__init__.py'...
[26.633s] Listing '/home/sergio/ros2_ws/install/ejercicio_tres_interface/local/lib/python3.10/dist-packages/ejercicio_tres_interface/srv'...
[26.633s] Compiling '/home/sergio/ros2_ws/install/ejercicio_tres_interface/local/lib/python3.10/dist-packages/ejercicio_tres_interface/srv/__init__.py'...
[26.634s] Compiling '/home/sergio/ros2_ws/install/ejercicio_tres_interface/local/lib/python3.10/dist-packages/ejercicio_tres_interface/srv/_midpoint.py'...
[26.634s] -- Installing: /home/sergio/ros2_ws/install/ejercicio_tres_interface/local/lib/python3.10/dist-packages/ejercicio_tres_interface/ejercicio_tres_interface_s__rosidl_typesupport_fastrtps_c.cpython-310-x86_64-linux-gnu.so
[26.634s] -- Set runtime path of "/home/sergio/ros2_ws/install/ejercicio_tres_interface/local/lib/python3.10/dist-packages/ejercicio_tres_interface/ejercicio_tres_interface_s__rosidl_typesupport_fastrtps_c.cpython-310-x86_64-linux-gnu.so" to ""
[26.634s] -- Installing: /home/sergio/ros2_ws/install/ejercicio_tres_interface/local/lib/python3.10/dist-packages/ejercicio_tres_interface/ejercicio_tres_interface_s__rosidl_typesupport_introspection_c.cpython-310-x86_64-linux-gnu.so
[26.634s] -- Set runtime path of "/home/sergio/ros2_ws/install/ejercicio_tres_interface/local/lib/python3.10/dist-packages/ejercicio_tres_interface/ejercicio_tres_interface_s__rosidl_typesupport_introspection_c.cpython-310-x86_64-linux-gnu.so" to ""
[26.636s] -- Installing: /home/sergio/ros2_ws/install/ejercicio_tres_interface/local/lib/python3.10/dist-packages/ejercicio_tres_interface/ejercicio_tres_interface_s__rosidl_typesupport_c.cpython-310-x86_64-linux-gnu.so
[26.636s] -- Set runtime path of "/home/sergio/ros2_ws/install/ejercicio_tres_interface/local/lib/python3.10/dist-packages/ejercicio_tres_interface/ejercicio_tres_interface_s__rosidl_typesupport_c.cpython-310-x86_64-linux-gnu.so" to ""
[26.636s] -- Installing: /home/sergio/ros2_ws/install/ejercicio_tres_interface/lib/libejercicio_tres_interface__rosidl_generator_py.so
[26.636s] -- Set runtime path of "/home/sergio/ros2_ws/install/ejercicio_tres_interface/lib/libejercicio_tres_interface__rosidl_generator_py.so" to ""
[26.637s] -- Installing: /home/sergio/ros2_ws/install/ejercicio_tres_interface/share/ejercicio_tres_interface/srv/Midpoint.idl
[26.637s] -- Installing: /home/sergio/ros2_ws/install/ejercicio_tres_interface/share/ejercicio_tres_interface/srv/Midpoint.srv
[26.637s] -- Installing: /home/sergio/ros2_ws/install/ejercicio_tres_interface/share/ejercicio_tres_interface/srv/Midpoint_Request.msg
[26.637s] -- Installing: /home/sergio/ros2_ws/install/ejercicio_tres_interface/share/ejercicio_tres_interface/srv/Midpoint_Response.msg
[26.637s] -- Installing: /home/sergio/ros2_ws/install/ejercicio_tres_interface/share/ament_index/resource_index/package_run_dependencies/ejercicio_tres_interface
[26.637s] -- Installing: /home/sergio/ros2_ws/install/ejercicio_tres_interface/share/ament_index/resource_index/parent_prefix_path/ejercicio_tres_interface
[26.637s] -- Installing: /home/sergio/ros2_ws/install/ejercicio_tres_interface/share/ejercicio_tres_interface/environment/ament_prefix_path.sh
[26.637s] -- Installing: /home/sergio/ros2_ws/install/ejercicio_tres_interface/share/ejercicio_tres_interface/environment/ament_prefix_path.dsv
[26.638s] -- Installing: /home/sergio/ros2_ws/install/ejercicio_tres_interface/share/ejercicio_tres_interface/environment/path.sh
[26.638s] -- Installing: /home/sergio/ros2_ws/install/ejercicio_tres_interface/share/ejercicio_tres_interface/environment/path.dsv
[26.638s] -- Installing: /home/sergio/ros2_ws/install/ejercicio_tres_interface/share/ejercicio_tres_interface/local_setup.bash
[26.638s] -- Installing: /home/sergio/ros2_ws/install/ejercicio_tres_interface/share/ejercicio_tres_interface/local_setup.sh
[26.638s] -- Installing: /home/sergio/ros2_ws/install/ejercicio_tres_interface/share/ejercicio_tres_interface/local_setup.zsh
[26.638s] -- Installing: /home/sergio/ros2_ws/install/ejercicio_tres_interface/share/ejercicio_tres_interface/local_setup.dsv
[26.638s] -- Installing: /home/sergio/ros2_ws/install/ejercicio_tres_interface/share/ejercicio_tres_interface/package.dsv
[26.638s] -- Installing: /home/sergio/ros2_ws/install/ejercicio_tres_interface/share/ament_index/resource_index/packages/ejercicio_tres_interface
[26.638s] -- Installing: /home/sergio/ros2_ws/install/ejercicio_tres_interface/share/ejercicio_tres_interface/cmake/export_ejercicio_tres_interface__rosidl_generator_cExport.cmake
[26.639s] -- Installing: /home/sergio/ros2_ws/install/ejercicio_tres_interface/share/ejercicio_tres_interface/cmake/export_ejercicio_tres_interface__rosidl_generator_cExport-noconfig.cmake
[26.639s] -- Installing: /home/sergio/ros2_ws/install/ejercicio_tres_interface/share/ejercicio_tres_interface/cmake/export_ejercicio_tres_interface__rosidl_typesupport_fastrtps_cExport.cmake
[26.639s] -- Installing: /home/sergio/ros2_ws/install/ejercicio_tres_interface/share/ejercicio_tres_interface/cmake/export_ejercicio_tres_interface__rosidl_typesupport_fastrtps_cExport-noconfig.cmake
[26.639s] -- Installing: /home/sergio/ros2_ws/install/ejercicio_tres_interface/share/ejercicio_tres_interface/cmake/ejercicio_tres_interface__rosidl_typesupport_introspection_cExport.cmake
[26.639s] -- Installing: /home/sergio/ros2_ws/install/ejercicio_tres_interface/share/ejercicio_tres_interface/cmake/ejercicio_tres_interface__rosidl_typesupport_introspection_cExport-noconfig.cmake
[26.644s] -- Installing: /home/sergio/ros2_ws/install/ejercicio_tres_interface/share/ejercicio_tres_interface/cmake/ejercicio_tres_interface__rosidl_typesupport_cExport.cmake
[26.645s] -- Installing: /home/sergio/ros2_ws/install/ejercicio_tres_interface/share/ejercicio_tres_interface/cmake/ejercicio_tres_interface__rosidl_typesupport_cExport-noconfig.cmake
[26.645s] -- Installing: /home/sergio/ros2_ws/install/ejercicio_tres_interface/share/ejercicio_tres_interface/cmake/export_ejercicio_tres_interface__rosidl_generator_cppExport.cmake
[26.645s] -- Installing: /home/sergio/ros2_ws/install/ejercicio_tres_interface/share/ejercicio_tres_interface/cmake/export_ejercicio_tres_interface__rosidl_typesupport_fastrtps_cppExport.cmake
[26.645s] -- Installing: /home/sergio/ros2_ws/install/ejercicio_tres_interface/share/ejercicio_tres_interface/cmake/export_ejercicio_tres_interface__rosidl_typesupport_fastrtps_cppExport-noconfig.cmake
[26.645s] -- Installing: /home/sergio/ros2_ws/install/ejercicio_tres_interface/share/ejercicio_tres_interface/cmake/ejercicio_tres_interface__rosidl_typesupport_introspection_cppExport.cmake
[26.645s] -- Installing: /home/sergio/ros2_ws/install/ejercicio_tres_interface/share/ejercicio_tres_interface/cmake/ejercicio_tres_interface__rosidl_typesupport_introspection_cppExport-noconfig.cmake
[26.646s] -- Installing: /home/sergio/ros2_ws/install/ejercicio_tres_interface/share/ejercicio_tres_interface/cmake/ejercicio_tres_interface__rosidl_typesupport_cppExport.cmake
[26.646s] -- Installing: /home/sergio/ros2_ws/install/ejercicio_tres_interface/share/ejercicio_tres_interface/cmake/ejercicio_tres_interface__rosidl_typesupport_cppExport-noconfig.cmake
[26.646s] -- Installing: /home/sergio/ros2_ws/install/ejercicio_tres_interface/share/ejercicio_tres_interface/cmake/export_ejercicio_tres_interface__rosidl_generator_pyExport.cmake
[26.648s] -- Installing: /home/sergio/ros2_ws/install/ejercicio_tres_interface/share/ejercicio_tres_interface/cmake/export_ejercicio_tres_interface__rosidl_generator_pyExport-noconfig.cmake
[26.648s] -- Installing: /home/sergio/ros2_ws/install/ejercicio_tres_interface/share/ejercicio_tres_interface/cmake/rosidl_cmake-extras.cmake
[26.648s] -- Installing: /home/sergio/ros2_ws/install/ejercicio_tres_interface/share/ejercicio_tres_interface/cmake/ament_cmake_export_include_directories-extras.cmake
[26.648s] -- Installing: /home/sergio/ros2_ws/install/ejercicio_tres_interface/share/ejercicio_tres_interface/cmake/ament_cmake_export_libraries-extras.cmake
[26.648s] -- Installing: /home/sergio/ros2_ws/install/ejercicio_tres_interface/share/ejercicio_tres_interface/cmake/ament_cmake_export_targets-extras.cmake
[26.648s] -- Installing: /home/sergio/ros2_ws/install/ejercicio_tres_interface/share/ejercicio_tres_interface/cmake/rosidl_cmake_export_typesupport_targets-extras.cmake
[26.648s] -- Installing: /home/sergio/ros2_ws/install/ejercicio_tres_interface/share/ejercicio_tres_interface/cmake/ament_cmake_export_dependencies-extras.cmake
[26.648s] -- Installing: /home/sergio/ros2_ws/install/ejercicio_tres_interface/share/ejercicio_tres_interface/cmake/rosidl_cmake_export_typesupport_libraries-extras.cmake
[26.648s] -- Installing: /home/sergio/ros2_ws/install/ejercicio_tres_interface/share/ejercicio_tres_interface/cmake/ejercicio_tres_interfaceConfig.cmake
[26.648s] -- Installing: /home/sergio/ros2_ws/install/ejercicio_tres_interface/share/ejercicio_tres_interface/cmake/ejercicio_tres_interfaceConfig-version.cmake
[26.648s] -- Installing: /home/sergio/ros2_ws/install/ejercicio_tres_interface/share/ejercicio_tres_interface/package.xml
[26.852s] Invoked command in '/home/sergio/ros2_ws/build/ejercicio_tres_interface' returned '0': CMAKE_PREFIX_PATH=${CMAKE_PREFIX_PATH}:/home/sergio/ros2_ws/install/trr_robot_ps:/home/sergio/ros2_ws/install/robot_nav:/home/sergio/ros2_ws/install/robot_autonomo:/home/sergio/ros2_ws/install/p2_ej3:/home/sergio/ros2_ws/install/p1_ej3_servidor:/home/sergio/ros2_ws/install/p1_ej3_cliente:/home/sergio/ros2_ws/install/p1_ej2_nodos_sensor:/home/sergio/ros2_ws/install/p1_ej2_nodo5:/home/sergio/ros2_ws/install/p1_ej2_nodo4:/home/sergio/ros2_ws/install/nodo_adc_sub:/home/sergio/ros2_ws/install/my_stage_mover:/home/sergio/ros2_ws/install/my_package:/home/sergio/ros2_ws/install/moveit_resources_pr2_description:/home/sergio/ros2_ws/install/moveit_resources_panda_description:/home/sergio/ros2_ws/install/moveit_resources_fanuc_description:/home/sergio/ros2_ws/install/mma_talker:/home/sergio/ros2_ws/install/mma_service:/home/sergio/ros2_ws/install/mma_listener:/home/sergio/ros2_ws/install/ejercicio_tres_server:/home/sergio/ros2_ws/install/ejercicio_tres_client:/home/sergio/ros2_ws/install/ejercicio_dos:/home/sergio/ros2_ws/install/ejercicio1_pkg:/home/sergio/ros2_ws/install/ejemplo_uno:/home/sergio/ros2_ws/install/auto_mover:/home/sergio/ros2_ws/install/P1_ej1_sub:/home/sergio/ros2_ws/install/P1_ej1_pub:/opt/ros/humble /usr/bin/cmake --install /home/sergio/ros2_ws/build/ejercicio_tres_interface
