[2.740s] Invoking command in '/home/sergio/ros2_ws/src/mma_listener': PYTHONPATH=/home/sergio/ros2_ws/build/mma_listener/prefix_override:/home/sergio/.espressif/python_env/idf5.2_py3.10_env/lib/python3.10/site-packages/colcon_core/task/python/colcon_distutils_commands:/home/sergio/ros2_ws/install/mma_listener/lib/python3.10/site-packages:${PYTHONPATH} /home/sergio/.espressif/python_env/idf5.2_py3.10_env/bin/python3 -W ignore:setup.py install is deprecated -W ignore:easy_install command is deprecated setup.py egg_info --egg-base ../../build/mma_listener build --build-base /home/sergio/ros2_ws/build/mma_listener/build install --record /home/sergio/ros2_ws/build/mma_listener/install.log --single-version-externally-managed install_data
[3.136s] running egg_info
[3.153s] writing ../../build/mma_listener/mma_listener.egg-info/PKG-INFO
[3.154s] writing dependency_links to ../../build/mma_listener/mma_listener.egg-info/dependency_links.txt
[3.154s] writing entry points to ../../build/mma_listener/mma_listener.egg-info/entry_points.txt
[3.155s] writing requirements to ../../build/mma_listener/mma_listener.egg-info/requires.txt
[3.155s] writing top-level names to ../../build/mma_listener/mma_listener.egg-info/top_level.txt
[3.205s] reading manifest file '../../build/mma_listener/mma_listener.egg-info/SOURCES.txt'
[3.206s] writing manifest file '../../build/mma_listener/mma_listener.egg-info/SOURCES.txt'
[3.207s] running build
[3.207s] running build_py
[3.207s] copying mma_listener/__init__.py -> /home/sergio/ros2_ws/build/mma_listener/build/lib/mma_listener
[3.208s] copying mma_listener/listener.py -> /home/sergio/ros2_ws/build/mma_listener/build/lib/mma_listener
[3.208s] running install
[3.214s] running install_lib
[3.233s] running install_data
[3.233s] copying resource/mma_listener -> /home/sergio/ros2_ws/install/mma_listener/share/ament_index/resource_index/packages
[3.233s] copying package.xml -> /home/sergio/ros2_ws/install/mma_listener/share/mma_listener
[3.233s] running install_egg_info
[3.252s] removing '/home/sergio/ros2_ws/install/mma_listener/lib/python3.10/site-packages/mma_listener-0.0.0-py3.10.egg-info' (and everything under it)
[3.252s] Copying ../../build/mma_listener/mma_listener.egg-info to /home/sergio/ros2_ws/install/mma_listener/lib/python3.10/site-packages/mma_listener-0.0.0-py3.10.egg-info
[3.253s] running install_scripts
[3.401s] Installing listener script to /home/sergio/ros2_ws/install/mma_listener/lib/mma_listener
[3.402s] writing list of installed files to '/home/sergio/ros2_ws/build/mma_listener/install.log'
[4.298s] Invoked command in '/home/sergio/ros2_ws/src/mma_listener' returned '0': PYTHONPATH=/home/sergio/ros2_ws/build/mma_listener/prefix_override:/home/sergio/.espressif/python_env/idf5.2_py3.10_env/lib/python3.10/site-packages/colcon_core/task/python/colcon_distutils_commands:/home/sergio/ros2_ws/install/mma_listener/lib/python3.10/site-packages:${PYTHONPATH} /home/sergio/.espressif/python_env/idf5.2_py3.10_env/bin/python3 -W ignore:setup.py install is deprecated -W ignore:easy_install command is deprecated setup.py egg_info --egg-base ../../build/mma_listener build --build-base /home/sergio/ros2_ws/build/mma_listener/build install --record /home/sergio/ros2_ws/build/mma_listener/install.log --single-version-externally-managed install_data
