[3.416s] Invoking command in '/home/sergio/ros2_ws/src/ejercicio1_pkg': PYTHONPATH=/home/sergio/ros2_ws/build/ejercicio1_pkg/prefix_override:/home/sergio/.espressif/python_env/idf5.2_py3.10_env/lib/python3.10/site-packages/colcon_core/task/python/colcon_distutils_commands:/home/sergio/ros2_ws/install/ejercicio1_pkg/lib/python3.10/site-packages:${PYTHONPATH} /home/sergio/.espressif/python_env/idf5.2_py3.10_env/bin/python3 -W ignore:setup.py install is deprecated -W ignore:easy_install command is deprecated setup.py egg_info --egg-base ../../build/ejercicio1_pkg build --build-base /home/sergio/ros2_ws/build/ejercicio1_pkg/build install --record /home/sergio/ros2_ws/build/ejercicio1_pkg/install.log --single-version-externally-managed install_data
[4.340s] running egg_info
[4.364s] writing ../../build/ejercicio1_pkg/ejercicio1_pkg.egg-info/PKG-INFO
[4.365s] writing dependency_links to ../../build/ejercicio1_pkg/ejercicio1_pkg.egg-info/dependency_links.txt
[4.365s] writing entry points to ../../build/ejercicio1_pkg/ejercicio1_pkg.egg-info/entry_points.txt
[4.366s] writing requirements to ../../build/ejercicio1_pkg/ejercicio1_pkg.egg-info/requires.txt
[4.366s] writing top-level names to ../../build/ejercicio1_pkg/ejercicio1_pkg.egg-info/top_level.txt
[4.438s] reading manifest file '../../build/ejercicio1_pkg/ejercicio1_pkg.egg-info/SOURCES.txt'
[4.438s] writing manifest file '../../build/ejercicio1_pkg/ejercicio1_pkg.egg-info/SOURCES.txt'
[4.438s] running build
[4.438s] running build_py
[4.438s] copying ejercicio1_pkg/__init__.py -> /home/sergio/ros2_ws/build/ejercicio1_pkg/build/lib/ejercicio1_pkg
[4.439s] copying ejercicio1_pkg/ik_publisher.py -> /home/sergio/ros2_ws/build/ejercicio1_pkg/build/lib/ejercicio1_pkg
[4.440s] copying ejercicio1_pkg/fk_publisher.py -> /home/sergio/ros2_ws/build/ejercicio1_pkg/build/lib/ejercicio1_pkg
[4.441s] running install
[4.455s] running install_lib
[4.488s] running install_data
[4.489s] copying resource/ejercicio1_pkg -> /home/sergio/ros2_ws/install/ejercicio1_pkg/share/ament_index/resource_index/packages
[4.489s] copying package.xml -> /home/sergio/ros2_ws/install/ejercicio1_pkg/share/ejercicio1_pkg
[4.490s] running install_egg_info
[4.522s] removing '/home/sergio/ros2_ws/install/ejercicio1_pkg/lib/python3.10/site-packages/ejercicio1_pkg-0.0.0-py3.10.egg-info' (and everything under it)
[4.522s] Copying ../../build/ejercicio1_pkg/ejercicio1_pkg.egg-info to /home/sergio/ros2_ws/install/ejercicio1_pkg/lib/python3.10/site-packages/ejercicio1_pkg-0.0.0-py3.10.egg-info
[4.523s] running install_scripts
[4.728s] Installing fk_publisher script to /home/sergio/ros2_ws/install/ejercicio1_pkg/lib/ejercicio1_pkg
[4.728s] Installing ik_publisher script to /home/sergio/ros2_ws/install/ejercicio1_pkg/lib/ejercicio1_pkg
[4.729s] writing list of installed files to '/home/sergio/ros2_ws/build/ejercicio1_pkg/install.log'
[5.112s] Invoked command in '/home/sergio/ros2_ws/src/ejercicio1_pkg' returned '0': PYTHONPATH=/home/sergio/ros2_ws/build/ejercicio1_pkg/prefix_override:/home/sergio/.espressif/python_env/idf5.2_py3.10_env/lib/python3.10/site-packages/colcon_core/task/python/colcon_distutils_commands:/home/sergio/ros2_ws/install/ejercicio1_pkg/lib/python3.10/site-packages:${PYTHONPATH} /home/sergio/.espressif/python_env/idf5.2_py3.10_env/bin/python3 -W ignore:setup.py install is deprecated -W ignore:easy_install command is deprecated setup.py egg_info --egg-base ../../build/ejercicio1_pkg build --build-base /home/sergio/ros2_ws/build/ejercicio1_pkg/build install --record /home/sergio/ros2_ws/build/ejercicio1_pkg/install.log --single-version-externally-managed install_data
