[4.049s] Invoking command in '/home/sergio/ros2_ws/src/my_package': PYTHONPATH=/home/sergio/ros2_ws/build/my_package/prefix_override:/usr/lib/python3/dist-packages/colcon_core/task/python/colcon_distutils_commands:/home/sergio/ros2_ws/install/my_package/lib/python3.10/site-packages:${PYTHONPATH} /usr/bin/python3 -W ignore:setup.py install is deprecated -W ignore:easy_install command is deprecated setup.py egg_info --egg-base ../../build/my_package build --build-base /home/sergio/ros2_ws/build/my_package/build install --record /home/sergio/ros2_ws/build/my_package/install.log --single-version-externally-managed install_data
[4.796s] running egg_info
[4.797s] writing ../../build/my_package/my_package.egg-info/PKG-INFO
[4.798s] writing dependency_links to ../../build/my_package/my_package.egg-info/dependency_links.txt
[4.798s] writing entry points to ../../build/my_package/my_package.egg-info/entry_points.txt
[4.798s] writing requirements to ../../build/my_package/my_package.egg-info/requires.txt
[4.798s] writing top-level names to ../../build/my_package/my_package.egg-info/top_level.txt
[4.798s] reading manifest file '../../build/my_package/my_package.egg-info/SOURCES.txt'
[4.799s] writing manifest file '../../build/my_package/my_package.egg-info/SOURCES.txt'
[4.799s] running build
[4.799s] running build_py
[4.799s] running install
[4.799s] running install_lib
[4.800s] running install_data
[4.800s] running install_egg_info
[4.800s] removing '/home/sergio/ros2_ws/install/my_package/lib/python3.10/site-packages/my_package-0.0.0-py3.10.egg-info' (and everything under it)
[4.800s] Copying ../../build/my_package/my_package.egg-info to /home/sergio/ros2_ws/install/my_package/lib/python3.10/site-packages/my_package-0.0.0-py3.10.egg-info
[4.800s] running install_scripts
[4.800s] Installing my_node script to /home/sergio/ros2_ws/install/my_package/lib/my_package
[4.800s] writing list of installed files to '/home/sergio/ros2_ws/build/my_package/install.log'
[4.897s] Invoked command in '/home/sergio/ros2_ws/src/my_package' returned '0': PYTHONPATH=/home/sergio/ros2_ws/build/my_package/prefix_override:/usr/lib/python3/dist-packages/colcon_core/task/python/colcon_distutils_commands:/home/sergio/ros2_ws/install/my_package/lib/python3.10/site-packages:${PYTHONPATH} /usr/bin/python3 -W ignore:setup.py install is deprecated -W ignore:easy_install command is deprecated setup.py egg_info --egg-base ../../build/my_package build --build-base /home/sergio/ros2_ws/build/my_package/build install --record /home/sergio/ros2_ws/build/my_package/install.log --single-version-externally-managed install_data
