[3.066s] Invoking command in '/home/sergio/ros2_ws/src/robot_autonomo': PYTHONPATH=/home/sergio/ros2_ws/build/robot_autonomo/prefix_override:/usr/lib/python3/dist-packages/colcon_core/task/python/colcon_distutils_commands:/home/sergio/ros2_ws/install/robot_autonomo/lib/python3.10/site-packages:${PYTHONPATH} /usr/bin/python3 -W ignore:setup.py install is deprecated -W ignore:easy_install command is deprecated setup.py egg_info --egg-base ../../build/robot_autonomo build --build-base /home/sergio/ros2_ws/build/robot_autonomo/build install --record /home/sergio/ros2_ws/build/robot_autonomo/install.log --single-version-externally-managed install_data
[3.512s] running egg_info
[3.512s] writing ../../build/robot_autonomo/robot_autonomo.egg-info/PKG-INFO
[3.512s] writing dependency_links to ../../build/robot_autonomo/robot_autonomo.egg-info/dependency_links.txt
[3.513s] writing entry points to ../../build/robot_autonomo/robot_autonomo.egg-info/entry_points.txt
[3.513s] writing requirements to ../../build/robot_autonomo/robot_autonomo.egg-info/requires.txt
[3.513s] writing top-level names to ../../build/robot_autonomo/robot_autonomo.egg-info/top_level.txt
[3.515s] reading manifest file '../../build/robot_autonomo/robot_autonomo.egg-info/SOURCES.txt'
[3.516s] writing manifest file '../../build/robot_autonomo/robot_autonomo.egg-info/SOURCES.txt'
[3.516s] running build
[3.516s] running build_py
[3.517s] running install
[3.517s] running install_lib
[3.520s] running install_data
[3.521s] running install_egg_info
[3.522s] removing '/home/sergio/ros2_ws/install/robot_autonomo/lib/python3.10/site-packages/robot_autonomo-0.0.0-py3.10.egg-info' (and everything under it)
[3.523s] Copying ../../build/robot_autonomo/robot_autonomo.egg-info to /home/sergio/ros2_ws/install/robot_autonomo/lib/python3.10/site-packages/robot_autonomo-0.0.0-py3.10.egg-info
[3.524s] running install_scripts
[3.563s] Installing evita_obstaculos script to /home/sergio/ros2_ws/install/robot_autonomo/lib/robot_autonomo
[3.563s] Installing evita_obstaculos2 script to /home/sergio/ros2_ws/install/robot_autonomo/lib/robot_autonomo
[3.564s] writing list of installed files to '/home/sergio/ros2_ws/build/robot_autonomo/install.log'
[3.593s] Invoked command in '/home/sergio/ros2_ws/src/robot_autonomo' returned '0': PYTHONPATH=/home/sergio/ros2_ws/build/robot_autonomo/prefix_override:/usr/lib/python3/dist-packages/colcon_core/task/python/colcon_distutils_commands:/home/sergio/ros2_ws/install/robot_autonomo/lib/python3.10/site-packages:${PYTHONPATH} /usr/bin/python3 -W ignore:setup.py install is deprecated -W ignore:easy_install command is deprecated setup.py egg_info --egg-base ../../build/robot_autonomo build --build-base /home/sergio/ros2_ws/build/robot_autonomo/build install --record /home/sergio/ros2_ws/build/robot_autonomo/install.log --single-version-externally-managed install_data
