[2.589s] Invoking command in '/home/sergio/ros2_ws/src/robot_nav': PYTHONPATH=/home/sergio/ros2_ws/build/robot_nav/prefix_override:/usr/lib/python3/dist-packages/colcon_core/task/python/colcon_distutils_commands:/home/sergio/ros2_ws/install/robot_nav/lib/python3.10/site-packages:${PYTHONPATH} /usr/bin/python3 -W ignore:setup.py install is deprecated -W ignore:easy_install command is deprecated setup.py egg_info --egg-base ../../build/robot_nav build --build-base /home/sergio/ros2_ws/build/robot_nav/build install --record /home/sergio/ros2_ws/build/robot_nav/install.log --single-version-externally-managed install_data
[3.051s] running egg_info
[3.052s] writing ../../build/robot_nav/robot_nav.egg-info/PKG-INFO
[3.052s] writing dependency_links to ../../build/robot_nav/robot_nav.egg-info/dependency_links.txt
[3.052s] writing entry points to ../../build/robot_nav/robot_nav.egg-info/entry_points.txt
[3.052s] writing requirements to ../../build/robot_nav/robot_nav.egg-info/requires.txt
[3.052s] writing top-level names to ../../build/robot_nav/robot_nav.egg-info/top_level.txt
[3.054s] reading manifest file '../../build/robot_nav/robot_nav.egg-info/SOURCES.txt'
[3.055s] writing manifest file '../../build/robot_nav/robot_nav.egg-info/SOURCES.txt'
[3.055s] running build
[3.055s] running build_py
[3.056s] running install
[3.056s] running install_lib
[3.058s] running install_data
[3.058s] running install_egg_info
[3.061s] removing '/home/sergio/ros2_ws/install/robot_nav/lib/python3.10/site-packages/robot_nav-0.0.0-py3.10.egg-info' (and everything under it)
[3.061s] Copying ../../build/robot_nav/robot_nav.egg-info to /home/sergio/ros2_ws/install/robot_nav/lib/python3.10/site-packages/robot_nav-0.0.0-py3.10.egg-info
[3.062s] running install_scripts
[3.092s] Installing a_star_planner script to /home/sergio/ros2_ws/install/robot_nav/lib/robot_nav
[3.092s] Installing avoid_obstacles script to /home/sergio/ros2_ws/install/robot_nav/lib/robot_nav
[3.092s] Installing path_follower script to /home/sergio/ros2_ws/install/robot_nav/lib/robot_nav
[3.092s] Installing path_planner script to /home/sergio/ros2_ws/install/robot_nav/lib/robot_nav
[3.092s] Installing rrt_planner script to /home/sergio/ros2_ws/install/robot_nav/lib/robot_nav
[3.092s] Installing wavefront_planner script to /home/sergio/ros2_ws/install/robot_nav/lib/robot_nav
[3.093s] writing list of installed files to '/home/sergio/ros2_ws/build/robot_nav/install.log'
[3.112s] Invoked command in '/home/sergio/ros2_ws/src/robot_nav' returned '0': PYTHONPATH=/home/sergio/ros2_ws/build/robot_nav/prefix_override:/usr/lib/python3/dist-packages/colcon_core/task/python/colcon_distutils_commands:/home/sergio/ros2_ws/install/robot_nav/lib/python3.10/site-packages:${PYTHONPATH} /usr/bin/python3 -W ignore:setup.py install is deprecated -W ignore:easy_install command is deprecated setup.py egg_info --egg-base ../../build/robot_nav build --build-base /home/sergio/ros2_ws/build/robot_nav/build install --record /home/sergio/ros2_ws/build/robot_nav/install.log --single-version-externally-managed install_data
