[5.054s] Invoking command in '/home/sergio/ros2_ws/src/p2_ej3': PYTHONPATH=/home/sergio/ros2_ws/build/p2_ej3/prefix_override:/usr/lib/python3/dist-packages/colcon_core/task/python/colcon_distutils_commands:/home/sergio/ros2_ws/install/p2_ej3/lib/python3.10/site-packages:${PYTHONPATH} /usr/bin/python3 -W ignore:setup.py install is deprecated -W ignore:easy_install command is deprecated setup.py egg_info --egg-base ../../build/p2_ej3 build --build-base /home/sergio/ros2_ws/build/p2_ej3/build install --record /home/sergio/ros2_ws/build/p2_ej3/install.log --single-version-externally-managed install_data
[5.779s] running egg_info
[5.780s] writing ../../build/p2_ej3/p2_ej3.egg-info/PKG-INFO
[5.781s] writing dependency_links to ../../build/p2_ej3/p2_ej3.egg-info/dependency_links.txt
[5.783s] writing entry points to ../../build/p2_ej3/p2_ej3.egg-info/entry_points.txt
[5.785s] writing requirements to ../../build/p2_ej3/p2_ej3.egg-info/requires.txt
[5.785s] writing top-level names to ../../build/p2_ej3/p2_ej3.egg-info/top_level.txt
[5.791s] reading manifest file '../../build/p2_ej3/p2_ej3.egg-info/SOURCES.txt'
[5.794s] writing manifest file '../../build/p2_ej3/p2_ej3.egg-info/SOURCES.txt'
[5.794s] running build
[5.794s] running build_py
[5.795s] running install
[5.797s] running install_lib
[5.802s] running install_data
[5.814s] running install_egg_info
[5.844s] removing '/home/sergio/ros2_ws/install/p2_ej3/lib/python3.10/site-packages/p2_ej3-0.0.0-py3.10.egg-info' (and everything under it)
[5.844s] Copying ../../build/p2_ej3/p2_ej3.egg-info to /home/sergio/ros2_ws/install/p2_ej3/lib/python3.10/site-packages/p2_ej3-0.0.0-py3.10.egg-info
[5.844s] running install_scripts
[5.862s] Installing avoid_obstacles script to /home/sergio/ros2_ws/install/p2_ej3/lib/p2_ej3
[5.863s] writing list of installed files to '/home/sergio/ros2_ws/build/p2_ej3/install.log'
[5.981s] Invoked command in '/home/sergio/ros2_ws/src/p2_ej3' returned '0': PYTHONPATH=/home/sergio/ros2_ws/build/p2_ej3/prefix_override:/usr/lib/python3/dist-packages/colcon_core/task/python/colcon_distutils_commands:/home/sergio/ros2_ws/install/p2_ej3/lib/python3.10/site-packages:${PYTHONPATH} /usr/bin/python3 -W ignore:setup.py install is deprecated -W ignore:easy_install command is deprecated setup.py egg_info --egg-base ../../build/p2_ej3 build --build-base /home/sergio/ros2_ws/build/p2_ej3/build install --record /home/sergio/ros2_ws/build/p2_ej3/install.log --single-version-externally-managed install_data
