[3.007s] Invoking command in '/home/sergio/ros2_ws/src/ejercicio_tres_server': PYTHONPATH=/home/sergio/ros2_ws/build/ejercicio_tres_server/prefix_override:/usr/lib/python3/dist-packages/colcon_core/task/python/colcon_distutils_commands:/home/sergio/ros2_ws/install/ejercicio_tres_server/lib/python3.10/site-packages:${PYTHONPATH} /usr/bin/python3 -W ignore:setup.py install is deprecated -W ignore:easy_install command is deprecated setup.py egg_info --egg-base ../../build/ejercicio_tres_server build --build-base /home/sergio/ros2_ws/build/ejercicio_tres_server/build install --record /home/sergio/ros2_ws/build/ejercicio_tres_server/install.log --single-version-externally-managed install_data
[3.447s] running egg_info
[3.448s] writing ../../build/ejercicio_tres_server/ejercicio_tres_server.egg-info/PKG-INFO
[3.448s] writing dependency_links to ../../build/ejercicio_tres_server/ejercicio_tres_server.egg-info/dependency_links.txt
[3.449s] writing entry points to ../../build/ejercicio_tres_server/ejercicio_tres_server.egg-info/entry_points.txt
[3.451s] writing requirements to ../../build/ejercicio_tres_server/ejercicio_tres_server.egg-info/requires.txt
[3.452s] writing top-level names to ../../build/ejercicio_tres_server/ejercicio_tres_server.egg-info/top_level.txt
[3.452s] reading manifest file '../../build/ejercicio_tres_server/ejercicio_tres_server.egg-info/SOURCES.txt'
[3.453s] writing manifest file '../../build/ejercicio_tres_server/ejercicio_tres_server.egg-info/SOURCES.txt'
[3.453s] running build
[3.453s] running build_py
[3.454s] running install
[3.454s] running install_lib
[3.456s] running install_data
[3.456s] running install_egg_info
[3.460s] removing '/home/sergio/ros2_ws/install/ejercicio_tres_server/lib/python3.10/site-packages/ejercicio_tres_server-0.0.0-py3.10.egg-info' (and everything under it)
[3.461s] Copying ../../build/ejercicio_tres_server/ejercicio_tres_server.egg-info to /home/sergio/ros2_ws/install/ejercicio_tres_server/lib/python3.10/site-packages/ejercicio_tres_server-0.0.0-py3.10.egg-info
[3.462s] running install_scripts
[3.525s] Installing midpoint_server script to /home/sergio/ros2_ws/install/ejercicio_tres_server/lib/ejercicio_tres_server
[3.525s] writing list of installed files to '/home/sergio/ros2_ws/build/ejercicio_tres_server/install.log'
[3.624s] Invoked command in '/home/sergio/ros2_ws/src/ejercicio_tres_server' returned '0': PYTHONPATH=/home/sergio/ros2_ws/build/ejercicio_tres_server/prefix_override:/usr/lib/python3/dist-packages/colcon_core/task/python/colcon_distutils_commands:/home/sergio/ros2_ws/install/ejercicio_tres_server/lib/python3.10/site-packages:${PYTHONPATH} /usr/bin/python3 -W ignore:setup.py install is deprecated -W ignore:easy_install command is deprecated setup.py egg_info --egg-base ../../build/ejercicio_tres_server build --build-base /home/sergio/ros2_ws/build/ejercicio_tres_server/build install --record /home/sergio/ros2_ws/build/ejercicio_tres_server/install.log --single-version-externally-managed install_data
