[0.704s] Invoking command in '/home/sergio/ros2_ws/build/moveit2_tutorials': CMAKE_PREFIX_PATH=/home/sergio/ros2_ws/install/moveit_task_constructor_core:/home/sergio/ros2_ws/install/moveit_resources_panda_moveit_config:/home/sergio/ros2_ws/install/moveit_resources_fanuc_moveit_config:/home/sergio/ros2_ws/install/rviz_marker_tools:/home/sergio/ros2_ws/install/moveit_task_constructor_msgs:/home/sergio/ros2_ws/install/moveit_resources_panda_description:/home/sergio/ros2_ws/install/moveit_resources_fanuc_description:/home/sergio/ros2_ws/install/trr_robot:/home/sergio/ros2_ws/install/stage_worlds:/home/sergio/ros2_ws/install/stage_ros2:/home/sergio/ros2_ws/install/moveit_task_constructor_visualization:/home/sergio/ros2_ws/install/moveit_task_constructor_demo:/home/sergio/ros2_ws/install/moveit_task_constructor_capabilities:/home/sergio/ros2_ws/install/moveit2_tutorials:/home/sergio/ros2_ws/install/robot_description:/home/sergio/ros2_ws/install/p2_ej2:/home/sergio/ros2_ws/install/p1_ej3_interface:/home/sergio/ros2_ws/install/p1_ej2_interface:/home/sergio/ros2_ws/install/navigation_tb3:/home/sergio/ros2_ws/install/moveit_resources:/home/sergio/ros2_ws/install/moveit_resources_pr2_description:/home/sergio/ros2_ws/install/mma_interfaces:/home/sergio/ros2_ws/install/hello_moveit:/home/sergio/ros2_ws/install/ejercicio_tres_interface:/home/sergio/ros2_ws/install/Stage:/home/sergio/ros2_ws/install/cam_viewer:/home/sergio/ros2_ws/install/trr_robot_ps:/home/sergio/ros2_ws/install/robot_nav:/home/sergio/ros2_ws/install/robot_autonomo:/home/sergio/ros2_ws/install/p2_ej3:/home/sergio/ros2_ws/install/p1_ej3_servidor:/home/sergio/ros2_ws/install/p1_ej3_cliente:/home/sergio/ros2_ws/install/p1_ej2_nodos_sensor:/home/sergio/ros2_ws/install/p1_ej2_nodo5:/home/sergio/ros2_ws/install/p1_ej2_nodo4:/home/sergio/ros2_ws/install/nodo_adc_sub:/home/sergio/ros2_ws/install/my_stage_mover:/home/sergio/ros2_ws/install/my_package:/home/sergio/ros2_ws/install/mma_talker:/home/sergio/ros2_ws/install/mma_service:/home/sergio/ros2_ws/install/mma_listener:/home/sergio/ros2_ws/install/ejercicio_tres_server:/home/sergio/ros2_ws/install/ejercicio_tres_client:/home/sergio/ros2_ws/install/ejercicio_dos:/home/sergio/ros2_ws/install/ejercicio1_pkg:/home/sergio/ros2_ws/install/ejemplo_uno:/home/sergio/ros2_ws/install/auto_mover:/home/sergio/ros2_ws/install/P1_ej1_sub:/home/sergio/ros2_ws/install/P1_ej1_pub:/opt/ros/humble LD_LIBRARY_PATH=/home/sergio/ros2_ws/install/moveit_task_constructor_core/lib:/home/sergio/ros2_ws/install/rviz_marker_tools/lib:/home/sergio/ros2_ws/install/moveit_task_constructor_msgs/lib:/home/sergio/ros2_ws/install/stage_ros2/lib:/home/sergio/ros2_ws/install/moveit_task_constructor_visualization/lib:/home/sergio/ros2_ws/install/moveit_task_constructor_demo/lib:/home/sergio/ros2_ws/install/moveit_task_constructor_capabilities/lib:/home/sergio/ros2_ws/install/p1_ej3_interface/lib:/home/sergio/ros2_ws/install/p1_ej2_interface/lib:/home/sergio/ros2_ws/install/mma_interfaces/lib:/home/sergio/ros2_ws/install/ejercicio_tres_interface/lib:/home/sergio/ros2_ws/install/Stage/lib:/usr/lib/x86_64-linux-gnu/gazebo-11/plugins:/opt/ros/humble/opt/rviz_ogre_vendor/lib:/opt/ros/humble/lib/x86_64-linux-gnu:/opt/ros/humble/lib /usr/bin/cmake --build /home/sergio/ros2_ws/build/moveit2_tutorials -- -j16 -l16
[0.899s] [  7%] Built target servo_keyboard_input
[0.903s] [ 15%] Built target mtc_tutorial
[0.908s] [ 23%] Built target robot_model_and_robot_state_tutorial
[0.908s] [ 30%] Built target minimal_mtc_tutorial
[0.920s] [ 38%] Built target motion_planning_api_tutorial
[0.926s] [ 50%] Built target planning_scene_tutorial
[0.928s] [ 53%] Built target planning_scene_ros_api_tutorial
[0.935s] [ 65%] Built target pilz_move_group
[0.936s] [ 69%] Built target pilz_mtc
[0.939s] [ 76%] Built target servo_cpp_interface_demo
[0.947s] [ 84%] Built target move_group_interface_tutorial
[0.958s] [ 92%] Built target ompl_constrained_planning
[0.958s] [100%] Built target moveit_cpp_tutorial
[1.000s] Invoked command in '/home/sergio/ros2_ws/build/moveit2_tutorials' returned '0': CMAKE_PREFIX_PATH=/home/sergio/ros2_ws/install/moveit_task_constructor_core:/home/sergio/ros2_ws/install/moveit_resources_panda_moveit_config:/home/sergio/ros2_ws/install/moveit_resources_fanuc_moveit_config:/home/sergio/ros2_ws/install/rviz_marker_tools:/home/sergio/ros2_ws/install/moveit_task_constructor_msgs:/home/sergio/ros2_ws/install/moveit_resources_panda_description:/home/sergio/ros2_ws/install/moveit_resources_fanuc_description:/home/sergio/ros2_ws/install/trr_robot:/home/sergio/ros2_ws/install/stage_worlds:/home/sergio/ros2_ws/install/stage_ros2:/home/sergio/ros2_ws/install/moveit_task_constructor_visualization:/home/sergio/ros2_ws/install/moveit_task_constructor_demo:/home/sergio/ros2_ws/install/moveit_task_constructor_capabilities:/home/sergio/ros2_ws/install/moveit2_tutorials:/home/sergio/ros2_ws/install/robot_description:/home/sergio/ros2_ws/install/p2_ej2:/home/sergio/ros2_ws/install/p1_ej3_interface:/home/sergio/ros2_ws/install/p1_ej2_interface:/home/sergio/ros2_ws/install/navigation_tb3:/home/sergio/ros2_ws/install/moveit_resources:/home/sergio/ros2_ws/install/moveit_resources_pr2_description:/home/sergio/ros2_ws/install/mma_interfaces:/home/sergio/ros2_ws/install/hello_moveit:/home/sergio/ros2_ws/install/ejercicio_tres_interface:/home/sergio/ros2_ws/install/Stage:/home/sergio/ros2_ws/install/cam_viewer:/home/sergio/ros2_ws/install/trr_robot_ps:/home/sergio/ros2_ws/install/robot_nav:/home/sergio/ros2_ws/install/robot_autonomo:/home/sergio/ros2_ws/install/p2_ej3:/home/sergio/ros2_ws/install/p1_ej3_servidor:/home/sergio/ros2_ws/install/p1_ej3_cliente:/home/sergio/ros2_ws/install/p1_ej2_nodos_sensor:/home/sergio/ros2_ws/install/p1_ej2_nodo5:/home/sergio/ros2_ws/install/p1_ej2_nodo4:/home/sergio/ros2_ws/install/nodo_adc_sub:/home/sergio/ros2_ws/install/my_stage_mover:/home/sergio/ros2_ws/install/my_package:/home/sergio/ros2_ws/install/mma_talker:/home/sergio/ros2_ws/install/mma_service:/home/sergio/ros2_ws/install/mma_listener:/home/sergio/ros2_ws/install/ejercicio_tres_server:/home/sergio/ros2_ws/install/ejercicio_tres_client:/home/sergio/ros2_ws/install/ejercicio_dos:/home/sergio/ros2_ws/install/ejercicio1_pkg:/home/sergio/ros2_ws/install/ejemplo_uno:/home/sergio/ros2_ws/install/auto_mover:/home/sergio/ros2_ws/install/P1_ej1_sub:/home/sergio/ros2_ws/install/P1_ej1_pub:/opt/ros/humble LD_LIBRARY_PATH=/home/sergio/ros2_ws/install/moveit_task_constructor_core/lib:/home/sergio/ros2_ws/install/rviz_marker_tools/lib:/home/sergio/ros2_ws/install/moveit_task_constructor_msgs/lib:/home/sergio/ros2_ws/install/stage_ros2/lib:/home/sergio/ros2_ws/install/moveit_task_constructor_visualization/lib:/home/sergio/ros2_ws/install/moveit_task_constructor_demo/lib:/home/sergio/ros2_ws/install/moveit_task_constructor_capabilities/lib:/home/sergio/ros2_ws/install/p1_ej3_interface/lib:/home/sergio/ros2_ws/install/p1_ej2_interface/lib:/home/sergio/ros2_ws/install/mma_interfaces/lib:/home/sergio/ros2_ws/install/ejercicio_tres_interface/lib:/home/sergio/ros2_ws/install/Stage/lib:/usr/lib/x86_64-linux-gnu/gazebo-11/plugins:/opt/ros/humble/opt/rviz_ogre_vendor/lib:/opt/ros/humble/lib/x86_64-linux-gnu:/opt/ros/humble/lib /usr/bin/cmake --build /home/sergio/ros2_ws/build/moveit2_tutorials -- -j16 -l16
[1.012s] Invoking command in '/home/sergio/ros2_ws/build/moveit2_tutorials': CMAKE_PREFIX_PATH=/home/sergio/ros2_ws/install/moveit_task_constructor_core:/home/sergio/ros2_ws/install/moveit_resources_panda_moveit_config:/home/sergio/ros2_ws/install/moveit_resources_fanuc_moveit_config:/home/sergio/ros2_ws/install/rviz_marker_tools:/home/sergio/ros2_ws/install/moveit_task_constructor_msgs:/home/sergio/ros2_ws/install/moveit_resources_panda_description:/home/sergio/ros2_ws/install/moveit_resources_fanuc_description:/home/sergio/ros2_ws/install/trr_robot:/home/sergio/ros2_ws/install/stage_worlds:/home/sergio/ros2_ws/install/stage_ros2:/home/sergio/ros2_ws/install/moveit_task_constructor_visualization:/home/sergio/ros2_ws/install/moveit_task_constructor_demo:/home/sergio/ros2_ws/install/moveit_task_constructor_capabilities:/home/sergio/ros2_ws/install/moveit2_tutorials:/home/sergio/ros2_ws/install/robot_description:/home/sergio/ros2_ws/install/p2_ej2:/home/sergio/ros2_ws/install/p1_ej3_interface:/home/sergio/ros2_ws/install/p1_ej2_interface:/home/sergio/ros2_ws/install/navigation_tb3:/home/sergio/ros2_ws/install/moveit_resources:/home/sergio/ros2_ws/install/moveit_resources_pr2_description:/home/sergio/ros2_ws/install/mma_interfaces:/home/sergio/ros2_ws/install/hello_moveit:/home/sergio/ros2_ws/install/ejercicio_tres_interface:/home/sergio/ros2_ws/install/Stage:/home/sergio/ros2_ws/install/cam_viewer:/home/sergio/ros2_ws/install/trr_robot_ps:/home/sergio/ros2_ws/install/robot_nav:/home/sergio/ros2_ws/install/robot_autonomo:/home/sergio/ros2_ws/install/p2_ej3:/home/sergio/ros2_ws/install/p1_ej3_servidor:/home/sergio/ros2_ws/install/p1_ej3_cliente:/home/sergio/ros2_ws/install/p1_ej2_nodos_sensor:/home/sergio/ros2_ws/install/p1_ej2_nodo5:/home/sergio/ros2_ws/install/p1_ej2_nodo4:/home/sergio/ros2_ws/install/nodo_adc_sub:/home/sergio/ros2_ws/install/my_stage_mover:/home/sergio/ros2_ws/install/my_package:/home/sergio/ros2_ws/install/mma_talker:/home/sergio/ros2_ws/install/mma_service:/home/sergio/ros2_ws/install/mma_listener:/home/sergio/ros2_ws/install/ejercicio_tres_server:/home/sergio/ros2_ws/install/ejercicio_tres_client:/home/sergio/ros2_ws/install/ejercicio_dos:/home/sergio/ros2_ws/install/ejercicio1_pkg:/home/sergio/ros2_ws/install/ejemplo_uno:/home/sergio/ros2_ws/install/auto_mover:/home/sergio/ros2_ws/install/P1_ej1_sub:/home/sergio/ros2_ws/install/P1_ej1_pub:/opt/ros/humble LD_LIBRARY_PATH=/home/sergio/ros2_ws/install/moveit_task_constructor_core/lib:/home/sergio/ros2_ws/install/rviz_marker_tools/lib:/home/sergio/ros2_ws/install/moveit_task_constructor_msgs/lib:/home/sergio/ros2_ws/install/stage_ros2/lib:/home/sergio/ros2_ws/install/moveit_task_constructor_visualization/lib:/home/sergio/ros2_ws/install/moveit_task_constructor_demo/lib:/home/sergio/ros2_ws/install/moveit_task_constructor_capabilities/lib:/home/sergio/ros2_ws/install/p1_ej3_interface/lib:/home/sergio/ros2_ws/install/p1_ej2_interface/lib:/home/sergio/ros2_ws/install/mma_interfaces/lib:/home/sergio/ros2_ws/install/ejercicio_tres_interface/lib:/home/sergio/ros2_ws/install/Stage/lib:/usr/lib/x86_64-linux-gnu/gazebo-11/plugins:/opt/ros/humble/opt/rviz_ogre_vendor/lib:/opt/ros/humble/lib/x86_64-linux-gnu:/opt/ros/humble/lib /usr/bin/cmake --install /home/sergio/ros2_ws/build/moveit2_tutorials
[1.041s] -- Install configuration: "Release"
[1.041s] -- Up-to-date: /home/sergio/ros2_ws/install/moveit2_tutorials/share/ament_index/resource_index/package_run_dependencies/moveit2_tutorials
[1.041s] -- Up-to-date: /home/sergio/ros2_ws/install/moveit2_tutorials/share/ament_index/resource_index/parent_prefix_path/moveit2_tutorials
[1.042s] -- Up-to-date: /home/sergio/ros2_ws/install/moveit2_tutorials/share/moveit2_tutorials/environment/ament_prefix_path.sh
[1.042s] -- Up-to-date: /home/sergio/ros2_ws/install/moveit2_tutorials/share/moveit2_tutorials/environment/ament_prefix_path.dsv
[1.042s] -- Up-to-date: /home/sergio/ros2_ws/install/moveit2_tutorials/share/moveit2_tutorials/environment/path.sh
[1.042s] -- Up-to-date: /home/sergio/ros2_ws/install/moveit2_tutorials/share/moveit2_tutorials/environment/path.dsv
[1.042s] -- Up-to-date: /home/sergio/ros2_ws/install/moveit2_tutorials/share/moveit2_tutorials/local_setup.bash
[1.042s] -- Up-to-date: /home/sergio/ros2_ws/install/moveit2_tutorials/share/moveit2_tutorials/local_setup.sh
[1.042s] -- Up-to-date: /home/sergio/ros2_ws/install/moveit2_tutorials/share/moveit2_tutorials/local_setup.zsh
[1.042s] -- Up-to-date: /home/sergio/ros2_ws/install/moveit2_tutorials/share/moveit2_tutorials/local_setup.dsv
[1.042s] -- Installing: /home/sergio/ros2_ws/install/moveit2_tutorials/share/moveit2_tutorials/package.dsv
[1.042s] -- Up-to-date: /home/sergio/ros2_ws/install/moveit2_tutorials/share/ament_index/resource_index/packages/moveit2_tutorials
[1.042s] -- Up-to-date: /home/sergio/ros2_ws/install/moveit2_tutorials/share/moveit2_tutorials/cmake/ament_cmake_export_dependencies-extras.cmake
[1.043s] -- Up-to-date: /home/sergio/ros2_ws/install/moveit2_tutorials/share/moveit2_tutorials/cmake/ament_cmake_export_include_directories-extras.cmake
[1.043s] -- Up-to-date: /home/sergio/ros2_ws/install/moveit2_tutorials/share/moveit2_tutorials/cmake/moveit2_tutorialsConfig.cmake
[1.043s] -- Up-to-date: /home/sergio/ros2_ws/install/moveit2_tutorials/share/moveit2_tutorials/cmake/moveit2_tutorialsConfig-version.cmake
[1.043s] -- Up-to-date: /home/sergio/ros2_ws/install/moveit2_tutorials/share/moveit2_tutorials/package.xml
[1.043s] -- Up-to-date: /home/sergio/ros2_ws/install/moveit2_tutorials/share/moveit2_tutorials/launch
[1.043s] -- Up-to-date: /home/sergio/ros2_ws/install/moveit2_tutorials/share/moveit2_tutorials/launch/panda_moveit_config_demo.rviz
[1.043s] -- Up-to-date: /home/sergio/ros2_ws/install/moveit2_tutorials/share/moveit2_tutorials/launch/demo.launch.py
[1.043s] -- Up-to-date: /home/sergio/ros2_ws/install/moveit2_tutorials/share/moveit2_tutorials/launch/panda_hello_moveit.rviz
[1.043s] -- Up-to-date: /home/sergio/ros2_ws/install/moveit2_tutorials/share/moveit2_tutorials/launch/panda_moveit_config_demo_empty.rviz
[1.053s] -- Up-to-date: /home/sergio/ros2_ws/install/moveit2_tutorials/lib/moveit2_tutorials/mtc_tutorial
[1.053s] -- Up-to-date: /home/sergio/ros2_ws/install/moveit2_tutorials/lib/moveit2_tutorials/minimal_mtc_tutorial
[1.053s] -- Up-to-date: /home/sergio/ros2_ws/install/moveit2_tutorials/share/moveit2_tutorials/launch
[1.054s] -- Up-to-date: /home/sergio/ros2_ws/install/moveit2_tutorials/share/moveit2_tutorials/launch/mtc_demo.launch.py
[1.054s] -- Up-to-date: /home/sergio/ros2_ws/install/moveit2_tutorials/share/moveit2_tutorials/launch/mtc.rviz
[1.054s] -- Up-to-date: /home/sergio/ros2_ws/install/moveit2_tutorials/share/moveit2_tutorials/launch/mtc_demo_minimal.launch.py
[1.054s] -- Up-to-date: /home/sergio/ros2_ws/install/moveit2_tutorials/share/moveit2_tutorials/launch/pick_place_demo.launch.py
[1.054s] -- Up-to-date: /home/sergio/ros2_ws/install/moveit2_tutorials/lib/moveit2_tutorials/motion_planning_api_tutorial
[1.055s] -- Up-to-date: /home/sergio/ros2_ws/install/moveit2_tutorials/share/moveit2_tutorials/launch
[1.055s] -- Up-to-date: /home/sergio/ros2_ws/install/moveit2_tutorials/share/moveit2_tutorials/launch/motion_planning_api_tutorial.launch.py
[1.055s] -- Up-to-date: /home/sergio/ros2_ws/install/moveit2_tutorials/lib/moveit2_tutorials/move_group_interface_tutorial
[1.055s] -- Up-to-date: /home/sergio/ros2_ws/install/moveit2_tutorials/share/moveit2_tutorials/launch
[1.055s] -- Up-to-date: /home/sergio/ros2_ws/install/moveit2_tutorials/share/moveit2_tutorials/launch/move_group.rviz
[1.055s] -- Up-to-date: /home/sergio/ros2_ws/install/moveit2_tutorials/share/moveit2_tutorials/launch/move_group.launch.py
[1.055s] -- Up-to-date: /home/sergio/ros2_ws/install/moveit2_tutorials/share/moveit2_tutorials/launch/move_group_interface_tutorial.launch.py
[1.055s] -- Up-to-date: /home/sergio/ros2_ws/install/moveit2_tutorials/lib/moveit2_tutorials/pilz_move_group
[1.055s] -- Up-to-date: /home/sergio/ros2_ws/install/moveit2_tutorials/lib/moveit2_tutorials/pilz_mtc
[1.056s] -- Up-to-date: /home/sergio/ros2_ws/install/moveit2_tutorials/share/moveit2_tutorials/launch
[1.056s] -- Up-to-date: /home/sergio/ros2_ws/install/moveit2_tutorials/share/moveit2_tutorials/launch/pilz_mtc.launch.py
[1.056s] -- Up-to-date: /home/sergio/ros2_ws/install/moveit2_tutorials/lib/moveit2_tutorials/planning_scene_tutorial
[1.056s] -- Up-to-date: /home/sergio/ros2_ws/install/moveit2_tutorials/share/moveit2_tutorials/launch
[1.056s] -- Up-to-date: /home/sergio/ros2_ws/install/moveit2_tutorials/share/moveit2_tutorials/launch/planning_scene_tutorial.launch.py
[1.058s] -- Up-to-date: /home/sergio/ros2_ws/install/moveit2_tutorials/lib/moveit2_tutorials/planning_scene_ros_api_tutorial
[1.059s] -- Up-to-date: /home/sergio/ros2_ws/install/moveit2_tutorials/share/moveit2_tutorials/launch
[1.060s] -- Up-to-date: /home/sergio/ros2_ws/install/moveit2_tutorials/share/moveit2_tutorials/launch/planning_scene_ros_api_tutorial.launch.py
[1.060s] -- Up-to-date: /home/sergio/ros2_ws/install/moveit2_tutorials/lib/moveit2_tutorials/robot_model_and_robot_state_tutorial
[1.060s] -- Up-to-date: /home/sergio/ros2_ws/install/moveit2_tutorials/share/moveit2_tutorials/launch
[1.060s] -- Up-to-date: /home/sergio/ros2_ws/install/moveit2_tutorials/share/moveit2_tutorials/launch/robot_model_and_robot_state_tutorial.launch.py
[1.061s] -- Up-to-date: /home/sergio/ros2_ws/install/moveit2_tutorials/lib/moveit2_tutorials/moveit_cpp_tutorial
[1.061s] -- Up-to-date: /home/sergio/ros2_ws/install/moveit2_tutorials/share/moveit2_tutorials/launch
[1.061s] -- Up-to-date: /home/sergio/ros2_ws/install/moveit2_tutorials/share/moveit2_tutorials/launch/moveit_cpp_tutorial.launch.py
[1.061s] -- Up-to-date: /home/sergio/ros2_ws/install/moveit2_tutorials/share/moveit2_tutorials/launch/moveit_cpp_tutorial.rviz
[1.062s] -- Up-to-date: /home/sergio/ros2_ws/install/moveit2_tutorials/share/moveit2_tutorials/config
[1.062s] -- Up-to-date: /home/sergio/ros2_ws/install/moveit2_tutorials/share/moveit2_tutorials/config/moveit_cpp.yaml
[1.062s] -- Up-to-date: /home/sergio/ros2_ws/install/moveit2_tutorials/lib/moveit2_tutorials/servo_keyboard_input
[1.063s] -- Up-to-date: /home/sergio/ros2_ws/install/moveit2_tutorials/lib/moveit2_tutorials/servo_cpp_interface_demo
[1.063s] -- Up-to-date: /home/sergio/ros2_ws/install/moveit2_tutorials/share/moveit2_tutorials/launch
[1.063s] -- Up-to-date: /home/sergio/ros2_ws/install/moveit2_tutorials/share/moveit2_tutorials/launch/servo_cpp_interface_demo.launch.py
[1.063s] -- Up-to-date: /home/sergio/ros2_ws/install/moveit2_tutorials/share/moveit2_tutorials/config
[1.063s] -- Up-to-date: /home/sergio/ros2_ws/install/moveit2_tutorials/share/moveit2_tutorials/config/demo_rviz_config.rviz
[1.063s] -- Up-to-date: /home/sergio/ros2_ws/install/moveit2_tutorials/share/moveit2_tutorials/launch
[1.063s] -- Up-to-date: /home/sergio/ros2_ws/install/moveit2_tutorials/share/moveit2_tutorials/launch/chomp_demo.launch.py
[1.064s] -- Up-to-date: /home/sergio/ros2_ws/install/moveit2_tutorials/share/moveit2_tutorials/config
[1.064s] -- Up-to-date: /home/sergio/ros2_ws/install/moveit2_tutorials/share/moveit2_tutorials/config/moveit_chomp.rviz
[1.064s] -- Up-to-date: /home/sergio/ros2_ws/install/moveit2_tutorials/lib/moveit2_tutorials/ompl_constrained_planning
[1.065s] -- Up-to-date: /home/sergio/ros2_ws/install/moveit2_tutorials/share/moveit2_tutorials/launch
[1.066s] -- Up-to-date: /home/sergio/ros2_ws/install/moveit2_tutorials/share/moveit2_tutorials/launch/ompl_constrained_planning.rviz
[1.066s] -- Up-to-date: /home/sergio/ros2_ws/install/moveit2_tutorials/share/moveit2_tutorials/launch/ompl_constrained_planning.launch.py
[1.084s] Invoked command in '/home/sergio/ros2_ws/build/moveit2_tutorials' returned '0': CMAKE_PREFIX_PATH=/home/sergio/ros2_ws/install/moveit_task_constructor_core:/home/sergio/ros2_ws/install/moveit_resources_panda_moveit_config:/home/sergio/ros2_ws/install/moveit_resources_fanuc_moveit_config:/home/sergio/ros2_ws/install/rviz_marker_tools:/home/sergio/ros2_ws/install/moveit_task_constructor_msgs:/home/sergio/ros2_ws/install/moveit_resources_panda_description:/home/sergio/ros2_ws/install/moveit_resources_fanuc_description:/home/sergio/ros2_ws/install/trr_robot:/home/sergio/ros2_ws/install/stage_worlds:/home/sergio/ros2_ws/install/stage_ros2:/home/sergio/ros2_ws/install/moveit_task_constructor_visualization:/home/sergio/ros2_ws/install/moveit_task_constructor_demo:/home/sergio/ros2_ws/install/moveit_task_constructor_capabilities:/home/sergio/ros2_ws/install/moveit2_tutorials:/home/sergio/ros2_ws/install/robot_description:/home/sergio/ros2_ws/install/p2_ej2:/home/sergio/ros2_ws/install/p1_ej3_interface:/home/sergio/ros2_ws/install/p1_ej2_interface:/home/sergio/ros2_ws/install/navigation_tb3:/home/sergio/ros2_ws/install/moveit_resources:/home/sergio/ros2_ws/install/moveit_resources_pr2_description:/home/sergio/ros2_ws/install/mma_interfaces:/home/sergio/ros2_ws/install/hello_moveit:/home/sergio/ros2_ws/install/ejercicio_tres_interface:/home/sergio/ros2_ws/install/Stage:/home/sergio/ros2_ws/install/cam_viewer:/home/sergio/ros2_ws/install/trr_robot_ps:/home/sergio/ros2_ws/install/robot_nav:/home/sergio/ros2_ws/install/robot_autonomo:/home/sergio/ros2_ws/install/p2_ej3:/home/sergio/ros2_ws/install/p1_ej3_servidor:/home/sergio/ros2_ws/install/p1_ej3_cliente:/home/sergio/ros2_ws/install/p1_ej2_nodos_sensor:/home/sergio/ros2_ws/install/p1_ej2_nodo5:/home/sergio/ros2_ws/install/p1_ej2_nodo4:/home/sergio/ros2_ws/install/nodo_adc_sub:/home/sergio/ros2_ws/install/my_stage_mover:/home/sergio/ros2_ws/install/my_package:/home/sergio/ros2_ws/install/mma_talker:/home/sergio/ros2_ws/install/mma_service:/home/sergio/ros2_ws/install/mma_listener:/home/sergio/ros2_ws/install/ejercicio_tres_server:/home/sergio/ros2_ws/install/ejercicio_tres_client:/home/sergio/ros2_ws/install/ejercicio_dos:/home/sergio/ros2_ws/install/ejercicio1_pkg:/home/sergio/ros2_ws/install/ejemplo_uno:/home/sergio/ros2_ws/install/auto_mover:/home/sergio/ros2_ws/install/P1_ej1_sub:/home/sergio/ros2_ws/install/P1_ej1_pub:/opt/ros/humble LD_LIBRARY_PATH=/home/sergio/ros2_ws/install/moveit_task_constructor_core/lib:/home/sergio/ros2_ws/install/rviz_marker_tools/lib:/home/sergio/ros2_ws/install/moveit_task_constructor_msgs/lib:/home/sergio/ros2_ws/install/stage_ros2/lib:/home/sergio/ros2_ws/install/moveit_task_constructor_visualization/lib:/home/sergio/ros2_ws/install/moveit_task_constructor_demo/lib:/home/sergio/ros2_ws/install/moveit_task_constructor_capabilities/lib:/home/sergio/ros2_ws/install/p1_ej3_interface/lib:/home/sergio/ros2_ws/install/p1_ej2_interface/lib:/home/sergio/ros2_ws/install/mma_interfaces/lib:/home/sergio/ros2_ws/install/ejercicio_tres_interface/lib:/home/sergio/ros2_ws/install/Stage/lib:/usr/lib/x86_64-linux-gnu/gazebo-11/plugins:/opt/ros/humble/opt/rviz_ogre_vendor/lib:/opt/ros/humble/lib/x86_64-linux-gnu:/opt/ros/humble/lib /usr/bin/cmake --install /home/sergio/ros2_ws/build/moveit2_tutorials
