[2.428s] Invoking command in '/home/sergio/ros2_ws/src/robot_nav': PYTHONPATH=/home/sergio/ros2_ws/build/robot_nav/prefix_override:/usr/lib/python3/dist-packages/colcon_core/task/python/colcon_distutils_commands:/home/sergio/ros2_ws/install/robot_nav/lib/python3.10/site-packages:${PYTHONPATH} /usr/bin/python3 -W ignore:setup.py install is deprecated -W ignore:easy_install command is deprecated setup.py egg_info --egg-base ../../build/robot_nav build --build-base /home/sergio/ros2_ws/build/robot_nav/build install --record /home/sergio/ros2_ws/build/robot_nav/install.log --single-version-externally-managed install_data
[2.972s] running egg_info
[2.972s] creating ../../build/robot_nav/robot_nav.egg-info
[2.972s] writing ../../build/robot_nav/robot_nav.egg-info/PKG-INFO
[2.972s] writing dependency_links to ../../build/robot_nav/robot_nav.egg-info/dependency_links.txt
[2.973s] writing entry points to ../../build/robot_nav/robot_nav.egg-info/entry_points.txt
[2.973s] writing requirements to ../../build/robot_nav/robot_nav.egg-info/requires.txt
[2.973s] writing top-level names to ../../build/robot_nav/robot_nav.egg-info/top_level.txt
[2.973s] writing manifest file '../../build/robot_nav/robot_nav.egg-info/SOURCES.txt'
[2.976s] reading manifest file '../../build/robot_nav/robot_nav.egg-info/SOURCES.txt'
[2.977s] writing manifest file '../../build/robot_nav/robot_nav.egg-info/SOURCES.txt'
[2.978s] running build
[2.978s] running build_py
[2.978s] creating /home/sergio/ros2_ws/build/robot_nav/build
[2.979s] creating /home/sergio/ros2_ws/build/robot_nav/build/lib
[2.979s] creating /home/sergio/ros2_ws/build/robot_nav/build/lib/robot_nav
[2.979s] copying robot_nav/path_follower.py -> /home/sergio/ros2_ws/build/robot_nav/build/lib/robot_nav
[2.982s] copying robot_nav/__init__.py -> /home/sergio/ros2_ws/build/robot_nav/build/lib/robot_nav
[2.983s] copying robot_nav/wavefront_planner.py -> /home/sergio/ros2_ws/build/robot_nav/build/lib/robot_nav
[2.984s] copying robot_nav/avoid_obstacles.py -> /home/sergio/ros2_ws/build/robot_nav/build/lib/robot_nav
[2.985s] copying robot_nav/a_star_planner.py -> /home/sergio/ros2_ws/build/robot_nav/build/lib/robot_nav
[2.986s] copying robot_nav/rrt_planner.py -> /home/sergio/ros2_ws/build/robot_nav/build/lib/robot_nav
[2.986s] running install
[2.987s] running install_lib
[2.989s] creating /home/sergio/ros2_ws/install/robot_nav/lib/python3.10/site-packages/robot_nav
[2.989s] copying /home/sergio/ros2_ws/build/robot_nav/build/lib/robot_nav/path_follower.py -> /home/sergio/ros2_ws/install/robot_nav/lib/python3.10/site-packages/robot_nav
[2.990s] copying /home/sergio/ros2_ws/build/robot_nav/build/lib/robot_nav/__init__.py -> /home/sergio/ros2_ws/install/robot_nav/lib/python3.10/site-packages/robot_nav
[2.990s] copying /home/sergio/ros2_ws/build/robot_nav/build/lib/robot_nav/wavefront_planner.py -> /home/sergio/ros2_ws/install/robot_nav/lib/python3.10/site-packages/robot_nav
[2.990s] copying /home/sergio/ros2_ws/build/robot_nav/build/lib/robot_nav/avoid_obstacles.py -> /home/sergio/ros2_ws/install/robot_nav/lib/python3.10/site-packages/robot_nav
[2.990s] copying /home/sergio/ros2_ws/build/robot_nav/build/lib/robot_nav/a_star_planner.py -> /home/sergio/ros2_ws/install/robot_nav/lib/python3.10/site-packages/robot_nav
[2.990s] copying /home/sergio/ros2_ws/build/robot_nav/build/lib/robot_nav/rrt_planner.py -> /home/sergio/ros2_ws/install/robot_nav/lib/python3.10/site-packages/robot_nav
[2.998s] byte-compiling /home/sergio/ros2_ws/install/robot_nav/lib/python3.10/site-packages/robot_nav/path_follower.py to path_follower.cpython-310.pyc
[3.001s] byte-compiling /home/sergio/ros2_ws/install/robot_nav/lib/python3.10/site-packages/robot_nav/__init__.py to __init__.cpython-310.pyc
[3.001s] byte-compiling /home/sergio/ros2_ws/install/robot_nav/lib/python3.10/site-packages/robot_nav/wavefront_planner.py to wavefront_planner.cpython-310.pyc
[3.004s] byte-compiling /home/sergio/ros2_ws/install/robot_nav/lib/python3.10/site-packages/robot_nav/avoid_obstacles.py to avoid_obstacles.cpython-310.pyc
[3.004s] byte-compiling /home/sergio/ros2_ws/install/robot_nav/lib/python3.10/site-packages/robot_nav/a_star_planner.py to a_star_planner.cpython-310.pyc
[3.004s] byte-compiling /home/sergio/ros2_ws/install/robot_nav/lib/python3.10/site-packages/robot_nav/rrt_planner.py to rrt_planner.cpython-310.pyc
[3.009s] running install_data
[3.010s] creating /home/sergio/ros2_ws/install/robot_nav/share/ament_index
[3.011s] creating /home/sergio/ros2_ws/install/robot_nav/share/ament_index/resource_index
[3.011s] creating /home/sergio/ros2_ws/install/robot_nav/share/ament_index/resource_index/packages
[3.011s] copying resource/robot_nav -> /home/sergio/ros2_ws/install/robot_nav/share/ament_index/resource_index/packages
[3.011s] copying package.xml -> /home/sergio/ros2_ws/install/robot_nav/share/robot_nav
[3.011s] creating /home/sergio/ros2_ws/install/robot_nav/share/robot_nav/launch
[3.011s] copying launch/bringup.launch.py -> /home/sergio/ros2_ws/install/robot_nav/share/robot_nav/launch
[3.011s] creating /home/sergio/ros2_ws/install/robot_nav/share/robot_nav/rviz
[3.011s] copying rviz/nav2_config.rviz -> /home/sergio/ros2_ws/install/robot_nav/share/robot_nav/rviz
[3.011s] running install_egg_info
[3.013s] Copying ../../build/robot_nav/robot_nav.egg-info to /home/sergio/ros2_ws/install/robot_nav/lib/python3.10/site-packages/robot_nav-0.0.0-py3.10.egg-info
[3.015s] running install_scripts
[3.055s] Installing a_star_planner script to /home/sergio/ros2_ws/install/robot_nav/lib/robot_nav
[3.056s] Installing avoid_obstacles script to /home/sergio/ros2_ws/install/robot_nav/lib/robot_nav
[3.056s] Installing path_follower script to /home/sergio/ros2_ws/install/robot_nav/lib/robot_nav
[3.056s] Installing path_planner script to /home/sergio/ros2_ws/install/robot_nav/lib/robot_nav
[3.057s] Installing rrt_planner script to /home/sergio/ros2_ws/install/robot_nav/lib/robot_nav
[3.058s] Installing wavefront_planner script to /home/sergio/ros2_ws/install/robot_nav/lib/robot_nav
[3.059s] writing list of installed files to '/home/sergio/ros2_ws/build/robot_nav/install.log'
[3.100s] Invoked command in '/home/sergio/ros2_ws/src/robot_nav' returned '0': PYTHONPATH=/home/sergio/ros2_ws/build/robot_nav/prefix_override:/usr/lib/python3/dist-packages/colcon_core/task/python/colcon_distutils_commands:/home/sergio/ros2_ws/install/robot_nav/lib/python3.10/site-packages:${PYTHONPATH} /usr/bin/python3 -W ignore:setup.py install is deprecated -W ignore:easy_install command is deprecated setup.py egg_info --egg-base ../../build/robot_nav build --build-base /home/sergio/ros2_ws/build/robot_nav/build install --record /home/sergio/ros2_ws/build/robot_nav/install.log --single-version-externally-managed install_data
