[0.957s] Invoking command in '/home/sergio/ros2_ws/build/moveit_task_constructor_core': CMAKE_PREFIX_PATH=/home/sergio/ros2_ws/install/moveit_resources_fanuc_moveit_config:/home/sergio/ros2_ws/install/rviz_marker_tools:/home/sergio/ros2_ws/install/moveit_task_constructor_msgs:/home/sergio/ros2_ws/install/moveit_resources_fanuc_description:/home/sergio/ros2_ws/install/trr_robot:/home/sergio/ros2_ws/install/stage_worlds:/home/sergio/ros2_ws/install/stage_ros2:/home/sergio/ros2_ws/install/moveit_task_constructor_visualization:/home/sergio/ros2_ws/install/moveit_task_constructor_demo:/home/sergio/ros2_ws/install/moveit_task_constructor_capabilities:/home/sergio/ros2_ws/install/moveit2_tutorials:/home/sergio/ros2_ws/install/moveit_task_constructor_core:/home/sergio/ros2_ws/install/robot_description:/home/sergio/ros2_ws/install/p2_ej2:/home/sergio/ros2_ws/install/p1_ej3_interface:/home/sergio/ros2_ws/install/p1_ej2_interface:/home/sergio/ros2_ws/install/navigation_tb3:/home/sergio/ros2_ws/install/moveit_resources:/home/sergio/ros2_ws/install/moveit_resources_pr2_description:/home/sergio/ros2_ws/install/moveit_resources_panda_moveit_config:/home/sergio/ros2_ws/install/moveit_resources_panda_description:/home/sergio/ros2_ws/install/mma_interfaces:/home/sergio/ros2_ws/install/hello_moveit:/home/sergio/ros2_ws/install/ejercicio_tres_interface:/home/sergio/ros2_ws/install/Stage:/home/sergio/ros2_ws/install/cam_viewer:/home/sergio/ros2_ws/install/trr_robot_ps:/home/sergio/ros2_ws/install/robot_nav:/home/sergio/ros2_ws/install/robot_autonomo:/home/sergio/ros2_ws/install/p2_ej3:/home/sergio/ros2_ws/install/p1_ej3_servidor:/home/sergio/ros2_ws/install/p1_ej3_cliente:/home/sergio/ros2_ws/install/p1_ej2_nodos_sensor:/home/sergio/ros2_ws/install/p1_ej2_nodo5:/home/sergio/ros2_ws/install/p1_ej2_nodo4:/home/sergio/ros2_ws/install/nodo_adc_sub:/home/sergio/ros2_ws/install/my_stage_mover:/home/sergio/ros2_ws/install/my_package:/home/sergio/ros2_ws/install/mma_talker:/home/sergio/ros2_ws/install/mma_service:/home/sergio/ros2_ws/install/mma_listener:/home/sergio/ros2_ws/install/ejercicio_tres_server:/home/sergio/ros2_ws/install/ejercicio_tres_client:/home/sergio/ros2_ws/install/ejercicio_dos:/home/sergio/ros2_ws/install/ejercicio1_pkg:/home/sergio/ros2_ws/install/ejemplo_uno:/home/sergio/ros2_ws/install/auto_mover:/home/sergio/ros2_ws/install/P1_ej1_sub:/home/sergio/ros2_ws/install/P1_ej1_pub:/opt/ros/humble LD_LIBRARY_PATH=/home/sergio/ros2_ws/install/rviz_marker_tools/lib:/home/sergio/ros2_ws/install/moveit_task_constructor_msgs/lib:/home/sergio/ros2_ws/install/stage_ros2/lib:/home/sergio/ros2_ws/install/moveit_task_constructor_visualization/lib:/home/sergio/ros2_ws/install/moveit_task_constructor_demo/lib:/home/sergio/ros2_ws/install/moveit_task_constructor_capabilities/lib:/home/sergio/ros2_ws/install/moveit_task_constructor_core/lib:/home/sergio/ros2_ws/install/p1_ej3_interface/lib:/home/sergio/ros2_ws/install/p1_ej2_interface/lib:/home/sergio/ros2_ws/install/mma_interfaces/lib:/home/sergio/ros2_ws/install/ejercicio_tres_interface/lib:/home/sergio/ros2_ws/install/Stage/lib:/usr/lib/x86_64-linux-gnu/gazebo-11/plugins:/opt/ros/humble/opt/rviz_ogre_vendor/lib:/opt/ros/humble/lib/x86_64-linux-gnu:/opt/ros/humble/lib /usr/bin/cmake --build /home/sergio/ros2_ws/build/moveit_task_constructor_core -- -j16 -l16
[1.136s] [  2%] Built target gtest_main
[1.137s] [  4%] Built target gmock_main
[1.137s] [  7%] Built target gtest
[1.137s] [ 10%] Built target gmock
[1.137s] [ 10%] Built target ament_cmake_python_copy_moveit
[1.137s] [ 29%] Built target moveit_task_constructor_core
[1.206s] [ 34%] Built target gtest_utils
[1.246s] [ 55%] Built target moveit_task_constructor_core_stages
[1.331s] [ 57%] Built target moveit_task_constructor_core_stage_plugins
[1.342s] [ 60%] Built target moveit_task_constructor_core-test-stage
[1.359s] [ 62%] Built target moveit_task_constructor_core-test-properties
[1.364s] [ 64%] Built target moveit_task_constructor_core-test-cost-queue
[1.370s] [ 67%] Built target moveit_task_constructor_core-test-mockups
[1.374s] [ 69%] Built target moveit_task_constructor_core-test-pruning
[1.374s] [ 76%] Built target pymoveit_mtc
[1.380s] [ 78%] Built target moveit_task_constructor_core-test-move-to
[1.382s] [ 81%] Built target moveit_task_constructor_core-test-serial
[1.383s] [ 83%] Built target moveit_task_constructor_core-test-container
[1.383s] [ 85%] Built target moveit_task_constructor_core-test-fallback
[1.384s] [ 88%] Built target moveit_task_constructor_core-test-cost-terms
[1.388s] [ 90%] Built target moveit_task_constructor_core-test-move-relative
[1.392s] [ 92%] Built target pick_ur5
[1.396s] [ 95%] Built target moveit_task_constructor_core-test-interface-state
[1.420s] [ 97%] Built target pick_pa10
[1.423s] [100%] Built target pick_pr2
[1.596s] running egg_info
[1.597s] writing moveit.egg-info/PKG-INFO
[1.598s] writing dependency_links to moveit.egg-info/dependency_links.txt
[1.598s] writing top-level names to moveit.egg-info/top_level.txt
[1.601s] reading manifest file 'moveit.egg-info/SOURCES.txt'
[1.602s] writing manifest file 'moveit.egg-info/SOURCES.txt'
[1.631s] [100%] Built target ament_cmake_python_build_moveit_egg
[3.799s] Invoked command in '/home/sergio/ros2_ws/build/moveit_task_constructor_core' returned '0': CMAKE_PREFIX_PATH=/home/sergio/ros2_ws/install/moveit_resources_fanuc_moveit_config:/home/sergio/ros2_ws/install/rviz_marker_tools:/home/sergio/ros2_ws/install/moveit_task_constructor_msgs:/home/sergio/ros2_ws/install/moveit_resources_fanuc_description:/home/sergio/ros2_ws/install/trr_robot:/home/sergio/ros2_ws/install/stage_worlds:/home/sergio/ros2_ws/install/stage_ros2:/home/sergio/ros2_ws/install/moveit_task_constructor_visualization:/home/sergio/ros2_ws/install/moveit_task_constructor_demo:/home/sergio/ros2_ws/install/moveit_task_constructor_capabilities:/home/sergio/ros2_ws/install/moveit2_tutorials:/home/sergio/ros2_ws/install/moveit_task_constructor_core:/home/sergio/ros2_ws/install/robot_description:/home/sergio/ros2_ws/install/p2_ej2:/home/sergio/ros2_ws/install/p1_ej3_interface:/home/sergio/ros2_ws/install/p1_ej2_interface:/home/sergio/ros2_ws/install/navigation_tb3:/home/sergio/ros2_ws/install/moveit_resources:/home/sergio/ros2_ws/install/moveit_resources_pr2_description:/home/sergio/ros2_ws/install/moveit_resources_panda_moveit_config:/home/sergio/ros2_ws/install/moveit_resources_panda_description:/home/sergio/ros2_ws/install/mma_interfaces:/home/sergio/ros2_ws/install/hello_moveit:/home/sergio/ros2_ws/install/ejercicio_tres_interface:/home/sergio/ros2_ws/install/Stage:/home/sergio/ros2_ws/install/cam_viewer:/home/sergio/ros2_ws/install/trr_robot_ps:/home/sergio/ros2_ws/install/robot_nav:/home/sergio/ros2_ws/install/robot_autonomo:/home/sergio/ros2_ws/install/p2_ej3:/home/sergio/ros2_ws/install/p1_ej3_servidor:/home/sergio/ros2_ws/install/p1_ej3_cliente:/home/sergio/ros2_ws/install/p1_ej2_nodos_sensor:/home/sergio/ros2_ws/install/p1_ej2_nodo5:/home/sergio/ros2_ws/install/p1_ej2_nodo4:/home/sergio/ros2_ws/install/nodo_adc_sub:/home/sergio/ros2_ws/install/my_stage_mover:/home/sergio/ros2_ws/install/my_package:/home/sergio/ros2_ws/install/mma_talker:/home/sergio/ros2_ws/install/mma_service:/home/sergio/ros2_ws/install/mma_listener:/home/sergio/ros2_ws/install/ejercicio_tres_server:/home/sergio/ros2_ws/install/ejercicio_tres_client:/home/sergio/ros2_ws/install/ejercicio_dos:/home/sergio/ros2_ws/install/ejercicio1_pkg:/home/sergio/ros2_ws/install/ejemplo_uno:/home/sergio/ros2_ws/install/auto_mover:/home/sergio/ros2_ws/install/P1_ej1_sub:/home/sergio/ros2_ws/install/P1_ej1_pub:/opt/ros/humble LD_LIBRARY_PATH=/home/sergio/ros2_ws/install/rviz_marker_tools/lib:/home/sergio/ros2_ws/install/moveit_task_constructor_msgs/lib:/home/sergio/ros2_ws/install/stage_ros2/lib:/home/sergio/ros2_ws/install/moveit_task_constructor_visualization/lib:/home/sergio/ros2_ws/install/moveit_task_constructor_demo/lib:/home/sergio/ros2_ws/install/moveit_task_constructor_capabilities/lib:/home/sergio/ros2_ws/install/moveit_task_constructor_core/lib:/home/sergio/ros2_ws/install/p1_ej3_interface/lib:/home/sergio/ros2_ws/install/p1_ej2_interface/lib:/home/sergio/ros2_ws/install/mma_interfaces/lib:/home/sergio/ros2_ws/install/ejercicio_tres_interface/lib:/home/sergio/ros2_ws/install/Stage/lib:/usr/lib/x86_64-linux-gnu/gazebo-11/plugins:/opt/ros/humble/opt/rviz_ogre_vendor/lib:/opt/ros/humble/lib/x86_64-linux-gnu:/opt/ros/humble/lib /usr/bin/cmake --build /home/sergio/ros2_ws/build/moveit_task_constructor_core -- -j16 -l16
[3.801s] Invoking command in '/home/sergio/ros2_ws/build/moveit_task_constructor_core': CMAKE_PREFIX_PATH=/home/sergio/ros2_ws/install/moveit_resources_fanuc_moveit_config:/home/sergio/ros2_ws/install/rviz_marker_tools:/home/sergio/ros2_ws/install/moveit_task_constructor_msgs:/home/sergio/ros2_ws/install/moveit_resources_fanuc_description:/home/sergio/ros2_ws/install/trr_robot:/home/sergio/ros2_ws/install/stage_worlds:/home/sergio/ros2_ws/install/stage_ros2:/home/sergio/ros2_ws/install/moveit_task_constructor_visualization:/home/sergio/ros2_ws/install/moveit_task_constructor_demo:/home/sergio/ros2_ws/install/moveit_task_constructor_capabilities:/home/sergio/ros2_ws/install/moveit2_tutorials:/home/sergio/ros2_ws/install/moveit_task_constructor_core:/home/sergio/ros2_ws/install/robot_description:/home/sergio/ros2_ws/install/p2_ej2:/home/sergio/ros2_ws/install/p1_ej3_interface:/home/sergio/ros2_ws/install/p1_ej2_interface:/home/sergio/ros2_ws/install/navigation_tb3:/home/sergio/ros2_ws/install/moveit_resources:/home/sergio/ros2_ws/install/moveit_resources_pr2_description:/home/sergio/ros2_ws/install/moveit_resources_panda_moveit_config:/home/sergio/ros2_ws/install/moveit_resources_panda_description:/home/sergio/ros2_ws/install/mma_interfaces:/home/sergio/ros2_ws/install/hello_moveit:/home/sergio/ros2_ws/install/ejercicio_tres_interface:/home/sergio/ros2_ws/install/Stage:/home/sergio/ros2_ws/install/cam_viewer:/home/sergio/ros2_ws/install/trr_robot_ps:/home/sergio/ros2_ws/install/robot_nav:/home/sergio/ros2_ws/install/robot_autonomo:/home/sergio/ros2_ws/install/p2_ej3:/home/sergio/ros2_ws/install/p1_ej3_servidor:/home/sergio/ros2_ws/install/p1_ej3_cliente:/home/sergio/ros2_ws/install/p1_ej2_nodos_sensor:/home/sergio/ros2_ws/install/p1_ej2_nodo5:/home/sergio/ros2_ws/install/p1_ej2_nodo4:/home/sergio/ros2_ws/install/nodo_adc_sub:/home/sergio/ros2_ws/install/my_stage_mover:/home/sergio/ros2_ws/install/my_package:/home/sergio/ros2_ws/install/mma_talker:/home/sergio/ros2_ws/install/mma_service:/home/sergio/ros2_ws/install/mma_listener:/home/sergio/ros2_ws/install/ejercicio_tres_server:/home/sergio/ros2_ws/install/ejercicio_tres_client:/home/sergio/ros2_ws/install/ejercicio_dos:/home/sergio/ros2_ws/install/ejercicio1_pkg:/home/sergio/ros2_ws/install/ejemplo_uno:/home/sergio/ros2_ws/install/auto_mover:/home/sergio/ros2_ws/install/P1_ej1_sub:/home/sergio/ros2_ws/install/P1_ej1_pub:/opt/ros/humble LD_LIBRARY_PATH=/home/sergio/ros2_ws/install/rviz_marker_tools/lib:/home/sergio/ros2_ws/install/moveit_task_constructor_msgs/lib:/home/sergio/ros2_ws/install/stage_ros2/lib:/home/sergio/ros2_ws/install/moveit_task_constructor_visualization/lib:/home/sergio/ros2_ws/install/moveit_task_constructor_demo/lib:/home/sergio/ros2_ws/install/moveit_task_constructor_capabilities/lib:/home/sergio/ros2_ws/install/moveit_task_constructor_core/lib:/home/sergio/ros2_ws/install/p1_ej3_interface/lib:/home/sergio/ros2_ws/install/p1_ej2_interface/lib:/home/sergio/ros2_ws/install/mma_interfaces/lib:/home/sergio/ros2_ws/install/ejercicio_tres_interface/lib:/home/sergio/ros2_ws/install/Stage/lib:/usr/lib/x86_64-linux-gnu/gazebo-11/plugins:/opt/ros/humble/opt/rviz_ogre_vendor/lib:/opt/ros/humble/lib/x86_64-linux-gnu:/opt/ros/humble/lib /usr/bin/cmake --install /home/sergio/ros2_ws/build/moveit_task_constructor_core
[4.148s] -- Install configuration: "Release"
[4.148s] -- Up-to-date: /home/sergio/ros2_ws/install/moveit_task_constructor_core/lib/libmoveit_task_constructor_core_stages.so
[4.148s] -- Up-to-date: /home/sergio/ros2_ws/install/moveit_task_constructor_core/lib/libmoveit_task_constructor_core_stage_plugins.so
[4.148s] -- Up-to-date: /home/sergio/ros2_ws/install/moveit_task_constructor_core/lib/libmoveit_task_constructor_core.so
[4.148s] -- Up-to-date: /home/sergio/ros2_ws/install/moveit_task_constructor_core/share/moveit_task_constructor_core/environment/pythonpath.sh
[4.149s] -- Up-to-date: /home/sergio/ros2_ws/install/moveit_task_constructor_core/share/moveit_task_constructor_core/environment/pythonpath.dsv
[4.149s] -- Up-to-date: /home/sergio/ros2_ws/install/moveit_task_constructor_core/local/lib/python3.10/dist-packages/moveit-0.1.3-py3.10.egg-info
[4.149s] -- Installing: /home/sergio/ros2_ws/install/moveit_task_constructor_core/local/lib/python3.10/dist-packages/moveit-0.1.3-py3.10.egg-info/PKG-INFO
[4.149s] -- Installing: /home/sergio/ros2_ws/install/moveit_task_constructor_core/local/lib/python3.10/dist-packages/moveit-0.1.3-py3.10.egg-info/SOURCES.txt
[4.149s] -- Installing: /home/sergio/ros2_ws/install/moveit_task_constructor_core/local/lib/python3.10/dist-packages/moveit-0.1.3-py3.10.egg-info/top_level.txt
[4.149s] -- Installing: /home/sergio/ros2_ws/install/moveit_task_constructor_core/local/lib/python3.10/dist-packages/moveit-0.1.3-py3.10.egg-info/dependency_links.txt
[4.149s] -- Up-to-date: /home/sergio/ros2_ws/install/moveit_task_constructor_core/local/lib/python3.10/dist-packages/moveit
[4.149s] -- Up-to-date: /home/sergio/ros2_ws/install/moveit_task_constructor_core/local/lib/python3.10/dist-packages/moveit/__init__.py
[4.149s] -- Up-to-date: /home/sergio/ros2_ws/install/moveit_task_constructor_core/local/lib/python3.10/dist-packages/moveit/task_constructor
[4.150s] -- Up-to-date: /home/sergio/ros2_ws/install/moveit_task_constructor_core/local/lib/python3.10/dist-packages/moveit/task_constructor/__init__.py
[4.150s] -- Up-to-date: /home/sergio/ros2_ws/install/moveit_task_constructor_core/local/lib/python3.10/dist-packages/moveit/task_constructor/core.py
[4.150s] -- Up-to-date: /home/sergio/ros2_ws/install/moveit_task_constructor_core/local/lib/python3.10/dist-packages/moveit/task_constructor/stages.py
[4.150s] Listing '/home/sergio/ros2_ws/install/moveit_task_constructor_core/local/lib/python3.10/dist-packages/moveit'...
[4.150s] Listing '/home/sergio/ros2_ws/install/moveit_task_constructor_core/local/lib/python3.10/dist-packages/moveit/task_constructor'...
[4.151s] -- Up-to-date: /home/sergio/ros2_ws/install/moveit_task_constructor_core/include/moveit/python/pybind11
[4.151s] -- Up-to-date: /home/sergio/ros2_ws/install/moveit_task_constructor_core/include/moveit/python/pybind11/gil_safe_call_once.h
[4.151s] -- Up-to-date: /home/sergio/ros2_ws/install/moveit_task_constructor_core/include/moveit/python/pybind11/trampoline_self_life_support.h
[4.151s] -- Up-to-date: /home/sergio/ros2_ws/install/moveit_task_constructor_core/include/moveit/python/pybind11/embed.h
[4.151s] -- Up-to-date: /home/sergio/ros2_ws/install/moveit_task_constructor_core/include/moveit/python/pybind11/common.h
[4.151s] -- Up-to-date: /home/sergio/ros2_ws/install/moveit_task_constructor_core/include/moveit/python/pybind11/eigen
[4.152s] -- Up-to-date: /home/sergio/ros2_ws/install/moveit_task_constructor_core/include/moveit/python/pybind11/eigen/common.h
[4.152s] -- Up-to-date: /home/sergio/ros2_ws/install/moveit_task_constructor_core/include/moveit/python/pybind11/eigen/matrix.h
[4.152s] -- Up-to-date: /home/sergio/ros2_ws/install/moveit_task_constructor_core/include/moveit/python/pybind11/eigen/tensor.h
[4.152s] -- Up-to-date: /home/sergio/ros2_ws/install/moveit_task_constructor_core/include/moveit/python/pybind11/eigen.h
[4.152s] -- Up-to-date: /home/sergio/ros2_ws/install/moveit_task_constructor_core/include/moveit/python/pybind11/iostream.h
[4.152s] -- Up-to-date: /home/sergio/ros2_ws/install/moveit_task_constructor_core/include/moveit/python/pybind11/smart_holder.h
[4.152s] -- Up-to-date: /home/sergio/ros2_ws/install/moveit_task_constructor_core/include/moveit/python/pybind11/chrono.h
[4.152s] -- Up-to-date: /home/sergio/ros2_ws/install/moveit_task_constructor_core/include/moveit/python/pybind11/operators.h
[4.153s] -- Up-to-date: /home/sergio/ros2_ws/install/moveit_task_constructor_core/include/moveit/python/pybind11/stl_bind.h
[4.154s] -- Up-to-date: /home/sergio/ros2_ws/install/moveit_task_constructor_core/include/moveit/python/pybind11/numpy.h
[4.154s] -- Up-to-date: /home/sergio/ros2_ws/install/moveit_task_constructor_core/include/moveit/python/pybind11/functional.h
[4.155s] -- Up-to-date: /home/sergio/ros2_ws/install/moveit_task_constructor_core/include/moveit/python/pybind11/options.h
[4.155s] -- Up-to-date: /home/sergio/ros2_ws/install/moveit_task_constructor_core/include/moveit/python/pybind11/pytypes.h
[4.155s] -- Up-to-date: /home/sergio/ros2_ws/install/moveit_task_constructor_core/include/moveit/python/pybind11/buffer_info.h
[4.155s] -- Up-to-date: /home/sergio/ros2_ws/install/moveit_task_constructor_core/include/moveit/python/pybind11/cast.h
[4.155s] -- Up-to-date: /home/sergio/ros2_ws/install/moveit_task_constructor_core/include/moveit/python/pybind11/typing.h
[4.155s] -- Up-to-date: /home/sergio/ros2_ws/install/moveit_task_constructor_core/include/moveit/python/pybind11/stl.h
[4.156s] -- Up-to-date: /home/sergio/ros2_ws/install/moveit_task_constructor_core/include/moveit/python/pybind11/attr.h
[4.156s] -- Up-to-date: /home/sergio/ros2_ws/install/moveit_task_constructor_core/include/moveit/python/pybind11/gil.h
[4.156s] -- Up-to-date: /home/sergio/ros2_ws/install/moveit_task_constructor_core/include/moveit/python/pybind11/eval.h
[4.156s] -- Up-to-date: /home/sergio/ros2_ws/install/moveit_task_constructor_core/include/moveit/python/pybind11/detail
[4.156s] -- Up-to-date: /home/sergio/ros2_ws/install/moveit_task_constructor_core/include/moveit/python/pybind11/detail/smart_holder_poc.h
[4.156s] -- Up-to-date: /home/sergio/ros2_ws/install/moveit_task_constructor_core/include/moveit/python/pybind11/detail/type_caster_odr_guard.h
[4.156s] -- Up-to-date: /home/sergio/ros2_ws/install/moveit_task_constructor_core/include/moveit/python/pybind11/detail/common.h
[4.156s] -- Up-to-date: /home/sergio/ros2_ws/install/moveit_task_constructor_core/include/moveit/python/pybind11/detail/class.h
[4.156s] -- Up-to-date: /home/sergio/ros2_ws/install/moveit_task_constructor_core/include/moveit/python/pybind11/detail/internals.h
[4.157s] -- Up-to-date: /home/sergio/ros2_ws/install/moveit_task_constructor_core/include/moveit/python/pybind11/detail/type_caster_base.h
[4.157s] -- Up-to-date: /home/sergio/ros2_ws/install/moveit_task_constructor_core/include/moveit/python/pybind11/detail/smart_holder_type_casters.h
[4.157s] -- Up-to-date: /home/sergio/ros2_ws/install/moveit_task_constructor_core/include/moveit/python/pybind11/detail/init.h
[4.157s] -- Up-to-date: /home/sergio/ros2_ws/install/moveit_task_constructor_core/include/moveit/python/pybind11/detail/dynamic_raw_ptr_cast_if_possible.h
[4.157s] -- Up-to-date: /home/sergio/ros2_ws/install/moveit_task_constructor_core/include/moveit/python/pybind11/detail/smart_holder_sfinae_hooks_only.h
[4.157s] -- Up-to-date: /home/sergio/ros2_ws/install/moveit_task_constructor_core/include/moveit/python/pybind11/detail/descr.h
[4.158s] -- Up-to-date: /home/sergio/ros2_ws/install/moveit_task_constructor_core/include/moveit/python/pybind11/detail/typeid.h
[4.158s] -- Up-to-date: /home/sergio/ros2_ws/install/moveit_task_constructor_core/include/moveit/python/pybind11/stl
[4.159s] -- Up-to-date: /home/sergio/ros2_ws/install/moveit_task_constructor_core/include/moveit/python/pybind11/stl/filesystem.h
[4.161s] -- Up-to-date: /home/sergio/ros2_ws/install/moveit_task_constructor_core/include/moveit/python/pybind11/type_caster_pyobject_ptr.h
[4.161s] -- Up-to-date: /home/sergio/ros2_ws/install/moveit_task_constructor_core/include/moveit/python/pybind11/pybind11.h
[4.162s] -- Up-to-date: /home/sergio/ros2_ws/install/moveit_task_constructor_core/include/moveit/python/pybind11/complex.h
[4.162s] -- Up-to-date: /home/sergio/ros2_ws/install/moveit_task_constructor_core/share/moveit_task_constructor_core/cmake/pybind11Config.cmake
[4.162s] -- Up-to-date: /home/sergio/ros2_ws/install/moveit_task_constructor_core/share/moveit_task_constructor_core/cmake/pybind11ConfigVersion.cmake
[4.162s] -- Up-to-date: /home/sergio/ros2_ws/install/moveit_task_constructor_core/share/moveit_task_constructor_core/cmake/FindPythonLibsNew.cmake
[4.162s] -- Up-to-date: /home/sergio/ros2_ws/install/moveit_task_constructor_core/share/moveit_task_constructor_core/cmake/pybind11Common.cmake
[4.162s] -- Up-to-date: /home/sergio/ros2_ws/install/moveit_task_constructor_core/share/moveit_task_constructor_core/cmake/pybind11Tools.cmake
[4.163s] -- Up-to-date: /home/sergio/ros2_ws/install/moveit_task_constructor_core/share/moveit_task_constructor_core/cmake/pybind11NewTools.cmake
[4.163s] -- Up-to-date: /home/sergio/ros2_ws/install/moveit_task_constructor_core/share/moveit_task_constructor_core/cmake/pybind11Targets.cmake
[4.163s] -- Up-to-date: /home/sergio/ros2_ws/install/moveit_task_constructor_core/share/pkgconfig/pybind11.pc
[4.163s] -- Up-to-date: /home/sergio/ros2_ws/install/moveit_task_constructor_core/local/lib/python3.10/dist-packages/pymoveit_mtc.cpython-310-x86_64-linux-gnu.so
[4.163s] -- Up-to-date: /home/sergio/ros2_ws/install/moveit_task_constructor_core/include
[4.163s] -- Up-to-date: /home/sergio/ros2_ws/install/moveit_task_constructor_core/include/moveit
[4.163s] -- Up-to-date: /home/sergio/ros2_ws/install/moveit_task_constructor_core/include/moveit/python
[4.163s] -- Up-to-date: /home/sergio/ros2_ws/install/moveit_task_constructor_core/include/moveit/python/task_constructor
[4.164s] -- Up-to-date: /home/sergio/ros2_ws/install/moveit_task_constructor_core/include/moveit/python/task_constructor/properties.h
[4.164s] -- Up-to-date: /home/sergio/ros2_ws/install/moveit_task_constructor_core/include/moveit/task_constructor
[4.164s] -- Up-to-date: /home/sergio/ros2_ws/install/moveit_task_constructor_core/include/moveit/task_constructor/stage.h
[4.164s] -- Up-to-date: /home/sergio/ros2_ws/install/moveit_task_constructor_core/include/moveit/task_constructor/marker_tools.h
[4.164s] -- Up-to-date: /home/sergio/ros2_ws/install/moveit_task_constructor_core/include/moveit/task_constructor/stages.h
[4.164s] -- Up-to-date: /home/sergio/ros2_ws/install/moveit_task_constructor_core/include/moveit/task_constructor/cost_queue.h
[4.164s] -- Up-to-date: /home/sergio/ros2_ws/install/moveit_task_constructor_core/include/moveit/task_constructor/properties.h
[4.164s] -- Up-to-date: /home/sergio/ros2_ws/install/moveit_task_constructor_core/include/moveit/task_constructor/task.h
[4.164s] -- Up-to-date: /home/sergio/ros2_ws/install/moveit_task_constructor_core/include/moveit/task_constructor/solvers
[4.164s] -- Up-to-date: /home/sergio/ros2_ws/install/moveit_task_constructor_core/include/moveit/task_constructor/solvers/planner_interface.h
[4.165s] -- Up-to-date: /home/sergio/ros2_ws/install/moveit_task_constructor_core/include/moveit/task_constructor/solvers/joint_interpolation.h
[4.165s] -- Up-to-date: /home/sergio/ros2_ws/install/moveit_task_constructor_core/include/moveit/task_constructor/solvers/multi_planner.h
[4.165s] -- Up-to-date: /home/sergio/ros2_ws/install/moveit_task_constructor_core/include/moveit/task_constructor/solvers/cartesian_path.h
[4.165s] -- Up-to-date: /home/sergio/ros2_ws/install/moveit_task_constructor_core/include/moveit/task_constructor/solvers/pipeline_planner.h
[4.165s] -- Up-to-date: /home/sergio/ros2_ws/install/moveit_task_constructor_core/include/moveit/task_constructor/moveit_compat.h
[4.165s] -- Up-to-date: /home/sergio/ros2_ws/install/moveit_task_constructor_core/include/moveit/task_constructor/stages
[4.165s] -- Up-to-date: /home/sergio/ros2_ws/install/moveit_task_constructor_core/include/moveit/task_constructor/stages/predicate_filter.h
[4.165s] -- Up-to-date: /home/sergio/ros2_ws/install/moveit_task_constructor_core/include/moveit/task_constructor/stages/move_relative.h
[4.165s] -- Up-to-date: /home/sergio/ros2_ws/install/moveit_task_constructor_core/include/moveit/task_constructor/stages/generate_pose.h
[4.167s] -- Up-to-date: /home/sergio/ros2_ws/install/moveit_task_constructor_core/include/moveit/task_constructor/stages/compute_ik.h
[4.168s] -- Up-to-date: /home/sergio/ros2_ws/install/moveit_task_constructor_core/include/moveit/task_constructor/stages/generate_place_pose.h
[4.168s] -- Up-to-date: /home/sergio/ros2_ws/install/moveit_task_constructor_core/include/moveit/task_constructor/stages/generate_random_pose.h
[4.168s] -- Up-to-date: /home/sergio/ros2_ws/install/moveit_task_constructor_core/include/moveit/task_constructor/stages/move_to.h
[4.168s] -- Up-to-date: /home/sergio/ros2_ws/install/moveit_task_constructor_core/include/moveit/task_constructor/stages/simple_grasp.h
[4.168s] -- Up-to-date: /home/sergio/ros2_ws/install/moveit_task_constructor_core/include/moveit/task_constructor/stages/generate_grasp_pose.h
[4.168s] -- Up-to-date: /home/sergio/ros2_ws/install/moveit_task_constructor_core/include/moveit/task_constructor/stages/connect.h
[4.168s] -- Up-to-date: /home/sergio/ros2_ws/install/moveit_task_constructor_core/include/moveit/task_constructor/stages/modify_planning_scene.h
[4.168s] -- Up-to-date: /home/sergio/ros2_ws/install/moveit_task_constructor_core/include/moveit/task_constructor/stages/fixed_state.h
[4.168s] -- Up-to-date: /home/sergio/ros2_ws/install/moveit_task_constructor_core/include/moveit/task_constructor/stages/noop.h
[4.168s] -- Up-to-date: /home/sergio/ros2_ws/install/moveit_task_constructor_core/include/moveit/task_constructor/stages/current_state.h
[4.169s] -- Up-to-date: /home/sergio/ros2_ws/install/moveit_task_constructor_core/include/moveit/task_constructor/stages/pick.h
[4.169s] -- Up-to-date: /home/sergio/ros2_ws/install/moveit_task_constructor_core/include/moveit/task_constructor/stages/fixed_cartesian_poses.h
[4.169s] -- Up-to-date: /home/sergio/ros2_ws/install/moveit_task_constructor_core/include/moveit/task_constructor/stages/fix_collision_objects.h
[4.169s] -- Up-to-date: /home/sergio/ros2_ws/install/moveit_task_constructor_core/include/moveit/task_constructor/stages/passthrough.h
[4.169s] -- Up-to-date: /home/sergio/ros2_ws/install/moveit_task_constructor_core/include/moveit/task_constructor/cost_terms.h
[4.169s] -- Up-to-date: /home/sergio/ros2_ws/install/moveit_task_constructor_core/include/moveit/task_constructor/introspection.h
[4.169s] -- Up-to-date: /home/sergio/ros2_ws/install/moveit_task_constructor_core/include/moveit/task_constructor/utils.h
[4.169s] -- Up-to-date: /home/sergio/ros2_ws/install/moveit_task_constructor_core/include/moveit/task_constructor/merge.h
[4.169s] -- Up-to-date: /home/sergio/ros2_ws/install/moveit_task_constructor_core/include/moveit/task_constructor/trajectory_execution_info.h
[4.169s] -- Up-to-date: /home/sergio/ros2_ws/install/moveit_task_constructor_core/include/moveit/task_constructor/solvers.h
[4.169s] -- Up-to-date: /home/sergio/ros2_ws/install/moveit_task_constructor_core/include/moveit/task_constructor/type_traits.h
[4.169s] -- Up-to-date: /home/sergio/ros2_ws/install/moveit_task_constructor_core/include/moveit/task_constructor/container.h
[4.170s] -- Up-to-date: /home/sergio/ros2_ws/install/moveit_task_constructor_core/include/moveit/task_constructor/storage.h
[4.170s] -- Up-to-date: /home/sergio/ros2_ws/install/moveit_task_constructor_core/share/moveit_task_constructor_core/motion_planning_stages_plugin_description.xml
[4.170s] -- Up-to-date: /home/sergio/ros2_ws/install/moveit_task_constructor_core/share/moveit_task_constructor_core/environment/library_path.sh
[4.170s] -- Up-to-date: /home/sergio/ros2_ws/install/moveit_task_constructor_core/share/moveit_task_constructor_core/environment/library_path.dsv
[4.170s] -- Up-to-date: /home/sergio/ros2_ws/install/moveit_task_constructor_core/share/ament_index/resource_index/package_run_dependencies/moveit_task_constructor_core
[4.170s] -- Up-to-date: /home/sergio/ros2_ws/install/moveit_task_constructor_core/share/ament_index/resource_index/parent_prefix_path/moveit_task_constructor_core
[4.170s] -- Up-to-date: /home/sergio/ros2_ws/install/moveit_task_constructor_core/share/moveit_task_constructor_core/environment/ament_prefix_path.sh
[4.171s] -- Up-to-date: /home/sergio/ros2_ws/install/moveit_task_constructor_core/share/moveit_task_constructor_core/environment/ament_prefix_path.dsv
[4.171s] -- Up-to-date: /home/sergio/ros2_ws/install/moveit_task_constructor_core/share/moveit_task_constructor_core/environment/path.sh
[4.171s] -- Up-to-date: /home/sergio/ros2_ws/install/moveit_task_constructor_core/share/moveit_task_constructor_core/environment/path.dsv
[4.171s] -- Up-to-date: /home/sergio/ros2_ws/install/moveit_task_constructor_core/share/moveit_task_constructor_core/local_setup.bash
[4.171s] -- Up-to-date: /home/sergio/ros2_ws/install/moveit_task_constructor_core/share/moveit_task_constructor_core/local_setup.sh
[4.171s] -- Up-to-date: /home/sergio/ros2_ws/install/moveit_task_constructor_core/share/moveit_task_constructor_core/local_setup.zsh
[4.171s] -- Up-to-date: /home/sergio/ros2_ws/install/moveit_task_constructor_core/share/moveit_task_constructor_core/local_setup.dsv
[4.171s] -- Installing: /home/sergio/ros2_ws/install/moveit_task_constructor_core/share/moveit_task_constructor_core/package.dsv
[4.171s] -- Up-to-date: /home/sergio/ros2_ws/install/moveit_task_constructor_core/share/ament_index/resource_index/packages/moveit_task_constructor_core
[4.171s] -- Up-to-date: /home/sergio/ros2_ws/install/moveit_task_constructor_core/share/ament_index/resource_index/moveit_task_constructor_core__pluginlib__plugin/moveit_task_constructor_core
[4.171s] -- Up-to-date: /home/sergio/ros2_ws/install/moveit_task_constructor_core/share/moveit_task_constructor_core/cmake/moveit_task_constructor_coreTargetsExport.cmake
[4.172s] -- Up-to-date: /home/sergio/ros2_ws/install/moveit_task_constructor_core/share/moveit_task_constructor_core/cmake/moveit_task_constructor_coreTargetsExport-release.cmake
[4.172s] -- Up-to-date: /home/sergio/ros2_ws/install/moveit_task_constructor_core/share/moveit_task_constructor_core/cmake/ament_cmake_export_targets-extras.cmake
[4.172s] -- Up-to-date: /home/sergio/ros2_ws/install/moveit_task_constructor_core/share/moveit_task_constructor_core/cmake/ament_cmake_export_dependencies-extras.cmake
[4.172s] -- Up-to-date: /home/sergio/ros2_ws/install/moveit_task_constructor_core/share/moveit_task_constructor_core/cmake/moveit_task_constructor_coreConfig.cmake
[4.172s] -- Up-to-date: /home/sergio/ros2_ws/install/moveit_task_constructor_core/share/moveit_task_constructor_core/cmake/moveit_task_constructor_coreConfig-version.cmake
[4.178s] -- Up-to-date: /home/sergio/ros2_ws/install/moveit_task_constructor_core/share/moveit_task_constructor_core/package.xml
[4.224s] Invoked command in '/home/sergio/ros2_ws/build/moveit_task_constructor_core' returned '0': CMAKE_PREFIX_PATH=/home/sergio/ros2_ws/install/moveit_resources_fanuc_moveit_config:/home/sergio/ros2_ws/install/rviz_marker_tools:/home/sergio/ros2_ws/install/moveit_task_constructor_msgs:/home/sergio/ros2_ws/install/moveit_resources_fanuc_description:/home/sergio/ros2_ws/install/trr_robot:/home/sergio/ros2_ws/install/stage_worlds:/home/sergio/ros2_ws/install/stage_ros2:/home/sergio/ros2_ws/install/moveit_task_constructor_visualization:/home/sergio/ros2_ws/install/moveit_task_constructor_demo:/home/sergio/ros2_ws/install/moveit_task_constructor_capabilities:/home/sergio/ros2_ws/install/moveit2_tutorials:/home/sergio/ros2_ws/install/moveit_task_constructor_core:/home/sergio/ros2_ws/install/robot_description:/home/sergio/ros2_ws/install/p2_ej2:/home/sergio/ros2_ws/install/p1_ej3_interface:/home/sergio/ros2_ws/install/p1_ej2_interface:/home/sergio/ros2_ws/install/navigation_tb3:/home/sergio/ros2_ws/install/moveit_resources:/home/sergio/ros2_ws/install/moveit_resources_pr2_description:/home/sergio/ros2_ws/install/moveit_resources_panda_moveit_config:/home/sergio/ros2_ws/install/moveit_resources_panda_description:/home/sergio/ros2_ws/install/mma_interfaces:/home/sergio/ros2_ws/install/hello_moveit:/home/sergio/ros2_ws/install/ejercicio_tres_interface:/home/sergio/ros2_ws/install/Stage:/home/sergio/ros2_ws/install/cam_viewer:/home/sergio/ros2_ws/install/trr_robot_ps:/home/sergio/ros2_ws/install/robot_nav:/home/sergio/ros2_ws/install/robot_autonomo:/home/sergio/ros2_ws/install/p2_ej3:/home/sergio/ros2_ws/install/p1_ej3_servidor:/home/sergio/ros2_ws/install/p1_ej3_cliente:/home/sergio/ros2_ws/install/p1_ej2_nodos_sensor:/home/sergio/ros2_ws/install/p1_ej2_nodo5:/home/sergio/ros2_ws/install/p1_ej2_nodo4:/home/sergio/ros2_ws/install/nodo_adc_sub:/home/sergio/ros2_ws/install/my_stage_mover:/home/sergio/ros2_ws/install/my_package:/home/sergio/ros2_ws/install/mma_talker:/home/sergio/ros2_ws/install/mma_service:/home/sergio/ros2_ws/install/mma_listener:/home/sergio/ros2_ws/install/ejercicio_tres_server:/home/sergio/ros2_ws/install/ejercicio_tres_client:/home/sergio/ros2_ws/install/ejercicio_dos:/home/sergio/ros2_ws/install/ejercicio1_pkg:/home/sergio/ros2_ws/install/ejemplo_uno:/home/sergio/ros2_ws/install/auto_mover:/home/sergio/ros2_ws/install/P1_ej1_sub:/home/sergio/ros2_ws/install/P1_ej1_pub:/opt/ros/humble LD_LIBRARY_PATH=/home/sergio/ros2_ws/install/rviz_marker_tools/lib:/home/sergio/ros2_ws/install/moveit_task_constructor_msgs/lib:/home/sergio/ros2_ws/install/stage_ros2/lib:/home/sergio/ros2_ws/install/moveit_task_constructor_visualization/lib:/home/sergio/ros2_ws/install/moveit_task_constructor_demo/lib:/home/sergio/ros2_ws/install/moveit_task_constructor_capabilities/lib:/home/sergio/ros2_ws/install/moveit_task_constructor_core/lib:/home/sergio/ros2_ws/install/p1_ej3_interface/lib:/home/sergio/ros2_ws/install/p1_ej2_interface/lib:/home/sergio/ros2_ws/install/mma_interfaces/lib:/home/sergio/ros2_ws/install/ejercicio_tres_interface/lib:/home/sergio/ros2_ws/install/Stage/lib:/usr/lib/x86_64-linux-gnu/gazebo-11/plugins:/opt/ros/humble/opt/rviz_ogre_vendor/lib:/opt/ros/humble/lib/x86_64-linux-gnu:/opt/ros/humble/lib /usr/bin/cmake --install /home/sergio/ros2_ws/build/moveit_task_constructor_core
