[0.129s] Invoking command in '/home/sergio/ros2_ws/build/Stage': /usr/bin/cmake /home/sergio/ros2_ws/src/Stage -DOpenGL_GL_PREFERENCE=LEGACY -DCMAKE_INSTALL_PREFIX=/home/sergio/ros2_ws/install/Stage
[2.115s] -- Stage version 4.3.0
[2.115s] -- Operating system is Linux
[2.115s] -- Installing Libraries to /home/sergio/ros2_ws/install/Stage/lib
[2.115s] -- Installing Plugins to /home/sergio/ros2_ws/install/Stage/lib/Stage-4.3
[2.115s] -- Build type RELEASE
[2.115s] -- Checking for libtool
[2.115s] -- Checking for required libraries...
[2.115s] -- Checking for optional libraries...
[2.115s] -- Installation path CMAKE_INSTALL_PREFIX=/home/sergio/ros2_ws/install/Stage
[2.115s] -- Configuring libstage
[2.115s] -- Checking for one of the modules 'playercore>=2.1.0'
[2.115s] --   * Player not detected. If Player is installed but not detected, check your PKG_CONFIG_PATH.
[2.116s] -- Configuring done
[2.116s] -- Generating done
[2.116s] -- Build files have been written to: /home/sergio/ros2_ws/build/Stage
[2.346s] Invoked command in '/home/sergio/ros2_ws/build/Stage' returned '0': /usr/bin/cmake /home/sergio/ros2_ws/src/Stage -DOpenGL_GL_PREFERENCE=LEGACY -DCMAKE_INSTALL_PREFIX=/home/sergio/ros2_ws/install/Stage
[2.347s] Invoking command in '/home/sergio/ros2_ws/build/Stage': /usr/bin/cmake --build /home/sergio/ros2_ws/build/Stage -- -j16 -l16
[2.443s] [35m[1mConsolidate compiler generated dependencies of target stage[0m
[2.567s] [ 57%] Built target stage
[2.600s] [35m[1mConsolidate compiler generated dependencies of target source[0m
[2.600s] [35m[1mConsolidate compiler generated dependencies of target stagebinary[0m
[2.607s] [35m[1mConsolidate compiler generated dependencies of target sink[0m
[2.610s] [35m[1mConsolidate compiler generated dependencies of target fasr[0m
[2.612s] [35m[1mConsolidate compiler generated dependencies of target pioneer_flocking[0m
[2.613s] [35m[1mConsolidate compiler generated dependencies of target wander[0m
[2.624s] [35m[1mConsolidate compiler generated dependencies of target lasernoise[0m
[2.628s] [35m[1mConsolidate compiler generated dependencies of target rasterize[0m
[2.635s] [35m[1mConsolidate compiler generated dependencies of target dynamic[0m
[2.646s] [35m[1mConsolidate compiler generated dependencies of target fasr2[0m
[2.651s] [35m[1mConsolidate compiler generated dependencies of target expand_pioneer[0m
[2.658s] [35m[1mConsolidate compiler generated dependencies of target expand_swarm[0m
[2.659s] [ 61%] Built target sink
[2.672s] [ 64%] Built target stagebinary
[2.674s] [ 67%] Built target source
[2.678s] [ 71%] Built target wander
[2.679s] [ 74%] Built target fasr
[2.687s] [ 77%] Built target pioneer_flocking
[2.695s] [ 81%] Built target lasernoise
[2.695s] [ 84%] Built target rasterize
[2.700s] [ 88%] Built target dynamic
[2.701s] [ 91%] Built target expand_swarm
[2.704s] [ 96%] Built target fasr2
[2.707s] [100%] Built target expand_pioneer
