[2.338s] Invoking command in '/home/sergio/ros2_ws/src/p1_ej3_cliente': PYTHONPATH=/home/sergio/ros2_ws/build/p1_ej3_cliente/prefix_override:/usr/lib/python3/dist-packages/colcon_core/task/python/colcon_distutils_commands:/home/sergio/ros2_ws/install/p1_ej3_cliente/lib/python3.10/site-packages:${PYTHONPATH} /usr/bin/python3 -W ignore:setup.py install is deprecated -W ignore:easy_install command is deprecated setup.py egg_info --egg-base ../../build/p1_ej3_cliente build --build-base /home/sergio/ros2_ws/build/p1_ej3_cliente/build install --record /home/sergio/ros2_ws/build/p1_ej3_cliente/install.log --single-version-externally-managed install_data
[2.852s] running egg_info
[2.853s] writing ../../build/p1_ej3_cliente/p1_ej3_cliente.egg-info/PKG-INFO
[2.854s] writing dependency_links to ../../build/p1_ej3_cliente/p1_ej3_cliente.egg-info/dependency_links.txt
[2.854s] writing entry points to ../../build/p1_ej3_cliente/p1_ej3_cliente.egg-info/entry_points.txt
[2.854s] writing requirements to ../../build/p1_ej3_cliente/p1_ej3_cliente.egg-info/requires.txt
[2.854s] writing top-level names to ../../build/p1_ej3_cliente/p1_ej3_cliente.egg-info/top_level.txt
[2.858s] reading manifest file '../../build/p1_ej3_cliente/p1_ej3_cliente.egg-info/SOURCES.txt'
[2.859s] writing manifest file '../../build/p1_ej3_cliente/p1_ej3_cliente.egg-info/SOURCES.txt'
[2.859s] running build
[2.859s] running build_py
[2.860s] running install
[2.863s] running install_lib
[2.864s] running install_data
[2.864s] running install_egg_info
[2.865s] removing '/home/sergio/ros2_ws/install/p1_ej3_cliente/lib/python3.10/site-packages/p1_ej3_cliente-0.0.0-py3.10.egg-info' (and everything under it)
[2.866s] Copying ../../build/p1_ej3_cliente/p1_ej3_cliente.egg-info to /home/sergio/ros2_ws/install/p1_ej3_cliente/lib/python3.10/site-packages/p1_ej3_cliente-0.0.0-py3.10.egg-info
[2.867s] running install_scripts
[2.912s] Installing cliente script to /home/sergio/ros2_ws/install/p1_ej3_cliente/lib/p1_ej3_cliente
[2.912s] writing list of installed files to '/home/sergio/ros2_ws/build/p1_ej3_cliente/install.log'
[2.965s] Invoked command in '/home/sergio/ros2_ws/src/p1_ej3_cliente' returned '0': PYTHONPATH=/home/sergio/ros2_ws/build/p1_ej3_cliente/prefix_override:/usr/lib/python3/dist-packages/colcon_core/task/python/colcon_distutils_commands:/home/sergio/ros2_ws/install/p1_ej3_cliente/lib/python3.10/site-packages:${PYTHONPATH} /usr/bin/python3 -W ignore:setup.py install is deprecated -W ignore:easy_install command is deprecated setup.py egg_info --egg-base ../../build/p1_ej3_cliente build --build-base /home/sergio/ros2_ws/build/p1_ej3_cliente/build install --record /home/sergio/ros2_ws/build/p1_ej3_cliente/install.log --single-version-externally-managed install_data
