[2.713s] Invoking command in '/home/sergio/ros2_ws/src/pico_control_pub': PYTHONPATH=/home/sergio/ros2_ws/build/pico_control_pub/prefix_override:/home/sergio/.espressif/python_env/idf5.2_py3.10_env/lib/python3.10/site-packages/colcon_core/task/python/colcon_distutils_commands:/home/sergio/ros2_ws/install/pico_control_pub/lib/python3.10/site-packages:${PYTHONPATH} /home/sergio/.espressif/python_env/idf5.2_py3.10_env/bin/python3 -W ignore:setup.py install is deprecated -W ignore:easy_install command is deprecated setup.py egg_info --egg-base ../../build/pico_control_pub build --build-base /home/sergio/ros2_ws/build/pico_control_pub/build install --record /home/sergio/ros2_ws/build/pico_control_pub/install.log --single-version-externally-managed install_data
[3.392s] running egg_info
[3.409s] writing ../../build/pico_control_pub/pico_control_pub.egg-info/PKG-INFO
[3.410s] writing dependency_links to ../../build/pico_control_pub/pico_control_pub.egg-info/dependency_links.txt
[3.411s] writing entry points to ../../build/pico_control_pub/pico_control_pub.egg-info/entry_points.txt
[3.411s] writing requirements to ../../build/pico_control_pub/pico_control_pub.egg-info/requires.txt
[3.414s] writing top-level names to ../../build/pico_control_pub/pico_control_pub.egg-info/top_level.txt
[3.483s] reading manifest file '../../build/pico_control_pub/pico_control_pub.egg-info/SOURCES.txt'
[3.483s] writing manifest file '../../build/pico_control_pub/pico_control_pub.egg-info/SOURCES.txt'
[3.484s] running build
[3.484s] running build_py
[3.484s] copying pico_control_pub/__init__.py -> /home/sergio/ros2_ws/build/pico_control_pub/build/lib/pico_control_pub
[3.485s] copying pico_control_pub/publisher.py -> /home/sergio/ros2_ws/build/pico_control_pub/build/lib/pico_control_pub
[3.485s] copying pico_control_pub/auto.py -> /home/sergio/ros2_ws/build/pico_control_pub/build/lib/pico_control_pub
[3.485s] running install
[3.506s] running install_lib
[3.529s] copying /home/sergio/ros2_ws/build/pico_control_pub/build/lib/pico_control_pub/auto.py -> /home/sergio/ros2_ws/install/pico_control_pub/lib/python3.10/site-packages/pico_control_pub
[3.529s] byte-compiling /home/sergio/ros2_ws/install/pico_control_pub/lib/python3.10/site-packages/pico_control_pub/auto.py to auto.cpython-310.pyc
[3.529s] running install_data
[3.529s] copying resource/pico_control_pub -> /home/sergio/ros2_ws/install/pico_control_pub/share/ament_index/resource_index/packages
[3.529s] copying package.xml -> /home/sergio/ros2_ws/install/pico_control_pub/share/pico_control_pub
[3.529s] running install_egg_info
[3.555s] removing '/home/sergio/ros2_ws/install/pico_control_pub/lib/python3.10/site-packages/pico_control_pub-0.0.0-py3.10.egg-info' (and everything under it)
[3.556s] Copying ../../build/pico_control_pub/pico_control_pub.egg-info to /home/sergio/ros2_ws/install/pico_control_pub/lib/python3.10/site-packages/pico_control_pub-0.0.0-py3.10.egg-info
[3.556s] running install_scripts
[3.732s] Installing auto script to /home/sergio/ros2_ws/install/pico_control_pub/lib/pico_control_pub
[3.732s] Installing publisher script to /home/sergio/ros2_ws/install/pico_control_pub/lib/pico_control_pub
[3.732s] writing list of installed files to '/home/sergio/ros2_ws/build/pico_control_pub/install.log'
[3.771s] Invoked command in '/home/sergio/ros2_ws/src/pico_control_pub' returned '0': PYTHONPATH=/home/sergio/ros2_ws/build/pico_control_pub/prefix_override:/home/sergio/.espressif/python_env/idf5.2_py3.10_env/lib/python3.10/site-packages/colcon_core/task/python/colcon_distutils_commands:/home/sergio/ros2_ws/install/pico_control_pub/lib/python3.10/site-packages:${PYTHONPATH} /home/sergio/.espressif/python_env/idf5.2_py3.10_env/bin/python3 -W ignore:setup.py install is deprecated -W ignore:easy_install command is deprecated setup.py egg_info --egg-base ../../build/pico_control_pub build --build-base /home/sergio/ros2_ws/build/pico_control_pub/build install --record /home/sergio/ros2_ws/build/pico_control_pub/install.log --single-version-externally-managed install_data
