[3.412s] Invoking command in '/home/sergio/ros2_ws/src/pico_control_pub': PYTHONPATH=/home/sergio/ros2_ws/build/pico_control_pub/prefix_override:/home/sergio/.espressif/python_env/idf5.2_py3.10_env/lib/python3.10/site-packages/colcon_core/task/python/colcon_distutils_commands:/home/sergio/ros2_ws/install/pico_control_pub/lib/python3.10/site-packages:${PYTHONPATH} /home/sergio/.espressif/python_env/idf5.2_py3.10_env/bin/python3 -W ignore:setup.py install is deprecated -W ignore:easy_install command is deprecated setup.py egg_info --egg-base ../../build/pico_control_pub build --build-base /home/sergio/ros2_ws/build/pico_control_pub/build install --record /home/sergio/ros2_ws/build/pico_control_pub/install.log --single-version-externally-managed install_data
[3.834s] running egg_info
[3.858s] writing ../../build/pico_control_pub/pico_control_pub.egg-info/PKG-INFO
[3.861s] writing dependency_links to ../../build/pico_control_pub/pico_control_pub.egg-info/dependency_links.txt
[3.861s] writing entry points to ../../build/pico_control_pub/pico_control_pub.egg-info/entry_points.txt
[3.864s] writing requirements to ../../build/pico_control_pub/pico_control_pub.egg-info/requires.txt
[3.864s] writing top-level names to ../../build/pico_control_pub/pico_control_pub.egg-info/top_level.txt
[3.899s] reading manifest file '../../build/pico_control_pub/pico_control_pub.egg-info/SOURCES.txt'
[3.900s] writing manifest file '../../build/pico_control_pub/pico_control_pub.egg-info/SOURCES.txt'
[3.901s] running build
[3.901s] running build_py
[3.901s] copying pico_control_pub/__init__.py -> /home/sergio/ros2_ws/build/pico_control_pub/build/lib/pico_control_pub
[3.901s] copying pico_control_pub/publisher.py -> /home/sergio/ros2_ws/build/pico_control_pub/build/lib/pico_control_pub
[3.901s] copying pico_control_pub/auto.py -> /home/sergio/ros2_ws/build/pico_control_pub/build/lib/pico_control_pub
[3.902s] running install
[3.909s] running install_lib
[3.927s] copying /home/sergio/ros2_ws/build/pico_control_pub/build/lib/pico_control_pub/auto.py -> /home/sergio/ros2_ws/install/pico_control_pub/lib/python3.10/site-packages/pico_control_pub
[3.928s] byte-compiling /home/sergio/ros2_ws/install/pico_control_pub/lib/python3.10/site-packages/pico_control_pub/auto.py to auto.cpython-310.pyc
[3.929s] running install_data
[3.930s] copying resource/pico_control_pub -> /home/sergio/ros2_ws/install/pico_control_pub/share/ament_index/resource_index/packages
[3.930s] copying package.xml -> /home/sergio/ros2_ws/install/pico_control_pub/share/pico_control_pub
[3.930s] running install_egg_info
[3.954s] removing '/home/sergio/ros2_ws/install/pico_control_pub/lib/python3.10/site-packages/pico_control_pub-0.0.0-py3.10.egg-info' (and everything under it)
[3.955s] Copying ../../build/pico_control_pub/pico_control_pub.egg-info to /home/sergio/ros2_ws/install/pico_control_pub/lib/python3.10/site-packages/pico_control_pub-0.0.0-py3.10.egg-info
[3.956s] running install_scripts
[4.150s] Installing auto script to /home/sergio/ros2_ws/install/pico_control_pub/lib/pico_control_pub
[4.153s] Installing publisher script to /home/sergio/ros2_ws/install/pico_control_pub/lib/pico_control_pub
[4.153s] writing list of installed files to '/home/sergio/ros2_ws/build/pico_control_pub/install.log'
[4.219s] Invoked command in '/home/sergio/ros2_ws/src/pico_control_pub' returned '0': PYTHONPATH=/home/sergio/ros2_ws/build/pico_control_pub/prefix_override:/home/sergio/.espressif/python_env/idf5.2_py3.10_env/lib/python3.10/site-packages/colcon_core/task/python/colcon_distutils_commands:/home/sergio/ros2_ws/install/pico_control_pub/lib/python3.10/site-packages:${PYTHONPATH} /home/sergio/.espressif/python_env/idf5.2_py3.10_env/bin/python3 -W ignore:setup.py install is deprecated -W ignore:easy_install command is deprecated setup.py egg_info --egg-base ../../build/pico_control_pub build --build-base /home/sergio/ros2_ws/build/pico_control_pub/build install --record /home/sergio/ros2_ws/build/pico_control_pub/install.log --single-version-externally-managed install_data
