[0.065s] DEBUG:colcon:Command line arguments: ['/usr/bin/colcon', 'build']
[0.065s] DEBUG:colcon:Parsed command line arguments: Namespace(log_base=None, log_level=None, verb_name='build', build_base='build', install_base='install', merge_install=False, symlink_install=False, test_result_base=None, continue_on_error=False, executor='parallel', parallel_workers=16, event_handlers=None, ignore_user_meta=False, metas=['./colcon.meta'], base_paths=['.'], packages_ignore=None, packages_ignore_regex=None, paths=None, packages_up_to=None, packages_up_to_regex=None, packages_above=None, packages_above_and_dependencies=None, packages_above_depth=None, packages_select_by_dep=None, packages_skip_by_dep=None, packages_skip_up_to=None, packages_select_build_failed=False, packages_skip_build_finished=False, packages_select_test_failures=False, packages_skip_test_passed=False, packages_select=None, packages_skip=None, packages_select_regex=None, packages_skip_regex=None, packages_start=None, packages_end=None, allow_overriding=[], cmake_args=None, cmake_target=None, cmake_target_skip_unavailable=False, cmake_clean_cache=False, cmake_clean_first=False, cmake_force_configure=False, ament_cmake_args=None, catkin_cmake_args=None, catkin_skip_building_tests=False, verb_parser=<colcon_defaults.argument_parser.defaults.DefaultArgumentsDecorator object at 0x7cfce6649b40>, verb_extension=<colcon_core.verb.build.BuildVerb object at 0x7cfce6648d00>, main=<bound method BuildVerb.main of <colcon_core.verb.build.BuildVerb object at 0x7cfce6648d00>>)
[0.160s] Level 1:colcon.colcon_core.package_discovery:discover_packages(colcon_meta) check parameters
[0.160s] Level 1:colcon.colcon_core.package_discovery:discover_packages(recursive) check parameters
[0.160s] Level 1:colcon.colcon_core.package_discovery:discover_packages(ignore) check parameters
[0.160s] Level 1:colcon.colcon_core.package_discovery:discover_packages(path) check parameters
[0.160s] Level 1:colcon.colcon_core.package_discovery:discover_packages(colcon_meta) discover
[0.160s] Level 1:colcon.colcon_core.package_discovery:discover_packages(recursive) discover
[0.160s] INFO:colcon.colcon_core.package_discovery:Crawling recursively for packages in '/home/sergio/ros2_ws'
[0.160s] Level 1:colcon.colcon_core.package_identification:_identify(.) by extensions ['ignore', 'ignore_ament_install']
[0.160s] Level 1:colcon.colcon_core.package_identification:_identify(.) by extension 'ignore'
[0.160s] Level 1:colcon.colcon_core.package_identification:_identify(.) by extension 'ignore_ament_install'
[0.161s] Level 1:colcon.colcon_core.package_identification:_identify(.) by extensions ['colcon_pkg']
[0.161s] Level 1:colcon.colcon_core.package_identification:_identify(.) by extension 'colcon_pkg'
[0.161s] Level 1:colcon.colcon_core.package_identification:_identify(.) by extensions ['colcon_meta']
[0.161s] Level 1:colcon.colcon_core.package_identification:_identify(.) by extension 'colcon_meta'
[0.161s] Level 1:colcon.colcon_core.package_identification:_identify(.) by extensions ['ros']
[0.161s] Level 1:colcon.colcon_core.package_identification:_identify(.) by extension 'ros'
[0.167s] Level 1:colcon.colcon_core.package_identification:_identify(.) by extensions ['cmake', 'python']
[0.167s] Level 1:colcon.colcon_core.package_identification:_identify(.) by extension 'cmake'
[0.167s] Level 1:colcon.colcon_core.package_identification:_identify(.) by extension 'python'
[0.167s] Level 1:colcon.colcon_core.package_identification:_identify(.) by extensions ['python_setup_py']
[0.167s] Level 1:colcon.colcon_core.package_identification:_identify(.) by extension 'python_setup_py'
[0.168s] Level 1:colcon.colcon_core.package_identification:_identify(build) by extensions ['ignore', 'ignore_ament_install']
[0.168s] Level 1:colcon.colcon_core.package_identification:_identify(build) by extension 'ignore'
[0.168s] Level 1:colcon.colcon_core.package_identification:_identify(build) ignored
[0.168s] Level 1:colcon.colcon_core.package_identification:_identify(install) by extensions ['ignore', 'ignore_ament_install']
[0.168s] Level 1:colcon.colcon_core.package_identification:_identify(install) by extension 'ignore'
[0.168s] Level 1:colcon.colcon_core.package_identification:_identify(install) ignored
[0.168s] Level 1:colcon.colcon_core.package_identification:_identify(log) by extensions ['ignore', 'ignore_ament_install']
[0.168s] Level 1:colcon.colcon_core.package_identification:_identify(log) by extension 'ignore'
[0.168s] Level 1:colcon.colcon_core.package_identification:_identify(log) ignored
[0.168s] Level 1:colcon.colcon_core.package_identification:_identify(src) by extensions ['ignore', 'ignore_ament_install']
[0.168s] Level 1:colcon.colcon_core.package_identification:_identify(src) by extension 'ignore'
[0.168s] Level 1:colcon.colcon_core.package_identification:_identify(src) by extension 'ignore_ament_install'
[0.168s] Level 1:colcon.colcon_core.package_identification:_identify(src) by extensions ['colcon_pkg']
[0.168s] Level 1:colcon.colcon_core.package_identification:_identify(src) by extension 'colcon_pkg'
[0.168s] Level 1:colcon.colcon_core.package_identification:_identify(src) by extensions ['colcon_meta']
[0.168s] Level 1:colcon.colcon_core.package_identification:_identify(src) by extension 'colcon_meta'
[0.168s] Level 1:colcon.colcon_core.package_identification:_identify(src) by extensions ['ros']
[0.168s] Level 1:colcon.colcon_core.package_identification:_identify(src) by extension 'ros'
[0.168s] Level 1:colcon.colcon_core.package_identification:_identify(src) by extensions ['cmake', 'python']
[0.168s] Level 1:colcon.colcon_core.package_identification:_identify(src) by extension 'cmake'
[0.168s] Level 1:colcon.colcon_core.package_identification:_identify(src) by extension 'python'
[0.168s] Level 1:colcon.colcon_core.package_identification:_identify(src) by extensions ['python_setup_py']
[0.168s] Level 1:colcon.colcon_core.package_identification:_identify(src) by extension 'python_setup_py'
[0.168s] Level 1:colcon.colcon_core.package_identification:_identify(src/ejemplo_uno) by extensions ['ignore', 'ignore_ament_install']
[0.168s] Level 1:colcon.colcon_core.package_identification:_identify(src/ejemplo_uno) by extension 'ignore'
[0.168s] Level 1:colcon.colcon_core.package_identification:_identify(src/ejemplo_uno) by extension 'ignore_ament_install'
[0.168s] Level 1:colcon.colcon_core.package_identification:_identify(src/ejemplo_uno) by extensions ['colcon_pkg']
[0.168s] Level 1:colcon.colcon_core.package_identification:_identify(src/ejemplo_uno) by extension 'colcon_pkg'
[0.168s] Level 1:colcon.colcon_core.package_identification:_identify(src/ejemplo_uno) by extensions ['colcon_meta']
[0.169s] Level 1:colcon.colcon_core.package_identification:_identify(src/ejemplo_uno) by extension 'colcon_meta'
[0.169s] Level 1:colcon.colcon_core.package_identification:_identify(src/ejemplo_uno) by extensions ['ros']
[0.169s] Level 1:colcon.colcon_core.package_identification:_identify(src/ejemplo_uno) by extension 'ros'
[0.170s] DEBUG:colcon.colcon_core.package_identification:Package 'src/ejemplo_uno' with type 'ros.ament_python' and name 'ejemplo_uno'
[0.170s] Level 1:colcon.colcon_core.package_identification:_identify(src/ejercicio_dos) by extensions ['ignore', 'ignore_ament_install']
[0.170s] Level 1:colcon.colcon_core.package_identification:_identify(src/ejercicio_dos) by extension 'ignore'
[0.170s] Level 1:colcon.colcon_core.package_identification:_identify(src/ejercicio_dos) by extension 'ignore_ament_install'
[0.170s] Level 1:colcon.colcon_core.package_identification:_identify(src/ejercicio_dos) by extensions ['colcon_pkg']
[0.170s] Level 1:colcon.colcon_core.package_identification:_identify(src/ejercicio_dos) by extension 'colcon_pkg'
[0.170s] Level 1:colcon.colcon_core.package_identification:_identify(src/ejercicio_dos) by extensions ['colcon_meta']
[0.170s] Level 1:colcon.colcon_core.package_identification:_identify(src/ejercicio_dos) by extension 'colcon_meta'
[0.170s] Level 1:colcon.colcon_core.package_identification:_identify(src/ejercicio_dos) by extensions ['ros']
[0.170s] Level 1:colcon.colcon_core.package_identification:_identify(src/ejercicio_dos) by extension 'ros'
[0.171s] DEBUG:colcon.colcon_core.package_identification:Package 'src/ejercicio_dos' with type 'ros.ament_python' and name 'ejercicio_dos'
[0.171s] Level 1:colcon.colcon_core.package_identification:_identify(src/ejercicio_tres_client) by extensions ['ignore', 'ignore_ament_install']
[0.171s] Level 1:colcon.colcon_core.package_identification:_identify(src/ejercicio_tres_client) by extension 'ignore'
[0.171s] Level 1:colcon.colcon_core.package_identification:_identify(src/ejercicio_tres_client) by extension 'ignore_ament_install'
[0.171s] Level 1:colcon.colcon_core.package_identification:_identify(src/ejercicio_tres_client) by extensions ['colcon_pkg']
[0.171s] Level 1:colcon.colcon_core.package_identification:_identify(src/ejercicio_tres_client) by extension 'colcon_pkg'
[0.171s] Level 1:colcon.colcon_core.package_identification:_identify(src/ejercicio_tres_client) by extensions ['colcon_meta']
[0.171s] Level 1:colcon.colcon_core.package_identification:_identify(src/ejercicio_tres_client) by extension 'colcon_meta'
[0.171s] Level 1:colcon.colcon_core.package_identification:_identify(src/ejercicio_tres_client) by extensions ['ros']
[0.171s] Level 1:colcon.colcon_core.package_identification:_identify(src/ejercicio_tres_client) by extension 'ros'
[0.171s] DEBUG:colcon.colcon_core.package_identification:Package 'src/ejercicio_tres_client' with type 'ros.ament_python' and name 'ejercicio_tres_client'
[0.171s] Level 1:colcon.colcon_core.package_identification:_identify(src/ejercicio_tres_interface) by extensions ['ignore', 'ignore_ament_install']
[0.171s] Level 1:colcon.colcon_core.package_identification:_identify(src/ejercicio_tres_interface) by extension 'ignore'
[0.172s] Level 1:colcon.colcon_core.package_identification:_identify(src/ejercicio_tres_interface) by extension 'ignore_ament_install'
[0.172s] Level 1:colcon.colcon_core.package_identification:_identify(src/ejercicio_tres_interface) by extensions ['colcon_pkg']
[0.172s] Level 1:colcon.colcon_core.package_identification:_identify(src/ejercicio_tres_interface) by extension 'colcon_pkg'
[0.172s] Level 1:colcon.colcon_core.package_identification:_identify(src/ejercicio_tres_interface) by extensions ['colcon_meta']
[0.172s] Level 1:colcon.colcon_core.package_identification:_identify(src/ejercicio_tres_interface) by extension 'colcon_meta'
[0.172s] Level 1:colcon.colcon_core.package_identification:_identify(src/ejercicio_tres_interface) by extensions ['ros']
[0.172s] Level 1:colcon.colcon_core.package_identification:_identify(src/ejercicio_tres_interface) by extension 'ros'
[0.172s] DEBUG:colcon.colcon_core.package_identification:Package 'src/ejercicio_tres_interface' with type 'ros.ament_cmake' and name 'ejercicio_tres_interface'
[0.172s] Level 1:colcon.colcon_core.package_identification:_identify(src/ejercicio_tres_server) by extensions ['ignore', 'ignore_ament_install']
[0.172s] Level 1:colcon.colcon_core.package_identification:_identify(src/ejercicio_tres_server) by extension 'ignore'
[0.172s] Level 1:colcon.colcon_core.package_identification:_identify(src/ejercicio_tres_server) by extension 'ignore_ament_install'
[0.172s] Level 1:colcon.colcon_core.package_identification:_identify(src/ejercicio_tres_server) by extensions ['colcon_pkg']
[0.172s] Level 1:colcon.colcon_core.package_identification:_identify(src/ejercicio_tres_server) by extension 'colcon_pkg'
[0.172s] Level 1:colcon.colcon_core.package_identification:_identify(src/ejercicio_tres_server) by extensions ['colcon_meta']
[0.172s] Level 1:colcon.colcon_core.package_identification:_identify(src/ejercicio_tres_server) by extension 'colcon_meta'
[0.172s] Level 1:colcon.colcon_core.package_identification:_identify(src/ejercicio_tres_server) by extensions ['ros']
[0.172s] Level 1:colcon.colcon_core.package_identification:_identify(src/ejercicio_tres_server) by extension 'ros'
[0.173s] DEBUG:colcon.colcon_core.package_identification:Package 'src/ejercicio_tres_server' with type 'ros.ament_python' and name 'ejercicio_tres_server'
[0.173s] Level 1:colcon.colcon_core.package_identification:_identify(src/install) by extensions ['ignore', 'ignore_ament_install']
[0.173s] Level 1:colcon.colcon_core.package_identification:_identify(src/install) by extension 'ignore'
[0.173s] Level 1:colcon.colcon_core.package_identification:_identify(src/install) ignored
[0.173s] Level 1:colcon.colcon_core.package_identification:_identify(src/log) by extensions ['ignore', 'ignore_ament_install']
[0.173s] Level 1:colcon.colcon_core.package_identification:_identify(src/log) by extension 'ignore'
[0.173s] Level 1:colcon.colcon_core.package_identification:_identify(src/log) ignored
[0.173s] Level 1:colcon.colcon_core.package_identification:_identify(src/mma_interfaces) by extensions ['ignore', 'ignore_ament_install']
[0.173s] Level 1:colcon.colcon_core.package_identification:_identify(src/mma_interfaces) by extension 'ignore'
[0.173s] Level 1:colcon.colcon_core.package_identification:_identify(src/mma_interfaces) by extension 'ignore_ament_install'
[0.173s] Level 1:colcon.colcon_core.package_identification:_identify(src/mma_interfaces) by extensions ['colcon_pkg']
[0.173s] Level 1:colcon.colcon_core.package_identification:_identify(src/mma_interfaces) by extension 'colcon_pkg'
[0.173s] Level 1:colcon.colcon_core.package_identification:_identify(src/mma_interfaces) by extensions ['colcon_meta']
[0.173s] Level 1:colcon.colcon_core.package_identification:_identify(src/mma_interfaces) by extension 'colcon_meta'
[0.173s] Level 1:colcon.colcon_core.package_identification:_identify(src/mma_interfaces) by extensions ['ros']
[0.173s] Level 1:colcon.colcon_core.package_identification:_identify(src/mma_interfaces) by extension 'ros'
[0.173s] DEBUG:colcon.colcon_core.package_identification:Package 'src/mma_interfaces' with type 'ros.ament_cmake' and name 'mma_interfaces'
[0.174s] Level 1:colcon.colcon_core.package_identification:_identify(src/mma_listener) by extensions ['ignore', 'ignore_ament_install']
[0.174s] Level 1:colcon.colcon_core.package_identification:_identify(src/mma_listener) by extension 'ignore'
[0.174s] Level 1:colcon.colcon_core.package_identification:_identify(src/mma_listener) by extension 'ignore_ament_install'
[0.174s] Level 1:colcon.colcon_core.package_identification:_identify(src/mma_listener) by extensions ['colcon_pkg']
[0.174s] Level 1:colcon.colcon_core.package_identification:_identify(src/mma_listener) by extension 'colcon_pkg'
[0.174s] Level 1:colcon.colcon_core.package_identification:_identify(src/mma_listener) by extensions ['colcon_meta']
[0.174s] Level 1:colcon.colcon_core.package_identification:_identify(src/mma_listener) by extension 'colcon_meta'
[0.174s] Level 1:colcon.colcon_core.package_identification:_identify(src/mma_listener) by extensions ['ros']
[0.174s] Level 1:colcon.colcon_core.package_identification:_identify(src/mma_listener) by extension 'ros'
[0.174s] DEBUG:colcon.colcon_core.package_identification:Package 'src/mma_listener' with type 'ros.ament_python' and name 'mma_listener'
[0.174s] Level 1:colcon.colcon_core.package_identification:_identify(src/mma_service) by extensions ['ignore', 'ignore_ament_install']
[0.174s] Level 1:colcon.colcon_core.package_identification:_identify(src/mma_service) by extension 'ignore'
[0.174s] Level 1:colcon.colcon_core.package_identification:_identify(src/mma_service) by extension 'ignore_ament_install'
[0.174s] Level 1:colcon.colcon_core.package_identification:_identify(src/mma_service) by extensions ['colcon_pkg']
[0.174s] Level 1:colcon.colcon_core.package_identification:_identify(src/mma_service) by extension 'colcon_pkg'
[0.174s] Level 1:colcon.colcon_core.package_identification:_identify(src/mma_service) by extensions ['colcon_meta']
[0.174s] Level 1:colcon.colcon_core.package_identification:_identify(src/mma_service) by extension 'colcon_meta'
[0.174s] Level 1:colcon.colcon_core.package_identification:_identify(src/mma_service) by extensions ['ros']
[0.174s] Level 1:colcon.colcon_core.package_identification:_identify(src/mma_service) by extension 'ros'
[0.175s] DEBUG:colcon.colcon_core.package_identification:Package 'src/mma_service' with type 'ros.ament_python' and name 'mma_service'
[0.175s] Level 1:colcon.colcon_core.package_identification:_identify(src/mma_talker) by extensions ['ignore', 'ignore_ament_install']
[0.175s] Level 1:colcon.colcon_core.package_identification:_identify(src/mma_talker) by extension 'ignore'
[0.175s] Level 1:colcon.colcon_core.package_identification:_identify(src/mma_talker) by extension 'ignore_ament_install'
[0.175s] Level 1:colcon.colcon_core.package_identification:_identify(src/mma_talker) by extensions ['colcon_pkg']
[0.175s] Level 1:colcon.colcon_core.package_identification:_identify(src/mma_talker) by extension 'colcon_pkg'
[0.175s] Level 1:colcon.colcon_core.package_identification:_identify(src/mma_talker) by extensions ['colcon_meta']
[0.175s] Level 1:colcon.colcon_core.package_identification:_identify(src/mma_talker) by extension 'colcon_meta'
[0.175s] Level 1:colcon.colcon_core.package_identification:_identify(src/mma_talker) by extensions ['ros']
[0.175s] Level 1:colcon.colcon_core.package_identification:_identify(src/mma_talker) by extension 'ros'
[0.175s] DEBUG:colcon.colcon_core.package_identification:Package 'src/mma_talker' with type 'ros.ament_python' and name 'mma_talker'
[0.175s] Level 1:colcon.colcon_core.package_identification:_identify(src/my_package) by extensions ['ignore', 'ignore_ament_install']
[0.175s] Level 1:colcon.colcon_core.package_identification:_identify(src/my_package) by extension 'ignore'
[0.175s] Level 1:colcon.colcon_core.package_identification:_identify(src/my_package) by extension 'ignore_ament_install'
[0.175s] Level 1:colcon.colcon_core.package_identification:_identify(src/my_package) by extensions ['colcon_pkg']
[0.175s] Level 1:colcon.colcon_core.package_identification:_identify(src/my_package) by extension 'colcon_pkg'
[0.175s] Level 1:colcon.colcon_core.package_identification:_identify(src/my_package) by extensions ['colcon_meta']
[0.175s] Level 1:colcon.colcon_core.package_identification:_identify(src/my_package) by extension 'colcon_meta'
[0.176s] Level 1:colcon.colcon_core.package_identification:_identify(src/my_package) by extensions ['ros']
[0.176s] Level 1:colcon.colcon_core.package_identification:_identify(src/my_package) by extension 'ros'
[0.176s] DEBUG:colcon.colcon_core.package_identification:Package 'src/my_package' with type 'ros.ament_python' and name 'my_package'
[0.176s] Level 1:colcon.colcon_core.package_discovery:discover_packages(recursive) using defaults
[0.176s] Level 1:colcon.colcon_core.package_discovery:discover_packages(ignore) discover
[0.176s] Level 1:colcon.colcon_core.package_discovery:discover_packages(ignore) using defaults
[0.176s] Level 1:colcon.colcon_core.package_discovery:discover_packages(path) discover
[0.176s] Level 1:colcon.colcon_core.package_discovery:discover_packages(path) using defaults
[0.190s] Level 1:colcon.colcon_core.package_discovery:discover_packages(prefix_path) check parameters
[0.190s] Level 1:colcon.colcon_core.package_discovery:discover_packages(prefix_path) discover
[0.191s] DEBUG:colcon.colcon_installed_package_information.package_discovery:Found 10 installed packages in /home/sergio/ros2_ws/install
[0.192s] DEBUG:colcon.colcon_installed_package_information.package_discovery:Found 271 installed packages in /opt/ros/humble
[0.198s] Level 1:colcon.colcon_core.package_discovery:discover_packages(prefix_path) using defaults
[0.219s] Level 5:colcon.colcon_core.verb:set package 'ejemplo_uno' build argument 'cmake_args' from command line to 'None'
[0.219s] Level 5:colcon.colcon_core.verb:set package 'ejemplo_uno' build argument 'cmake_target' from command line to 'None'
[0.219s] Level 5:colcon.colcon_core.verb:set package 'ejemplo_uno' build argument 'cmake_target_skip_unavailable' from command line to 'False'
[0.219s] Level 5:colcon.colcon_core.verb:set package 'ejemplo_uno' build argument 'cmake_clean_cache' from command line to 'False'
[0.219s] Level 5:colcon.colcon_core.verb:set package 'ejemplo_uno' build argument 'cmake_clean_first' from command line to 'False'
[0.219s] Level 5:colcon.colcon_core.verb:set package 'ejemplo_uno' build argument 'cmake_force_configure' from command line to 'False'
[0.219s] Level 5:colcon.colcon_core.verb:set package 'ejemplo_uno' build argument 'ament_cmake_args' from command line to 'None'
[0.219s] Level 5:colcon.colcon_core.verb:set package 'ejemplo_uno' build argument 'catkin_cmake_args' from command line to 'None'
[0.219s] Level 5:colcon.colcon_core.verb:set package 'ejemplo_uno' build argument 'catkin_skip_building_tests' from command line to 'False'
[0.219s] DEBUG:colcon.colcon_core.verb:Building package 'ejemplo_uno' with the following arguments: {'ament_cmake_args': None, 'build_base': '/home/sergio/ros2_ws/build/ejemplo_uno', 'catkin_cmake_args': None, 'catkin_skip_building_tests': False, 'cmake_args': None, 'cmake_clean_cache': False, 'cmake_clean_first': False, 'cmake_force_configure': False, 'cmake_target': None, 'cmake_target_skip_unavailable': False, 'install_base': '/home/sergio/ros2_ws/install/ejemplo_uno', 'merge_install': False, 'path': '/home/sergio/ros2_ws/src/ejemplo_uno', 'symlink_install': False, 'test_result_base': None}
[0.219s] Level 5:colcon.colcon_core.verb:set package 'ejercicio_dos' build argument 'cmake_args' from command line to 'None'
[0.219s] Level 5:colcon.colcon_core.verb:set package 'ejercicio_dos' build argument 'cmake_target' from command line to 'None'
[0.219s] Level 5:colcon.colcon_core.verb:set package 'ejercicio_dos' build argument 'cmake_target_skip_unavailable' from command line to 'False'
[0.220s] Level 5:colcon.colcon_core.verb:set package 'ejercicio_dos' build argument 'cmake_clean_cache' from command line to 'False'
[0.220s] Level 5:colcon.colcon_core.verb:set package 'ejercicio_dos' build argument 'cmake_clean_first' from command line to 'False'
[0.220s] Level 5:colcon.colcon_core.verb:set package 'ejercicio_dos' build argument 'cmake_force_configure' from command line to 'False'
[0.220s] Level 5:colcon.colcon_core.verb:set package 'ejercicio_dos' build argument 'ament_cmake_args' from command line to 'None'
[0.220s] Level 5:colcon.colcon_core.verb:set package 'ejercicio_dos' build argument 'catkin_cmake_args' from command line to 'None'
[0.220s] Level 5:colcon.colcon_core.verb:set package 'ejercicio_dos' build argument 'catkin_skip_building_tests' from command line to 'False'
[0.220s] DEBUG:colcon.colcon_core.verb:Building package 'ejercicio_dos' with the following arguments: {'ament_cmake_args': None, 'build_base': '/home/sergio/ros2_ws/build/ejercicio_dos', 'catkin_cmake_args': None, 'catkin_skip_building_tests': False, 'cmake_args': None, 'cmake_clean_cache': False, 'cmake_clean_first': False, 'cmake_force_configure': False, 'cmake_target': None, 'cmake_target_skip_unavailable': False, 'install_base': '/home/sergio/ros2_ws/install/ejercicio_dos', 'merge_install': False, 'path': '/home/sergio/ros2_ws/src/ejercicio_dos', 'symlink_install': False, 'test_result_base': None}
[0.220s] Level 5:colcon.colcon_core.verb:set package 'ejercicio_tres_client' build argument 'cmake_args' from command line to 'None'
[0.220s] Level 5:colcon.colcon_core.verb:set package 'ejercicio_tres_client' build argument 'cmake_target' from command line to 'None'
[0.220s] Level 5:colcon.colcon_core.verb:set package 'ejercicio_tres_client' build argument 'cmake_target_skip_unavailable' from command line to 'False'
[0.220s] Level 5:colcon.colcon_core.verb:set package 'ejercicio_tres_client' build argument 'cmake_clean_cache' from command line to 'False'
[0.220s] Level 5:colcon.colcon_core.verb:set package 'ejercicio_tres_client' build argument 'cmake_clean_first' from command line to 'False'
[0.220s] Level 5:colcon.colcon_core.verb:set package 'ejercicio_tres_client' build argument 'cmake_force_configure' from command line to 'False'
[0.220s] Level 5:colcon.colcon_core.verb:set package 'ejercicio_tres_client' build argument 'ament_cmake_args' from command line to 'None'
[0.220s] Level 5:colcon.colcon_core.verb:set package 'ejercicio_tres_client' build argument 'catkin_cmake_args' from command line to 'None'
[0.220s] Level 5:colcon.colcon_core.verb:set package 'ejercicio_tres_client' build argument 'catkin_skip_building_tests' from command line to 'False'
[0.220s] DEBUG:colcon.colcon_core.verb:Building package 'ejercicio_tres_client' with the following arguments: {'ament_cmake_args': None, 'build_base': '/home/sergio/ros2_ws/build/ejercicio_tres_client', 'catkin_cmake_args': None, 'catkin_skip_building_tests': False, 'cmake_args': None, 'cmake_clean_cache': False, 'cmake_clean_first': False, 'cmake_force_configure': False, 'cmake_target': None, 'cmake_target_skip_unavailable': False, 'install_base': '/home/sergio/ros2_ws/install/ejercicio_tres_client', 'merge_install': False, 'path': '/home/sergio/ros2_ws/src/ejercicio_tres_client', 'symlink_install': False, 'test_result_base': None}
[0.220s] Level 5:colcon.colcon_core.verb:set package 'ejercicio_tres_interface' build argument 'cmake_args' from command line to 'None'
[0.220s] Level 5:colcon.colcon_core.verb:set package 'ejercicio_tres_interface' build argument 'cmake_target' from command line to 'None'
[0.220s] Level 5:colcon.colcon_core.verb:set package 'ejercicio_tres_interface' build argument 'cmake_target_skip_unavailable' from command line to 'False'
[0.220s] Level 5:colcon.colcon_core.verb:set package 'ejercicio_tres_interface' build argument 'cmake_clean_cache' from command line to 'False'
[0.220s] Level 5:colcon.colcon_core.verb:set package 'ejercicio_tres_interface' build argument 'cmake_clean_first' from command line to 'False'
[0.220s] Level 5:colcon.colcon_core.verb:set package 'ejercicio_tres_interface' build argument 'cmake_force_configure' from command line to 'False'
[0.220s] Level 5:colcon.colcon_core.verb:set package 'ejercicio_tres_interface' build argument 'ament_cmake_args' from command line to 'None'
[0.220s] Level 5:colcon.colcon_core.verb:set package 'ejercicio_tres_interface' build argument 'catkin_cmake_args' from command line to 'None'
[0.220s] Level 5:colcon.colcon_core.verb:set package 'ejercicio_tres_interface' build argument 'catkin_skip_building_tests' from command line to 'False'
[0.220s] DEBUG:colcon.colcon_core.verb:Building package 'ejercicio_tres_interface' with the following arguments: {'ament_cmake_args': None, 'build_base': '/home/sergio/ros2_ws/build/ejercicio_tres_interface', 'catkin_cmake_args': None, 'catkin_skip_building_tests': False, 'cmake_args': None, 'cmake_clean_cache': False, 'cmake_clean_first': False, 'cmake_force_configure': False, 'cmake_target': None, 'cmake_target_skip_unavailable': False, 'install_base': '/home/sergio/ros2_ws/install/ejercicio_tres_interface', 'merge_install': False, 'path': '/home/sergio/ros2_ws/src/ejercicio_tres_interface', 'symlink_install': False, 'test_result_base': None}
[0.220s] Level 5:colcon.colcon_core.verb:set package 'ejercicio_tres_server' build argument 'cmake_args' from command line to 'None'
[0.220s] Level 5:colcon.colcon_core.verb:set package 'ejercicio_tres_server' build argument 'cmake_target' from command line to 'None'
[0.220s] Level 5:colcon.colcon_core.verb:set package 'ejercicio_tres_server' build argument 'cmake_target_skip_unavailable' from command line to 'False'
[0.220s] Level 5:colcon.colcon_core.verb:set package 'ejercicio_tres_server' build argument 'cmake_clean_cache' from command line to 'False'
[0.220s] Level 5:colcon.colcon_core.verb:set package 'ejercicio_tres_server' build argument 'cmake_clean_first' from command line to 'False'
[0.220s] Level 5:colcon.colcon_core.verb:set package 'ejercicio_tres_server' build argument 'cmake_force_configure' from command line to 'False'
[0.220s] Level 5:colcon.colcon_core.verb:set package 'ejercicio_tres_server' build argument 'ament_cmake_args' from command line to 'None'
[0.220s] Level 5:colcon.colcon_core.verb:set package 'ejercicio_tres_server' build argument 'catkin_cmake_args' from command line to 'None'
[0.221s] Level 5:colcon.colcon_core.verb:set package 'ejercicio_tres_server' build argument 'catkin_skip_building_tests' from command line to 'False'
[0.221s] DEBUG:colcon.colcon_core.verb:Building package 'ejercicio_tres_server' with the following arguments: {'ament_cmake_args': None, 'build_base': '/home/sergio/ros2_ws/build/ejercicio_tres_server', 'catkin_cmake_args': None, 'catkin_skip_building_tests': False, 'cmake_args': None, 'cmake_clean_cache': False, 'cmake_clean_first': False, 'cmake_force_configure': False, 'cmake_target': None, 'cmake_target_skip_unavailable': False, 'install_base': '/home/sergio/ros2_ws/install/ejercicio_tres_server', 'merge_install': False, 'path': '/home/sergio/ros2_ws/src/ejercicio_tres_server', 'symlink_install': False, 'test_result_base': None}
[0.221s] Level 5:colcon.colcon_core.verb:set package 'mma_interfaces' build argument 'cmake_args' from command line to 'None'
[0.221s] Level 5:colcon.colcon_core.verb:set package 'mma_interfaces' build argument 'cmake_target' from command line to 'None'
[0.221s] Level 5:colcon.colcon_core.verb:set package 'mma_interfaces' build argument 'cmake_target_skip_unavailable' from command line to 'False'
[0.221s] Level 5:colcon.colcon_core.verb:set package 'mma_interfaces' build argument 'cmake_clean_cache' from command line to 'False'
[0.221s] Level 5:colcon.colcon_core.verb:set package 'mma_interfaces' build argument 'cmake_clean_first' from command line to 'False'
[0.221s] Level 5:colcon.colcon_core.verb:set package 'mma_interfaces' build argument 'cmake_force_configure' from command line to 'False'
[0.221s] Level 5:colcon.colcon_core.verb:set package 'mma_interfaces' build argument 'ament_cmake_args' from command line to 'None'
[0.221s] Level 5:colcon.colcon_core.verb:set package 'mma_interfaces' build argument 'catkin_cmake_args' from command line to 'None'
[0.221s] Level 5:colcon.colcon_core.verb:set package 'mma_interfaces' build argument 'catkin_skip_building_tests' from command line to 'False'
[0.221s] DEBUG:colcon.colcon_core.verb:Building package 'mma_interfaces' with the following arguments: {'ament_cmake_args': None, 'build_base': '/home/sergio/ros2_ws/build/mma_interfaces', 'catkin_cmake_args': None, 'catkin_skip_building_tests': False, 'cmake_args': None, 'cmake_clean_cache': False, 'cmake_clean_first': False, 'cmake_force_configure': False, 'cmake_target': None, 'cmake_target_skip_unavailable': False, 'install_base': '/home/sergio/ros2_ws/install/mma_interfaces', 'merge_install': False, 'path': '/home/sergio/ros2_ws/src/mma_interfaces', 'symlink_install': False, 'test_result_base': None}
[0.221s] Level 5:colcon.colcon_core.verb:set package 'mma_listener' build argument 'cmake_args' from command line to 'None'
[0.221s] Level 5:colcon.colcon_core.verb:set package 'mma_listener' build argument 'cmake_target' from command line to 'None'
[0.221s] Level 5:colcon.colcon_core.verb:set package 'mma_listener' build argument 'cmake_target_skip_unavailable' from command line to 'False'
[0.221s] Level 5:colcon.colcon_core.verb:set package 'mma_listener' build argument 'cmake_clean_cache' from command line to 'False'
[0.221s] Level 5:colcon.colcon_core.verb:set package 'mma_listener' build argument 'cmake_clean_first' from command line to 'False'
[0.221s] Level 5:colcon.colcon_core.verb:set package 'mma_listener' build argument 'cmake_force_configure' from command line to 'False'
[0.221s] Level 5:colcon.colcon_core.verb:set package 'mma_listener' build argument 'ament_cmake_args' from command line to 'None'
[0.221s] Level 5:colcon.colcon_core.verb:set package 'mma_listener' build argument 'catkin_cmake_args' from command line to 'None'
[0.221s] Level 5:colcon.colcon_core.verb:set package 'mma_listener' build argument 'catkin_skip_building_tests' from command line to 'False'
[0.221s] DEBUG:colcon.colcon_core.verb:Building package 'mma_listener' with the following arguments: {'ament_cmake_args': None, 'build_base': '/home/sergio/ros2_ws/build/mma_listener', 'catkin_cmake_args': None, 'catkin_skip_building_tests': False, 'cmake_args': None, 'cmake_clean_cache': False, 'cmake_clean_first': False, 'cmake_force_configure': False, 'cmake_target': None, 'cmake_target_skip_unavailable': False, 'install_base': '/home/sergio/ros2_ws/install/mma_listener', 'merge_install': False, 'path': '/home/sergio/ros2_ws/src/mma_listener', 'symlink_install': False, 'test_result_base': None}
[0.221s] Level 5:colcon.colcon_core.verb:set package 'mma_service' build argument 'cmake_args' from command line to 'None'
[0.221s] Level 5:colcon.colcon_core.verb:set package 'mma_service' build argument 'cmake_target' from command line to 'None'
[0.221s] Level 5:colcon.colcon_core.verb:set package 'mma_service' build argument 'cmake_target_skip_unavailable' from command line to 'False'
[0.221s] Level 5:colcon.colcon_core.verb:set package 'mma_service' build argument 'cmake_clean_cache' from command line to 'False'
[0.221s] Level 5:colcon.colcon_core.verb:set package 'mma_service' build argument 'cmake_clean_first' from command line to 'False'
[0.221s] Level 5:colcon.colcon_core.verb:set package 'mma_service' build argument 'cmake_force_configure' from command line to 'False'
[0.221s] Level 5:colcon.colcon_core.verb:set package 'mma_service' build argument 'ament_cmake_args' from command line to 'None'
[0.221s] Level 5:colcon.colcon_core.verb:set package 'mma_service' build argument 'catkin_cmake_args' from command line to 'None'
[0.221s] Level 5:colcon.colcon_core.verb:set package 'mma_service' build argument 'catkin_skip_building_tests' from command line to 'False'
[0.221s] DEBUG:colcon.colcon_core.verb:Building package 'mma_service' with the following arguments: {'ament_cmake_args': None, 'build_base': '/home/sergio/ros2_ws/build/mma_service', 'catkin_cmake_args': None, 'catkin_skip_building_tests': False, 'cmake_args': None, 'cmake_clean_cache': False, 'cmake_clean_first': False, 'cmake_force_configure': False, 'cmake_target': None, 'cmake_target_skip_unavailable': False, 'install_base': '/home/sergio/ros2_ws/install/mma_service', 'merge_install': False, 'path': '/home/sergio/ros2_ws/src/mma_service', 'symlink_install': False, 'test_result_base': None}
[0.222s] Level 5:colcon.colcon_core.verb:set package 'mma_talker' build argument 'cmake_args' from command line to 'None'
[0.222s] Level 5:colcon.colcon_core.verb:set package 'mma_talker' build argument 'cmake_target' from command line to 'None'
[0.222s] Level 5:colcon.colcon_core.verb:set package 'mma_talker' build argument 'cmake_target_skip_unavailable' from command line to 'False'
[0.222s] Level 5:colcon.colcon_core.verb:set package 'mma_talker' build argument 'cmake_clean_cache' from command line to 'False'
[0.222s] Level 5:colcon.colcon_core.verb:set package 'mma_talker' build argument 'cmake_clean_first' from command line to 'False'
[0.222s] Level 5:colcon.colcon_core.verb:set package 'mma_talker' build argument 'cmake_force_configure' from command line to 'False'
[0.222s] Level 5:colcon.colcon_core.verb:set package 'mma_talker' build argument 'ament_cmake_args' from command line to 'None'
[0.222s] Level 5:colcon.colcon_core.verb:set package 'mma_talker' build argument 'catkin_cmake_args' from command line to 'None'
[0.222s] Level 5:colcon.colcon_core.verb:set package 'mma_talker' build argument 'catkin_skip_building_tests' from command line to 'False'
[0.222s] DEBUG:colcon.colcon_core.verb:Building package 'mma_talker' with the following arguments: {'ament_cmake_args': None, 'build_base': '/home/sergio/ros2_ws/build/mma_talker', 'catkin_cmake_args': None, 'catkin_skip_building_tests': False, 'cmake_args': None, 'cmake_clean_cache': False, 'cmake_clean_first': False, 'cmake_force_configure': False, 'cmake_target': None, 'cmake_target_skip_unavailable': False, 'install_base': '/home/sergio/ros2_ws/install/mma_talker', 'merge_install': False, 'path': '/home/sergio/ros2_ws/src/mma_talker', 'symlink_install': False, 'test_result_base': None}
[0.222s] Level 5:colcon.colcon_core.verb:set package 'my_package' build argument 'cmake_args' from command line to 'None'
[0.222s] Level 5:colcon.colcon_core.verb:set package 'my_package' build argument 'cmake_target' from command line to 'None'
[0.222s] Level 5:colcon.colcon_core.verb:set package 'my_package' build argument 'cmake_target_skip_unavailable' from command line to 'False'
[0.222s] Level 5:colcon.colcon_core.verb:set package 'my_package' build argument 'cmake_clean_cache' from command line to 'False'
[0.222s] Level 5:colcon.colcon_core.verb:set package 'my_package' build argument 'cmake_clean_first' from command line to 'False'
[0.222s] Level 5:colcon.colcon_core.verb:set package 'my_package' build argument 'cmake_force_configure' from command line to 'False'
[0.222s] Level 5:colcon.colcon_core.verb:set package 'my_package' build argument 'ament_cmake_args' from command line to 'None'
[0.222s] Level 5:colcon.colcon_core.verb:set package 'my_package' build argument 'catkin_cmake_args' from command line to 'None'
[0.222s] Level 5:colcon.colcon_core.verb:set package 'my_package' build argument 'catkin_skip_building_tests' from command line to 'False'
[0.222s] DEBUG:colcon.colcon_core.verb:Building package 'my_package' with the following arguments: {'ament_cmake_args': None, 'build_base': '/home/sergio/ros2_ws/build/my_package', 'catkin_cmake_args': None, 'catkin_skip_building_tests': False, 'cmake_args': None, 'cmake_clean_cache': False, 'cmake_clean_first': False, 'cmake_force_configure': False, 'cmake_target': None, 'cmake_target_skip_unavailable': False, 'install_base': '/home/sergio/ros2_ws/install/my_package', 'merge_install': False, 'path': '/home/sergio/ros2_ws/src/my_package', 'symlink_install': False, 'test_result_base': None}
[0.222s] INFO:colcon.colcon_core.executor:Executing jobs using 'parallel' executor
[0.223s] DEBUG:colcon.colcon_parallel_executor.executor.parallel:run_until_complete
[0.223s] INFO:colcon.colcon_ros.task.ament_python.build:Building ROS package in '/home/sergio/ros2_ws/src/ejemplo_uno' with build type 'ament_python'
[0.223s] Level 1:colcon.colcon_core.shell:create_environment_hook('ejemplo_uno', 'ament_prefix_path')
[0.224s] INFO:colcon.colcon_core.plugin_system:Skipping extension 'colcon_core.shell.bat': Not used on non-Windows systems
[0.225s] INFO:colcon.colcon_core.shell:Creating environment hook '/home/sergio/ros2_ws/install/ejemplo_uno/share/ejemplo_uno/hook/ament_prefix_path.ps1'
[0.225s] INFO:colcon.colcon_core.shell:Creating environment descriptor '/home/sergio/ros2_ws/install/ejemplo_uno/share/ejemplo_uno/hook/ament_prefix_path.dsv'
[0.225s] INFO:colcon.colcon_core.shell:Creating environment hook '/home/sergio/ros2_ws/install/ejemplo_uno/share/ejemplo_uno/hook/ament_prefix_path.sh'
[0.226s] INFO:colcon.colcon_core.shell:Skip shell extension 'powershell' for command environment: Not usable outside of PowerShell
[0.226s] DEBUG:colcon.colcon_core.shell:Skip shell extension 'dsv' for command environment
[0.228s] INFO:colcon.colcon_ros.task.ament_python.build:Building ROS package in '/home/sergio/ros2_ws/src/ejercicio_dos' with build type 'ament_python'
[0.228s] Level 1:colcon.colcon_core.shell:create_environment_hook('ejercicio_dos', 'ament_prefix_path')
[0.228s] INFO:colcon.colcon_core.shell:Creating environment hook '/home/sergio/ros2_ws/install/ejercicio_dos/share/ejercicio_dos/hook/ament_prefix_path.ps1'
[0.229s] INFO:colcon.colcon_core.shell:Creating environment descriptor '/home/sergio/ros2_ws/install/ejercicio_dos/share/ejercicio_dos/hook/ament_prefix_path.dsv'
[0.229s] INFO:colcon.colcon_core.shell:Creating environment hook '/home/sergio/ros2_ws/install/ejercicio_dos/share/ejercicio_dos/hook/ament_prefix_path.sh'
[0.229s] INFO:colcon.colcon_core.shell:Skip shell extension 'powershell' for command environment: Not usable outside of PowerShell
[0.229s] DEBUG:colcon.colcon_core.shell:Skip shell extension 'dsv' for command environment
[0.231s] INFO:colcon.colcon_ros.task.ament_python.build:Building ROS package in '/home/sergio/ros2_ws/src/ejercicio_tres_client' with build type 'ament_python'
[0.231s] Level 1:colcon.colcon_core.shell:create_environment_hook('ejercicio_tres_client', 'ament_prefix_path')
[0.232s] INFO:colcon.colcon_core.shell:Creating environment hook '/home/sergio/ros2_ws/install/ejercicio_tres_client/share/ejercicio_tres_client/hook/ament_prefix_path.ps1'
[0.232s] INFO:colcon.colcon_core.shell:Creating environment descriptor '/home/sergio/ros2_ws/install/ejercicio_tres_client/share/ejercicio_tres_client/hook/ament_prefix_path.dsv'
[0.233s] INFO:colcon.colcon_core.shell:Creating environment hook '/home/sergio/ros2_ws/install/ejercicio_tres_client/share/ejercicio_tres_client/hook/ament_prefix_path.sh'
[0.233s] INFO:colcon.colcon_core.shell:Skip shell extension 'powershell' for command environment: Not usable outside of PowerShell
[0.233s] DEBUG:colcon.colcon_core.shell:Skip shell extension 'dsv' for command environment
[0.237s] INFO:colcon.colcon_ros.task.ament_cmake.build:Building ROS package in '/home/sergio/ros2_ws/src/ejercicio_tres_interface' with build type 'ament_cmake'
[0.237s] INFO:colcon.colcon_cmake.task.cmake.build:Building CMake package in '/home/sergio/ros2_ws/src/ejercicio_tres_interface'
[0.237s] INFO:colcon.colcon_core.shell:Skip shell extension 'powershell' for command environment: Not usable outside of PowerShell
[0.237s] DEBUG:colcon.colcon_core.shell:Skip shell extension 'dsv' for command environment
[0.240s] INFO:colcon.colcon_ros.task.ament_python.build:Building ROS package in '/home/sergio/ros2_ws/src/ejercicio_tres_server' with build type 'ament_python'
[0.240s] Level 1:colcon.colcon_core.shell:create_environment_hook('ejercicio_tres_server', 'ament_prefix_path')
[0.240s] INFO:colcon.colcon_core.shell:Creating environment hook '/home/sergio/ros2_ws/install/ejercicio_tres_server/share/ejercicio_tres_server/hook/ament_prefix_path.ps1'
[0.241s] INFO:colcon.colcon_core.shell:Creating environment descriptor '/home/sergio/ros2_ws/install/ejercicio_tres_server/share/ejercicio_tres_server/hook/ament_prefix_path.dsv'
[0.241s] INFO:colcon.colcon_core.shell:Creating environment hook '/home/sergio/ros2_ws/install/ejercicio_tres_server/share/ejercicio_tres_server/hook/ament_prefix_path.sh'
[0.241s] INFO:colcon.colcon_core.shell:Skip shell extension 'powershell' for command environment: Not usable outside of PowerShell
[0.241s] DEBUG:colcon.colcon_core.shell:Skip shell extension 'dsv' for command environment
[0.244s] INFO:colcon.colcon_ros.task.ament_cmake.build:Building ROS package in '/home/sergio/ros2_ws/src/mma_interfaces' with build type 'ament_cmake'
[0.244s] INFO:colcon.colcon_cmake.task.cmake.build:Building CMake package in '/home/sergio/ros2_ws/src/mma_interfaces'
[0.244s] INFO:colcon.colcon_core.shell:Skip shell extension 'powershell' for command environment: Not usable outside of PowerShell
[0.244s] DEBUG:colcon.colcon_core.shell:Skip shell extension 'dsv' for command environment
[0.246s] INFO:colcon.colcon_ros.task.ament_python.build:Building ROS package in '/home/sergio/ros2_ws/src/mma_listener' with build type 'ament_python'
[0.246s] Level 1:colcon.colcon_core.shell:create_environment_hook('mma_listener', 'ament_prefix_path')
[0.246s] INFO:colcon.colcon_core.shell:Creating environment hook '/home/sergio/ros2_ws/install/mma_listener/share/mma_listener/hook/ament_prefix_path.ps1'
[0.247s] INFO:colcon.colcon_core.shell:Creating environment descriptor '/home/sergio/ros2_ws/install/mma_listener/share/mma_listener/hook/ament_prefix_path.dsv'
[0.247s] INFO:colcon.colcon_core.shell:Creating environment hook '/home/sergio/ros2_ws/install/mma_listener/share/mma_listener/hook/ament_prefix_path.sh'
[0.248s] INFO:colcon.colcon_core.shell:Skip shell extension 'powershell' for command environment: Not usable outside of PowerShell
[0.248s] DEBUG:colcon.colcon_core.shell:Skip shell extension 'dsv' for command environment
[0.251s] INFO:colcon.colcon_ros.task.ament_python.build:Building ROS package in '/home/sergio/ros2_ws/src/mma_service' with build type 'ament_python'
[0.251s] Level 1:colcon.colcon_core.shell:create_environment_hook('mma_service', 'ament_prefix_path')
[0.251s] INFO:colcon.colcon_core.shell:Creating environment hook '/home/sergio/ros2_ws/install/mma_service/share/mma_service/hook/ament_prefix_path.ps1'
[0.252s] INFO:colcon.colcon_core.shell:Creating environment descriptor '/home/sergio/ros2_ws/install/mma_service/share/mma_service/hook/ament_prefix_path.dsv'
[0.252s] INFO:colcon.colcon_core.shell:Creating environment hook '/home/sergio/ros2_ws/install/mma_service/share/mma_service/hook/ament_prefix_path.sh'
[0.252s] INFO:colcon.colcon_core.shell:Skip shell extension 'powershell' for command environment: Not usable outside of PowerShell
[0.252s] DEBUG:colcon.colcon_core.shell:Skip shell extension 'dsv' for command environment
[0.254s] INFO:colcon.colcon_ros.task.ament_python.build:Building ROS package in '/home/sergio/ros2_ws/src/mma_talker' with build type 'ament_python'
[0.254s] Level 1:colcon.colcon_core.shell:create_environment_hook('mma_talker', 'ament_prefix_path')
[0.255s] INFO:colcon.colcon_core.shell:Creating environment hook '/home/sergio/ros2_ws/install/mma_talker/share/mma_talker/hook/ament_prefix_path.ps1'
[0.255s] INFO:colcon.colcon_core.shell:Creating environment descriptor '/home/sergio/ros2_ws/install/mma_talker/share/mma_talker/hook/ament_prefix_path.dsv'
[0.255s] INFO:colcon.colcon_core.shell:Creating environment hook '/home/sergio/ros2_ws/install/mma_talker/share/mma_talker/hook/ament_prefix_path.sh'
[0.255s] INFO:colcon.colcon_core.shell:Skip shell extension 'powershell' for command environment: Not usable outside of PowerShell
[0.256s] DEBUG:colcon.colcon_core.shell:Skip shell extension 'dsv' for command environment
[0.258s] INFO:colcon.colcon_ros.task.ament_python.build:Building ROS package in '/home/sergio/ros2_ws/src/my_package' with build type 'ament_python'
[0.258s] Level 1:colcon.colcon_core.shell:create_environment_hook('my_package', 'ament_prefix_path')
[0.258s] INFO:colcon.colcon_core.shell:Creating environment hook '/home/sergio/ros2_ws/install/my_package/share/my_package/hook/ament_prefix_path.ps1'
[0.259s] INFO:colcon.colcon_core.shell:Creating environment descriptor '/home/sergio/ros2_ws/install/my_package/share/my_package/hook/ament_prefix_path.dsv'
[0.259s] INFO:colcon.colcon_core.shell:Creating environment hook '/home/sergio/ros2_ws/install/my_package/share/my_package/hook/ament_prefix_path.sh'
[0.259s] INFO:colcon.colcon_core.shell:Skip shell extension 'powershell' for command environment: Not usable outside of PowerShell
[0.259s] DEBUG:colcon.colcon_core.shell:Skip shell extension 'dsv' for command environment
[0.429s] INFO:colcon.colcon_core.task.python.build:Building Python package in '/home/sergio/ros2_ws/src/ejemplo_uno'
[0.429s] INFO:colcon.colcon_core.shell:Skip shell extension 'powershell' for command environment: Not usable outside of PowerShell
[0.429s] DEBUG:colcon.colcon_core.shell:Skip shell extension 'dsv' for command environment
[0.591s] INFO:colcon.colcon_core.task.python.build:Building Python package in '/home/sergio/ros2_ws/src/ejercicio_dos'
[0.591s] INFO:colcon.colcon_core.shell:Skip shell extension 'powershell' for command environment: Not usable outside of PowerShell
[0.591s] DEBUG:colcon.colcon_core.shell:Skip shell extension 'dsv' for command environment
[0.754s] INFO:colcon.colcon_core.task.python.build:Building Python package in '/home/sergio/ros2_ws/src/ejercicio_tres_client'
[0.754s] INFO:colcon.colcon_core.shell:Skip shell extension 'powershell' for command environment: Not usable outside of PowerShell
[0.754s] DEBUG:colcon.colcon_core.shell:Skip shell extension 'dsv' for command environment
[0.759s] DEBUG:colcon.colcon_core.event_handler.log_command:Invoking command in '/home/sergio/ros2_ws/build/ejercicio_tres_interface': CMAKE_PREFIX_PATH=${CMAKE_PREFIX_PATH}:/home/sergio/ros2_ws/install/ejercicio_tres_client:/home/sergio/ros2_ws/install/ejercicio_dos:/home/sergio/ros2_ws/install/ejemplo_uno:/home/sergio/ros2_ws/install/my_package:/home/sergio/ros2_ws/install/mma_talker:/home/sergio/ros2_ws/install/mma_service:/home/sergio/ros2_ws/install/mma_listener:/opt/ros/humble /usr/bin/cmake --build /home/sergio/ros2_ws/build/ejercicio_tres_interface -- -j16 -l16
[0.938s] INFO:colcon.colcon_core.task.python.build:Building Python package in '/home/sergio/ros2_ws/src/ejercicio_tres_server'
[0.939s] INFO:colcon.colcon_core.shell:Skip shell extension 'powershell' for command environment: Not usable outside of PowerShell
[0.939s] DEBUG:colcon.colcon_core.shell:Skip shell extension 'dsv' for command environment
[0.945s] DEBUG:colcon.colcon_core.event_handler.log_command:Invoking command in '/home/sergio/ros2_ws/build/mma_interfaces': CMAKE_PREFIX_PATH=${CMAKE_PREFIX_PATH}:/home/sergio/ros2_ws/install/ejercicio_tres_client:/home/sergio/ros2_ws/install/ejercicio_dos:/home/sergio/ros2_ws/install/ejemplo_uno:/home/sergio/ros2_ws/install/my_package:/home/sergio/ros2_ws/install/mma_talker:/home/sergio/ros2_ws/install/mma_service:/home/sergio/ros2_ws/install/mma_listener:/opt/ros/humble /usr/bin/cmake --build /home/sergio/ros2_ws/build/mma_interfaces -- -j16 -l16
[1.129s] INFO:colcon.colcon_core.task.python.build:Building Python package in '/home/sergio/ros2_ws/src/mma_listener'
[1.129s] INFO:colcon.colcon_core.shell:Skip shell extension 'powershell' for command environment: Not usable outside of PowerShell
[1.129s] DEBUG:colcon.colcon_core.shell:Skip shell extension 'dsv' for command environment
[1.301s] INFO:colcon.colcon_core.task.python.build:Building Python package in '/home/sergio/ros2_ws/src/mma_service'
[1.302s] INFO:colcon.colcon_core.shell:Skip shell extension 'powershell' for command environment: Not usable outside of PowerShell
[1.302s] DEBUG:colcon.colcon_core.shell:Skip shell extension 'dsv' for command environment
[1.474s] INFO:colcon.colcon_core.task.python.build:Building Python package in '/home/sergio/ros2_ws/src/mma_talker'
[1.474s] INFO:colcon.colcon_core.shell:Skip shell extension 'powershell' for command environment: Not usable outside of PowerShell
[1.474s] DEBUG:colcon.colcon_core.shell:Skip shell extension 'dsv' for command environment
[1.654s] INFO:colcon.colcon_core.task.python.build:Building Python package in '/home/sergio/ros2_ws/src/my_package'
[1.654s] INFO:colcon.colcon_core.shell:Skip shell extension 'powershell' for command environment: Not usable outside of PowerShell
[1.654s] DEBUG:colcon.colcon_core.shell:Skip shell extension 'dsv' for command environment
[1.658s] DEBUG:colcon.colcon_core.event_handler.log_command:Invoked command in '/home/sergio/ros2_ws/build/mma_interfaces' returned '0': CMAKE_PREFIX_PATH=${CMAKE_PREFIX_PATH}:/home/sergio/ros2_ws/install/ejercicio_tres_client:/home/sergio/ros2_ws/install/ejercicio_dos:/home/sergio/ros2_ws/install/ejemplo_uno:/home/sergio/ros2_ws/install/my_package:/home/sergio/ros2_ws/install/mma_talker:/home/sergio/ros2_ws/install/mma_service:/home/sergio/ros2_ws/install/mma_listener:/opt/ros/humble /usr/bin/cmake --build /home/sergio/ros2_ws/build/mma_interfaces -- -j16 -l16
[1.664s] DEBUG:colcon.colcon_core.event_handler.log_command:Invoking command in '/home/sergio/ros2_ws/build/mma_interfaces': CMAKE_PREFIX_PATH=${CMAKE_PREFIX_PATH}:/home/sergio/ros2_ws/install/ejercicio_tres_client:/home/sergio/ros2_ws/install/ejercicio_dos:/home/sergio/ros2_ws/install/ejemplo_uno:/home/sergio/ros2_ws/install/my_package:/home/sergio/ros2_ws/install/mma_talker:/home/sergio/ros2_ws/install/mma_service:/home/sergio/ros2_ws/install/mma_listener:/opt/ros/humble /usr/bin/cmake --install /home/sergio/ros2_ws/build/mma_interfaces
[1.665s] DEBUG:colcon.colcon_core.event_handler.log_command:Invoked command in '/home/sergio/ros2_ws/build/ejercicio_tres_interface' returned '0': CMAKE_PREFIX_PATH=${CMAKE_PREFIX_PATH}:/home/sergio/ros2_ws/install/ejercicio_tres_client:/home/sergio/ros2_ws/install/ejercicio_dos:/home/sergio/ros2_ws/install/ejemplo_uno:/home/sergio/ros2_ws/install/my_package:/home/sergio/ros2_ws/install/mma_talker:/home/sergio/ros2_ws/install/mma_service:/home/sergio/ros2_ws/install/mma_listener:/opt/ros/humble /usr/bin/cmake --build /home/sergio/ros2_ws/build/ejercicio_tres_interface -- -j16 -l16
[1.666s] DEBUG:colcon.colcon_core.event_handler.log_command:Invoking command in '/home/sergio/ros2_ws/build/ejercicio_tres_interface': CMAKE_PREFIX_PATH=${CMAKE_PREFIX_PATH}:/home/sergio/ros2_ws/install/ejercicio_tres_client:/home/sergio/ros2_ws/install/ejercicio_dos:/home/sergio/ros2_ws/install/ejemplo_uno:/home/sergio/ros2_ws/install/my_package:/home/sergio/ros2_ws/install/mma_talker:/home/sergio/ros2_ws/install/mma_service:/home/sergio/ros2_ws/install/mma_listener:/opt/ros/humble /usr/bin/cmake --install /home/sergio/ros2_ws/build/ejercicio_tres_interface
[1.746s] Level 1:colcon.colcon_core.environment:create_environment_scripts_only(mma_interfaces)
[1.754s] DEBUG:colcon.colcon_core.event_handler.log_command:Invoked command in '/home/sergio/ros2_ws/build/mma_interfaces' returned '0': CMAKE_PREFIX_PATH=${CMAKE_PREFIX_PATH}:/home/sergio/ros2_ws/install/ejercicio_tres_client:/home/sergio/ros2_ws/install/ejercicio_dos:/home/sergio/ros2_ws/install/ejemplo_uno:/home/sergio/ros2_ws/install/my_package:/home/sergio/ros2_ws/install/mma_talker:/home/sergio/ros2_ws/install/mma_service:/home/sergio/ros2_ws/install/mma_listener:/opt/ros/humble /usr/bin/cmake --install /home/sergio/ros2_ws/build/mma_interfaces
[1.760s] Level 1:colcon.colcon_core.environment:checking '/home/sergio/ros2_ws/install/mma_interfaces' for CMake module files
[1.761s] Level 1:colcon.colcon_core.environment:checking '/home/sergio/ros2_ws/install/mma_interfaces' for CMake config files
[1.761s] Level 1:colcon.colcon_core.shell:create_environment_hook('mma_interfaces', 'cmake_prefix_path')
[1.763s] INFO:colcon.colcon_core.shell:Creating environment hook '/home/sergio/ros2_ws/install/mma_interfaces/share/mma_interfaces/hook/cmake_prefix_path.ps1'
[1.764s] INFO:colcon.colcon_core.shell:Creating environment descriptor '/home/sergio/ros2_ws/install/mma_interfaces/share/mma_interfaces/hook/cmake_prefix_path.dsv'
[1.765s] INFO:colcon.colcon_core.shell:Creating environment hook '/home/sergio/ros2_ws/install/mma_interfaces/share/mma_interfaces/hook/cmake_prefix_path.sh'
[1.765s] Level 1:colcon.colcon_core.environment:checking '/home/sergio/ros2_ws/install/mma_interfaces/lib'
[1.766s] Level 1:colcon.colcon_core.shell:create_environment_hook('mma_interfaces', 'ld_library_path_lib')
[1.766s] INFO:colcon.colcon_core.shell:Creating environment hook '/home/sergio/ros2_ws/install/mma_interfaces/share/mma_interfaces/hook/ld_library_path_lib.ps1'
[1.767s] INFO:colcon.colcon_core.shell:Creating environment descriptor '/home/sergio/ros2_ws/install/mma_interfaces/share/mma_interfaces/hook/ld_library_path_lib.dsv'
[1.767s] INFO:colcon.colcon_core.shell:Creating environment hook '/home/sergio/ros2_ws/install/mma_interfaces/share/mma_interfaces/hook/ld_library_path_lib.sh'
[1.768s] Level 1:colcon.colcon_core.environment:checking '/home/sergio/ros2_ws/install/mma_interfaces/bin'
[1.768s] Level 1:colcon.colcon_core.environment:checking '/home/sergio/ros2_ws/install/mma_interfaces/lib/pkgconfig/mma_interfaces.pc'
[1.768s] Level 1:colcon.colcon_core.environment:checking '/home/sergio/ros2_ws/install/mma_interfaces/lib/python3.10/site-packages'
[1.768s] Level 1:colcon.colcon_core.environment:checking '/home/sergio/ros2_ws/install/mma_interfaces/bin'
[1.769s] INFO:colcon.colcon_core.shell:Creating package script '/home/sergio/ros2_ws/install/mma_interfaces/share/mma_interfaces/package.ps1'
[1.771s] INFO:colcon.colcon_core.shell:Creating package descriptor '/home/sergio/ros2_ws/install/mma_interfaces/share/mma_interfaces/package.dsv'
[1.771s] INFO:colcon.colcon_core.shell:Creating package script '/home/sergio/ros2_ws/install/mma_interfaces/share/mma_interfaces/package.sh'
[1.772s] INFO:colcon.colcon_core.shell:Creating package script '/home/sergio/ros2_ws/install/mma_interfaces/share/mma_interfaces/package.bash'
[1.774s] INFO:colcon.colcon_core.shell:Creating package script '/home/sergio/ros2_ws/install/mma_interfaces/share/mma_interfaces/package.zsh'
[1.775s] Level 1:colcon.colcon_core.environment:create_file_with_runtime_dependencies(/home/sergio/ros2_ws/install/mma_interfaces/share/colcon-core/packages/mma_interfaces)
[1.776s] Level 1:colcon.colcon_core.environment:create_environment_scripts_only(mma_interfaces)
[1.777s] Level 1:colcon.colcon_core.environment:checking '/home/sergio/ros2_ws/install/mma_interfaces' for CMake module files
[1.778s] Level 1:colcon.colcon_core.environment:checking '/home/sergio/ros2_ws/install/mma_interfaces' for CMake config files
[1.779s] Level 1:colcon.colcon_core.shell:create_environment_hook('mma_interfaces', 'cmake_prefix_path')
[1.779s] INFO:colcon.colcon_core.shell:Creating environment hook '/home/sergio/ros2_ws/install/mma_interfaces/share/mma_interfaces/hook/cmake_prefix_path.ps1'
[1.780s] INFO:colcon.colcon_core.shell:Creating environment descriptor '/home/sergio/ros2_ws/install/mma_interfaces/share/mma_interfaces/hook/cmake_prefix_path.dsv'
[1.780s] INFO:colcon.colcon_core.shell:Creating environment hook '/home/sergio/ros2_ws/install/mma_interfaces/share/mma_interfaces/hook/cmake_prefix_path.sh'
[1.781s] Level 1:colcon.colcon_core.environment:checking '/home/sergio/ros2_ws/install/mma_interfaces/lib'
[1.781s] Level 1:colcon.colcon_core.shell:create_environment_hook('mma_interfaces', 'ld_library_path_lib')
[1.781s] INFO:colcon.colcon_core.shell:Creating environment hook '/home/sergio/ros2_ws/install/mma_interfaces/share/mma_interfaces/hook/ld_library_path_lib.ps1'
[1.782s] INFO:colcon.colcon_core.shell:Creating environment descriptor '/home/sergio/ros2_ws/install/mma_interfaces/share/mma_interfaces/hook/ld_library_path_lib.dsv'
[1.783s] INFO:colcon.colcon_core.shell:Creating environment hook '/home/sergio/ros2_ws/install/mma_interfaces/share/mma_interfaces/hook/ld_library_path_lib.sh'
[1.783s] Level 1:colcon.colcon_core.environment:checking '/home/sergio/ros2_ws/install/mma_interfaces/bin'
[1.783s] Level 1:colcon.colcon_core.environment:checking '/home/sergio/ros2_ws/install/mma_interfaces/lib/pkgconfig/mma_interfaces.pc'
[1.783s] Level 1:colcon.colcon_core.environment:checking '/home/sergio/ros2_ws/install/mma_interfaces/lib/python3.10/site-packages'
[1.784s] Level 1:colcon.colcon_core.environment:checking '/home/sergio/ros2_ws/install/mma_interfaces/bin'
[1.784s] INFO:colcon.colcon_core.shell:Creating package script '/home/sergio/ros2_ws/install/mma_interfaces/share/mma_interfaces/package.ps1'
[1.785s] INFO:colcon.colcon_core.shell:Creating package descriptor '/home/sergio/ros2_ws/install/mma_interfaces/share/mma_interfaces/package.dsv'
[1.786s] INFO:colcon.colcon_core.shell:Creating package script '/home/sergio/ros2_ws/install/mma_interfaces/share/mma_interfaces/package.sh'
[1.786s] INFO:colcon.colcon_core.shell:Creating package script '/home/sergio/ros2_ws/install/mma_interfaces/share/mma_interfaces/package.bash'
[1.787s] INFO:colcon.colcon_core.shell:Creating package script '/home/sergio/ros2_ws/install/mma_interfaces/share/mma_interfaces/package.zsh'
[1.787s] Level 1:colcon.colcon_core.environment:create_file_with_runtime_dependencies(/home/sergio/ros2_ws/install/mma_interfaces/share/colcon-core/packages/mma_interfaces)
[1.788s] Level 1:colcon.colcon_core.environment:create_environment_scripts_only(ejercicio_tres_interface)
[1.789s] Level 1:colcon.colcon_core.environment:checking '/home/sergio/ros2_ws/install/ejercicio_tres_interface' for CMake module files
[1.790s] DEBUG:colcon.colcon_core.event_handler.log_command:Invoked command in '/home/sergio/ros2_ws/build/ejercicio_tres_interface' returned '0': CMAKE_PREFIX_PATH=${CMAKE_PREFIX_PATH}:/home/sergio/ros2_ws/install/ejercicio_tres_client:/home/sergio/ros2_ws/install/ejercicio_dos:/home/sergio/ros2_ws/install/ejemplo_uno:/home/sergio/ros2_ws/install/my_package:/home/sergio/ros2_ws/install/mma_talker:/home/sergio/ros2_ws/install/mma_service:/home/sergio/ros2_ws/install/mma_listener:/opt/ros/humble /usr/bin/cmake --install /home/sergio/ros2_ws/build/ejercicio_tres_interface
[1.791s] Level 1:colcon.colcon_core.environment:checking '/home/sergio/ros2_ws/install/ejercicio_tres_interface' for CMake config files
[1.791s] Level 1:colcon.colcon_core.shell:create_environment_hook('ejercicio_tres_interface', 'cmake_prefix_path')
[1.791s] INFO:colcon.colcon_core.shell:Creating environment hook '/home/sergio/ros2_ws/install/ejercicio_tres_interface/share/ejercicio_tres_interface/hook/cmake_prefix_path.ps1'
[1.792s] INFO:colcon.colcon_core.shell:Creating environment descriptor '/home/sergio/ros2_ws/install/ejercicio_tres_interface/share/ejercicio_tres_interface/hook/cmake_prefix_path.dsv'
[1.792s] INFO:colcon.colcon_core.shell:Creating environment hook '/home/sergio/ros2_ws/install/ejercicio_tres_interface/share/ejercicio_tres_interface/hook/cmake_prefix_path.sh'
[1.792s] Level 1:colcon.colcon_core.environment:checking '/home/sergio/ros2_ws/install/ejercicio_tres_interface/lib'
[1.793s] Level 1:colcon.colcon_core.shell:create_environment_hook('ejercicio_tres_interface', 'ld_library_path_lib')
[1.793s] INFO:colcon.colcon_core.shell:Creating environment hook '/home/sergio/ros2_ws/install/ejercicio_tres_interface/share/ejercicio_tres_interface/hook/ld_library_path_lib.ps1'
[1.794s] INFO:colcon.colcon_core.shell:Creating environment descriptor '/home/sergio/ros2_ws/install/ejercicio_tres_interface/share/ejercicio_tres_interface/hook/ld_library_path_lib.dsv'
[1.795s] INFO:colcon.colcon_core.shell:Creating environment hook '/home/sergio/ros2_ws/install/ejercicio_tres_interface/share/ejercicio_tres_interface/hook/ld_library_path_lib.sh'
[1.795s] Level 1:colcon.colcon_core.environment:checking '/home/sergio/ros2_ws/install/ejercicio_tres_interface/bin'
[1.795s] Level 1:colcon.colcon_core.environment:checking '/home/sergio/ros2_ws/install/ejercicio_tres_interface/lib/pkgconfig/ejercicio_tres_interface.pc'
[1.795s] Level 1:colcon.colcon_core.environment:checking '/home/sergio/ros2_ws/install/ejercicio_tres_interface/lib/python3.10/site-packages'
[1.795s] Level 1:colcon.colcon_core.environment:checking '/home/sergio/ros2_ws/install/ejercicio_tres_interface/bin'
[1.795s] INFO:colcon.colcon_core.shell:Creating package script '/home/sergio/ros2_ws/install/ejercicio_tres_interface/share/ejercicio_tres_interface/package.ps1'
[1.796s] INFO:colcon.colcon_core.shell:Creating package descriptor '/home/sergio/ros2_ws/install/ejercicio_tres_interface/share/ejercicio_tres_interface/package.dsv'
[1.796s] INFO:colcon.colcon_core.shell:Creating package script '/home/sergio/ros2_ws/install/ejercicio_tres_interface/share/ejercicio_tres_interface/package.sh'
[1.796s] INFO:colcon.colcon_core.shell:Creating package script '/home/sergio/ros2_ws/install/ejercicio_tres_interface/share/ejercicio_tres_interface/package.bash'
[1.797s] INFO:colcon.colcon_core.shell:Creating package script '/home/sergio/ros2_ws/install/ejercicio_tres_interface/share/ejercicio_tres_interface/package.zsh'
[1.798s] Level 1:colcon.colcon_core.environment:create_file_with_runtime_dependencies(/home/sergio/ros2_ws/install/ejercicio_tres_interface/share/colcon-core/packages/ejercicio_tres_interface)
[1.799s] Level 1:colcon.colcon_core.environment:create_environment_scripts_only(ejercicio_tres_interface)
[1.799s] Level 1:colcon.colcon_core.environment:checking '/home/sergio/ros2_ws/install/ejercicio_tres_interface' for CMake module files
[1.799s] Level 1:colcon.colcon_core.environment:checking '/home/sergio/ros2_ws/install/ejercicio_tres_interface' for CMake config files
[1.800s] Level 1:colcon.colcon_core.shell:create_environment_hook('ejercicio_tres_interface', 'cmake_prefix_path')
[1.800s] INFO:colcon.colcon_core.shell:Creating environment hook '/home/sergio/ros2_ws/install/ejercicio_tres_interface/share/ejercicio_tres_interface/hook/cmake_prefix_path.ps1'
[1.800s] INFO:colcon.colcon_core.shell:Creating environment descriptor '/home/sergio/ros2_ws/install/ejercicio_tres_interface/share/ejercicio_tres_interface/hook/cmake_prefix_path.dsv'
[1.800s] INFO:colcon.colcon_core.shell:Creating environment hook '/home/sergio/ros2_ws/install/ejercicio_tres_interface/share/ejercicio_tres_interface/hook/cmake_prefix_path.sh'
[1.802s] Level 1:colcon.colcon_core.environment:checking '/home/sergio/ros2_ws/install/ejercicio_tres_interface/lib'
[1.802s] Level 1:colcon.colcon_core.shell:create_environment_hook('ejercicio_tres_interface', 'ld_library_path_lib')
[1.802s] INFO:colcon.colcon_core.shell:Creating environment hook '/home/sergio/ros2_ws/install/ejercicio_tres_interface/share/ejercicio_tres_interface/hook/ld_library_path_lib.ps1'
[1.802s] INFO:colcon.colcon_core.shell:Creating environment descriptor '/home/sergio/ros2_ws/install/ejercicio_tres_interface/share/ejercicio_tres_interface/hook/ld_library_path_lib.dsv'
[1.803s] INFO:colcon.colcon_core.shell:Creating environment hook '/home/sergio/ros2_ws/install/ejercicio_tres_interface/share/ejercicio_tres_interface/hook/ld_library_path_lib.sh'
[1.803s] Level 1:colcon.colcon_core.environment:checking '/home/sergio/ros2_ws/install/ejercicio_tres_interface/bin'
[1.803s] Level 1:colcon.colcon_core.environment:checking '/home/sergio/ros2_ws/install/ejercicio_tres_interface/lib/pkgconfig/ejercicio_tres_interface.pc'
[1.803s] Level 1:colcon.colcon_core.environment:checking '/home/sergio/ros2_ws/install/ejercicio_tres_interface/lib/python3.10/site-packages'
[1.804s] Level 1:colcon.colcon_core.environment:checking '/home/sergio/ros2_ws/install/ejercicio_tres_interface/bin'
[1.805s] INFO:colcon.colcon_core.shell:Creating package script '/home/sergio/ros2_ws/install/ejercicio_tres_interface/share/ejercicio_tres_interface/package.ps1'
[1.806s] INFO:colcon.colcon_core.shell:Creating package descriptor '/home/sergio/ros2_ws/install/ejercicio_tres_interface/share/ejercicio_tres_interface/package.dsv'
[1.808s] INFO:colcon.colcon_core.shell:Creating package script '/home/sergio/ros2_ws/install/ejercicio_tres_interface/share/ejercicio_tres_interface/package.sh'
[1.812s] INFO:colcon.colcon_core.shell:Creating package script '/home/sergio/ros2_ws/install/ejercicio_tres_interface/share/ejercicio_tres_interface/package.bash'
[1.813s] INFO:colcon.colcon_core.shell:Creating package script '/home/sergio/ros2_ws/install/ejercicio_tres_interface/share/ejercicio_tres_interface/package.zsh'
[1.815s] Level 1:colcon.colcon_core.environment:create_file_with_runtime_dependencies(/home/sergio/ros2_ws/install/ejercicio_tres_interface/share/colcon-core/packages/ejercicio_tres_interface)
[2.063s] DEBUG:colcon.colcon_core.event_handler.log_command:Invoking command in '/home/sergio/ros2_ws/src/ejercicio_tres_client': PYTHONPATH=/home/sergio/ros2_ws/build/ejercicio_tres_client/prefix_override:/usr/lib/python3/dist-packages/colcon_core/task/python/colcon_distutils_commands:/home/sergio/ros2_ws/install/ejercicio_tres_client/lib/python3.10/site-packages:${PYTHONPATH} /usr/bin/python3 -W ignore:setup.py install is deprecated -W ignore:easy_install command is deprecated setup.py egg_info --egg-base ../../build/ejercicio_tres_client build --build-base /home/sergio/ros2_ws/build/ejercicio_tres_client/build install --record /home/sergio/ros2_ws/build/ejercicio_tres_client/install.log --single-version-externally-managed install_data
[2.064s] DEBUG:colcon.colcon_core.event_handler.log_command:Invoking command in '/home/sergio/ros2_ws/src/ejercicio_tres_server': PYTHONPATH=/home/sergio/ros2_ws/build/ejercicio_tres_server/prefix_override:/usr/lib/python3/dist-packages/colcon_core/task/python/colcon_distutils_commands:/home/sergio/ros2_ws/install/ejercicio_tres_server/lib/python3.10/site-packages:${PYTHONPATH} /usr/bin/python3 -W ignore:setup.py install is deprecated -W ignore:easy_install command is deprecated setup.py egg_info --egg-base ../../build/ejercicio_tres_server build --build-base /home/sergio/ros2_ws/build/ejercicio_tres_server/build install --record /home/sergio/ros2_ws/build/ejercicio_tres_server/install.log --single-version-externally-managed install_data
[2.073s] DEBUG:colcon.colcon_core.event_handler.log_command:Invoking command in '/home/sergio/ros2_ws/src/ejercicio_dos': PYTHONPATH=/home/sergio/ros2_ws/build/ejercicio_dos/prefix_override:/usr/lib/python3/dist-packages/colcon_core/task/python/colcon_distutils_commands:/home/sergio/ros2_ws/install/ejercicio_dos/lib/python3.10/site-packages:${PYTHONPATH} /usr/bin/python3 -W ignore:setup.py install is deprecated -W ignore:easy_install command is deprecated setup.py egg_info --egg-base ../../build/ejercicio_dos build --build-base /home/sergio/ros2_ws/build/ejercicio_dos/build install --record /home/sergio/ros2_ws/build/ejercicio_dos/install.log --single-version-externally-managed install_data
[2.100s] DEBUG:colcon.colcon_core.event_handler.log_command:Invoking command in '/home/sergio/ros2_ws/src/mma_service': PYTHONPATH=/home/sergio/ros2_ws/build/mma_service/prefix_override:/usr/lib/python3/dist-packages/colcon_core/task/python/colcon_distutils_commands:/home/sergio/ros2_ws/install/mma_service/lib/python3.10/site-packages:${PYTHONPATH} /usr/bin/python3 -W ignore:setup.py install is deprecated -W ignore:easy_install command is deprecated setup.py egg_info --egg-base ../../build/mma_service build --build-base /home/sergio/ros2_ws/build/mma_service/build install --record /home/sergio/ros2_ws/build/mma_service/install.log --single-version-externally-managed install_data
[2.176s] DEBUG:colcon.colcon_core.event_handler.log_command:Invoking command in '/home/sergio/ros2_ws/src/my_package': PYTHONPATH=/home/sergio/ros2_ws/build/my_package/prefix_override:/usr/lib/python3/dist-packages/colcon_core/task/python/colcon_distutils_commands:/home/sergio/ros2_ws/install/my_package/lib/python3.10/site-packages:${PYTHONPATH} /usr/bin/python3 -W ignore:setup.py install is deprecated -W ignore:easy_install command is deprecated setup.py egg_info --egg-base ../../build/my_package build --build-base /home/sergio/ros2_ws/build/my_package/build install --record /home/sergio/ros2_ws/build/my_package/install.log --single-version-externally-managed install_data
[2.181s] DEBUG:colcon.colcon_core.event_handler.log_command:Invoking command in '/home/sergio/ros2_ws/src/mma_listener': PYTHONPATH=/home/sergio/ros2_ws/build/mma_listener/prefix_override:/usr/lib/python3/dist-packages/colcon_core/task/python/colcon_distutils_commands:/home/sergio/ros2_ws/install/mma_listener/lib/python3.10/site-packages:${PYTHONPATH} /usr/bin/python3 -W ignore:setup.py install is deprecated -W ignore:easy_install command is deprecated setup.py egg_info --egg-base ../../build/mma_listener build --build-base /home/sergio/ros2_ws/build/mma_listener/build install --record /home/sergio/ros2_ws/build/mma_listener/install.log --single-version-externally-managed install_data
[2.184s] DEBUG:colcon.colcon_core.event_handler.log_command:Invoking command in '/home/sergio/ros2_ws/src/ejemplo_uno': PYTHONPATH=/home/sergio/ros2_ws/build/ejemplo_uno/prefix_override:/usr/lib/python3/dist-packages/colcon_core/task/python/colcon_distutils_commands:/home/sergio/ros2_ws/install/ejemplo_uno/lib/python3.10/site-packages:${PYTHONPATH} /usr/bin/python3 -W ignore:setup.py install is deprecated -W ignore:easy_install command is deprecated setup.py egg_info --egg-base ../../build/ejemplo_uno build --build-base /home/sergio/ros2_ws/build/ejemplo_uno/build install --record /home/sergio/ros2_ws/build/ejemplo_uno/install.log --single-version-externally-managed install_data
[2.186s] DEBUG:colcon.colcon_core.event_handler.log_command:Invoking command in '/home/sergio/ros2_ws/src/mma_talker': PYTHONPATH=/home/sergio/ros2_ws/build/mma_talker/prefix_override:/usr/lib/python3/dist-packages/colcon_core/task/python/colcon_distutils_commands:/home/sergio/ros2_ws/install/mma_talker/lib/python3.10/site-packages:${PYTHONPATH} /usr/bin/python3 -W ignore:setup.py install is deprecated -W ignore:easy_install command is deprecated setup.py egg_info --egg-base ../../build/mma_talker build --build-base /home/sergio/ros2_ws/build/mma_talker/build install --record /home/sergio/ros2_ws/build/mma_talker/install.log --single-version-externally-managed install_data
[2.402s] Level 1:colcon.colcon_core.environment:checking '/home/sergio/ros2_ws/install/ejercicio_tres_server' for CMake module files
[2.402s] DEBUG:colcon.colcon_core.event_handler.log_command:Invoked command in '/home/sergio/ros2_ws/src/ejercicio_tres_server' returned '0': PYTHONPATH=/home/sergio/ros2_ws/build/ejercicio_tres_server/prefix_override:/usr/lib/python3/dist-packages/colcon_core/task/python/colcon_distutils_commands:/home/sergio/ros2_ws/install/ejercicio_tres_server/lib/python3.10/site-packages:${PYTHONPATH} /usr/bin/python3 -W ignore:setup.py install is deprecated -W ignore:easy_install command is deprecated setup.py egg_info --egg-base ../../build/ejercicio_tres_server build --build-base /home/sergio/ros2_ws/build/ejercicio_tres_server/build install --record /home/sergio/ros2_ws/build/ejercicio_tres_server/install.log --single-version-externally-managed install_data
[2.403s] Level 1:colcon.colcon_core.environment:checking '/home/sergio/ros2_ws/install/ejercicio_tres_server' for CMake config files
[2.403s] Level 1:colcon.colcon_core.environment:checking '/home/sergio/ros2_ws/install/ejercicio_tres_server/lib'
[2.404s] Level 1:colcon.colcon_core.environment:checking '/home/sergio/ros2_ws/install/ejercicio_tres_server/bin'
[2.404s] Level 1:colcon.colcon_core.environment:checking '/home/sergio/ros2_ws/install/ejercicio_tres_server/lib/pkgconfig/ejercicio_tres_server.pc'
[2.404s] Level 1:colcon.colcon_core.environment:checking '/home/sergio/ros2_ws/install/ejercicio_tres_server/lib/python3.10/site-packages'
[2.404s] Level 1:colcon.colcon_core.shell:create_environment_hook('ejercicio_tres_server', 'pythonpath')
[2.404s] INFO:colcon.colcon_core.shell:Creating environment hook '/home/sergio/ros2_ws/install/ejercicio_tres_server/share/ejercicio_tres_server/hook/pythonpath.ps1'
[2.405s] INFO:colcon.colcon_core.shell:Creating environment descriptor '/home/sergio/ros2_ws/install/ejercicio_tres_server/share/ejercicio_tres_server/hook/pythonpath.dsv'
[2.405s] INFO:colcon.colcon_core.shell:Creating environment hook '/home/sergio/ros2_ws/install/ejercicio_tres_server/share/ejercicio_tres_server/hook/pythonpath.sh'
[2.406s] Level 1:colcon.colcon_core.environment:checking '/home/sergio/ros2_ws/install/ejercicio_tres_server/bin'
[2.406s] Level 1:colcon.colcon_core.environment:create_environment_scripts_only(ejercicio_tres_server)
[2.406s] INFO:colcon.colcon_core.shell:Creating package script '/home/sergio/ros2_ws/install/ejercicio_tres_server/share/ejercicio_tres_server/package.ps1'
[2.407s] INFO:colcon.colcon_core.shell:Creating package descriptor '/home/sergio/ros2_ws/install/ejercicio_tres_server/share/ejercicio_tres_server/package.dsv'
[2.408s] INFO:colcon.colcon_core.shell:Creating package script '/home/sergio/ros2_ws/install/ejercicio_tres_server/share/ejercicio_tres_server/package.sh'
[2.408s] INFO:colcon.colcon_core.shell:Creating package script '/home/sergio/ros2_ws/install/ejercicio_tres_server/share/ejercicio_tres_server/package.bash'
[2.409s] INFO:colcon.colcon_core.shell:Creating package script '/home/sergio/ros2_ws/install/ejercicio_tres_server/share/ejercicio_tres_server/package.zsh'
[2.409s] Level 1:colcon.colcon_core.environment:create_file_with_runtime_dependencies(/home/sergio/ros2_ws/install/ejercicio_tres_server/share/colcon-core/packages/ejercicio_tres_server)
[2.416s] Level 1:colcon.colcon_core.environment:checking '/home/sergio/ros2_ws/install/ejercicio_dos' for CMake module files
[2.417s] DEBUG:colcon.colcon_core.event_handler.log_command:Invoked command in '/home/sergio/ros2_ws/src/ejercicio_dos' returned '0': PYTHONPATH=/home/sergio/ros2_ws/build/ejercicio_dos/prefix_override:/usr/lib/python3/dist-packages/colcon_core/task/python/colcon_distutils_commands:/home/sergio/ros2_ws/install/ejercicio_dos/lib/python3.10/site-packages:${PYTHONPATH} /usr/bin/python3 -W ignore:setup.py install is deprecated -W ignore:easy_install command is deprecated setup.py egg_info --egg-base ../../build/ejercicio_dos build --build-base /home/sergio/ros2_ws/build/ejercicio_dos/build install --record /home/sergio/ros2_ws/build/ejercicio_dos/install.log --single-version-externally-managed install_data
[2.418s] Level 1:colcon.colcon_core.environment:checking '/home/sergio/ros2_ws/install/ejercicio_dos' for CMake config files
[2.418s] Level 1:colcon.colcon_core.environment:checking '/home/sergio/ros2_ws/install/ejercicio_dos/lib'
[2.418s] Level 1:colcon.colcon_core.environment:checking '/home/sergio/ros2_ws/install/ejercicio_dos/bin'
[2.418s] Level 1:colcon.colcon_core.environment:checking '/home/sergio/ros2_ws/install/ejercicio_dos/lib/pkgconfig/ejercicio_dos.pc'
[2.419s] Level 1:colcon.colcon_core.environment:checking '/home/sergio/ros2_ws/install/ejercicio_dos/lib/python3.10/site-packages'
[2.419s] Level 1:colcon.colcon_core.shell:create_environment_hook('ejercicio_dos', 'pythonpath')
[2.419s] INFO:colcon.colcon_core.shell:Creating environment hook '/home/sergio/ros2_ws/install/ejercicio_dos/share/ejercicio_dos/hook/pythonpath.ps1'
[2.420s] INFO:colcon.colcon_core.shell:Creating environment descriptor '/home/sergio/ros2_ws/install/ejercicio_dos/share/ejercicio_dos/hook/pythonpath.dsv'
[2.420s] INFO:colcon.colcon_core.shell:Creating environment hook '/home/sergio/ros2_ws/install/ejercicio_dos/share/ejercicio_dos/hook/pythonpath.sh'
[2.421s] Level 1:colcon.colcon_core.environment:checking '/home/sergio/ros2_ws/install/ejercicio_dos/bin'
[2.421s] Level 1:colcon.colcon_core.environment:create_environment_scripts_only(ejercicio_dos)
[2.422s] INFO:colcon.colcon_core.shell:Creating package script '/home/sergio/ros2_ws/install/ejercicio_dos/share/ejercicio_dos/package.ps1'
[2.422s] INFO:colcon.colcon_core.shell:Creating package descriptor '/home/sergio/ros2_ws/install/ejercicio_dos/share/ejercicio_dos/package.dsv'
[2.424s] INFO:colcon.colcon_core.shell:Creating package script '/home/sergio/ros2_ws/install/ejercicio_dos/share/ejercicio_dos/package.sh'
[2.424s] INFO:colcon.colcon_core.shell:Creating package script '/home/sergio/ros2_ws/install/ejercicio_dos/share/ejercicio_dos/package.bash'
[2.425s] INFO:colcon.colcon_core.shell:Creating package script '/home/sergio/ros2_ws/install/ejercicio_dos/share/ejercicio_dos/package.zsh'
[2.425s] Level 1:colcon.colcon_core.environment:create_file_with_runtime_dependencies(/home/sergio/ros2_ws/install/ejercicio_dos/share/colcon-core/packages/ejercicio_dos)
[2.438s] Level 1:colcon.colcon_core.environment:checking '/home/sergio/ros2_ws/install/mma_service' for CMake module files
[2.439s] DEBUG:colcon.colcon_core.event_handler.log_command:Invoked command in '/home/sergio/ros2_ws/src/mma_service' returned '0': PYTHONPATH=/home/sergio/ros2_ws/build/mma_service/prefix_override:/usr/lib/python3/dist-packages/colcon_core/task/python/colcon_distutils_commands:/home/sergio/ros2_ws/install/mma_service/lib/python3.10/site-packages:${PYTHONPATH} /usr/bin/python3 -W ignore:setup.py install is deprecated -W ignore:easy_install command is deprecated setup.py egg_info --egg-base ../../build/mma_service build --build-base /home/sergio/ros2_ws/build/mma_service/build install --record /home/sergio/ros2_ws/build/mma_service/install.log --single-version-externally-managed install_data
[2.439s] Level 1:colcon.colcon_core.environment:checking '/home/sergio/ros2_ws/install/mma_service' for CMake config files
[2.440s] Level 1:colcon.colcon_core.environment:checking '/home/sergio/ros2_ws/install/mma_service/lib'
[2.440s] Level 1:colcon.colcon_core.environment:checking '/home/sergio/ros2_ws/install/mma_service/bin'
[2.440s] Level 1:colcon.colcon_core.environment:checking '/home/sergio/ros2_ws/install/mma_service/lib/pkgconfig/mma_service.pc'
[2.441s] Level 1:colcon.colcon_core.environment:checking '/home/sergio/ros2_ws/install/mma_service/lib/python3.10/site-packages'
[2.441s] Level 1:colcon.colcon_core.shell:create_environment_hook('mma_service', 'pythonpath')
[2.441s] INFO:colcon.colcon_core.shell:Creating environment hook '/home/sergio/ros2_ws/install/mma_service/share/mma_service/hook/pythonpath.ps1'
[2.442s] INFO:colcon.colcon_core.shell:Creating environment descriptor '/home/sergio/ros2_ws/install/mma_service/share/mma_service/hook/pythonpath.dsv'
[2.442s] INFO:colcon.colcon_core.shell:Creating environment hook '/home/sergio/ros2_ws/install/mma_service/share/mma_service/hook/pythonpath.sh'
[2.443s] Level 1:colcon.colcon_core.environment:checking '/home/sergio/ros2_ws/install/mma_service/bin'
[2.443s] Level 1:colcon.colcon_core.environment:create_environment_scripts_only(mma_service)
[2.443s] INFO:colcon.colcon_core.shell:Creating package script '/home/sergio/ros2_ws/install/mma_service/share/mma_service/package.ps1'
[2.444s] INFO:colcon.colcon_core.shell:Creating package descriptor '/home/sergio/ros2_ws/install/mma_service/share/mma_service/package.dsv'
[2.444s] INFO:colcon.colcon_core.shell:Creating package script '/home/sergio/ros2_ws/install/mma_service/share/mma_service/package.sh'
[2.445s] INFO:colcon.colcon_core.shell:Creating package script '/home/sergio/ros2_ws/install/mma_service/share/mma_service/package.bash'
[2.445s] INFO:colcon.colcon_core.shell:Creating package script '/home/sergio/ros2_ws/install/mma_service/share/mma_service/package.zsh'
[2.446s] Level 1:colcon.colcon_core.environment:create_file_with_runtime_dependencies(/home/sergio/ros2_ws/install/mma_service/share/colcon-core/packages/mma_service)
[2.455s] Level 1:colcon.colcon_core.environment:checking '/home/sergio/ros2_ws/install/ejercicio_tres_client' for CMake module files
[2.456s] Level 1:colcon.colcon_core.environment:checking '/home/sergio/ros2_ws/install/ejercicio_tres_client' for CMake config files
[2.456s] Level 1:colcon.colcon_core.environment:checking '/home/sergio/ros2_ws/install/ejercicio_tres_client/lib'
[2.456s] Level 1:colcon.colcon_core.environment:checking '/home/sergio/ros2_ws/install/ejercicio_tres_client/bin'
[2.456s] Level 1:colcon.colcon_core.environment:checking '/home/sergio/ros2_ws/install/ejercicio_tres_client/lib/pkgconfig/ejercicio_tres_client.pc'
[2.457s] Level 1:colcon.colcon_core.environment:checking '/home/sergio/ros2_ws/install/ejercicio_tres_client/lib/python3.10/site-packages'
[2.457s] Level 1:colcon.colcon_core.shell:create_environment_hook('ejercicio_tres_client', 'pythonpath')
[2.457s] INFO:colcon.colcon_core.shell:Creating environment hook '/home/sergio/ros2_ws/install/ejercicio_tres_client/share/ejercicio_tres_client/hook/pythonpath.ps1'
[2.458s] DEBUG:colcon.colcon_core.event_handler.log_command:Invoked command in '/home/sergio/ros2_ws/src/ejercicio_tres_client' returned '0': PYTHONPATH=/home/sergio/ros2_ws/build/ejercicio_tres_client/prefix_override:/usr/lib/python3/dist-packages/colcon_core/task/python/colcon_distutils_commands:/home/sergio/ros2_ws/install/ejercicio_tres_client/lib/python3.10/site-packages:${PYTHONPATH} /usr/bin/python3 -W ignore:setup.py install is deprecated -W ignore:easy_install command is deprecated setup.py egg_info --egg-base ../../build/ejercicio_tres_client build --build-base /home/sergio/ros2_ws/build/ejercicio_tres_client/build install --record /home/sergio/ros2_ws/build/ejercicio_tres_client/install.log --single-version-externally-managed install_data
[2.459s] INFO:colcon.colcon_core.shell:Creating environment descriptor '/home/sergio/ros2_ws/install/ejercicio_tres_client/share/ejercicio_tres_client/hook/pythonpath.dsv'
[2.460s] INFO:colcon.colcon_core.shell:Creating environment hook '/home/sergio/ros2_ws/install/ejercicio_tres_client/share/ejercicio_tres_client/hook/pythonpath.sh'
[2.462s] Level 1:colcon.colcon_core.environment:checking '/home/sergio/ros2_ws/install/ejercicio_tres_client/bin'
[2.463s] Level 1:colcon.colcon_core.environment:create_environment_scripts_only(ejercicio_tres_client)
[2.464s] INFO:colcon.colcon_core.shell:Creating package script '/home/sergio/ros2_ws/install/ejercicio_tres_client/share/ejercicio_tres_client/package.ps1'
[2.465s] INFO:colcon.colcon_core.shell:Creating package descriptor '/home/sergio/ros2_ws/install/ejercicio_tres_client/share/ejercicio_tres_client/package.dsv'
[2.466s] INFO:colcon.colcon_core.shell:Creating package script '/home/sergio/ros2_ws/install/ejercicio_tres_client/share/ejercicio_tres_client/package.sh'
[2.467s] INFO:colcon.colcon_core.shell:Creating package script '/home/sergio/ros2_ws/install/ejercicio_tres_client/share/ejercicio_tres_client/package.bash'
[2.467s] INFO:colcon.colcon_core.shell:Creating package script '/home/sergio/ros2_ws/install/ejercicio_tres_client/share/ejercicio_tres_client/package.zsh'
[2.468s] Level 1:colcon.colcon_core.environment:create_file_with_runtime_dependencies(/home/sergio/ros2_ws/install/ejercicio_tres_client/share/colcon-core/packages/ejercicio_tres_client)
[2.522s] Level 1:colcon.colcon_core.environment:checking '/home/sergio/ros2_ws/install/ejemplo_uno' for CMake module files
[2.522s] DEBUG:colcon.colcon_core.event_handler.log_command:Invoked command in '/home/sergio/ros2_ws/src/ejemplo_uno' returned '0': PYTHONPATH=/home/sergio/ros2_ws/build/ejemplo_uno/prefix_override:/usr/lib/python3/dist-packages/colcon_core/task/python/colcon_distutils_commands:/home/sergio/ros2_ws/install/ejemplo_uno/lib/python3.10/site-packages:${PYTHONPATH} /usr/bin/python3 -W ignore:setup.py install is deprecated -W ignore:easy_install command is deprecated setup.py egg_info --egg-base ../../build/ejemplo_uno build --build-base /home/sergio/ros2_ws/build/ejemplo_uno/build install --record /home/sergio/ros2_ws/build/ejemplo_uno/install.log --single-version-externally-managed install_data
[2.523s] Level 1:colcon.colcon_core.environment:checking '/home/sergio/ros2_ws/install/ejemplo_uno' for CMake config files
[2.523s] Level 1:colcon.colcon_core.environment:checking '/home/sergio/ros2_ws/install/ejemplo_uno/lib'
[2.523s] Level 1:colcon.colcon_core.environment:checking '/home/sergio/ros2_ws/install/ejemplo_uno/bin'
[2.523s] Level 1:colcon.colcon_core.environment:checking '/home/sergio/ros2_ws/install/ejemplo_uno/lib/pkgconfig/ejemplo_uno.pc'
[2.523s] Level 1:colcon.colcon_core.environment:checking '/home/sergio/ros2_ws/install/ejemplo_uno/lib/python3.10/site-packages'
[2.523s] Level 1:colcon.colcon_core.shell:create_environment_hook('ejemplo_uno', 'pythonpath')
[2.523s] INFO:colcon.colcon_core.shell:Creating environment hook '/home/sergio/ros2_ws/install/ejemplo_uno/share/ejemplo_uno/hook/pythonpath.ps1'
[2.524s] INFO:colcon.colcon_core.shell:Creating environment descriptor '/home/sergio/ros2_ws/install/ejemplo_uno/share/ejemplo_uno/hook/pythonpath.dsv'
[2.524s] INFO:colcon.colcon_core.shell:Creating environment hook '/home/sergio/ros2_ws/install/ejemplo_uno/share/ejemplo_uno/hook/pythonpath.sh'
[2.524s] Level 1:colcon.colcon_core.environment:checking '/home/sergio/ros2_ws/install/ejemplo_uno/bin'
[2.525s] Level 1:colcon.colcon_core.environment:create_environment_scripts_only(ejemplo_uno)
[2.525s] INFO:colcon.colcon_core.shell:Creating package script '/home/sergio/ros2_ws/install/ejemplo_uno/share/ejemplo_uno/package.ps1'
[2.525s] INFO:colcon.colcon_core.shell:Creating package descriptor '/home/sergio/ros2_ws/install/ejemplo_uno/share/ejemplo_uno/package.dsv'
[2.525s] INFO:colcon.colcon_core.shell:Creating package script '/home/sergio/ros2_ws/install/ejemplo_uno/share/ejemplo_uno/package.sh'
[2.526s] INFO:colcon.colcon_core.shell:Creating package script '/home/sergio/ros2_ws/install/ejemplo_uno/share/ejemplo_uno/package.bash'
[2.526s] INFO:colcon.colcon_core.shell:Creating package script '/home/sergio/ros2_ws/install/ejemplo_uno/share/ejemplo_uno/package.zsh'
[2.526s] Level 1:colcon.colcon_core.environment:create_file_with_runtime_dependencies(/home/sergio/ros2_ws/install/ejemplo_uno/share/colcon-core/packages/ejemplo_uno)
[2.527s] Level 1:colcon.colcon_core.environment:checking '/home/sergio/ros2_ws/install/my_package' for CMake module files
[2.527s] DEBUG:colcon.colcon_core.event_handler.log_command:Invoked command in '/home/sergio/ros2_ws/src/my_package' returned '0': PYTHONPATH=/home/sergio/ros2_ws/build/my_package/prefix_override:/usr/lib/python3/dist-packages/colcon_core/task/python/colcon_distutils_commands:/home/sergio/ros2_ws/install/my_package/lib/python3.10/site-packages:${PYTHONPATH} /usr/bin/python3 -W ignore:setup.py install is deprecated -W ignore:easy_install command is deprecated setup.py egg_info --egg-base ../../build/my_package build --build-base /home/sergio/ros2_ws/build/my_package/build install --record /home/sergio/ros2_ws/build/my_package/install.log --single-version-externally-managed install_data
[2.527s] Level 1:colcon.colcon_core.environment:checking '/home/sergio/ros2_ws/install/my_package' for CMake config files
[2.528s] Level 1:colcon.colcon_core.environment:checking '/home/sergio/ros2_ws/install/my_package/lib'
[2.528s] Level 1:colcon.colcon_core.environment:checking '/home/sergio/ros2_ws/install/my_package/bin'
[2.528s] Level 1:colcon.colcon_core.environment:checking '/home/sergio/ros2_ws/install/my_package/lib/pkgconfig/my_package.pc'
[2.528s] Level 1:colcon.colcon_core.environment:checking '/home/sergio/ros2_ws/install/my_package/lib/python3.10/site-packages'
[2.528s] Level 1:colcon.colcon_core.shell:create_environment_hook('my_package', 'pythonpath')
[2.528s] INFO:colcon.colcon_core.shell:Creating environment hook '/home/sergio/ros2_ws/install/my_package/share/my_package/hook/pythonpath.ps1'
[2.528s] INFO:colcon.colcon_core.shell:Creating environment descriptor '/home/sergio/ros2_ws/install/my_package/share/my_package/hook/pythonpath.dsv'
[2.529s] INFO:colcon.colcon_core.shell:Creating environment hook '/home/sergio/ros2_ws/install/my_package/share/my_package/hook/pythonpath.sh'
[2.529s] Level 1:colcon.colcon_core.environment:checking '/home/sergio/ros2_ws/install/my_package/bin'
[2.529s] Level 1:colcon.colcon_core.environment:create_environment_scripts_only(my_package)
[2.529s] INFO:colcon.colcon_core.shell:Creating package script '/home/sergio/ros2_ws/install/my_package/share/my_package/package.ps1'
[2.530s] INFO:colcon.colcon_core.shell:Creating package descriptor '/home/sergio/ros2_ws/install/my_package/share/my_package/package.dsv'
[2.530s] INFO:colcon.colcon_core.shell:Creating package script '/home/sergio/ros2_ws/install/my_package/share/my_package/package.sh'
[2.530s] INFO:colcon.colcon_core.shell:Creating package script '/home/sergio/ros2_ws/install/my_package/share/my_package/package.bash'
[2.530s] INFO:colcon.colcon_core.shell:Creating package script '/home/sergio/ros2_ws/install/my_package/share/my_package/package.zsh'
[2.530s] Level 1:colcon.colcon_core.environment:create_file_with_runtime_dependencies(/home/sergio/ros2_ws/install/my_package/share/colcon-core/packages/my_package)
[2.531s] Level 1:colcon.colcon_core.environment:checking '/home/sergio/ros2_ws/install/mma_listener' for CMake module files
[2.532s] DEBUG:colcon.colcon_core.event_handler.log_command:Invoked command in '/home/sergio/ros2_ws/src/mma_listener' returned '0': PYTHONPATH=/home/sergio/ros2_ws/build/mma_listener/prefix_override:/usr/lib/python3/dist-packages/colcon_core/task/python/colcon_distutils_commands:/home/sergio/ros2_ws/install/mma_listener/lib/python3.10/site-packages:${PYTHONPATH} /usr/bin/python3 -W ignore:setup.py install is deprecated -W ignore:easy_install command is deprecated setup.py egg_info --egg-base ../../build/mma_listener build --build-base /home/sergio/ros2_ws/build/mma_listener/build install --record /home/sergio/ros2_ws/build/mma_listener/install.log --single-version-externally-managed install_data
[2.532s] Level 1:colcon.colcon_core.environment:checking '/home/sergio/ros2_ws/install/mma_listener' for CMake config files
[2.532s] Level 1:colcon.colcon_core.environment:checking '/home/sergio/ros2_ws/install/mma_listener/lib'
[2.532s] Level 1:colcon.colcon_core.environment:checking '/home/sergio/ros2_ws/install/mma_listener/bin'
[2.532s] Level 1:colcon.colcon_core.environment:checking '/home/sergio/ros2_ws/install/mma_listener/lib/pkgconfig/mma_listener.pc'
[2.532s] Level 1:colcon.colcon_core.environment:checking '/home/sergio/ros2_ws/install/mma_listener/lib/python3.10/site-packages'
[2.533s] Level 1:colcon.colcon_core.shell:create_environment_hook('mma_listener', 'pythonpath')
[2.533s] INFO:colcon.colcon_core.shell:Creating environment hook '/home/sergio/ros2_ws/install/mma_listener/share/mma_listener/hook/pythonpath.ps1'
[2.533s] INFO:colcon.colcon_core.shell:Creating environment descriptor '/home/sergio/ros2_ws/install/mma_listener/share/mma_listener/hook/pythonpath.dsv'
[2.533s] INFO:colcon.colcon_core.shell:Creating environment hook '/home/sergio/ros2_ws/install/mma_listener/share/mma_listener/hook/pythonpath.sh'
[2.533s] Level 1:colcon.colcon_core.environment:checking '/home/sergio/ros2_ws/install/mma_listener/bin'
[2.533s] Level 1:colcon.colcon_core.environment:create_environment_scripts_only(mma_listener)
[2.534s] INFO:colcon.colcon_core.shell:Creating package script '/home/sergio/ros2_ws/install/mma_listener/share/mma_listener/package.ps1'
[2.534s] INFO:colcon.colcon_core.shell:Creating package descriptor '/home/sergio/ros2_ws/install/mma_listener/share/mma_listener/package.dsv'
[2.534s] INFO:colcon.colcon_core.shell:Creating package script '/home/sergio/ros2_ws/install/mma_listener/share/mma_listener/package.sh'
[2.534s] INFO:colcon.colcon_core.shell:Creating package script '/home/sergio/ros2_ws/install/mma_listener/share/mma_listener/package.bash'
[2.535s] INFO:colcon.colcon_core.shell:Creating package script '/home/sergio/ros2_ws/install/mma_listener/share/mma_listener/package.zsh'
[2.535s] Level 1:colcon.colcon_core.environment:create_file_with_runtime_dependencies(/home/sergio/ros2_ws/install/mma_listener/share/colcon-core/packages/mma_listener)
[2.556s] Level 1:colcon.colcon_core.environment:checking '/home/sergio/ros2_ws/install/mma_talker' for CMake module files
[2.556s] DEBUG:colcon.colcon_core.event_handler.log_command:Invoked command in '/home/sergio/ros2_ws/src/mma_talker' returned '0': PYTHONPATH=/home/sergio/ros2_ws/build/mma_talker/prefix_override:/usr/lib/python3/dist-packages/colcon_core/task/python/colcon_distutils_commands:/home/sergio/ros2_ws/install/mma_talker/lib/python3.10/site-packages:${PYTHONPATH} /usr/bin/python3 -W ignore:setup.py install is deprecated -W ignore:easy_install command is deprecated setup.py egg_info --egg-base ../../build/mma_talker build --build-base /home/sergio/ros2_ws/build/mma_talker/build install --record /home/sergio/ros2_ws/build/mma_talker/install.log --single-version-externally-managed install_data
[2.557s] Level 1:colcon.colcon_core.environment:checking '/home/sergio/ros2_ws/install/mma_talker' for CMake config files
[2.557s] Level 1:colcon.colcon_core.environment:checking '/home/sergio/ros2_ws/install/mma_talker/lib'
[2.557s] Level 1:colcon.colcon_core.environment:checking '/home/sergio/ros2_ws/install/mma_talker/bin'
[2.557s] Level 1:colcon.colcon_core.environment:checking '/home/sergio/ros2_ws/install/mma_talker/lib/pkgconfig/mma_talker.pc'
[2.557s] Level 1:colcon.colcon_core.environment:checking '/home/sergio/ros2_ws/install/mma_talker/lib/python3.10/site-packages'
[2.557s] Level 1:colcon.colcon_core.shell:create_environment_hook('mma_talker', 'pythonpath')
[2.558s] INFO:colcon.colcon_core.shell:Creating environment hook '/home/sergio/ros2_ws/install/mma_talker/share/mma_talker/hook/pythonpath.ps1'
[2.558s] INFO:colcon.colcon_core.shell:Creating environment descriptor '/home/sergio/ros2_ws/install/mma_talker/share/mma_talker/hook/pythonpath.dsv'
[2.558s] INFO:colcon.colcon_core.shell:Creating environment hook '/home/sergio/ros2_ws/install/mma_talker/share/mma_talker/hook/pythonpath.sh'
[2.559s] Level 1:colcon.colcon_core.environment:checking '/home/sergio/ros2_ws/install/mma_talker/bin'
[2.559s] Level 1:colcon.colcon_core.environment:create_environment_scripts_only(mma_talker)
[2.559s] INFO:colcon.colcon_core.shell:Creating package script '/home/sergio/ros2_ws/install/mma_talker/share/mma_talker/package.ps1'
[2.559s] INFO:colcon.colcon_core.shell:Creating package descriptor '/home/sergio/ros2_ws/install/mma_talker/share/mma_talker/package.dsv'
[2.560s] INFO:colcon.colcon_core.shell:Creating package script '/home/sergio/ros2_ws/install/mma_talker/share/mma_talker/package.sh'
[2.561s] INFO:colcon.colcon_core.shell:Creating package script '/home/sergio/ros2_ws/install/mma_talker/share/mma_talker/package.bash'
[2.561s] INFO:colcon.colcon_core.shell:Creating package script '/home/sergio/ros2_ws/install/mma_talker/share/mma_talker/package.zsh'
[2.562s] Level 1:colcon.colcon_core.environment:create_file_with_runtime_dependencies(/home/sergio/ros2_ws/install/mma_talker/share/colcon-core/packages/mma_talker)
[2.562s] DEBUG:colcon.colcon_parallel_executor.executor.parallel:closing loop
[2.562s] DEBUG:colcon.colcon_parallel_executor.executor.parallel:loop closed
[2.562s] DEBUG:colcon.colcon_parallel_executor.executor.parallel:run_until_complete finished with '0'
[2.562s] DEBUG:colcon.colcon_core.event_reactor:joining thread
[2.568s] INFO:colcon.colcon_core.plugin_system:Skipping extension 'colcon_notification.desktop_notification.terminal_notifier': Not used on non-Darwin systems
[2.568s] INFO:colcon.colcon_core.plugin_system:Skipping extension 'colcon_notification.desktop_notification.win32': Not used on non-Windows systems
[2.568s] INFO:colcon.colcon_notification.desktop_notification:Sending desktop notification using 'notify2'
[2.577s] DEBUG:colcon.colcon_core.event_reactor:joined thread
[2.577s] INFO:colcon.colcon_core.shell:Creating prefix script '/home/sergio/ros2_ws/install/local_setup.ps1'
[2.579s] INFO:colcon.colcon_core.shell:Creating prefix util module '/home/sergio/ros2_ws/install/_local_setup_util_ps1.py'
[2.580s] INFO:colcon.colcon_core.shell:Creating prefix chain script '/home/sergio/ros2_ws/install/setup.ps1'
[2.582s] INFO:colcon.colcon_core.shell:Creating prefix script '/home/sergio/ros2_ws/install/local_setup.sh'
[2.583s] INFO:colcon.colcon_core.shell:Creating prefix util module '/home/sergio/ros2_ws/install/_local_setup_util_sh.py'
[2.584s] INFO:colcon.colcon_core.shell:Creating prefix chain script '/home/sergio/ros2_ws/install/setup.sh'
[2.585s] INFO:colcon.colcon_core.shell:Creating prefix script '/home/sergio/ros2_ws/install/local_setup.bash'
[2.585s] INFO:colcon.colcon_core.shell:Creating prefix chain script '/home/sergio/ros2_ws/install/setup.bash'
[2.586s] INFO:colcon.colcon_core.shell:Creating prefix script '/home/sergio/ros2_ws/install/local_setup.zsh'
[2.586s] INFO:colcon.colcon_core.shell:Creating prefix chain script '/home/sergio/ros2_ws/install/setup.zsh'
