[0.590s] Invoking command in '/home/sergio/ros2_ws/src/p2_ej3': PYTHONPATH=/home/sergio/ros2_ws/build/p2_ej3/prefix_override:/usr/lib/python3/dist-packages/colcon_core/task/python/colcon_distutils_commands:/home/sergio/ros2_ws/install/p2_ej3/lib/python3.10/site-packages:${PYTHONPATH} /usr/bin/python3 -W ignore:setup.py install is deprecated -W ignore:easy_install command is deprecated setup.py egg_info --egg-base ../../build/p2_ej3 build --build-base /home/sergio/ros2_ws/build/p2_ej3/build install --record /home/sergio/ros2_ws/build/p2_ej3/install.log --single-version-externally-managed install_data
[0.799s] running egg_info
[0.799s] writing ../../build/p2_ej3/p2_ej3.egg-info/PKG-INFO
[0.800s] writing dependency_links to ../../build/p2_ej3/p2_ej3.egg-info/dependency_links.txt
[0.800s] writing entry points to ../../build/p2_ej3/p2_ej3.egg-info/entry_points.txt
[0.800s] writing requirements to ../../build/p2_ej3/p2_ej3.egg-info/requires.txt
[0.800s] writing top-level names to ../../build/p2_ej3/p2_ej3.egg-info/top_level.txt
[0.801s] reading manifest file '../../build/p2_ej3/p2_ej3.egg-info/SOURCES.txt'
[0.801s] writing manifest file '../../build/p2_ej3/p2_ej3.egg-info/SOURCES.txt'
[0.802s] running build
[0.802s] running build_py
[0.802s] copying p2_ej3/avoid_obstacles.py -> /home/sergio/ros2_ws/build/p2_ej3/build/lib/p2_ej3
[0.802s] running install
[0.802s] running install_lib
[0.802s] copying /home/sergio/ros2_ws/build/p2_ej3/build/lib/p2_ej3/avoid_obstacles.py -> /home/sergio/ros2_ws/install/p2_ej3/lib/python3.10/site-packages/p2_ej3
[0.803s] byte-compiling /home/sergio/ros2_ws/install/p2_ej3/lib/python3.10/site-packages/p2_ej3/avoid_obstacles.py to avoid_obstacles.cpython-310.pyc
[0.804s] running install_data
[0.804s] running install_egg_info
[0.805s] removing '/home/sergio/ros2_ws/install/p2_ej3/lib/python3.10/site-packages/p2_ej3-0.0.0-py3.10.egg-info' (and everything under it)
[0.805s] Copying ../../build/p2_ej3/p2_ej3.egg-info to /home/sergio/ros2_ws/install/p2_ej3/lib/python3.10/site-packages/p2_ej3-0.0.0-py3.10.egg-info
[0.806s] running install_scripts
[0.829s] Installing avoid_obstacles script to /home/sergio/ros2_ws/install/p2_ej3/lib/p2_ej3
[0.829s] writing list of installed files to '/home/sergio/ros2_ws/build/p2_ej3/install.log'
[0.843s] Invoked command in '/home/sergio/ros2_ws/src/p2_ej3' returned '0': PYTHONPATH=/home/sergio/ros2_ws/build/p2_ej3/prefix_override:/usr/lib/python3/dist-packages/colcon_core/task/python/colcon_distutils_commands:/home/sergio/ros2_ws/install/p2_ej3/lib/python3.10/site-packages:${PYTHONPATH} /usr/bin/python3 -W ignore:setup.py install is deprecated -W ignore:easy_install command is deprecated setup.py egg_info --egg-base ../../build/p2_ej3 build --build-base /home/sergio/ros2_ws/build/p2_ej3/build install --record /home/sergio/ros2_ws/build/p2_ej3/install.log --single-version-externally-managed install_data
