[1.975s] Invoking command in '/home/sergio/ros2_ws/src/trr_robot_ps': PYTHONPATH=/home/sergio/ros2_ws/build/trr_robot_ps/prefix_override:/usr/lib/python3/dist-packages/colcon_core/task/python/colcon_distutils_commands:/home/sergio/ros2_ws/install/trr_robot_ps/lib/python3.10/site-packages:${PYTHONPATH} /usr/bin/python3 -W ignore:setup.py install is deprecated -W ignore:easy_install command is deprecated setup.py egg_info --egg-base ../../build/trr_robot_ps build --build-base /home/sergio/ros2_ws/build/trr_robot_ps/build install --record /home/sergio/ros2_ws/build/trr_robot_ps/install.log --single-version-externally-managed install_data
[2.239s] running egg_info
[2.240s] writing ../../build/trr_robot_ps/trr_robot_ps.egg-info/PKG-INFO
[2.240s] writing dependency_links to ../../build/trr_robot_ps/trr_robot_ps.egg-info/dependency_links.txt
[2.240s] writing entry points to ../../build/trr_robot_ps/trr_robot_ps.egg-info/entry_points.txt
[2.240s] writing requirements to ../../build/trr_robot_ps/trr_robot_ps.egg-info/requires.txt
[2.240s] writing top-level names to ../../build/trr_robot_ps/trr_robot_ps.egg-info/top_level.txt
[2.243s] reading manifest file '../../build/trr_robot_ps/trr_robot_ps.egg-info/SOURCES.txt'
[2.243s] writing manifest file '../../build/trr_robot_ps/trr_robot_ps.egg-info/SOURCES.txt'
[2.243s] running build
[2.244s] running build_py
[2.244s] running install
[2.244s] running install_lib
[2.245s] running install_data
[2.245s] running install_egg_info
[2.247s] removing '/home/sergio/ros2_ws/install/trr_robot_ps/lib/python3.10/site-packages/trr_robot_ps-0.0.0-py3.10.egg-info' (and everything under it)
[2.248s] Copying ../../build/trr_robot_ps/trr_robot_ps.egg-info to /home/sergio/ros2_ws/install/trr_robot_ps/lib/python3.10/site-packages/trr_robot_ps-0.0.0-py3.10.egg-info
[2.249s] running install_scripts
[2.267s] Installing pub_sub script to /home/sergio/ros2_ws/install/trr_robot_ps/lib/trr_robot_ps
[2.267s] writing list of installed files to '/home/sergio/ros2_ws/build/trr_robot_ps/install.log'
[2.295s] Invoked command in '/home/sergio/ros2_ws/src/trr_robot_ps' returned '0': PYTHONPATH=/home/sergio/ros2_ws/build/trr_robot_ps/prefix_override:/usr/lib/python3/dist-packages/colcon_core/task/python/colcon_distutils_commands:/home/sergio/ros2_ws/install/trr_robot_ps/lib/python3.10/site-packages:${PYTHONPATH} /usr/bin/python3 -W ignore:setup.py install is deprecated -W ignore:easy_install command is deprecated setup.py egg_info --egg-base ../../build/trr_robot_ps build --build-base /home/sergio/ros2_ws/build/trr_robot_ps/build install --record /home/sergio/ros2_ws/build/trr_robot_ps/install.log --single-version-externally-managed install_data
