[4.326s] Invoking command in '/home/sergio/ros2_ws/src/p1_ej2_nodo5': PYTHONPATH=/home/sergio/ros2_ws/build/p1_ej2_nodo5/prefix_override:/home/sergio/.espressif/python_env/idf5.2_py3.10_env/lib/python3.10/site-packages/colcon_core/task/python/colcon_distutils_commands:/home/sergio/ros2_ws/install/p1_ej2_nodo5/lib/python3.10/site-packages:${PYTHONPATH} /home/sergio/.espressif/python_env/idf5.2_py3.10_env/bin/python3 -W ignore:setup.py install is deprecated -W ignore:easy_install command is deprecated setup.py egg_info --egg-base ../../build/p1_ej2_nodo5 build --build-base /home/sergio/ros2_ws/build/p1_ej2_nodo5/build install --record /home/sergio/ros2_ws/build/p1_ej2_nodo5/install.log --single-version-externally-managed install_data
[5.005s] running egg_info
[5.060s] writing ../../build/p1_ej2_nodo5/p1_ej2_nodo5.egg-info/PKG-INFO
[5.060s] writing dependency_links to ../../build/p1_ej2_nodo5/p1_ej2_nodo5.egg-info/dependency_links.txt
[5.060s] writing entry points to ../../build/p1_ej2_nodo5/p1_ej2_nodo5.egg-info/entry_points.txt
[5.062s] writing requirements to ../../build/p1_ej2_nodo5/p1_ej2_nodo5.egg-info/requires.txt
[5.062s] writing top-level names to ../../build/p1_ej2_nodo5/p1_ej2_nodo5.egg-info/top_level.txt
[5.141s] reading manifest file '../../build/p1_ej2_nodo5/p1_ej2_nodo5.egg-info/SOURCES.txt'
[5.143s] writing manifest file '../../build/p1_ej2_nodo5/p1_ej2_nodo5.egg-info/SOURCES.txt'
[5.146s] running build
[5.146s] running build_py
[5.146s] copying p1_ej2_nodo5/nodo5.py -> /home/sergio/ros2_ws/build/p1_ej2_nodo5/build/lib/p1_ej2_nodo5
[5.147s] copying p1_ej2_nodo5/__init__.py -> /home/sergio/ros2_ws/build/p1_ej2_nodo5/build/lib/p1_ej2_nodo5
[5.147s] running install
[5.157s] running install_lib
[5.188s] running install_data
[5.188s] copying resource/p1_ej2_nodo5 -> /home/sergio/ros2_ws/install/p1_ej2_nodo5/share/ament_index/resource_index/packages
[5.189s] copying package.xml -> /home/sergio/ros2_ws/install/p1_ej2_nodo5/share/p1_ej2_nodo5
[5.189s] running install_egg_info
[5.219s] removing '/home/sergio/ros2_ws/install/p1_ej2_nodo5/lib/python3.10/site-packages/p1_ej2_nodo5-0.0.0-py3.10.egg-info' (and everything under it)
[5.222s] Copying ../../build/p1_ej2_nodo5/p1_ej2_nodo5.egg-info to /home/sergio/ros2_ws/install/p1_ej2_nodo5/lib/python3.10/site-packages/p1_ej2_nodo5-0.0.0-py3.10.egg-info
[5.224s] running install_scripts
[5.429s] Installing nodo5 script to /home/sergio/ros2_ws/install/p1_ej2_nodo5/lib/p1_ej2_nodo5
[5.429s] writing list of installed files to '/home/sergio/ros2_ws/build/p1_ej2_nodo5/install.log'
[5.606s] Invoked command in '/home/sergio/ros2_ws/src/p1_ej2_nodo5' returned '0': PYTHONPATH=/home/sergio/ros2_ws/build/p1_ej2_nodo5/prefix_override:/home/sergio/.espressif/python_env/idf5.2_py3.10_env/lib/python3.10/site-packages/colcon_core/task/python/colcon_distutils_commands:/home/sergio/ros2_ws/install/p1_ej2_nodo5/lib/python3.10/site-packages:${PYTHONPATH} /home/sergio/.espressif/python_env/idf5.2_py3.10_env/bin/python3 -W ignore:setup.py install is deprecated -W ignore:easy_install command is deprecated setup.py egg_info --egg-base ../../build/p1_ej2_nodo5 build --build-base /home/sergio/ros2_ws/build/p1_ej2_nodo5/build install --record /home/sergio/ros2_ws/build/p1_ej2_nodo5/install.log --single-version-externally-managed install_data
