[0.193s] Invoking command in '/home/sergio/ros2_ws/build/Stage': /usr/bin/cmake --build /home/sergio/ros2_ws/build/Stage -- -j16 -l16
[3.381s] [ 57%] Built target stage
[3.381s] [ 61%] Built target pioneer_flocking
[3.381s] [ 64%] Built target fasr
[3.381s] [ 67%] Built target rasterize
[3.381s] [ 71%] Built target source
[3.381s] [ 74%] Built target wander
[3.381s] [ 77%] Built target lasernoise
[3.381s] [ 83%] Built target fasr2
[3.381s] [ 86%] Built target stagebinary
[3.381s] [ 89%] Built target sink
[3.381s] [ 93%] Built target dynamic
[3.381s] [ 96%] Built target expand_pioneer
[3.381s] [100%] Built target expand_swarm
[3.648s] Invoked command in '/home/sergio/ros2_ws/build/Stage' returned '0': /usr/bin/cmake --build /home/sergio/ros2_ws/build/Stage -- -j16 -l16
[3.650s] Invoking command in '/home/sergio/ros2_ws/build/Stage': /usr/bin/cmake --install /home/sergio/ros2_ws/build/Stage
[3.673s] -- Install configuration: "RELEASE"
[3.674s] -- Up-to-date: /home/sergio/ros2_ws/install/Stage/lib/pkgconfig/stage.pc
[3.674s] -- Up-to-date: /home/sergio/ros2_ws/install/Stage/lib/cmake/Stage/stage-config.cmake
[3.674s] -- Up-to-date: /home/sergio/ros2_ws/install/Stage/lib/cmake/Stage/stage-config-version.cmake
[3.675s] -- Up-to-date: /home/sergio/ros2_ws/install/Stage/bin/stage
[3.676s] -- Up-to-date: /home/sergio/ros2_ws/install/Stage/lib/libstage.so.4.3.0
[3.677s] -- Up-to-date: /home/sergio/ros2_ws/install/Stage/lib/libstage.so
[3.677s] -- Up-to-date: /home/sergio/ros2_ws/install/Stage/include/Stage-4.3/stage.hh
[3.679s] -- Up-to-date: /home/sergio/ros2_ws/install/Stage/lib/Stage-4.3/fasr.so
[3.679s] -- Up-to-date: /home/sergio/ros2_ws/install/Stage/lib/Stage-4.3/sink.so
[3.679s] -- Up-to-date: /home/sergio/ros2_ws/install/Stage/lib/Stage-4.3/source.so
[3.681s] -- Up-to-date: /home/sergio/ros2_ws/install/Stage/lib/Stage-4.3/wander.so
[3.681s] -- Up-to-date: /home/sergio/ros2_ws/install/Stage/lib/Stage-4.3/pioneer_flocking.so
[3.683s] -- Up-to-date: /home/sergio/ros2_ws/install/Stage/lib/Stage-4.3/rasterize.so
[3.684s] -- Up-to-date: /home/sergio/ros2_ws/install/Stage/lib/Stage-4.3/lasernoise.so
[3.684s] -- Up-to-date: /home/sergio/ros2_ws/install/Stage/lib/Stage-4.3/dynamic.so
[3.684s] -- Up-to-date: /home/sergio/ros2_ws/install/Stage/lib/Stage-4.3/fasr2.so
[3.685s] -- Up-to-date: /home/sergio/ros2_ws/install/Stage/share/stage/assets/blue.png
[3.685s] -- Up-to-date: /home/sergio/ros2_ws/install/Stage/share/stage/assets/death.png
[3.685s] -- Up-to-date: /home/sergio/ros2_ws/install/Stage/share/stage/assets/green.png
[3.685s] -- Up-to-date: /home/sergio/ros2_ws/install/Stage/share/stage/assets/logo.png
[3.686s] -- Up-to-date: /home/sergio/ros2_ws/install/Stage/share/stage/assets/mains.png
[3.686s] -- Up-to-date: /home/sergio/ros2_ws/install/Stage/share/stage/assets/mainspower.png
[3.686s] -- Up-to-date: /home/sergio/ros2_ws/install/Stage/share/stage/assets/question_mark.png
[3.686s] -- Up-to-date: /home/sergio/ros2_ws/install/Stage/share/stage/assets/red.png
[3.686s] -- Up-to-date: /home/sergio/ros2_ws/install/Stage/share/stage/assets/stagelogo.png
[3.686s] -- Up-to-date: /home/sergio/ros2_ws/install/Stage/share/stage/assets/stall-old.png
[3.686s] -- Up-to-date: /home/sergio/ros2_ws/install/Stage/share/stage/assets/stall.png
[3.686s] -- Up-to-date: /home/sergio/ros2_ws/install/Stage/share/stage/assets/rgb.txt
[3.686s] -- Up-to-date: /home/sergio/ros2_ws/install/Stage/share/stage/rgb.txt
[3.687s] -- Up-to-date: /home/sergio/ros2_ws/install/Stage/share/stage/worlds/amcl-sonar.cfg
[3.690s] -- Up-to-date: /home/sergio/ros2_ws/install/Stage/share/stage/worlds/autolab.cfg
[3.691s] -- Up-to-date: /home/sergio/ros2_ws/install/Stage/share/stage/worlds/camera.cfg
[3.691s] -- Up-to-date: /home/sergio/ros2_ws/install/Stage/share/stage/worlds/everything.cfg
[3.692s] -- Up-to-date: /home/sergio/ros2_ws/install/Stage/share/stage/worlds/lsp_test.cfg
[3.692s] -- Up-to-date: /home/sergio/ros2_ws/install/Stage/share/stage/worlds/mbicp.cfg
[3.692s] -- Up-to-date: /home/sergio/ros2_ws/install/Stage/share/stage/worlds/nd.cfg
[3.692s] -- Up-to-date: /home/sergio/ros2_ws/install/Stage/share/stage/worlds/roomba.cfg
[3.693s] -- Up-to-date: /home/sergio/ros2_ws/install/Stage/share/stage/worlds/simple.cfg
[3.693s] -- Up-to-date: /home/sergio/ros2_ws/install/Stage/share/stage/worlds/test.cfg
[3.693s] -- Up-to-date: /home/sergio/ros2_ws/install/Stage/share/stage/worlds/uoa_robotics_lab.cfg
[3.693s] -- Up-to-date: /home/sergio/ros2_ws/install/Stage/share/stage/worlds/vfh.cfg
[3.693s] -- Up-to-date: /home/sergio/ros2_ws/install/Stage/share/stage/worlds/wavefront-remote.cfg
[3.693s] -- Up-to-date: /home/sergio/ros2_ws/install/Stage/share/stage/worlds/wavefront.cfg
[3.694s] -- Up-to-date: /home/sergio/ros2_ws/install/Stage/share/stage/worlds/wifi.cfg
[3.694s] -- Up-to-date: /home/sergio/ros2_ws/install/Stage/share/stage/worlds/SFU.world
[3.694s] -- Up-to-date: /home/sergio/ros2_ws/install/Stage/share/stage/worlds/autolab.world
[3.694s] -- Up-to-date: /home/sergio/ros2_ws/install/Stage/share/stage/worlds/camera.world
[3.695s] -- Up-to-date: /home/sergio/ros2_ws/install/Stage/share/stage/worlds/circuit.world
[3.695s] -- Up-to-date: /home/sergio/ros2_ws/install/Stage/share/stage/worlds/everything.world
[3.695s] -- Up-to-date: /home/sergio/ros2_ws/install/Stage/share/stage/worlds/fasr.world
[3.695s] -- Up-to-date: /home/sergio/ros2_ws/install/Stage/share/stage/worlds/fasr2.world
[3.695s] -- Up-to-date: /home/sergio/ros2_ws/install/Stage/share/stage/worlds/fasr_plan.world
[3.695s] -- Up-to-date: /home/sergio/ros2_ws/install/Stage/share/stage/worlds/large.world
[3.696s] -- Up-to-date: /home/sergio/ros2_ws/install/Stage/share/stage/worlds/lsp_test.world
[3.696s] -- Up-to-date: /home/sergio/ros2_ws/install/Stage/share/stage/worlds/mbicp.world
[3.696s] -- Up-to-date: /home/sergio/ros2_ws/install/Stage/share/stage/worlds/pioneer_flocking.world
[3.696s] -- Up-to-date: /home/sergio/ros2_ws/install/Stage/share/stage/worlds/pioneer_follow.world
[3.696s] -- Up-to-date: /home/sergio/ros2_ws/install/Stage/share/stage/worlds/pioneer_walle.world
[3.697s] -- Up-to-date: /home/sergio/ros2_ws/install/Stage/share/stage/worlds/roomba.world
[3.697s] -- Up-to-date: /home/sergio/ros2_ws/install/Stage/share/stage/worlds/sensor_noise_demo.world
[3.697s] -- Up-to-date: /home/sergio/ros2_ws/install/Stage/share/stage/worlds/sensor_noise_module_demo.world
[3.698s] -- Up-to-date: /home/sergio/ros2_ws/install/Stage/share/stage/worlds/simple.world
[3.698s] -- Up-to-date: /home/sergio/ros2_ws/install/Stage/share/stage/worlds/uoa_robotics_lab.world
[3.699s] -- Up-to-date: /home/sergio/ros2_ws/install/Stage/share/stage/worlds/wifi.world
[3.699s] -- Up-to-date: /home/sergio/ros2_ws/install/Stage/share/stage/worlds/beacons.inc
[3.699s] -- Up-to-date: /home/sergio/ros2_ws/install/Stage/share/stage/worlds/chatterbox.inc
[3.699s] -- Up-to-date: /home/sergio/ros2_ws/install/Stage/share/stage/worlds/hokuyo.inc
[3.703s] -- Up-to-date: /home/sergio/ros2_ws/install/Stage/share/stage/worlds/irobot.inc
[3.706s] -- Up-to-date: /home/sergio/ros2_ws/install/Stage/share/stage/worlds/map.inc
[3.707s] -- Up-to-date: /home/sergio/ros2_ws/install/Stage/share/stage/worlds/objects.inc
[3.707s] -- Up-to-date: /home/sergio/ros2_ws/install/Stage/share/stage/worlds/pantilt.inc
[3.707s] -- Up-to-date: /home/sergio/ros2_ws/install/Stage/share/stage/worlds/pioneer.inc
[3.707s] -- Up-to-date: /home/sergio/ros2_ws/install/Stage/share/stage/worlds/sick.inc
[3.707s] -- Up-to-date: /home/sergio/ros2_ws/install/Stage/share/stage/worlds/ubot.inc
[3.707s] -- Up-to-date: /home/sergio/ros2_ws/install/Stage/share/stage/worlds/uoa_robotics_lab_models.inc
[3.708s] -- Up-to-date: /home/sergio/ros2_ws/install/Stage/share/stage/worlds/walle.inc
[3.708s] -- Up-to-date: /home/sergio/ros2_ws/install/Stage/share/stage/worlds/cfggen.sh
[3.708s] -- Up-to-date: /home/sergio/ros2_ws/install/Stage/share/stage/worlds/test.sh
[3.708s] -- Up-to-date: /home/sergio/ros2_ws/install/Stage/share/stage/worlds/worldgen.sh
[3.708s] -- Up-to-date: /home/sergio/ros2_ws/install/Stage/lib/Stage-4.3/expand_swarm.so
[3.713s] -- Up-to-date: /home/sergio/ros2_ws/install/Stage/lib/Stage-4.3/expand_pioneer.so
[3.714s] -- Up-to-date: /home/sergio/ros2_ws/install/Stage/share/stage/worlds/bitmaps/889_05.png
[3.714s] -- Up-to-date: /home/sergio/ros2_ws/install/Stage/share/stage/worlds/bitmaps/SFU_1200x615.png
[3.714s] -- Up-to-date: /home/sergio/ros2_ws/install/Stage/share/stage/worlds/bitmaps/SRI-AIC-kwing.png
[3.714s] -- Up-to-date: /home/sergio/ros2_ws/install/Stage/share/stage/worlds/bitmaps/autolab.png
[3.714s] -- Up-to-date: /home/sergio/ros2_ws/install/Stage/share/stage/worlds/bitmaps/cave.png
[3.714s] -- Up-to-date: /home/sergio/ros2_ws/install/Stage/share/stage/worlds/bitmaps/cave_compact.png
[3.714s] -- Up-to-date: /home/sergio/ros2_ws/install/Stage/share/stage/worlds/bitmaps/cave_filled.png
[3.715s] -- Up-to-date: /home/sergio/ros2_ws/install/Stage/share/stage/worlds/bitmaps/frieburg.png
[3.715s] -- Up-to-date: /home/sergio/ros2_ws/install/Stage/share/stage/worlds/bitmaps/ghost.png
[3.715s] -- Up-to-date: /home/sergio/ros2_ws/install/Stage/share/stage/worlds/bitmaps/hospital.png
[3.715s] -- Up-to-date: /home/sergio/ros2_ws/install/Stage/share/stage/worlds/bitmaps/hospital_section.png
[3.715s] -- Up-to-date: /home/sergio/ros2_ws/install/Stage/share/stage/worlds/bitmaps/human_outline.png
[3.715s] -- Up-to-date: /home/sergio/ros2_ws/install/Stage/share/stage/worlds/bitmaps/mbicp.png
[3.716s] -- Up-to-date: /home/sergio/ros2_ws/install/Stage/share/stage/worlds/bitmaps/rink.png
[3.716s] -- Up-to-date: /home/sergio/ros2_ws/install/Stage/share/stage/worlds/bitmaps/sal2.png
[3.742s] -- Up-to-date: /home/sergio/ros2_ws/install/Stage/share/stage/worlds/bitmaps/simple_rooms.png
[3.742s] -- Up-to-date: /home/sergio/ros2_ws/install/Stage/share/stage/worlds/bitmaps/space_invader.png
[3.742s] -- Up-to-date: /home/sergio/ros2_ws/install/Stage/share/stage/worlds/bitmaps/submarine.png
[3.743s] -- Up-to-date: /home/sergio/ros2_ws/install/Stage/share/stage/worlds/bitmaps/submarine_small.png
[3.743s] -- Up-to-date: /home/sergio/ros2_ws/install/Stage/share/stage/worlds/bitmaps/table.png
[3.743s] -- Up-to-date: /home/sergio/ros2_ws/install/Stage/share/stage/worlds/bitmaps/uoa_robotics_lab.png
[3.743s] -- Up-to-date: /home/sergio/ros2_ws/install/Stage/share/stage/worlds/wifi/commando.world
[3.743s] -- Up-to-date: /home/sergio/ros2_ws/install/Stage/share/stage/worlds/wifi/hosp_wifi.world
[3.743s] -- Up-to-date: /home/sergio/ros2_ws/install/Stage/share/stage/worlds/wifi/hosp_wifi_5.world
[3.743s] -- Up-to-date: /home/sergio/ros2_ws/install/Stage/share/stage/worlds/wifi/wifi.world
[3.744s] -- Up-to-date: /home/sergio/ros2_ws/install/Stage/share/stage/worlds/wifi/wifi_itu.world
[3.761s] -- Up-to-date: /home/sergio/ros2_ws/install/Stage/share/stage/worlds/wifi/wifi_logdistance.world
[3.761s] -- Up-to-date: /home/sergio/ros2_ws/install/Stage/share/stage/worlds/wifi/wifi_ray.world
[3.761s] -- Up-to-date: /home/sergio/ros2_ws/install/Stage/share/stage/worlds/wifi/wifi_simple.world
[3.761s] -- Up-to-date: /home/sergio/ros2_ws/install/Stage/share/stage/worlds/wifi/map.inc
[3.952s] Invoked command in '/home/sergio/ros2_ws/build/Stage' returned '0': /usr/bin/cmake --install /home/sergio/ros2_ws/build/Stage
