[2.126s] Invoking command in '/home/sergio/ros2_ws/src/robot_nav': PYTHONPATH=/home/sergio/ros2_ws/build/robot_nav/prefix_override:/usr/lib/python3/dist-packages/colcon_core/task/python/colcon_distutils_commands:/home/sergio/ros2_ws/install/robot_nav/lib/python3.10/site-packages:${PYTHONPATH} /usr/bin/python3 -W ignore:setup.py install is deprecated -W ignore:easy_install command is deprecated setup.py egg_info --egg-base ../../build/robot_nav build --build-base /home/sergio/ros2_ws/build/robot_nav/build install --record /home/sergio/ros2_ws/build/robot_nav/install.log --single-version-externally-managed install_data
[2.416s] running egg_info
[2.417s] writing ../../build/robot_nav/robot_nav.egg-info/PKG-INFO
[2.417s] writing dependency_links to ../../build/robot_nav/robot_nav.egg-info/dependency_links.txt
[2.417s] writing entry points to ../../build/robot_nav/robot_nav.egg-info/entry_points.txt
[2.417s] writing requirements to ../../build/robot_nav/robot_nav.egg-info/requires.txt
[2.418s] writing top-level names to ../../build/robot_nav/robot_nav.egg-info/top_level.txt
[2.421s] reading manifest file '../../build/robot_nav/robot_nav.egg-info/SOURCES.txt'
[2.421s] writing manifest file '../../build/robot_nav/robot_nav.egg-info/SOURCES.txt'
[2.421s] running build
[2.421s] running build_py
[2.422s] running install
[2.422s] running install_lib
[2.424s] running install_data
[2.424s] running install_egg_info
[2.427s] removing '/home/sergio/ros2_ws/install/robot_nav/lib/python3.10/site-packages/robot_nav-0.0.0-py3.10.egg-info' (and everything under it)
[2.428s] Copying ../../build/robot_nav/robot_nav.egg-info to /home/sergio/ros2_ws/install/robot_nav/lib/python3.10/site-packages/robot_nav-0.0.0-py3.10.egg-info
[2.428s] running install_scripts
[2.451s] Installing a_star_planner script to /home/sergio/ros2_ws/install/robot_nav/lib/robot_nav
[2.451s] Installing avoid_obstacles script to /home/sergio/ros2_ws/install/robot_nav/lib/robot_nav
[2.451s] Installing path_planner script to /home/sergio/ros2_ws/install/robot_nav/lib/robot_nav
[2.451s] writing list of installed files to '/home/sergio/ros2_ws/build/robot_nav/install.log'
[2.474s] Invoked command in '/home/sergio/ros2_ws/src/robot_nav' returned '0': PYTHONPATH=/home/sergio/ros2_ws/build/robot_nav/prefix_override:/usr/lib/python3/dist-packages/colcon_core/task/python/colcon_distutils_commands:/home/sergio/ros2_ws/install/robot_nav/lib/python3.10/site-packages:${PYTHONPATH} /usr/bin/python3 -W ignore:setup.py install is deprecated -W ignore:easy_install command is deprecated setup.py egg_info --egg-base ../../build/robot_nav build --build-base /home/sergio/ros2_ws/build/robot_nav/build install --record /home/sergio/ros2_ws/build/robot_nav/install.log --single-version-externally-managed install_data
