[0.557s] Invoking command in '/home/sergio/ros2_ws/src/robot_nav': PYTHONPATH=/home/sergio/ros2_ws/build/robot_nav/prefix_override:/usr/lib/python3/dist-packages/colcon_core/task/python/colcon_distutils_commands:/home/sergio/ros2_ws/install/robot_nav/lib/python3.10/site-packages:${PYTHONPATH} /usr/bin/python3 -W ignore:setup.py install is deprecated -W ignore:easy_install command is deprecated setup.py egg_info --egg-base ../../build/robot_nav build --build-base /home/sergio/ros2_ws/build/robot_nav/build install --record /home/sergio/ros2_ws/build/robot_nav/install.log --single-version-externally-managed install_data
[0.764s] running egg_info
[0.765s] writing ../../build/robot_nav/robot_nav.egg-info/PKG-INFO
[0.765s] writing dependency_links to ../../build/robot_nav/robot_nav.egg-info/dependency_links.txt
[0.765s] writing entry points to ../../build/robot_nav/robot_nav.egg-info/entry_points.txt
[0.765s] writing requirements to ../../build/robot_nav/robot_nav.egg-info/requires.txt
[0.765s] writing top-level names to ../../build/robot_nav/robot_nav.egg-info/top_level.txt
[0.766s] reading manifest file '../../build/robot_nav/robot_nav.egg-info/SOURCES.txt'
[0.766s] writing manifest file '../../build/robot_nav/robot_nav.egg-info/SOURCES.txt'
[0.766s] running build
[0.766s] running build_py
[0.767s] running install
[0.767s] running install_lib
[0.768s] running install_data
[0.768s] copying launch/bringup.launch.py -> /home/sergio/ros2_ws/install/robot_nav/share/robot_nav/launch
[0.768s] running install_egg_info
[0.769s] removing '/home/sergio/ros2_ws/install/robot_nav/lib/python3.10/site-packages/robot_nav-0.0.0-py3.10.egg-info' (and everything under it)
[0.769s] Copying ../../build/robot_nav/robot_nav.egg-info to /home/sergio/ros2_ws/install/robot_nav/lib/python3.10/site-packages/robot_nav-0.0.0-py3.10.egg-info
[0.770s] running install_scripts
[0.784s] Installing avoid_obstacles script to /home/sergio/ros2_ws/install/robot_nav/lib/robot_nav
[0.784s] Installing path_planner script to /home/sergio/ros2_ws/install/robot_nav/lib/robot_nav
[0.784s] writing list of installed files to '/home/sergio/ros2_ws/build/robot_nav/install.log'
[0.797s] Invoked command in '/home/sergio/ros2_ws/src/robot_nav' returned '0': PYTHONPATH=/home/sergio/ros2_ws/build/robot_nav/prefix_override:/usr/lib/python3/dist-packages/colcon_core/task/python/colcon_distutils_commands:/home/sergio/ros2_ws/install/robot_nav/lib/python3.10/site-packages:${PYTHONPATH} /usr/bin/python3 -W ignore:setup.py install is deprecated -W ignore:easy_install command is deprecated setup.py egg_info --egg-base ../../build/robot_nav build --build-base /home/sergio/ros2_ws/build/robot_nav/build install --record /home/sergio/ros2_ws/build/robot_nav/install.log --single-version-externally-managed install_data
