[0.037s] Invoking command in '/home/sergio/ros2_ws/build/p1_ej2_interface': AMENT_PREFIX_PATH=/home/sergio/ros2_ws/install/p1_ej2_nodos_sensor:/home/sergio/ros2_ws/install/p1_ej3_servidor:/home/sergio/ros2_ws/install/p1_ej3_interface:/home/sergio/ros2_ws/install/p1_ej3_cliente:/home/sergio/ros2_ws/install/p1_ej2_interface:/home/sergio/ros2_ws/install/p1_ej2_nodo4:/home/sergio/ros2_ws/install/P1_ej1_sub:/home/sergio/ros2_ws/install/P1_ej1_pub:/home/sergio/ros2_ws/install/my_package:/home/sergio/ros2_ws/install/mma_talker:/home/sergio/ros2_ws/install/mma_service:/home/sergio/ros2_ws/install/mma_listener:/home/sergio/ros2_ws/install/mma_interfaces:/home/sergio/ros2_ws/install/ejercicio_tres_server:/home/sergio/ros2_ws/install/ejercicio_tres_interface:/home/sergio/ros2_ws/install/ejercicio_tres_client:/home/sergio/ros2_ws/install/ejercicio_dos:/home/sergio/ros2_ws/install/ejemplo_uno:/opt/ros/humble CMAKE_PREFIX_PATH=${CMAKE_PREFIX_PATH}:/home/sergio/ros2_ws/install/p1_ej3_servidor:/home/sergio/ros2_ws/install/p1_ej3_cliente:/home/sergio/ros2_ws/install/p1_ej2_nodos_sensor:/home/sergio/ros2_ws/install/p1_ej2_nodo4:/home/sergio/ros2_ws/install/P1_ej1_sub:/home/sergio/ros2_ws/install/P1_ej1_pub:/home/sergio/ros2_ws/install/my_package:/home/sergio/ros2_ws/install/mma_talker:/home/sergio/ros2_ws/install/mma_service:/home/sergio/ros2_ws/install/mma_listener:/home/sergio/ros2_ws/install/ejercicio_tres_server:/home/sergio/ros2_ws/install/ejercicio_tres_client:/home/sergio/ros2_ws/install/ejercicio_dos:/home/sergio/ros2_ws/install/ejemplo_uno:/opt/ros/humble PYTHONPATH=/home/sergio/ros2_ws/install/p1_ej2_nodos_sensor/lib/python3.10/site-packages:/home/sergio/ros2_ws/install/p1_ej3_servidor/lib/python3.10/site-packages:/home/sergio/ros2_ws/install/p1_ej3_interface/local/lib/python3.10/dist-packages:/home/sergio/ros2_ws/install/p1_ej3_cliente/lib/python3.10/site-packages:/home/sergio/ros2_ws/install/p1_ej2_interface/local/lib/python3.10/dist-packages:/home/sergio/ros2_ws/install/p1_ej2_nodo4/lib/python3.10/site-packages:/home/sergio/ros2_ws/install/P1_ej1_sub/lib/python3.10/site-packages:/home/sergio/ros2_ws/install/P1_ej1_pub/lib/python3.10/site-packages:/home/sergio/ros2_ws/install/my_package/lib/python3.10/site-packages:/home/sergio/ros2_ws/install/mma_talker/lib/python3.10/site-packages:/home/sergio/ros2_ws/install/mma_service/lib/python3.10/site-packages:/home/sergio/ros2_ws/install/mma_listener/lib/python3.10/site-packages:/home/sergio/ros2_ws/install/mma_interfaces/local/lib/python3.10/dist-packages:/home/sergio/ros2_ws/install/ejercicio_tres_server/lib/python3.10/site-packages:/home/sergio/ros2_ws/install/ejercicio_tres_interface/local/lib/python3.10/dist-packages:/home/sergio/ros2_ws/install/ejercicio_tres_client/lib/python3.10/site-packages:/home/sergio/ros2_ws/install/ejercicio_dos/lib/python3.10/site-packages:/home/sergio/ros2_ws/install/ejemplo_uno/lib/python3.10/site-packages:/opt/ros/humble/lib/python3.10/site-packages:/opt/ros/humble/local/lib/python3.10/dist-packages /usr/bin/cmake --build /home/sergio/ros2_ws/build/p1_ej2_interface -- -j16 -l16
[0.064s] -- Found ament_cmake: 1.3.11 (/opt/ros/humble/share/ament_cmake/cmake)
[0.194s] -- Found rosidl_default_generators: 1.2.0 (/opt/ros/humble/share/rosidl_default_generators/cmake)
[0.198s] -- Using all available rosidl_typesupport_c: rosidl_typesupport_fastrtps_c;rosidl_typesupport_introspection_c
[0.201s] -- Found rosidl_adapter: 3.1.6 (/opt/ros/humble/share/rosidl_adapter/cmake)
[0.231s] -- Using all available rosidl_typesupport_cpp: rosidl_typesupport_fastrtps_cpp;rosidl_typesupport_introspection_cpp
[0.457s] -- Found ament_cmake_ros: 0.10.0 (/opt/ros/humble/share/ament_cmake_ros/cmake)
[0.604s] -- Using all available rosidl_typesupport_c: rosidl_typesupport_fastrtps_c;rosidl_typesupport_introspection_c
[0.787s] -- Using all available rosidl_typesupport_cpp: rosidl_typesupport_fastrtps_cpp;rosidl_typesupport_introspection_cpp
[0.803s] -- Found python_cmake_module: 0.10.0 (/opt/ros/humble/share/python_cmake_module/cmake)
[0.825s] -- Using PYTHON_EXECUTABLE: /usr/bin/python3
[0.826s] -- Using PYTHON_INCLUDE_DIRS: /usr/include/python3.10
[0.826s] -- Using PYTHON_LIBRARIES: /usr/lib/x86_64-linux-gnu/libpython3.10.so
[0.835s] -- Found ament_lint_auto: 0.12.11 (/opt/ros/humble/share/ament_lint_auto/cmake)
[0.841s] -- Added test 'flake8' to check Python code syntax and style conventions
[0.841s] -- Added test 'lint_cmake' to check CMake code style
[0.841s] -- Added test 'pep257' to check Python code against some of the docstring style conventions in PEP 257
[0.842s] -- Added test 'xmllint' to check XML markup files
[0.843s] -- Configuring done
[0.860s] -- Generating done
[0.867s] -- Build files have been written to: /home/sergio/ros2_ws/build/p1_ej2_interface
[0.884s] [  2%] [34m[1mGenerating C code for ROS interfaces[0m
[0.891s] [  5%] [34m[1mGenerating C++ code for ROS interfaces[0m
[0.897s] [  5%] Built target ament_cmake_python_copy_p1_ej2_interface
[1.102s] running egg_info
[1.103s] writing p1_ej2_interface.egg-info/PKG-INFO
[1.103s] writing dependency_links to p1_ej2_interface.egg-info/dependency_links.txt
[1.103s] writing top-level names to p1_ej2_interface.egg-info/top_level.txt
[1.105s] reading manifest file 'p1_ej2_interface.egg-info/SOURCES.txt'
[1.105s] writing manifest file 'p1_ej2_interface.egg-info/SOURCES.txt'
[1.135s] [  5%] Built target p1_ej2_interface__cpp
[1.137s] [  5%] Built target ament_cmake_python_build_p1_ej2_interface_egg
[1.144s] [ 12%] [34m[1mGenerating C++ type support for eProsima Fast-RTPS[0m
[1.144s] [ 12%] [34m[1mGenerating C++ introspection for ROS interfaces[0m
[1.144s] [ 12%] [34m[1mGenerating C++ type support dispatch for ROS interfaces[0m
[1.146s] [35m[1mConsolidate compiler generated dependencies of target p1_ej2_interface__rosidl_generator_c[0m
[1.155s] [ 17%] [32mBuilding C object CMakeFiles/p1_ej2_interface__rosidl_generator_c.dir/rosidl_generator_c/p1_ej2_interface/msg/detail/filtered_sensor__functions.c.o[0m
[1.155s] [ 17%] [32mBuilding C object CMakeFiles/p1_ej2_interface__rosidl_generator_c.dir/rosidl_generator_c/p1_ej2_interface/msg/detail/sensor__functions.c.o[0m
[1.189s] [ 20%] [32m[1mLinking C shared library libp1_ej2_interface__rosidl_generator_c.so[0m
[1.222s] [ 20%] Built target p1_ej2_interface__rosidl_generator_c
[1.231s] [ 28%] [34m[1mGenerating C introspection for ROS interfaces[0m
[1.231s] [ 28%] [34m[1mGenerating C type support dispatch for ROS interfaces[0m
[1.231s] [ 28%] [34m[1mGenerating C type support for eProsima Fast-RTPS[0m
[1.362s] [35m[1mConsolidate compiler generated dependencies of target p1_ej2_interface__rosidl_typesupport_cpp[0m
[1.374s] [ 33%] [32mBuilding CXX object CMakeFiles/p1_ej2_interface__rosidl_typesupport_cpp.dir/rosidl_typesupport_cpp/p1_ej2_interface/msg/filtered_sensor__type_support.cpp.o[0m
[1.374s] [ 33%] [32mBuilding CXX object CMakeFiles/p1_ej2_interface__rosidl_typesupport_cpp.dir/rosidl_typesupport_cpp/p1_ej2_interface/msg/sensor__type_support.cpp.o[0m
[1.384s] [35m[1mConsolidate compiler generated dependencies of target p1_ej2_interface__rosidl_typesupport_introspection_cpp[0m
[1.399s] [35m[1mConsolidate compiler generated dependencies of target p1_ej2_interface__rosidl_typesupport_fastrtps_cpp[0m
[1.399s] [ 35%] [32mBuilding CXX object CMakeFiles/p1_ej2_interface__rosidl_typesupport_introspection_cpp.dir/rosidl_typesupport_introspection_cpp/p1_ej2_interface/msg/detail/sensor__type_support.cpp.o[0m
[1.400s] [ 38%] [32mBuilding CXX object CMakeFiles/p1_ej2_interface__rosidl_typesupport_introspection_cpp.dir/rosidl_typesupport_introspection_cpp/p1_ej2_interface/msg/detail/filtered_sensor__type_support.cpp.o[0m
[1.415s] [ 43%] [32mBuilding CXX object CMakeFiles/p1_ej2_interface__rosidl_typesupport_fastrtps_cpp.dir/rosidl_typesupport_fastrtps_cpp/p1_ej2_interface/msg/detail/dds_fastrtps/filtered_sensor__type_support.cpp.o[0m
[1.416s] [ 43%] [32mBuilding CXX object CMakeFiles/p1_ej2_interface__rosidl_typesupport_fastrtps_cpp.dir/rosidl_typesupport_fastrtps_cpp/p1_ej2_interface/msg/detail/dds_fastrtps/sensor__type_support.cpp.o[0m
[1.483s] [ 48%] [32mBuilding CXX object CMakeFiles/p1_ej2_interface__rosidl_typesupport_c.dir/rosidl_typesupport_c/p1_ej2_interface/msg/filtered_sensor__type_support.cpp.o[0m
[1.483s] [ 48%] [32mBuilding CXX object CMakeFiles/p1_ej2_interface__rosidl_typesupport_c.dir/rosidl_typesupport_c/p1_ej2_interface/msg/sensor__type_support.cpp.o[0m
[1.509s] [ 51%] [32mBuilding C object CMakeFiles/p1_ej2_interface__rosidl_typesupport_introspection_c.dir/rosidl_typesupport_introspection_c/p1_ej2_interface/msg/detail/sensor__type_support.c.o[0m
[1.514s] [ 53%] [32mBuilding C object CMakeFiles/p1_ej2_interface__rosidl_typesupport_introspection_c.dir/rosidl_typesupport_introspection_c/p1_ej2_interface/msg/detail/filtered_sensor__type_support.c.o[0m
[1.515s] [ 56%] [32m[1mLinking CXX shared library libp1_ej2_interface__rosidl_typesupport_c.so[0m
[1.557s] [ 58%] [32m[1mLinking C shared library libp1_ej2_interface__rosidl_typesupport_introspection_c.so[0m
[1.563s] [ 58%] Built target p1_ej2_interface__rosidl_typesupport_c
[1.575s] [ 61%] [32mBuilding CXX object CMakeFiles/p1_ej2_interface__rosidl_typesupport_fastrtps_c.dir/rosidl_typesupport_fastrtps_c/p1_ej2_interface/msg/detail/sensor__type_support_c.cpp.o[0m
[1.576s] [ 64%] [32mBuilding CXX object CMakeFiles/p1_ej2_interface__rosidl_typesupport_fastrtps_c.dir/rosidl_typesupport_fastrtps_c/p1_ej2_interface/msg/detail/filtered_sensor__type_support_c.cpp.o[0m
[1.588s] [ 64%] Built target p1_ej2_interface__rosidl_typesupport_introspection_c
[1.649s] [ 66%] [32m[1mLinking CXX shared library libp1_ej2_interface__rosidl_typesupport_cpp.so[0m
[1.682s] [ 66%] Built target p1_ej2_interface__rosidl_typesupport_cpp
[1.842s] [ 71%] [32m[1mLinking CXX shared library libp1_ej2_interface__rosidl_typesupport_introspection_cpp.so[0m
[1.842s] [ 71%] [32m[1mLinking CXX shared library libp1_ej2_interface__rosidl_typesupport_fastrtps_c.so[0m
[1.864s] [ 74%] [32m[1mLinking CXX shared library libp1_ej2_interface__rosidl_typesupport_fastrtps_cpp.so[0m
[1.870s] [ 74%] Built target p1_ej2_interface__rosidl_typesupport_introspection_cpp
[1.892s] [ 74%] Built target p1_ej2_interface__rosidl_typesupport_fastrtps_c
[1.916s] [ 74%] Built target p1_ej2_interface__rosidl_typesupport_fastrtps_cpp
[1.932s] [ 74%] Built target p1_ej2_interface
[1.945s] [ 76%] [34m[1mGenerating Python code for ROS interfaces[0m
[2.181s] [ 76%] Built target p1_ej2_interface__py
[2.193s] [ 79%] [32mBuilding C object CMakeFiles/p1_ej2_interface__rosidl_generator_py.dir/rosidl_generator_py/p1_ej2_interface/msg/_sensor_s.c.o[0m
[2.193s] [ 82%] [32mBuilding C object CMakeFiles/p1_ej2_interface__rosidl_generator_py.dir/rosidl_generator_py/p1_ej2_interface/msg/_filtered_sensor_s.c.o[0m
[2.261s] [ 84%] [32m[1mLinking C shared library rosidl_generator_py/p1_ej2_interface/libp1_ej2_interface__rosidl_generator_py.so[0m
[2.285s] [ 84%] Built target p1_ej2_interface__rosidl_generator_py
[2.300s] [ 87%] [32mBuilding C object CMakeFiles/p1_ej2_interface__rosidl_typesupport_fastrtps_c__pyext.dir/rosidl_generator_py/p1_ej2_interface/_p1_ej2_interface_s.ep.rosidl_typesupport_fastrtps_c.c.o[0m
[2.300s] [ 89%] [32mBuilding C object CMakeFiles/p1_ej2_interface__rosidl_typesupport_c__pyext.dir/rosidl_generator_py/p1_ej2_interface/_p1_ej2_interface_s.ep.rosidl_typesupport_c.c.o[0m
[2.300s] [ 92%] [32mBuilding C object CMakeFiles/p1_ej2_interface__rosidl_typesupport_introspection_c__pyext.dir/rosidl_generator_py/p1_ej2_interface/_p1_ej2_interface_s.ep.rosidl_typesupport_introspection_c.c.o[0m
[2.367s] [ 94%] [32m[1mLinking C shared library rosidl_generator_py/p1_ej2_interface/p1_ej2_interface_s__rosidl_typesupport_c.cpython-310-x86_64-linux-gnu.so[0m
[2.369s] [ 97%] [32m[1mLinking C shared library rosidl_generator_py/p1_ej2_interface/p1_ej2_interface_s__rosidl_typesupport_introspection_c.cpython-310-x86_64-linux-gnu.so[0m
[2.369s] [100%] [32m[1mLinking C shared library rosidl_generator_py/p1_ej2_interface/p1_ej2_interface_s__rosidl_typesupport_fastrtps_c.cpython-310-x86_64-linux-gnu.so[0m
[2.389s] [100%] Built target p1_ej2_interface__rosidl_typesupport_c__pyext
[2.390s] [100%] Built target p1_ej2_interface__rosidl_typesupport_introspection_c__pyext
[2.390s] [100%] Built target p1_ej2_interface__rosidl_typesupport_fastrtps_c__pyext
[2.398s] Invoked command in '/home/sergio/ros2_ws/build/p1_ej2_interface' returned '0': AMENT_PREFIX_PATH=/home/sergio/ros2_ws/install/p1_ej2_nodos_sensor:/home/sergio/ros2_ws/install/p1_ej3_servidor:/home/sergio/ros2_ws/install/p1_ej3_interface:/home/sergio/ros2_ws/install/p1_ej3_cliente:/home/sergio/ros2_ws/install/p1_ej2_interface:/home/sergio/ros2_ws/install/p1_ej2_nodo4:/home/sergio/ros2_ws/install/P1_ej1_sub:/home/sergio/ros2_ws/install/P1_ej1_pub:/home/sergio/ros2_ws/install/my_package:/home/sergio/ros2_ws/install/mma_talker:/home/sergio/ros2_ws/install/mma_service:/home/sergio/ros2_ws/install/mma_listener:/home/sergio/ros2_ws/install/mma_interfaces:/home/sergio/ros2_ws/install/ejercicio_tres_server:/home/sergio/ros2_ws/install/ejercicio_tres_interface:/home/sergio/ros2_ws/install/ejercicio_tres_client:/home/sergio/ros2_ws/install/ejercicio_dos:/home/sergio/ros2_ws/install/ejemplo_uno:/opt/ros/humble CMAKE_PREFIX_PATH=${CMAKE_PREFIX_PATH}:/home/sergio/ros2_ws/install/p1_ej3_servidor:/home/sergio/ros2_ws/install/p1_ej3_cliente:/home/sergio/ros2_ws/install/p1_ej2_nodos_sensor:/home/sergio/ros2_ws/install/p1_ej2_nodo4:/home/sergio/ros2_ws/install/P1_ej1_sub:/home/sergio/ros2_ws/install/P1_ej1_pub:/home/sergio/ros2_ws/install/my_package:/home/sergio/ros2_ws/install/mma_talker:/home/sergio/ros2_ws/install/mma_service:/home/sergio/ros2_ws/install/mma_listener:/home/sergio/ros2_ws/install/ejercicio_tres_server:/home/sergio/ros2_ws/install/ejercicio_tres_client:/home/sergio/ros2_ws/install/ejercicio_dos:/home/sergio/ros2_ws/install/ejemplo_uno:/opt/ros/humble PYTHONPATH=/home/sergio/ros2_ws/install/p1_ej2_nodos_sensor/lib/python3.10/site-packages:/home/sergio/ros2_ws/install/p1_ej3_servidor/lib/python3.10/site-packages:/home/sergio/ros2_ws/install/p1_ej3_interface/local/lib/python3.10/dist-packages:/home/sergio/ros2_ws/install/p1_ej3_cliente/lib/python3.10/site-packages:/home/sergio/ros2_ws/install/p1_ej2_interface/local/lib/python3.10/dist-packages:/home/sergio/ros2_ws/install/p1_ej2_nodo4/lib/python3.10/site-packages:/home/sergio/ros2_ws/install/P1_ej1_sub/lib/python3.10/site-packages:/home/sergio/ros2_ws/install/P1_ej1_pub/lib/python3.10/site-packages:/home/sergio/ros2_ws/install/my_package/lib/python3.10/site-packages:/home/sergio/ros2_ws/install/mma_talker/lib/python3.10/site-packages:/home/sergio/ros2_ws/install/mma_service/lib/python3.10/site-packages:/home/sergio/ros2_ws/install/mma_listener/lib/python3.10/site-packages:/home/sergio/ros2_ws/install/mma_interfaces/local/lib/python3.10/dist-packages:/home/sergio/ros2_ws/install/ejercicio_tres_server/lib/python3.10/site-packages:/home/sergio/ros2_ws/install/ejercicio_tres_interface/local/lib/python3.10/dist-packages:/home/sergio/ros2_ws/install/ejercicio_tres_client/lib/python3.10/site-packages:/home/sergio/ros2_ws/install/ejercicio_dos/lib/python3.10/site-packages:/home/sergio/ros2_ws/install/ejemplo_uno/lib/python3.10/site-packages:/opt/ros/humble/lib/python3.10/site-packages:/opt/ros/humble/local/lib/python3.10/dist-packages /usr/bin/cmake --build /home/sergio/ros2_ws/build/p1_ej2_interface -- -j16 -l16
[2.399s] Invoking command in '/home/sergio/ros2_ws/build/p1_ej2_interface': AMENT_PREFIX_PATH=/home/sergio/ros2_ws/install/p1_ej2_nodos_sensor:/home/sergio/ros2_ws/install/p1_ej3_servidor:/home/sergio/ros2_ws/install/p1_ej3_interface:/home/sergio/ros2_ws/install/p1_ej3_cliente:/home/sergio/ros2_ws/install/p1_ej2_interface:/home/sergio/ros2_ws/install/p1_ej2_nodo4:/home/sergio/ros2_ws/install/P1_ej1_sub:/home/sergio/ros2_ws/install/P1_ej1_pub:/home/sergio/ros2_ws/install/my_package:/home/sergio/ros2_ws/install/mma_talker:/home/sergio/ros2_ws/install/mma_service:/home/sergio/ros2_ws/install/mma_listener:/home/sergio/ros2_ws/install/mma_interfaces:/home/sergio/ros2_ws/install/ejercicio_tres_server:/home/sergio/ros2_ws/install/ejercicio_tres_interface:/home/sergio/ros2_ws/install/ejercicio_tres_client:/home/sergio/ros2_ws/install/ejercicio_dos:/home/sergio/ros2_ws/install/ejemplo_uno:/opt/ros/humble CMAKE_PREFIX_PATH=${CMAKE_PREFIX_PATH}:/home/sergio/ros2_ws/install/p1_ej3_servidor:/home/sergio/ros2_ws/install/p1_ej3_cliente:/home/sergio/ros2_ws/install/p1_ej2_nodos_sensor:/home/sergio/ros2_ws/install/p1_ej2_nodo4:/home/sergio/ros2_ws/install/P1_ej1_sub:/home/sergio/ros2_ws/install/P1_ej1_pub:/home/sergio/ros2_ws/install/my_package:/home/sergio/ros2_ws/install/mma_talker:/home/sergio/ros2_ws/install/mma_service:/home/sergio/ros2_ws/install/mma_listener:/home/sergio/ros2_ws/install/ejercicio_tres_server:/home/sergio/ros2_ws/install/ejercicio_tres_client:/home/sergio/ros2_ws/install/ejercicio_dos:/home/sergio/ros2_ws/install/ejemplo_uno:/opt/ros/humble PYTHONPATH=/home/sergio/ros2_ws/install/p1_ej2_nodos_sensor/lib/python3.10/site-packages:/home/sergio/ros2_ws/install/p1_ej3_servidor/lib/python3.10/site-packages:/home/sergio/ros2_ws/install/p1_ej3_interface/local/lib/python3.10/dist-packages:/home/sergio/ros2_ws/install/p1_ej3_cliente/lib/python3.10/site-packages:/home/sergio/ros2_ws/install/p1_ej2_interface/local/lib/python3.10/dist-packages:/home/sergio/ros2_ws/install/p1_ej2_nodo4/lib/python3.10/site-packages:/home/sergio/ros2_ws/install/P1_ej1_sub/lib/python3.10/site-packages:/home/sergio/ros2_ws/install/P1_ej1_pub/lib/python3.10/site-packages:/home/sergio/ros2_ws/install/my_package/lib/python3.10/site-packages:/home/sergio/ros2_ws/install/mma_talker/lib/python3.10/site-packages:/home/sergio/ros2_ws/install/mma_service/lib/python3.10/site-packages:/home/sergio/ros2_ws/install/mma_listener/lib/python3.10/site-packages:/home/sergio/ros2_ws/install/mma_interfaces/local/lib/python3.10/dist-packages:/home/sergio/ros2_ws/install/ejercicio_tres_server/lib/python3.10/site-packages:/home/sergio/ros2_ws/install/ejercicio_tres_interface/local/lib/python3.10/dist-packages:/home/sergio/ros2_ws/install/ejercicio_tres_client/lib/python3.10/site-packages:/home/sergio/ros2_ws/install/ejercicio_dos/lib/python3.10/site-packages:/home/sergio/ros2_ws/install/ejemplo_uno/lib/python3.10/site-packages:/opt/ros/humble/lib/python3.10/site-packages:/opt/ros/humble/local/lib/python3.10/dist-packages /usr/bin/cmake --install /home/sergio/ros2_ws/build/p1_ej2_interface
[2.404s] -- Install configuration: ""
[2.404s] -- Installing: /home/sergio/ros2_ws/install/p1_ej2_interface/share/ament_index/resource_index/rosidl_interfaces/p1_ej2_interface
[2.404s] -- Up-to-date: /home/sergio/ros2_ws/install/p1_ej2_interface/include/p1_ej2_interface/p1_ej2_interface
[2.404s] -- Up-to-date: /home/sergio/ros2_ws/install/p1_ej2_interface/include/p1_ej2_interface/p1_ej2_interface/msg
[2.404s] -- Installing: /home/sergio/ros2_ws/install/p1_ej2_interface/include/p1_ej2_interface/p1_ej2_interface/msg/sensor.h
[2.404s] -- Installing: /home/sergio/ros2_ws/install/p1_ej2_interface/include/p1_ej2_interface/p1_ej2_interface/msg/rosidl_generator_c__visibility_control.h
[2.405s] -- Up-to-date: /home/sergio/ros2_ws/install/p1_ej2_interface/include/p1_ej2_interface/p1_ej2_interface/msg/detail
[2.405s] -- Installing: /home/sergio/ros2_ws/install/p1_ej2_interface/include/p1_ej2_interface/p1_ej2_interface/msg/detail/filtered_sensor__type_support.h
[2.405s] -- Installing: /home/sergio/ros2_ws/install/p1_ej2_interface/include/p1_ej2_interface/p1_ej2_interface/msg/detail/filtered_sensor__functions.h
[2.405s] -- Installing: /home/sergio/ros2_ws/install/p1_ej2_interface/include/p1_ej2_interface/p1_ej2_interface/msg/detail/sensor__struct.h
[2.405s] -- Installing: /home/sergio/ros2_ws/install/p1_ej2_interface/include/p1_ej2_interface/p1_ej2_interface/msg/detail/filtered_sensor__struct.h
[2.405s] -- Installing: /home/sergio/ros2_ws/install/p1_ej2_interface/include/p1_ej2_interface/p1_ej2_interface/msg/detail/sensor__type_support.h
[2.405s] -- Installing: /home/sergio/ros2_ws/install/p1_ej2_interface/include/p1_ej2_interface/p1_ej2_interface/msg/detail/sensor__functions.h
[2.405s] -- Installing: /home/sergio/ros2_ws/install/p1_ej2_interface/include/p1_ej2_interface/p1_ej2_interface/msg/detail/filtered_sensor__functions.c
[2.405s] -- Installing: /home/sergio/ros2_ws/install/p1_ej2_interface/include/p1_ej2_interface/p1_ej2_interface/msg/detail/sensor__functions.c
[2.405s] -- Installing: /home/sergio/ros2_ws/install/p1_ej2_interface/include/p1_ej2_interface/p1_ej2_interface/msg/filtered_sensor.h
[2.405s] -- Up-to-date: /home/sergio/ros2_ws/install/p1_ej2_interface/share/p1_ej2_interface/environment/library_path.sh
[2.405s] -- Installing: /home/sergio/ros2_ws/install/p1_ej2_interface/share/p1_ej2_interface/environment/library_path.dsv
[2.406s] -- Installing: /home/sergio/ros2_ws/install/p1_ej2_interface/lib/libp1_ej2_interface__rosidl_generator_c.so
[2.406s] -- Set runtime path of "/home/sergio/ros2_ws/install/p1_ej2_interface/lib/libp1_ej2_interface__rosidl_generator_c.so" to ""
[2.406s] -- Up-to-date: /home/sergio/ros2_ws/install/p1_ej2_interface/include/p1_ej2_interface/p1_ej2_interface
[2.406s] -- Up-to-date: /home/sergio/ros2_ws/install/p1_ej2_interface/include/p1_ej2_interface/p1_ej2_interface/msg
[2.406s] -- Up-to-date: /home/sergio/ros2_ws/install/p1_ej2_interface/include/p1_ej2_interface/p1_ej2_interface/msg/detail
[2.406s] -- Installing: /home/sergio/ros2_ws/install/p1_ej2_interface/include/p1_ej2_interface/p1_ej2_interface/msg/detail/sensor__rosidl_typesupport_fastrtps_c.h
[2.406s] -- Installing: /home/sergio/ros2_ws/install/p1_ej2_interface/include/p1_ej2_interface/p1_ej2_interface/msg/detail/filtered_sensor__rosidl_typesupport_fastrtps_c.h
[2.406s] -- Installing: /home/sergio/ros2_ws/install/p1_ej2_interface/include/p1_ej2_interface/p1_ej2_interface/msg/rosidl_typesupport_fastrtps_c__visibility_control.h
[2.407s] -- Installing: /home/sergio/ros2_ws/install/p1_ej2_interface/lib/libp1_ej2_interface__rosidl_typesupport_fastrtps_c.so
[2.407s] -- Set runtime path of "/home/sergio/ros2_ws/install/p1_ej2_interface/lib/libp1_ej2_interface__rosidl_typesupport_fastrtps_c.so" to ""
[2.407s] -- Up-to-date: /home/sergio/ros2_ws/install/p1_ej2_interface/include/p1_ej2_interface/p1_ej2_interface
[2.407s] -- Up-to-date: /home/sergio/ros2_ws/install/p1_ej2_interface/include/p1_ej2_interface/p1_ej2_interface/msg
[2.407s] -- Installing: /home/sergio/ros2_ws/install/p1_ej2_interface/include/p1_ej2_interface/p1_ej2_interface/msg/rosidl_typesupport_introspection_c__visibility_control.h
[2.407s] -- Up-to-date: /home/sergio/ros2_ws/install/p1_ej2_interface/include/p1_ej2_interface/p1_ej2_interface/msg/detail
[2.407s] -- Installing: /home/sergio/ros2_ws/install/p1_ej2_interface/include/p1_ej2_interface/p1_ej2_interface/msg/detail/sensor__type_support.c
[2.407s] -- Installing: /home/sergio/ros2_ws/install/p1_ej2_interface/include/p1_ej2_interface/p1_ej2_interface/msg/detail/filtered_sensor__rosidl_typesupport_introspection_c.h
[2.408s] -- Installing: /home/sergio/ros2_ws/install/p1_ej2_interface/include/p1_ej2_interface/p1_ej2_interface/msg/detail/filtered_sensor__type_support.c
[2.408s] -- Installing: /home/sergio/ros2_ws/install/p1_ej2_interface/include/p1_ej2_interface/p1_ej2_interface/msg/detail/sensor__rosidl_typesupport_introspection_c.h
[2.408s] -- Installing: /home/sergio/ros2_ws/install/p1_ej2_interface/lib/libp1_ej2_interface__rosidl_typesupport_introspection_c.so
[2.409s] -- Set runtime path of "/home/sergio/ros2_ws/install/p1_ej2_interface/lib/libp1_ej2_interface__rosidl_typesupport_introspection_c.so" to ""
[2.409s] -- Installing: /home/sergio/ros2_ws/install/p1_ej2_interface/lib/libp1_ej2_interface__rosidl_typesupport_c.so
[2.409s] -- Set runtime path of "/home/sergio/ros2_ws/install/p1_ej2_interface/lib/libp1_ej2_interface__rosidl_typesupport_c.so" to ""
[2.409s] -- Up-to-date: /home/sergio/ros2_ws/install/p1_ej2_interface/include/p1_ej2_interface/p1_ej2_interface
[2.409s] -- Up-to-date: /home/sergio/ros2_ws/install/p1_ej2_interface/include/p1_ej2_interface/p1_ej2_interface/msg
[2.409s] -- Installing: /home/sergio/ros2_ws/install/p1_ej2_interface/include/p1_ej2_interface/p1_ej2_interface/msg/rosidl_generator_cpp__visibility_control.hpp
[2.409s] -- Installing: /home/sergio/ros2_ws/install/p1_ej2_interface/include/p1_ej2_interface/p1_ej2_interface/msg/filtered_sensor.hpp
[2.409s] -- Up-to-date: /home/sergio/ros2_ws/install/p1_ej2_interface/include/p1_ej2_interface/p1_ej2_interface/msg/detail
[2.410s] -- Installing: /home/sergio/ros2_ws/install/p1_ej2_interface/include/p1_ej2_interface/p1_ej2_interface/msg/detail/filtered_sensor__traits.hpp
[2.410s] -- Installing: /home/sergio/ros2_ws/install/p1_ej2_interface/include/p1_ej2_interface/p1_ej2_interface/msg/detail/filtered_sensor__builder.hpp
[2.410s] -- Installing: /home/sergio/ros2_ws/install/p1_ej2_interface/include/p1_ej2_interface/p1_ej2_interface/msg/detail/filtered_sensor__type_support.hpp
[2.410s] -- Installing: /home/sergio/ros2_ws/install/p1_ej2_interface/include/p1_ej2_interface/p1_ej2_interface/msg/detail/sensor__struct.hpp
[2.410s] -- Installing: /home/sergio/ros2_ws/install/p1_ej2_interface/include/p1_ej2_interface/p1_ej2_interface/msg/detail/sensor__traits.hpp
[2.410s] -- Installing: /home/sergio/ros2_ws/install/p1_ej2_interface/include/p1_ej2_interface/p1_ej2_interface/msg/detail/sensor__builder.hpp
[2.410s] -- Installing: /home/sergio/ros2_ws/install/p1_ej2_interface/include/p1_ej2_interface/p1_ej2_interface/msg/detail/sensor__type_support.hpp
[2.410s] -- Installing: /home/sergio/ros2_ws/install/p1_ej2_interface/include/p1_ej2_interface/p1_ej2_interface/msg/detail/filtered_sensor__struct.hpp
[2.410s] -- Installing: /home/sergio/ros2_ws/install/p1_ej2_interface/include/p1_ej2_interface/p1_ej2_interface/msg/sensor.hpp
[2.410s] -- Up-to-date: /home/sergio/ros2_ws/install/p1_ej2_interface/include/p1_ej2_interface/p1_ej2_interface
[2.411s] -- Up-to-date: /home/sergio/ros2_ws/install/p1_ej2_interface/include/p1_ej2_interface/p1_ej2_interface/msg
[2.411s] -- Up-to-date: /home/sergio/ros2_ws/install/p1_ej2_interface/include/p1_ej2_interface/p1_ej2_interface/msg/detail
[2.411s] -- Up-to-date: /home/sergio/ros2_ws/install/p1_ej2_interface/include/p1_ej2_interface/p1_ej2_interface/msg/detail/dds_fastrtps
[2.411s] -- Installing: /home/sergio/ros2_ws/install/p1_ej2_interface/include/p1_ej2_interface/p1_ej2_interface/msg/detail/sensor__rosidl_typesupport_fastrtps_cpp.hpp
[2.411s] -- Installing: /home/sergio/ros2_ws/install/p1_ej2_interface/include/p1_ej2_interface/p1_ej2_interface/msg/detail/filtered_sensor__rosidl_typesupport_fastrtps_cpp.hpp
[2.411s] -- Installing: /home/sergio/ros2_ws/install/p1_ej2_interface/include/p1_ej2_interface/p1_ej2_interface/msg/rosidl_typesupport_fastrtps_cpp__visibility_control.h
[2.412s] -- Installing: /home/sergio/ros2_ws/install/p1_ej2_interface/lib/libp1_ej2_interface__rosidl_typesupport_fastrtps_cpp.so
[2.412s] -- Set runtime path of "/home/sergio/ros2_ws/install/p1_ej2_interface/lib/libp1_ej2_interface__rosidl_typesupport_fastrtps_cpp.so" to ""
[2.412s] -- Up-to-date: /home/sergio/ros2_ws/install/p1_ej2_interface/include/p1_ej2_interface/p1_ej2_interface
[2.412s] -- Up-to-date: /home/sergio/ros2_ws/install/p1_ej2_interface/include/p1_ej2_interface/p1_ej2_interface/msg
[2.413s] -- Up-to-date: /home/sergio/ros2_ws/install/p1_ej2_interface/include/p1_ej2_interface/p1_ej2_interface/msg/detail
[2.413s] -- Installing: /home/sergio/ros2_ws/install/p1_ej2_interface/include/p1_ej2_interface/p1_ej2_interface/msg/detail/sensor__rosidl_typesupport_introspection_cpp.hpp
[2.413s] -- Installing: /home/sergio/ros2_ws/install/p1_ej2_interface/include/p1_ej2_interface/p1_ej2_interface/msg/detail/sensor__type_support.cpp
[2.413s] -- Installing: /home/sergio/ros2_ws/install/p1_ej2_interface/include/p1_ej2_interface/p1_ej2_interface/msg/detail/filtered_sensor__rosidl_typesupport_introspection_cpp.hpp
[2.413s] -- Installing: /home/sergio/ros2_ws/install/p1_ej2_interface/include/p1_ej2_interface/p1_ej2_interface/msg/detail/filtered_sensor__type_support.cpp
[2.413s] -- Installing: /home/sergio/ros2_ws/install/p1_ej2_interface/lib/libp1_ej2_interface__rosidl_typesupport_introspection_cpp.so
[2.413s] -- Set runtime path of "/home/sergio/ros2_ws/install/p1_ej2_interface/lib/libp1_ej2_interface__rosidl_typesupport_introspection_cpp.so" to ""
[2.414s] -- Installing: /home/sergio/ros2_ws/install/p1_ej2_interface/lib/libp1_ej2_interface__rosidl_typesupport_cpp.so
[2.414s] -- Set runtime path of "/home/sergio/ros2_ws/install/p1_ej2_interface/lib/libp1_ej2_interface__rosidl_typesupport_cpp.so" to ""
[2.414s] -- Installing: /home/sergio/ros2_ws/install/p1_ej2_interface/share/p1_ej2_interface/environment/pythonpath.sh
[2.414s] -- Installing: /home/sergio/ros2_ws/install/p1_ej2_interface/share/p1_ej2_interface/environment/pythonpath.dsv
[2.414s] -- Up-to-date: /home/sergio/ros2_ws/install/p1_ej2_interface/local/lib/python3.10/dist-packages/p1_ej2_interface-0.0.0-py3.10.egg-info
[2.414s] -- Installing: /home/sergio/ros2_ws/install/p1_ej2_interface/local/lib/python3.10/dist-packages/p1_ej2_interface-0.0.0-py3.10.egg-info/PKG-INFO
[2.414s] -- Installing: /home/sergio/ros2_ws/install/p1_ej2_interface/local/lib/python3.10/dist-packages/p1_ej2_interface-0.0.0-py3.10.egg-info/SOURCES.txt
[2.414s] -- Installing: /home/sergio/ros2_ws/install/p1_ej2_interface/local/lib/python3.10/dist-packages/p1_ej2_interface-0.0.0-py3.10.egg-info/top_level.txt
[2.414s] -- Installing: /home/sergio/ros2_ws/install/p1_ej2_interface/local/lib/python3.10/dist-packages/p1_ej2_interface-0.0.0-py3.10.egg-info/dependency_links.txt
[2.415s] -- Up-to-date: /home/sergio/ros2_ws/install/p1_ej2_interface/local/lib/python3.10/dist-packages/p1_ej2_interface
[2.415s] -- Up-to-date: /home/sergio/ros2_ws/install/p1_ej2_interface/local/lib/python3.10/dist-packages/p1_ej2_interface/msg
[2.415s] -- Installing: /home/sergio/ros2_ws/install/p1_ej2_interface/local/lib/python3.10/dist-packages/p1_ej2_interface/msg/__init__.py
[2.415s] -- Installing: /home/sergio/ros2_ws/install/p1_ej2_interface/local/lib/python3.10/dist-packages/p1_ej2_interface/msg/_filtered_sensor_s.c
[2.415s] -- Installing: /home/sergio/ros2_ws/install/p1_ej2_interface/local/lib/python3.10/dist-packages/p1_ej2_interface/msg/_filtered_sensor.py
[2.415s] -- Installing: /home/sergio/ros2_ws/install/p1_ej2_interface/local/lib/python3.10/dist-packages/p1_ej2_interface/msg/_sensor.py
[2.415s] -- Installing: /home/sergio/ros2_ws/install/p1_ej2_interface/local/lib/python3.10/dist-packages/p1_ej2_interface/msg/_sensor_s.c
[2.415s] -- Installing: /home/sergio/ros2_ws/install/p1_ej2_interface/local/lib/python3.10/dist-packages/p1_ej2_interface/__init__.py
[2.415s] -- Installing: /home/sergio/ros2_ws/install/p1_ej2_interface/local/lib/python3.10/dist-packages/p1_ej2_interface/libp1_ej2_interface__rosidl_generator_py.so
[2.416s] -- Installing: /home/sergio/ros2_ws/install/p1_ej2_interface/local/lib/python3.10/dist-packages/p1_ej2_interface/p1_ej2_interface_s__rosidl_typesupport_c.cpython-310-x86_64-linux-gnu.so
[2.416s] -- Installing: /home/sergio/ros2_ws/install/p1_ej2_interface/local/lib/python3.10/dist-packages/p1_ej2_interface/_p1_ej2_interface_s.ep.rosidl_typesupport_fastrtps_c.c
[2.416s] -- Installing: /home/sergio/ros2_ws/install/p1_ej2_interface/local/lib/python3.10/dist-packages/p1_ej2_interface/_p1_ej2_interface_s.ep.rosidl_typesupport_introspection_c.c
[2.416s] -- Installing: /home/sergio/ros2_ws/install/p1_ej2_interface/local/lib/python3.10/dist-packages/p1_ej2_interface/p1_ej2_interface_s__rosidl_typesupport_fastrtps_c.cpython-310-x86_64-linux-gnu.so
[2.416s] -- Installing: /home/sergio/ros2_ws/install/p1_ej2_interface/local/lib/python3.10/dist-packages/p1_ej2_interface/_p1_ej2_interface_s.ep.rosidl_typesupport_c.c
[2.417s] -- Installing: /home/sergio/ros2_ws/install/p1_ej2_interface/local/lib/python3.10/dist-packages/p1_ej2_interface/p1_ej2_interface_s__rosidl_typesupport_introspection_c.cpython-310-x86_64-linux-gnu.so
[2.447s] Listing '/home/sergio/ros2_ws/install/p1_ej2_interface/local/lib/python3.10/dist-packages/p1_ej2_interface'...
[2.447s] Compiling '/home/sergio/ros2_ws/install/p1_ej2_interface/local/lib/python3.10/dist-packages/p1_ej2_interface/__init__.py'...
[2.447s] Listing '/home/sergio/ros2_ws/install/p1_ej2_interface/local/lib/python3.10/dist-packages/p1_ej2_interface/msg'...
[2.447s] Compiling '/home/sergio/ros2_ws/install/p1_ej2_interface/local/lib/python3.10/dist-packages/p1_ej2_interface/msg/__init__.py'...
[2.447s] Compiling '/home/sergio/ros2_ws/install/p1_ej2_interface/local/lib/python3.10/dist-packages/p1_ej2_interface/msg/_filtered_sensor.py'...
[2.447s] Compiling '/home/sergio/ros2_ws/install/p1_ej2_interface/local/lib/python3.10/dist-packages/p1_ej2_interface/msg/_sensor.py'...
[2.450s] -- Installing: /home/sergio/ros2_ws/install/p1_ej2_interface/local/lib/python3.10/dist-packages/p1_ej2_interface/p1_ej2_interface_s__rosidl_typesupport_fastrtps_c.cpython-310-x86_64-linux-gnu.so
[2.450s] -- Set runtime path of "/home/sergio/ros2_ws/install/p1_ej2_interface/local/lib/python3.10/dist-packages/p1_ej2_interface/p1_ej2_interface_s__rosidl_typesupport_fastrtps_c.cpython-310-x86_64-linux-gnu.so" to ""
[2.451s] -- Installing: /home/sergio/ros2_ws/install/p1_ej2_interface/local/lib/python3.10/dist-packages/p1_ej2_interface/p1_ej2_interface_s__rosidl_typesupport_introspection_c.cpython-310-x86_64-linux-gnu.so
[2.451s] -- Set runtime path of "/home/sergio/ros2_ws/install/p1_ej2_interface/local/lib/python3.10/dist-packages/p1_ej2_interface/p1_ej2_interface_s__rosidl_typesupport_introspection_c.cpython-310-x86_64-linux-gnu.so" to ""
[2.451s] -- Installing: /home/sergio/ros2_ws/install/p1_ej2_interface/local/lib/python3.10/dist-packages/p1_ej2_interface/p1_ej2_interface_s__rosidl_typesupport_c.cpython-310-x86_64-linux-gnu.so
[2.451s] -- Set runtime path of "/home/sergio/ros2_ws/install/p1_ej2_interface/local/lib/python3.10/dist-packages/p1_ej2_interface/p1_ej2_interface_s__rosidl_typesupport_c.cpython-310-x86_64-linux-gnu.so" to ""
[2.451s] -- Installing: /home/sergio/ros2_ws/install/p1_ej2_interface/lib/libp1_ej2_interface__rosidl_generator_py.so
[2.451s] -- Set runtime path of "/home/sergio/ros2_ws/install/p1_ej2_interface/lib/libp1_ej2_interface__rosidl_generator_py.so" to ""
[2.451s] -- Installing: /home/sergio/ros2_ws/install/p1_ej2_interface/share/p1_ej2_interface/msg/Sensor.idl
[2.451s] -- Installing: /home/sergio/ros2_ws/install/p1_ej2_interface/share/p1_ej2_interface/msg/FilteredSensor.idl
[2.452s] -- Up-to-date: /home/sergio/ros2_ws/install/p1_ej2_interface/share/p1_ej2_interface/msg/Sensor.msg
[2.452s] -- Installing: /home/sergio/ros2_ws/install/p1_ej2_interface/share/p1_ej2_interface/msg/FilteredSensor.msg
[2.452s] -- Up-to-date: /home/sergio/ros2_ws/install/p1_ej2_interface/share/p1_ej2_interface/launch
[2.452s] -- Up-to-date: /home/sergio/ros2_ws/install/p1_ej2_interface/share/p1_ej2_interface/launch/mi_launch.launch.py
[2.452s] -- Up-to-date: /home/sergio/ros2_ws/install/p1_ej2_interface/share/p1_ej2_interface/launch/__pycache__
[2.452s] -- Up-to-date: /home/sergio/ros2_ws/install/p1_ej2_interface/share/p1_ej2_interface/launch/__pycache__/mi_launch.cpython-310.pyc
[2.452s] -- Installing: /home/sergio/ros2_ws/install/p1_ej2_interface/share/ament_index/resource_index/package_run_dependencies/p1_ej2_interface
[2.452s] -- Installing: /home/sergio/ros2_ws/install/p1_ej2_interface/share/ament_index/resource_index/parent_prefix_path/p1_ej2_interface
[2.452s] -- Up-to-date: /home/sergio/ros2_ws/install/p1_ej2_interface/share/p1_ej2_interface/environment/ament_prefix_path.sh
[2.452s] -- Installing: /home/sergio/ros2_ws/install/p1_ej2_interface/share/p1_ej2_interface/environment/ament_prefix_path.dsv
[2.452s] -- Up-to-date: /home/sergio/ros2_ws/install/p1_ej2_interface/share/p1_ej2_interface/environment/path.sh
[2.452s] -- Installing: /home/sergio/ros2_ws/install/p1_ej2_interface/share/p1_ej2_interface/environment/path.dsv
[2.452s] -- Installing: /home/sergio/ros2_ws/install/p1_ej2_interface/share/p1_ej2_interface/local_setup.bash
[2.452s] -- Installing: /home/sergio/ros2_ws/install/p1_ej2_interface/share/p1_ej2_interface/local_setup.sh
[2.452s] -- Installing: /home/sergio/ros2_ws/install/p1_ej2_interface/share/p1_ej2_interface/local_setup.zsh
[2.452s] -- Installing: /home/sergio/ros2_ws/install/p1_ej2_interface/share/p1_ej2_interface/local_setup.dsv
[2.453s] -- Installing: /home/sergio/ros2_ws/install/p1_ej2_interface/share/p1_ej2_interface/package.dsv
[2.453s] -- Installing: /home/sergio/ros2_ws/install/p1_ej2_interface/share/ament_index/resource_index/packages/p1_ej2_interface
[2.453s] -- Installing: /home/sergio/ros2_ws/install/p1_ej2_interface/share/p1_ej2_interface/cmake/export_p1_ej2_interface__rosidl_generator_cExport.cmake
[2.453s] -- Installing: /home/sergio/ros2_ws/install/p1_ej2_interface/share/p1_ej2_interface/cmake/export_p1_ej2_interface__rosidl_generator_cExport-noconfig.cmake
[2.453s] -- Installing: /home/sergio/ros2_ws/install/p1_ej2_interface/share/p1_ej2_interface/cmake/export_p1_ej2_interface__rosidl_typesupport_fastrtps_cExport.cmake
[2.453s] -- Installing: /home/sergio/ros2_ws/install/p1_ej2_interface/share/p1_ej2_interface/cmake/export_p1_ej2_interface__rosidl_typesupport_fastrtps_cExport-noconfig.cmake
[2.453s] -- Installing: /home/sergio/ros2_ws/install/p1_ej2_interface/share/p1_ej2_interface/cmake/p1_ej2_interface__rosidl_typesupport_introspection_cExport.cmake
[2.453s] -- Installing: /home/sergio/ros2_ws/install/p1_ej2_interface/share/p1_ej2_interface/cmake/p1_ej2_interface__rosidl_typesupport_introspection_cExport-noconfig.cmake
[2.453s] -- Installing: /home/sergio/ros2_ws/install/p1_ej2_interface/share/p1_ej2_interface/cmake/p1_ej2_interface__rosidl_typesupport_cExport.cmake
[2.453s] -- Installing: /home/sergio/ros2_ws/install/p1_ej2_interface/share/p1_ej2_interface/cmake/p1_ej2_interface__rosidl_typesupport_cExport-noconfig.cmake
[2.454s] -- Installing: /home/sergio/ros2_ws/install/p1_ej2_interface/share/p1_ej2_interface/cmake/export_p1_ej2_interface__rosidl_generator_cppExport.cmake
[2.454s] -- Installing: /home/sergio/ros2_ws/install/p1_ej2_interface/share/p1_ej2_interface/cmake/export_p1_ej2_interface__rosidl_typesupport_fastrtps_cppExport.cmake
[2.454s] -- Installing: /home/sergio/ros2_ws/install/p1_ej2_interface/share/p1_ej2_interface/cmake/export_p1_ej2_interface__rosidl_typesupport_fastrtps_cppExport-noconfig.cmake
[2.454s] -- Installing: /home/sergio/ros2_ws/install/p1_ej2_interface/share/p1_ej2_interface/cmake/p1_ej2_interface__rosidl_typesupport_introspection_cppExport.cmake
[2.454s] -- Installing: /home/sergio/ros2_ws/install/p1_ej2_interface/share/p1_ej2_interface/cmake/p1_ej2_interface__rosidl_typesupport_introspection_cppExport-noconfig.cmake
[2.454s] -- Installing: /home/sergio/ros2_ws/install/p1_ej2_interface/share/p1_ej2_interface/cmake/p1_ej2_interface__rosidl_typesupport_cppExport.cmake
[2.454s] -- Installing: /home/sergio/ros2_ws/install/p1_ej2_interface/share/p1_ej2_interface/cmake/p1_ej2_interface__rosidl_typesupport_cppExport-noconfig.cmake
[2.454s] -- Installing: /home/sergio/ros2_ws/install/p1_ej2_interface/share/p1_ej2_interface/cmake/export_p1_ej2_interface__rosidl_generator_pyExport.cmake
[2.454s] -- Installing: /home/sergio/ros2_ws/install/p1_ej2_interface/share/p1_ej2_interface/cmake/export_p1_ej2_interface__rosidl_generator_pyExport-noconfig.cmake
[2.454s] -- Installing: /home/sergio/ros2_ws/install/p1_ej2_interface/share/p1_ej2_interface/cmake/rosidl_cmake-extras.cmake
[2.455s] -- Installing: /home/sergio/ros2_ws/install/p1_ej2_interface/share/p1_ej2_interface/cmake/ament_cmake_export_include_directories-extras.cmake
[2.455s] -- Installing: /home/sergio/ros2_ws/install/p1_ej2_interface/share/p1_ej2_interface/cmake/ament_cmake_export_libraries-extras.cmake
[2.455s] -- Installing: /home/sergio/ros2_ws/install/p1_ej2_interface/share/p1_ej2_interface/cmake/ament_cmake_export_targets-extras.cmake
[2.455s] -- Installing: /home/sergio/ros2_ws/install/p1_ej2_interface/share/p1_ej2_interface/cmake/rosidl_cmake_export_typesupport_targets-extras.cmake
[2.455s] -- Installing: /home/sergio/ros2_ws/install/p1_ej2_interface/share/p1_ej2_interface/cmake/ament_cmake_export_dependencies-extras.cmake
[2.455s] -- Installing: /home/sergio/ros2_ws/install/p1_ej2_interface/share/p1_ej2_interface/cmake/rosidl_cmake_export_typesupport_libraries-extras.cmake
[2.455s] -- Installing: /home/sergio/ros2_ws/install/p1_ej2_interface/share/p1_ej2_interface/cmake/p1_ej2_interfaceConfig.cmake
[2.455s] -- Installing: /home/sergio/ros2_ws/install/p1_ej2_interface/share/p1_ej2_interface/cmake/p1_ej2_interfaceConfig-version.cmake
[2.455s] -- Installing: /home/sergio/ros2_ws/install/p1_ej2_interface/share/p1_ej2_interface/package.xml
[2.457s] Invoked command in '/home/sergio/ros2_ws/build/p1_ej2_interface' returned '0': AMENT_PREFIX_PATH=/home/sergio/ros2_ws/install/p1_ej2_nodos_sensor:/home/sergio/ros2_ws/install/p1_ej3_servidor:/home/sergio/ros2_ws/install/p1_ej3_interface:/home/sergio/ros2_ws/install/p1_ej3_cliente:/home/sergio/ros2_ws/install/p1_ej2_interface:/home/sergio/ros2_ws/install/p1_ej2_nodo4:/home/sergio/ros2_ws/install/P1_ej1_sub:/home/sergio/ros2_ws/install/P1_ej1_pub:/home/sergio/ros2_ws/install/my_package:/home/sergio/ros2_ws/install/mma_talker:/home/sergio/ros2_ws/install/mma_service:/home/sergio/ros2_ws/install/mma_listener:/home/sergio/ros2_ws/install/mma_interfaces:/home/sergio/ros2_ws/install/ejercicio_tres_server:/home/sergio/ros2_ws/install/ejercicio_tres_interface:/home/sergio/ros2_ws/install/ejercicio_tres_client:/home/sergio/ros2_ws/install/ejercicio_dos:/home/sergio/ros2_ws/install/ejemplo_uno:/opt/ros/humble CMAKE_PREFIX_PATH=${CMAKE_PREFIX_PATH}:/home/sergio/ros2_ws/install/p1_ej3_servidor:/home/sergio/ros2_ws/install/p1_ej3_cliente:/home/sergio/ros2_ws/install/p1_ej2_nodos_sensor:/home/sergio/ros2_ws/install/p1_ej2_nodo4:/home/sergio/ros2_ws/install/P1_ej1_sub:/home/sergio/ros2_ws/install/P1_ej1_pub:/home/sergio/ros2_ws/install/my_package:/home/sergio/ros2_ws/install/mma_talker:/home/sergio/ros2_ws/install/mma_service:/home/sergio/ros2_ws/install/mma_listener:/home/sergio/ros2_ws/install/ejercicio_tres_server:/home/sergio/ros2_ws/install/ejercicio_tres_client:/home/sergio/ros2_ws/install/ejercicio_dos:/home/sergio/ros2_ws/install/ejemplo_uno:/opt/ros/humble PYTHONPATH=/home/sergio/ros2_ws/install/p1_ej2_nodos_sensor/lib/python3.10/site-packages:/home/sergio/ros2_ws/install/p1_ej3_servidor/lib/python3.10/site-packages:/home/sergio/ros2_ws/install/p1_ej3_interface/local/lib/python3.10/dist-packages:/home/sergio/ros2_ws/install/p1_ej3_cliente/lib/python3.10/site-packages:/home/sergio/ros2_ws/install/p1_ej2_interface/local/lib/python3.10/dist-packages:/home/sergio/ros2_ws/install/p1_ej2_nodo4/lib/python3.10/site-packages:/home/sergio/ros2_ws/install/P1_ej1_sub/lib/python3.10/site-packages:/home/sergio/ros2_ws/install/P1_ej1_pub/lib/python3.10/site-packages:/home/sergio/ros2_ws/install/my_package/lib/python3.10/site-packages:/home/sergio/ros2_ws/install/mma_talker/lib/python3.10/site-packages:/home/sergio/ros2_ws/install/mma_service/lib/python3.10/site-packages:/home/sergio/ros2_ws/install/mma_listener/lib/python3.10/site-packages:/home/sergio/ros2_ws/install/mma_interfaces/local/lib/python3.10/dist-packages:/home/sergio/ros2_ws/install/ejercicio_tres_server/lib/python3.10/site-packages:/home/sergio/ros2_ws/install/ejercicio_tres_interface/local/lib/python3.10/dist-packages:/home/sergio/ros2_ws/install/ejercicio_tres_client/lib/python3.10/site-packages:/home/sergio/ros2_ws/install/ejercicio_dos/lib/python3.10/site-packages:/home/sergio/ros2_ws/install/ejemplo_uno/lib/python3.10/site-packages:/opt/ros/humble/lib/python3.10/site-packages:/opt/ros/humble/local/lib/python3.10/dist-packages /usr/bin/cmake --install /home/sergio/ros2_ws/build/p1_ej2_interface
