[0.068s] Invoking command in '/home/sergio/ros2_ws/build/p1_ej2_interface': AMENT_PREFIX_PATH=/home/sergio/ros2_ws/install/p1_ej2_nodos_sensor:/home/sergio/ros2_ws/install/p1_ej2_nodo4:/home/sergio/ros2_ws/install/robot_description:/home/sergio/ros2_ws/install/robot_trr:/home/sergio/ros2_ws/install/p1_ej3_servidor:/home/sergio/ros2_ws/install/p1_ej3_interface:/home/sergio/ros2_ws/install/p1_ej3_cliente:/home/sergio/ros2_ws/install/p1_ej2_interface:/home/sergio/ros2_ws/install/p1_ej2_nodo5:/home/sergio/ros2_ws/install/my_package:/home/sergio/ros2_ws/install/mma_talker:/home/sergio/ros2_ws/install/mma_service:/home/sergio/ros2_ws/install/mma_listener:/home/sergio/ros2_ws/install/mma_interfaces:/home/sergio/ros2_ws/install/ejercicio_tres_server:/home/sergio/ros2_ws/install/ejercicio_tres_interface:/home/sergio/ros2_ws/install/ejercicio_tres_client:/home/sergio/ros2_ws/install/ejercicio_dos:/home/sergio/ros2_ws/install/ejemplo_uno:/home/sergio/ros2_ws/install/P1_ej1_sub:/home/sergio/ros2_ws/install/P1_ej1_pub:/opt/ros/humble CMAKE_PREFIX_PATH=${CMAKE_PREFIX_PATH}:/home/sergio/ros2_ws/install/p1_ej3_servidor:/home/sergio/ros2_ws/install/p1_ej3_cliente:/home/sergio/ros2_ws/install/p1_ej2_nodos_sensor:/home/sergio/ros2_ws/install/p1_ej2_nodo5:/home/sergio/ros2_ws/install/p1_ej2_nodo4:/home/sergio/ros2_ws/install/my_package:/home/sergio/ros2_ws/install/mma_talker:/home/sergio/ros2_ws/install/mma_service:/home/sergio/ros2_ws/install/mma_listener:/home/sergio/ros2_ws/install/ejercicio_tres_server:/home/sergio/ros2_ws/install/ejercicio_tres_client:/home/sergio/ros2_ws/install/ejercicio_dos:/home/sergio/ros2_ws/install/ejemplo_uno:/home/sergio/ros2_ws/install/P1_ej1_sub:/home/sergio/ros2_ws/install/P1_ej1_pub:/opt/ros/humble PYTHONPATH=/home/sergio/ros2_ws/install/p1_ej2_nodos_sensor/lib/python3.10/site-packages:/home/sergio/ros2_ws/install/p1_ej2_nodo4/lib/python3.10/site-packages:/home/sergio/ros2_ws/install/p1_ej3_servidor/lib/python3.10/site-packages:/home/sergio/ros2_ws/install/p1_ej3_interface/local/lib/python3.10/dist-packages:/home/sergio/ros2_ws/install/p1_ej3_cliente/lib/python3.10/site-packages:/home/sergio/ros2_ws/install/p1_ej2_interface/local/lib/python3.10/dist-packages:/home/sergio/ros2_ws/install/p1_ej2_nodo5/lib/python3.10/site-packages:/home/sergio/ros2_ws/install/my_package/lib/python3.10/site-packages:/home/sergio/ros2_ws/install/mma_talker/lib/python3.10/site-packages:/home/sergio/ros2_ws/install/mma_service/lib/python3.10/site-packages:/home/sergio/ros2_ws/install/mma_listener/lib/python3.10/site-packages:/home/sergio/ros2_ws/install/mma_interfaces/local/lib/python3.10/dist-packages:/home/sergio/ros2_ws/install/ejercicio_tres_server/lib/python3.10/site-packages:/home/sergio/ros2_ws/install/ejercicio_tres_interface/local/lib/python3.10/dist-packages:/home/sergio/ros2_ws/install/ejercicio_tres_client/lib/python3.10/site-packages:/home/sergio/ros2_ws/install/ejercicio_dos/lib/python3.10/site-packages:/home/sergio/ros2_ws/install/ejemplo_uno/lib/python3.10/site-packages:/home/sergio/ros2_ws/install/P1_ej1_sub/lib/python3.10/site-packages:/home/sergio/ros2_ws/install/P1_ej1_pub/lib/python3.10/site-packages:/opt/ros/humble/lib/python3.10/site-packages:/opt/ros/humble/local/lib/python3.10/dist-packages /usr/bin/cmake --build /home/sergio/ros2_ws/build/p1_ej2_interface -- -j16 -l16
[0.125s] [ 10%] Built target p1_ej2_interface__rosidl_generator_c
[0.126s] [ 12%] Built target p1_ej2_interface__cpp
[0.142s] [ 12%] Built target ament_cmake_python_copy_p1_ej2_interface
[0.156s] [ 43%] Built target p1_ej2_interface__rosidl_typesupport_introspection_cpp
[0.156s] [ 43%] Built target p1_ej2_interface__rosidl_typesupport_c
[0.156s] [ 43%] Built target p1_ej2_interface__rosidl_typesupport_fastrtps_c
[0.158s] [ 53%] Built target p1_ej2_interface__rosidl_typesupport_introspection_c
[0.159s] [ 64%] Built target p1_ej2_interface__rosidl_typesupport_fastrtps_cpp
[0.162s] [ 74%] Built target p1_ej2_interface__rosidl_typesupport_cpp
[0.186s] [ 74%] Built target p1_ej2_interface
[0.208s] [ 76%] Built target p1_ej2_interface__py
[0.224s] [ 84%] Built target p1_ej2_interface__rosidl_generator_py
[0.239s] [100%] Built target p1_ej2_interface__rosidl_typesupport_c__pyext
[0.240s] [100%] Built target p1_ej2_interface__rosidl_typesupport_fastrtps_c__pyext
[0.240s] [100%] Built target p1_ej2_interface__rosidl_typesupport_introspection_c__pyext
[0.342s] running egg_info
[0.343s] writing p1_ej2_interface.egg-info/PKG-INFO
[0.343s] writing dependency_links to p1_ej2_interface.egg-info/dependency_links.txt
[0.343s] writing top-level names to p1_ej2_interface.egg-info/top_level.txt
[0.344s] reading manifest file 'p1_ej2_interface.egg-info/SOURCES.txt'
[0.345s] writing manifest file 'p1_ej2_interface.egg-info/SOURCES.txt'
[0.368s] [100%] Built target ament_cmake_python_build_p1_ej2_interface_egg
[0.379s] Invoked command in '/home/sergio/ros2_ws/build/p1_ej2_interface' returned '0': AMENT_PREFIX_PATH=/home/sergio/ros2_ws/install/p1_ej2_nodos_sensor:/home/sergio/ros2_ws/install/p1_ej2_nodo4:/home/sergio/ros2_ws/install/robot_description:/home/sergio/ros2_ws/install/robot_trr:/home/sergio/ros2_ws/install/p1_ej3_servidor:/home/sergio/ros2_ws/install/p1_ej3_interface:/home/sergio/ros2_ws/install/p1_ej3_cliente:/home/sergio/ros2_ws/install/p1_ej2_interface:/home/sergio/ros2_ws/install/p1_ej2_nodo5:/home/sergio/ros2_ws/install/my_package:/home/sergio/ros2_ws/install/mma_talker:/home/sergio/ros2_ws/install/mma_service:/home/sergio/ros2_ws/install/mma_listener:/home/sergio/ros2_ws/install/mma_interfaces:/home/sergio/ros2_ws/install/ejercicio_tres_server:/home/sergio/ros2_ws/install/ejercicio_tres_interface:/home/sergio/ros2_ws/install/ejercicio_tres_client:/home/sergio/ros2_ws/install/ejercicio_dos:/home/sergio/ros2_ws/install/ejemplo_uno:/home/sergio/ros2_ws/install/P1_ej1_sub:/home/sergio/ros2_ws/install/P1_ej1_pub:/opt/ros/humble CMAKE_PREFIX_PATH=${CMAKE_PREFIX_PATH}:/home/sergio/ros2_ws/install/p1_ej3_servidor:/home/sergio/ros2_ws/install/p1_ej3_cliente:/home/sergio/ros2_ws/install/p1_ej2_nodos_sensor:/home/sergio/ros2_ws/install/p1_ej2_nodo5:/home/sergio/ros2_ws/install/p1_ej2_nodo4:/home/sergio/ros2_ws/install/my_package:/home/sergio/ros2_ws/install/mma_talker:/home/sergio/ros2_ws/install/mma_service:/home/sergio/ros2_ws/install/mma_listener:/home/sergio/ros2_ws/install/ejercicio_tres_server:/home/sergio/ros2_ws/install/ejercicio_tres_client:/home/sergio/ros2_ws/install/ejercicio_dos:/home/sergio/ros2_ws/install/ejemplo_uno:/home/sergio/ros2_ws/install/P1_ej1_sub:/home/sergio/ros2_ws/install/P1_ej1_pub:/opt/ros/humble PYTHONPATH=/home/sergio/ros2_ws/install/p1_ej2_nodos_sensor/lib/python3.10/site-packages:/home/sergio/ros2_ws/install/p1_ej2_nodo4/lib/python3.10/site-packages:/home/sergio/ros2_ws/install/p1_ej3_servidor/lib/python3.10/site-packages:/home/sergio/ros2_ws/install/p1_ej3_interface/local/lib/python3.10/dist-packages:/home/sergio/ros2_ws/install/p1_ej3_cliente/lib/python3.10/site-packages:/home/sergio/ros2_ws/install/p1_ej2_interface/local/lib/python3.10/dist-packages:/home/sergio/ros2_ws/install/p1_ej2_nodo5/lib/python3.10/site-packages:/home/sergio/ros2_ws/install/my_package/lib/python3.10/site-packages:/home/sergio/ros2_ws/install/mma_talker/lib/python3.10/site-packages:/home/sergio/ros2_ws/install/mma_service/lib/python3.10/site-packages:/home/sergio/ros2_ws/install/mma_listener/lib/python3.10/site-packages:/home/sergio/ros2_ws/install/mma_interfaces/local/lib/python3.10/dist-packages:/home/sergio/ros2_ws/install/ejercicio_tres_server/lib/python3.10/site-packages:/home/sergio/ros2_ws/install/ejercicio_tres_interface/local/lib/python3.10/dist-packages:/home/sergio/ros2_ws/install/ejercicio_tres_client/lib/python3.10/site-packages:/home/sergio/ros2_ws/install/ejercicio_dos/lib/python3.10/site-packages:/home/sergio/ros2_ws/install/ejemplo_uno/lib/python3.10/site-packages:/home/sergio/ros2_ws/install/P1_ej1_sub/lib/python3.10/site-packages:/home/sergio/ros2_ws/install/P1_ej1_pub/lib/python3.10/site-packages:/opt/ros/humble/lib/python3.10/site-packages:/opt/ros/humble/local/lib/python3.10/dist-packages /usr/bin/cmake --build /home/sergio/ros2_ws/build/p1_ej2_interface -- -j16 -l16
[0.382s] Invoking command in '/home/sergio/ros2_ws/build/p1_ej2_interface': AMENT_PREFIX_PATH=/home/sergio/ros2_ws/install/p1_ej2_nodos_sensor:/home/sergio/ros2_ws/install/p1_ej2_nodo4:/home/sergio/ros2_ws/install/robot_description:/home/sergio/ros2_ws/install/robot_trr:/home/sergio/ros2_ws/install/p1_ej3_servidor:/home/sergio/ros2_ws/install/p1_ej3_interface:/home/sergio/ros2_ws/install/p1_ej3_cliente:/home/sergio/ros2_ws/install/p1_ej2_interface:/home/sergio/ros2_ws/install/p1_ej2_nodo5:/home/sergio/ros2_ws/install/my_package:/home/sergio/ros2_ws/install/mma_talker:/home/sergio/ros2_ws/install/mma_service:/home/sergio/ros2_ws/install/mma_listener:/home/sergio/ros2_ws/install/mma_interfaces:/home/sergio/ros2_ws/install/ejercicio_tres_server:/home/sergio/ros2_ws/install/ejercicio_tres_interface:/home/sergio/ros2_ws/install/ejercicio_tres_client:/home/sergio/ros2_ws/install/ejercicio_dos:/home/sergio/ros2_ws/install/ejemplo_uno:/home/sergio/ros2_ws/install/P1_ej1_sub:/home/sergio/ros2_ws/install/P1_ej1_pub:/opt/ros/humble CMAKE_PREFIX_PATH=${CMAKE_PREFIX_PATH}:/home/sergio/ros2_ws/install/p1_ej3_servidor:/home/sergio/ros2_ws/install/p1_ej3_cliente:/home/sergio/ros2_ws/install/p1_ej2_nodos_sensor:/home/sergio/ros2_ws/install/p1_ej2_nodo5:/home/sergio/ros2_ws/install/p1_ej2_nodo4:/home/sergio/ros2_ws/install/my_package:/home/sergio/ros2_ws/install/mma_talker:/home/sergio/ros2_ws/install/mma_service:/home/sergio/ros2_ws/install/mma_listener:/home/sergio/ros2_ws/install/ejercicio_tres_server:/home/sergio/ros2_ws/install/ejercicio_tres_client:/home/sergio/ros2_ws/install/ejercicio_dos:/home/sergio/ros2_ws/install/ejemplo_uno:/home/sergio/ros2_ws/install/P1_ej1_sub:/home/sergio/ros2_ws/install/P1_ej1_pub:/opt/ros/humble PYTHONPATH=/home/sergio/ros2_ws/install/p1_ej2_nodos_sensor/lib/python3.10/site-packages:/home/sergio/ros2_ws/install/p1_ej2_nodo4/lib/python3.10/site-packages:/home/sergio/ros2_ws/install/p1_ej3_servidor/lib/python3.10/site-packages:/home/sergio/ros2_ws/install/p1_ej3_interface/local/lib/python3.10/dist-packages:/home/sergio/ros2_ws/install/p1_ej3_cliente/lib/python3.10/site-packages:/home/sergio/ros2_ws/install/p1_ej2_interface/local/lib/python3.10/dist-packages:/home/sergio/ros2_ws/install/p1_ej2_nodo5/lib/python3.10/site-packages:/home/sergio/ros2_ws/install/my_package/lib/python3.10/site-packages:/home/sergio/ros2_ws/install/mma_talker/lib/python3.10/site-packages:/home/sergio/ros2_ws/install/mma_service/lib/python3.10/site-packages:/home/sergio/ros2_ws/install/mma_listener/lib/python3.10/site-packages:/home/sergio/ros2_ws/install/mma_interfaces/local/lib/python3.10/dist-packages:/home/sergio/ros2_ws/install/ejercicio_tres_server/lib/python3.10/site-packages:/home/sergio/ros2_ws/install/ejercicio_tres_interface/local/lib/python3.10/dist-packages:/home/sergio/ros2_ws/install/ejercicio_tres_client/lib/python3.10/site-packages:/home/sergio/ros2_ws/install/ejercicio_dos/lib/python3.10/site-packages:/home/sergio/ros2_ws/install/ejemplo_uno/lib/python3.10/site-packages:/home/sergio/ros2_ws/install/P1_ej1_sub/lib/python3.10/site-packages:/home/sergio/ros2_ws/install/P1_ej1_pub/lib/python3.10/site-packages:/opt/ros/humble/lib/python3.10/site-packages:/opt/ros/humble/local/lib/python3.10/dist-packages /usr/bin/cmake --install /home/sergio/ros2_ws/build/p1_ej2_interface
[0.389s] -- Install configuration: ""
[0.389s] -- Up-to-date: /home/sergio/ros2_ws/install/p1_ej2_interface/share/ament_index/resource_index/rosidl_interfaces/p1_ej2_interface
[0.389s] -- Up-to-date: /home/sergio/ros2_ws/install/p1_ej2_interface/include/p1_ej2_interface/p1_ej2_interface
[0.389s] -- Up-to-date: /home/sergio/ros2_ws/install/p1_ej2_interface/include/p1_ej2_interface/p1_ej2_interface/msg
[0.389s] -- Up-to-date: /home/sergio/ros2_ws/install/p1_ej2_interface/include/p1_ej2_interface/p1_ej2_interface/msg/sensor.h
[0.389s] -- Up-to-date: /home/sergio/ros2_ws/install/p1_ej2_interface/include/p1_ej2_interface/p1_ej2_interface/msg/rosidl_generator_c__visibility_control.h
[0.389s] -- Up-to-date: /home/sergio/ros2_ws/install/p1_ej2_interface/include/p1_ej2_interface/p1_ej2_interface/msg/detail
[0.389s] -- Up-to-date: /home/sergio/ros2_ws/install/p1_ej2_interface/include/p1_ej2_interface/p1_ej2_interface/msg/detail/filtered_sensor__type_support.h
[0.389s] -- Up-to-date: /home/sergio/ros2_ws/install/p1_ej2_interface/include/p1_ej2_interface/p1_ej2_interface/msg/detail/filtered_sensor__functions.h
[0.390s] -- Up-to-date: /home/sergio/ros2_ws/install/p1_ej2_interface/include/p1_ej2_interface/p1_ej2_interface/msg/detail/sensor__struct.h
[0.390s] -- Up-to-date: /home/sergio/ros2_ws/install/p1_ej2_interface/include/p1_ej2_interface/p1_ej2_interface/msg/detail/filtered_sensor__struct.h
[0.390s] -- Up-to-date: /home/sergio/ros2_ws/install/p1_ej2_interface/include/p1_ej2_interface/p1_ej2_interface/msg/detail/sensor__type_support.h
[0.390s] -- Up-to-date: /home/sergio/ros2_ws/install/p1_ej2_interface/include/p1_ej2_interface/p1_ej2_interface/msg/detail/sensor__functions.h
[0.390s] -- Up-to-date: /home/sergio/ros2_ws/install/p1_ej2_interface/include/p1_ej2_interface/p1_ej2_interface/msg/detail/filtered_sensor__functions.c
[0.390s] -- Up-to-date: /home/sergio/ros2_ws/install/p1_ej2_interface/include/p1_ej2_interface/p1_ej2_interface/msg/detail/sensor__functions.c
[0.390s] -- Up-to-date: /home/sergio/ros2_ws/install/p1_ej2_interface/include/p1_ej2_interface/p1_ej2_interface/msg/filtered_sensor.h
[0.390s] -- Up-to-date: /home/sergio/ros2_ws/install/p1_ej2_interface/share/p1_ej2_interface/environment/library_path.sh
[0.390s] -- Up-to-date: /home/sergio/ros2_ws/install/p1_ej2_interface/share/p1_ej2_interface/environment/library_path.dsv
[0.390s] -- Up-to-date: /home/sergio/ros2_ws/install/p1_ej2_interface/lib/libp1_ej2_interface__rosidl_generator_c.so
[0.391s] -- Up-to-date: /home/sergio/ros2_ws/install/p1_ej2_interface/include/p1_ej2_interface/p1_ej2_interface
[0.391s] -- Up-to-date: /home/sergio/ros2_ws/install/p1_ej2_interface/include/p1_ej2_interface/p1_ej2_interface/msg
[0.391s] -- Up-to-date: /home/sergio/ros2_ws/install/p1_ej2_interface/include/p1_ej2_interface/p1_ej2_interface/msg/detail
[0.391s] -- Up-to-date: /home/sergio/ros2_ws/install/p1_ej2_interface/include/p1_ej2_interface/p1_ej2_interface/msg/detail/sensor__rosidl_typesupport_fastrtps_c.h
[0.391s] -- Up-to-date: /home/sergio/ros2_ws/install/p1_ej2_interface/include/p1_ej2_interface/p1_ej2_interface/msg/detail/filtered_sensor__rosidl_typesupport_fastrtps_c.h
[0.391s] -- Up-to-date: /home/sergio/ros2_ws/install/p1_ej2_interface/include/p1_ej2_interface/p1_ej2_interface/msg/rosidl_typesupport_fastrtps_c__visibility_control.h
[0.391s] -- Up-to-date: /home/sergio/ros2_ws/install/p1_ej2_interface/lib/libp1_ej2_interface__rosidl_typesupport_fastrtps_c.so
[0.392s] -- Up-to-date: /home/sergio/ros2_ws/install/p1_ej2_interface/include/p1_ej2_interface/p1_ej2_interface
[0.392s] -- Up-to-date: /home/sergio/ros2_ws/install/p1_ej2_interface/include/p1_ej2_interface/p1_ej2_interface/msg
[0.392s] -- Up-to-date: /home/sergio/ros2_ws/install/p1_ej2_interface/include/p1_ej2_interface/p1_ej2_interface/msg/rosidl_typesupport_introspection_c__visibility_control.h
[0.392s] -- Up-to-date: /home/sergio/ros2_ws/install/p1_ej2_interface/include/p1_ej2_interface/p1_ej2_interface/msg/detail
[0.392s] -- Up-to-date: /home/sergio/ros2_ws/install/p1_ej2_interface/include/p1_ej2_interface/p1_ej2_interface/msg/detail/sensor__type_support.c
[0.392s] -- Up-to-date: /home/sergio/ros2_ws/install/p1_ej2_interface/include/p1_ej2_interface/p1_ej2_interface/msg/detail/filtered_sensor__rosidl_typesupport_introspection_c.h
[0.392s] -- Up-to-date: /home/sergio/ros2_ws/install/p1_ej2_interface/include/p1_ej2_interface/p1_ej2_interface/msg/detail/filtered_sensor__type_support.c
[0.392s] -- Up-to-date: /home/sergio/ros2_ws/install/p1_ej2_interface/include/p1_ej2_interface/p1_ej2_interface/msg/detail/sensor__rosidl_typesupport_introspection_c.h
[0.392s] -- Up-to-date: /home/sergio/ros2_ws/install/p1_ej2_interface/lib/libp1_ej2_interface__rosidl_typesupport_introspection_c.so
[0.392s] -- Up-to-date: /home/sergio/ros2_ws/install/p1_ej2_interface/lib/libp1_ej2_interface__rosidl_typesupport_c.so
[0.393s] -- Up-to-date: /home/sergio/ros2_ws/install/p1_ej2_interface/include/p1_ej2_interface/p1_ej2_interface
[0.393s] -- Up-to-date: /home/sergio/ros2_ws/install/p1_ej2_interface/include/p1_ej2_interface/p1_ej2_interface/msg
[0.393s] -- Up-to-date: /home/sergio/ros2_ws/install/p1_ej2_interface/include/p1_ej2_interface/p1_ej2_interface/msg/rosidl_generator_cpp__visibility_control.hpp
[0.393s] -- Up-to-date: /home/sergio/ros2_ws/install/p1_ej2_interface/include/p1_ej2_interface/p1_ej2_interface/msg/filtered_sensor.hpp
[0.393s] -- Up-to-date: /home/sergio/ros2_ws/install/p1_ej2_interface/include/p1_ej2_interface/p1_ej2_interface/msg/detail
[0.393s] -- Up-to-date: /home/sergio/ros2_ws/install/p1_ej2_interface/include/p1_ej2_interface/p1_ej2_interface/msg/detail/filtered_sensor__traits.hpp
[0.393s] -- Up-to-date: /home/sergio/ros2_ws/install/p1_ej2_interface/include/p1_ej2_interface/p1_ej2_interface/msg/detail/filtered_sensor__builder.hpp
[0.393s] -- Up-to-date: /home/sergio/ros2_ws/install/p1_ej2_interface/include/p1_ej2_interface/p1_ej2_interface/msg/detail/filtered_sensor__type_support.hpp
[0.393s] -- Up-to-date: /home/sergio/ros2_ws/install/p1_ej2_interface/include/p1_ej2_interface/p1_ej2_interface/msg/detail/sensor__struct.hpp
[0.393s] -- Up-to-date: /home/sergio/ros2_ws/install/p1_ej2_interface/include/p1_ej2_interface/p1_ej2_interface/msg/detail/sensor__traits.hpp
[0.393s] -- Up-to-date: /home/sergio/ros2_ws/install/p1_ej2_interface/include/p1_ej2_interface/p1_ej2_interface/msg/detail/sensor__builder.hpp
[0.393s] -- Up-to-date: /home/sergio/ros2_ws/install/p1_ej2_interface/include/p1_ej2_interface/p1_ej2_interface/msg/detail/sensor__type_support.hpp
[0.393s] -- Up-to-date: /home/sergio/ros2_ws/install/p1_ej2_interface/include/p1_ej2_interface/p1_ej2_interface/msg/detail/filtered_sensor__struct.hpp
[0.393s] -- Up-to-date: /home/sergio/ros2_ws/install/p1_ej2_interface/include/p1_ej2_interface/p1_ej2_interface/msg/sensor.hpp
[0.393s] -- Up-to-date: /home/sergio/ros2_ws/install/p1_ej2_interface/include/p1_ej2_interface/p1_ej2_interface
[0.393s] -- Up-to-date: /home/sergio/ros2_ws/install/p1_ej2_interface/include/p1_ej2_interface/p1_ej2_interface/msg
[0.393s] -- Up-to-date: /home/sergio/ros2_ws/install/p1_ej2_interface/include/p1_ej2_interface/p1_ej2_interface/msg/detail
[0.393s] -- Up-to-date: /home/sergio/ros2_ws/install/p1_ej2_interface/include/p1_ej2_interface/p1_ej2_interface/msg/detail/dds_fastrtps
[0.393s] -- Up-to-date: /home/sergio/ros2_ws/install/p1_ej2_interface/include/p1_ej2_interface/p1_ej2_interface/msg/detail/sensor__rosidl_typesupport_fastrtps_cpp.hpp
[0.394s] -- Up-to-date: /home/sergio/ros2_ws/install/p1_ej2_interface/include/p1_ej2_interface/p1_ej2_interface/msg/detail/filtered_sensor__rosidl_typesupport_fastrtps_cpp.hpp
[0.394s] -- Up-to-date: /home/sergio/ros2_ws/install/p1_ej2_interface/include/p1_ej2_interface/p1_ej2_interface/msg/rosidl_typesupport_fastrtps_cpp__visibility_control.h
[0.394s] -- Up-to-date: /home/sergio/ros2_ws/install/p1_ej2_interface/lib/libp1_ej2_interface__rosidl_typesupport_fastrtps_cpp.so
[0.394s] -- Up-to-date: /home/sergio/ros2_ws/install/p1_ej2_interface/include/p1_ej2_interface/p1_ej2_interface
[0.394s] -- Up-to-date: /home/sergio/ros2_ws/install/p1_ej2_interface/include/p1_ej2_interface/p1_ej2_interface/msg
[0.394s] -- Up-to-date: /home/sergio/ros2_ws/install/p1_ej2_interface/include/p1_ej2_interface/p1_ej2_interface/msg/detail
[0.394s] -- Up-to-date: /home/sergio/ros2_ws/install/p1_ej2_interface/include/p1_ej2_interface/p1_ej2_interface/msg/detail/sensor__rosidl_typesupport_introspection_cpp.hpp
[0.394s] -- Up-to-date: /home/sergio/ros2_ws/install/p1_ej2_interface/include/p1_ej2_interface/p1_ej2_interface/msg/detail/sensor__type_support.cpp
[0.394s] -- Up-to-date: /home/sergio/ros2_ws/install/p1_ej2_interface/include/p1_ej2_interface/p1_ej2_interface/msg/detail/filtered_sensor__rosidl_typesupport_introspection_cpp.hpp
[0.394s] -- Up-to-date: /home/sergio/ros2_ws/install/p1_ej2_interface/include/p1_ej2_interface/p1_ej2_interface/msg/detail/filtered_sensor__type_support.cpp
[0.394s] -- Up-to-date: /home/sergio/ros2_ws/install/p1_ej2_interface/lib/libp1_ej2_interface__rosidl_typesupport_introspection_cpp.so
[0.394s] -- Up-to-date: /home/sergio/ros2_ws/install/p1_ej2_interface/lib/libp1_ej2_interface__rosidl_typesupport_cpp.so
[0.394s] -- Up-to-date: /home/sergio/ros2_ws/install/p1_ej2_interface/share/p1_ej2_interface/environment/pythonpath.sh
[0.394s] -- Up-to-date: /home/sergio/ros2_ws/install/p1_ej2_interface/share/p1_ej2_interface/environment/pythonpath.dsv
[0.394s] -- Up-to-date: /home/sergio/ros2_ws/install/p1_ej2_interface/local/lib/python3.10/dist-packages/p1_ej2_interface-0.0.0-py3.10.egg-info
[0.394s] -- Installing: /home/sergio/ros2_ws/install/p1_ej2_interface/local/lib/python3.10/dist-packages/p1_ej2_interface-0.0.0-py3.10.egg-info/PKG-INFO
[0.394s] -- Installing: /home/sergio/ros2_ws/install/p1_ej2_interface/local/lib/python3.10/dist-packages/p1_ej2_interface-0.0.0-py3.10.egg-info/SOURCES.txt
[0.394s] -- Installing: /home/sergio/ros2_ws/install/p1_ej2_interface/local/lib/python3.10/dist-packages/p1_ej2_interface-0.0.0-py3.10.egg-info/top_level.txt
[0.394s] -- Installing: /home/sergio/ros2_ws/install/p1_ej2_interface/local/lib/python3.10/dist-packages/p1_ej2_interface-0.0.0-py3.10.egg-info/dependency_links.txt
[0.394s] -- Up-to-date: /home/sergio/ros2_ws/install/p1_ej2_interface/local/lib/python3.10/dist-packages/p1_ej2_interface
[0.394s] -- Up-to-date: /home/sergio/ros2_ws/install/p1_ej2_interface/local/lib/python3.10/dist-packages/p1_ej2_interface/msg
[0.394s] -- Up-to-date: /home/sergio/ros2_ws/install/p1_ej2_interface/local/lib/python3.10/dist-packages/p1_ej2_interface/msg/__init__.py
[0.395s] -- Up-to-date: /home/sergio/ros2_ws/install/p1_ej2_interface/local/lib/python3.10/dist-packages/p1_ej2_interface/msg/_filtered_sensor_s.c
[0.395s] -- Up-to-date: /home/sergio/ros2_ws/install/p1_ej2_interface/local/lib/python3.10/dist-packages/p1_ej2_interface/msg/_filtered_sensor.py
[0.395s] -- Up-to-date: /home/sergio/ros2_ws/install/p1_ej2_interface/local/lib/python3.10/dist-packages/p1_ej2_interface/msg/_sensor.py
[0.395s] -- Up-to-date: /home/sergio/ros2_ws/install/p1_ej2_interface/local/lib/python3.10/dist-packages/p1_ej2_interface/msg/_sensor_s.c
[0.395s] -- Up-to-date: /home/sergio/ros2_ws/install/p1_ej2_interface/local/lib/python3.10/dist-packages/p1_ej2_interface/__init__.py
[0.395s] -- Up-to-date: /home/sergio/ros2_ws/install/p1_ej2_interface/local/lib/python3.10/dist-packages/p1_ej2_interface/libp1_ej2_interface__rosidl_generator_py.so
[0.395s] -- Up-to-date: /home/sergio/ros2_ws/install/p1_ej2_interface/local/lib/python3.10/dist-packages/p1_ej2_interface/p1_ej2_interface_s__rosidl_typesupport_c.cpython-310-x86_64-linux-gnu.so
[0.395s] -- Up-to-date: /home/sergio/ros2_ws/install/p1_ej2_interface/local/lib/python3.10/dist-packages/p1_ej2_interface/_p1_ej2_interface_s.ep.rosidl_typesupport_fastrtps_c.c
[0.395s] -- Up-to-date: /home/sergio/ros2_ws/install/p1_ej2_interface/local/lib/python3.10/dist-packages/p1_ej2_interface/_p1_ej2_interface_s.ep.rosidl_typesupport_introspection_c.c
[0.395s] -- Up-to-date: /home/sergio/ros2_ws/install/p1_ej2_interface/local/lib/python3.10/dist-packages/p1_ej2_interface/p1_ej2_interface_s__rosidl_typesupport_fastrtps_c.cpython-310-x86_64-linux-gnu.so
[0.395s] -- Up-to-date: /home/sergio/ros2_ws/install/p1_ej2_interface/local/lib/python3.10/dist-packages/p1_ej2_interface/_p1_ej2_interface_s.ep.rosidl_typesupport_c.c
[0.395s] -- Up-to-date: /home/sergio/ros2_ws/install/p1_ej2_interface/local/lib/python3.10/dist-packages/p1_ej2_interface/p1_ej2_interface_s__rosidl_typesupport_introspection_c.cpython-310-x86_64-linux-gnu.so
[0.423s] Listing '/home/sergio/ros2_ws/install/p1_ej2_interface/local/lib/python3.10/dist-packages/p1_ej2_interface'...
[0.423s] Listing '/home/sergio/ros2_ws/install/p1_ej2_interface/local/lib/python3.10/dist-packages/p1_ej2_interface/msg'...
[0.426s] -- Up-to-date: /home/sergio/ros2_ws/install/p1_ej2_interface/local/lib/python3.10/dist-packages/p1_ej2_interface/p1_ej2_interface_s__rosidl_typesupport_fastrtps_c.cpython-310-x86_64-linux-gnu.so
[0.426s] -- Up-to-date: /home/sergio/ros2_ws/install/p1_ej2_interface/local/lib/python3.10/dist-packages/p1_ej2_interface/p1_ej2_interface_s__rosidl_typesupport_introspection_c.cpython-310-x86_64-linux-gnu.so
[0.426s] -- Up-to-date: /home/sergio/ros2_ws/install/p1_ej2_interface/local/lib/python3.10/dist-packages/p1_ej2_interface/p1_ej2_interface_s__rosidl_typesupport_c.cpython-310-x86_64-linux-gnu.so
[0.426s] -- Up-to-date: /home/sergio/ros2_ws/install/p1_ej2_interface/lib/libp1_ej2_interface__rosidl_generator_py.so
[0.426s] -- Up-to-date: /home/sergio/ros2_ws/install/p1_ej2_interface/share/p1_ej2_interface/msg/Sensor.idl
[0.426s] -- Up-to-date: /home/sergio/ros2_ws/install/p1_ej2_interface/share/p1_ej2_interface/msg/FilteredSensor.idl
[0.426s] -- Up-to-date: /home/sergio/ros2_ws/install/p1_ej2_interface/share/p1_ej2_interface/msg/Sensor.msg
[0.427s] -- Up-to-date: /home/sergio/ros2_ws/install/p1_ej2_interface/share/p1_ej2_interface/msg/FilteredSensor.msg
[0.427s] -- Up-to-date: /home/sergio/ros2_ws/install/p1_ej2_interface/share/p1_ej2_interface/launch
[0.427s] -- Up-to-date: /home/sergio/ros2_ws/install/p1_ej2_interface/share/p1_ej2_interface/launch/mi_launch.launch.py
[0.427s] -- Up-to-date: /home/sergio/ros2_ws/install/p1_ej2_interface/share/p1_ej2_interface/launch/__pycache__
[0.427s] -- Up-to-date: /home/sergio/ros2_ws/install/p1_ej2_interface/share/p1_ej2_interface/launch/__pycache__/mi_launch.cpython-310.pyc
[0.427s] -- Up-to-date: /home/sergio/ros2_ws/install/p1_ej2_interface/share/p1_ej2_interface/launch/launch2.py
[0.427s] -- Up-to-date: /home/sergio/ros2_ws/install/p1_ej2_interface/share/ament_index/resource_index/package_run_dependencies/p1_ej2_interface
[0.427s] -- Up-to-date: /home/sergio/ros2_ws/install/p1_ej2_interface/share/ament_index/resource_index/parent_prefix_path/p1_ej2_interface
[0.427s] -- Up-to-date: /home/sergio/ros2_ws/install/p1_ej2_interface/share/p1_ej2_interface/environment/ament_prefix_path.sh
[0.427s] -- Up-to-date: /home/sergio/ros2_ws/install/p1_ej2_interface/share/p1_ej2_interface/environment/ament_prefix_path.dsv
[0.427s] -- Up-to-date: /home/sergio/ros2_ws/install/p1_ej2_interface/share/p1_ej2_interface/environment/path.sh
[0.427s] -- Up-to-date: /home/sergio/ros2_ws/install/p1_ej2_interface/share/p1_ej2_interface/environment/path.dsv
[0.427s] -- Up-to-date: /home/sergio/ros2_ws/install/p1_ej2_interface/share/p1_ej2_interface/local_setup.bash
[0.427s] -- Up-to-date: /home/sergio/ros2_ws/install/p1_ej2_interface/share/p1_ej2_interface/local_setup.sh
[0.427s] -- Up-to-date: /home/sergio/ros2_ws/install/p1_ej2_interface/share/p1_ej2_interface/local_setup.zsh
[0.427s] -- Up-to-date: /home/sergio/ros2_ws/install/p1_ej2_interface/share/p1_ej2_interface/local_setup.dsv
[0.427s] -- Installing: /home/sergio/ros2_ws/install/p1_ej2_interface/share/p1_ej2_interface/package.dsv
[0.427s] -- Up-to-date: /home/sergio/ros2_ws/install/p1_ej2_interface/share/ament_index/resource_index/packages/p1_ej2_interface
[0.427s] -- Up-to-date: /home/sergio/ros2_ws/install/p1_ej2_interface/share/p1_ej2_interface/cmake/export_p1_ej2_interface__rosidl_generator_cExport.cmake
[0.427s] -- Up-to-date: /home/sergio/ros2_ws/install/p1_ej2_interface/share/p1_ej2_interface/cmake/export_p1_ej2_interface__rosidl_generator_cExport-noconfig.cmake
[0.427s] -- Up-to-date: /home/sergio/ros2_ws/install/p1_ej2_interface/share/p1_ej2_interface/cmake/export_p1_ej2_interface__rosidl_typesupport_fastrtps_cExport.cmake
[0.427s] -- Up-to-date: /home/sergio/ros2_ws/install/p1_ej2_interface/share/p1_ej2_interface/cmake/export_p1_ej2_interface__rosidl_typesupport_fastrtps_cExport-noconfig.cmake
[0.427s] -- Up-to-date: /home/sergio/ros2_ws/install/p1_ej2_interface/share/p1_ej2_interface/cmake/p1_ej2_interface__rosidl_typesupport_introspection_cExport.cmake
[0.427s] -- Up-to-date: /home/sergio/ros2_ws/install/p1_ej2_interface/share/p1_ej2_interface/cmake/p1_ej2_interface__rosidl_typesupport_introspection_cExport-noconfig.cmake
[0.428s] -- Up-to-date: /home/sergio/ros2_ws/install/p1_ej2_interface/share/p1_ej2_interface/cmake/p1_ej2_interface__rosidl_typesupport_cExport.cmake
[0.428s] -- Up-to-date: /home/sergio/ros2_ws/install/p1_ej2_interface/share/p1_ej2_interface/cmake/p1_ej2_interface__rosidl_typesupport_cExport-noconfig.cmake
[0.428s] -- Up-to-date: /home/sergio/ros2_ws/install/p1_ej2_interface/share/p1_ej2_interface/cmake/export_p1_ej2_interface__rosidl_generator_cppExport.cmake
[0.428s] -- Up-to-date: /home/sergio/ros2_ws/install/p1_ej2_interface/share/p1_ej2_interface/cmake/export_p1_ej2_interface__rosidl_typesupport_fastrtps_cppExport.cmake
[0.428s] -- Up-to-date: /home/sergio/ros2_ws/install/p1_ej2_interface/share/p1_ej2_interface/cmake/export_p1_ej2_interface__rosidl_typesupport_fastrtps_cppExport-noconfig.cmake
[0.428s] -- Up-to-date: /home/sergio/ros2_ws/install/p1_ej2_interface/share/p1_ej2_interface/cmake/p1_ej2_interface__rosidl_typesupport_introspection_cppExport.cmake
[0.428s] -- Up-to-date: /home/sergio/ros2_ws/install/p1_ej2_interface/share/p1_ej2_interface/cmake/p1_ej2_interface__rosidl_typesupport_introspection_cppExport-noconfig.cmake
[0.428s] -- Up-to-date: /home/sergio/ros2_ws/install/p1_ej2_interface/share/p1_ej2_interface/cmake/p1_ej2_interface__rosidl_typesupport_cppExport.cmake
[0.428s] -- Up-to-date: /home/sergio/ros2_ws/install/p1_ej2_interface/share/p1_ej2_interface/cmake/p1_ej2_interface__rosidl_typesupport_cppExport-noconfig.cmake
[0.428s] -- Up-to-date: /home/sergio/ros2_ws/install/p1_ej2_interface/share/p1_ej2_interface/cmake/export_p1_ej2_interface__rosidl_generator_pyExport.cmake
[0.428s] -- Up-to-date: /home/sergio/ros2_ws/install/p1_ej2_interface/share/p1_ej2_interface/cmake/export_p1_ej2_interface__rosidl_generator_pyExport-noconfig.cmake
[0.428s] -- Up-to-date: /home/sergio/ros2_ws/install/p1_ej2_interface/share/p1_ej2_interface/cmake/rosidl_cmake-extras.cmake
[0.428s] -- Up-to-date: /home/sergio/ros2_ws/install/p1_ej2_interface/share/p1_ej2_interface/cmake/ament_cmake_export_include_directories-extras.cmake
[0.428s] -- Up-to-date: /home/sergio/ros2_ws/install/p1_ej2_interface/share/p1_ej2_interface/cmake/ament_cmake_export_libraries-extras.cmake
[0.428s] -- Up-to-date: /home/sergio/ros2_ws/install/p1_ej2_interface/share/p1_ej2_interface/cmake/ament_cmake_export_targets-extras.cmake
[0.428s] -- Up-to-date: /home/sergio/ros2_ws/install/p1_ej2_interface/share/p1_ej2_interface/cmake/rosidl_cmake_export_typesupport_targets-extras.cmake
[0.428s] -- Up-to-date: /home/sergio/ros2_ws/install/p1_ej2_interface/share/p1_ej2_interface/cmake/ament_cmake_export_dependencies-extras.cmake
[0.428s] -- Up-to-date: /home/sergio/ros2_ws/install/p1_ej2_interface/share/p1_ej2_interface/cmake/rosidl_cmake_export_typesupport_libraries-extras.cmake
[0.428s] -- Up-to-date: /home/sergio/ros2_ws/install/p1_ej2_interface/share/p1_ej2_interface/cmake/p1_ej2_interfaceConfig.cmake
[0.428s] -- Up-to-date: /home/sergio/ros2_ws/install/p1_ej2_interface/share/p1_ej2_interface/cmake/p1_ej2_interfaceConfig-version.cmake
[0.428s] -- Up-to-date: /home/sergio/ros2_ws/install/p1_ej2_interface/share/p1_ej2_interface/package.xml
[0.430s] Invoked command in '/home/sergio/ros2_ws/build/p1_ej2_interface' returned '0': AMENT_PREFIX_PATH=/home/sergio/ros2_ws/install/p1_ej2_nodos_sensor:/home/sergio/ros2_ws/install/p1_ej2_nodo4:/home/sergio/ros2_ws/install/robot_description:/home/sergio/ros2_ws/install/robot_trr:/home/sergio/ros2_ws/install/p1_ej3_servidor:/home/sergio/ros2_ws/install/p1_ej3_interface:/home/sergio/ros2_ws/install/p1_ej3_cliente:/home/sergio/ros2_ws/install/p1_ej2_interface:/home/sergio/ros2_ws/install/p1_ej2_nodo5:/home/sergio/ros2_ws/install/my_package:/home/sergio/ros2_ws/install/mma_talker:/home/sergio/ros2_ws/install/mma_service:/home/sergio/ros2_ws/install/mma_listener:/home/sergio/ros2_ws/install/mma_interfaces:/home/sergio/ros2_ws/install/ejercicio_tres_server:/home/sergio/ros2_ws/install/ejercicio_tres_interface:/home/sergio/ros2_ws/install/ejercicio_tres_client:/home/sergio/ros2_ws/install/ejercicio_dos:/home/sergio/ros2_ws/install/ejemplo_uno:/home/sergio/ros2_ws/install/P1_ej1_sub:/home/sergio/ros2_ws/install/P1_ej1_pub:/opt/ros/humble CMAKE_PREFIX_PATH=${CMAKE_PREFIX_PATH}:/home/sergio/ros2_ws/install/p1_ej3_servidor:/home/sergio/ros2_ws/install/p1_ej3_cliente:/home/sergio/ros2_ws/install/p1_ej2_nodos_sensor:/home/sergio/ros2_ws/install/p1_ej2_nodo5:/home/sergio/ros2_ws/install/p1_ej2_nodo4:/home/sergio/ros2_ws/install/my_package:/home/sergio/ros2_ws/install/mma_talker:/home/sergio/ros2_ws/install/mma_service:/home/sergio/ros2_ws/install/mma_listener:/home/sergio/ros2_ws/install/ejercicio_tres_server:/home/sergio/ros2_ws/install/ejercicio_tres_client:/home/sergio/ros2_ws/install/ejercicio_dos:/home/sergio/ros2_ws/install/ejemplo_uno:/home/sergio/ros2_ws/install/P1_ej1_sub:/home/sergio/ros2_ws/install/P1_ej1_pub:/opt/ros/humble PYTHONPATH=/home/sergio/ros2_ws/install/p1_ej2_nodos_sensor/lib/python3.10/site-packages:/home/sergio/ros2_ws/install/p1_ej2_nodo4/lib/python3.10/site-packages:/home/sergio/ros2_ws/install/p1_ej3_servidor/lib/python3.10/site-packages:/home/sergio/ros2_ws/install/p1_ej3_interface/local/lib/python3.10/dist-packages:/home/sergio/ros2_ws/install/p1_ej3_cliente/lib/python3.10/site-packages:/home/sergio/ros2_ws/install/p1_ej2_interface/local/lib/python3.10/dist-packages:/home/sergio/ros2_ws/install/p1_ej2_nodo5/lib/python3.10/site-packages:/home/sergio/ros2_ws/install/my_package/lib/python3.10/site-packages:/home/sergio/ros2_ws/install/mma_talker/lib/python3.10/site-packages:/home/sergio/ros2_ws/install/mma_service/lib/python3.10/site-packages:/home/sergio/ros2_ws/install/mma_listener/lib/python3.10/site-packages:/home/sergio/ros2_ws/install/mma_interfaces/local/lib/python3.10/dist-packages:/home/sergio/ros2_ws/install/ejercicio_tres_server/lib/python3.10/site-packages:/home/sergio/ros2_ws/install/ejercicio_tres_interface/local/lib/python3.10/dist-packages:/home/sergio/ros2_ws/install/ejercicio_tres_client/lib/python3.10/site-packages:/home/sergio/ros2_ws/install/ejercicio_dos/lib/python3.10/site-packages:/home/sergio/ros2_ws/install/ejemplo_uno/lib/python3.10/site-packages:/home/sergio/ros2_ws/install/P1_ej1_sub/lib/python3.10/site-packages:/home/sergio/ros2_ws/install/P1_ej1_pub/lib/python3.10/site-packages:/opt/ros/humble/lib/python3.10/site-packages:/opt/ros/humble/local/lib/python3.10/dist-packages /usr/bin/cmake --install /home/sergio/ros2_ws/build/p1_ej2_interface
