[  2%] Built target gtest
[  4%] Built target gmock_main
[  8%] Built target gmock
[ 10%] Built target gtest_main
[ 10%] Built target ament_cmake_python_copy_moveit
[ 29%] Built target moveit_task_constructor_core
[ 34%] Built target gtest_utils
[ 55%] Built target moveit_task_constructor_core_stages
[ 57%] Built target moveit_task_constructor_core_stage_plugins
[ 60%] Built target moveit_task_constructor_core-test-properties
[ 62%] Built target moveit_task_constructor_core-test-mockups
[ 64%] Built target moveit_task_constructor_core-test-serial
[ 67%] Built target moveit_task_constructor_core-test-container
[ 69%] Built target moveit_task_constructor_core-test-fallback
[ 71%] Built target moveit_task_constructor_core-test-stage
[ 74%] Built target moveit_task_constructor_core-test-cost-queue
[ 76%] Built target moveit_task_constructor_core-test-pruning
[ 78%] Built target moveit_task_constructor_core-test-cost-terms
[ 81%] Built target moveit_task_constructor_core-test-interface-state
[ 88%] Built target pymoveit_mtc
[ 90%] Built target moveit_task_constructor_core-test-move-relative
[ 92%] Built target pick_ur5
[ 95%] Built target moveit_task_constructor_core-test-move-to
[ 97%] Built target pick_pa10
[100%] Built target pick_pr2
running egg_info
writing moveit.egg-info/PKG-INFO
writing dependency_links to moveit.egg-info/dependency_links.txt
writing top-level names to moveit.egg-info/top_level.txt
reading manifest file 'moveit.egg-info/SOURCES.txt'
writing manifest file 'moveit.egg-info/SOURCES.txt'
[100%] Built target ament_cmake_python_build_moveit_egg
