[4.853s] Invoking command in '/home/sergio/ros2_ws/src/mma_talker': PYTHONPATH=/home/sergio/ros2_ws/build/mma_talker/prefix_override:/usr/lib/python3/dist-packages/colcon_core/task/python/colcon_distutils_commands:/home/sergio/ros2_ws/install/mma_talker/lib/python3.10/site-packages:${PYTHONPATH} /usr/bin/python3 -W ignore:setup.py install is deprecated -W ignore:easy_install command is deprecated setup.py egg_info --egg-base ../../build/mma_talker build --build-base /home/sergio/ros2_ws/build/mma_talker/build install --record /home/sergio/ros2_ws/build/mma_talker/install.log --single-version-externally-managed install_data
[5.693s] running egg_info
[5.694s] writing ../../build/mma_talker/mma_talker.egg-info/PKG-INFO
[5.698s] writing dependency_links to ../../build/mma_talker/mma_talker.egg-info/dependency_links.txt
[5.698s] writing entry points to ../../build/mma_talker/mma_talker.egg-info/entry_points.txt
[5.698s] writing requirements to ../../build/mma_talker/mma_talker.egg-info/requires.txt
[5.698s] writing top-level names to ../../build/mma_talker/mma_talker.egg-info/top_level.txt
[5.699s] reading manifest file '../../build/mma_talker/mma_talker.egg-info/SOURCES.txt'
[5.700s] writing manifest file '../../build/mma_talker/mma_talker.egg-info/SOURCES.txt'
[5.701s] running build
[5.701s] running build_py
[5.701s] running install
[5.702s] running install_lib
[5.706s] running install_data
[5.706s] running install_egg_info
[5.710s] removing '/home/sergio/ros2_ws/install/mma_talker/lib/python3.10/site-packages/mma_talker-0.0.0-py3.10.egg-info' (and everything under it)
[5.710s] Copying ../../build/mma_talker/mma_talker.egg-info to /home/sergio/ros2_ws/install/mma_talker/lib/python3.10/site-packages/mma_talker-0.0.0-py3.10.egg-info
[5.712s] running install_scripts
[5.764s] Installing mma_talker script to /home/sergio/ros2_ws/install/mma_talker/lib/mma_talker
[5.765s] Installing talker script to /home/sergio/ros2_ws/install/mma_talker/lib/mma_talker
[5.765s] writing list of installed files to '/home/sergio/ros2_ws/build/mma_talker/install.log'
[6.157s] Invoked command in '/home/sergio/ros2_ws/src/mma_talker' returned '0': PYTHONPATH=/home/sergio/ros2_ws/build/mma_talker/prefix_override:/usr/lib/python3/dist-packages/colcon_core/task/python/colcon_distutils_commands:/home/sergio/ros2_ws/install/mma_talker/lib/python3.10/site-packages:${PYTHONPATH} /usr/bin/python3 -W ignore:setup.py install is deprecated -W ignore:easy_install command is deprecated setup.py egg_info --egg-base ../../build/mma_talker build --build-base /home/sergio/ros2_ws/build/mma_talker/build install --record /home/sergio/ros2_ws/build/mma_talker/install.log --single-version-externally-managed install_data
