[5.422s] Invoking command in '/home/sergio/ros2_ws/src/P1_ej1_sub': PYTHONPATH=/home/sergio/ros2_ws/build/P1_ej1_sub/prefix_override:/usr/lib/python3/dist-packages/colcon_core/task/python/colcon_distutils_commands:/home/sergio/ros2_ws/install/P1_ej1_sub/lib/python3.10/site-packages:${PYTHONPATH} /usr/bin/python3 -W ignore:setup.py install is deprecated -W ignore:easy_install command is deprecated setup.py egg_info --egg-base ../../build/P1_ej1_sub build --build-base /home/sergio/ros2_ws/build/P1_ej1_sub/build install --record /home/sergio/ros2_ws/build/P1_ej1_sub/install.log --single-version-externally-managed install_data
[6.239s] running egg_info
[6.240s] writing ../../build/P1_ej1_sub/P1_ej1_sub.egg-info/PKG-INFO
[6.240s] writing dependency_links to ../../build/P1_ej1_sub/P1_ej1_sub.egg-info/dependency_links.txt
[6.240s] writing entry points to ../../build/P1_ej1_sub/P1_ej1_sub.egg-info/entry_points.txt
[6.241s] writing requirements to ../../build/P1_ej1_sub/P1_ej1_sub.egg-info/requires.txt
[6.241s] writing top-level names to ../../build/P1_ej1_sub/P1_ej1_sub.egg-info/top_level.txt
[6.245s] reading manifest file '../../build/P1_ej1_sub/P1_ej1_sub.egg-info/SOURCES.txt'
[6.248s] writing manifest file '../../build/P1_ej1_sub/P1_ej1_sub.egg-info/SOURCES.txt'
[6.249s] running build
[6.249s] running build_py
[6.249s] running install
[6.250s] running install_lib
[6.253s] running install_data
[6.257s] running install_egg_info
[6.259s] removing '/home/sergio/ros2_ws/install/P1_ej1_sub/lib/python3.10/site-packages/P1_ej1_sub-0.0.0-py3.10.egg-info' (and everything under it)
[6.260s] Copying ../../build/P1_ej1_sub/P1_ej1_sub.egg-info to /home/sergio/ros2_ws/install/P1_ej1_sub/lib/python3.10/site-packages/P1_ej1_sub-0.0.0-py3.10.egg-info
[6.262s] running install_scripts
[6.323s] Installing suscriptor script to /home/sergio/ros2_ws/install/P1_ej1_sub/lib/P1_ej1_sub
[6.324s] writing list of installed files to '/home/sergio/ros2_ws/build/P1_ej1_sub/install.log'
[6.381s] Invoked command in '/home/sergio/ros2_ws/src/P1_ej1_sub' returned '0': PYTHONPATH=/home/sergio/ros2_ws/build/P1_ej1_sub/prefix_override:/usr/lib/python3/dist-packages/colcon_core/task/python/colcon_distutils_commands:/home/sergio/ros2_ws/install/P1_ej1_sub/lib/python3.10/site-packages:${PYTHONPATH} /usr/bin/python3 -W ignore:setup.py install is deprecated -W ignore:easy_install command is deprecated setup.py egg_info --egg-base ../../build/P1_ej1_sub build --build-base /home/sergio/ros2_ws/build/P1_ej1_sub/build install --record /home/sergio/ros2_ws/build/P1_ej1_sub/install.log --single-version-externally-managed install_data
