[2.523s] Invoking command in '/home/sergio/ros2_ws/src/robot_autonomo': PYTHONPATH=/home/sergio/ros2_ws/build/robot_autonomo/prefix_override:/usr/lib/python3/dist-packages/colcon_core/task/python/colcon_distutils_commands:/home/sergio/ros2_ws/install/robot_autonomo/lib/python3.10/site-packages:${PYTHONPATH} /usr/bin/python3 -W ignore:setup.py install is deprecated -W ignore:easy_install command is deprecated setup.py egg_info --egg-base ../../build/robot_autonomo build --build-base /home/sergio/ros2_ws/build/robot_autonomo/build install --record /home/sergio/ros2_ws/build/robot_autonomo/install.log --single-version-externally-managed install_data
[2.956s] running egg_info
[2.957s] writing ../../build/robot_autonomo/robot_autonomo.egg-info/PKG-INFO
[2.957s] writing dependency_links to ../../build/robot_autonomo/robot_autonomo.egg-info/dependency_links.txt
[2.958s] writing entry points to ../../build/robot_autonomo/robot_autonomo.egg-info/entry_points.txt
[2.958s] writing requirements to ../../build/robot_autonomo/robot_autonomo.egg-info/requires.txt
[2.958s] writing top-level names to ../../build/robot_autonomo/robot_autonomo.egg-info/top_level.txt
[2.961s] reading manifest file '../../build/robot_autonomo/robot_autonomo.egg-info/SOURCES.txt'
[2.962s] writing manifest file '../../build/robot_autonomo/robot_autonomo.egg-info/SOURCES.txt'
[2.963s] running build
[2.963s] running build_py
[2.963s] copying robot_autonomo/evitar_obstaculos.py -> /home/sergio/ros2_ws/build/robot_autonomo/build/lib/robot_autonomo
[2.963s] running install
[2.964s] running install_lib
[2.966s] copying /home/sergio/ros2_ws/build/robot_autonomo/build/lib/robot_autonomo/evitar_obstaculos.py -> /home/sergio/ros2_ws/install/robot_autonomo/lib/python3.10/site-packages/robot_autonomo
[2.967s] byte-compiling /home/sergio/ros2_ws/install/robot_autonomo/lib/python3.10/site-packages/robot_autonomo/evitar_obstaculos.py to evitar_obstaculos.cpython-310.pyc
[2.968s] running install_data
[2.968s] running install_egg_info
[2.971s] removing '/home/sergio/ros2_ws/install/robot_autonomo/lib/python3.10/site-packages/robot_autonomo-0.0.0-py3.10.egg-info' (and everything under it)
[2.972s] Copying ../../build/robot_autonomo/robot_autonomo.egg-info to /home/sergio/ros2_ws/install/robot_autonomo/lib/python3.10/site-packages/robot_autonomo-0.0.0-py3.10.egg-info
[2.973s] running install_scripts
[3.008s] Installing evita_obstaculos script to /home/sergio/ros2_ws/install/robot_autonomo/lib/robot_autonomo
[3.008s] Installing evita_obstaculos2 script to /home/sergio/ros2_ws/install/robot_autonomo/lib/robot_autonomo
[3.008s] writing list of installed files to '/home/sergio/ros2_ws/build/robot_autonomo/install.log'
[3.038s] Invoked command in '/home/sergio/ros2_ws/src/robot_autonomo' returned '0': PYTHONPATH=/home/sergio/ros2_ws/build/robot_autonomo/prefix_override:/usr/lib/python3/dist-packages/colcon_core/task/python/colcon_distutils_commands:/home/sergio/ros2_ws/install/robot_autonomo/lib/python3.10/site-packages:${PYTHONPATH} /usr/bin/python3 -W ignore:setup.py install is deprecated -W ignore:easy_install command is deprecated setup.py egg_info --egg-base ../../build/robot_autonomo build --build-base /home/sergio/ros2_ws/build/robot_autonomo/build install --record /home/sergio/ros2_ws/build/robot_autonomo/install.log --single-version-externally-managed install_data
