[5.180s] Invoking command in '/home/sergio/ros2_ws/src/p2_ej3': PYTHONPATH=/home/sergio/ros2_ws/build/p2_ej3/prefix_override:/usr/lib/python3/dist-packages/colcon_core/task/python/colcon_distutils_commands:/home/sergio/ros2_ws/install/p2_ej3/lib/python3.10/site-packages:${PYTHONPATH} /usr/bin/python3 -W ignore:setup.py install is deprecated -W ignore:easy_install command is deprecated setup.py egg_info --egg-base ../../build/p2_ej3 build --build-base /home/sergio/ros2_ws/build/p2_ej3/build install --record /home/sergio/ros2_ws/build/p2_ej3/install.log --single-version-externally-managed install_data
[5.842s] running egg_info
[5.843s] writing ../../build/p2_ej3/p2_ej3.egg-info/PKG-INFO
[5.843s] writing dependency_links to ../../build/p2_ej3/p2_ej3.egg-info/dependency_links.txt
[5.843s] writing entry points to ../../build/p2_ej3/p2_ej3.egg-info/entry_points.txt
[5.843s] writing requirements to ../../build/p2_ej3/p2_ej3.egg-info/requires.txt
[5.843s] writing top-level names to ../../build/p2_ej3/p2_ej3.egg-info/top_level.txt
[5.847s] reading manifest file '../../build/p2_ej3/p2_ej3.egg-info/SOURCES.txt'
[5.849s] writing manifest file '../../build/p2_ej3/p2_ej3.egg-info/SOURCES.txt'
[5.849s] running build
[5.849s] running build_py
[5.849s] running install
[5.850s] running install_lib
[5.852s] running install_data
[5.853s] running install_egg_info
[5.859s] removing '/home/sergio/ros2_ws/install/p2_ej3/lib/python3.10/site-packages/p2_ej3-0.0.0-py3.10.egg-info' (and everything under it)
[5.859s] Copying ../../build/p2_ej3/p2_ej3.egg-info to /home/sergio/ros2_ws/install/p2_ej3/lib/python3.10/site-packages/p2_ej3-0.0.0-py3.10.egg-info
[5.860s] running install_scripts
[5.904s] Installing avoid_obstacles script to /home/sergio/ros2_ws/install/p2_ej3/lib/p2_ej3
[5.906s] writing list of installed files to '/home/sergio/ros2_ws/build/p2_ej3/install.log'
[5.938s] Invoked command in '/home/sergio/ros2_ws/src/p2_ej3' returned '0': PYTHONPATH=/home/sergio/ros2_ws/build/p2_ej3/prefix_override:/usr/lib/python3/dist-packages/colcon_core/task/python/colcon_distutils_commands:/home/sergio/ros2_ws/install/p2_ej3/lib/python3.10/site-packages:${PYTHONPATH} /usr/bin/python3 -W ignore:setup.py install is deprecated -W ignore:easy_install command is deprecated setup.py egg_info --egg-base ../../build/p2_ej3 build --build-base /home/sergio/ros2_ws/build/p2_ej3/build install --record /home/sergio/ros2_ws/build/p2_ej3/install.log --single-version-externally-managed install_data
