[4.060s] Invoking command in '/home/sergio/ros2_ws/src/ejercicio1_pkg': PYTHONPATH=/home/sergio/ros2_ws/build/ejercicio1_pkg/prefix_override:/home/sergio/.espressif/python_env/idf5.2_py3.10_env/lib/python3.10/site-packages/colcon_core/task/python/colcon_distutils_commands:/home/sergio/ros2_ws/install/ejercicio1_pkg/lib/python3.10/site-packages:${PYTHONPATH} /home/sergio/.espressif/python_env/idf5.2_py3.10_env/bin/python3 -W ignore:setup.py install is deprecated -W ignore:easy_install command is deprecated setup.py egg_info --egg-base ../../build/ejercicio1_pkg build --build-base /home/sergio/ros2_ws/build/ejercicio1_pkg/build install --record /home/sergio/ros2_ws/build/ejercicio1_pkg/install.log --single-version-externally-managed install_data
[4.704s] running egg_info
[4.728s] writing ../../build/ejercicio1_pkg/ejercicio1_pkg.egg-info/PKG-INFO
[4.729s] writing dependency_links to ../../build/ejercicio1_pkg/ejercicio1_pkg.egg-info/dependency_links.txt
[4.730s] writing entry points to ../../build/ejercicio1_pkg/ejercicio1_pkg.egg-info/entry_points.txt
[4.730s] writing requirements to ../../build/ejercicio1_pkg/ejercicio1_pkg.egg-info/requires.txt
[4.731s] writing top-level names to ../../build/ejercicio1_pkg/ejercicio1_pkg.egg-info/top_level.txt
[4.828s] reading manifest file '../../build/ejercicio1_pkg/ejercicio1_pkg.egg-info/SOURCES.txt'
[4.829s] writing manifest file '../../build/ejercicio1_pkg/ejercicio1_pkg.egg-info/SOURCES.txt'
[4.829s] running build
[4.830s] running build_py
[4.830s] copying ejercicio1_pkg/__init__.py -> /home/sergio/ros2_ws/build/ejercicio1_pkg/build/lib/ejercicio1_pkg
[4.830s] copying ejercicio1_pkg/ik_publisher.py -> /home/sergio/ros2_ws/build/ejercicio1_pkg/build/lib/ejercicio1_pkg
[4.833s] copying ejercicio1_pkg/fk_publisher.py -> /home/sergio/ros2_ws/build/ejercicio1_pkg/build/lib/ejercicio1_pkg
[4.833s] running install
[4.833s] running install_lib
[4.844s] running install_data
[4.844s] copying resource/ejercicio1_pkg -> /home/sergio/ros2_ws/install/ejercicio1_pkg/share/ament_index/resource_index/packages
[4.845s] copying package.xml -> /home/sergio/ros2_ws/install/ejercicio1_pkg/share/ejercicio1_pkg
[4.845s] running install_egg_info
[4.868s] removing '/home/sergio/ros2_ws/install/ejercicio1_pkg/lib/python3.10/site-packages/ejercicio1_pkg-0.0.0-py3.10.egg-info' (and everything under it)
[4.868s] Copying ../../build/ejercicio1_pkg/ejercicio1_pkg.egg-info to /home/sergio/ros2_ws/install/ejercicio1_pkg/lib/python3.10/site-packages/ejercicio1_pkg-0.0.0-py3.10.egg-info
[4.868s] running install_scripts
[5.091s] Installing fk_publisher script to /home/sergio/ros2_ws/install/ejercicio1_pkg/lib/ejercicio1_pkg
[5.091s] Installing ik_publisher script to /home/sergio/ros2_ws/install/ejercicio1_pkg/lib/ejercicio1_pkg
[5.091s] writing list of installed files to '/home/sergio/ros2_ws/build/ejercicio1_pkg/install.log'
[6.632s] Invoked command in '/home/sergio/ros2_ws/src/ejercicio1_pkg' returned '0': PYTHONPATH=/home/sergio/ros2_ws/build/ejercicio1_pkg/prefix_override:/home/sergio/.espressif/python_env/idf5.2_py3.10_env/lib/python3.10/site-packages/colcon_core/task/python/colcon_distutils_commands:/home/sergio/ros2_ws/install/ejercicio1_pkg/lib/python3.10/site-packages:${PYTHONPATH} /home/sergio/.espressif/python_env/idf5.2_py3.10_env/bin/python3 -W ignore:setup.py install is deprecated -W ignore:easy_install command is deprecated setup.py egg_info --egg-base ../../build/ejercicio1_pkg build --build-base /home/sergio/ros2_ws/build/ejercicio1_pkg/build install --record /home/sergio/ros2_ws/build/ejercicio1_pkg/install.log --single-version-externally-managed install_data
