[1.358s] Invoking command in '/home/sergio/ros2_ws/build/navigation_tb3': CMAKE_PREFIX_PATH=${CMAKE_PREFIX_PATH}:/home/sergio/ros2_ws/install/robot_autonomo:/home/sergio/ros2_ws/install/my_stage_mover:/home/sergio/ros2_ws/install/auto_mover:/home/sergio/ros2_ws/install/turtlebot3_teleop:/home/sergio/ros2_ws/install/turtlebot3_example:/home/sergio/ros2_ws/install/trr_robot_ps:/home/sergio/ros2_ws/install/p1_ej3_servidor:/home/sergio/ros2_ws/install/p1_ej3_cliente:/home/sergio/ros2_ws/install/p1_ej2_nodos_sensor:/home/sergio/ros2_ws/install/p1_ej2_nodo5:/home/sergio/ros2_ws/install/p1_ej2_nodo4:/home/sergio/ros2_ws/install/nodo_adc_sub:/home/sergio/ros2_ws/install/my_package:/home/sergio/ros2_ws/install/mma_talker:/home/sergio/ros2_ws/install/mma_service:/home/sergio/ros2_ws/install/mma_listener:/home/sergio/ros2_ws/install/ejercicio_tres_server:/home/sergio/ros2_ws/install/ejercicio_tres_client:/home/sergio/ros2_ws/install/ejercicio_dos:/home/sergio/ros2_ws/install/ejemplo_uno:/home/sergio/ros2_ws/install/P1_ej1_sub:/home/sergio/ros2_ws/install/P1_ej1_pub:/opt/ros/humble /usr/bin/cmake --build /home/sergio/ros2_ws/build/navigation_tb3 -- -j16 -l16
[1.561s] [100%] Built target pub_occupancy_grid
[1.584s] [100%] Built target ament_cmake_python_copy_navigation_tb3
[2.859s] running egg_info
[2.860s] writing navigation_tb3.egg-info/PKG-INFO
[2.860s] writing dependency_links to navigation_tb3.egg-info/dependency_links.txt
[2.860s] writing top-level names to navigation_tb3.egg-info/top_level.txt
[2.864s] reading manifest file 'navigation_tb3.egg-info/SOURCES.txt'
[2.865s] writing manifest file 'navigation_tb3.egg-info/SOURCES.txt'
[2.908s] [100%] Built target ament_cmake_python_build_navigation_tb3_egg
[3.904s] Invoked command in '/home/sergio/ros2_ws/build/navigation_tb3' returned '0': CMAKE_PREFIX_PATH=${CMAKE_PREFIX_PATH}:/home/sergio/ros2_ws/install/robot_autonomo:/home/sergio/ros2_ws/install/my_stage_mover:/home/sergio/ros2_ws/install/auto_mover:/home/sergio/ros2_ws/install/turtlebot3_teleop:/home/sergio/ros2_ws/install/turtlebot3_example:/home/sergio/ros2_ws/install/trr_robot_ps:/home/sergio/ros2_ws/install/p1_ej3_servidor:/home/sergio/ros2_ws/install/p1_ej3_cliente:/home/sergio/ros2_ws/install/p1_ej2_nodos_sensor:/home/sergio/ros2_ws/install/p1_ej2_nodo5:/home/sergio/ros2_ws/install/p1_ej2_nodo4:/home/sergio/ros2_ws/install/nodo_adc_sub:/home/sergio/ros2_ws/install/my_package:/home/sergio/ros2_ws/install/mma_talker:/home/sergio/ros2_ws/install/mma_service:/home/sergio/ros2_ws/install/mma_listener:/home/sergio/ros2_ws/install/ejercicio_tres_server:/home/sergio/ros2_ws/install/ejercicio_tres_client:/home/sergio/ros2_ws/install/ejercicio_dos:/home/sergio/ros2_ws/install/ejemplo_uno:/home/sergio/ros2_ws/install/P1_ej1_sub:/home/sergio/ros2_ws/install/P1_ej1_pub:/opt/ros/humble /usr/bin/cmake --build /home/sergio/ros2_ws/build/navigation_tb3 -- -j16 -l16
[3.906s] Invoking command in '/home/sergio/ros2_ws/build/navigation_tb3': CMAKE_PREFIX_PATH=${CMAKE_PREFIX_PATH}:/home/sergio/ros2_ws/install/robot_autonomo:/home/sergio/ros2_ws/install/my_stage_mover:/home/sergio/ros2_ws/install/auto_mover:/home/sergio/ros2_ws/install/turtlebot3_teleop:/home/sergio/ros2_ws/install/turtlebot3_example:/home/sergio/ros2_ws/install/trr_robot_ps:/home/sergio/ros2_ws/install/p1_ej3_servidor:/home/sergio/ros2_ws/install/p1_ej3_cliente:/home/sergio/ros2_ws/install/p1_ej2_nodos_sensor:/home/sergio/ros2_ws/install/p1_ej2_nodo5:/home/sergio/ros2_ws/install/p1_ej2_nodo4:/home/sergio/ros2_ws/install/nodo_adc_sub:/home/sergio/ros2_ws/install/my_package:/home/sergio/ros2_ws/install/mma_talker:/home/sergio/ros2_ws/install/mma_service:/home/sergio/ros2_ws/install/mma_listener:/home/sergio/ros2_ws/install/ejercicio_tres_server:/home/sergio/ros2_ws/install/ejercicio_tres_client:/home/sergio/ros2_ws/install/ejercicio_dos:/home/sergio/ros2_ws/install/ejemplo_uno:/home/sergio/ros2_ws/install/P1_ej1_sub:/home/sergio/ros2_ws/install/P1_ej1_pub:/opt/ros/humble /usr/bin/cmake --install /home/sergio/ros2_ws/build/navigation_tb3
[4.691s] -- Install configuration: ""
[4.691s] -- Up-to-date: /home/sergio/ros2_ws/install/navigation_tb3/lib/navigation_tb3/pub_occupancy_grid
[4.691s] -- Up-to-date: /home/sergio/ros2_ws/install/navigation_tb3/share/navigation_tb3/launch
[4.691s] -- Up-to-date: /home/sergio/ros2_ws/install/navigation_tb3/share/navigation_tb3/launch/mapping.launch.py
[4.692s] -- Up-to-date: /home/sergio/ros2_ws/install/navigation_tb3/share/navigation_tb3/launch/move_robot.py
[4.692s] -- Up-to-date: /home/sergio/ros2_ws/install/navigation_tb3/share/navigation_tb3/launch/navigation.launch.py
[4.692s] -- Up-to-date: /home/sergio/ros2_ws/install/navigation_tb3/share/navigation_tb3/config
[4.692s] -- Up-to-date: /home/sergio/ros2_ws/install/navigation_tb3/share/navigation_tb3/config/map2.yaml
[4.692s] -- Up-to-date: /home/sergio/ros2_ws/install/navigation_tb3/share/navigation_tb3/config/visualize.rviz
[4.692s] -- Up-to-date: /home/sergio/ros2_ws/install/navigation_tb3/share/navigation_tb3/config/tb3_nav2_params.yaml
[4.692s] -- Up-to-date: /home/sergio/ros2_ws/install/navigation_tb3/share/navigation_tb3/config/mapping.rviz
[4.692s] -- Up-to-date: /home/sergio/ros2_ws/install/navigation_tb3/share/navigation_tb3/config/rosbostito.lua
[4.692s] -- Up-to-date: /home/sergio/ros2_ws/install/navigation_tb3/share/navigation_tb3/config/mapCasa3.yaml
[4.692s] -- Up-to-date: /home/sergio/ros2_ws/install/navigation_tb3/share/navigation_tb3/config/cuarto.pgm
[4.692s] -- Up-to-date: /home/sergio/ros2_ws/install/navigation_tb3/share/navigation_tb3/config/turtlebot3_lds_2d.lua
[4.692s] -- Up-to-date: /home/sergio/ros2_ws/install/navigation_tb3/share/navigation_tb3/config/mapCasa3.pgm
[4.692s] -- Up-to-date: /home/sergio/ros2_ws/install/navigation_tb3/share/navigation_tb3/config/mappingV2.rviz
[4.693s] -- Up-to-date: /home/sergio/ros2_ws/install/navigation_tb3/share/navigation_tb3/config/tb3_map.pgm
[4.693s] -- Up-to-date: /home/sergio/ros2_ws/install/navigation_tb3/share/navigation_tb3/config/navigation.rviz
[4.693s] -- Up-to-date: /home/sergio/ros2_ws/install/navigation_tb3/share/navigation_tb3/config/map2.pgm
[4.693s] -- Up-to-date: /home/sergio/ros2_ws/install/navigation_tb3/share/navigation_tb3/config/pioneer.lua
[4.693s] -- Up-to-date: /home/sergio/ros2_ws/install/navigation_tb3/share/navigation_tb3/config/tb3_map.yaml
[4.693s] -- Up-to-date: /home/sergio/ros2_ws/install/navigation_tb3/share/navigation_tb3/config/cuarto.yaml
[4.694s] -- Up-to-date: /home/sergio/ros2_ws/install/navigation_tb3/share/navigation_tb3/environment/pythonpath.sh
[4.694s] -- Up-to-date: /home/sergio/ros2_ws/install/navigation_tb3/share/navigation_tb3/environment/pythonpath.dsv
[4.694s] -- Up-to-date: /home/sergio/ros2_ws/install/navigation_tb3/local/lib/python3.10/dist-packages/navigation_tb3-0.0.0-py3.10.egg-info
[4.694s] -- Installing: /home/sergio/ros2_ws/install/navigation_tb3/local/lib/python3.10/dist-packages/navigation_tb3-0.0.0-py3.10.egg-info/PKG-INFO
[4.694s] -- Installing: /home/sergio/ros2_ws/install/navigation_tb3/local/lib/python3.10/dist-packages/navigation_tb3-0.0.0-py3.10.egg-info/SOURCES.txt
[4.695s] -- Installing: /home/sergio/ros2_ws/install/navigation_tb3/local/lib/python3.10/dist-packages/navigation_tb3-0.0.0-py3.10.egg-info/top_level.txt
[4.697s] -- Installing: /home/sergio/ros2_ws/install/navigation_tb3/local/lib/python3.10/dist-packages/navigation_tb3-0.0.0-py3.10.egg-info/dependency_links.txt
[4.699s] -- Up-to-date: /home/sergio/ros2_ws/install/navigation_tb3/local/lib/python3.10/dist-packages/navigation_tb3
[4.699s] -- Up-to-date: /home/sergio/ros2_ws/install/navigation_tb3/local/lib/python3.10/dist-packages/navigation_tb3/__init__.py
[4.700s] Listing '/home/sergio/ros2_ws/install/navigation_tb3/local/lib/python3.10/dist-packages/navigation_tb3'...
[4.700s] -- Up-to-date: /home/sergio/ros2_ws/install/navigation_tb3/lib/navigation_tb3/single_goal_nav.py
[4.701s] -- Up-to-date: /home/sergio/ros2_ws/install/navigation_tb3/lib/navigation_tb3/multi_waypoints.py
[4.701s] -- Up-to-date: /home/sergio/ros2_ws/install/navigation_tb3/share/ament_index/resource_index/package_run_dependencies/navigation_tb3
[4.701s] -- Up-to-date: /home/sergio/ros2_ws/install/navigation_tb3/share/ament_index/resource_index/parent_prefix_path/navigation_tb3
[4.701s] -- Up-to-date: /home/sergio/ros2_ws/install/navigation_tb3/share/navigation_tb3/environment/ament_prefix_path.sh
[4.701s] -- Up-to-date: /home/sergio/ros2_ws/install/navigation_tb3/share/navigation_tb3/environment/ament_prefix_path.dsv
[4.701s] -- Up-to-date: /home/sergio/ros2_ws/install/navigation_tb3/share/navigation_tb3/environment/path.sh
[4.701s] -- Up-to-date: /home/sergio/ros2_ws/install/navigation_tb3/share/navigation_tb3/environment/path.dsv
[4.701s] -- Up-to-date: /home/sergio/ros2_ws/install/navigation_tb3/share/navigation_tb3/local_setup.bash
[4.702s] -- Up-to-date: /home/sergio/ros2_ws/install/navigation_tb3/share/navigation_tb3/local_setup.sh
[4.702s] -- Up-to-date: /home/sergio/ros2_ws/install/navigation_tb3/share/navigation_tb3/local_setup.zsh
[4.702s] -- Up-to-date: /home/sergio/ros2_ws/install/navigation_tb3/share/navigation_tb3/local_setup.dsv
[4.702s] -- Installing: /home/sergio/ros2_ws/install/navigation_tb3/share/navigation_tb3/package.dsv
[4.702s] -- Up-to-date: /home/sergio/ros2_ws/install/navigation_tb3/share/ament_index/resource_index/packages/navigation_tb3
[4.702s] -- Up-to-date: /home/sergio/ros2_ws/install/navigation_tb3/share/navigation_tb3/cmake/navigation_tb3Config.cmake
[4.702s] -- Up-to-date: /home/sergio/ros2_ws/install/navigation_tb3/share/navigation_tb3/cmake/navigation_tb3Config-version.cmake
[4.702s] -- Up-to-date: /home/sergio/ros2_ws/install/navigation_tb3/share/navigation_tb3/package.xml
[5.164s] Invoked command in '/home/sergio/ros2_ws/build/navigation_tb3' returned '0': CMAKE_PREFIX_PATH=${CMAKE_PREFIX_PATH}:/home/sergio/ros2_ws/install/robot_autonomo:/home/sergio/ros2_ws/install/my_stage_mover:/home/sergio/ros2_ws/install/auto_mover:/home/sergio/ros2_ws/install/turtlebot3_teleop:/home/sergio/ros2_ws/install/turtlebot3_example:/home/sergio/ros2_ws/install/trr_robot_ps:/home/sergio/ros2_ws/install/p1_ej3_servidor:/home/sergio/ros2_ws/install/p1_ej3_cliente:/home/sergio/ros2_ws/install/p1_ej2_nodos_sensor:/home/sergio/ros2_ws/install/p1_ej2_nodo5:/home/sergio/ros2_ws/install/p1_ej2_nodo4:/home/sergio/ros2_ws/install/nodo_adc_sub:/home/sergio/ros2_ws/install/my_package:/home/sergio/ros2_ws/install/mma_talker:/home/sergio/ros2_ws/install/mma_service:/home/sergio/ros2_ws/install/mma_listener:/home/sergio/ros2_ws/install/ejercicio_tres_server:/home/sergio/ros2_ws/install/ejercicio_tres_client:/home/sergio/ros2_ws/install/ejercicio_dos:/home/sergio/ros2_ws/install/ejemplo_uno:/home/sergio/ros2_ws/install/P1_ej1_sub:/home/sergio/ros2_ws/install/P1_ej1_pub:/opt/ros/humble /usr/bin/cmake --install /home/sergio/ros2_ws/build/navigation_tb3
