[0.086s] Invoking command in '/home/sergio/ros2_ws/build/Stage': /usr/bin/cmake /home/sergio/ros2_ws/src/Stage -DCMAKE_INSTALL_PREFIX=/home/sergio/ros2_ws/install/Stage
[2.539s] -- The C compiler identification is GNU 11.4.0
[2.539s] -- The CXX compiler identification is GNU 11.4.0
[2.539s] -- Detecting C compiler ABI info
[2.539s] -- Detecting C compiler ABI info - done
[2.539s] -- Check for working C compiler: /usr/bin/cc - skipped
[2.539s] -- Detecting C compile features
[2.539s] -- Detecting C compile features - done
[2.539s] -- Detecting CXX compiler ABI info
[2.539s] -- Detecting CXX compiler ABI info - done
[2.540s] -- Check for working CXX compiler: /usr/bin/c++ - skipped
[2.540s] -- Detecting CXX compile features
[2.540s] -- Detecting CXX compile features - done
[2.540s] -- Stage version 4.3.0
[2.540s] -- Operating system is Linux
[2.540s] -- Installing Libraries to /home/sergio/ros2_ws/install/Stage/lib
[2.540s] -- Installing Plugins to /home/sergio/ros2_ws/install/Stage/lib/Stage-4.3
[2.540s] -- Build type RELEASE
[2.540s] -- Checking for libtool
[2.540s] -- Checking for required libraries...
[2.540s] -- Found JPEG: /usr/lib/x86_64-linux-gnu/libjpeg.so (found version "80") 
[2.540s] -- Found ZLIB: /usr/lib/x86_64-linux-gnu/libz.so (found version "1.2.11") 
[2.540s] -- Found PNG: /usr/lib/x86_64-linux-gnu/libpng.so (found version "1.6.37") 
[2.540s] -- Found OpenGL: /usr/lib/x86_64-linux-gnu/libOpenGL.so   
[2.540s] -- Found X11: /usr/include   
[2.540s] -- Looking for XOpenDisplay in /usr/lib/x86_64-linux-gnu/libX11.so;/usr/lib/x86_64-linux-gnu/libXext.so
[2.540s] -- Looking for XOpenDisplay in /usr/lib/x86_64-linux-gnu/libX11.so;/usr/lib/x86_64-linux-gnu/libXext.so - found
[2.540s] -- Looking for gethostbyname
[2.541s] -- Looking for gethostbyname - found
[2.541s] -- Looking for connect
[2.541s] -- Looking for connect - found
[2.541s] -- Looking for remove
[2.541s] -- Looking for remove - found
[2.541s] -- Looking for shmat
[2.541s] -- Looking for shmat - found
[2.541s] -- Looking for IceConnectionNumber in ICE
[2.541s] -- Looking for IceConnectionNumber in ICE - found
[2.541s] -- Found FLTK: fltk_images;fltk_forms;fltk_gl;/usr/lib/x86_64-linux-gnu/libGL.so;fltk  
[2.541s] -- Checking for optional libraries...
[2.541s] -- Installation path CMAKE_INSTALL_PREFIX=/home/sergio/ros2_ws/install/Stage
[2.541s] -- Configuring libstage
[2.541s] -- Found PkgConfig: /usr/bin/pkg-config (found version "0.29.2") 
[2.542s] -- Checking for one of the modules 'playercore>=2.1.0'
[2.542s] --   * Player not detected. If Player is installed but not detected, check your PKG_CONFIG_PATH.
[2.542s] -- Configuring done
[2.542s] -- Generating done
[2.542s] -- Build files have been written to: /home/sergio/ros2_ws/build/Stage
[2.542s] [33mCMake Warning (dev) at /usr/share/cmake-3.22/Modules/FindOpenGL.cmake:315 (message):
[2.542s]   Policy CMP0072 is not set: FindOpenGL prefers GLVND by default when
[2.542s]   available.  Run "cmake --help-policy CMP0072" for policy details.  Use the
[2.542s]   cmake_policy command to set the policy and suppress this warning.
[2.542s] 
[2.542s]   FindOpenGL found both a legacy GL library:
[2.542s] 
[2.542s]     OPENGL_gl_LIBRARY: /usr/lib/x86_64-linux-gnu/libGL.so
[2.542s] 
[2.542s]   and GLVND libraries for OpenGL and GLX:
[2.542s] 
[2.543s]     OPENGL_opengl_LIBRARY: /usr/lib/x86_64-linux-gnu/libOpenGL.so
[2.543s]     OPENGL_glx_LIBRARY: /usr/lib/x86_64-linux-gnu/libGLX.so
[2.543s] 
[2.543s]   OpenGL_GL_PREFERENCE has not been set to "GLVND" or "LEGACY", so for
[2.543s]   compatibility with CMake 3.10 and below the legacy GL library will be used.
[2.543s] Call Stack (most recent call first):
[2.543s]   /usr/share/cmake-3.22/Modules/FindFLTK.cmake:87 (find_package)
[2.543s]   CMakeLists.txt:100 (find_package)
[2.543s] This warning is for project developers.  Use -Wno-dev to suppress it.
[2.543s] [0m
[2.752s] Invoked command in '/home/sergio/ros2_ws/build/Stage' returned '0': /usr/bin/cmake /home/sergio/ros2_ws/src/Stage -DCMAKE_INSTALL_PREFIX=/home/sergio/ros2_ws/install/Stage
[2.753s] Invoking command in '/home/sergio/ros2_ws/build/Stage': /usr/bin/cmake --build /home/sergio/ros2_ws/build/Stage -- -j16 -l16
[2.833s] [  1%] [32mBuilding CXX object libstage/CMakeFiles/stage.dir/blockgroup.cc.o[0m
[2.837s] [  3%] [32mBuilding CXX object libstage/CMakeFiles/stage.dir/block.cc.o[0m
[2.848s] [  5%] [32mBuilding CXX object libstage/CMakeFiles/stage.dir/camera.cc.o[0m
[2.848s] [  6%] [32mBuilding CXX object libstage/CMakeFiles/stage.dir/logentry.cc.o[0m
[2.856s] [  8%] [32mBuilding CXX object libstage/CMakeFiles/stage.dir/model_actuator.cc.o[0m
[2.859s] [ 10%] [32mBuilding CXX object libstage/CMakeFiles/stage.dir/color.cc.o[0m
[2.861s] [ 11%] [32mBuilding CXX object libstage/CMakeFiles/stage.dir/file_manager.cc.o[0m
[2.862s] [ 13%] [32mBuilding CXX object libstage/CMakeFiles/stage.dir/model_blinkenlight.cc.o[0m
[2.866s] [ 15%] [32mBuilding CXX object libstage/CMakeFiles/stage.dir/gl.cc.o[0m
[2.874s] [ 16%] [32mBuilding CXX object libstage/CMakeFiles/stage.dir/model.cc.o[0m
[2.881s] [ 18%] [32mBuilding CXX object libstage/CMakeFiles/stage.dir/model_blobfinder.cc.o[0m
[2.881s] [ 20%] [32mBuilding CXX object libstage/CMakeFiles/stage.dir/model_bumper.cc.o[0m
[2.898s] [ 22%] [32mBuilding CXX object libstage/CMakeFiles/stage.dir/model_callbacks.cc.o[0m
[2.920s] [ 23%] [32mBuilding CXX object libstage/CMakeFiles/stage.dir/model_camera.cc.o[0m
[2.931s] [ 25%] [32mBuilding CXX object libstage/CMakeFiles/stage.dir/model_fiducial.cc.o[0m
[2.941s] [ 27%] [32mBuilding CXX object libstage/CMakeFiles/stage.dir/model_draw.cc.o[0m
[5.479s] [ 28%] [32mBuilding CXX object libstage/CMakeFiles/stage.dir/model_gripper.cc.o[0m
[5.711s] [ 30%] [32mBuilding CXX object libstage/CMakeFiles/stage.dir/model_lightindicator.cc.o[0m
[5.759s] [ 32%] [32mBuilding CXX object libstage/CMakeFiles/stage.dir/model_position.cc.o[0m
[5.932s] [ 33%] [32mBuilding CXX object libstage/CMakeFiles/stage.dir/model_ranger.cc.o[0m
[6.344s] [ 35%] [32mBuilding CXX object libstage/CMakeFiles/stage.dir/option.cc.o[0m
[6.594s] [ 37%] [32mBuilding CXX object libstage/CMakeFiles/stage.dir/powerpack.cc.o[0m
[6.844s] [ 38%] [32mBuilding CXX object libstage/CMakeFiles/stage.dir/region.cc.o[0m
[6.945s] [ 40%] [32mBuilding CXX object libstage/CMakeFiles/stage.dir/stage.cc.o[0m
[7.063s] [ 42%] [32mBuilding CXX object libstage/CMakeFiles/stage.dir/texture_manager.cc.o[0m
[7.127s] [ 44%] [32mBuilding CXX object libstage/CMakeFiles/stage.dir/typetable.cc.o[0m
[7.188s] [ 45%] [32mBuilding CXX object libstage/CMakeFiles/stage.dir/world.cc.o[0m
[7.287s] [ 47%] [32mBuilding CXX object libstage/CMakeFiles/stage.dir/worldfile.cc.o[0m
[7.328s] [ 49%] [32mBuilding CXX object libstage/CMakeFiles/stage.dir/canvas.cc.o[0m
[7.409s] [ 50%] [32mBuilding CXX object libstage/CMakeFiles/stage.dir/options_dlg.cc.o[0m
[7.791s] [ 52%] [32mBuilding CXX object libstage/CMakeFiles/stage.dir/vis_strip.cc.o[0m
[8.230s] [ 54%] [32mBuilding CXX object libstage/CMakeFiles/stage.dir/worldgui.cc.o[0m
[8.503s] [ 55%] [32mBuilding CXX object libstage/CMakeFiles/stage.dir/ancestor.cc.o[0m
[11.601s] [ 57%] [32m[1mLinking CXX shared library libstage.so[0m
[12.012s] [ 57%] Built target stage
[12.093s] [ 59%] [32mBuilding CXX object examples/ctrl/CMakeFiles/fasr.dir/fasr.cc.o[0m
[12.097s] [ 61%] [32mBuilding CXX object libstage/CMakeFiles/stagebinary.dir/main.cc.o[0m
[12.098s] [ 62%] [32mBuilding CXX object examples/ctrl/CMakeFiles/wander.dir/wander.cc.o[0m
[12.106s] [ 64%] [32mBuilding CXX object examples/ctrl/CMakeFiles/source.dir/source.cc.o[0m
[12.143s] [ 66%] [32mBuilding CXX object examples/ctrl/CMakeFiles/fasr2.dir/fasr2.cc.o[0m
[12.143s] [ 67%] [32mBuilding CXX object examples/ctrl/CMakeFiles/sink.dir/sink.cc.o[0m
[12.143s] [ 71%] [32mBuilding CXX object examples/ctrl/CMakeFiles/rasterize.dir/rasterize.cc.o[0m
[12.143s] [ 72%] [32mBuilding CXX object examples/ctrl/CMakeFiles/lasernoise.dir/lasernoise.cc.o[0m
[12.143s] [ 69%] [32mBuilding CXX object examples/ctrl/CMakeFiles/pioneer_flocking.dir/pioneer_flocking.cc.o[0m
[12.143s] [ 74%] [32mBuilding CXX object examples/ctrl/CMakeFiles/dynamic.dir/dynamic.cc.o[0m
[12.157s] [ 76%] [32mBuilding CXX object examples/ctrl/CMakeFiles/fasr2.dir/astar/findpath.cpp.o[0m
[12.158s] [ 77%] [32mBuilding CXX object worlds/benchmark/CMakeFiles/expand_pioneer.dir/expand_pioneer.cc.o[0m
[12.185s] [ 79%] [32mBuilding CXX object worlds/benchmark/CMakeFiles/expand_swarm.dir/expand_swarm.cc.o[0m
[15.813s] [ 81%] [32m[1mLinking CXX shared module dynamic.so[0m
[15.875s] [ 83%] [32m[1mLinking CXX shared module expand_swarm.so[0m
[16.047s] [ 83%] Built target dynamic
[16.306s] [ 84%] [32m[1mLinking CXX shared module lasernoise.so[0m
[16.362s] [ 84%] Built target expand_swarm
[16.481s] [ 86%] [32m[1mLinking CXX shared module pioneer_flocking.so[0m
[16.489s] [ 88%] [32m[1mLinking CXX shared module sink.so[0m
[16.497s] [ 89%] [32m[1mLinking CXX shared module fasr.so[0m
[16.501s] [ 91%] [32m[1mLinking CXX executable stage[0m
[16.547s] [ 93%] [32m[1mLinking CXX shared module expand_pioneer.so[0m
[16.620s] [ 93%] Built target lasernoise
[16.620s] [ 94%] [32m[1mLinking CXX shared module rasterize.so[0m
[16.770s] [ 96%] [32m[1mLinking CXX shared module wander.so[0m
[16.802s] [ 96%] Built target stagebinary
[16.833s] [ 96%] Built target fasr
[16.894s] [ 96%] Built target pioneer_flocking
[16.960s] [ 96%] Built target expand_pioneer
[16.986s] [ 96%] Built target wander
[17.002s] [ 96%] Built target rasterize
[17.015s] [ 96%] Built target sink
[17.099s] [ 98%] [32m[1mLinking CXX shared module source.so[0m
[17.412s] [ 98%] Built target source
[18.044s] [100%] [32m[1mLinking CXX shared module fasr2.so[0m
[18.235s] [100%] Built target fasr2
[18.290s] Invoked command in '/home/sergio/ros2_ws/build/Stage' returned '0': /usr/bin/cmake --build /home/sergio/ros2_ws/build/Stage -- -j16 -l16
[18.291s] Invoking command in '/home/sergio/ros2_ws/build/Stage': /usr/bin/cmake --install /home/sergio/ros2_ws/build/Stage
[18.314s] -- Install configuration: "RELEASE"
[18.314s] -- Installing: /home/sergio/ros2_ws/install/Stage/lib/pkgconfig/stage.pc
[18.314s] -- Installing: /home/sergio/ros2_ws/install/Stage/lib/cmake/Stage/stage-config.cmake
[18.314s] -- Installing: /home/sergio/ros2_ws/install/Stage/lib/cmake/Stage/stage-config-version.cmake
[18.314s] -- Installing: /home/sergio/ros2_ws/install/Stage/bin/stage
[18.314s] -- Set runtime path of "/home/sergio/ros2_ws/install/Stage/bin/stage" to ""
[18.314s] -- Installing: /home/sergio/ros2_ws/install/Stage/lib/libstage.so.4.3.0
[18.320s] -- Up-to-date: /home/sergio/ros2_ws/install/Stage/lib/libstage.so
[18.321s] -- Up-to-date: /home/sergio/ros2_ws/install/Stage/include/Stage-4.3/stage.hh
[18.321s] -- Installing: /home/sergio/ros2_ws/install/Stage/lib/Stage-4.3/fasr.so
[18.322s] -- Set runtime path of "/home/sergio/ros2_ws/install/Stage/lib/Stage-4.3/fasr.so" to ""
[18.322s] -- Installing: /home/sergio/ros2_ws/install/Stage/lib/Stage-4.3/sink.so
[18.322s] -- Set runtime path of "/home/sergio/ros2_ws/install/Stage/lib/Stage-4.3/sink.so" to ""
[18.322s] -- Installing: /home/sergio/ros2_ws/install/Stage/lib/Stage-4.3/source.so
[18.322s] -- Set runtime path of "/home/sergio/ros2_ws/install/Stage/lib/Stage-4.3/source.so" to ""
[18.323s] -- Installing: /home/sergio/ros2_ws/install/Stage/lib/Stage-4.3/wander.so
[18.329s] -- Set runtime path of "/home/sergio/ros2_ws/install/Stage/lib/Stage-4.3/wander.so" to ""
[18.329s] -- Installing: /home/sergio/ros2_ws/install/Stage/lib/Stage-4.3/pioneer_flocking.so
[18.330s] -- Set runtime path of "/home/sergio/ros2_ws/install/Stage/lib/Stage-4.3/pioneer_flocking.so" to ""
[18.330s] -- Installing: /home/sergio/ros2_ws/install/Stage/lib/Stage-4.3/rasterize.so
[18.330s] -- Set runtime path of "/home/sergio/ros2_ws/install/Stage/lib/Stage-4.3/rasterize.so" to ""
[18.330s] -- Installing: /home/sergio/ros2_ws/install/Stage/lib/Stage-4.3/lasernoise.so
[18.330s] -- Set runtime path of "/home/sergio/ros2_ws/install/Stage/lib/Stage-4.3/lasernoise.so" to ""
[18.331s] -- Installing: /home/sergio/ros2_ws/install/Stage/lib/Stage-4.3/dynamic.so
[18.331s] -- Set runtime path of "/home/sergio/ros2_ws/install/Stage/lib/Stage-4.3/dynamic.so" to ""
[18.331s] -- Installing: /home/sergio/ros2_ws/install/Stage/lib/Stage-4.3/fasr2.so
[18.332s] -- Set runtime path of "/home/sergio/ros2_ws/install/Stage/lib/Stage-4.3/fasr2.so" to ""
[18.332s] -- Up-to-date: /home/sergio/ros2_ws/install/Stage/share/stage/assets/blue.png
[18.332s] -- Up-to-date: /home/sergio/ros2_ws/install/Stage/share/stage/assets/death.png
[18.332s] -- Up-to-date: /home/sergio/ros2_ws/install/Stage/share/stage/assets/green.png
[18.332s] -- Up-to-date: /home/sergio/ros2_ws/install/Stage/share/stage/assets/logo.png
[18.333s] -- Up-to-date: /home/sergio/ros2_ws/install/Stage/share/stage/assets/mains.png
[18.333s] -- Up-to-date: /home/sergio/ros2_ws/install/Stage/share/stage/assets/mainspower.png
[18.333s] -- Up-to-date: /home/sergio/ros2_ws/install/Stage/share/stage/assets/question_mark.png
[18.333s] -- Up-to-date: /home/sergio/ros2_ws/install/Stage/share/stage/assets/red.png
[18.333s] -- Up-to-date: /home/sergio/ros2_ws/install/Stage/share/stage/assets/stagelogo.png
[18.333s] -- Up-to-date: /home/sergio/ros2_ws/install/Stage/share/stage/assets/stall-old.png
[18.333s] -- Up-to-date: /home/sergio/ros2_ws/install/Stage/share/stage/assets/stall.png
[18.333s] -- Up-to-date: /home/sergio/ros2_ws/install/Stage/share/stage/assets/rgb.txt
[18.333s] -- Up-to-date: /home/sergio/ros2_ws/install/Stage/share/stage/rgb.txt
[18.333s] -- Up-to-date: /home/sergio/ros2_ws/install/Stage/share/stage/worlds/amcl-sonar.cfg
[18.334s] -- Up-to-date: /home/sergio/ros2_ws/install/Stage/share/stage/worlds/autolab.cfg
[18.334s] -- Up-to-date: /home/sergio/ros2_ws/install/Stage/share/stage/worlds/camera.cfg
[18.334s] -- Up-to-date: /home/sergio/ros2_ws/install/Stage/share/stage/worlds/everything.cfg
[18.334s] -- Up-to-date: /home/sergio/ros2_ws/install/Stage/share/stage/worlds/lsp_test.cfg
[18.334s] -- Up-to-date: /home/sergio/ros2_ws/install/Stage/share/stage/worlds/mbicp.cfg
[18.334s] -- Up-to-date: /home/sergio/ros2_ws/install/Stage/share/stage/worlds/nd.cfg
[18.334s] -- Up-to-date: /home/sergio/ros2_ws/install/Stage/share/stage/worlds/roomba.cfg
[18.340s] -- Up-to-date: /home/sergio/ros2_ws/install/Stage/share/stage/worlds/simple.cfg
[18.341s] -- Up-to-date: /home/sergio/ros2_ws/install/Stage/share/stage/worlds/test.cfg
[18.341s] -- Up-to-date: /home/sergio/ros2_ws/install/Stage/share/stage/worlds/uoa_robotics_lab.cfg
[18.341s] -- Up-to-date: /home/sergio/ros2_ws/install/Stage/share/stage/worlds/vfh.cfg
[18.341s] -- Up-to-date: /home/sergio/ros2_ws/install/Stage/share/stage/worlds/wavefront-remote.cfg
[18.341s] -- Up-to-date: /home/sergio/ros2_ws/install/Stage/share/stage/worlds/wavefront.cfg
[18.341s] -- Up-to-date: /home/sergio/ros2_ws/install/Stage/share/stage/worlds/wifi.cfg
[18.342s] -- Up-to-date: /home/sergio/ros2_ws/install/Stage/share/stage/worlds/SFU.world
[18.342s] -- Up-to-date: /home/sergio/ros2_ws/install/Stage/share/stage/worlds/autolab.world
[18.342s] -- Up-to-date: /home/sergio/ros2_ws/install/Stage/share/stage/worlds/camera.world
[18.342s] -- Up-to-date: /home/sergio/ros2_ws/install/Stage/share/stage/worlds/circuit.world
[18.342s] -- Up-to-date: /home/sergio/ros2_ws/install/Stage/share/stage/worlds/everything.world
[18.342s] -- Up-to-date: /home/sergio/ros2_ws/install/Stage/share/stage/worlds/fasr.world
[18.342s] -- Up-to-date: /home/sergio/ros2_ws/install/Stage/share/stage/worlds/fasr2.world
[18.342s] -- Up-to-date: /home/sergio/ros2_ws/install/Stage/share/stage/worlds/fasr_plan.world
[18.342s] -- Up-to-date: /home/sergio/ros2_ws/install/Stage/share/stage/worlds/large.world
[18.342s] -- Up-to-date: /home/sergio/ros2_ws/install/Stage/share/stage/worlds/lsp_test.world
[18.342s] -- Up-to-date: /home/sergio/ros2_ws/install/Stage/share/stage/worlds/mbicp.world
[18.342s] -- Up-to-date: /home/sergio/ros2_ws/install/Stage/share/stage/worlds/pioneer_flocking.world
[18.342s] -- Up-to-date: /home/sergio/ros2_ws/install/Stage/share/stage/worlds/pioneer_follow.world
[18.343s] -- Up-to-date: /home/sergio/ros2_ws/install/Stage/share/stage/worlds/pioneer_walle.world
[18.343s] -- Up-to-date: /home/sergio/ros2_ws/install/Stage/share/stage/worlds/roomba.world
[18.343s] -- Up-to-date: /home/sergio/ros2_ws/install/Stage/share/stage/worlds/sensor_noise_demo.world
[18.343s] -- Up-to-date: /home/sergio/ros2_ws/install/Stage/share/stage/worlds/sensor_noise_module_demo.world
[18.343s] -- Up-to-date: /home/sergio/ros2_ws/install/Stage/share/stage/worlds/simple.world
[18.343s] -- Up-to-date: /home/sergio/ros2_ws/install/Stage/share/stage/worlds/uoa_robotics_lab.world
[18.343s] -- Up-to-date: /home/sergio/ros2_ws/install/Stage/share/stage/worlds/wifi.world
[18.343s] -- Up-to-date: /home/sergio/ros2_ws/install/Stage/share/stage/worlds/beacons.inc
[18.343s] -- Up-to-date: /home/sergio/ros2_ws/install/Stage/share/stage/worlds/chatterbox.inc
[18.343s] -- Up-to-date: /home/sergio/ros2_ws/install/Stage/share/stage/worlds/hokuyo.inc
[18.343s] -- Up-to-date: /home/sergio/ros2_ws/install/Stage/share/stage/worlds/irobot.inc
[18.343s] -- Up-to-date: /home/sergio/ros2_ws/install/Stage/share/stage/worlds/map.inc
[18.343s] -- Up-to-date: /home/sergio/ros2_ws/install/Stage/share/stage/worlds/objects.inc
[18.344s] -- Up-to-date: /home/sergio/ros2_ws/install/Stage/share/stage/worlds/pantilt.inc
[18.344s] -- Up-to-date: /home/sergio/ros2_ws/install/Stage/share/stage/worlds/pioneer.inc
[18.344s] -- Up-to-date: /home/sergio/ros2_ws/install/Stage/share/stage/worlds/sick.inc
[18.344s] -- Up-to-date: /home/sergio/ros2_ws/install/Stage/share/stage/worlds/ubot.inc
[18.344s] -- Up-to-date: /home/sergio/ros2_ws/install/Stage/share/stage/worlds/uoa_robotics_lab_models.inc
[18.344s] -- Up-to-date: /home/sergio/ros2_ws/install/Stage/share/stage/worlds/walle.inc
[18.344s] -- Up-to-date: /home/sergio/ros2_ws/install/Stage/share/stage/worlds/cfggen.sh
[18.344s] -- Up-to-date: /home/sergio/ros2_ws/install/Stage/share/stage/worlds/test.sh
[18.344s] -- Up-to-date: /home/sergio/ros2_ws/install/Stage/share/stage/worlds/worldgen.sh
[18.344s] -- Installing: /home/sergio/ros2_ws/install/Stage/lib/Stage-4.3/expand_swarm.so
[18.345s] -- Set runtime path of "/home/sergio/ros2_ws/install/Stage/lib/Stage-4.3/expand_swarm.so" to ""
[18.345s] -- Installing: /home/sergio/ros2_ws/install/Stage/lib/Stage-4.3/expand_pioneer.so
[18.345s] -- Set runtime path of "/home/sergio/ros2_ws/install/Stage/lib/Stage-4.3/expand_pioneer.so" to ""
[18.345s] -- Up-to-date: /home/sergio/ros2_ws/install/Stage/share/stage/worlds/bitmaps/889_05.png
[18.345s] -- Up-to-date: /home/sergio/ros2_ws/install/Stage/share/stage/worlds/bitmaps/SFU_1200x615.png
[18.360s] -- Up-to-date: /home/sergio/ros2_ws/install/Stage/share/stage/worlds/bitmaps/SRI-AIC-kwing.png
[18.360s] -- Up-to-date: /home/sergio/ros2_ws/install/Stage/share/stage/worlds/bitmaps/autolab.png
[18.360s] -- Up-to-date: /home/sergio/ros2_ws/install/Stage/share/stage/worlds/bitmaps/cave.png
[18.360s] -- Up-to-date: /home/sergio/ros2_ws/install/Stage/share/stage/worlds/bitmaps/cave_compact.png
[18.360s] -- Up-to-date: /home/sergio/ros2_ws/install/Stage/share/stage/worlds/bitmaps/cave_filled.png
[18.360s] -- Up-to-date: /home/sergio/ros2_ws/install/Stage/share/stage/worlds/bitmaps/frieburg.png
[18.360s] -- Up-to-date: /home/sergio/ros2_ws/install/Stage/share/stage/worlds/bitmaps/ghost.png
[18.360s] -- Up-to-date: /home/sergio/ros2_ws/install/Stage/share/stage/worlds/bitmaps/hospital.png
[18.360s] -- Up-to-date: /home/sergio/ros2_ws/install/Stage/share/stage/worlds/bitmaps/hospital_section.png
[18.360s] -- Up-to-date: /home/sergio/ros2_ws/install/Stage/share/stage/worlds/bitmaps/human_outline.png
[18.360s] -- Up-to-date: /home/sergio/ros2_ws/install/Stage/share/stage/worlds/bitmaps/mbicp.png
[18.360s] -- Up-to-date: /home/sergio/ros2_ws/install/Stage/share/stage/worlds/bitmaps/rink.png
[18.361s] -- Up-to-date: /home/sergio/ros2_ws/install/Stage/share/stage/worlds/bitmaps/sal2.png
[18.361s] -- Up-to-date: /home/sergio/ros2_ws/install/Stage/share/stage/worlds/bitmaps/simple_rooms.png
[18.361s] -- Up-to-date: /home/sergio/ros2_ws/install/Stage/share/stage/worlds/bitmaps/space_invader.png
[18.361s] -- Up-to-date: /home/sergio/ros2_ws/install/Stage/share/stage/worlds/bitmaps/submarine.png
[18.361s] -- Up-to-date: /home/sergio/ros2_ws/install/Stage/share/stage/worlds/bitmaps/submarine_small.png
[18.361s] -- Up-to-date: /home/sergio/ros2_ws/install/Stage/share/stage/worlds/bitmaps/table.png
[18.361s] -- Up-to-date: /home/sergio/ros2_ws/install/Stage/share/stage/worlds/bitmaps/uoa_robotics_lab.png
[18.361s] -- Up-to-date: /home/sergio/ros2_ws/install/Stage/share/stage/worlds/wifi/commando.world
[18.361s] -- Up-to-date: /home/sergio/ros2_ws/install/Stage/share/stage/worlds/wifi/hosp_wifi.world
[18.361s] -- Up-to-date: /home/sergio/ros2_ws/install/Stage/share/stage/worlds/wifi/hosp_wifi_5.world
[18.362s] -- Up-to-date: /home/sergio/ros2_ws/install/Stage/share/stage/worlds/wifi/wifi.world
[18.362s] -- Up-to-date: /home/sergio/ros2_ws/install/Stage/share/stage/worlds/wifi/wifi_itu.world
[18.362s] -- Up-to-date: /home/sergio/ros2_ws/install/Stage/share/stage/worlds/wifi/wifi_logdistance.world
[18.362s] -- Up-to-date: /home/sergio/ros2_ws/install/Stage/share/stage/worlds/wifi/wifi_ray.world
[18.362s] -- Up-to-date: /home/sergio/ros2_ws/install/Stage/share/stage/worlds/wifi/wifi_simple.world
[18.362s] -- Up-to-date: /home/sergio/ros2_ws/install/Stage/share/stage/worlds/wifi/map.inc
[18.372s] Invoked command in '/home/sergio/ros2_ws/build/Stage' returned '0': /usr/bin/cmake --install /home/sergio/ros2_ws/build/Stage
