[2.275s] Invoking command in '/home/sergio/ros2_ws/src/P1_ej1_pub': PYTHONPATH=/home/sergio/ros2_ws/build/P1_ej1_pub/prefix_override:/usr/lib/python3/dist-packages/colcon_core/task/python/colcon_distutils_commands:/home/sergio/ros2_ws/install/P1_ej1_pub/lib/python3.10/site-packages:${PYTHONPATH} /usr/bin/python3 -W ignore:setup.py install is deprecated -W ignore:easy_install command is deprecated setup.py egg_info --egg-base ../../build/P1_ej1_pub build --build-base /home/sergio/ros2_ws/build/P1_ej1_pub/build install --record /home/sergio/ros2_ws/build/P1_ej1_pub/install.log --single-version-externally-managed install_data
[2.682s] running egg_info
[2.688s] creating ../../build/P1_ej1_pub/P1_ej1_pub.egg-info
[2.689s] writing ../../build/P1_ej1_pub/P1_ej1_pub.egg-info/PKG-INFO
[2.695s] writing dependency_links to ../../build/P1_ej1_pub/P1_ej1_pub.egg-info/dependency_links.txt
[2.695s] writing entry points to ../../build/P1_ej1_pub/P1_ej1_pub.egg-info/entry_points.txt
[2.695s] writing requirements to ../../build/P1_ej1_pub/P1_ej1_pub.egg-info/requires.txt
[2.695s] writing top-level names to ../../build/P1_ej1_pub/P1_ej1_pub.egg-info/top_level.txt
[2.695s] writing manifest file '../../build/P1_ej1_pub/P1_ej1_pub.egg-info/SOURCES.txt'
[2.696s] reading manifest file '../../build/P1_ej1_pub/P1_ej1_pub.egg-info/SOURCES.txt'
[2.697s] writing manifest file '../../build/P1_ej1_pub/P1_ej1_pub.egg-info/SOURCES.txt'
[2.697s] running build
[2.697s] running build_py
[2.698s] creating /home/sergio/ros2_ws/build/P1_ej1_pub/build
[2.698s] creating /home/sergio/ros2_ws/build/P1_ej1_pub/build/lib
[2.698s] creating /home/sergio/ros2_ws/build/P1_ej1_pub/build/lib/P1_ej1_pub
[2.698s] copying P1_ej1_pub/__init__.py -> /home/sergio/ros2_ws/build/P1_ej1_pub/build/lib/P1_ej1_pub
[2.698s] copying P1_ej1_pub/publicador.py -> /home/sergio/ros2_ws/build/P1_ej1_pub/build/lib/P1_ej1_pub
[2.699s] running install
[2.699s] running install_lib
[2.701s] running install_data
[2.701s] running install_egg_info
[2.701s] removing '/home/sergio/ros2_ws/install/P1_ej1_pub/lib/python3.10/site-packages/P1_ej1_pub-0.0.0-py3.10.egg-info' (and everything under it)
[2.702s] Copying ../../build/P1_ej1_pub/P1_ej1_pub.egg-info to /home/sergio/ros2_ws/install/P1_ej1_pub/lib/python3.10/site-packages/P1_ej1_pub-0.0.0-py3.10.egg-info
[2.703s] running install_scripts
[2.739s] Installing publicador script to /home/sergio/ros2_ws/install/P1_ej1_pub/lib/P1_ej1_pub
[2.739s] writing list of installed files to '/home/sergio/ros2_ws/build/P1_ej1_pub/install.log'
[2.777s] Invoked command in '/home/sergio/ros2_ws/src/P1_ej1_pub' returned '0': PYTHONPATH=/home/sergio/ros2_ws/build/P1_ej1_pub/prefix_override:/usr/lib/python3/dist-packages/colcon_core/task/python/colcon_distutils_commands:/home/sergio/ros2_ws/install/P1_ej1_pub/lib/python3.10/site-packages:${PYTHONPATH} /usr/bin/python3 -W ignore:setup.py install is deprecated -W ignore:easy_install command is deprecated setup.py egg_info --egg-base ../../build/P1_ej1_pub build --build-base /home/sergio/ros2_ws/build/P1_ej1_pub/build install --record /home/sergio/ros2_ws/build/P1_ej1_pub/install.log --single-version-externally-managed install_data
