[0.187s] Invoking command in '/home/sergio/ros2_ws/build/rviz_marker_tools': CMAKE_PREFIX_PATH=${CMAKE_PREFIX_PATH}:/home/sergio/ros2_ws/install/trr_robot_ps:/home/sergio/ros2_ws/install/robot_nav:/home/sergio/ros2_ws/install/robot_autonomo:/home/sergio/ros2_ws/install/pico_control_pub:/home/sergio/ros2_ws/install/p2_ej3:/home/sergio/ros2_ws/install/p1_ej3_servidor:/home/sergio/ros2_ws/install/p1_ej3_cliente:/home/sergio/ros2_ws/install/p1_ej2_nodos_sensor:/home/sergio/ros2_ws/install/p1_ej2_nodo5:/home/sergio/ros2_ws/install/p1_ej2_nodo4:/home/sergio/ros2_ws/install/nodo_adc_sub:/home/sergio/ros2_ws/install/my_stage_mover:/home/sergio/ros2_ws/install/my_package:/home/sergio/ros2_ws/install/mma_talker:/home/sergio/ros2_ws/install/mma_service:/home/sergio/ros2_ws/install/mma_listener:/home/sergio/ros2_ws/install/ejercicio_tres_server:/home/sergio/ros2_ws/install/ejercicio_tres_client:/home/sergio/ros2_ws/install/ejercicio_dos:/home/sergio/ros2_ws/install/ejercicio1_pkg:/home/sergio/ros2_ws/install/ejemplo_uno:/home/sergio/ros2_ws/install/cam_viewer:/home/sergio/ros2_ws/install/auto_mover:/home/sergio/ros2_ws/install/P1_ej1_sub:/home/sergio/ros2_ws/install/P1_ej1_pub:/opt/ros/humble /usr/bin/cmake --build /home/sergio/ros2_ws/build/rviz_marker_tools -- -j16 -l16
[1.997s] [100%] Built target rviz_marker_tools
[2.192s] Invoked command in '/home/sergio/ros2_ws/build/rviz_marker_tools' returned '0': CMAKE_PREFIX_PATH=${CMAKE_PREFIX_PATH}:/home/sergio/ros2_ws/install/trr_robot_ps:/home/sergio/ros2_ws/install/robot_nav:/home/sergio/ros2_ws/install/robot_autonomo:/home/sergio/ros2_ws/install/pico_control_pub:/home/sergio/ros2_ws/install/p2_ej3:/home/sergio/ros2_ws/install/p1_ej3_servidor:/home/sergio/ros2_ws/install/p1_ej3_cliente:/home/sergio/ros2_ws/install/p1_ej2_nodos_sensor:/home/sergio/ros2_ws/install/p1_ej2_nodo5:/home/sergio/ros2_ws/install/p1_ej2_nodo4:/home/sergio/ros2_ws/install/nodo_adc_sub:/home/sergio/ros2_ws/install/my_stage_mover:/home/sergio/ros2_ws/install/my_package:/home/sergio/ros2_ws/install/mma_talker:/home/sergio/ros2_ws/install/mma_service:/home/sergio/ros2_ws/install/mma_listener:/home/sergio/ros2_ws/install/ejercicio_tres_server:/home/sergio/ros2_ws/install/ejercicio_tres_client:/home/sergio/ros2_ws/install/ejercicio_dos:/home/sergio/ros2_ws/install/ejercicio1_pkg:/home/sergio/ros2_ws/install/ejemplo_uno:/home/sergio/ros2_ws/install/cam_viewer:/home/sergio/ros2_ws/install/auto_mover:/home/sergio/ros2_ws/install/P1_ej1_sub:/home/sergio/ros2_ws/install/P1_ej1_pub:/opt/ros/humble /usr/bin/cmake --build /home/sergio/ros2_ws/build/rviz_marker_tools -- -j16 -l16
[2.196s] Invoking command in '/home/sergio/ros2_ws/build/rviz_marker_tools': CMAKE_PREFIX_PATH=${CMAKE_PREFIX_PATH}:/home/sergio/ros2_ws/install/trr_robot_ps:/home/sergio/ros2_ws/install/robot_nav:/home/sergio/ros2_ws/install/robot_autonomo:/home/sergio/ros2_ws/install/pico_control_pub:/home/sergio/ros2_ws/install/p2_ej3:/home/sergio/ros2_ws/install/p1_ej3_servidor:/home/sergio/ros2_ws/install/p1_ej3_cliente:/home/sergio/ros2_ws/install/p1_ej2_nodos_sensor:/home/sergio/ros2_ws/install/p1_ej2_nodo5:/home/sergio/ros2_ws/install/p1_ej2_nodo4:/home/sergio/ros2_ws/install/nodo_adc_sub:/home/sergio/ros2_ws/install/my_stage_mover:/home/sergio/ros2_ws/install/my_package:/home/sergio/ros2_ws/install/mma_talker:/home/sergio/ros2_ws/install/mma_service:/home/sergio/ros2_ws/install/mma_listener:/home/sergio/ros2_ws/install/ejercicio_tres_server:/home/sergio/ros2_ws/install/ejercicio_tres_client:/home/sergio/ros2_ws/install/ejercicio_dos:/home/sergio/ros2_ws/install/ejercicio1_pkg:/home/sergio/ros2_ws/install/ejemplo_uno:/home/sergio/ros2_ws/install/cam_viewer:/home/sergio/ros2_ws/install/auto_mover:/home/sergio/ros2_ws/install/P1_ej1_sub:/home/sergio/ros2_ws/install/P1_ej1_pub:/opt/ros/humble /usr/bin/cmake --install /home/sergio/ros2_ws/build/rviz_marker_tools
[2.237s] -- Install configuration: "Release"
[2.237s] -- Up-to-date: /home/sergio/ros2_ws/install/rviz_marker_tools/include
[2.237s] -- Up-to-date: /home/sergio/ros2_ws/install/rviz_marker_tools/include/rviz_marker_tools
[2.237s] -- Up-to-date: /home/sergio/ros2_ws/install/rviz_marker_tools/include/rviz_marker_tools/marker_creation.h
[2.237s] -- Up-to-date: /home/sergio/ros2_ws/install/rviz_marker_tools/lib/librviz_marker_tools.so
[2.237s] -- Up-to-date: /home/sergio/ros2_ws/install/rviz_marker_tools/share/rviz_marker_tools/environment/library_path.sh
[2.237s] -- Up-to-date: /home/sergio/ros2_ws/install/rviz_marker_tools/share/rviz_marker_tools/environment/library_path.dsv
[2.237s] -- Up-to-date: /home/sergio/ros2_ws/install/rviz_marker_tools/share/ament_index/resource_index/package_run_dependencies/rviz_marker_tools
[2.238s] -- Up-to-date: /home/sergio/ros2_ws/install/rviz_marker_tools/share/ament_index/resource_index/parent_prefix_path/rviz_marker_tools
[2.238s] -- Up-to-date: /home/sergio/ros2_ws/install/rviz_marker_tools/share/rviz_marker_tools/environment/ament_prefix_path.sh
[2.238s] -- Up-to-date: /home/sergio/ros2_ws/install/rviz_marker_tools/share/rviz_marker_tools/environment/ament_prefix_path.dsv
[2.238s] -- Up-to-date: /home/sergio/ros2_ws/install/rviz_marker_tools/share/rviz_marker_tools/environment/path.sh
[2.238s] -- Up-to-date: /home/sergio/ros2_ws/install/rviz_marker_tools/share/rviz_marker_tools/environment/path.dsv
[2.238s] -- Up-to-date: /home/sergio/ros2_ws/install/rviz_marker_tools/share/rviz_marker_tools/local_setup.bash
[2.238s] -- Up-to-date: /home/sergio/ros2_ws/install/rviz_marker_tools/share/rviz_marker_tools/local_setup.sh
[2.238s] -- Up-to-date: /home/sergio/ros2_ws/install/rviz_marker_tools/share/rviz_marker_tools/local_setup.zsh
[2.238s] -- Up-to-date: /home/sergio/ros2_ws/install/rviz_marker_tools/share/rviz_marker_tools/local_setup.dsv
[2.238s] -- Installing: /home/sergio/ros2_ws/install/rviz_marker_tools/share/rviz_marker_tools/package.dsv
[2.238s] -- Up-to-date: /home/sergio/ros2_ws/install/rviz_marker_tools/share/ament_index/resource_index/packages/rviz_marker_tools
[2.238s] -- Up-to-date: /home/sergio/ros2_ws/install/rviz_marker_tools/share/rviz_marker_tools/cmake/rviz_marker_toolsTargetsExport.cmake
[2.238s] -- Up-to-date: /home/sergio/ros2_ws/install/rviz_marker_tools/share/rviz_marker_tools/cmake/rviz_marker_toolsTargetsExport-release.cmake
[2.238s] -- Up-to-date: /home/sergio/ros2_ws/install/rviz_marker_tools/share/rviz_marker_tools/cmake/ament_cmake_export_targets-extras.cmake
[2.238s] -- Up-to-date: /home/sergio/ros2_ws/install/rviz_marker_tools/share/rviz_marker_tools/cmake/ament_cmake_export_dependencies-extras.cmake
[2.239s] -- Up-to-date: /home/sergio/ros2_ws/install/rviz_marker_tools/share/rviz_marker_tools/cmake/rviz_marker_toolsConfig.cmake
[2.239s] -- Up-to-date: /home/sergio/ros2_ws/install/rviz_marker_tools/share/rviz_marker_tools/cmake/rviz_marker_toolsConfig-version.cmake
[2.239s] -- Up-to-date: /home/sergio/ros2_ws/install/rviz_marker_tools/share/rviz_marker_tools/package.xml
[2.399s] Invoked command in '/home/sergio/ros2_ws/build/rviz_marker_tools' returned '0': CMAKE_PREFIX_PATH=${CMAKE_PREFIX_PATH}:/home/sergio/ros2_ws/install/trr_robot_ps:/home/sergio/ros2_ws/install/robot_nav:/home/sergio/ros2_ws/install/robot_autonomo:/home/sergio/ros2_ws/install/pico_control_pub:/home/sergio/ros2_ws/install/p2_ej3:/home/sergio/ros2_ws/install/p1_ej3_servidor:/home/sergio/ros2_ws/install/p1_ej3_cliente:/home/sergio/ros2_ws/install/p1_ej2_nodos_sensor:/home/sergio/ros2_ws/install/p1_ej2_nodo5:/home/sergio/ros2_ws/install/p1_ej2_nodo4:/home/sergio/ros2_ws/install/nodo_adc_sub:/home/sergio/ros2_ws/install/my_stage_mover:/home/sergio/ros2_ws/install/my_package:/home/sergio/ros2_ws/install/mma_talker:/home/sergio/ros2_ws/install/mma_service:/home/sergio/ros2_ws/install/mma_listener:/home/sergio/ros2_ws/install/ejercicio_tres_server:/home/sergio/ros2_ws/install/ejercicio_tres_client:/home/sergio/ros2_ws/install/ejercicio_dos:/home/sergio/ros2_ws/install/ejercicio1_pkg:/home/sergio/ros2_ws/install/ejemplo_uno:/home/sergio/ros2_ws/install/cam_viewer:/home/sergio/ros2_ws/install/auto_mover:/home/sergio/ros2_ws/install/P1_ej1_sub:/home/sergio/ros2_ws/install/P1_ej1_pub:/opt/ros/humble /usr/bin/cmake --install /home/sergio/ros2_ws/build/rviz_marker_tools
