[7.106s] Invoking command in '/home/sergio/ros2_ws/src/P1_ej1_pub': PYTHONPATH=/home/sergio/ros2_ws/build/P1_ej1_pub/prefix_override:/usr/lib/python3/dist-packages/colcon_core/task/python/colcon_distutils_commands:/home/sergio/ros2_ws/install/P1_ej1_pub/lib/python3.10/site-packages:${PYTHONPATH} /usr/bin/python3 -W ignore:setup.py install is deprecated -W ignore:easy_install command is deprecated setup.py egg_info --egg-base ../../build/P1_ej1_pub build --build-base /home/sergio/ros2_ws/build/P1_ej1_pub/build install --record /home/sergio/ros2_ws/build/P1_ej1_pub/install.log --single-version-externally-managed install_data
[8.565s] running egg_info
[8.567s] writing ../../build/P1_ej1_pub/P1_ej1_pub.egg-info/PKG-INFO
[8.568s] writing dependency_links to ../../build/P1_ej1_pub/P1_ej1_pub.egg-info/dependency_links.txt
[8.571s] writing entry points to ../../build/P1_ej1_pub/P1_ej1_pub.egg-info/entry_points.txt
[8.571s] writing requirements to ../../build/P1_ej1_pub/P1_ej1_pub.egg-info/requires.txt
[8.572s] writing top-level names to ../../build/P1_ej1_pub/P1_ej1_pub.egg-info/top_level.txt
[8.577s] reading manifest file '../../build/P1_ej1_pub/P1_ej1_pub.egg-info/SOURCES.txt'
[8.584s] writing manifest file '../../build/P1_ej1_pub/P1_ej1_pub.egg-info/SOURCES.txt'
[8.584s] running build
[8.584s] running build_py
[8.585s] running install
[8.585s] running install_lib
[8.588s] running install_data
[8.588s] running install_egg_info
[8.595s] removing '/home/sergio/ros2_ws/install/P1_ej1_pub/lib/python3.10/site-packages/P1_ej1_pub-0.0.0-py3.10.egg-info' (and everything under it)
[8.601s] Copying ../../build/P1_ej1_pub/P1_ej1_pub.egg-info to /home/sergio/ros2_ws/install/P1_ej1_pub/lib/python3.10/site-packages/P1_ej1_pub-0.0.0-py3.10.egg-info
[8.603s] running install_scripts
[8.700s] Installing publicador script to /home/sergio/ros2_ws/install/P1_ej1_pub/lib/P1_ej1_pub
[8.701s] writing list of installed files to '/home/sergio/ros2_ws/build/P1_ej1_pub/install.log'
[8.830s] Invoked command in '/home/sergio/ros2_ws/src/P1_ej1_pub' returned '0': PYTHONPATH=/home/sergio/ros2_ws/build/P1_ej1_pub/prefix_override:/usr/lib/python3/dist-packages/colcon_core/task/python/colcon_distutils_commands:/home/sergio/ros2_ws/install/P1_ej1_pub/lib/python3.10/site-packages:${PYTHONPATH} /usr/bin/python3 -W ignore:setup.py install is deprecated -W ignore:easy_install command is deprecated setup.py egg_info --egg-base ../../build/P1_ej1_pub build --build-base /home/sergio/ros2_ws/build/P1_ej1_pub/build install --record /home/sergio/ros2_ws/build/P1_ej1_pub/install.log --single-version-externally-managed install_data
