[2.334s] Invoking command in '/home/sergio/ros2_ws/src/trr_robot_ps': PYTHONPATH=/home/sergio/ros2_ws/build/trr_robot_ps/prefix_override:/home/sergio/.espressif/python_env/idf5.2_py3.10_env/lib/python3.10/site-packages/colcon_core/task/python/colcon_distutils_commands:/home/sergio/ros2_ws/install/trr_robot_ps/lib/python3.10/site-packages:${PYTHONPATH} /home/sergio/.espressif/python_env/idf5.2_py3.10_env/bin/python3 -W ignore:setup.py install is deprecated -W ignore:easy_install command is deprecated setup.py egg_info --egg-base ../../build/trr_robot_ps build --build-base /home/sergio/ros2_ws/build/trr_robot_ps/build install --record /home/sergio/ros2_ws/build/trr_robot_ps/install.log --single-version-externally-managed install_data
[2.637s] running egg_info
[2.649s] writing ../../build/trr_robot_ps/trr_robot_ps.egg-info/PKG-INFO
[2.649s] writing dependency_links to ../../build/trr_robot_ps/trr_robot_ps.egg-info/dependency_links.txt
[2.649s] writing entry points to ../../build/trr_robot_ps/trr_robot_ps.egg-info/entry_points.txt
[2.649s] writing requirements to ../../build/trr_robot_ps/trr_robot_ps.egg-info/requires.txt
[2.650s] writing top-level names to ../../build/trr_robot_ps/trr_robot_ps.egg-info/top_level.txt
[2.683s] reading manifest file '../../build/trr_robot_ps/trr_robot_ps.egg-info/SOURCES.txt'
[2.685s] writing manifest file '../../build/trr_robot_ps/trr_robot_ps.egg-info/SOURCES.txt'
[2.685s] running build
[2.685s] running build_py
[2.685s] copying trr_robot_ps/__init__.py -> /home/sergio/ros2_ws/build/trr_robot_ps/build/lib/trr_robot_ps
[2.686s] copying trr_robot_ps/pub_sub.py -> /home/sergio/ros2_ws/build/trr_robot_ps/build/lib/trr_robot_ps
[2.686s] running install
[2.695s] running install_lib
[2.710s] running install_data
[2.710s] copying resource/trr_robot_ps -> /home/sergio/ros2_ws/install/trr_robot_ps/share/ament_index/resource_index/packages
[2.710s] copying package.xml -> /home/sergio/ros2_ws/install/trr_robot_ps/share/trr_robot_ps
[2.710s] running install_egg_info
[2.721s] removing '/home/sergio/ros2_ws/install/trr_robot_ps/lib/python3.10/site-packages/trr_robot_ps-0.0.0-py3.10.egg-info' (and everything under it)
[2.721s] Copying ../../build/trr_robot_ps/trr_robot_ps.egg-info to /home/sergio/ros2_ws/install/trr_robot_ps/lib/python3.10/site-packages/trr_robot_ps-0.0.0-py3.10.egg-info
[2.722s] running install_scripts
[2.811s] Installing pub_sub script to /home/sergio/ros2_ws/install/trr_robot_ps/lib/trr_robot_ps
[2.811s] writing list of installed files to '/home/sergio/ros2_ws/build/trr_robot_ps/install.log'
[2.827s] Invoked command in '/home/sergio/ros2_ws/src/trr_robot_ps' returned '0': PYTHONPATH=/home/sergio/ros2_ws/build/trr_robot_ps/prefix_override:/home/sergio/.espressif/python_env/idf5.2_py3.10_env/lib/python3.10/site-packages/colcon_core/task/python/colcon_distutils_commands:/home/sergio/ros2_ws/install/trr_robot_ps/lib/python3.10/site-packages:${PYTHONPATH} /home/sergio/.espressif/python_env/idf5.2_py3.10_env/bin/python3 -W ignore:setup.py install is deprecated -W ignore:easy_install command is deprecated setup.py egg_info --egg-base ../../build/trr_robot_ps build --build-base /home/sergio/ros2_ws/build/trr_robot_ps/build install --record /home/sergio/ros2_ws/build/trr_robot_ps/install.log --single-version-externally-managed install_data
