[3.659s] Invoking command in '/home/sergio/ros2_ws/src/p1_ej2_nodo4': PYTHONPATH=/home/sergio/ros2_ws/build/p1_ej2_nodo4/prefix_override:/usr/lib/python3/dist-packages/colcon_core/task/python/colcon_distutils_commands:/home/sergio/ros2_ws/install/p1_ej2_nodo4/lib/python3.10/site-packages:${PYTHONPATH} /usr/bin/python3 -W ignore:setup.py install is deprecated -W ignore:easy_install command is deprecated setup.py egg_info --egg-base ../../build/p1_ej2_nodo4 build --build-base /home/sergio/ros2_ws/build/p1_ej2_nodo4/build install --record /home/sergio/ros2_ws/build/p1_ej2_nodo4/install.log --single-version-externally-managed install_data
[4.045s] running egg_info
[4.046s] writing ../../build/p1_ej2_nodo4/p1_ej2_nodo4.egg-info/PKG-INFO
[4.046s] writing dependency_links to ../../build/p1_ej2_nodo4/p1_ej2_nodo4.egg-info/dependency_links.txt
[4.046s] writing entry points to ../../build/p1_ej2_nodo4/p1_ej2_nodo4.egg-info/entry_points.txt
[4.046s] writing requirements to ../../build/p1_ej2_nodo4/p1_ej2_nodo4.egg-info/requires.txt
[4.047s] writing top-level names to ../../build/p1_ej2_nodo4/p1_ej2_nodo4.egg-info/top_level.txt
[4.049s] reading manifest file '../../build/p1_ej2_nodo4/p1_ej2_nodo4.egg-info/SOURCES.txt'
[4.052s] writing manifest file '../../build/p1_ej2_nodo4/p1_ej2_nodo4.egg-info/SOURCES.txt'
[4.052s] running build
[4.052s] running build_py
[4.052s] running install
[4.053s] running install_lib
[4.058s] running install_data
[4.058s] running install_egg_info
[4.058s] removing '/home/sergio/ros2_ws/install/p1_ej2_nodo4/lib/python3.10/site-packages/p1_ej2_nodo4-0.0.0-py3.10.egg-info' (and everything under it)
[4.058s] Copying ../../build/p1_ej2_nodo4/p1_ej2_nodo4.egg-info to /home/sergio/ros2_ws/install/p1_ej2_nodo4/lib/python3.10/site-packages/p1_ej2_nodo4-0.0.0-py3.10.egg-info
[4.058s] running install_scripts
[4.096s] Installing nodo4 script to /home/sergio/ros2_ws/install/p1_ej2_nodo4/lib/p1_ej2_nodo4
[4.096s] writing list of installed files to '/home/sergio/ros2_ws/build/p1_ej2_nodo4/install.log'
[4.210s] Invoked command in '/home/sergio/ros2_ws/src/p1_ej2_nodo4' returned '0': PYTHONPATH=/home/sergio/ros2_ws/build/p1_ej2_nodo4/prefix_override:/usr/lib/python3/dist-packages/colcon_core/task/python/colcon_distutils_commands:/home/sergio/ros2_ws/install/p1_ej2_nodo4/lib/python3.10/site-packages:${PYTHONPATH} /usr/bin/python3 -W ignore:setup.py install is deprecated -W ignore:easy_install command is deprecated setup.py egg_info --egg-base ../../build/p1_ej2_nodo4 build --build-base /home/sergio/ros2_ws/build/p1_ej2_nodo4/build install --record /home/sergio/ros2_ws/build/p1_ej2_nodo4/install.log --single-version-externally-managed install_data
