[2.616s] Invoking command in '/home/sergio/ros2_ws/src/p1_ej3_servidor': PYTHONPATH=/home/sergio/ros2_ws/build/p1_ej3_servidor/prefix_override:/usr/lib/python3/dist-packages/colcon_core/task/python/colcon_distutils_commands:/home/sergio/ros2_ws/install/p1_ej3_servidor/lib/python3.10/site-packages:${PYTHONPATH} /usr/bin/python3 -W ignore:setup.py install is deprecated -W ignore:easy_install command is deprecated setup.py egg_info --egg-base ../../build/p1_ej3_servidor build --build-base /home/sergio/ros2_ws/build/p1_ej3_servidor/build install --record /home/sergio/ros2_ws/build/p1_ej3_servidor/install.log --single-version-externally-managed install_data
[2.961s] running egg_info
[2.961s] writing ../../build/p1_ej3_servidor/p1_ej3_servidor.egg-info/PKG-INFO
[2.961s] writing dependency_links to ../../build/p1_ej3_servidor/p1_ej3_servidor.egg-info/dependency_links.txt
[2.962s] writing entry points to ../../build/p1_ej3_servidor/p1_ej3_servidor.egg-info/entry_points.txt
[2.962s] writing requirements to ../../build/p1_ej3_servidor/p1_ej3_servidor.egg-info/requires.txt
[2.962s] writing top-level names to ../../build/p1_ej3_servidor/p1_ej3_servidor.egg-info/top_level.txt
[2.963s] reading manifest file '../../build/p1_ej3_servidor/p1_ej3_servidor.egg-info/SOURCES.txt'
[2.964s] writing manifest file '../../build/p1_ej3_servidor/p1_ej3_servidor.egg-info/SOURCES.txt'
[2.964s] running build
[2.964s] running build_py
[2.964s] running install
[2.966s] running install_lib
[2.967s] running install_data
[2.967s] running install_egg_info
[2.970s] removing '/home/sergio/ros2_ws/install/p1_ej3_servidor/lib/python3.10/site-packages/p1_ej3_servidor-0.0.0-py3.10.egg-info' (and everything under it)
[2.973s] Copying ../../build/p1_ej3_servidor/p1_ej3_servidor.egg-info to /home/sergio/ros2_ws/install/p1_ej3_servidor/lib/python3.10/site-packages/p1_ej3_servidor-0.0.0-py3.10.egg-info
[2.973s] running install_scripts
[3.001s] Installing servidor script to /home/sergio/ros2_ws/install/p1_ej3_servidor/lib/p1_ej3_servidor
[3.002s] writing list of installed files to '/home/sergio/ros2_ws/build/p1_ej3_servidor/install.log'
[3.027s] Invoked command in '/home/sergio/ros2_ws/src/p1_ej3_servidor' returned '0': PYTHONPATH=/home/sergio/ros2_ws/build/p1_ej3_servidor/prefix_override:/usr/lib/python3/dist-packages/colcon_core/task/python/colcon_distutils_commands:/home/sergio/ros2_ws/install/p1_ej3_servidor/lib/python3.10/site-packages:${PYTHONPATH} /usr/bin/python3 -W ignore:setup.py install is deprecated -W ignore:easy_install command is deprecated setup.py egg_info --egg-base ../../build/p1_ej3_servidor build --build-base /home/sergio/ros2_ws/build/p1_ej3_servidor/build install --record /home/sergio/ros2_ws/build/p1_ej3_servidor/install.log --single-version-externally-managed install_data
