[3.744s] Invoking command in '/home/sergio/ros2_ws/src/mma_listener': PYTHONPATH=/home/sergio/ros2_ws/build/mma_listener/prefix_override:/home/sergio/.espressif/python_env/idf5.2_py3.10_env/lib/python3.10/site-packages/colcon_core/task/python/colcon_distutils_commands:/home/sergio/ros2_ws/install/mma_listener/lib/python3.10/site-packages:${PYTHONPATH} /home/sergio/.espressif/python_env/idf5.2_py3.10_env/bin/python3 -W ignore:setup.py install is deprecated -W ignore:easy_install command is deprecated setup.py egg_info --egg-base ../../build/mma_listener build --build-base /home/sergio/ros2_ws/build/mma_listener/build install --record /home/sergio/ros2_ws/build/mma_listener/install.log --single-version-externally-managed install_data
[4.005s] running egg_info
[4.026s] writing ../../build/mma_listener/mma_listener.egg-info/PKG-INFO
[4.031s] writing dependency_links to ../../build/mma_listener/mma_listener.egg-info/dependency_links.txt
[4.031s] writing entry points to ../../build/mma_listener/mma_listener.egg-info/entry_points.txt
[4.031s] writing requirements to ../../build/mma_listener/mma_listener.egg-info/requires.txt
[4.032s] writing top-level names to ../../build/mma_listener/mma_listener.egg-info/top_level.txt
[4.093s] reading manifest file '../../build/mma_listener/mma_listener.egg-info/SOURCES.txt'
[4.093s] writing manifest file '../../build/mma_listener/mma_listener.egg-info/SOURCES.txt'
[4.093s] running build
[4.093s] running build_py
[4.094s] copying mma_listener/__init__.py -> /home/sergio/ros2_ws/build/mma_listener/build/lib/mma_listener
[4.094s] copying mma_listener/listener.py -> /home/sergio/ros2_ws/build/mma_listener/build/lib/mma_listener
[4.094s] running install
[4.106s] running install_lib
[4.138s] running install_data
[4.139s] copying resource/mma_listener -> /home/sergio/ros2_ws/install/mma_listener/share/ament_index/resource_index/packages
[4.139s] copying package.xml -> /home/sergio/ros2_ws/install/mma_listener/share/mma_listener
[4.139s] running install_egg_info
[4.175s] removing '/home/sergio/ros2_ws/install/mma_listener/lib/python3.10/site-packages/mma_listener-0.0.0-py3.10.egg-info' (and everything under it)
[4.176s] Copying ../../build/mma_listener/mma_listener.egg-info to /home/sergio/ros2_ws/install/mma_listener/lib/python3.10/site-packages/mma_listener-0.0.0-py3.10.egg-info
[4.176s] running install_scripts
[4.396s] Installing listener script to /home/sergio/ros2_ws/install/mma_listener/lib/mma_listener
[4.397s] writing list of installed files to '/home/sergio/ros2_ws/build/mma_listener/install.log'
[4.664s] Invoked command in '/home/sergio/ros2_ws/src/mma_listener' returned '0': PYTHONPATH=/home/sergio/ros2_ws/build/mma_listener/prefix_override:/home/sergio/.espressif/python_env/idf5.2_py3.10_env/lib/python3.10/site-packages/colcon_core/task/python/colcon_distutils_commands:/home/sergio/ros2_ws/install/mma_listener/lib/python3.10/site-packages:${PYTHONPATH} /home/sergio/.espressif/python_env/idf5.2_py3.10_env/bin/python3 -W ignore:setup.py install is deprecated -W ignore:easy_install command is deprecated setup.py egg_info --egg-base ../../build/mma_listener build --build-base /home/sergio/ros2_ws/build/mma_listener/build install --record /home/sergio/ros2_ws/build/mma_listener/install.log --single-version-externally-managed install_data
