[1.779s] Invoking command in '/home/sergio/ros2_ws/build/ejercicio_tres_interface': CMAKE_PREFIX_PATH=${CMAKE_PREFIX_PATH}:/home/sergio/ros2_ws/install/turtlebot3_teleop:/home/sergio/ros2_ws/install/turtlebot3_example:/home/sergio/ros2_ws/install/trr_robot_ps:/home/sergio/ros2_ws/install/robot_nav:/home/sergio/ros2_ws/install/robot_autonomo:/home/sergio/ros2_ws/install/p1_ej3_servidor:/home/sergio/ros2_ws/install/p1_ej3_cliente:/home/sergio/ros2_ws/install/p1_ej2_nodos_sensor:/home/sergio/ros2_ws/install/p1_ej2_nodo5:/home/sergio/ros2_ws/install/p1_ej2_nodo4:/home/sergio/ros2_ws/install/nodo_adc_sub:/home/sergio/ros2_ws/install/my_stage_mover:/home/sergio/ros2_ws/install/my_package:/home/sergio/ros2_ws/install/mma_talker:/home/sergio/ros2_ws/install/mma_service:/home/sergio/ros2_ws/install/mma_listener:/home/sergio/ros2_ws/install/ejercicio_tres_server:/home/sergio/ros2_ws/install/ejercicio_tres_client:/home/sergio/ros2_ws/install/ejercicio_dos:/home/sergio/ros2_ws/install/ejemplo_uno:/home/sergio/ros2_ws/install/auto_mover:/home/sergio/ros2_ws/install/P1_ej1_sub:/home/sergio/ros2_ws/install/P1_ej1_pub:/opt/ros/humble /usr/bin/cmake --build /home/sergio/ros2_ws/build/ejercicio_tres_interface -- -j16 -l16
[2.483s] [  3%] Built target ejercicio_tres_interface__cpp
[2.483s] [ 12%] Built target ejercicio_tres_interface__rosidl_generator_c
[2.483s] [ 12%] Built target ament_cmake_python_copy_ejercicio_tres_interface
[2.483s] [ 22%] Built target ejercicio_tres_interface__rosidl_typesupport_cpp
[2.483s] [ 32%] Built target ejercicio_tres_interface__rosidl_typesupport_introspection_c
[2.483s] [ 41%] Built target ejercicio_tres_interface__rosidl_typesupport_c
[2.483s] [ 51%] Built target ejercicio_tres_interface__rosidl_typesupport_introspection_cpp
[2.483s] [ 61%] Built target ejercicio_tres_interface__rosidl_typesupport_fastrtps_cpp
[2.483s] [ 70%] Built target ejercicio_tres_interface__rosidl_typesupport_fastrtps_c
[2.483s] [ 70%] Built target ejercicio_tres_interface
[2.483s] [ 74%] Built target ejercicio_tres_interface__py
[2.483s] [ 80%] Built target ejercicio_tres_interface__rosidl_generator_py
[2.484s] [100%] Built target ejercicio_tres_interface__rosidl_typesupport_introspection_c__pyext
[2.484s] [100%] Built target ejercicio_tres_interface__rosidl_typesupport_fastrtps_c__pyext
[2.484s] [100%] Built target ejercicio_tres_interface__rosidl_typesupport_c__pyext
[2.484s] running egg_info
[2.484s] writing ejercicio_tres_interface.egg-info/PKG-INFO
[2.484s] writing dependency_links to ejercicio_tres_interface.egg-info/dependency_links.txt
[2.484s] writing top-level names to ejercicio_tres_interface.egg-info/top_level.txt
[2.484s] reading manifest file 'ejercicio_tres_interface.egg-info/SOURCES.txt'
[2.484s] writing manifest file 'ejercicio_tres_interface.egg-info/SOURCES.txt'
[2.484s] [100%] Built target ament_cmake_python_build_ejercicio_tres_interface_egg
[2.698s] Invoked command in '/home/sergio/ros2_ws/build/ejercicio_tres_interface' returned '0': CMAKE_PREFIX_PATH=${CMAKE_PREFIX_PATH}:/home/sergio/ros2_ws/install/turtlebot3_teleop:/home/sergio/ros2_ws/install/turtlebot3_example:/home/sergio/ros2_ws/install/trr_robot_ps:/home/sergio/ros2_ws/install/robot_nav:/home/sergio/ros2_ws/install/robot_autonomo:/home/sergio/ros2_ws/install/p1_ej3_servidor:/home/sergio/ros2_ws/install/p1_ej3_cliente:/home/sergio/ros2_ws/install/p1_ej2_nodos_sensor:/home/sergio/ros2_ws/install/p1_ej2_nodo5:/home/sergio/ros2_ws/install/p1_ej2_nodo4:/home/sergio/ros2_ws/install/nodo_adc_sub:/home/sergio/ros2_ws/install/my_stage_mover:/home/sergio/ros2_ws/install/my_package:/home/sergio/ros2_ws/install/mma_talker:/home/sergio/ros2_ws/install/mma_service:/home/sergio/ros2_ws/install/mma_listener:/home/sergio/ros2_ws/install/ejercicio_tres_server:/home/sergio/ros2_ws/install/ejercicio_tres_client:/home/sergio/ros2_ws/install/ejercicio_dos:/home/sergio/ros2_ws/install/ejemplo_uno:/home/sergio/ros2_ws/install/auto_mover:/home/sergio/ros2_ws/install/P1_ej1_sub:/home/sergio/ros2_ws/install/P1_ej1_pub:/opt/ros/humble /usr/bin/cmake --build /home/sergio/ros2_ws/build/ejercicio_tres_interface -- -j16 -l16
[2.699s] Invoking command in '/home/sergio/ros2_ws/build/ejercicio_tres_interface': CMAKE_PREFIX_PATH=${CMAKE_PREFIX_PATH}:/home/sergio/ros2_ws/install/turtlebot3_teleop:/home/sergio/ros2_ws/install/turtlebot3_example:/home/sergio/ros2_ws/install/trr_robot_ps:/home/sergio/ros2_ws/install/robot_nav:/home/sergio/ros2_ws/install/robot_autonomo:/home/sergio/ros2_ws/install/p1_ej3_servidor:/home/sergio/ros2_ws/install/p1_ej3_cliente:/home/sergio/ros2_ws/install/p1_ej2_nodos_sensor:/home/sergio/ros2_ws/install/p1_ej2_nodo5:/home/sergio/ros2_ws/install/p1_ej2_nodo4:/home/sergio/ros2_ws/install/nodo_adc_sub:/home/sergio/ros2_ws/install/my_stage_mover:/home/sergio/ros2_ws/install/my_package:/home/sergio/ros2_ws/install/mma_talker:/home/sergio/ros2_ws/install/mma_service:/home/sergio/ros2_ws/install/mma_listener:/home/sergio/ros2_ws/install/ejercicio_tres_server:/home/sergio/ros2_ws/install/ejercicio_tres_client:/home/sergio/ros2_ws/install/ejercicio_dos:/home/sergio/ros2_ws/install/ejemplo_uno:/home/sergio/ros2_ws/install/auto_mover:/home/sergio/ros2_ws/install/P1_ej1_sub:/home/sergio/ros2_ws/install/P1_ej1_pub:/opt/ros/humble /usr/bin/cmake --install /home/sergio/ros2_ws/build/ejercicio_tres_interface
[2.716s] -- Install configuration: ""
[2.718s] -- Up-to-date: /home/sergio/ros2_ws/install/ejercicio_tres_interface/share/ament_index/resource_index/rosidl_interfaces/ejercicio_tres_interface
[2.718s] -- Up-to-date: /home/sergio/ros2_ws/install/ejercicio_tres_interface/include/ejercicio_tres_interface/ejercicio_tres_interface
[2.718s] -- Up-to-date: /home/sergio/ros2_ws/install/ejercicio_tres_interface/include/ejercicio_tres_interface/ejercicio_tres_interface/msg
[2.718s] -- Up-to-date: /home/sergio/ros2_ws/install/ejercicio_tres_interface/include/ejercicio_tres_interface/ejercicio_tres_interface/msg/rosidl_generator_c__visibility_control.h
[2.719s] -- Up-to-date: /home/sergio/ros2_ws/install/ejercicio_tres_interface/include/ejercicio_tres_interface/ejercicio_tres_interface/srv
[2.719s] -- Up-to-date: /home/sergio/ros2_ws/install/ejercicio_tres_interface/include/ejercicio_tres_interface/ejercicio_tres_interface/srv/detail
[2.719s] -- Up-to-date: /home/sergio/ros2_ws/install/ejercicio_tres_interface/include/ejercicio_tres_interface/ejercicio_tres_interface/srv/detail/midpoint__functions.c
[2.719s] -- Up-to-date: /home/sergio/ros2_ws/install/ejercicio_tres_interface/include/ejercicio_tres_interface/ejercicio_tres_interface/srv/detail/midpoint__type_support.h
[2.719s] -- Up-to-date: /home/sergio/ros2_ws/install/ejercicio_tres_interface/include/ejercicio_tres_interface/ejercicio_tres_interface/srv/detail/midpoint__functions.h
[2.719s] -- Up-to-date: /home/sergio/ros2_ws/install/ejercicio_tres_interface/include/ejercicio_tres_interface/ejercicio_tres_interface/srv/detail/midpoint__struct.h
[2.719s] -- Up-to-date: /home/sergio/ros2_ws/install/ejercicio_tres_interface/include/ejercicio_tres_interface/ejercicio_tres_interface/srv/midpoint.h
[2.719s] -- Up-to-date: /home/sergio/ros2_ws/install/ejercicio_tres_interface/share/ejercicio_tres_interface/environment/library_path.sh
[2.719s] -- Up-to-date: /home/sergio/ros2_ws/install/ejercicio_tres_interface/share/ejercicio_tres_interface/environment/library_path.dsv
[2.719s] -- Up-to-date: /home/sergio/ros2_ws/install/ejercicio_tres_interface/lib/libejercicio_tres_interface__rosidl_generator_c.so
[2.719s] -- Up-to-date: /home/sergio/ros2_ws/install/ejercicio_tres_interface/include/ejercicio_tres_interface/ejercicio_tres_interface
[2.719s] -- Up-to-date: /home/sergio/ros2_ws/install/ejercicio_tres_interface/include/ejercicio_tres_interface/ejercicio_tres_interface/msg
[2.720s] -- Up-to-date: /home/sergio/ros2_ws/install/ejercicio_tres_interface/include/ejercicio_tres_interface/ejercicio_tres_interface/msg/rosidl_typesupport_fastrtps_c__visibility_control.h
[2.720s] -- Up-to-date: /home/sergio/ros2_ws/install/ejercicio_tres_interface/include/ejercicio_tres_interface/ejercicio_tres_interface/srv
[2.720s] -- Up-to-date: /home/sergio/ros2_ws/install/ejercicio_tres_interface/include/ejercicio_tres_interface/ejercicio_tres_interface/srv/detail
[2.720s] -- Up-to-date: /home/sergio/ros2_ws/install/ejercicio_tres_interface/include/ejercicio_tres_interface/ejercicio_tres_interface/srv/detail/midpoint__rosidl_typesupport_fastrtps_c.h
[2.729s] -- Up-to-date: /home/sergio/ros2_ws/install/ejercicio_tres_interface/lib/libejercicio_tres_interface__rosidl_typesupport_fastrtps_c.so
[2.730s] -- Up-to-date: /home/sergio/ros2_ws/install/ejercicio_tres_interface/include/ejercicio_tres_interface/ejercicio_tres_interface
[2.730s] -- Up-to-date: /home/sergio/ros2_ws/install/ejercicio_tres_interface/include/ejercicio_tres_interface/ejercicio_tres_interface/msg
[2.731s] -- Up-to-date: /home/sergio/ros2_ws/install/ejercicio_tres_interface/include/ejercicio_tres_interface/ejercicio_tres_interface/msg/rosidl_typesupport_introspection_c__visibility_control.h
[2.731s] -- Up-to-date: /home/sergio/ros2_ws/install/ejercicio_tres_interface/include/ejercicio_tres_interface/ejercicio_tres_interface/srv
[2.731s] -- Up-to-date: /home/sergio/ros2_ws/install/ejercicio_tres_interface/include/ejercicio_tres_interface/ejercicio_tres_interface/srv/detail
[2.731s] -- Up-to-date: /home/sergio/ros2_ws/install/ejercicio_tres_interface/include/ejercicio_tres_interface/ejercicio_tres_interface/srv/detail/midpoint__type_support.c
[2.731s] -- Up-to-date: /home/sergio/ros2_ws/install/ejercicio_tres_interface/include/ejercicio_tres_interface/ejercicio_tres_interface/srv/detail/midpoint__rosidl_typesupport_introspection_c.h
[2.731s] -- Up-to-date: /home/sergio/ros2_ws/install/ejercicio_tres_interface/lib/libejercicio_tres_interface__rosidl_typesupport_introspection_c.so
[2.731s] -- Up-to-date: /home/sergio/ros2_ws/install/ejercicio_tres_interface/lib/libejercicio_tres_interface__rosidl_typesupport_c.so
[2.735s] -- Up-to-date: /home/sergio/ros2_ws/install/ejercicio_tres_interface/include/ejercicio_tres_interface/ejercicio_tres_interface
[2.735s] -- Up-to-date: /home/sergio/ros2_ws/install/ejercicio_tres_interface/include/ejercicio_tres_interface/ejercicio_tres_interface/msg
[2.735s] -- Up-to-date: /home/sergio/ros2_ws/install/ejercicio_tres_interface/include/ejercicio_tres_interface/ejercicio_tres_interface/msg/rosidl_generator_cpp__visibility_control.hpp
[2.735s] -- Up-to-date: /home/sergio/ros2_ws/install/ejercicio_tres_interface/include/ejercicio_tres_interface/ejercicio_tres_interface/srv
[2.735s] -- Up-to-date: /home/sergio/ros2_ws/install/ejercicio_tres_interface/include/ejercicio_tres_interface/ejercicio_tres_interface/srv/detail
[2.735s] -- Up-to-date: /home/sergio/ros2_ws/install/ejercicio_tres_interface/include/ejercicio_tres_interface/ejercicio_tres_interface/srv/detail/midpoint__traits.hpp
[2.735s] -- Up-to-date: /home/sergio/ros2_ws/install/ejercicio_tres_interface/include/ejercicio_tres_interface/ejercicio_tres_interface/srv/detail/midpoint__builder.hpp
[2.735s] -- Up-to-date: /home/sergio/ros2_ws/install/ejercicio_tres_interface/include/ejercicio_tres_interface/ejercicio_tres_interface/srv/detail/midpoint__type_support.hpp
[2.735s] -- Up-to-date: /home/sergio/ros2_ws/install/ejercicio_tres_interface/include/ejercicio_tres_interface/ejercicio_tres_interface/srv/detail/midpoint__struct.hpp
[2.735s] -- Up-to-date: /home/sergio/ros2_ws/install/ejercicio_tres_interface/include/ejercicio_tres_interface/ejercicio_tres_interface/srv/midpoint.hpp
[2.736s] -- Up-to-date: /home/sergio/ros2_ws/install/ejercicio_tres_interface/include/ejercicio_tres_interface/ejercicio_tres_interface
[2.736s] -- Up-to-date: /home/sergio/ros2_ws/install/ejercicio_tres_interface/include/ejercicio_tres_interface/ejercicio_tres_interface/msg
[2.736s] -- Up-to-date: /home/sergio/ros2_ws/install/ejercicio_tres_interface/include/ejercicio_tres_interface/ejercicio_tres_interface/msg/rosidl_typesupport_fastrtps_cpp__visibility_control.h
[2.736s] -- Up-to-date: /home/sergio/ros2_ws/install/ejercicio_tres_interface/include/ejercicio_tres_interface/ejercicio_tres_interface/srv
[2.736s] -- Up-to-date: /home/sergio/ros2_ws/install/ejercicio_tres_interface/include/ejercicio_tres_interface/ejercicio_tres_interface/srv/detail
[2.737s] -- Up-to-date: /home/sergio/ros2_ws/install/ejercicio_tres_interface/include/ejercicio_tres_interface/ejercicio_tres_interface/srv/detail/dds_fastrtps
[2.737s] -- Up-to-date: /home/sergio/ros2_ws/install/ejercicio_tres_interface/include/ejercicio_tres_interface/ejercicio_tres_interface/srv/detail/midpoint__rosidl_typesupport_fastrtps_cpp.hpp
[2.737s] -- Up-to-date: /home/sergio/ros2_ws/install/ejercicio_tres_interface/lib/libejercicio_tres_interface__rosidl_typesupport_fastrtps_cpp.so
[2.741s] -- Up-to-date: /home/sergio/ros2_ws/install/ejercicio_tres_interface/include/ejercicio_tres_interface/ejercicio_tres_interface
[2.741s] -- Up-to-date: /home/sergio/ros2_ws/install/ejercicio_tres_interface/include/ejercicio_tres_interface/ejercicio_tres_interface/srv
[2.742s] -- Up-to-date: /home/sergio/ros2_ws/install/ejercicio_tres_interface/include/ejercicio_tres_interface/ejercicio_tres_interface/srv/detail
[2.742s] -- Up-to-date: /home/sergio/ros2_ws/install/ejercicio_tres_interface/include/ejercicio_tres_interface/ejercicio_tres_interface/srv/detail/midpoint__type_support.cpp
[2.742s] -- Up-to-date: /home/sergio/ros2_ws/install/ejercicio_tres_interface/include/ejercicio_tres_interface/ejercicio_tres_interface/srv/detail/midpoint__rosidl_typesupport_introspection_cpp.hpp
[2.742s] -- Up-to-date: /home/sergio/ros2_ws/install/ejercicio_tres_interface/lib/libejercicio_tres_interface__rosidl_typesupport_introspection_cpp.so
[2.742s] -- Up-to-date: /home/sergio/ros2_ws/install/ejercicio_tres_interface/lib/libejercicio_tres_interface__rosidl_typesupport_cpp.so
[2.742s] -- Up-to-date: /home/sergio/ros2_ws/install/ejercicio_tres_interface/share/ejercicio_tres_interface/environment/pythonpath.sh
[2.742s] -- Up-to-date: /home/sergio/ros2_ws/install/ejercicio_tres_interface/share/ejercicio_tres_interface/environment/pythonpath.dsv
[2.747s] -- Up-to-date: /home/sergio/ros2_ws/install/ejercicio_tres_interface/local/lib/python3.10/dist-packages/ejercicio_tres_interface-0.0.0-py3.10.egg-info
[2.747s] -- Installing: /home/sergio/ros2_ws/install/ejercicio_tres_interface/local/lib/python3.10/dist-packages/ejercicio_tres_interface-0.0.0-py3.10.egg-info/PKG-INFO
[2.747s] -- Installing: /home/sergio/ros2_ws/install/ejercicio_tres_interface/local/lib/python3.10/dist-packages/ejercicio_tres_interface-0.0.0-py3.10.egg-info/SOURCES.txt
[2.747s] -- Installing: /home/sergio/ros2_ws/install/ejercicio_tres_interface/local/lib/python3.10/dist-packages/ejercicio_tres_interface-0.0.0-py3.10.egg-info/top_level.txt
[2.747s] -- Installing: /home/sergio/ros2_ws/install/ejercicio_tres_interface/local/lib/python3.10/dist-packages/ejercicio_tres_interface-0.0.0-py3.10.egg-info/dependency_links.txt
[2.749s] -- Up-to-date: /home/sergio/ros2_ws/install/ejercicio_tres_interface/local/lib/python3.10/dist-packages/ejercicio_tres_interface
[2.754s] -- Up-to-date: /home/sergio/ros2_ws/install/ejercicio_tres_interface/local/lib/python3.10/dist-packages/ejercicio_tres_interface/ejercicio_tres_interface_s__rosidl_typesupport_c.cpython-310-x86_64-linux-gnu.so
[2.754s] -- Up-to-date: /home/sergio/ros2_ws/install/ejercicio_tres_interface/local/lib/python3.10/dist-packages/ejercicio_tres_interface/ejercicio_tres_interface_s__rosidl_typesupport_introspection_c.cpython-310-x86_64-linux-gnu.so
[2.754s] -- Up-to-date: /home/sergio/ros2_ws/install/ejercicio_tres_interface/local/lib/python3.10/dist-packages/ejercicio_tres_interface/__init__.py
[2.755s] -- Up-to-date: /home/sergio/ros2_ws/install/ejercicio_tres_interface/local/lib/python3.10/dist-packages/ejercicio_tres_interface/_ejercicio_tres_interface_s.ep.rosidl_typesupport_fastrtps_c.c
[2.755s] -- Up-to-date: /home/sergio/ros2_ws/install/ejercicio_tres_interface/local/lib/python3.10/dist-packages/ejercicio_tres_interface/_ejercicio_tres_interface_s.ep.rosidl_typesupport_introspection_c.c
[2.755s] -- Up-to-date: /home/sergio/ros2_ws/install/ejercicio_tres_interface/local/lib/python3.10/dist-packages/ejercicio_tres_interface/_ejercicio_tres_interface_s.ep.rosidl_typesupport_c.c
[2.755s] -- Up-to-date: /home/sergio/ros2_ws/install/ejercicio_tres_interface/local/lib/python3.10/dist-packages/ejercicio_tres_interface/libejercicio_tres_interface__rosidl_generator_py.so
[2.755s] -- Up-to-date: /home/sergio/ros2_ws/install/ejercicio_tres_interface/local/lib/python3.10/dist-packages/ejercicio_tres_interface/srv
[2.755s] -- Up-to-date: /home/sergio/ros2_ws/install/ejercicio_tres_interface/local/lib/python3.10/dist-packages/ejercicio_tres_interface/srv/__init__.py
[2.756s] -- Up-to-date: /home/sergio/ros2_ws/install/ejercicio_tres_interface/local/lib/python3.10/dist-packages/ejercicio_tres_interface/srv/_midpoint_s.c
[2.756s] -- Up-to-date: /home/sergio/ros2_ws/install/ejercicio_tres_interface/local/lib/python3.10/dist-packages/ejercicio_tres_interface/srv/_midpoint.py
[2.756s] -- Up-to-date: /home/sergio/ros2_ws/install/ejercicio_tres_interface/local/lib/python3.10/dist-packages/ejercicio_tres_interface/ejercicio_tres_interface_s__rosidl_typesupport_fastrtps_c.cpython-310-x86_64-linux-gnu.so
[2.817s] Listing '/home/sergio/ros2_ws/install/ejercicio_tres_interface/local/lib/python3.10/dist-packages/ejercicio_tres_interface'...
[2.817s] Listing '/home/sergio/ros2_ws/install/ejercicio_tres_interface/local/lib/python3.10/dist-packages/ejercicio_tres_interface/srv'...
[2.817s] -- Up-to-date: /home/sergio/ros2_ws/install/ejercicio_tres_interface/local/lib/python3.10/dist-packages/ejercicio_tres_interface/ejercicio_tres_interface_s__rosidl_typesupport_fastrtps_c.cpython-310-x86_64-linux-gnu.so
[2.817s] -- Up-to-date: /home/sergio/ros2_ws/install/ejercicio_tres_interface/local/lib/python3.10/dist-packages/ejercicio_tres_interface/ejercicio_tres_interface_s__rosidl_typesupport_introspection_c.cpython-310-x86_64-linux-gnu.so
[2.817s] -- Up-to-date: /home/sergio/ros2_ws/install/ejercicio_tres_interface/local/lib/python3.10/dist-packages/ejercicio_tres_interface/ejercicio_tres_interface_s__rosidl_typesupport_c.cpython-310-x86_64-linux-gnu.so
[2.817s] -- Up-to-date: /home/sergio/ros2_ws/install/ejercicio_tres_interface/lib/libejercicio_tres_interface__rosidl_generator_py.so
[2.817s] -- Up-to-date: /home/sergio/ros2_ws/install/ejercicio_tres_interface/share/ejercicio_tres_interface/srv/Midpoint.idl
[2.817s] -- Up-to-date: /home/sergio/ros2_ws/install/ejercicio_tres_interface/share/ejercicio_tres_interface/srv/Midpoint.srv
[2.818s] -- Up-to-date: /home/sergio/ros2_ws/install/ejercicio_tres_interface/share/ejercicio_tres_interface/srv/Midpoint_Request.msg
[2.818s] -- Up-to-date: /home/sergio/ros2_ws/install/ejercicio_tres_interface/share/ejercicio_tres_interface/srv/Midpoint_Response.msg
[2.818s] -- Up-to-date: /home/sergio/ros2_ws/install/ejercicio_tres_interface/share/ament_index/resource_index/package_run_dependencies/ejercicio_tres_interface
[2.818s] -- Up-to-date: /home/sergio/ros2_ws/install/ejercicio_tres_interface/share/ament_index/resource_index/parent_prefix_path/ejercicio_tres_interface
[2.818s] -- Up-to-date: /home/sergio/ros2_ws/install/ejercicio_tres_interface/share/ejercicio_tres_interface/environment/ament_prefix_path.sh
[2.818s] -- Up-to-date: /home/sergio/ros2_ws/install/ejercicio_tres_interface/share/ejercicio_tres_interface/environment/ament_prefix_path.dsv
[2.818s] -- Up-to-date: /home/sergio/ros2_ws/install/ejercicio_tres_interface/share/ejercicio_tres_interface/environment/path.sh
[2.818s] -- Up-to-date: /home/sergio/ros2_ws/install/ejercicio_tres_interface/share/ejercicio_tres_interface/environment/path.dsv
[2.818s] -- Up-to-date: /home/sergio/ros2_ws/install/ejercicio_tres_interface/share/ejercicio_tres_interface/local_setup.bash
[2.819s] -- Up-to-date: /home/sergio/ros2_ws/install/ejercicio_tres_interface/share/ejercicio_tres_interface/local_setup.sh
[2.819s] -- Up-to-date: /home/sergio/ros2_ws/install/ejercicio_tres_interface/share/ejercicio_tres_interface/local_setup.zsh
[2.819s] -- Up-to-date: /home/sergio/ros2_ws/install/ejercicio_tres_interface/share/ejercicio_tres_interface/local_setup.dsv
[2.819s] -- Installing: /home/sergio/ros2_ws/install/ejercicio_tres_interface/share/ejercicio_tres_interface/package.dsv
[2.819s] -- Up-to-date: /home/sergio/ros2_ws/install/ejercicio_tres_interface/share/ament_index/resource_index/packages/ejercicio_tres_interface
[2.819s] -- Up-to-date: /home/sergio/ros2_ws/install/ejercicio_tres_interface/share/ejercicio_tres_interface/cmake/export_ejercicio_tres_interface__rosidl_generator_cExport.cmake
[2.819s] -- Up-to-date: /home/sergio/ros2_ws/install/ejercicio_tres_interface/share/ejercicio_tres_interface/cmake/export_ejercicio_tres_interface__rosidl_generator_cExport-noconfig.cmake
[2.820s] -- Up-to-date: /home/sergio/ros2_ws/install/ejercicio_tres_interface/share/ejercicio_tres_interface/cmake/export_ejercicio_tres_interface__rosidl_typesupport_fastrtps_cExport.cmake
[2.820s] -- Up-to-date: /home/sergio/ros2_ws/install/ejercicio_tres_interface/share/ejercicio_tres_interface/cmake/export_ejercicio_tres_interface__rosidl_typesupport_fastrtps_cExport-noconfig.cmake
[2.820s] -- Up-to-date: /home/sergio/ros2_ws/install/ejercicio_tres_interface/share/ejercicio_tres_interface/cmake/ejercicio_tres_interface__rosidl_typesupport_introspection_cExport.cmake
[2.820s] -- Up-to-date: /home/sergio/ros2_ws/install/ejercicio_tres_interface/share/ejercicio_tres_interface/cmake/ejercicio_tres_interface__rosidl_typesupport_introspection_cExport-noconfig.cmake
[2.820s] -- Up-to-date: /home/sergio/ros2_ws/install/ejercicio_tres_interface/share/ejercicio_tres_interface/cmake/ejercicio_tres_interface__rosidl_typesupport_cExport.cmake
[2.820s] -- Up-to-date: /home/sergio/ros2_ws/install/ejercicio_tres_interface/share/ejercicio_tres_interface/cmake/ejercicio_tres_interface__rosidl_typesupport_cExport-noconfig.cmake
[2.820s] -- Up-to-date: /home/sergio/ros2_ws/install/ejercicio_tres_interface/share/ejercicio_tres_interface/cmake/export_ejercicio_tres_interface__rosidl_generator_cppExport.cmake
[2.820s] -- Up-to-date: /home/sergio/ros2_ws/install/ejercicio_tres_interface/share/ejercicio_tres_interface/cmake/export_ejercicio_tres_interface__rosidl_typesupport_fastrtps_cppExport.cmake
[2.822s] -- Up-to-date: /home/sergio/ros2_ws/install/ejercicio_tres_interface/share/ejercicio_tres_interface/cmake/export_ejercicio_tres_interface__rosidl_typesupport_fastrtps_cppExport-noconfig.cmake
[2.822s] -- Up-to-date: /home/sergio/ros2_ws/install/ejercicio_tres_interface/share/ejercicio_tres_interface/cmake/ejercicio_tres_interface__rosidl_typesupport_introspection_cppExport.cmake
[2.822s] -- Up-to-date: /home/sergio/ros2_ws/install/ejercicio_tres_interface/share/ejercicio_tres_interface/cmake/ejercicio_tres_interface__rosidl_typesupport_introspection_cppExport-noconfig.cmake
[2.822s] -- Up-to-date: /home/sergio/ros2_ws/install/ejercicio_tres_interface/share/ejercicio_tres_interface/cmake/ejercicio_tres_interface__rosidl_typesupport_cppExport.cmake
[2.822s] -- Up-to-date: /home/sergio/ros2_ws/install/ejercicio_tres_interface/share/ejercicio_tres_interface/cmake/ejercicio_tres_interface__rosidl_typesupport_cppExport-noconfig.cmake
[2.822s] -- Up-to-date: /home/sergio/ros2_ws/install/ejercicio_tres_interface/share/ejercicio_tres_interface/cmake/export_ejercicio_tres_interface__rosidl_generator_pyExport.cmake
[2.822s] -- Up-to-date: /home/sergio/ros2_ws/install/ejercicio_tres_interface/share/ejercicio_tres_interface/cmake/export_ejercicio_tres_interface__rosidl_generator_pyExport-noconfig.cmake
[2.822s] -- Up-to-date: /home/sergio/ros2_ws/install/ejercicio_tres_interface/share/ejercicio_tres_interface/cmake/rosidl_cmake-extras.cmake
[2.823s] -- Up-to-date: /home/sergio/ros2_ws/install/ejercicio_tres_interface/share/ejercicio_tres_interface/cmake/ament_cmake_export_include_directories-extras.cmake
[2.823s] -- Up-to-date: /home/sergio/ros2_ws/install/ejercicio_tres_interface/share/ejercicio_tres_interface/cmake/ament_cmake_export_libraries-extras.cmake
[2.823s] -- Up-to-date: /home/sergio/ros2_ws/install/ejercicio_tres_interface/share/ejercicio_tres_interface/cmake/ament_cmake_export_targets-extras.cmake
[2.823s] -- Up-to-date: /home/sergio/ros2_ws/install/ejercicio_tres_interface/share/ejercicio_tres_interface/cmake/rosidl_cmake_export_typesupport_targets-extras.cmake
[2.823s] -- Up-to-date: /home/sergio/ros2_ws/install/ejercicio_tres_interface/share/ejercicio_tres_interface/cmake/ament_cmake_export_dependencies-extras.cmake
[2.823s] -- Up-to-date: /home/sergio/ros2_ws/install/ejercicio_tres_interface/share/ejercicio_tres_interface/cmake/rosidl_cmake_export_typesupport_libraries-extras.cmake
[2.823s] -- Up-to-date: /home/sergio/ros2_ws/install/ejercicio_tres_interface/share/ejercicio_tres_interface/cmake/ejercicio_tres_interfaceConfig.cmake
[2.823s] -- Up-to-date: /home/sergio/ros2_ws/install/ejercicio_tres_interface/share/ejercicio_tres_interface/cmake/ejercicio_tres_interfaceConfig-version.cmake
[2.823s] -- Up-to-date: /home/sergio/ros2_ws/install/ejercicio_tres_interface/share/ejercicio_tres_interface/package.xml
[2.903s] Invoked command in '/home/sergio/ros2_ws/build/ejercicio_tres_interface' returned '0': CMAKE_PREFIX_PATH=${CMAKE_PREFIX_PATH}:/home/sergio/ros2_ws/install/turtlebot3_teleop:/home/sergio/ros2_ws/install/turtlebot3_example:/home/sergio/ros2_ws/install/trr_robot_ps:/home/sergio/ros2_ws/install/robot_nav:/home/sergio/ros2_ws/install/robot_autonomo:/home/sergio/ros2_ws/install/p1_ej3_servidor:/home/sergio/ros2_ws/install/p1_ej3_cliente:/home/sergio/ros2_ws/install/p1_ej2_nodos_sensor:/home/sergio/ros2_ws/install/p1_ej2_nodo5:/home/sergio/ros2_ws/install/p1_ej2_nodo4:/home/sergio/ros2_ws/install/nodo_adc_sub:/home/sergio/ros2_ws/install/my_stage_mover:/home/sergio/ros2_ws/install/my_package:/home/sergio/ros2_ws/install/mma_talker:/home/sergio/ros2_ws/install/mma_service:/home/sergio/ros2_ws/install/mma_listener:/home/sergio/ros2_ws/install/ejercicio_tres_server:/home/sergio/ros2_ws/install/ejercicio_tres_client:/home/sergio/ros2_ws/install/ejercicio_dos:/home/sergio/ros2_ws/install/ejemplo_uno:/home/sergio/ros2_ws/install/auto_mover:/home/sergio/ros2_ws/install/P1_ej1_sub:/home/sergio/ros2_ws/install/P1_ej1_pub:/opt/ros/humble /usr/bin/cmake --install /home/sergio/ros2_ws/build/ejercicio_tres_interface
