[3.594s] Invoking command in '/home/sergio/ros2_ws/src/p1_ej3_cliente': PYTHONPATH=/home/sergio/ros2_ws/build/p1_ej3_cliente/prefix_override:/home/sergio/.espressif/python_env/idf5.2_py3.10_env/lib/python3.10/site-packages/colcon_core/task/python/colcon_distutils_commands:/home/sergio/ros2_ws/install/p1_ej3_cliente/lib/python3.10/site-packages:${PYTHONPATH} /home/sergio/.espressif/python_env/idf5.2_py3.10_env/bin/python3 -W ignore:setup.py install is deprecated -W ignore:easy_install command is deprecated setup.py egg_info --egg-base ../../build/p1_ej3_cliente build --build-base /home/sergio/ros2_ws/build/p1_ej3_cliente/build install --record /home/sergio/ros2_ws/build/p1_ej3_cliente/install.log --single-version-externally-managed install_data
[4.071s] running egg_info
[4.113s] writing ../../build/p1_ej3_cliente/p1_ej3_cliente.egg-info/PKG-INFO
[4.113s] writing dependency_links to ../../build/p1_ej3_cliente/p1_ej3_cliente.egg-info/dependency_links.txt
[4.115s] writing entry points to ../../build/p1_ej3_cliente/p1_ej3_cliente.egg-info/entry_points.txt
[4.115s] writing requirements to ../../build/p1_ej3_cliente/p1_ej3_cliente.egg-info/requires.txt
[4.119s] writing top-level names to ../../build/p1_ej3_cliente/p1_ej3_cliente.egg-info/top_level.txt
[4.160s] reading manifest file '../../build/p1_ej3_cliente/p1_ej3_cliente.egg-info/SOURCES.txt'
[4.160s] writing manifest file '../../build/p1_ej3_cliente/p1_ej3_cliente.egg-info/SOURCES.txt'
[4.160s] running build
[4.160s] running build_py
[4.160s] copying p1_ej3_cliente/__init__.py -> /home/sergio/ros2_ws/build/p1_ej3_cliente/build/lib/p1_ej3_cliente
[4.161s] copying p1_ej3_cliente/cliente.py -> /home/sergio/ros2_ws/build/p1_ej3_cliente/build/lib/p1_ej3_cliente
[4.161s] running install
[4.170s] running install_lib
[4.207s] running install_data
[4.210s] copying resource/p1_ej3_cliente -> /home/sergio/ros2_ws/install/p1_ej3_cliente/share/ament_index/resource_index/packages
[4.214s] copying package.xml -> /home/sergio/ros2_ws/install/p1_ej3_cliente/share/p1_ej3_cliente
[4.214s] running install_egg_info
[4.255s] removing '/home/sergio/ros2_ws/install/p1_ej3_cliente/lib/python3.10/site-packages/p1_ej3_cliente-0.0.0-py3.10.egg-info' (and everything under it)
[4.255s] Copying ../../build/p1_ej3_cliente/p1_ej3_cliente.egg-info to /home/sergio/ros2_ws/install/p1_ej3_cliente/lib/python3.10/site-packages/p1_ej3_cliente-0.0.0-py3.10.egg-info
[4.255s] running install_scripts
[4.491s] Installing cliente script to /home/sergio/ros2_ws/install/p1_ej3_cliente/lib/p1_ej3_cliente
[4.492s] writing list of installed files to '/home/sergio/ros2_ws/build/p1_ej3_cliente/install.log'
[4.535s] Invoked command in '/home/sergio/ros2_ws/src/p1_ej3_cliente' returned '0': PYTHONPATH=/home/sergio/ros2_ws/build/p1_ej3_cliente/prefix_override:/home/sergio/.espressif/python_env/idf5.2_py3.10_env/lib/python3.10/site-packages/colcon_core/task/python/colcon_distutils_commands:/home/sergio/ros2_ws/install/p1_ej3_cliente/lib/python3.10/site-packages:${PYTHONPATH} /home/sergio/.espressif/python_env/idf5.2_py3.10_env/bin/python3 -W ignore:setup.py install is deprecated -W ignore:easy_install command is deprecated setup.py egg_info --egg-base ../../build/p1_ej3_cliente build --build-base /home/sergio/ros2_ws/build/p1_ej3_cliente/build install --record /home/sergio/ros2_ws/build/p1_ej3_cliente/install.log --single-version-externally-managed install_data
