[1.716s] Invoking command in '/home/sergio/ros2_ws/src/ejercicio_tres_server': PYTHONPATH=/home/sergio/ros2_ws/build/ejercicio_tres_server/prefix_override:/usr/lib/python3/dist-packages/colcon_core/task/python/colcon_distutils_commands:/home/sergio/ros2_ws/install/ejercicio_tres_server/lib/python3.10/site-packages:${PYTHONPATH} /usr/bin/python3 -W ignore:setup.py install is deprecated -W ignore:easy_install command is deprecated setup.py egg_info --egg-base ../../build/ejercicio_tres_server build --build-base /home/sergio/ros2_ws/build/ejercicio_tres_server/build install --record /home/sergio/ros2_ws/build/ejercicio_tres_server/install.log --single-version-externally-managed install_data
[1.950s] running egg_info
[1.951s] writing ../../build/ejercicio_tres_server/ejercicio_tres_server.egg-info/PKG-INFO
[1.951s] writing dependency_links to ../../build/ejercicio_tres_server/ejercicio_tres_server.egg-info/dependency_links.txt
[1.951s] writing entry points to ../../build/ejercicio_tres_server/ejercicio_tres_server.egg-info/entry_points.txt
[1.952s] writing requirements to ../../build/ejercicio_tres_server/ejercicio_tres_server.egg-info/requires.txt
[1.952s] writing top-level names to ../../build/ejercicio_tres_server/ejercicio_tres_server.egg-info/top_level.txt
[1.953s] reading manifest file '../../build/ejercicio_tres_server/ejercicio_tres_server.egg-info/SOURCES.txt'
[1.954s] writing manifest file '../../build/ejercicio_tres_server/ejercicio_tres_server.egg-info/SOURCES.txt'
[1.954s] running build
[1.954s] running build_py
[1.954s] running install
[1.954s] running install_lib
[1.956s] running install_data
[1.956s] running install_egg_info
[1.958s] removing '/home/sergio/ros2_ws/install/ejercicio_tres_server/lib/python3.10/site-packages/ejercicio_tres_server-0.0.0-py3.10.egg-info' (and everything under it)
[1.958s] Copying ../../build/ejercicio_tres_server/ejercicio_tres_server.egg-info to /home/sergio/ros2_ws/install/ejercicio_tres_server/lib/python3.10/site-packages/ejercicio_tres_server-0.0.0-py3.10.egg-info
[1.959s] running install_scripts
[1.978s] Installing midpoint_server script to /home/sergio/ros2_ws/install/ejercicio_tres_server/lib/ejercicio_tres_server
[1.979s] writing list of installed files to '/home/sergio/ros2_ws/build/ejercicio_tres_server/install.log'
[2.005s] Invoked command in '/home/sergio/ros2_ws/src/ejercicio_tres_server' returned '0': PYTHONPATH=/home/sergio/ros2_ws/build/ejercicio_tres_server/prefix_override:/usr/lib/python3/dist-packages/colcon_core/task/python/colcon_distutils_commands:/home/sergio/ros2_ws/install/ejercicio_tres_server/lib/python3.10/site-packages:${PYTHONPATH} /usr/bin/python3 -W ignore:setup.py install is deprecated -W ignore:easy_install command is deprecated setup.py egg_info --egg-base ../../build/ejercicio_tres_server build --build-base /home/sergio/ros2_ws/build/ejercicio_tres_server/build install --record /home/sergio/ros2_ws/build/ejercicio_tres_server/install.log --single-version-externally-managed install_data
