[0.065s] DEBUG:colcon:Command line arguments: ['/usr/bin/colcon', 'build']
[0.065s] DEBUG:colcon:Parsed command line arguments: Namespace(log_base=None, log_level=None, verb_name='build', build_base='build', install_base='install', merge_install=False, symlink_install=False, test_result_base=None, continue_on_error=False, executor='parallel', parallel_workers=16, event_handlers=None, ignore_user_meta=False, metas=['./colcon.meta'], base_paths=['.'], packages_ignore=None, packages_ignore_regex=None, paths=None, packages_up_to=None, packages_up_to_regex=None, packages_above=None, packages_above_and_dependencies=None, packages_above_depth=None, packages_select_by_dep=None, packages_skip_by_dep=None, packages_skip_up_to=None, packages_select_build_failed=False, packages_skip_build_finished=False, packages_select_test_failures=False, packages_skip_test_passed=False, packages_select=None, packages_skip=None, packages_select_regex=None, packages_skip_regex=None, packages_start=None, packages_end=None, allow_overriding=[], cmake_args=None, cmake_target=None, cmake_target_skip_unavailable=False, cmake_clean_cache=False, cmake_clean_first=False, cmake_force_configure=False, ament_cmake_args=None, catkin_cmake_args=None, catkin_skip_building_tests=False, verb_parser=<colcon_defaults.argument_parser.defaults.DefaultArgumentsDecorator object at 0x715ee2f5a1d0>, verb_extension=<colcon_core.verb.build.BuildVerb object at 0x715ee2f59390>, main=<bound method BuildVerb.main of <colcon_core.verb.build.BuildVerb object at 0x715ee2f59390>>)
[0.162s] Level 1:colcon.colcon_core.package_discovery:discover_packages(colcon_meta) check parameters
[0.162s] Level 1:colcon.colcon_core.package_discovery:discover_packages(recursive) check parameters
[0.162s] Level 1:colcon.colcon_core.package_discovery:discover_packages(ignore) check parameters
[0.162s] Level 1:colcon.colcon_core.package_discovery:discover_packages(path) check parameters
[0.162s] Level 1:colcon.colcon_core.package_discovery:discover_packages(colcon_meta) discover
[0.162s] Level 1:colcon.colcon_core.package_discovery:discover_packages(recursive) discover
[0.162s] INFO:colcon.colcon_core.package_discovery:Crawling recursively for packages in '/home/sergio/ros2_ws/src'
[0.162s] Level 1:colcon.colcon_core.package_identification:_identify(.) by extensions ['ignore', 'ignore_ament_install']
[0.162s] Level 1:colcon.colcon_core.package_identification:_identify(.) by extension 'ignore'
[0.162s] Level 1:colcon.colcon_core.package_identification:_identify(.) by extension 'ignore_ament_install'
[0.162s] Level 1:colcon.colcon_core.package_identification:_identify(.) by extensions ['colcon_pkg']
[0.162s] Level 1:colcon.colcon_core.package_identification:_identify(.) by extension 'colcon_pkg'
[0.162s] Level 1:colcon.colcon_core.package_identification:_identify(.) by extensions ['colcon_meta']
[0.162s] Level 1:colcon.colcon_core.package_identification:_identify(.) by extension 'colcon_meta'
[0.162s] Level 1:colcon.colcon_core.package_identification:_identify(.) by extensions ['ros']
[0.162s] Level 1:colcon.colcon_core.package_identification:_identify(.) by extension 'ros'
[0.169s] Level 1:colcon.colcon_core.package_identification:_identify(.) by extensions ['cmake', 'python']
[0.169s] Level 1:colcon.colcon_core.package_identification:_identify(.) by extension 'cmake'
[0.169s] Level 1:colcon.colcon_core.package_identification:_identify(.) by extension 'python'
[0.169s] Level 1:colcon.colcon_core.package_identification:_identify(.) by extensions ['python_setup_py']
[0.169s] Level 1:colcon.colcon_core.package_identification:_identify(.) by extension 'python_setup_py'
[0.170s] Level 1:colcon.colcon_core.package_identification:_identify(build) by extensions ['ignore', 'ignore_ament_install']
[0.170s] Level 1:colcon.colcon_core.package_identification:_identify(build) by extension 'ignore'
[0.170s] Level 1:colcon.colcon_core.package_identification:_identify(build) ignored
[0.170s] Level 1:colcon.colcon_core.package_identification:_identify(ejemplo_uno) by extensions ['ignore', 'ignore_ament_install']
[0.170s] Level 1:colcon.colcon_core.package_identification:_identify(ejemplo_uno) by extension 'ignore'
[0.170s] Level 1:colcon.colcon_core.package_identification:_identify(ejemplo_uno) by extension 'ignore_ament_install'
[0.170s] Level 1:colcon.colcon_core.package_identification:_identify(ejemplo_uno) by extensions ['colcon_pkg']
[0.170s] Level 1:colcon.colcon_core.package_identification:_identify(ejemplo_uno) by extension 'colcon_pkg'
[0.170s] Level 1:colcon.colcon_core.package_identification:_identify(ejemplo_uno) by extensions ['colcon_meta']
[0.170s] Level 1:colcon.colcon_core.package_identification:_identify(ejemplo_uno) by extension 'colcon_meta'
[0.170s] Level 1:colcon.colcon_core.package_identification:_identify(ejemplo_uno) by extensions ['ros']
[0.170s] Level 1:colcon.colcon_core.package_identification:_identify(ejemplo_uno) by extension 'ros'
[0.172s] DEBUG:colcon.colcon_core.package_identification:Package 'ejemplo_uno' with type 'ros.ament_python' and name 'ejemplo_uno'
[0.172s] Level 1:colcon.colcon_core.package_identification:_identify(ejercicio_dos) by extensions ['ignore', 'ignore_ament_install']
[0.172s] Level 1:colcon.colcon_core.package_identification:_identify(ejercicio_dos) by extension 'ignore'
[0.172s] Level 1:colcon.colcon_core.package_identification:_identify(ejercicio_dos) by extension 'ignore_ament_install'
[0.172s] Level 1:colcon.colcon_core.package_identification:_identify(ejercicio_dos) by extensions ['colcon_pkg']
[0.172s] Level 1:colcon.colcon_core.package_identification:_identify(ejercicio_dos) by extension 'colcon_pkg'
[0.172s] Level 1:colcon.colcon_core.package_identification:_identify(ejercicio_dos) by extensions ['colcon_meta']
[0.172s] Level 1:colcon.colcon_core.package_identification:_identify(ejercicio_dos) by extension 'colcon_meta'
[0.172s] Level 1:colcon.colcon_core.package_identification:_identify(ejercicio_dos) by extensions ['ros']
[0.172s] Level 1:colcon.colcon_core.package_identification:_identify(ejercicio_dos) by extension 'ros'
[0.173s] DEBUG:colcon.colcon_core.package_identification:Package 'ejercicio_dos' with type 'ros.ament_python' and name 'ejercicio_dos'
[0.173s] Level 1:colcon.colcon_core.package_identification:_identify(install) by extensions ['ignore', 'ignore_ament_install']
[0.173s] Level 1:colcon.colcon_core.package_identification:_identify(install) by extension 'ignore'
[0.173s] Level 1:colcon.colcon_core.package_identification:_identify(install) ignored
[0.173s] Level 1:colcon.colcon_core.package_identification:_identify(log) by extensions ['ignore', 'ignore_ament_install']
[0.173s] Level 1:colcon.colcon_core.package_identification:_identify(log) by extension 'ignore'
[0.173s] Level 1:colcon.colcon_core.package_identification:_identify(log) ignored
[0.173s] Level 1:colcon.colcon_core.package_identification:_identify(mma_interfaces) by extensions ['ignore', 'ignore_ament_install']
[0.173s] Level 1:colcon.colcon_core.package_identification:_identify(mma_interfaces) by extension 'ignore'
[0.173s] Level 1:colcon.colcon_core.package_identification:_identify(mma_interfaces) by extension 'ignore_ament_install'
[0.173s] Level 1:colcon.colcon_core.package_identification:_identify(mma_interfaces) by extensions ['colcon_pkg']
[0.173s] Level 1:colcon.colcon_core.package_identification:_identify(mma_interfaces) by extension 'colcon_pkg'
[0.173s] Level 1:colcon.colcon_core.package_identification:_identify(mma_interfaces) by extensions ['colcon_meta']
[0.173s] Level 1:colcon.colcon_core.package_identification:_identify(mma_interfaces) by extension 'colcon_meta'
[0.173s] Level 1:colcon.colcon_core.package_identification:_identify(mma_interfaces) by extensions ['ros']
[0.173s] Level 1:colcon.colcon_core.package_identification:_identify(mma_interfaces) by extension 'ros'
[0.174s] DEBUG:colcon.colcon_core.package_identification:Package 'mma_interfaces' with type 'ros.ament_cmake' and name 'mma_interfaces'
[0.174s] Level 1:colcon.colcon_core.package_identification:_identify(mma_listener) by extensions ['ignore', 'ignore_ament_install']
[0.174s] Level 1:colcon.colcon_core.package_identification:_identify(mma_listener) by extension 'ignore'
[0.174s] Level 1:colcon.colcon_core.package_identification:_identify(mma_listener) by extension 'ignore_ament_install'
[0.174s] Level 1:colcon.colcon_core.package_identification:_identify(mma_listener) by extensions ['colcon_pkg']
[0.174s] Level 1:colcon.colcon_core.package_identification:_identify(mma_listener) by extension 'colcon_pkg'
[0.174s] Level 1:colcon.colcon_core.package_identification:_identify(mma_listener) by extensions ['colcon_meta']
[0.174s] Level 1:colcon.colcon_core.package_identification:_identify(mma_listener) by extension 'colcon_meta'
[0.174s] Level 1:colcon.colcon_core.package_identification:_identify(mma_listener) by extensions ['ros']
[0.174s] Level 1:colcon.colcon_core.package_identification:_identify(mma_listener) by extension 'ros'
[0.174s] DEBUG:colcon.colcon_core.package_identification:Package 'mma_listener' with type 'ros.ament_python' and name 'mma_listener'
[0.175s] Level 1:colcon.colcon_core.package_identification:_identify(mma_service) by extensions ['ignore', 'ignore_ament_install']
[0.175s] Level 1:colcon.colcon_core.package_identification:_identify(mma_service) by extension 'ignore'
[0.175s] Level 1:colcon.colcon_core.package_identification:_identify(mma_service) by extension 'ignore_ament_install'
[0.175s] Level 1:colcon.colcon_core.package_identification:_identify(mma_service) by extensions ['colcon_pkg']
[0.175s] Level 1:colcon.colcon_core.package_identification:_identify(mma_service) by extension 'colcon_pkg'
[0.175s] Level 1:colcon.colcon_core.package_identification:_identify(mma_service) by extensions ['colcon_meta']
[0.175s] Level 1:colcon.colcon_core.package_identification:_identify(mma_service) by extension 'colcon_meta'
[0.175s] Level 1:colcon.colcon_core.package_identification:_identify(mma_service) by extensions ['ros']
[0.175s] Level 1:colcon.colcon_core.package_identification:_identify(mma_service) by extension 'ros'
[0.175s] DEBUG:colcon.colcon_core.package_identification:Package 'mma_service' with type 'ros.ament_python' and name 'mma_service'
[0.175s] Level 1:colcon.colcon_core.package_identification:_identify(mma_talker) by extensions ['ignore', 'ignore_ament_install']
[0.175s] Level 1:colcon.colcon_core.package_identification:_identify(mma_talker) by extension 'ignore'
[0.175s] Level 1:colcon.colcon_core.package_identification:_identify(mma_talker) by extension 'ignore_ament_install'
[0.175s] Level 1:colcon.colcon_core.package_identification:_identify(mma_talker) by extensions ['colcon_pkg']
[0.175s] Level 1:colcon.colcon_core.package_identification:_identify(mma_talker) by extension 'colcon_pkg'
[0.175s] Level 1:colcon.colcon_core.package_identification:_identify(mma_talker) by extensions ['colcon_meta']
[0.176s] Level 1:colcon.colcon_core.package_identification:_identify(mma_talker) by extension 'colcon_meta'
[0.176s] Level 1:colcon.colcon_core.package_identification:_identify(mma_talker) by extensions ['ros']
[0.176s] Level 1:colcon.colcon_core.package_identification:_identify(mma_talker) by extension 'ros'
[0.176s] DEBUG:colcon.colcon_core.package_identification:Package 'mma_talker' with type 'ros.ament_python' and name 'mma_talker'
[0.176s] Level 1:colcon.colcon_core.package_identification:_identify(my_package) by extensions ['ignore', 'ignore_ament_install']
[0.176s] Level 1:colcon.colcon_core.package_identification:_identify(my_package) by extension 'ignore'
[0.176s] Level 1:colcon.colcon_core.package_identification:_identify(my_package) by extension 'ignore_ament_install'
[0.176s] Level 1:colcon.colcon_core.package_identification:_identify(my_package) by extensions ['colcon_pkg']
[0.176s] Level 1:colcon.colcon_core.package_identification:_identify(my_package) by extension 'colcon_pkg'
[0.176s] Level 1:colcon.colcon_core.package_identification:_identify(my_package) by extensions ['colcon_meta']
[0.176s] Level 1:colcon.colcon_core.package_identification:_identify(my_package) by extension 'colcon_meta'
[0.176s] Level 1:colcon.colcon_core.package_identification:_identify(my_package) by extensions ['ros']
[0.176s] Level 1:colcon.colcon_core.package_identification:_identify(my_package) by extension 'ros'
[0.177s] DEBUG:colcon.colcon_core.package_identification:Package 'my_package' with type 'ros.ament_python' and name 'my_package'
[0.177s] Level 1:colcon.colcon_core.package_discovery:discover_packages(recursive) using defaults
[0.177s] Level 1:colcon.colcon_core.package_discovery:discover_packages(ignore) discover
[0.177s] Level 1:colcon.colcon_core.package_discovery:discover_packages(ignore) using defaults
[0.177s] Level 1:colcon.colcon_core.package_discovery:discover_packages(path) discover
[0.177s] Level 1:colcon.colcon_core.package_discovery:discover_packages(path) using defaults
[0.190s] Level 1:colcon.colcon_core.package_discovery:discover_packages(prefix_path) check parameters
[0.190s] Level 1:colcon.colcon_core.package_discovery:discover_packages(prefix_path) discover
[0.191s] DEBUG:colcon.colcon_installed_package_information.package_discovery:Found 7 installed packages in /home/sergio/ros2_ws/src/install
[0.191s] DEBUG:colcon.colcon_installed_package_information.package_discovery:Found 6 installed packages in /home/sergio/ros2_ws/install
[0.192s] DEBUG:colcon.colcon_installed_package_information.package_discovery:Found 271 installed packages in /opt/ros/humble
[0.199s] Level 1:colcon.colcon_core.package_discovery:discover_packages(prefix_path) using defaults
[0.220s] Level 5:colcon.colcon_core.verb:set package 'ejemplo_uno' build argument 'cmake_args' from command line to 'None'
[0.220s] Level 5:colcon.colcon_core.verb:set package 'ejemplo_uno' build argument 'cmake_target' from command line to 'None'
[0.220s] Level 5:colcon.colcon_core.verb:set package 'ejemplo_uno' build argument 'cmake_target_skip_unavailable' from command line to 'False'
[0.220s] Level 5:colcon.colcon_core.verb:set package 'ejemplo_uno' build argument 'cmake_clean_cache' from command line to 'False'
[0.220s] Level 5:colcon.colcon_core.verb:set package 'ejemplo_uno' build argument 'cmake_clean_first' from command line to 'False'
[0.220s] Level 5:colcon.colcon_core.verb:set package 'ejemplo_uno' build argument 'cmake_force_configure' from command line to 'False'
[0.220s] Level 5:colcon.colcon_core.verb:set package 'ejemplo_uno' build argument 'ament_cmake_args' from command line to 'None'
[0.220s] Level 5:colcon.colcon_core.verb:set package 'ejemplo_uno' build argument 'catkin_cmake_args' from command line to 'None'
[0.220s] Level 5:colcon.colcon_core.verb:set package 'ejemplo_uno' build argument 'catkin_skip_building_tests' from command line to 'False'
[0.221s] DEBUG:colcon.colcon_core.verb:Building package 'ejemplo_uno' with the following arguments: {'ament_cmake_args': None, 'build_base': '/home/sergio/ros2_ws/src/build/ejemplo_uno', 'catkin_cmake_args': None, 'catkin_skip_building_tests': False, 'cmake_args': None, 'cmake_clean_cache': False, 'cmake_clean_first': False, 'cmake_force_configure': False, 'cmake_target': None, 'cmake_target_skip_unavailable': False, 'install_base': '/home/sergio/ros2_ws/src/install/ejemplo_uno', 'merge_install': False, 'path': '/home/sergio/ros2_ws/src/ejemplo_uno', 'symlink_install': False, 'test_result_base': None}
[0.221s] Level 5:colcon.colcon_core.verb:set package 'ejercicio_dos' build argument 'cmake_args' from command line to 'None'
[0.221s] Level 5:colcon.colcon_core.verb:set package 'ejercicio_dos' build argument 'cmake_target' from command line to 'None'
[0.221s] Level 5:colcon.colcon_core.verb:set package 'ejercicio_dos' build argument 'cmake_target_skip_unavailable' from command line to 'False'
[0.221s] Level 5:colcon.colcon_core.verb:set package 'ejercicio_dos' build argument 'cmake_clean_cache' from command line to 'False'
[0.221s] Level 5:colcon.colcon_core.verb:set package 'ejercicio_dos' build argument 'cmake_clean_first' from command line to 'False'
[0.221s] Level 5:colcon.colcon_core.verb:set package 'ejercicio_dos' build argument 'cmake_force_configure' from command line to 'False'
[0.221s] Level 5:colcon.colcon_core.verb:set package 'ejercicio_dos' build argument 'ament_cmake_args' from command line to 'None'
[0.221s] Level 5:colcon.colcon_core.verb:set package 'ejercicio_dos' build argument 'catkin_cmake_args' from command line to 'None'
[0.221s] Level 5:colcon.colcon_core.verb:set package 'ejercicio_dos' build argument 'catkin_skip_building_tests' from command line to 'False'
[0.221s] DEBUG:colcon.colcon_core.verb:Building package 'ejercicio_dos' with the following arguments: {'ament_cmake_args': None, 'build_base': '/home/sergio/ros2_ws/src/build/ejercicio_dos', 'catkin_cmake_args': None, 'catkin_skip_building_tests': False, 'cmake_args': None, 'cmake_clean_cache': False, 'cmake_clean_first': False, 'cmake_force_configure': False, 'cmake_target': None, 'cmake_target_skip_unavailable': False, 'install_base': '/home/sergio/ros2_ws/src/install/ejercicio_dos', 'merge_install': False, 'path': '/home/sergio/ros2_ws/src/ejercicio_dos', 'symlink_install': False, 'test_result_base': None}
[0.221s] Level 5:colcon.colcon_core.verb:set package 'mma_interfaces' build argument 'cmake_args' from command line to 'None'
[0.221s] Level 5:colcon.colcon_core.verb:set package 'mma_interfaces' build argument 'cmake_target' from command line to 'None'
[0.221s] Level 5:colcon.colcon_core.verb:set package 'mma_interfaces' build argument 'cmake_target_skip_unavailable' from command line to 'False'
[0.221s] Level 5:colcon.colcon_core.verb:set package 'mma_interfaces' build argument 'cmake_clean_cache' from command line to 'False'
[0.221s] Level 5:colcon.colcon_core.verb:set package 'mma_interfaces' build argument 'cmake_clean_first' from command line to 'False'
[0.221s] Level 5:colcon.colcon_core.verb:set package 'mma_interfaces' build argument 'cmake_force_configure' from command line to 'False'
[0.221s] Level 5:colcon.colcon_core.verb:set package 'mma_interfaces' build argument 'ament_cmake_args' from command line to 'None'
[0.221s] Level 5:colcon.colcon_core.verb:set package 'mma_interfaces' build argument 'catkin_cmake_args' from command line to 'None'
[0.221s] Level 5:colcon.colcon_core.verb:set package 'mma_interfaces' build argument 'catkin_skip_building_tests' from command line to 'False'
[0.221s] DEBUG:colcon.colcon_core.verb:Building package 'mma_interfaces' with the following arguments: {'ament_cmake_args': None, 'build_base': '/home/sergio/ros2_ws/src/build/mma_interfaces', 'catkin_cmake_args': None, 'catkin_skip_building_tests': False, 'cmake_args': None, 'cmake_clean_cache': False, 'cmake_clean_first': False, 'cmake_force_configure': False, 'cmake_target': None, 'cmake_target_skip_unavailable': False, 'install_base': '/home/sergio/ros2_ws/src/install/mma_interfaces', 'merge_install': False, 'path': '/home/sergio/ros2_ws/src/mma_interfaces', 'symlink_install': False, 'test_result_base': None}
[0.222s] Level 5:colcon.colcon_core.verb:set package 'mma_listener' build argument 'cmake_args' from command line to 'None'
[0.222s] Level 5:colcon.colcon_core.verb:set package 'mma_listener' build argument 'cmake_target' from command line to 'None'
[0.222s] Level 5:colcon.colcon_core.verb:set package 'mma_listener' build argument 'cmake_target_skip_unavailable' from command line to 'False'
[0.222s] Level 5:colcon.colcon_core.verb:set package 'mma_listener' build argument 'cmake_clean_cache' from command line to 'False'
[0.222s] Level 5:colcon.colcon_core.verb:set package 'mma_listener' build argument 'cmake_clean_first' from command line to 'False'
[0.222s] Level 5:colcon.colcon_core.verb:set package 'mma_listener' build argument 'cmake_force_configure' from command line to 'False'
[0.222s] Level 5:colcon.colcon_core.verb:set package 'mma_listener' build argument 'ament_cmake_args' from command line to 'None'
[0.222s] Level 5:colcon.colcon_core.verb:set package 'mma_listener' build argument 'catkin_cmake_args' from command line to 'None'
[0.222s] Level 5:colcon.colcon_core.verb:set package 'mma_listener' build argument 'catkin_skip_building_tests' from command line to 'False'
[0.222s] DEBUG:colcon.colcon_core.verb:Building package 'mma_listener' with the following arguments: {'ament_cmake_args': None, 'build_base': '/home/sergio/ros2_ws/src/build/mma_listener', 'catkin_cmake_args': None, 'catkin_skip_building_tests': False, 'cmake_args': None, 'cmake_clean_cache': False, 'cmake_clean_first': False, 'cmake_force_configure': False, 'cmake_target': None, 'cmake_target_skip_unavailable': False, 'install_base': '/home/sergio/ros2_ws/src/install/mma_listener', 'merge_install': False, 'path': '/home/sergio/ros2_ws/src/mma_listener', 'symlink_install': False, 'test_result_base': None}
[0.222s] Level 5:colcon.colcon_core.verb:set package 'mma_service' build argument 'cmake_args' from command line to 'None'
[0.222s] Level 5:colcon.colcon_core.verb:set package 'mma_service' build argument 'cmake_target' from command line to 'None'
[0.222s] Level 5:colcon.colcon_core.verb:set package 'mma_service' build argument 'cmake_target_skip_unavailable' from command line to 'False'
[0.222s] Level 5:colcon.colcon_core.verb:set package 'mma_service' build argument 'cmake_clean_cache' from command line to 'False'
[0.222s] Level 5:colcon.colcon_core.verb:set package 'mma_service' build argument 'cmake_clean_first' from command line to 'False'
[0.222s] Level 5:colcon.colcon_core.verb:set package 'mma_service' build argument 'cmake_force_configure' from command line to 'False'
[0.222s] Level 5:colcon.colcon_core.verb:set package 'mma_service' build argument 'ament_cmake_args' from command line to 'None'
[0.222s] Level 5:colcon.colcon_core.verb:set package 'mma_service' build argument 'catkin_cmake_args' from command line to 'None'
[0.222s] Level 5:colcon.colcon_core.verb:set package 'mma_service' build argument 'catkin_skip_building_tests' from command line to 'False'
[0.222s] DEBUG:colcon.colcon_core.verb:Building package 'mma_service' with the following arguments: {'ament_cmake_args': None, 'build_base': '/home/sergio/ros2_ws/src/build/mma_service', 'catkin_cmake_args': None, 'catkin_skip_building_tests': False, 'cmake_args': None, 'cmake_clean_cache': False, 'cmake_clean_first': False, 'cmake_force_configure': False, 'cmake_target': None, 'cmake_target_skip_unavailable': False, 'install_base': '/home/sergio/ros2_ws/src/install/mma_service', 'merge_install': False, 'path': '/home/sergio/ros2_ws/src/mma_service', 'symlink_install': False, 'test_result_base': None}
[0.222s] Level 5:colcon.colcon_core.verb:set package 'mma_talker' build argument 'cmake_args' from command line to 'None'
[0.222s] Level 5:colcon.colcon_core.verb:set package 'mma_talker' build argument 'cmake_target' from command line to 'None'
[0.222s] Level 5:colcon.colcon_core.verb:set package 'mma_talker' build argument 'cmake_target_skip_unavailable' from command line to 'False'
[0.223s] Level 5:colcon.colcon_core.verb:set package 'mma_talker' build argument 'cmake_clean_cache' from command line to 'False'
[0.223s] Level 5:colcon.colcon_core.verb:set package 'mma_talker' build argument 'cmake_clean_first' from command line to 'False'
[0.223s] Level 5:colcon.colcon_core.verb:set package 'mma_talker' build argument 'cmake_force_configure' from command line to 'False'
[0.223s] Level 5:colcon.colcon_core.verb:set package 'mma_talker' build argument 'ament_cmake_args' from command line to 'None'
[0.223s] Level 5:colcon.colcon_core.verb:set package 'mma_talker' build argument 'catkin_cmake_args' from command line to 'None'
[0.223s] Level 5:colcon.colcon_core.verb:set package 'mma_talker' build argument 'catkin_skip_building_tests' from command line to 'False'
[0.223s] DEBUG:colcon.colcon_core.verb:Building package 'mma_talker' with the following arguments: {'ament_cmake_args': None, 'build_base': '/home/sergio/ros2_ws/src/build/mma_talker', 'catkin_cmake_args': None, 'catkin_skip_building_tests': False, 'cmake_args': None, 'cmake_clean_cache': False, 'cmake_clean_first': False, 'cmake_force_configure': False, 'cmake_target': None, 'cmake_target_skip_unavailable': False, 'install_base': '/home/sergio/ros2_ws/src/install/mma_talker', 'merge_install': False, 'path': '/home/sergio/ros2_ws/src/mma_talker', 'symlink_install': False, 'test_result_base': None}
[0.223s] Level 5:colcon.colcon_core.verb:set package 'my_package' build argument 'cmake_args' from command line to 'None'
[0.223s] Level 5:colcon.colcon_core.verb:set package 'my_package' build argument 'cmake_target' from command line to 'None'
[0.223s] Level 5:colcon.colcon_core.verb:set package 'my_package' build argument 'cmake_target_skip_unavailable' from command line to 'False'
[0.223s] Level 5:colcon.colcon_core.verb:set package 'my_package' build argument 'cmake_clean_cache' from command line to 'False'
[0.223s] Level 5:colcon.colcon_core.verb:set package 'my_package' build argument 'cmake_clean_first' from command line to 'False'
[0.223s] Level 5:colcon.colcon_core.verb:set package 'my_package' build argument 'cmake_force_configure' from command line to 'False'
[0.223s] Level 5:colcon.colcon_core.verb:set package 'my_package' build argument 'ament_cmake_args' from command line to 'None'
[0.223s] Level 5:colcon.colcon_core.verb:set package 'my_package' build argument 'catkin_cmake_args' from command line to 'None'
[0.223s] Level 5:colcon.colcon_core.verb:set package 'my_package' build argument 'catkin_skip_building_tests' from command line to 'False'
[0.223s] DEBUG:colcon.colcon_core.verb:Building package 'my_package' with the following arguments: {'ament_cmake_args': None, 'build_base': '/home/sergio/ros2_ws/src/build/my_package', 'catkin_cmake_args': None, 'catkin_skip_building_tests': False, 'cmake_args': None, 'cmake_clean_cache': False, 'cmake_clean_first': False, 'cmake_force_configure': False, 'cmake_target': None, 'cmake_target_skip_unavailable': False, 'install_base': '/home/sergio/ros2_ws/src/install/my_package', 'merge_install': False, 'path': '/home/sergio/ros2_ws/src/my_package', 'symlink_install': False, 'test_result_base': None}
[0.223s] INFO:colcon.colcon_core.executor:Executing jobs using 'parallel' executor
[0.224s] DEBUG:colcon.colcon_parallel_executor.executor.parallel:run_until_complete
[0.224s] INFO:colcon.colcon_ros.task.ament_python.build:Building ROS package in '/home/sergio/ros2_ws/src/ejemplo_uno' with build type 'ament_python'
[0.224s] Level 1:colcon.colcon_core.shell:create_environment_hook('ejemplo_uno', 'ament_prefix_path')
[0.225s] INFO:colcon.colcon_core.plugin_system:Skipping extension 'colcon_core.shell.bat': Not used on non-Windows systems
[0.226s] INFO:colcon.colcon_core.shell:Creating environment hook '/home/sergio/ros2_ws/src/install/ejemplo_uno/share/ejemplo_uno/hook/ament_prefix_path.ps1'
[0.226s] INFO:colcon.colcon_core.shell:Creating environment descriptor '/home/sergio/ros2_ws/src/install/ejemplo_uno/share/ejemplo_uno/hook/ament_prefix_path.dsv'
[0.226s] INFO:colcon.colcon_core.shell:Creating environment hook '/home/sergio/ros2_ws/src/install/ejemplo_uno/share/ejemplo_uno/hook/ament_prefix_path.sh'
[0.227s] INFO:colcon.colcon_core.shell:Skip shell extension 'powershell' for command environment: Not usable outside of PowerShell
[0.227s] DEBUG:colcon.colcon_core.shell:Skip shell extension 'dsv' for command environment
[0.229s] INFO:colcon.colcon_ros.task.ament_python.build:Building ROS package in '/home/sergio/ros2_ws/src/ejercicio_dos' with build type 'ament_python'
[0.229s] Level 1:colcon.colcon_core.shell:create_environment_hook('ejercicio_dos', 'ament_prefix_path')
[0.230s] INFO:colcon.colcon_core.shell:Creating environment hook '/home/sergio/ros2_ws/src/install/ejercicio_dos/share/ejercicio_dos/hook/ament_prefix_path.ps1'
[0.230s] INFO:colcon.colcon_core.shell:Creating environment descriptor '/home/sergio/ros2_ws/src/install/ejercicio_dos/share/ejercicio_dos/hook/ament_prefix_path.dsv'
[0.230s] INFO:colcon.colcon_core.shell:Creating environment hook '/home/sergio/ros2_ws/src/install/ejercicio_dos/share/ejercicio_dos/hook/ament_prefix_path.sh'
[0.231s] INFO:colcon.colcon_core.shell:Skip shell extension 'powershell' for command environment: Not usable outside of PowerShell
[0.231s] DEBUG:colcon.colcon_core.shell:Skip shell extension 'dsv' for command environment
[0.233s] INFO:colcon.colcon_ros.task.ament_cmake.build:Building ROS package in '/home/sergio/ros2_ws/src/mma_interfaces' with build type 'ament_cmake'
[0.233s] INFO:colcon.colcon_cmake.task.cmake.build:Building CMake package in '/home/sergio/ros2_ws/src/mma_interfaces'
[0.233s] INFO:colcon.colcon_core.shell:Skip shell extension 'powershell' for command environment: Not usable outside of PowerShell
[0.233s] DEBUG:colcon.colcon_core.shell:Skip shell extension 'dsv' for command environment
[0.236s] INFO:colcon.colcon_ros.task.ament_python.build:Building ROS package in '/home/sergio/ros2_ws/src/mma_listener' with build type 'ament_python'
[0.236s] Level 1:colcon.colcon_core.shell:create_environment_hook('mma_listener', 'ament_prefix_path')
[0.236s] INFO:colcon.colcon_core.shell:Creating environment hook '/home/sergio/ros2_ws/src/install/mma_listener/share/mma_listener/hook/ament_prefix_path.ps1'
[0.237s] INFO:colcon.colcon_core.shell:Creating environment descriptor '/home/sergio/ros2_ws/src/install/mma_listener/share/mma_listener/hook/ament_prefix_path.dsv'
[0.237s] INFO:colcon.colcon_core.shell:Creating environment hook '/home/sergio/ros2_ws/src/install/mma_listener/share/mma_listener/hook/ament_prefix_path.sh'
[0.238s] INFO:colcon.colcon_core.shell:Skip shell extension 'powershell' for command environment: Not usable outside of PowerShell
[0.238s] DEBUG:colcon.colcon_core.shell:Skip shell extension 'dsv' for command environment
[0.242s] INFO:colcon.colcon_ros.task.ament_python.build:Building ROS package in '/home/sergio/ros2_ws/src/mma_service' with build type 'ament_python'
[0.242s] Level 1:colcon.colcon_core.shell:create_environment_hook('mma_service', 'ament_prefix_path')
[0.242s] INFO:colcon.colcon_core.shell:Creating environment hook '/home/sergio/ros2_ws/src/install/mma_service/share/mma_service/hook/ament_prefix_path.ps1'
[0.242s] INFO:colcon.colcon_core.shell:Creating environment descriptor '/home/sergio/ros2_ws/src/install/mma_service/share/mma_service/hook/ament_prefix_path.dsv'
[0.243s] INFO:colcon.colcon_core.shell:Creating environment hook '/home/sergio/ros2_ws/src/install/mma_service/share/mma_service/hook/ament_prefix_path.sh'
[0.243s] INFO:colcon.colcon_core.shell:Skip shell extension 'powershell' for command environment: Not usable outside of PowerShell
[0.244s] DEBUG:colcon.colcon_core.shell:Skip shell extension 'dsv' for command environment
[0.248s] INFO:colcon.colcon_ros.task.ament_python.build:Building ROS package in '/home/sergio/ros2_ws/src/mma_talker' with build type 'ament_python'
[0.248s] Level 1:colcon.colcon_core.shell:create_environment_hook('mma_talker', 'ament_prefix_path')
[0.248s] INFO:colcon.colcon_core.shell:Creating environment hook '/home/sergio/ros2_ws/src/install/mma_talker/share/mma_talker/hook/ament_prefix_path.ps1'
[0.249s] INFO:colcon.colcon_core.shell:Creating environment descriptor '/home/sergio/ros2_ws/src/install/mma_talker/share/mma_talker/hook/ament_prefix_path.dsv'
[0.249s] INFO:colcon.colcon_core.shell:Creating environment hook '/home/sergio/ros2_ws/src/install/mma_talker/share/mma_talker/hook/ament_prefix_path.sh'
[0.250s] INFO:colcon.colcon_core.shell:Skip shell extension 'powershell' for command environment: Not usable outside of PowerShell
[0.250s] DEBUG:colcon.colcon_core.shell:Skip shell extension 'dsv' for command environment
[0.253s] INFO:colcon.colcon_ros.task.ament_python.build:Building ROS package in '/home/sergio/ros2_ws/src/my_package' with build type 'ament_python'
[0.253s] Level 1:colcon.colcon_core.shell:create_environment_hook('my_package', 'ament_prefix_path')
[0.253s] INFO:colcon.colcon_core.shell:Creating environment hook '/home/sergio/ros2_ws/src/install/my_package/share/my_package/hook/ament_prefix_path.ps1'
[0.253s] INFO:colcon.colcon_core.shell:Creating environment descriptor '/home/sergio/ros2_ws/src/install/my_package/share/my_package/hook/ament_prefix_path.dsv'
[0.254s] INFO:colcon.colcon_core.shell:Creating environment hook '/home/sergio/ros2_ws/src/install/my_package/share/my_package/hook/ament_prefix_path.sh'
[0.254s] INFO:colcon.colcon_core.shell:Skip shell extension 'powershell' for command environment: Not usable outside of PowerShell
[0.254s] DEBUG:colcon.colcon_core.shell:Skip shell extension 'dsv' for command environment
[0.432s] INFO:colcon.colcon_core.task.python.build:Building Python package in '/home/sergio/ros2_ws/src/ejemplo_uno'
[0.432s] INFO:colcon.colcon_core.shell:Skip shell extension 'powershell' for command environment: Not usable outside of PowerShell
[0.432s] DEBUG:colcon.colcon_core.shell:Skip shell extension 'dsv' for command environment
[0.600s] INFO:colcon.colcon_core.task.python.build:Building Python package in '/home/sergio/ros2_ws/src/ejercicio_dos'
[0.600s] INFO:colcon.colcon_core.shell:Skip shell extension 'powershell' for command environment: Not usable outside of PowerShell
[0.600s] DEBUG:colcon.colcon_core.shell:Skip shell extension 'dsv' for command environment
[0.604s] DEBUG:colcon.colcon_core.event_handler.log_command:Invoking command in '/home/sergio/ros2_ws/src/build/mma_interfaces': CMAKE_PREFIX_PATH=${CMAKE_PREFIX_PATH}:/home/sergio/ros2_ws/src/install/my_package:/home/sergio/ros2_ws/src/install/mma_talker:/home/sergio/ros2_ws/src/install/mma_service:/home/sergio/ros2_ws/src/install/mma_listener:/home/sergio/ros2_ws/src/install/ejercicio_dos:/home/sergio/ros2_ws/src/install/ejemplo_uno:/home/sergio/ros2_ws/install/ejemplo_uno:/home/sergio/ros2_ws/install/my_package:/home/sergio/ros2_ws/install/mma_talker:/home/sergio/ros2_ws/install/mma_service:/home/sergio/ros2_ws/install/mma_listener:/opt/ros/humble /usr/bin/cmake /home/sergio/ros2_ws/src/mma_interfaces -DCMAKE_INSTALL_PREFIX=/home/sergio/ros2_ws/src/install/mma_interfaces
[0.804s] INFO:colcon.colcon_core.task.python.build:Building Python package in '/home/sergio/ros2_ws/src/mma_listener'
[0.804s] INFO:colcon.colcon_core.shell:Skip shell extension 'powershell' for command environment: Not usable outside of PowerShell
[0.804s] DEBUG:colcon.colcon_core.shell:Skip shell extension 'dsv' for command environment
[0.981s] INFO:colcon.colcon_core.task.python.build:Building Python package in '/home/sergio/ros2_ws/src/mma_service'
[0.981s] INFO:colcon.colcon_core.shell:Skip shell extension 'powershell' for command environment: Not usable outside of PowerShell
[0.981s] DEBUG:colcon.colcon_core.shell:Skip shell extension 'dsv' for command environment
[1.154s] INFO:colcon.colcon_core.task.python.build:Building Python package in '/home/sergio/ros2_ws/src/mma_talker'
[1.155s] INFO:colcon.colcon_core.shell:Skip shell extension 'powershell' for command environment: Not usable outside of PowerShell
[1.155s] DEBUG:colcon.colcon_core.shell:Skip shell extension 'dsv' for command environment
[1.321s] INFO:colcon.colcon_core.task.python.build:Building Python package in '/home/sergio/ros2_ws/src/my_package'
[1.321s] INFO:colcon.colcon_core.shell:Skip shell extension 'powershell' for command environment: Not usable outside of PowerShell
[1.321s] DEBUG:colcon.colcon_core.shell:Skip shell extension 'dsv' for command environment
[1.657s] DEBUG:colcon.colcon_core.event_handler.log_command:Invoking command in '/home/sergio/ros2_ws/src/ejemplo_uno': PYTHONPATH=/home/sergio/ros2_ws/src/build/ejemplo_uno/prefix_override:/usr/lib/python3/dist-packages/colcon_core/task/python/colcon_distutils_commands:/home/sergio/ros2_ws/src/install/ejemplo_uno/lib/python3.10/site-packages:${PYTHONPATH} /usr/bin/python3 -W ignore:setup.py install is deprecated -W ignore:easy_install command is deprecated setup.py egg_info --egg-base ../build/ejemplo_uno build --build-base /home/sergio/ros2_ws/src/build/ejemplo_uno/build install --record /home/sergio/ros2_ws/src/build/ejemplo_uno/install.log --single-version-externally-managed install_data
[1.663s] DEBUG:colcon.colcon_core.event_handler.log_command:Invoking command in '/home/sergio/ros2_ws/src/mma_service': PYTHONPATH=/home/sergio/ros2_ws/src/build/mma_service/prefix_override:/usr/lib/python3/dist-packages/colcon_core/task/python/colcon_distutils_commands:/home/sergio/ros2_ws/src/install/mma_service/lib/python3.10/site-packages:${PYTHONPATH} /usr/bin/python3 -W ignore:setup.py install is deprecated -W ignore:easy_install command is deprecated setup.py egg_info --egg-base ../build/mma_service build --build-base /home/sergio/ros2_ws/src/build/mma_service/build install --record /home/sergio/ros2_ws/src/build/mma_service/install.log --single-version-externally-managed install_data
[1.666s] DEBUG:colcon.colcon_core.event_handler.log_command:Invoking command in '/home/sergio/ros2_ws/src/ejercicio_dos': PYTHONPATH=/home/sergio/ros2_ws/src/build/ejercicio_dos/prefix_override:/usr/lib/python3/dist-packages/colcon_core/task/python/colcon_distutils_commands:/home/sergio/ros2_ws/src/install/ejercicio_dos/lib/python3.10/site-packages:${PYTHONPATH} /usr/bin/python3 -W ignore:setup.py install is deprecated -W ignore:easy_install command is deprecated setup.py egg_info --egg-base ../build/ejercicio_dos build --build-base /home/sergio/ros2_ws/src/build/ejercicio_dos/build install --record /home/sergio/ros2_ws/src/build/ejercicio_dos/install.log --single-version-externally-managed install_data
[1.670s] DEBUG:colcon.colcon_core.event_handler.log_command:Invoking command in '/home/sergio/ros2_ws/src/mma_talker': PYTHONPATH=/home/sergio/ros2_ws/src/build/mma_talker/prefix_override:/usr/lib/python3/dist-packages/colcon_core/task/python/colcon_distutils_commands:/home/sergio/ros2_ws/src/install/mma_talker/lib/python3.10/site-packages:${PYTHONPATH} /usr/bin/python3 -W ignore:setup.py install is deprecated -W ignore:easy_install command is deprecated setup.py egg_info --egg-base ../build/mma_talker build --build-base /home/sergio/ros2_ws/src/build/mma_talker/build install --record /home/sergio/ros2_ws/src/build/mma_talker/install.log --single-version-externally-managed install_data
[1.672s] DEBUG:colcon.colcon_core.event_handler.log_command:Invoking command in '/home/sergio/ros2_ws/src/mma_listener': PYTHONPATH=/home/sergio/ros2_ws/src/build/mma_listener/prefix_override:/usr/lib/python3/dist-packages/colcon_core/task/python/colcon_distutils_commands:/home/sergio/ros2_ws/src/install/mma_listener/lib/python3.10/site-packages:${PYTHONPATH} /usr/bin/python3 -W ignore:setup.py install is deprecated -W ignore:easy_install command is deprecated setup.py egg_info --egg-base ../build/mma_listener build --build-base /home/sergio/ros2_ws/src/build/mma_listener/build install --record /home/sergio/ros2_ws/src/build/mma_listener/install.log --single-version-externally-managed install_data
[1.686s] DEBUG:colcon.colcon_core.event_handler.log_command:Invoking command in '/home/sergio/ros2_ws/src/my_package': PYTHONPATH=/home/sergio/ros2_ws/src/build/my_package/prefix_override:/usr/lib/python3/dist-packages/colcon_core/task/python/colcon_distutils_commands:/home/sergio/ros2_ws/src/install/my_package/lib/python3.10/site-packages:${PYTHONPATH} /usr/bin/python3 -W ignore:setup.py install is deprecated -W ignore:easy_install command is deprecated setup.py egg_info --egg-base ../build/my_package build --build-base /home/sergio/ros2_ws/src/build/my_package/build install --record /home/sergio/ros2_ws/src/build/my_package/install.log --single-version-externally-managed install_data
[1.952s] Level 1:colcon.colcon_core.environment:checking '/home/sergio/ros2_ws/src/install/ejemplo_uno' for CMake module files
[1.952s] Level 1:colcon.colcon_core.environment:checking '/home/sergio/ros2_ws/src/install/ejemplo_uno' for CMake config files
[1.953s] DEBUG:colcon.colcon_core.event_handler.log_command:Invoked command in '/home/sergio/ros2_ws/src/ejemplo_uno' returned '0': PYTHONPATH=/home/sergio/ros2_ws/src/build/ejemplo_uno/prefix_override:/usr/lib/python3/dist-packages/colcon_core/task/python/colcon_distutils_commands:/home/sergio/ros2_ws/src/install/ejemplo_uno/lib/python3.10/site-packages:${PYTHONPATH} /usr/bin/python3 -W ignore:setup.py install is deprecated -W ignore:easy_install command is deprecated setup.py egg_info --egg-base ../build/ejemplo_uno build --build-base /home/sergio/ros2_ws/src/build/ejemplo_uno/build install --record /home/sergio/ros2_ws/src/build/ejemplo_uno/install.log --single-version-externally-managed install_data
[1.954s] Level 1:colcon.colcon_core.environment:checking '/home/sergio/ros2_ws/src/install/ejemplo_uno/lib'
[1.955s] Level 1:colcon.colcon_core.environment:checking '/home/sergio/ros2_ws/src/install/ejemplo_uno/bin'
[1.955s] Level 1:colcon.colcon_core.environment:checking '/home/sergio/ros2_ws/src/install/ejemplo_uno/lib/pkgconfig/ejemplo_uno.pc'
[1.955s] Level 1:colcon.colcon_core.environment:checking '/home/sergio/ros2_ws/src/install/ejemplo_uno/lib/python3.10/site-packages'
[1.955s] Level 1:colcon.colcon_core.shell:create_environment_hook('ejemplo_uno', 'pythonpath')
[1.956s] INFO:colcon.colcon_core.shell:Creating environment hook '/home/sergio/ros2_ws/src/install/ejemplo_uno/share/ejemplo_uno/hook/pythonpath.ps1'
[1.957s] INFO:colcon.colcon_core.shell:Creating environment descriptor '/home/sergio/ros2_ws/src/install/ejemplo_uno/share/ejemplo_uno/hook/pythonpath.dsv'
[1.957s] INFO:colcon.colcon_core.shell:Creating environment hook '/home/sergio/ros2_ws/src/install/ejemplo_uno/share/ejemplo_uno/hook/pythonpath.sh'
[1.958s] Level 1:colcon.colcon_core.environment:checking '/home/sergio/ros2_ws/src/install/ejemplo_uno/bin'
[1.958s] Level 1:colcon.colcon_core.environment:create_environment_scripts_only(ejemplo_uno)
[1.958s] INFO:colcon.colcon_core.shell:Creating package script '/home/sergio/ros2_ws/src/install/ejemplo_uno/share/ejemplo_uno/package.ps1'
[1.960s] INFO:colcon.colcon_core.shell:Creating package descriptor '/home/sergio/ros2_ws/src/install/ejemplo_uno/share/ejemplo_uno/package.dsv'
[1.960s] INFO:colcon.colcon_core.shell:Creating package script '/home/sergio/ros2_ws/src/install/ejemplo_uno/share/ejemplo_uno/package.sh'
[1.961s] INFO:colcon.colcon_core.shell:Creating package script '/home/sergio/ros2_ws/src/install/ejemplo_uno/share/ejemplo_uno/package.bash'
[1.962s] INFO:colcon.colcon_core.shell:Creating package script '/home/sergio/ros2_ws/src/install/ejemplo_uno/share/ejemplo_uno/package.zsh'
[1.963s] Level 1:colcon.colcon_core.environment:create_file_with_runtime_dependencies(/home/sergio/ros2_ws/src/install/ejemplo_uno/share/colcon-core/packages/ejemplo_uno)
[1.965s] Level 1:colcon.colcon_core.environment:checking '/home/sergio/ros2_ws/src/install/ejercicio_dos' for CMake module files
[1.966s] DEBUG:colcon.colcon_core.event_handler.log_command:Invoked command in '/home/sergio/ros2_ws/src/ejercicio_dos' returned '0': PYTHONPATH=/home/sergio/ros2_ws/src/build/ejercicio_dos/prefix_override:/usr/lib/python3/dist-packages/colcon_core/task/python/colcon_distutils_commands:/home/sergio/ros2_ws/src/install/ejercicio_dos/lib/python3.10/site-packages:${PYTHONPATH} /usr/bin/python3 -W ignore:setup.py install is deprecated -W ignore:easy_install command is deprecated setup.py egg_info --egg-base ../build/ejercicio_dos build --build-base /home/sergio/ros2_ws/src/build/ejercicio_dos/build install --record /home/sergio/ros2_ws/src/build/ejercicio_dos/install.log --single-version-externally-managed install_data
[1.966s] Level 1:colcon.colcon_core.environment:checking '/home/sergio/ros2_ws/src/install/ejercicio_dos' for CMake config files
[1.967s] Level 1:colcon.colcon_core.environment:checking '/home/sergio/ros2_ws/src/install/ejercicio_dos/lib'
[1.967s] Level 1:colcon.colcon_core.environment:checking '/home/sergio/ros2_ws/src/install/ejercicio_dos/bin'
[1.967s] Level 1:colcon.colcon_core.environment:checking '/home/sergio/ros2_ws/src/install/ejercicio_dos/lib/pkgconfig/ejercicio_dos.pc'
[1.967s] Level 1:colcon.colcon_core.environment:checking '/home/sergio/ros2_ws/src/install/ejercicio_dos/lib/python3.10/site-packages'
[1.967s] Level 1:colcon.colcon_core.shell:create_environment_hook('ejercicio_dos', 'pythonpath')
[1.968s] INFO:colcon.colcon_core.shell:Creating environment hook '/home/sergio/ros2_ws/src/install/ejercicio_dos/share/ejercicio_dos/hook/pythonpath.ps1'
[1.968s] INFO:colcon.colcon_core.shell:Creating environment descriptor '/home/sergio/ros2_ws/src/install/ejercicio_dos/share/ejercicio_dos/hook/pythonpath.dsv'
[1.968s] INFO:colcon.colcon_core.shell:Creating environment hook '/home/sergio/ros2_ws/src/install/ejercicio_dos/share/ejercicio_dos/hook/pythonpath.sh'
[1.969s] Level 1:colcon.colcon_core.environment:checking '/home/sergio/ros2_ws/src/install/ejercicio_dos/bin'
[1.969s] Level 1:colcon.colcon_core.environment:create_environment_scripts_only(ejercicio_dos)
[1.969s] INFO:colcon.colcon_core.shell:Creating package script '/home/sergio/ros2_ws/src/install/ejercicio_dos/share/ejercicio_dos/package.ps1'
[1.969s] INFO:colcon.colcon_core.shell:Creating package descriptor '/home/sergio/ros2_ws/src/install/ejercicio_dos/share/ejercicio_dos/package.dsv'
[1.970s] INFO:colcon.colcon_core.shell:Creating package script '/home/sergio/ros2_ws/src/install/ejercicio_dos/share/ejercicio_dos/package.sh'
[1.970s] INFO:colcon.colcon_core.shell:Creating package script '/home/sergio/ros2_ws/src/install/ejercicio_dos/share/ejercicio_dos/package.bash'
[1.970s] INFO:colcon.colcon_core.shell:Creating package script '/home/sergio/ros2_ws/src/install/ejercicio_dos/share/ejercicio_dos/package.zsh'
[1.970s] Level 1:colcon.colcon_core.environment:create_file_with_runtime_dependencies(/home/sergio/ros2_ws/src/install/ejercicio_dos/share/colcon-core/packages/ejercicio_dos)
[1.971s] Level 1:colcon.colcon_core.environment:checking '/home/sergio/ros2_ws/src/install/mma_service' for CMake module files
[1.971s] DEBUG:colcon.colcon_core.event_handler.log_command:Invoked command in '/home/sergio/ros2_ws/src/mma_service' returned '0': PYTHONPATH=/home/sergio/ros2_ws/src/build/mma_service/prefix_override:/usr/lib/python3/dist-packages/colcon_core/task/python/colcon_distutils_commands:/home/sergio/ros2_ws/src/install/mma_service/lib/python3.10/site-packages:${PYTHONPATH} /usr/bin/python3 -W ignore:setup.py install is deprecated -W ignore:easy_install command is deprecated setup.py egg_info --egg-base ../build/mma_service build --build-base /home/sergio/ros2_ws/src/build/mma_service/build install --record /home/sergio/ros2_ws/src/build/mma_service/install.log --single-version-externally-managed install_data
[1.972s] Level 1:colcon.colcon_core.environment:checking '/home/sergio/ros2_ws/src/install/mma_service' for CMake config files
[1.972s] Level 1:colcon.colcon_core.environment:checking '/home/sergio/ros2_ws/src/install/mma_service/lib'
[1.972s] Level 1:colcon.colcon_core.environment:checking '/home/sergio/ros2_ws/src/install/mma_service/bin'
[1.972s] Level 1:colcon.colcon_core.environment:checking '/home/sergio/ros2_ws/src/install/mma_service/lib/pkgconfig/mma_service.pc'
[1.972s] Level 1:colcon.colcon_core.environment:checking '/home/sergio/ros2_ws/src/install/mma_service/lib/python3.10/site-packages'
[1.973s] Level 1:colcon.colcon_core.shell:create_environment_hook('mma_service', 'pythonpath')
[1.973s] INFO:colcon.colcon_core.shell:Creating environment hook '/home/sergio/ros2_ws/src/install/mma_service/share/mma_service/hook/pythonpath.ps1'
[1.973s] INFO:colcon.colcon_core.shell:Creating environment descriptor '/home/sergio/ros2_ws/src/install/mma_service/share/mma_service/hook/pythonpath.dsv'
[1.973s] INFO:colcon.colcon_core.shell:Creating environment hook '/home/sergio/ros2_ws/src/install/mma_service/share/mma_service/hook/pythonpath.sh'
[1.974s] Level 1:colcon.colcon_core.environment:checking '/home/sergio/ros2_ws/src/install/mma_service/bin'
[1.974s] Level 1:colcon.colcon_core.environment:create_environment_scripts_only(mma_service)
[1.974s] INFO:colcon.colcon_core.shell:Creating package script '/home/sergio/ros2_ws/src/install/mma_service/share/mma_service/package.ps1'
[1.975s] INFO:colcon.colcon_core.shell:Creating package descriptor '/home/sergio/ros2_ws/src/install/mma_service/share/mma_service/package.dsv'
[1.975s] INFO:colcon.colcon_core.shell:Creating package script '/home/sergio/ros2_ws/src/install/mma_service/share/mma_service/package.sh'
[1.976s] INFO:colcon.colcon_core.shell:Creating package script '/home/sergio/ros2_ws/src/install/mma_service/share/mma_service/package.bash'
[1.976s] INFO:colcon.colcon_core.shell:Creating package script '/home/sergio/ros2_ws/src/install/mma_service/share/mma_service/package.zsh'
[1.977s] Level 1:colcon.colcon_core.environment:create_file_with_runtime_dependencies(/home/sergio/ros2_ws/src/install/mma_service/share/colcon-core/packages/mma_service)
[1.978s] Level 1:colcon.colcon_core.environment:checking '/home/sergio/ros2_ws/src/install/mma_talker' for CMake module files
[1.978s] Level 1:colcon.colcon_core.environment:checking '/home/sergio/ros2_ws/src/install/mma_talker' for CMake config files
[1.979s] DEBUG:colcon.colcon_core.event_handler.log_command:Invoked command in '/home/sergio/ros2_ws/src/mma_talker' returned '0': PYTHONPATH=/home/sergio/ros2_ws/src/build/mma_talker/prefix_override:/usr/lib/python3/dist-packages/colcon_core/task/python/colcon_distutils_commands:/home/sergio/ros2_ws/src/install/mma_talker/lib/python3.10/site-packages:${PYTHONPATH} /usr/bin/python3 -W ignore:setup.py install is deprecated -W ignore:easy_install command is deprecated setup.py egg_info --egg-base ../build/mma_talker build --build-base /home/sergio/ros2_ws/src/build/mma_talker/build install --record /home/sergio/ros2_ws/src/build/mma_talker/install.log --single-version-externally-managed install_data
[1.980s] Level 1:colcon.colcon_core.environment:checking '/home/sergio/ros2_ws/src/install/mma_talker/lib'
[1.980s] Level 1:colcon.colcon_core.environment:checking '/home/sergio/ros2_ws/src/install/mma_talker/bin'
[1.980s] Level 1:colcon.colcon_core.environment:checking '/home/sergio/ros2_ws/src/install/mma_talker/lib/pkgconfig/mma_talker.pc'
[1.980s] Level 1:colcon.colcon_core.environment:checking '/home/sergio/ros2_ws/src/install/mma_talker/lib/python3.10/site-packages'
[1.980s] Level 1:colcon.colcon_core.shell:create_environment_hook('mma_talker', 'pythonpath')
[1.981s] INFO:colcon.colcon_core.shell:Creating environment hook '/home/sergio/ros2_ws/src/install/mma_talker/share/mma_talker/hook/pythonpath.ps1'
[1.981s] INFO:colcon.colcon_core.shell:Creating environment descriptor '/home/sergio/ros2_ws/src/install/mma_talker/share/mma_talker/hook/pythonpath.dsv'
[1.981s] INFO:colcon.colcon_core.shell:Creating environment hook '/home/sergio/ros2_ws/src/install/mma_talker/share/mma_talker/hook/pythonpath.sh'
[1.982s] Level 1:colcon.colcon_core.environment:checking '/home/sergio/ros2_ws/src/install/mma_talker/bin'
[1.982s] Level 1:colcon.colcon_core.environment:create_environment_scripts_only(mma_talker)
[1.983s] INFO:colcon.colcon_core.shell:Creating package script '/home/sergio/ros2_ws/src/install/mma_talker/share/mma_talker/package.ps1'
[1.983s] INFO:colcon.colcon_core.shell:Creating package descriptor '/home/sergio/ros2_ws/src/install/mma_talker/share/mma_talker/package.dsv'
[1.984s] INFO:colcon.colcon_core.shell:Creating package script '/home/sergio/ros2_ws/src/install/mma_talker/share/mma_talker/package.sh'
[1.985s] INFO:colcon.colcon_core.shell:Creating package script '/home/sergio/ros2_ws/src/install/mma_talker/share/mma_talker/package.bash'
[1.985s] INFO:colcon.colcon_core.shell:Creating package script '/home/sergio/ros2_ws/src/install/mma_talker/share/mma_talker/package.zsh'
[1.986s] Level 1:colcon.colcon_core.environment:create_file_with_runtime_dependencies(/home/sergio/ros2_ws/src/install/mma_talker/share/colcon-core/packages/mma_talker)
[1.987s] Level 1:colcon.colcon_core.environment:checking '/home/sergio/ros2_ws/src/install/mma_listener' for CMake module files
[1.988s] Level 1:colcon.colcon_core.environment:checking '/home/sergio/ros2_ws/src/install/mma_listener' for CMake config files
[1.989s] Level 1:colcon.colcon_core.environment:checking '/home/sergio/ros2_ws/src/install/mma_listener/lib'
[1.989s] Level 1:colcon.colcon_core.environment:checking '/home/sergio/ros2_ws/src/install/mma_listener/bin'
[1.989s] Level 1:colcon.colcon_core.environment:checking '/home/sergio/ros2_ws/src/install/mma_listener/lib/pkgconfig/mma_listener.pc'
[1.989s] Level 1:colcon.colcon_core.environment:checking '/home/sergio/ros2_ws/src/install/mma_listener/lib/python3.10/site-packages'
[1.989s] Level 1:colcon.colcon_core.shell:create_environment_hook('mma_listener', 'pythonpath')
[1.989s] INFO:colcon.colcon_core.shell:Creating environment hook '/home/sergio/ros2_ws/src/install/mma_listener/share/mma_listener/hook/pythonpath.ps1'
[1.990s] DEBUG:colcon.colcon_core.event_handler.log_command:Invoked command in '/home/sergio/ros2_ws/src/mma_listener' returned '0': PYTHONPATH=/home/sergio/ros2_ws/src/build/mma_listener/prefix_override:/usr/lib/python3/dist-packages/colcon_core/task/python/colcon_distutils_commands:/home/sergio/ros2_ws/src/install/mma_listener/lib/python3.10/site-packages:${PYTHONPATH} /usr/bin/python3 -W ignore:setup.py install is deprecated -W ignore:easy_install command is deprecated setup.py egg_info --egg-base ../build/mma_listener build --build-base /home/sergio/ros2_ws/src/build/mma_listener/build install --record /home/sergio/ros2_ws/src/build/mma_listener/install.log --single-version-externally-managed install_data
[1.990s] INFO:colcon.colcon_core.shell:Creating environment descriptor '/home/sergio/ros2_ws/src/install/mma_listener/share/mma_listener/hook/pythonpath.dsv'
[1.991s] INFO:colcon.colcon_core.shell:Creating environment hook '/home/sergio/ros2_ws/src/install/mma_listener/share/mma_listener/hook/pythonpath.sh'
[1.992s] Level 1:colcon.colcon_core.environment:checking '/home/sergio/ros2_ws/src/install/mma_listener/bin'
[1.992s] Level 1:colcon.colcon_core.environment:create_environment_scripts_only(mma_listener)
[1.992s] INFO:colcon.colcon_core.shell:Creating package script '/home/sergio/ros2_ws/src/install/mma_listener/share/mma_listener/package.ps1'
[1.992s] INFO:colcon.colcon_core.shell:Creating package descriptor '/home/sergio/ros2_ws/src/install/mma_listener/share/mma_listener/package.dsv'
[1.993s] INFO:colcon.colcon_core.shell:Creating package script '/home/sergio/ros2_ws/src/install/mma_listener/share/mma_listener/package.sh'
[1.993s] INFO:colcon.colcon_core.shell:Creating package script '/home/sergio/ros2_ws/src/install/mma_listener/share/mma_listener/package.bash'
[1.993s] INFO:colcon.colcon_core.shell:Creating package script '/home/sergio/ros2_ws/src/install/mma_listener/share/mma_listener/package.zsh'
[1.993s] Level 1:colcon.colcon_core.environment:create_file_with_runtime_dependencies(/home/sergio/ros2_ws/src/install/mma_listener/share/colcon-core/packages/mma_listener)
[2.009s] Level 1:colcon.colcon_core.environment:checking '/home/sergio/ros2_ws/src/install/my_package' for CMake module files
[2.010s] DEBUG:colcon.colcon_core.event_handler.log_command:Invoked command in '/home/sergio/ros2_ws/src/my_package' returned '0': PYTHONPATH=/home/sergio/ros2_ws/src/build/my_package/prefix_override:/usr/lib/python3/dist-packages/colcon_core/task/python/colcon_distutils_commands:/home/sergio/ros2_ws/src/install/my_package/lib/python3.10/site-packages:${PYTHONPATH} /usr/bin/python3 -W ignore:setup.py install is deprecated -W ignore:easy_install command is deprecated setup.py egg_info --egg-base ../build/my_package build --build-base /home/sergio/ros2_ws/src/build/my_package/build install --record /home/sergio/ros2_ws/src/build/my_package/install.log --single-version-externally-managed install_data
[2.010s] Level 1:colcon.colcon_core.environment:checking '/home/sergio/ros2_ws/src/install/my_package' for CMake config files
[2.011s] Level 1:colcon.colcon_core.environment:checking '/home/sergio/ros2_ws/src/install/my_package/lib'
[2.011s] Level 1:colcon.colcon_core.environment:checking '/home/sergio/ros2_ws/src/install/my_package/bin'
[2.011s] Level 1:colcon.colcon_core.environment:checking '/home/sergio/ros2_ws/src/install/my_package/lib/pkgconfig/my_package.pc'
[2.011s] Level 1:colcon.colcon_core.environment:checking '/home/sergio/ros2_ws/src/install/my_package/lib/python3.10/site-packages'
[2.011s] Level 1:colcon.colcon_core.shell:create_environment_hook('my_package', 'pythonpath')
[2.012s] INFO:colcon.colcon_core.shell:Creating environment hook '/home/sergio/ros2_ws/src/install/my_package/share/my_package/hook/pythonpath.ps1'
[2.013s] INFO:colcon.colcon_core.shell:Creating environment descriptor '/home/sergio/ros2_ws/src/install/my_package/share/my_package/hook/pythonpath.dsv'
[2.013s] INFO:colcon.colcon_core.shell:Creating environment hook '/home/sergio/ros2_ws/src/install/my_package/share/my_package/hook/pythonpath.sh'
[2.014s] Level 1:colcon.colcon_core.environment:checking '/home/sergio/ros2_ws/src/install/my_package/bin'
[2.014s] Level 1:colcon.colcon_core.environment:create_environment_scripts_only(my_package)
[2.014s] INFO:colcon.colcon_core.shell:Creating package script '/home/sergio/ros2_ws/src/install/my_package/share/my_package/package.ps1'
[2.015s] INFO:colcon.colcon_core.shell:Creating package descriptor '/home/sergio/ros2_ws/src/install/my_package/share/my_package/package.dsv'
[2.015s] INFO:colcon.colcon_core.shell:Creating package script '/home/sergio/ros2_ws/src/install/my_package/share/my_package/package.sh'
[2.015s] INFO:colcon.colcon_core.shell:Creating package script '/home/sergio/ros2_ws/src/install/my_package/share/my_package/package.bash'
[2.016s] INFO:colcon.colcon_core.shell:Creating package script '/home/sergio/ros2_ws/src/install/my_package/share/my_package/package.zsh'
[2.016s] Level 1:colcon.colcon_core.environment:create_file_with_runtime_dependencies(/home/sergio/ros2_ws/src/install/my_package/share/colcon-core/packages/my_package)
[2.029s] DEBUG:colcon.colcon_core.event_handler.log_command:Invoked command in '/home/sergio/ros2_ws/src/build/mma_interfaces' returned '0': CMAKE_PREFIX_PATH=${CMAKE_PREFIX_PATH}:/home/sergio/ros2_ws/src/install/my_package:/home/sergio/ros2_ws/src/install/mma_talker:/home/sergio/ros2_ws/src/install/mma_service:/home/sergio/ros2_ws/src/install/mma_listener:/home/sergio/ros2_ws/src/install/ejercicio_dos:/home/sergio/ros2_ws/src/install/ejemplo_uno:/home/sergio/ros2_ws/install/ejemplo_uno:/home/sergio/ros2_ws/install/my_package:/home/sergio/ros2_ws/install/mma_talker:/home/sergio/ros2_ws/install/mma_service:/home/sergio/ros2_ws/install/mma_listener:/opt/ros/humble /usr/bin/cmake /home/sergio/ros2_ws/src/mma_interfaces -DCMAKE_INSTALL_PREFIX=/home/sergio/ros2_ws/src/install/mma_interfaces
[2.031s] DEBUG:colcon.colcon_core.event_handler.log_command:Invoking command in '/home/sergio/ros2_ws/src/build/mma_interfaces': CMAKE_PREFIX_PATH=${CMAKE_PREFIX_PATH}:/home/sergio/ros2_ws/src/install/my_package:/home/sergio/ros2_ws/src/install/mma_talker:/home/sergio/ros2_ws/src/install/mma_service:/home/sergio/ros2_ws/src/install/mma_listener:/home/sergio/ros2_ws/src/install/ejercicio_dos:/home/sergio/ros2_ws/src/install/ejemplo_uno:/home/sergio/ros2_ws/install/ejemplo_uno:/home/sergio/ros2_ws/install/my_package:/home/sergio/ros2_ws/install/mma_talker:/home/sergio/ros2_ws/install/mma_service:/home/sergio/ros2_ws/install/mma_listener:/opt/ros/humble /usr/bin/cmake --build /home/sergio/ros2_ws/src/build/mma_interfaces -- -j16 -l16
[4.569s] DEBUG:colcon.colcon_core.event_handler.log_command:Invoked command in '/home/sergio/ros2_ws/src/build/mma_interfaces' returned '0': CMAKE_PREFIX_PATH=${CMAKE_PREFIX_PATH}:/home/sergio/ros2_ws/src/install/my_package:/home/sergio/ros2_ws/src/install/mma_talker:/home/sergio/ros2_ws/src/install/mma_service:/home/sergio/ros2_ws/src/install/mma_listener:/home/sergio/ros2_ws/src/install/ejercicio_dos:/home/sergio/ros2_ws/src/install/ejemplo_uno:/home/sergio/ros2_ws/install/ejemplo_uno:/home/sergio/ros2_ws/install/my_package:/home/sergio/ros2_ws/install/mma_talker:/home/sergio/ros2_ws/install/mma_service:/home/sergio/ros2_ws/install/mma_listener:/opt/ros/humble /usr/bin/cmake --build /home/sergio/ros2_ws/src/build/mma_interfaces -- -j16 -l16
[4.575s] DEBUG:colcon.colcon_core.event_handler.log_command:Invoking command in '/home/sergio/ros2_ws/src/build/mma_interfaces': CMAKE_PREFIX_PATH=${CMAKE_PREFIX_PATH}:/home/sergio/ros2_ws/src/install/my_package:/home/sergio/ros2_ws/src/install/mma_talker:/home/sergio/ros2_ws/src/install/mma_service:/home/sergio/ros2_ws/src/install/mma_listener:/home/sergio/ros2_ws/src/install/ejercicio_dos:/home/sergio/ros2_ws/src/install/ejemplo_uno:/home/sergio/ros2_ws/install/ejemplo_uno:/home/sergio/ros2_ws/install/my_package:/home/sergio/ros2_ws/install/mma_talker:/home/sergio/ros2_ws/install/mma_service:/home/sergio/ros2_ws/install/mma_listener:/opt/ros/humble /usr/bin/cmake --install /home/sergio/ros2_ws/src/build/mma_interfaces
[4.631s] Level 1:colcon.colcon_core.environment:create_environment_scripts_only(mma_interfaces)
[4.631s] Level 1:colcon.colcon_core.environment:checking '/home/sergio/ros2_ws/src/install/mma_interfaces' for CMake module files
[4.632s] DEBUG:colcon.colcon_core.event_handler.log_command:Invoked command in '/home/sergio/ros2_ws/src/build/mma_interfaces' returned '0': CMAKE_PREFIX_PATH=${CMAKE_PREFIX_PATH}:/home/sergio/ros2_ws/src/install/my_package:/home/sergio/ros2_ws/src/install/mma_talker:/home/sergio/ros2_ws/src/install/mma_service:/home/sergio/ros2_ws/src/install/mma_listener:/home/sergio/ros2_ws/src/install/ejercicio_dos:/home/sergio/ros2_ws/src/install/ejemplo_uno:/home/sergio/ros2_ws/install/ejemplo_uno:/home/sergio/ros2_ws/install/my_package:/home/sergio/ros2_ws/install/mma_talker:/home/sergio/ros2_ws/install/mma_service:/home/sergio/ros2_ws/install/mma_listener:/opt/ros/humble /usr/bin/cmake --install /home/sergio/ros2_ws/src/build/mma_interfaces
[4.632s] Level 1:colcon.colcon_core.environment:checking '/home/sergio/ros2_ws/src/install/mma_interfaces' for CMake config files
[4.632s] Level 1:colcon.colcon_core.shell:create_environment_hook('mma_interfaces', 'cmake_prefix_path')
[4.633s] INFO:colcon.colcon_core.shell:Creating environment hook '/home/sergio/ros2_ws/src/install/mma_interfaces/share/mma_interfaces/hook/cmake_prefix_path.ps1'
[4.633s] INFO:colcon.colcon_core.shell:Creating environment descriptor '/home/sergio/ros2_ws/src/install/mma_interfaces/share/mma_interfaces/hook/cmake_prefix_path.dsv'
[4.633s] INFO:colcon.colcon_core.shell:Creating environment hook '/home/sergio/ros2_ws/src/install/mma_interfaces/share/mma_interfaces/hook/cmake_prefix_path.sh'
[4.633s] Level 1:colcon.colcon_core.environment:checking '/home/sergio/ros2_ws/src/install/mma_interfaces/lib'
[4.633s] Level 1:colcon.colcon_core.shell:create_environment_hook('mma_interfaces', 'ld_library_path_lib')
[4.634s] INFO:colcon.colcon_core.shell:Creating environment hook '/home/sergio/ros2_ws/src/install/mma_interfaces/share/mma_interfaces/hook/ld_library_path_lib.ps1'
[4.634s] INFO:colcon.colcon_core.shell:Creating environment descriptor '/home/sergio/ros2_ws/src/install/mma_interfaces/share/mma_interfaces/hook/ld_library_path_lib.dsv'
[4.634s] INFO:colcon.colcon_core.shell:Creating environment hook '/home/sergio/ros2_ws/src/install/mma_interfaces/share/mma_interfaces/hook/ld_library_path_lib.sh'
[4.634s] Level 1:colcon.colcon_core.environment:checking '/home/sergio/ros2_ws/src/install/mma_interfaces/bin'
[4.634s] Level 1:colcon.colcon_core.environment:checking '/home/sergio/ros2_ws/src/install/mma_interfaces/lib/pkgconfig/mma_interfaces.pc'
[4.634s] Level 1:colcon.colcon_core.environment:checking '/home/sergio/ros2_ws/src/install/mma_interfaces/lib/python3.10/site-packages'
[4.635s] Level 1:colcon.colcon_core.environment:checking '/home/sergio/ros2_ws/src/install/mma_interfaces/bin'
[4.635s] INFO:colcon.colcon_core.shell:Creating package script '/home/sergio/ros2_ws/src/install/mma_interfaces/share/mma_interfaces/package.ps1'
[4.635s] INFO:colcon.colcon_core.shell:Creating package descriptor '/home/sergio/ros2_ws/src/install/mma_interfaces/share/mma_interfaces/package.dsv'
[4.635s] INFO:colcon.colcon_core.shell:Creating package script '/home/sergio/ros2_ws/src/install/mma_interfaces/share/mma_interfaces/package.sh'
[4.636s] INFO:colcon.colcon_core.shell:Creating package script '/home/sergio/ros2_ws/src/install/mma_interfaces/share/mma_interfaces/package.bash'
[4.636s] INFO:colcon.colcon_core.shell:Creating package script '/home/sergio/ros2_ws/src/install/mma_interfaces/share/mma_interfaces/package.zsh'
[4.636s] Level 1:colcon.colcon_core.environment:create_file_with_runtime_dependencies(/home/sergio/ros2_ws/src/install/mma_interfaces/share/colcon-core/packages/mma_interfaces)
[4.636s] Level 1:colcon.colcon_core.environment:create_environment_scripts_only(mma_interfaces)
[4.637s] Level 1:colcon.colcon_core.environment:checking '/home/sergio/ros2_ws/src/install/mma_interfaces' for CMake module files
[4.637s] Level 1:colcon.colcon_core.environment:checking '/home/sergio/ros2_ws/src/install/mma_interfaces' for CMake config files
[4.637s] Level 1:colcon.colcon_core.shell:create_environment_hook('mma_interfaces', 'cmake_prefix_path')
[4.637s] INFO:colcon.colcon_core.shell:Creating environment hook '/home/sergio/ros2_ws/src/install/mma_interfaces/share/mma_interfaces/hook/cmake_prefix_path.ps1'
[4.638s] INFO:colcon.colcon_core.shell:Creating environment descriptor '/home/sergio/ros2_ws/src/install/mma_interfaces/share/mma_interfaces/hook/cmake_prefix_path.dsv'
[4.638s] INFO:colcon.colcon_core.shell:Creating environment hook '/home/sergio/ros2_ws/src/install/mma_interfaces/share/mma_interfaces/hook/cmake_prefix_path.sh'
[4.638s] Level 1:colcon.colcon_core.environment:checking '/home/sergio/ros2_ws/src/install/mma_interfaces/lib'
[4.638s] Level 1:colcon.colcon_core.shell:create_environment_hook('mma_interfaces', 'ld_library_path_lib')
[4.638s] INFO:colcon.colcon_core.shell:Creating environment hook '/home/sergio/ros2_ws/src/install/mma_interfaces/share/mma_interfaces/hook/ld_library_path_lib.ps1'
[4.639s] INFO:colcon.colcon_core.shell:Creating environment descriptor '/home/sergio/ros2_ws/src/install/mma_interfaces/share/mma_interfaces/hook/ld_library_path_lib.dsv'
[4.639s] INFO:colcon.colcon_core.shell:Creating environment hook '/home/sergio/ros2_ws/src/install/mma_interfaces/share/mma_interfaces/hook/ld_library_path_lib.sh'
[4.639s] Level 1:colcon.colcon_core.environment:checking '/home/sergio/ros2_ws/src/install/mma_interfaces/bin'
[4.639s] Level 1:colcon.colcon_core.environment:checking '/home/sergio/ros2_ws/src/install/mma_interfaces/lib/pkgconfig/mma_interfaces.pc'
[4.639s] Level 1:colcon.colcon_core.environment:checking '/home/sergio/ros2_ws/src/install/mma_interfaces/lib/python3.10/site-packages'
[4.640s] Level 1:colcon.colcon_core.environment:checking '/home/sergio/ros2_ws/src/install/mma_interfaces/bin'
[4.640s] INFO:colcon.colcon_core.shell:Creating package script '/home/sergio/ros2_ws/src/install/mma_interfaces/share/mma_interfaces/package.ps1'
[4.640s] INFO:colcon.colcon_core.shell:Creating package descriptor '/home/sergio/ros2_ws/src/install/mma_interfaces/share/mma_interfaces/package.dsv'
[4.640s] INFO:colcon.colcon_core.shell:Creating package script '/home/sergio/ros2_ws/src/install/mma_interfaces/share/mma_interfaces/package.sh'
[4.641s] INFO:colcon.colcon_core.shell:Creating package script '/home/sergio/ros2_ws/src/install/mma_interfaces/share/mma_interfaces/package.bash'
[4.641s] INFO:colcon.colcon_core.shell:Creating package script '/home/sergio/ros2_ws/src/install/mma_interfaces/share/mma_interfaces/package.zsh'
[4.642s] Level 1:colcon.colcon_core.environment:create_file_with_runtime_dependencies(/home/sergio/ros2_ws/src/install/mma_interfaces/share/colcon-core/packages/mma_interfaces)
[4.642s] DEBUG:colcon.colcon_parallel_executor.executor.parallel:closing loop
[4.642s] DEBUG:colcon.colcon_parallel_executor.executor.parallel:loop closed
[4.642s] DEBUG:colcon.colcon_parallel_executor.executor.parallel:run_until_complete finished with '0'
[4.642s] DEBUG:colcon.colcon_core.event_reactor:joining thread
[4.649s] INFO:colcon.colcon_core.plugin_system:Skipping extension 'colcon_notification.desktop_notification.terminal_notifier': Not used on non-Darwin systems
[4.649s] INFO:colcon.colcon_core.plugin_system:Skipping extension 'colcon_notification.desktop_notification.win32': Not used on non-Windows systems
[4.649s] INFO:colcon.colcon_notification.desktop_notification:Sending desktop notification using 'notify2'
[4.658s] DEBUG:colcon.colcon_core.event_reactor:joined thread
[4.658s] INFO:colcon.colcon_core.shell:Creating prefix script '/home/sergio/ros2_ws/src/install/local_setup.ps1'
[4.659s] INFO:colcon.colcon_core.shell:Creating prefix util module '/home/sergio/ros2_ws/src/install/_local_setup_util_ps1.py'
[4.660s] INFO:colcon.colcon_core.shell:Creating prefix chain script '/home/sergio/ros2_ws/src/install/setup.ps1'
[4.661s] INFO:colcon.colcon_core.shell:Creating prefix script '/home/sergio/ros2_ws/src/install/local_setup.sh'
[4.662s] INFO:colcon.colcon_core.shell:Creating prefix util module '/home/sergio/ros2_ws/src/install/_local_setup_util_sh.py'
[4.662s] INFO:colcon.colcon_core.shell:Creating prefix chain script '/home/sergio/ros2_ws/src/install/setup.sh'
[4.663s] INFO:colcon.colcon_core.shell:Creating prefix script '/home/sergio/ros2_ws/src/install/local_setup.bash'
[4.664s] INFO:colcon.colcon_core.shell:Creating prefix chain script '/home/sergio/ros2_ws/src/install/setup.bash'
[4.665s] INFO:colcon.colcon_core.shell:Creating prefix script '/home/sergio/ros2_ws/src/install/local_setup.zsh'
[4.666s] INFO:colcon.colcon_core.shell:Creating prefix chain script '/home/sergio/ros2_ws/src/install/setup.zsh'
