[1.308s] Invoking command in '/home/sergio/ros2_ws/src/my_package': PYTHONPATH=/home/sergio/ros2_ws/src/build/my_package/prefix_override:/usr/lib/python3/dist-packages/colcon_core/task/python/colcon_distutils_commands:/home/sergio/ros2_ws/src/install/my_package/lib/python3.10/site-packages:${PYTHONPATH} /usr/bin/python3 -W ignore:setup.py install is deprecated -W ignore:easy_install command is deprecated setup.py egg_info --egg-base ../build/my_package build --build-base /home/sergio/ros2_ws/src/build/my_package/build install --record /home/sergio/ros2_ws/src/build/my_package/install.log --single-version-externally-managed install_data
[1.516s] running egg_info
[1.516s] writing ../build/my_package/my_package.egg-info/PKG-INFO
[1.517s] writing dependency_links to ../build/my_package/my_package.egg-info/dependency_links.txt
[1.517s] writing entry points to ../build/my_package/my_package.egg-info/entry_points.txt
[1.517s] writing requirements to ../build/my_package/my_package.egg-info/requires.txt
[1.517s] writing top-level names to ../build/my_package/my_package.egg-info/top_level.txt
[1.519s] reading manifest file '../build/my_package/my_package.egg-info/SOURCES.txt'
[1.519s] writing manifest file '../build/my_package/my_package.egg-info/SOURCES.txt'
[1.520s] running build
[1.520s] running build_py
[1.520s] running install
[1.520s] running install_lib
[1.521s] running install_data
[1.521s] running install_egg_info
[1.523s] removing '/home/sergio/ros2_ws/src/install/my_package/lib/python3.10/site-packages/my_package-0.0.0-py3.10.egg-info' (and everything under it)
[1.523s] Copying ../build/my_package/my_package.egg-info to /home/sergio/ros2_ws/src/install/my_package/lib/python3.10/site-packages/my_package-0.0.0-py3.10.egg-info
[1.524s] running install_scripts
[1.544s] Installing my_node script to /home/sergio/ros2_ws/src/install/my_package/lib/my_package
[1.544s] writing list of installed files to '/home/sergio/ros2_ws/src/build/my_package/install.log'
[1.566s] Invoked command in '/home/sergio/ros2_ws/src/my_package' returned '0': PYTHONPATH=/home/sergio/ros2_ws/src/build/my_package/prefix_override:/usr/lib/python3/dist-packages/colcon_core/task/python/colcon_distutils_commands:/home/sergio/ros2_ws/src/install/my_package/lib/python3.10/site-packages:${PYTHONPATH} /usr/bin/python3 -W ignore:setup.py install is deprecated -W ignore:easy_install command is deprecated setup.py egg_info --egg-base ../build/my_package build --build-base /home/sergio/ros2_ws/src/build/my_package/build install --record /home/sergio/ros2_ws/src/build/my_package/install.log --single-version-externally-managed install_data
