[2.830s] Invoking command in '/home/sergio/ros2_ws/src/robot_autonomo': PYTHONPATH=/home/sergio/ros2_ws/build/robot_autonomo/prefix_override:/usr/lib/python3/dist-packages/colcon_core/task/python/colcon_distutils_commands:/home/sergio/ros2_ws/install/robot_autonomo/lib/python3.10/site-packages:${PYTHONPATH} /usr/bin/python3 -W ignore:setup.py install is deprecated -W ignore:easy_install command is deprecated setup.py egg_info --egg-base ../../build/robot_autonomo build --build-base /home/sergio/ros2_ws/build/robot_autonomo/build install --record /home/sergio/ros2_ws/build/robot_autonomo/install.log --single-version-externally-managed install_data
[3.278s] running egg_info
[3.279s] creating ../../build/robot_autonomo/robot_autonomo.egg-info
[3.279s] writing ../../build/robot_autonomo/robot_autonomo.egg-info/PKG-INFO
[3.280s] writing dependency_links to ../../build/robot_autonomo/robot_autonomo.egg-info/dependency_links.txt
[3.280s] writing entry points to ../../build/robot_autonomo/robot_autonomo.egg-info/entry_points.txt
[3.280s] writing requirements to ../../build/robot_autonomo/robot_autonomo.egg-info/requires.txt
[3.280s] writing top-level names to ../../build/robot_autonomo/robot_autonomo.egg-info/top_level.txt
[3.280s] writing manifest file '../../build/robot_autonomo/robot_autonomo.egg-info/SOURCES.txt'
[3.282s] reading manifest file '../../build/robot_autonomo/robot_autonomo.egg-info/SOURCES.txt'
[3.283s] writing manifest file '../../build/robot_autonomo/robot_autonomo.egg-info/SOURCES.txt'
[3.283s] running build
[3.283s] running build_py
[3.284s] creating /home/sergio/ros2_ws/build/robot_autonomo/build
[3.284s] creating /home/sergio/ros2_ws/build/robot_autonomo/build/lib
[3.284s] creating /home/sergio/ros2_ws/build/robot_autonomo/build/lib/robot_autonomo
[3.284s] copying robot_autonomo/__init__.py -> /home/sergio/ros2_ws/build/robot_autonomo/build/lib/robot_autonomo
[3.284s] copying robot_autonomo/nodo_evitar_obstaculos.py -> /home/sergio/ros2_ws/build/robot_autonomo/build/lib/robot_autonomo
[3.284s] running install
[3.284s] running install_lib
[3.286s] creating /home/sergio/ros2_ws/install/robot_autonomo/lib/python3.10/site-packages/robot_autonomo
[3.286s] copying /home/sergio/ros2_ws/build/robot_autonomo/build/lib/robot_autonomo/__init__.py -> /home/sergio/ros2_ws/install/robot_autonomo/lib/python3.10/site-packages/robot_autonomo
[3.286s] copying /home/sergio/ros2_ws/build/robot_autonomo/build/lib/robot_autonomo/nodo_evitar_obstaculos.py -> /home/sergio/ros2_ws/install/robot_autonomo/lib/python3.10/site-packages/robot_autonomo
[3.287s] byte-compiling /home/sergio/ros2_ws/install/robot_autonomo/lib/python3.10/site-packages/robot_autonomo/__init__.py to __init__.cpython-310.pyc
[3.287s] byte-compiling /home/sergio/ros2_ws/install/robot_autonomo/lib/python3.10/site-packages/robot_autonomo/nodo_evitar_obstaculos.py to nodo_evitar_obstaculos.cpython-310.pyc
[3.288s] running install_data
[3.288s] creating /home/sergio/ros2_ws/install/robot_autonomo/share/ament_index
[3.288s] creating /home/sergio/ros2_ws/install/robot_autonomo/share/ament_index/resource_index
[3.288s] creating /home/sergio/ros2_ws/install/robot_autonomo/share/ament_index/resource_index/packages
[3.288s] copying resource/robot_autonomo -> /home/sergio/ros2_ws/install/robot_autonomo/share/ament_index/resource_index/packages
[3.288s] copying package.xml -> /home/sergio/ros2_ws/install/robot_autonomo/share/robot_autonomo
[3.288s] running install_egg_info
[3.291s] Copying ../../build/robot_autonomo/robot_autonomo.egg-info to /home/sergio/ros2_ws/install/robot_autonomo/lib/python3.10/site-packages/robot_autonomo-0.0.0-py3.10.egg-info
[3.292s] running install_scripts
[3.318s] Installing evita_obstaculos script to /home/sergio/ros2_ws/install/robot_autonomo/lib/robot_autonomo
[3.318s] writing list of installed files to '/home/sergio/ros2_ws/build/robot_autonomo/install.log'
[3.352s] Invoked command in '/home/sergio/ros2_ws/src/robot_autonomo' returned '0': PYTHONPATH=/home/sergio/ros2_ws/build/robot_autonomo/prefix_override:/usr/lib/python3/dist-packages/colcon_core/task/python/colcon_distutils_commands:/home/sergio/ros2_ws/install/robot_autonomo/lib/python3.10/site-packages:${PYTHONPATH} /usr/bin/python3 -W ignore:setup.py install is deprecated -W ignore:easy_install command is deprecated setup.py egg_info --egg-base ../../build/robot_autonomo build --build-base /home/sergio/ros2_ws/build/robot_autonomo/build install --record /home/sergio/ros2_ws/build/robot_autonomo/install.log --single-version-externally-managed install_data
