[6.180s] Invoking command in '/home/sergio/ros2_ws/src/mma_talker': PYTHONPATH=/home/sergio/ros2_ws/build/mma_talker/prefix_override:/usr/lib/python3/dist-packages/colcon_core/task/python/colcon_distutils_commands:/home/sergio/ros2_ws/install/mma_talker/lib/python3.10/site-packages:${PYTHONPATH} /usr/bin/python3 -W ignore:setup.py install is deprecated -W ignore:easy_install command is deprecated setup.py egg_info --egg-base ../../build/mma_talker build --build-base /home/sergio/ros2_ws/build/mma_talker/build install --record /home/sergio/ros2_ws/build/mma_talker/install.log --single-version-externally-managed install_data
[7.003s] running egg_info
[7.004s] writing ../../build/mma_talker/mma_talker.egg-info/PKG-INFO
[7.004s] writing dependency_links to ../../build/mma_talker/mma_talker.egg-info/dependency_links.txt
[7.005s] writing entry points to ../../build/mma_talker/mma_talker.egg-info/entry_points.txt
[7.005s] writing requirements to ../../build/mma_talker/mma_talker.egg-info/requires.txt
[7.005s] writing top-level names to ../../build/mma_talker/mma_talker.egg-info/top_level.txt
[7.014s] reading manifest file '../../build/mma_talker/mma_talker.egg-info/SOURCES.txt'
[7.016s] writing manifest file '../../build/mma_talker/mma_talker.egg-info/SOURCES.txt'
[7.016s] running build
[7.016s] running build_py
[7.017s] running install
[7.018s] running install_lib
[7.021s] running install_data
[7.021s] running install_egg_info
[7.025s] removing '/home/sergio/ros2_ws/install/mma_talker/lib/python3.10/site-packages/mma_talker-0.0.0-py3.10.egg-info' (and everything under it)
[7.027s] Copying ../../build/mma_talker/mma_talker.egg-info to /home/sergio/ros2_ws/install/mma_talker/lib/python3.10/site-packages/mma_talker-0.0.0-py3.10.egg-info
[7.029s] running install_scripts
[7.078s] Installing mma_talker script to /home/sergio/ros2_ws/install/mma_talker/lib/mma_talker
[7.078s] Installing talker script to /home/sergio/ros2_ws/install/mma_talker/lib/mma_talker
[7.078s] writing list of installed files to '/home/sergio/ros2_ws/build/mma_talker/install.log'
[7.835s] Invoked command in '/home/sergio/ros2_ws/src/mma_talker' returned '0': PYTHONPATH=/home/sergio/ros2_ws/build/mma_talker/prefix_override:/usr/lib/python3/dist-packages/colcon_core/task/python/colcon_distutils_commands:/home/sergio/ros2_ws/install/mma_talker/lib/python3.10/site-packages:${PYTHONPATH} /usr/bin/python3 -W ignore:setup.py install is deprecated -W ignore:easy_install command is deprecated setup.py egg_info --egg-base ../../build/mma_talker build --build-base /home/sergio/ros2_ws/build/mma_talker/build install --record /home/sergio/ros2_ws/build/mma_talker/install.log --single-version-externally-managed install_data
