[0.732s] Invoking command in '/home/sergio/ros2_ws/build/stage_ros2': CMAKE_PREFIX_PATH=/home/sergio/ros2_ws/install/Stage:/home/sergio/ros2_ws/install/trr_robot:/home/sergio/ros2_ws/install/stage_worlds:/home/sergio/ros2_ws/install/stage_ros2:/home/sergio/ros2_ws/install/moveit_task_constructor_visualization:/home/sergio/ros2_ws/install/moveit_task_constructor_demo:/home/sergio/ros2_ws/install/moveit_task_constructor_capabilities:/home/sergio/ros2_ws/install/moveit2_tutorials:/home/sergio/ros2_ws/install/moveit_task_constructor_core:/home/sergio/ros2_ws/install/rviz_marker_tools:/home/sergio/ros2_ws/install/robot_description:/home/sergio/ros2_ws/install/p2_ej2:/home/sergio/ros2_ws/install/p1_ej3_interface:/home/sergio/ros2_ws/install/p1_ej2_interface:/home/sergio/ros2_ws/install/navigation_tb3:/home/sergio/ros2_ws/install/moveit_task_constructor_msgs:/home/sergio/ros2_ws/install/moveit_resources:/home/sergio/ros2_ws/install/moveit_resources_pr2_description:/home/sergio/ros2_ws/install/moveit_resources_panda_moveit_config:/home/sergio/ros2_ws/install/moveit_resources_panda_description:/home/sergio/ros2_ws/install/moveit_resources_fanuc_moveit_config:/home/sergio/ros2_ws/install/moveit_resources_fanuc_description:/home/sergio/ros2_ws/install/mma_interfaces:/home/sergio/ros2_ws/install/hello_moveit:/home/sergio/ros2_ws/install/ejercicio_tres_interface:/home/sergio/ros2_ws/install/trr_robot_ps:/home/sergio/ros2_ws/install/robot_nav:/home/sergio/ros2_ws/install/robot_autonomo:/home/sergio/ros2_ws/install/p2_ej3:/home/sergio/ros2_ws/install/p1_ej3_servidor:/home/sergio/ros2_ws/install/p1_ej3_cliente:/home/sergio/ros2_ws/install/p1_ej2_nodos_sensor:/home/sergio/ros2_ws/install/p1_ej2_nodo5:/home/sergio/ros2_ws/install/p1_ej2_nodo4:/home/sergio/ros2_ws/install/nodo_adc_sub:/home/sergio/ros2_ws/install/my_stage_mover:/home/sergio/ros2_ws/install/my_package:/home/sergio/ros2_ws/install/mma_talker:/home/sergio/ros2_ws/install/mma_service:/home/sergio/ros2_ws/install/mma_listener:/home/sergio/ros2_ws/install/ejercicio_tres_server:/home/sergio/ros2_ws/install/ejercicio_tres_client:/home/sergio/ros2_ws/install/ejercicio_dos:/home/sergio/ros2_ws/install/ejercicio1_pkg:/home/sergio/ros2_ws/install/ejemplo_uno:/home/sergio/ros2_ws/install/auto_mover:/home/sergio/ros2_ws/install/P1_ej1_sub:/home/sergio/ros2_ws/install/P1_ej1_pub:/opt/ros/humble LD_LIBRARY_PATH=/home/sergio/ros2_ws/install/Stage/lib:/home/sergio/ros2_ws/install/stage_ros2/lib:/home/sergio/ros2_ws/install/moveit_task_constructor_visualization/lib:/home/sergio/ros2_ws/install/moveit_task_constructor_demo/lib:/home/sergio/ros2_ws/install/moveit_task_constructor_capabilities/lib:/home/sergio/ros2_ws/install/moveit_task_constructor_core/lib:/home/sergio/ros2_ws/install/rviz_marker_tools/lib:/home/sergio/ros2_ws/install/p1_ej3_interface/lib:/home/sergio/ros2_ws/install/p1_ej2_interface/lib:/home/sergio/ros2_ws/install/moveit_task_constructor_msgs/lib:/home/sergio/ros2_ws/install/mma_interfaces/lib:/home/sergio/ros2_ws/install/ejercicio_tres_interface/lib:/usr/lib/x86_64-linux-gnu/gazebo-11/plugins:/opt/ros/humble/opt/rviz_ogre_vendor/lib:/opt/ros/humble/lib/x86_64-linux-gnu:/opt/ros/humble/lib /usr/bin/cmake --build /home/sergio/ros2_ws/build/stage_ros2 -- -j16 -l16
[0.841s] [35m[1mConsolidate compiler generated dependencies of target stage_node[0m
[0.936s] [ 71%] Built target stage_node
[0.963s] [35m[1mConsolidate compiler generated dependencies of target stage_ros2[0m
[1.041s] [100%] Built target stage_ros2
[1.146s] Invoked command in '/home/sergio/ros2_ws/build/stage_ros2' returned '0': CMAKE_PREFIX_PATH=/home/sergio/ros2_ws/install/Stage:/home/sergio/ros2_ws/install/trr_robot:/home/sergio/ros2_ws/install/stage_worlds:/home/sergio/ros2_ws/install/stage_ros2:/home/sergio/ros2_ws/install/moveit_task_constructor_visualization:/home/sergio/ros2_ws/install/moveit_task_constructor_demo:/home/sergio/ros2_ws/install/moveit_task_constructor_capabilities:/home/sergio/ros2_ws/install/moveit2_tutorials:/home/sergio/ros2_ws/install/moveit_task_constructor_core:/home/sergio/ros2_ws/install/rviz_marker_tools:/home/sergio/ros2_ws/install/robot_description:/home/sergio/ros2_ws/install/p2_ej2:/home/sergio/ros2_ws/install/p1_ej3_interface:/home/sergio/ros2_ws/install/p1_ej2_interface:/home/sergio/ros2_ws/install/navigation_tb3:/home/sergio/ros2_ws/install/moveit_task_constructor_msgs:/home/sergio/ros2_ws/install/moveit_resources:/home/sergio/ros2_ws/install/moveit_resources_pr2_description:/home/sergio/ros2_ws/install/moveit_resources_panda_moveit_config:/home/sergio/ros2_ws/install/moveit_resources_panda_description:/home/sergio/ros2_ws/install/moveit_resources_fanuc_moveit_config:/home/sergio/ros2_ws/install/moveit_resources_fanuc_description:/home/sergio/ros2_ws/install/mma_interfaces:/home/sergio/ros2_ws/install/hello_moveit:/home/sergio/ros2_ws/install/ejercicio_tres_interface:/home/sergio/ros2_ws/install/trr_robot_ps:/home/sergio/ros2_ws/install/robot_nav:/home/sergio/ros2_ws/install/robot_autonomo:/home/sergio/ros2_ws/install/p2_ej3:/home/sergio/ros2_ws/install/p1_ej3_servidor:/home/sergio/ros2_ws/install/p1_ej3_cliente:/home/sergio/ros2_ws/install/p1_ej2_nodos_sensor:/home/sergio/ros2_ws/install/p1_ej2_nodo5:/home/sergio/ros2_ws/install/p1_ej2_nodo4:/home/sergio/ros2_ws/install/nodo_adc_sub:/home/sergio/ros2_ws/install/my_stage_mover:/home/sergio/ros2_ws/install/my_package:/home/sergio/ros2_ws/install/mma_talker:/home/sergio/ros2_ws/install/mma_service:/home/sergio/ros2_ws/install/mma_listener:/home/sergio/ros2_ws/install/ejercicio_tres_server:/home/sergio/ros2_ws/install/ejercicio_tres_client:/home/sergio/ros2_ws/install/ejercicio_dos:/home/sergio/ros2_ws/install/ejercicio1_pkg:/home/sergio/ros2_ws/install/ejemplo_uno:/home/sergio/ros2_ws/install/auto_mover:/home/sergio/ros2_ws/install/P1_ej1_sub:/home/sergio/ros2_ws/install/P1_ej1_pub:/opt/ros/humble LD_LIBRARY_PATH=/home/sergio/ros2_ws/install/Stage/lib:/home/sergio/ros2_ws/install/stage_ros2/lib:/home/sergio/ros2_ws/install/moveit_task_constructor_visualization/lib:/home/sergio/ros2_ws/install/moveit_task_constructor_demo/lib:/home/sergio/ros2_ws/install/moveit_task_constructor_capabilities/lib:/home/sergio/ros2_ws/install/moveit_task_constructor_core/lib:/home/sergio/ros2_ws/install/rviz_marker_tools/lib:/home/sergio/ros2_ws/install/p1_ej3_interface/lib:/home/sergio/ros2_ws/install/p1_ej2_interface/lib:/home/sergio/ros2_ws/install/moveit_task_constructor_msgs/lib:/home/sergio/ros2_ws/install/mma_interfaces/lib:/home/sergio/ros2_ws/install/ejercicio_tres_interface/lib:/usr/lib/x86_64-linux-gnu/gazebo-11/plugins:/opt/ros/humble/opt/rviz_ogre_vendor/lib:/opt/ros/humble/lib/x86_64-linux-gnu:/opt/ros/humble/lib /usr/bin/cmake --build /home/sergio/ros2_ws/build/stage_ros2 -- -j16 -l16
[1.147s] Invoking command in '/home/sergio/ros2_ws/build/stage_ros2': CMAKE_PREFIX_PATH=/home/sergio/ros2_ws/install/Stage:/home/sergio/ros2_ws/install/trr_robot:/home/sergio/ros2_ws/install/stage_worlds:/home/sergio/ros2_ws/install/stage_ros2:/home/sergio/ros2_ws/install/moveit_task_constructor_visualization:/home/sergio/ros2_ws/install/moveit_task_constructor_demo:/home/sergio/ros2_ws/install/moveit_task_constructor_capabilities:/home/sergio/ros2_ws/install/moveit2_tutorials:/home/sergio/ros2_ws/install/moveit_task_constructor_core:/home/sergio/ros2_ws/install/rviz_marker_tools:/home/sergio/ros2_ws/install/robot_description:/home/sergio/ros2_ws/install/p2_ej2:/home/sergio/ros2_ws/install/p1_ej3_interface:/home/sergio/ros2_ws/install/p1_ej2_interface:/home/sergio/ros2_ws/install/navigation_tb3:/home/sergio/ros2_ws/install/moveit_task_constructor_msgs:/home/sergio/ros2_ws/install/moveit_resources:/home/sergio/ros2_ws/install/moveit_resources_pr2_description:/home/sergio/ros2_ws/install/moveit_resources_panda_moveit_config:/home/sergio/ros2_ws/install/moveit_resources_panda_description:/home/sergio/ros2_ws/install/moveit_resources_fanuc_moveit_config:/home/sergio/ros2_ws/install/moveit_resources_fanuc_description:/home/sergio/ros2_ws/install/mma_interfaces:/home/sergio/ros2_ws/install/hello_moveit:/home/sergio/ros2_ws/install/ejercicio_tres_interface:/home/sergio/ros2_ws/install/trr_robot_ps:/home/sergio/ros2_ws/install/robot_nav:/home/sergio/ros2_ws/install/robot_autonomo:/home/sergio/ros2_ws/install/p2_ej3:/home/sergio/ros2_ws/install/p1_ej3_servidor:/home/sergio/ros2_ws/install/p1_ej3_cliente:/home/sergio/ros2_ws/install/p1_ej2_nodos_sensor:/home/sergio/ros2_ws/install/p1_ej2_nodo5:/home/sergio/ros2_ws/install/p1_ej2_nodo4:/home/sergio/ros2_ws/install/nodo_adc_sub:/home/sergio/ros2_ws/install/my_stage_mover:/home/sergio/ros2_ws/install/my_package:/home/sergio/ros2_ws/install/mma_talker:/home/sergio/ros2_ws/install/mma_service:/home/sergio/ros2_ws/install/mma_listener:/home/sergio/ros2_ws/install/ejercicio_tres_server:/home/sergio/ros2_ws/install/ejercicio_tres_client:/home/sergio/ros2_ws/install/ejercicio_dos:/home/sergio/ros2_ws/install/ejercicio1_pkg:/home/sergio/ros2_ws/install/ejemplo_uno:/home/sergio/ros2_ws/install/auto_mover:/home/sergio/ros2_ws/install/P1_ej1_sub:/home/sergio/ros2_ws/install/P1_ej1_pub:/opt/ros/humble LD_LIBRARY_PATH=/home/sergio/ros2_ws/install/Stage/lib:/home/sergio/ros2_ws/install/stage_ros2/lib:/home/sergio/ros2_ws/install/moveit_task_constructor_visualization/lib:/home/sergio/ros2_ws/install/moveit_task_constructor_demo/lib:/home/sergio/ros2_ws/install/moveit_task_constructor_capabilities/lib:/home/sergio/ros2_ws/install/moveit_task_constructor_core/lib:/home/sergio/ros2_ws/install/rviz_marker_tools/lib:/home/sergio/ros2_ws/install/p1_ej3_interface/lib:/home/sergio/ros2_ws/install/p1_ej2_interface/lib:/home/sergio/ros2_ws/install/moveit_task_constructor_msgs/lib:/home/sergio/ros2_ws/install/mma_interfaces/lib:/home/sergio/ros2_ws/install/ejercicio_tres_interface/lib:/usr/lib/x86_64-linux-gnu/gazebo-11/plugins:/opt/ros/humble/opt/rviz_ogre_vendor/lib:/opt/ros/humble/lib/x86_64-linux-gnu:/opt/ros/humble/lib /usr/bin/cmake --install /home/sergio/ros2_ws/build/stage_ros2
[1.309s] -- Install configuration: ""
[1.309s] -- Up-to-date: /home/sergio/ros2_ws/install/stage_ros2/share/stage_ros2/environment/library_path.sh
[1.309s] -- Up-to-date: /home/sergio/ros2_ws/install/stage_ros2/share/stage_ros2/environment/library_path.dsv
[1.309s] -- Up-to-date: /home/sergio/ros2_ws/install/stage_ros2/share/stage_ros2//launch
[1.309s] -- Up-to-date: /home/sergio/ros2_ws/install/stage_ros2/share/stage_ros2//launch/f710.launch.py
[1.310s] -- Up-to-date: /home/sergio/ros2_ws/install/stage_ros2/share/stage_ros2//launch/demo.launch.py
[1.310s] -- Up-to-date: /home/sergio/ros2_ws/install/stage_ros2/share/stage_ros2//launch/rviz.launch.py
[1.310s] -- Up-to-date: /home/sergio/ros2_ws/install/stage_ros2/share/stage_ros2//launch/rviz_ns.launch.py
[1.310s] -- Up-to-date: /home/sergio/ros2_ws/install/stage_ros2/share/stage_ros2//launch/stage.launch.py
[1.310s] -- Up-to-date: /home/sergio/ros2_ws/install/stage_ros2/share/stage_ros2//world
[1.310s] -- Up-to-date: /home/sergio/ros2_ws/install/stage_ros2/share/stage_ros2//world/willow-four-erratics-multisensor.world
[1.310s] -- Up-to-date: /home/sergio/ros2_ws/install/stage_ros2/share/stage_ros2//world/cave_three_robots.world
[1.310s] -- Up-to-date: /home/sergio/ros2_ws/install/stage_ros2/share/stage_ros2//world/cave_multi.world
[1.310s] -- Up-to-date: /home/sergio/ros2_ws/install/stage_ros2/share/stage_ros2//world/bitmaps
[1.311s] -- Up-to-date: /home/sergio/ros2_ws/install/stage_ros2/share/stage_ros2//world/bitmaps/straden.png
[1.311s] -- Up-to-date: /home/sergio/ros2_ws/install/stage_ros2/share/stage_ros2//world/bitmaps/willow-full.pgm
[1.311s] -- Up-to-date: /home/sergio/ros2_ws/install/stage_ros2/share/stage_ros2//world/bitmaps/hallway.png
[1.311s] -- Up-to-date: /home/sergio/ros2_ws/install/stage_ros2/share/stage_ros2//world/bitmaps/hallway.pgm
[1.311s] -- Up-to-date: /home/sergio/ros2_ws/install/stage_ros2/share/stage_ros2//world/bitmaps/cave.png
[1.311s] -- Up-to-date: /home/sergio/ros2_ws/install/stage_ros2/share/stage_ros2//world/bitmaps/warehouse008.pgm
[1.311s] -- Up-to-date: /home/sergio/ros2_ws/install/stage_ros2/share/stage_ros2//world/bitmaps/warehouse200.pgm
[1.314s] -- Up-to-date: /home/sergio/ros2_ws/install/stage_ros2/share/stage_ros2//world/bitmaps/line.png
[1.314s] -- Up-to-date: /home/sergio/ros2_ws/install/stage_ros2/share/stage_ros2//world/bitmaps/warehouse032.pgm
[1.314s] -- Up-to-date: /home/sergio/ros2_ws/install/stage_ros2/share/stage_ros2//world/cave_seven_robots.world
[1.314s] -- Up-to-date: /home/sergio/ros2_ws/install/stage_ros2/share/stage_ros2//world/straden.world
[1.314s] -- Up-to-date: /home/sergio/ros2_ws/install/stage_ros2/share/stage_ros2//world/hallway.world
[1.314s] -- Up-to-date: /home/sergio/ros2_ws/install/stage_ros2/share/stage_ros2//world/include
[1.315s] -- Up-to-date: /home/sergio/ros2_ws/install/stage_ros2/share/stage_ros2//world/include/pioneer2dx.inc
[1.315s] -- Up-to-date: /home/sergio/ros2_ws/install/stage_ros2/share/stage_ros2//world/include/robots.inc
[1.315s] -- Up-to-date: /home/sergio/ros2_ws/install/stage_ros2/share/stage_ros2//world/cave.world
[1.315s] -- Up-to-date: /home/sergio/ros2_ws/install/stage_ros2/share/stage_ros2//world/lines.world
[1.315s] -- Up-to-date: /home/sergio/ros2_ws/install/stage_ros2/share/stage_ros2//config
[1.315s] -- Up-to-date: /home/sergio/ros2_ws/install/stage_ros2/share/stage_ros2//config/rviz
[1.315s] -- Up-to-date: /home/sergio/ros2_ws/install/stage_ros2/share/stage_ros2//config/rviz/robot_ns.rviz
[1.315s] -- Up-to-date: /home/sergio/ros2_ws/install/stage_ros2/share/stage_ros2//config/rviz/cave.rviz
[1.315s] -- Up-to-date: /home/sergio/ros2_ws/install/stage_ros2/share/stage_ros2//config/rviz/cave_three_robots.rviz
[1.315s] -- Up-to-date: /home/sergio/ros2_ws/install/stage_ros2/share/stage_ros2//config/rviz/robot_ns_depth.rviz
[1.316s] -- Up-to-date: /home/sergio/ros2_ws/install/stage_ros2/share/stage_ros2//config/rviz/cave_seven_robots.rviz
[1.316s] -- Up-to-date: /home/sergio/ros2_ws/install/stage_ros2/share/stage_ros2//config/rviz/lines.rviz
[1.316s] -- Up-to-date: /home/sergio/ros2_ws/install/stage_ros2/share/stage_ros2//config/rviz/robot0.rviz
[1.316s] -- Up-to-date: /home/sergio/ros2_ws/install/stage_ros2/share/stage_ros2//config/teleop_twist_joy
[1.316s] -- Up-to-date: /home/sergio/ros2_ws/install/stage_ros2/share/stage_ros2//config/teleop_twist_joy/f710.config.yaml
[1.316s] -- Up-to-date: /home/sergio/ros2_ws/install/stage_ros2/lib/libstage_node.so
[1.316s] -- Up-to-date: /home/sergio/ros2_ws/install/stage_ros2/lib/stage_ros2/stage_ros2
[1.316s] -- Up-to-date: /home/sergio/ros2_ws/install/stage_ros2/share/ament_index/resource_index/package_run_dependencies/stage_ros2
[1.316s] -- Up-to-date: /home/sergio/ros2_ws/install/stage_ros2/share/ament_index/resource_index/parent_prefix_path/stage_ros2
[1.316s] -- Up-to-date: /home/sergio/ros2_ws/install/stage_ros2/share/stage_ros2/environment/ament_prefix_path.sh
[1.317s] -- Up-to-date: /home/sergio/ros2_ws/install/stage_ros2/share/stage_ros2/environment/ament_prefix_path.dsv
[1.317s] -- Up-to-date: /home/sergio/ros2_ws/install/stage_ros2/share/stage_ros2/environment/path.sh
[1.317s] -- Up-to-date: /home/sergio/ros2_ws/install/stage_ros2/share/stage_ros2/environment/path.dsv
[1.317s] -- Up-to-date: /home/sergio/ros2_ws/install/stage_ros2/share/stage_ros2/local_setup.bash
[1.322s] -- Up-to-date: /home/sergio/ros2_ws/install/stage_ros2/share/stage_ros2/local_setup.sh
[1.322s] -- Up-to-date: /home/sergio/ros2_ws/install/stage_ros2/share/stage_ros2/local_setup.zsh
[1.322s] -- Up-to-date: /home/sergio/ros2_ws/install/stage_ros2/share/stage_ros2/local_setup.dsv
[1.322s] -- Installing: /home/sergio/ros2_ws/install/stage_ros2/share/stage_ros2/package.dsv
[1.323s] -- Up-to-date: /home/sergio/ros2_ws/install/stage_ros2/share/ament_index/resource_index/packages/stage_ros2
[1.323s] -- Up-to-date: /home/sergio/ros2_ws/install/stage_ros2/share/stage_ros2/cmake/stage_ros2Config.cmake
[1.323s] -- Up-to-date: /home/sergio/ros2_ws/install/stage_ros2/share/stage_ros2/cmake/stage_ros2Config-version.cmake
[1.323s] -- Up-to-date: /home/sergio/ros2_ws/install/stage_ros2/share/stage_ros2/package.xml
[1.354s] Invoked command in '/home/sergio/ros2_ws/build/stage_ros2' returned '0': CMAKE_PREFIX_PATH=/home/sergio/ros2_ws/install/Stage:/home/sergio/ros2_ws/install/trr_robot:/home/sergio/ros2_ws/install/stage_worlds:/home/sergio/ros2_ws/install/stage_ros2:/home/sergio/ros2_ws/install/moveit_task_constructor_visualization:/home/sergio/ros2_ws/install/moveit_task_constructor_demo:/home/sergio/ros2_ws/install/moveit_task_constructor_capabilities:/home/sergio/ros2_ws/install/moveit2_tutorials:/home/sergio/ros2_ws/install/moveit_task_constructor_core:/home/sergio/ros2_ws/install/rviz_marker_tools:/home/sergio/ros2_ws/install/robot_description:/home/sergio/ros2_ws/install/p2_ej2:/home/sergio/ros2_ws/install/p1_ej3_interface:/home/sergio/ros2_ws/install/p1_ej2_interface:/home/sergio/ros2_ws/install/navigation_tb3:/home/sergio/ros2_ws/install/moveit_task_constructor_msgs:/home/sergio/ros2_ws/install/moveit_resources:/home/sergio/ros2_ws/install/moveit_resources_pr2_description:/home/sergio/ros2_ws/install/moveit_resources_panda_moveit_config:/home/sergio/ros2_ws/install/moveit_resources_panda_description:/home/sergio/ros2_ws/install/moveit_resources_fanuc_moveit_config:/home/sergio/ros2_ws/install/moveit_resources_fanuc_description:/home/sergio/ros2_ws/install/mma_interfaces:/home/sergio/ros2_ws/install/hello_moveit:/home/sergio/ros2_ws/install/ejercicio_tres_interface:/home/sergio/ros2_ws/install/trr_robot_ps:/home/sergio/ros2_ws/install/robot_nav:/home/sergio/ros2_ws/install/robot_autonomo:/home/sergio/ros2_ws/install/p2_ej3:/home/sergio/ros2_ws/install/p1_ej3_servidor:/home/sergio/ros2_ws/install/p1_ej3_cliente:/home/sergio/ros2_ws/install/p1_ej2_nodos_sensor:/home/sergio/ros2_ws/install/p1_ej2_nodo5:/home/sergio/ros2_ws/install/p1_ej2_nodo4:/home/sergio/ros2_ws/install/nodo_adc_sub:/home/sergio/ros2_ws/install/my_stage_mover:/home/sergio/ros2_ws/install/my_package:/home/sergio/ros2_ws/install/mma_talker:/home/sergio/ros2_ws/install/mma_service:/home/sergio/ros2_ws/install/mma_listener:/home/sergio/ros2_ws/install/ejercicio_tres_server:/home/sergio/ros2_ws/install/ejercicio_tres_client:/home/sergio/ros2_ws/install/ejercicio_dos:/home/sergio/ros2_ws/install/ejercicio1_pkg:/home/sergio/ros2_ws/install/ejemplo_uno:/home/sergio/ros2_ws/install/auto_mover:/home/sergio/ros2_ws/install/P1_ej1_sub:/home/sergio/ros2_ws/install/P1_ej1_pub:/opt/ros/humble LD_LIBRARY_PATH=/home/sergio/ros2_ws/install/Stage/lib:/home/sergio/ros2_ws/install/stage_ros2/lib:/home/sergio/ros2_ws/install/moveit_task_constructor_visualization/lib:/home/sergio/ros2_ws/install/moveit_task_constructor_demo/lib:/home/sergio/ros2_ws/install/moveit_task_constructor_capabilities/lib:/home/sergio/ros2_ws/install/moveit_task_constructor_core/lib:/home/sergio/ros2_ws/install/rviz_marker_tools/lib:/home/sergio/ros2_ws/install/p1_ej3_interface/lib:/home/sergio/ros2_ws/install/p1_ej2_interface/lib:/home/sergio/ros2_ws/install/moveit_task_constructor_msgs/lib:/home/sergio/ros2_ws/install/mma_interfaces/lib:/home/sergio/ros2_ws/install/ejercicio_tres_interface/lib:/usr/lib/x86_64-linux-gnu/gazebo-11/plugins:/opt/ros/humble/opt/rviz_ogre_vendor/lib:/opt/ros/humble/lib/x86_64-linux-gnu:/opt/ros/humble/lib /usr/bin/cmake --install /home/sergio/ros2_ws/build/stage_ros2
