[0.193s] Invoking command in '/home/sergio/ros2_ws/build/Stage': /usr/bin/cmake --build /home/sergio/ros2_ws/build/Stage -- -j16 -l16
[3.327s] [ 57%] Built target stage
[3.327s] [ 61%] Built target source
[3.327s] [ 64%] Built target fasr
[3.327s] [ 67%] Built target stagebinary
[3.327s] [ 71%] Built target pioneer_flocking
[3.327s] [ 74%] Built target wander
[3.327s] [ 77%] Built target sink
[3.327s] [ 83%] Built target fasr2
[3.327s] [ 86%] Built target lasernoise
[3.327s] [ 91%] Built target rasterize
[3.328s] [ 93%] Built target dynamic
[3.328s] [ 96%] Built target expand_swarm
[3.328s] [100%] Built target expand_pioneer
[3.577s] Invoked command in '/home/sergio/ros2_ws/build/Stage' returned '0': /usr/bin/cmake --build /home/sergio/ros2_ws/build/Stage -- -j16 -l16
[3.584s] Invoking command in '/home/sergio/ros2_ws/build/Stage': /usr/bin/cmake --install /home/sergio/ros2_ws/build/Stage
[3.593s] -- Install configuration: "RELEASE"
[3.593s] -- Up-to-date: /home/sergio/ros2_ws/install/Stage/lib/pkgconfig/stage.pc
[3.593s] -- Up-to-date: /home/sergio/ros2_ws/install/Stage/lib/cmake/Stage/stage-config.cmake
[3.593s] -- Up-to-date: /home/sergio/ros2_ws/install/Stage/lib/cmake/Stage/stage-config-version.cmake
[3.593s] -- Up-to-date: /home/sergio/ros2_ws/install/Stage/bin/stage
[3.593s] -- Up-to-date: /home/sergio/ros2_ws/install/Stage/lib/libstage.so.4.3.0
[3.593s] -- Up-to-date: /home/sergio/ros2_ws/install/Stage/lib/libstage.so
[3.593s] -- Up-to-date: /home/sergio/ros2_ws/install/Stage/include/Stage-4.3/stage.hh
[3.594s] -- Up-to-date: /home/sergio/ros2_ws/install/Stage/lib/Stage-4.3/fasr.so
[3.594s] -- Up-to-date: /home/sergio/ros2_ws/install/Stage/lib/Stage-4.3/sink.so
[3.594s] -- Up-to-date: /home/sergio/ros2_ws/install/Stage/lib/Stage-4.3/source.so
[3.594s] -- Up-to-date: /home/sergio/ros2_ws/install/Stage/lib/Stage-4.3/wander.so
[3.595s] -- Up-to-date: /home/sergio/ros2_ws/install/Stage/lib/Stage-4.3/pioneer_flocking.so
[3.595s] -- Up-to-date: /home/sergio/ros2_ws/install/Stage/lib/Stage-4.3/rasterize.so
[3.595s] -- Up-to-date: /home/sergio/ros2_ws/install/Stage/lib/Stage-4.3/lasernoise.so
[3.596s] -- Up-to-date: /home/sergio/ros2_ws/install/Stage/lib/Stage-4.3/dynamic.so
[3.596s] -- Up-to-date: /home/sergio/ros2_ws/install/Stage/lib/Stage-4.3/fasr2.so
[3.596s] -- Up-to-date: /home/sergio/ros2_ws/install/Stage/share/stage/assets/blue.png
[3.600s] -- Up-to-date: /home/sergio/ros2_ws/install/Stage/share/stage/assets/death.png
[3.601s] -- Up-to-date: /home/sergio/ros2_ws/install/Stage/share/stage/assets/green.png
[3.601s] -- Up-to-date: /home/sergio/ros2_ws/install/Stage/share/stage/assets/logo.png
[3.601s] -- Up-to-date: /home/sergio/ros2_ws/install/Stage/share/stage/assets/mains.png
[3.601s] -- Up-to-date: /home/sergio/ros2_ws/install/Stage/share/stage/assets/mainspower.png
[3.604s] -- Up-to-date: /home/sergio/ros2_ws/install/Stage/share/stage/assets/question_mark.png
[3.606s] -- Up-to-date: /home/sergio/ros2_ws/install/Stage/share/stage/assets/red.png
[3.606s] -- Up-to-date: /home/sergio/ros2_ws/install/Stage/share/stage/assets/stagelogo.png
[3.606s] -- Up-to-date: /home/sergio/ros2_ws/install/Stage/share/stage/assets/stall-old.png
[3.606s] -- Up-to-date: /home/sergio/ros2_ws/install/Stage/share/stage/assets/stall.png
[3.608s] -- Up-to-date: /home/sergio/ros2_ws/install/Stage/share/stage/assets/rgb.txt
[3.611s] -- Up-to-date: /home/sergio/ros2_ws/install/Stage/share/stage/rgb.txt
[3.616s] -- Up-to-date: /home/sergio/ros2_ws/install/Stage/share/stage/worlds/amcl-sonar.cfg
[3.617s] -- Up-to-date: /home/sergio/ros2_ws/install/Stage/share/stage/worlds/autolab.cfg
[3.617s] -- Up-to-date: /home/sergio/ros2_ws/install/Stage/share/stage/worlds/camera.cfg
[3.617s] -- Up-to-date: /home/sergio/ros2_ws/install/Stage/share/stage/worlds/everything.cfg
[3.617s] -- Up-to-date: /home/sergio/ros2_ws/install/Stage/share/stage/worlds/lsp_test.cfg
[3.617s] -- Up-to-date: /home/sergio/ros2_ws/install/Stage/share/stage/worlds/mbicp.cfg
[3.618s] -- Up-to-date: /home/sergio/ros2_ws/install/Stage/share/stage/worlds/nd.cfg
[3.618s] -- Up-to-date: /home/sergio/ros2_ws/install/Stage/share/stage/worlds/roomba.cfg
[3.618s] -- Up-to-date: /home/sergio/ros2_ws/install/Stage/share/stage/worlds/simple.cfg
[3.618s] -- Up-to-date: /home/sergio/ros2_ws/install/Stage/share/stage/worlds/test.cfg
[3.618s] -- Up-to-date: /home/sergio/ros2_ws/install/Stage/share/stage/worlds/uoa_robotics_lab.cfg
[3.618s] -- Up-to-date: /home/sergio/ros2_ws/install/Stage/share/stage/worlds/vfh.cfg
[3.618s] -- Up-to-date: /home/sergio/ros2_ws/install/Stage/share/stage/worlds/wavefront-remote.cfg
[3.618s] -- Up-to-date: /home/sergio/ros2_ws/install/Stage/share/stage/worlds/wavefront.cfg
[3.619s] -- Up-to-date: /home/sergio/ros2_ws/install/Stage/share/stage/worlds/wifi.cfg
[3.619s] -- Up-to-date: /home/sergio/ros2_ws/install/Stage/share/stage/worlds/SFU.world
[3.619s] -- Up-to-date: /home/sergio/ros2_ws/install/Stage/share/stage/worlds/autolab.world
[3.619s] -- Up-to-date: /home/sergio/ros2_ws/install/Stage/share/stage/worlds/camera.world
[3.619s] -- Up-to-date: /home/sergio/ros2_ws/install/Stage/share/stage/worlds/circuit.world
[3.619s] -- Up-to-date: /home/sergio/ros2_ws/install/Stage/share/stage/worlds/everything.world
[3.619s] -- Up-to-date: /home/sergio/ros2_ws/install/Stage/share/stage/worlds/fasr.world
[3.619s] -- Up-to-date: /home/sergio/ros2_ws/install/Stage/share/stage/worlds/fasr2.world
[3.620s] -- Up-to-date: /home/sergio/ros2_ws/install/Stage/share/stage/worlds/fasr_plan.world
[3.620s] -- Up-to-date: /home/sergio/ros2_ws/install/Stage/share/stage/worlds/large.world
[3.620s] -- Up-to-date: /home/sergio/ros2_ws/install/Stage/share/stage/worlds/lsp_test.world
[3.620s] -- Up-to-date: /home/sergio/ros2_ws/install/Stage/share/stage/worlds/mbicp.world
[3.620s] -- Up-to-date: /home/sergio/ros2_ws/install/Stage/share/stage/worlds/pioneer_flocking.world
[3.620s] -- Up-to-date: /home/sergio/ros2_ws/install/Stage/share/stage/worlds/pioneer_follow.world
[3.620s] -- Up-to-date: /home/sergio/ros2_ws/install/Stage/share/stage/worlds/pioneer_walle.world
[3.621s] -- Up-to-date: /home/sergio/ros2_ws/install/Stage/share/stage/worlds/roomba.world
[3.621s] -- Up-to-date: /home/sergio/ros2_ws/install/Stage/share/stage/worlds/sensor_noise_demo.world
[3.621s] -- Up-to-date: /home/sergio/ros2_ws/install/Stage/share/stage/worlds/sensor_noise_module_demo.world
[3.621s] -- Up-to-date: /home/sergio/ros2_ws/install/Stage/share/stage/worlds/simple.world
[3.627s] -- Up-to-date: /home/sergio/ros2_ws/install/Stage/share/stage/worlds/uoa_robotics_lab.world
[3.627s] -- Up-to-date: /home/sergio/ros2_ws/install/Stage/share/stage/worlds/wifi.world
[3.627s] -- Up-to-date: /home/sergio/ros2_ws/install/Stage/share/stage/worlds/beacons.inc
[3.628s] -- Up-to-date: /home/sergio/ros2_ws/install/Stage/share/stage/worlds/chatterbox.inc
[3.628s] -- Up-to-date: /home/sergio/ros2_ws/install/Stage/share/stage/worlds/hokuyo.inc
[3.628s] -- Up-to-date: /home/sergio/ros2_ws/install/Stage/share/stage/worlds/irobot.inc
[3.628s] -- Up-to-date: /home/sergio/ros2_ws/install/Stage/share/stage/worlds/map.inc
[3.628s] -- Up-to-date: /home/sergio/ros2_ws/install/Stage/share/stage/worlds/objects.inc
[3.628s] -- Up-to-date: /home/sergio/ros2_ws/install/Stage/share/stage/worlds/pantilt.inc
[3.629s] -- Up-to-date: /home/sergio/ros2_ws/install/Stage/share/stage/worlds/pioneer.inc
[3.629s] -- Up-to-date: /home/sergio/ros2_ws/install/Stage/share/stage/worlds/sick.inc
[3.629s] -- Up-to-date: /home/sergio/ros2_ws/install/Stage/share/stage/worlds/ubot.inc
[3.629s] -- Up-to-date: /home/sergio/ros2_ws/install/Stage/share/stage/worlds/uoa_robotics_lab_models.inc
[3.629s] -- Up-to-date: /home/sergio/ros2_ws/install/Stage/share/stage/worlds/walle.inc
[3.629s] -- Up-to-date: /home/sergio/ros2_ws/install/Stage/share/stage/worlds/cfggen.sh
[3.629s] -- Up-to-date: /home/sergio/ros2_ws/install/Stage/share/stage/worlds/test.sh
[3.629s] -- Up-to-date: /home/sergio/ros2_ws/install/Stage/share/stage/worlds/worldgen.sh
[3.630s] -- Up-to-date: /home/sergio/ros2_ws/install/Stage/lib/Stage-4.3/expand_swarm.so
[3.643s] -- Up-to-date: /home/sergio/ros2_ws/install/Stage/lib/Stage-4.3/expand_pioneer.so
[3.652s] -- Up-to-date: /home/sergio/ros2_ws/install/Stage/share/stage/worlds/bitmaps/889_05.png
[3.659s] -- Up-to-date: /home/sergio/ros2_ws/install/Stage/share/stage/worlds/bitmaps/SFU_1200x615.png
[3.659s] -- Up-to-date: /home/sergio/ros2_ws/install/Stage/share/stage/worlds/bitmaps/SRI-AIC-kwing.png
[3.659s] -- Up-to-date: /home/sergio/ros2_ws/install/Stage/share/stage/worlds/bitmaps/autolab.png
[3.659s] -- Up-to-date: /home/sergio/ros2_ws/install/Stage/share/stage/worlds/bitmaps/cave.png
[3.660s] -- Up-to-date: /home/sergio/ros2_ws/install/Stage/share/stage/worlds/bitmaps/cave_compact.png
[3.660s] -- Up-to-date: /home/sergio/ros2_ws/install/Stage/share/stage/worlds/bitmaps/cave_filled.png
[3.660s] -- Up-to-date: /home/sergio/ros2_ws/install/Stage/share/stage/worlds/bitmaps/frieburg.png
[3.660s] -- Up-to-date: /home/sergio/ros2_ws/install/Stage/share/stage/worlds/bitmaps/ghost.png
[3.661s] -- Up-to-date: /home/sergio/ros2_ws/install/Stage/share/stage/worlds/bitmaps/hospital.png
[3.661s] -- Up-to-date: /home/sergio/ros2_ws/install/Stage/share/stage/worlds/bitmaps/hospital_section.png
[3.661s] -- Up-to-date: /home/sergio/ros2_ws/install/Stage/share/stage/worlds/bitmaps/human_outline.png
[3.661s] -- Up-to-date: /home/sergio/ros2_ws/install/Stage/share/stage/worlds/bitmaps/mbicp.png
[3.662s] -- Up-to-date: /home/sergio/ros2_ws/install/Stage/share/stage/worlds/bitmaps/rink.png
[3.662s] -- Up-to-date: /home/sergio/ros2_ws/install/Stage/share/stage/worlds/bitmaps/sal2.png
[3.662s] -- Up-to-date: /home/sergio/ros2_ws/install/Stage/share/stage/worlds/bitmaps/simple_rooms.png
[3.662s] -- Up-to-date: /home/sergio/ros2_ws/install/Stage/share/stage/worlds/bitmaps/space_invader.png
[3.662s] -- Up-to-date: /home/sergio/ros2_ws/install/Stage/share/stage/worlds/bitmaps/submarine.png
[3.663s] -- Up-to-date: /home/sergio/ros2_ws/install/Stage/share/stage/worlds/bitmaps/submarine_small.png
[3.669s] -- Up-to-date: /home/sergio/ros2_ws/install/Stage/share/stage/worlds/bitmaps/table.png
[3.670s] -- Up-to-date: /home/sergio/ros2_ws/install/Stage/share/stage/worlds/bitmaps/uoa_robotics_lab.png
[3.670s] -- Up-to-date: /home/sergio/ros2_ws/install/Stage/share/stage/worlds/wifi/commando.world
[3.670s] -- Up-to-date: /home/sergio/ros2_ws/install/Stage/share/stage/worlds/wifi/hosp_wifi.world
[3.671s] -- Up-to-date: /home/sergio/ros2_ws/install/Stage/share/stage/worlds/wifi/hosp_wifi_5.world
[3.671s] -- Up-to-date: /home/sergio/ros2_ws/install/Stage/share/stage/worlds/wifi/wifi.world
[3.671s] -- Up-to-date: /home/sergio/ros2_ws/install/Stage/share/stage/worlds/wifi/wifi_itu.world
[3.671s] -- Up-to-date: /home/sergio/ros2_ws/install/Stage/share/stage/worlds/wifi/wifi_logdistance.world
[3.671s] -- Up-to-date: /home/sergio/ros2_ws/install/Stage/share/stage/worlds/wifi/wifi_ray.world
[3.672s] -- Up-to-date: /home/sergio/ros2_ws/install/Stage/share/stage/worlds/wifi/wifi_simple.world
[3.672s] -- Up-to-date: /home/sergio/ros2_ws/install/Stage/share/stage/worlds/wifi/map.inc
[3.991s] Invoked command in '/home/sergio/ros2_ws/build/Stage' returned '0': /usr/bin/cmake --install /home/sergio/ros2_ws/build/Stage
