[5.716s] Invoking command in '/home/sergio/ros2_ws/src/nodo_adc_sub': PYTHONPATH=/home/sergio/ros2_ws/build/nodo_adc_sub/prefix_override:/usr/lib/python3/dist-packages/colcon_core/task/python/colcon_distutils_commands:/home/sergio/ros2_ws/install/nodo_adc_sub/lib/python3.10/site-packages:${PYTHONPATH} /usr/bin/python3 -W ignore:setup.py install is deprecated -W ignore:easy_install command is deprecated setup.py egg_info --egg-base ../../build/nodo_adc_sub build --build-base /home/sergio/ros2_ws/build/nodo_adc_sub/build install --record /home/sergio/ros2_ws/build/nodo_adc_sub/install.log --single-version-externally-managed install_data
[6.955s] running egg_info
[6.955s] creating ../../build/nodo_adc_sub/nodo_adc_sub.egg-info
[6.959s] writing ../../build/nodo_adc_sub/nodo_adc_sub.egg-info/PKG-INFO
[6.959s] writing dependency_links to ../../build/nodo_adc_sub/nodo_adc_sub.egg-info/dependency_links.txt
[6.959s] writing entry points to ../../build/nodo_adc_sub/nodo_adc_sub.egg-info/entry_points.txt
[6.959s] writing requirements to ../../build/nodo_adc_sub/nodo_adc_sub.egg-info/requires.txt
[6.959s] writing top-level names to ../../build/nodo_adc_sub/nodo_adc_sub.egg-info/top_level.txt
[6.959s] writing manifest file '../../build/nodo_adc_sub/nodo_adc_sub.egg-info/SOURCES.txt'
[6.964s] reading manifest file '../../build/nodo_adc_sub/nodo_adc_sub.egg-info/SOURCES.txt'
[6.971s] writing manifest file '../../build/nodo_adc_sub/nodo_adc_sub.egg-info/SOURCES.txt'
[6.971s] running build
[6.971s] running build_py
[6.976s] creating /home/sergio/ros2_ws/build/nodo_adc_sub/build
[6.976s] creating /home/sergio/ros2_ws/build/nodo_adc_sub/build/lib
[6.976s] creating /home/sergio/ros2_ws/build/nodo_adc_sub/build/lib/nodo_adc_sub
[6.977s] copying nodo_adc_sub/subscriber_adc.py -> /home/sergio/ros2_ws/build/nodo_adc_sub/build/lib/nodo_adc_sub
[6.977s] copying nodo_adc_sub/__init__.py -> /home/sergio/ros2_ws/build/nodo_adc_sub/build/lib/nodo_adc_sub
[6.977s] running install
[6.981s] running install_lib
[6.981s] creating /home/sergio/ros2_ws/install/nodo_adc_sub/lib/python3.10/site-packages/nodo_adc_sub
[6.985s] copying /home/sergio/ros2_ws/build/nodo_adc_sub/build/lib/nodo_adc_sub/subscriber_adc.py -> /home/sergio/ros2_ws/install/nodo_adc_sub/lib/python3.10/site-packages/nodo_adc_sub
[6.989s] copying /home/sergio/ros2_ws/build/nodo_adc_sub/build/lib/nodo_adc_sub/__init__.py -> /home/sergio/ros2_ws/install/nodo_adc_sub/lib/python3.10/site-packages/nodo_adc_sub
[6.990s] byte-compiling /home/sergio/ros2_ws/install/nodo_adc_sub/lib/python3.10/site-packages/nodo_adc_sub/subscriber_adc.py to subscriber_adc.cpython-310.pyc
[6.990s] byte-compiling /home/sergio/ros2_ws/install/nodo_adc_sub/lib/python3.10/site-packages/nodo_adc_sub/__init__.py to __init__.cpython-310.pyc
[6.990s] running install_data
[6.990s] creating /home/sergio/ros2_ws/install/nodo_adc_sub/share/ament_index
[6.990s] creating /home/sergio/ros2_ws/install/nodo_adc_sub/share/ament_index/resource_index
[6.991s] creating /home/sergio/ros2_ws/install/nodo_adc_sub/share/ament_index/resource_index/packages
[6.991s] copying resource/nodo_adc_sub -> /home/sergio/ros2_ws/install/nodo_adc_sub/share/ament_index/resource_index/packages
[6.991s] copying package.xml -> /home/sergio/ros2_ws/install/nodo_adc_sub/share/nodo_adc_sub
[6.991s] running install_egg_info
[6.991s] Copying ../../build/nodo_adc_sub/nodo_adc_sub.egg-info to /home/sergio/ros2_ws/install/nodo_adc_sub/lib/python3.10/site-packages/nodo_adc_sub-0.0.0-py3.10.egg-info
[6.991s] running install_scripts
[7.051s] Installing subscriber_adc script to /home/sergio/ros2_ws/install/nodo_adc_sub/lib/nodo_adc_sub
[7.053s] writing list of installed files to '/home/sergio/ros2_ws/build/nodo_adc_sub/install.log'
[7.266s] Invoked command in '/home/sergio/ros2_ws/src/nodo_adc_sub' returned '0': PYTHONPATH=/home/sergio/ros2_ws/build/nodo_adc_sub/prefix_override:/usr/lib/python3/dist-packages/colcon_core/task/python/colcon_distutils_commands:/home/sergio/ros2_ws/install/nodo_adc_sub/lib/python3.10/site-packages:${PYTHONPATH} /usr/bin/python3 -W ignore:setup.py install is deprecated -W ignore:easy_install command is deprecated setup.py egg_info --egg-base ../../build/nodo_adc_sub build --build-base /home/sergio/ros2_ws/build/nodo_adc_sub/build install --record /home/sergio/ros2_ws/build/nodo_adc_sub/install.log --single-version-externally-managed install_data
