[2.546s] Invoking command in '/home/sergio/ros2_ws/src/p2_ej3': PYTHONPATH=/home/sergio/ros2_ws/build/p2_ej3/prefix_override:/usr/lib/python3/dist-packages/colcon_core/task/python/colcon_distutils_commands:/home/sergio/ros2_ws/install/p2_ej3/lib/python3.10/site-packages:${PYTHONPATH} /usr/bin/python3 -W ignore:setup.py install is deprecated -W ignore:easy_install command is deprecated setup.py egg_info --egg-base ../../build/p2_ej3 build --build-base /home/sergio/ros2_ws/build/p2_ej3/build install --record /home/sergio/ros2_ws/build/p2_ej3/install.log --single-version-externally-managed install_data
[2.880s] running egg_info
[2.880s] writing ../../build/p2_ej3/p2_ej3.egg-info/PKG-INFO
[2.881s] writing dependency_links to ../../build/p2_ej3/p2_ej3.egg-info/dependency_links.txt
[2.883s] writing entry points to ../../build/p2_ej3/p2_ej3.egg-info/entry_points.txt
[2.883s] writing requirements to ../../build/p2_ej3/p2_ej3.egg-info/requires.txt
[2.883s] writing top-level names to ../../build/p2_ej3/p2_ej3.egg-info/top_level.txt
[2.885s] reading manifest file '../../build/p2_ej3/p2_ej3.egg-info/SOURCES.txt'
[2.886s] writing manifest file '../../build/p2_ej3/p2_ej3.egg-info/SOURCES.txt'
[2.886s] running build
[2.886s] running build_py
[2.887s] running install
[2.887s] running install_lib
[2.889s] running install_data
[2.889s] copying rviz/nav2_config.rviz -> /home/sergio/ros2_ws/install/p2_ej3/share/p2_ej3/rviz
[2.889s] running install_egg_info
[2.891s] removing '/home/sergio/ros2_ws/install/p2_ej3/lib/python3.10/site-packages/p2_ej3-0.0.0-py3.10.egg-info' (and everything under it)
[2.892s] Copying ../../build/p2_ej3/p2_ej3.egg-info to /home/sergio/ros2_ws/install/p2_ej3/lib/python3.10/site-packages/p2_ej3-0.0.0-py3.10.egg-info
[2.892s] running install_scripts
[2.918s] Installing avoid_obstacles script to /home/sergio/ros2_ws/install/p2_ej3/lib/p2_ej3
[2.918s] writing list of installed files to '/home/sergio/ros2_ws/build/p2_ej3/install.log'
[2.957s] Invoked command in '/home/sergio/ros2_ws/src/p2_ej3' returned '0': PYTHONPATH=/home/sergio/ros2_ws/build/p2_ej3/prefix_override:/usr/lib/python3/dist-packages/colcon_core/task/python/colcon_distutils_commands:/home/sergio/ros2_ws/install/p2_ej3/lib/python3.10/site-packages:${PYTHONPATH} /usr/bin/python3 -W ignore:setup.py install is deprecated -W ignore:easy_install command is deprecated setup.py egg_info --egg-base ../../build/p2_ej3 build --build-base /home/sergio/ros2_ws/build/p2_ej3/build install --record /home/sergio/ros2_ws/build/p2_ej3/install.log --single-version-externally-managed install_data
