[4.464s] Invoking command in '/home/sergio/ros2_ws/src/trr_robot_ps': PYTHONPATH=/home/sergio/ros2_ws/build/trr_robot_ps/prefix_override:/usr/lib/python3/dist-packages/colcon_core/task/python/colcon_distutils_commands:/home/sergio/ros2_ws/install/trr_robot_ps/lib/python3.10/site-packages:${PYTHONPATH} /usr/bin/python3 -W ignore:setup.py install is deprecated -W ignore:easy_install command is deprecated setup.py egg_info --egg-base ../../build/trr_robot_ps build --build-base /home/sergio/ros2_ws/build/trr_robot_ps/build install --record /home/sergio/ros2_ws/build/trr_robot_ps/install.log --single-version-externally-managed install_data
[5.367s] running egg_info
[5.369s] creating ../../build/trr_robot_ps/trr_robot_ps.egg-info
[5.369s] writing ../../build/trr_robot_ps/trr_robot_ps.egg-info/PKG-INFO
[5.370s] writing dependency_links to ../../build/trr_robot_ps/trr_robot_ps.egg-info/dependency_links.txt
[5.371s] writing entry points to ../../build/trr_robot_ps/trr_robot_ps.egg-info/entry_points.txt
[5.371s] writing requirements to ../../build/trr_robot_ps/trr_robot_ps.egg-info/requires.txt
[5.371s] writing top-level names to ../../build/trr_robot_ps/trr_robot_ps.egg-info/top_level.txt
[5.372s] writing manifest file '../../build/trr_robot_ps/trr_robot_ps.egg-info/SOURCES.txt'
[5.375s] reading manifest file '../../build/trr_robot_ps/trr_robot_ps.egg-info/SOURCES.txt'
[5.376s] writing manifest file '../../build/trr_robot_ps/trr_robot_ps.egg-info/SOURCES.txt'
[5.377s] running build
[5.377s] running build_py
[5.377s] creating /home/sergio/ros2_ws/build/trr_robot_ps/build
[5.378s] creating /home/sergio/ros2_ws/build/trr_robot_ps/build/lib
[5.378s] creating /home/sergio/ros2_ws/build/trr_robot_ps/build/lib/trr_robot_ps
[5.379s] copying trr_robot_ps/__init__.py -> /home/sergio/ros2_ws/build/trr_robot_ps/build/lib/trr_robot_ps
[5.379s] copying trr_robot_ps/pub_sub.py -> /home/sergio/ros2_ws/build/trr_robot_ps/build/lib/trr_robot_ps
[5.387s] running install
[5.388s] running install_lib
[5.389s] running install_data
[5.389s] running install_egg_info
[5.396s] removing '/home/sergio/ros2_ws/install/trr_robot_ps/lib/python3.10/site-packages/trr_robot_ps-0.0.0-py3.10.egg-info' (and everything under it)
[5.399s] Copying ../../build/trr_robot_ps/trr_robot_ps.egg-info to /home/sergio/ros2_ws/install/trr_robot_ps/lib/python3.10/site-packages/trr_robot_ps-0.0.0-py3.10.egg-info
[5.403s] running install_scripts
[5.464s] Installing pub_sub script to /home/sergio/ros2_ws/install/trr_robot_ps/lib/trr_robot_ps
[5.464s] writing list of installed files to '/home/sergio/ros2_ws/build/trr_robot_ps/install.log'
[5.534s] Invoked command in '/home/sergio/ros2_ws/src/trr_robot_ps' returned '0': PYTHONPATH=/home/sergio/ros2_ws/build/trr_robot_ps/prefix_override:/usr/lib/python3/dist-packages/colcon_core/task/python/colcon_distutils_commands:/home/sergio/ros2_ws/install/trr_robot_ps/lib/python3.10/site-packages:${PYTHONPATH} /usr/bin/python3 -W ignore:setup.py install is deprecated -W ignore:easy_install command is deprecated setup.py egg_info --egg-base ../../build/trr_robot_ps build --build-base /home/sergio/ros2_ws/build/trr_robot_ps/build install --record /home/sergio/ros2_ws/build/trr_robot_ps/install.log --single-version-externally-managed install_data
