[0.862s] Invoking command in '/home/sergio/ros2_ws/build/p1_ej2_interface': AMENT_PREFIX_PATH=/home/sergio/ros2_ws/install/p1_ej2_nodos_sensor:/home/sergio/ros2_ws/install/p1_ej2_nodo4:/home/sergio/ros2_ws/install/trr_robot_ps:/home/sergio/ros2_ws/install/trr_robot:/home/sergio/ros2_ws/install/robot_trr:/home/sergio/ros2_ws/install/robot_description:/home/sergio/ros2_ws/install/p1_ej3_servidor:/home/sergio/ros2_ws/install/p1_ej3_interface:/home/sergio/ros2_ws/install/p1_ej3_cliente:/home/sergio/ros2_ws/install/p1_ej2_interface:/home/sergio/ros2_ws/install/p1_ej2_nodo5:/home/sergio/ros2_ws/install/my_package:/home/sergio/ros2_ws/install/mma_talker:/home/sergio/ros2_ws/install/mma_service:/home/sergio/ros2_ws/install/mma_listener:/home/sergio/ros2_ws/install/mma_interfaces:/home/sergio/ros2_ws/install/ejercicio_tres_server:/home/sergio/ros2_ws/install/ejercicio_tres_interface:/home/sergio/ros2_ws/install/ejercicio_tres_client:/home/sergio/ros2_ws/install/ejercicio_dos:/home/sergio/ros2_ws/install/ejemplo_uno:/home/sergio/ros2_ws/install/P1_ej1_sub:/home/sergio/ros2_ws/install/P1_ej1_pub:/opt/ros/humble CMAKE_PREFIX_PATH=${CMAKE_PREFIX_PATH}:/home/sergio/ros2_ws/install/trr_robot_ps:/home/sergio/ros2_ws/install/p1_ej3_servidor:/home/sergio/ros2_ws/install/p1_ej3_cliente:/home/sergio/ros2_ws/install/p1_ej2_nodos_sensor:/home/sergio/ros2_ws/install/p1_ej2_nodo5:/home/sergio/ros2_ws/install/p1_ej2_nodo4:/home/sergio/ros2_ws/install/my_package:/home/sergio/ros2_ws/install/mma_talker:/home/sergio/ros2_ws/install/mma_service:/home/sergio/ros2_ws/install/mma_listener:/home/sergio/ros2_ws/install/ejercicio_tres_server:/home/sergio/ros2_ws/install/ejercicio_tres_client:/home/sergio/ros2_ws/install/ejercicio_dos:/home/sergio/ros2_ws/install/ejemplo_uno:/home/sergio/ros2_ws/install/P1_ej1_sub:/home/sergio/ros2_ws/install/P1_ej1_pub:/opt/ros/humble PYTHONPATH=/home/sergio/ros2_ws/install/p1_ej2_nodos_sensor/lib/python3.10/site-packages:/home/sergio/ros2_ws/install/p1_ej2_nodo4/lib/python3.10/site-packages:/home/sergio/ros2_ws/install/trr_robot_ps/lib/python3.10/site-packages:/home/sergio/ros2_ws/install/p1_ej3_servidor/lib/python3.10/site-packages:/home/sergio/ros2_ws/install/p1_ej3_interface/local/lib/python3.10/dist-packages:/home/sergio/ros2_ws/install/p1_ej3_cliente/lib/python3.10/site-packages:/home/sergio/ros2_ws/install/p1_ej2_interface/local/lib/python3.10/dist-packages:/home/sergio/ros2_ws/install/p1_ej2_nodo5/lib/python3.10/site-packages:/home/sergio/ros2_ws/install/my_package/lib/python3.10/site-packages:/home/sergio/ros2_ws/install/mma_talker/lib/python3.10/site-packages:/home/sergio/ros2_ws/install/mma_service/lib/python3.10/site-packages:/home/sergio/ros2_ws/install/mma_listener/lib/python3.10/site-packages:/home/sergio/ros2_ws/install/mma_interfaces/local/lib/python3.10/dist-packages:/home/sergio/ros2_ws/install/ejercicio_tres_server/lib/python3.10/site-packages:/home/sergio/ros2_ws/install/ejercicio_tres_interface/local/lib/python3.10/dist-packages:/home/sergio/ros2_ws/install/ejercicio_tres_client/lib/python3.10/site-packages:/home/sergio/ros2_ws/install/ejercicio_dos/lib/python3.10/site-packages:/home/sergio/ros2_ws/install/ejemplo_uno/lib/python3.10/site-packages:/home/sergio/ros2_ws/install/P1_ej1_sub/lib/python3.10/site-packages:/home/sergio/ros2_ws/install/P1_ej1_pub/lib/python3.10/site-packages:/opt/ros/humble/lib/python3.10/site-packages:/opt/ros/humble/local/lib/python3.10/dist-packages /usr/bin/cmake --build /home/sergio/ros2_ws/build/p1_ej2_interface -- -j16 -l16
[0.926s] -- Found ament_cmake: 1.3.11 (/opt/ros/humble/share/ament_cmake/cmake)
[1.227s] -- Found rosidl_default_generators: 1.2.0 (/opt/ros/humble/share/rosidl_default_generators/cmake)
[1.233s] -- Using all available rosidl_typesupport_c: rosidl_typesupport_fastrtps_c;rosidl_typesupport_introspection_c
[1.240s] -- Found rosidl_adapter: 3.1.6 (/opt/ros/humble/share/rosidl_adapter/cmake)
[1.277s] -- Using all available rosidl_typesupport_cpp: rosidl_typesupport_fastrtps_cpp;rosidl_typesupport_introspection_cpp
[1.791s] -- Found ament_cmake_ros: 0.10.0 (/opt/ros/humble/share/ament_cmake_ros/cmake)
[2.128s] -- Using all available rosidl_typesupport_c: rosidl_typesupport_fastrtps_c;rosidl_typesupport_introspection_c
[2.516s] -- Using all available rosidl_typesupport_cpp: rosidl_typesupport_fastrtps_cpp;rosidl_typesupport_introspection_cpp
[2.561s] -- Found python_cmake_module: 0.10.0 (/opt/ros/humble/share/python_cmake_module/cmake)
[2.594s] -- Using PYTHON_EXECUTABLE: /usr/bin/python3
[2.594s] -- Using PYTHON_INCLUDE_DIRS: /usr/include/python3.10
[2.594s] -- Using PYTHON_LIBRARIES: /usr/lib/x86_64-linux-gnu/libpython3.10.so
[2.621s] -- Found ament_lint_auto: 0.12.12 (/opt/ros/humble/share/ament_lint_auto/cmake)
[2.638s] -- Added test 'flake8' to check Python code syntax and style conventions
[2.639s] -- Added test 'lint_cmake' to check CMake code style
[2.640s] -- Added test 'pep257' to check Python code against some of the docstring style conventions in PEP 257
[2.641s] -- Added test 'xmllint' to check XML markup files
[2.644s] -- Configuring done
[2.677s] -- Generating done
[2.687s] -- Build files have been written to: /home/sergio/ros2_ws/build/p1_ej2_interface
[2.720s] [35m[1mConsolidate compiler generated dependencies of target p1_ej2_interface__rosidl_generator_c[0m
[2.739s] [  2%] Built target p1_ej2_interface__cpp
[2.744s] [  5%] [32m[1mLinking C shared library libp1_ej2_interface__rosidl_generator_c.so[0m
[2.756s] [  5%] Built target ament_cmake_python_copy_p1_ej2_interface
[2.758s] [35m[1mConsolidate compiler generated dependencies of target p1_ej2_interface__rosidl_typesupport_introspection_cpp[0m
[2.758s] [35m[1mConsolidate compiler generated dependencies of target p1_ej2_interface__rosidl_typesupport_fastrtps_cpp[0m
[2.759s] [35m[1mConsolidate compiler generated dependencies of target p1_ej2_interface__rosidl_typesupport_cpp[0m
[2.778s] [  7%] [32mBuilding CXX object CMakeFiles/p1_ej2_interface__rosidl_typesupport_introspection_cpp.dir/rosidl_typesupport_introspection_cpp/p1_ej2_interface/msg/detail/sensor__type_support.cpp.o[0m
[2.778s] [ 10%] [32mBuilding CXX object CMakeFiles/p1_ej2_interface__rosidl_typesupport_introspection_cpp.dir/rosidl_typesupport_introspection_cpp/p1_ej2_interface/msg/detail/filtered_sensor__type_support.cpp.o[0m
[2.778s] [ 12%] [32mBuilding CXX object CMakeFiles/p1_ej2_interface__rosidl_typesupport_fastrtps_cpp.dir/rosidl_typesupport_fastrtps_cpp/p1_ej2_interface/msg/detail/dds_fastrtps/sensor__type_support.cpp.o[0m
[2.781s] [ 15%] [32mBuilding CXX object CMakeFiles/p1_ej2_interface__rosidl_typesupport_cpp.dir/rosidl_typesupport_cpp/p1_ej2_interface/msg/sensor__type_support.cpp.o[0m
[2.783s] [ 17%] [32mBuilding CXX object CMakeFiles/p1_ej2_interface__rosidl_typesupport_fastrtps_cpp.dir/rosidl_typesupport_fastrtps_cpp/p1_ej2_interface/msg/detail/dds_fastrtps/filtered_sensor__type_support.cpp.o[0m
[2.786s] [ 20%] [32mBuilding CXX object CMakeFiles/p1_ej2_interface__rosidl_typesupport_cpp.dir/rosidl_typesupport_cpp/p1_ej2_interface/msg/filtered_sensor__type_support.cpp.o[0m
[2.807s] [ 28%] Built target p1_ej2_interface__rosidl_generator_c
[2.835s] [35m[1mConsolidate compiler generated dependencies of target p1_ej2_interface__rosidl_typesupport_fastrtps_c[0m
[2.836s] [35m[1mConsolidate compiler generated dependencies of target p1_ej2_interface__rosidl_typesupport_c[0m
[2.840s] [35m[1mConsolidate compiler generated dependencies of target p1_ej2_interface__rosidl_typesupport_introspection_c[0m
[2.867s] [ 30%] [32m[1mLinking C shared library libp1_ej2_interface__rosidl_typesupport_introspection_c.so[0m
[2.869s] [ 33%] [32mBuilding CXX object CMakeFiles/p1_ej2_interface__rosidl_typesupport_fastrtps_c.dir/rosidl_typesupport_fastrtps_c/p1_ej2_interface/msg/detail/sensor__type_support_c.cpp.o[0m
[2.871s] [ 35%] [32m[1mLinking CXX shared library libp1_ej2_interface__rosidl_typesupport_c.so[0m
[2.884s] [ 38%] [32mBuilding CXX object CMakeFiles/p1_ej2_interface__rosidl_typesupport_fastrtps_c.dir/rosidl_typesupport_fastrtps_c/p1_ej2_interface/msg/detail/filtered_sensor__type_support_c.cpp.o[0m
[2.951s] [ 46%] Built target p1_ej2_interface__rosidl_typesupport_introspection_c
[2.989s] [ 53%] Built target p1_ej2_interface__rosidl_typesupport_c
[3.329s] [ 56%] [32m[1mLinking CXX shared library libp1_ej2_interface__rosidl_typesupport_cpp.so[0m
[3.398s] [ 58%] Built target p1_ej2_interface__rosidl_typesupport_cpp
[3.570s] running egg_info
[3.572s] writing p1_ej2_interface.egg-info/PKG-INFO
[3.572s] writing dependency_links to p1_ej2_interface.egg-info/dependency_links.txt
[3.573s] writing top-level names to p1_ej2_interface.egg-info/top_level.txt
[3.578s] reading manifest file 'p1_ej2_interface.egg-info/SOURCES.txt'
[3.580s] writing manifest file 'p1_ej2_interface.egg-info/SOURCES.txt'
[3.628s] [ 58%] Built target ament_cmake_python_build_p1_ej2_interface_egg
[3.633s] [ 61%] [32m[1mLinking CXX shared library libp1_ej2_interface__rosidl_typesupport_introspection_cpp.so[0m
[3.643s] [ 64%] [32m[1mLinking CXX shared library libp1_ej2_interface__rosidl_typesupport_fastrtps_cpp.so[0m
[3.659s] [ 66%] [32m[1mLinking CXX shared library libp1_ej2_interface__rosidl_typesupport_fastrtps_c.so[0m
[3.686s] [ 69%] Built target p1_ej2_interface__rosidl_typesupport_introspection_cpp
[3.735s] [ 71%] Built target p1_ej2_interface__rosidl_typesupport_fastrtps_cpp
[3.750s] [ 74%] Built target p1_ej2_interface__rosidl_typesupport_fastrtps_c
[3.773s] [ 74%] Built target p1_ej2_interface
[3.800s] [ 76%] Built target p1_ej2_interface__py
[3.810s] [35m[1mConsolidate compiler generated dependencies of target p1_ej2_interface__rosidl_generator_py[0m
[3.832s] [ 79%] [32mBuilding C object CMakeFiles/p1_ej2_interface__rosidl_generator_py.dir/rosidl_generator_py/p1_ej2_interface/msg/_sensor_s.c.o[0m
[3.835s] [ 82%] [32mBuilding C object CMakeFiles/p1_ej2_interface__rosidl_generator_py.dir/rosidl_generator_py/p1_ej2_interface/msg/_filtered_sensor_s.c.o[0m
[3.965s] [ 84%] [32m[1mLinking C shared library rosidl_generator_py/p1_ej2_interface/libp1_ej2_interface__rosidl_generator_py.so[0m
[3.998s] [ 84%] Built target p1_ej2_interface__rosidl_generator_py
[4.010s] [35m[1mConsolidate compiler generated dependencies of target p1_ej2_interface__rosidl_typesupport_fastrtps_c__pyext[0m
[4.010s] [35m[1mConsolidate compiler generated dependencies of target p1_ej2_interface__rosidl_typesupport_introspection_c__pyext[0m
[4.010s] [35m[1mConsolidate compiler generated dependencies of target p1_ej2_interface__rosidl_typesupport_c__pyext[0m
[4.034s] [ 87%] [32mBuilding C object CMakeFiles/p1_ej2_interface__rosidl_typesupport_introspection_c__pyext.dir/rosidl_generator_py/p1_ej2_interface/_p1_ej2_interface_s.ep.rosidl_typesupport_introspection_c.c.o[0m
[4.034s] [ 89%] [32mBuilding C object CMakeFiles/p1_ej2_interface__rosidl_typesupport_fastrtps_c__pyext.dir/rosidl_generator_py/p1_ej2_interface/_p1_ej2_interface_s.ep.rosidl_typesupport_fastrtps_c.c.o[0m
[4.034s] [ 92%] [32mBuilding C object CMakeFiles/p1_ej2_interface__rosidl_typesupport_c__pyext.dir/rosidl_generator_py/p1_ej2_interface/_p1_ej2_interface_s.ep.rosidl_typesupport_c.c.o[0m
[4.163s] [ 94%] [32m[1mLinking C shared library rosidl_generator_py/p1_ej2_interface/p1_ej2_interface_s__rosidl_typesupport_introspection_c.cpython-310-x86_64-linux-gnu.so[0m
[4.163s] [ 97%] [32m[1mLinking C shared library rosidl_generator_py/p1_ej2_interface/p1_ej2_interface_s__rosidl_typesupport_c.cpython-310-x86_64-linux-gnu.so[0m
[4.171s] [100%] [32m[1mLinking C shared library rosidl_generator_py/p1_ej2_interface/p1_ej2_interface_s__rosidl_typesupport_fastrtps_c.cpython-310-x86_64-linux-gnu.so[0m
[4.203s] [100%] Built target p1_ej2_interface__rosidl_typesupport_c__pyext
[4.204s] [100%] Built target p1_ej2_interface__rosidl_typesupport_introspection_c__pyext
[4.209s] [100%] Built target p1_ej2_interface__rosidl_typesupport_fastrtps_c__pyext
[4.227s] Invoked command in '/home/sergio/ros2_ws/build/p1_ej2_interface' returned '0': AMENT_PREFIX_PATH=/home/sergio/ros2_ws/install/p1_ej2_nodos_sensor:/home/sergio/ros2_ws/install/p1_ej2_nodo4:/home/sergio/ros2_ws/install/trr_robot_ps:/home/sergio/ros2_ws/install/trr_robot:/home/sergio/ros2_ws/install/robot_trr:/home/sergio/ros2_ws/install/robot_description:/home/sergio/ros2_ws/install/p1_ej3_servidor:/home/sergio/ros2_ws/install/p1_ej3_interface:/home/sergio/ros2_ws/install/p1_ej3_cliente:/home/sergio/ros2_ws/install/p1_ej2_interface:/home/sergio/ros2_ws/install/p1_ej2_nodo5:/home/sergio/ros2_ws/install/my_package:/home/sergio/ros2_ws/install/mma_talker:/home/sergio/ros2_ws/install/mma_service:/home/sergio/ros2_ws/install/mma_listener:/home/sergio/ros2_ws/install/mma_interfaces:/home/sergio/ros2_ws/install/ejercicio_tres_server:/home/sergio/ros2_ws/install/ejercicio_tres_interface:/home/sergio/ros2_ws/install/ejercicio_tres_client:/home/sergio/ros2_ws/install/ejercicio_dos:/home/sergio/ros2_ws/install/ejemplo_uno:/home/sergio/ros2_ws/install/P1_ej1_sub:/home/sergio/ros2_ws/install/P1_ej1_pub:/opt/ros/humble CMAKE_PREFIX_PATH=${CMAKE_PREFIX_PATH}:/home/sergio/ros2_ws/install/trr_robot_ps:/home/sergio/ros2_ws/install/p1_ej3_servidor:/home/sergio/ros2_ws/install/p1_ej3_cliente:/home/sergio/ros2_ws/install/p1_ej2_nodos_sensor:/home/sergio/ros2_ws/install/p1_ej2_nodo5:/home/sergio/ros2_ws/install/p1_ej2_nodo4:/home/sergio/ros2_ws/install/my_package:/home/sergio/ros2_ws/install/mma_talker:/home/sergio/ros2_ws/install/mma_service:/home/sergio/ros2_ws/install/mma_listener:/home/sergio/ros2_ws/install/ejercicio_tres_server:/home/sergio/ros2_ws/install/ejercicio_tres_client:/home/sergio/ros2_ws/install/ejercicio_dos:/home/sergio/ros2_ws/install/ejemplo_uno:/home/sergio/ros2_ws/install/P1_ej1_sub:/home/sergio/ros2_ws/install/P1_ej1_pub:/opt/ros/humble PYTHONPATH=/home/sergio/ros2_ws/install/p1_ej2_nodos_sensor/lib/python3.10/site-packages:/home/sergio/ros2_ws/install/p1_ej2_nodo4/lib/python3.10/site-packages:/home/sergio/ros2_ws/install/trr_robot_ps/lib/python3.10/site-packages:/home/sergio/ros2_ws/install/p1_ej3_servidor/lib/python3.10/site-packages:/home/sergio/ros2_ws/install/p1_ej3_interface/local/lib/python3.10/dist-packages:/home/sergio/ros2_ws/install/p1_ej3_cliente/lib/python3.10/site-packages:/home/sergio/ros2_ws/install/p1_ej2_interface/local/lib/python3.10/dist-packages:/home/sergio/ros2_ws/install/p1_ej2_nodo5/lib/python3.10/site-packages:/home/sergio/ros2_ws/install/my_package/lib/python3.10/site-packages:/home/sergio/ros2_ws/install/mma_talker/lib/python3.10/site-packages:/home/sergio/ros2_ws/install/mma_service/lib/python3.10/site-packages:/home/sergio/ros2_ws/install/mma_listener/lib/python3.10/site-packages:/home/sergio/ros2_ws/install/mma_interfaces/local/lib/python3.10/dist-packages:/home/sergio/ros2_ws/install/ejercicio_tres_server/lib/python3.10/site-packages:/home/sergio/ros2_ws/install/ejercicio_tres_interface/local/lib/python3.10/dist-packages:/home/sergio/ros2_ws/install/ejercicio_tres_client/lib/python3.10/site-packages:/home/sergio/ros2_ws/install/ejercicio_dos/lib/python3.10/site-packages:/home/sergio/ros2_ws/install/ejemplo_uno/lib/python3.10/site-packages:/home/sergio/ros2_ws/install/P1_ej1_sub/lib/python3.10/site-packages:/home/sergio/ros2_ws/install/P1_ej1_pub/lib/python3.10/site-packages:/opt/ros/humble/lib/python3.10/site-packages:/opt/ros/humble/local/lib/python3.10/dist-packages /usr/bin/cmake --build /home/sergio/ros2_ws/build/p1_ej2_interface -- -j16 -l16
[4.230s] Invoking command in '/home/sergio/ros2_ws/build/p1_ej2_interface': AMENT_PREFIX_PATH=/home/sergio/ros2_ws/install/p1_ej2_nodos_sensor:/home/sergio/ros2_ws/install/p1_ej2_nodo4:/home/sergio/ros2_ws/install/trr_robot_ps:/home/sergio/ros2_ws/install/trr_robot:/home/sergio/ros2_ws/install/robot_trr:/home/sergio/ros2_ws/install/robot_description:/home/sergio/ros2_ws/install/p1_ej3_servidor:/home/sergio/ros2_ws/install/p1_ej3_interface:/home/sergio/ros2_ws/install/p1_ej3_cliente:/home/sergio/ros2_ws/install/p1_ej2_interface:/home/sergio/ros2_ws/install/p1_ej2_nodo5:/home/sergio/ros2_ws/install/my_package:/home/sergio/ros2_ws/install/mma_talker:/home/sergio/ros2_ws/install/mma_service:/home/sergio/ros2_ws/install/mma_listener:/home/sergio/ros2_ws/install/mma_interfaces:/home/sergio/ros2_ws/install/ejercicio_tres_server:/home/sergio/ros2_ws/install/ejercicio_tres_interface:/home/sergio/ros2_ws/install/ejercicio_tres_client:/home/sergio/ros2_ws/install/ejercicio_dos:/home/sergio/ros2_ws/install/ejemplo_uno:/home/sergio/ros2_ws/install/P1_ej1_sub:/home/sergio/ros2_ws/install/P1_ej1_pub:/opt/ros/humble CMAKE_PREFIX_PATH=${CMAKE_PREFIX_PATH}:/home/sergio/ros2_ws/install/trr_robot_ps:/home/sergio/ros2_ws/install/p1_ej3_servidor:/home/sergio/ros2_ws/install/p1_ej3_cliente:/home/sergio/ros2_ws/install/p1_ej2_nodos_sensor:/home/sergio/ros2_ws/install/p1_ej2_nodo5:/home/sergio/ros2_ws/install/p1_ej2_nodo4:/home/sergio/ros2_ws/install/my_package:/home/sergio/ros2_ws/install/mma_talker:/home/sergio/ros2_ws/install/mma_service:/home/sergio/ros2_ws/install/mma_listener:/home/sergio/ros2_ws/install/ejercicio_tres_server:/home/sergio/ros2_ws/install/ejercicio_tres_client:/home/sergio/ros2_ws/install/ejercicio_dos:/home/sergio/ros2_ws/install/ejemplo_uno:/home/sergio/ros2_ws/install/P1_ej1_sub:/home/sergio/ros2_ws/install/P1_ej1_pub:/opt/ros/humble PYTHONPATH=/home/sergio/ros2_ws/install/p1_ej2_nodos_sensor/lib/python3.10/site-packages:/home/sergio/ros2_ws/install/p1_ej2_nodo4/lib/python3.10/site-packages:/home/sergio/ros2_ws/install/trr_robot_ps/lib/python3.10/site-packages:/home/sergio/ros2_ws/install/p1_ej3_servidor/lib/python3.10/site-packages:/home/sergio/ros2_ws/install/p1_ej3_interface/local/lib/python3.10/dist-packages:/home/sergio/ros2_ws/install/p1_ej3_cliente/lib/python3.10/site-packages:/home/sergio/ros2_ws/install/p1_ej2_interface/local/lib/python3.10/dist-packages:/home/sergio/ros2_ws/install/p1_ej2_nodo5/lib/python3.10/site-packages:/home/sergio/ros2_ws/install/my_package/lib/python3.10/site-packages:/home/sergio/ros2_ws/install/mma_talker/lib/python3.10/site-packages:/home/sergio/ros2_ws/install/mma_service/lib/python3.10/site-packages:/home/sergio/ros2_ws/install/mma_listener/lib/python3.10/site-packages:/home/sergio/ros2_ws/install/mma_interfaces/local/lib/python3.10/dist-packages:/home/sergio/ros2_ws/install/ejercicio_tres_server/lib/python3.10/site-packages:/home/sergio/ros2_ws/install/ejercicio_tres_interface/local/lib/python3.10/dist-packages:/home/sergio/ros2_ws/install/ejercicio_tres_client/lib/python3.10/site-packages:/home/sergio/ros2_ws/install/ejercicio_dos/lib/python3.10/site-packages:/home/sergio/ros2_ws/install/ejemplo_uno/lib/python3.10/site-packages:/home/sergio/ros2_ws/install/P1_ej1_sub/lib/python3.10/site-packages:/home/sergio/ros2_ws/install/P1_ej1_pub/lib/python3.10/site-packages:/opt/ros/humble/lib/python3.10/site-packages:/opt/ros/humble/local/lib/python3.10/dist-packages /usr/bin/cmake --install /home/sergio/ros2_ws/build/p1_ej2_interface
[4.244s] -- Install configuration: ""
[4.244s] -- Up-to-date: /home/sergio/ros2_ws/install/p1_ej2_interface/share/ament_index/resource_index/rosidl_interfaces/p1_ej2_interface
[4.244s] -- Up-to-date: /home/sergio/ros2_ws/install/p1_ej2_interface/include/p1_ej2_interface/p1_ej2_interface
[4.244s] -- Up-to-date: /home/sergio/ros2_ws/install/p1_ej2_interface/include/p1_ej2_interface/p1_ej2_interface/msg
[4.245s] -- Up-to-date: /home/sergio/ros2_ws/install/p1_ej2_interface/include/p1_ej2_interface/p1_ej2_interface/msg/sensor.h
[4.245s] -- Up-to-date: /home/sergio/ros2_ws/install/p1_ej2_interface/include/p1_ej2_interface/p1_ej2_interface/msg/rosidl_generator_c__visibility_control.h
[4.245s] -- Up-to-date: /home/sergio/ros2_ws/install/p1_ej2_interface/include/p1_ej2_interface/p1_ej2_interface/msg/detail
[4.245s] -- Up-to-date: /home/sergio/ros2_ws/install/p1_ej2_interface/include/p1_ej2_interface/p1_ej2_interface/msg/detail/filtered_sensor__type_support.h
[4.245s] -- Up-to-date: /home/sergio/ros2_ws/install/p1_ej2_interface/include/p1_ej2_interface/p1_ej2_interface/msg/detail/filtered_sensor__functions.h
[4.245s] -- Up-to-date: /home/sergio/ros2_ws/install/p1_ej2_interface/include/p1_ej2_interface/p1_ej2_interface/msg/detail/sensor__struct.h
[4.245s] -- Up-to-date: /home/sergio/ros2_ws/install/p1_ej2_interface/include/p1_ej2_interface/p1_ej2_interface/msg/detail/filtered_sensor__struct.h
[4.245s] -- Up-to-date: /home/sergio/ros2_ws/install/p1_ej2_interface/include/p1_ej2_interface/p1_ej2_interface/msg/detail/sensor__type_support.h
[4.245s] -- Up-to-date: /home/sergio/ros2_ws/install/p1_ej2_interface/include/p1_ej2_interface/p1_ej2_interface/msg/detail/sensor__functions.h
[4.245s] -- Up-to-date: /home/sergio/ros2_ws/install/p1_ej2_interface/include/p1_ej2_interface/p1_ej2_interface/msg/detail/filtered_sensor__functions.c
[4.246s] -- Up-to-date: /home/sergio/ros2_ws/install/p1_ej2_interface/include/p1_ej2_interface/p1_ej2_interface/msg/detail/sensor__functions.c
[4.246s] -- Up-to-date: /home/sergio/ros2_ws/install/p1_ej2_interface/include/p1_ej2_interface/p1_ej2_interface/msg/filtered_sensor.h
[4.246s] -- Up-to-date: /home/sergio/ros2_ws/install/p1_ej2_interface/share/p1_ej2_interface/environment/library_path.sh
[4.246s] -- Installing: /home/sergio/ros2_ws/install/p1_ej2_interface/share/p1_ej2_interface/environment/library_path.dsv
[4.246s] -- Installing: /home/sergio/ros2_ws/install/p1_ej2_interface/lib/libp1_ej2_interface__rosidl_generator_c.so
[4.246s] -- Set runtime path of "/home/sergio/ros2_ws/install/p1_ej2_interface/lib/libp1_ej2_interface__rosidl_generator_c.so" to ""
[4.246s] -- Up-to-date: /home/sergio/ros2_ws/install/p1_ej2_interface/include/p1_ej2_interface/p1_ej2_interface
[4.247s] -- Up-to-date: /home/sergio/ros2_ws/install/p1_ej2_interface/include/p1_ej2_interface/p1_ej2_interface/msg
[4.247s] -- Up-to-date: /home/sergio/ros2_ws/install/p1_ej2_interface/include/p1_ej2_interface/p1_ej2_interface/msg/detail
[4.248s] -- Up-to-date: /home/sergio/ros2_ws/install/p1_ej2_interface/include/p1_ej2_interface/p1_ej2_interface/msg/detail/sensor__rosidl_typesupport_fastrtps_c.h
[4.248s] -- Up-to-date: /home/sergio/ros2_ws/install/p1_ej2_interface/include/p1_ej2_interface/p1_ej2_interface/msg/detail/filtered_sensor__rosidl_typesupport_fastrtps_c.h
[4.248s] -- Up-to-date: /home/sergio/ros2_ws/install/p1_ej2_interface/include/p1_ej2_interface/p1_ej2_interface/msg/rosidl_typesupport_fastrtps_c__visibility_control.h
[4.248s] -- Installing: /home/sergio/ros2_ws/install/p1_ej2_interface/lib/libp1_ej2_interface__rosidl_typesupport_fastrtps_c.so
[4.248s] -- Set runtime path of "/home/sergio/ros2_ws/install/p1_ej2_interface/lib/libp1_ej2_interface__rosidl_typesupport_fastrtps_c.so" to ""
[4.249s] -- Up-to-date: /home/sergio/ros2_ws/install/p1_ej2_interface/include/p1_ej2_interface/p1_ej2_interface
[4.249s] -- Up-to-date: /home/sergio/ros2_ws/install/p1_ej2_interface/include/p1_ej2_interface/p1_ej2_interface/msg
[4.249s] -- Up-to-date: /home/sergio/ros2_ws/install/p1_ej2_interface/include/p1_ej2_interface/p1_ej2_interface/msg/rosidl_typesupport_introspection_c__visibility_control.h
[4.250s] -- Up-to-date: /home/sergio/ros2_ws/install/p1_ej2_interface/include/p1_ej2_interface/p1_ej2_interface/msg/detail
[4.250s] -- Up-to-date: /home/sergio/ros2_ws/install/p1_ej2_interface/include/p1_ej2_interface/p1_ej2_interface/msg/detail/sensor__type_support.c
[4.250s] -- Up-to-date: /home/sergio/ros2_ws/install/p1_ej2_interface/include/p1_ej2_interface/p1_ej2_interface/msg/detail/filtered_sensor__rosidl_typesupport_introspection_c.h
[4.250s] -- Up-to-date: /home/sergio/ros2_ws/install/p1_ej2_interface/include/p1_ej2_interface/p1_ej2_interface/msg/detail/filtered_sensor__type_support.c
[4.251s] -- Up-to-date: /home/sergio/ros2_ws/install/p1_ej2_interface/include/p1_ej2_interface/p1_ej2_interface/msg/detail/sensor__rosidl_typesupport_introspection_c.h
[4.251s] -- Installing: /home/sergio/ros2_ws/install/p1_ej2_interface/lib/libp1_ej2_interface__rosidl_typesupport_introspection_c.so
[4.251s] -- Set runtime path of "/home/sergio/ros2_ws/install/p1_ej2_interface/lib/libp1_ej2_interface__rosidl_typesupport_introspection_c.so" to ""
[4.251s] -- Installing: /home/sergio/ros2_ws/install/p1_ej2_interface/lib/libp1_ej2_interface__rosidl_typesupport_c.so
[4.251s] -- Set runtime path of "/home/sergio/ros2_ws/install/p1_ej2_interface/lib/libp1_ej2_interface__rosidl_typesupport_c.so" to ""
[4.251s] -- Up-to-date: /home/sergio/ros2_ws/install/p1_ej2_interface/include/p1_ej2_interface/p1_ej2_interface
[4.252s] -- Up-to-date: /home/sergio/ros2_ws/install/p1_ej2_interface/include/p1_ej2_interface/p1_ej2_interface/msg
[4.252s] -- Up-to-date: /home/sergio/ros2_ws/install/p1_ej2_interface/include/p1_ej2_interface/p1_ej2_interface/msg/rosidl_generator_cpp__visibility_control.hpp
[4.252s] -- Up-to-date: /home/sergio/ros2_ws/install/p1_ej2_interface/include/p1_ej2_interface/p1_ej2_interface/msg/filtered_sensor.hpp
[4.252s] -- Up-to-date: /home/sergio/ros2_ws/install/p1_ej2_interface/include/p1_ej2_interface/p1_ej2_interface/msg/detail
[4.252s] -- Up-to-date: /home/sergio/ros2_ws/install/p1_ej2_interface/include/p1_ej2_interface/p1_ej2_interface/msg/detail/filtered_sensor__traits.hpp
[4.252s] -- Up-to-date: /home/sergio/ros2_ws/install/p1_ej2_interface/include/p1_ej2_interface/p1_ej2_interface/msg/detail/filtered_sensor__builder.hpp
[4.252s] -- Up-to-date: /home/sergio/ros2_ws/install/p1_ej2_interface/include/p1_ej2_interface/p1_ej2_interface/msg/detail/filtered_sensor__type_support.hpp
[4.252s] -- Up-to-date: /home/sergio/ros2_ws/install/p1_ej2_interface/include/p1_ej2_interface/p1_ej2_interface/msg/detail/sensor__struct.hpp
[4.253s] -- Up-to-date: /home/sergio/ros2_ws/install/p1_ej2_interface/include/p1_ej2_interface/p1_ej2_interface/msg/detail/sensor__traits.hpp
[4.253s] -- Up-to-date: /home/sergio/ros2_ws/install/p1_ej2_interface/include/p1_ej2_interface/p1_ej2_interface/msg/detail/sensor__builder.hpp
[4.253s] -- Up-to-date: /home/sergio/ros2_ws/install/p1_ej2_interface/include/p1_ej2_interface/p1_ej2_interface/msg/detail/sensor__type_support.hpp
[4.253s] -- Up-to-date: /home/sergio/ros2_ws/install/p1_ej2_interface/include/p1_ej2_interface/p1_ej2_interface/msg/detail/filtered_sensor__struct.hpp
[4.253s] -- Up-to-date: /home/sergio/ros2_ws/install/p1_ej2_interface/include/p1_ej2_interface/p1_ej2_interface/msg/sensor.hpp
[4.253s] -- Up-to-date: /home/sergio/ros2_ws/install/p1_ej2_interface/include/p1_ej2_interface/p1_ej2_interface
[4.254s] -- Up-to-date: /home/sergio/ros2_ws/install/p1_ej2_interface/include/p1_ej2_interface/p1_ej2_interface/msg
[4.254s] -- Up-to-date: /home/sergio/ros2_ws/install/p1_ej2_interface/include/p1_ej2_interface/p1_ej2_interface/msg/detail
[4.254s] -- Up-to-date: /home/sergio/ros2_ws/install/p1_ej2_interface/include/p1_ej2_interface/p1_ej2_interface/msg/detail/dds_fastrtps
[4.254s] -- Up-to-date: /home/sergio/ros2_ws/install/p1_ej2_interface/include/p1_ej2_interface/p1_ej2_interface/msg/detail/sensor__rosidl_typesupport_fastrtps_cpp.hpp
[4.254s] -- Up-to-date: /home/sergio/ros2_ws/install/p1_ej2_interface/include/p1_ej2_interface/p1_ej2_interface/msg/detail/filtered_sensor__rosidl_typesupport_fastrtps_cpp.hpp
[4.255s] -- Up-to-date: /home/sergio/ros2_ws/install/p1_ej2_interface/include/p1_ej2_interface/p1_ej2_interface/msg/rosidl_typesupport_fastrtps_cpp__visibility_control.h
[4.255s] -- Installing: /home/sergio/ros2_ws/install/p1_ej2_interface/lib/libp1_ej2_interface__rosidl_typesupport_fastrtps_cpp.so
[4.255s] -- Set runtime path of "/home/sergio/ros2_ws/install/p1_ej2_interface/lib/libp1_ej2_interface__rosidl_typesupport_fastrtps_cpp.so" to ""
[4.255s] -- Up-to-date: /home/sergio/ros2_ws/install/p1_ej2_interface/include/p1_ej2_interface/p1_ej2_interface
[4.255s] -- Up-to-date: /home/sergio/ros2_ws/install/p1_ej2_interface/include/p1_ej2_interface/p1_ej2_interface/msg
[4.255s] -- Up-to-date: /home/sergio/ros2_ws/install/p1_ej2_interface/include/p1_ej2_interface/p1_ej2_interface/msg/detail
[4.255s] -- Up-to-date: /home/sergio/ros2_ws/install/p1_ej2_interface/include/p1_ej2_interface/p1_ej2_interface/msg/detail/sensor__rosidl_typesupport_introspection_cpp.hpp
[4.256s] -- Up-to-date: /home/sergio/ros2_ws/install/p1_ej2_interface/include/p1_ej2_interface/p1_ej2_interface/msg/detail/sensor__type_support.cpp
[4.256s] -- Up-to-date: /home/sergio/ros2_ws/install/p1_ej2_interface/include/p1_ej2_interface/p1_ej2_interface/msg/detail/filtered_sensor__rosidl_typesupport_introspection_cpp.hpp
[4.256s] -- Up-to-date: /home/sergio/ros2_ws/install/p1_ej2_interface/include/p1_ej2_interface/p1_ej2_interface/msg/detail/filtered_sensor__type_support.cpp
[4.256s] -- Installing: /home/sergio/ros2_ws/install/p1_ej2_interface/lib/libp1_ej2_interface__rosidl_typesupport_introspection_cpp.so
[4.256s] -- Set runtime path of "/home/sergio/ros2_ws/install/p1_ej2_interface/lib/libp1_ej2_interface__rosidl_typesupport_introspection_cpp.so" to ""
[4.256s] -- Installing: /home/sergio/ros2_ws/install/p1_ej2_interface/lib/libp1_ej2_interface__rosidl_typesupport_cpp.so
[4.256s] -- Set runtime path of "/home/sergio/ros2_ws/install/p1_ej2_interface/lib/libp1_ej2_interface__rosidl_typesupport_cpp.so" to ""
[4.256s] -- Up-to-date: /home/sergio/ros2_ws/install/p1_ej2_interface/share/p1_ej2_interface/environment/pythonpath.sh
[4.256s] -- Installing: /home/sergio/ros2_ws/install/p1_ej2_interface/share/p1_ej2_interface/environment/pythonpath.dsv
[4.257s] -- Up-to-date: /home/sergio/ros2_ws/install/p1_ej2_interface/local/lib/python3.10/dist-packages/p1_ej2_interface-0.0.0-py3.10.egg-info
[4.257s] -- Installing: /home/sergio/ros2_ws/install/p1_ej2_interface/local/lib/python3.10/dist-packages/p1_ej2_interface-0.0.0-py3.10.egg-info/PKG-INFO
[4.257s] -- Installing: /home/sergio/ros2_ws/install/p1_ej2_interface/local/lib/python3.10/dist-packages/p1_ej2_interface-0.0.0-py3.10.egg-info/SOURCES.txt
[4.257s] -- Installing: /home/sergio/ros2_ws/install/p1_ej2_interface/local/lib/python3.10/dist-packages/p1_ej2_interface-0.0.0-py3.10.egg-info/top_level.txt
[4.257s] -- Installing: /home/sergio/ros2_ws/install/p1_ej2_interface/local/lib/python3.10/dist-packages/p1_ej2_interface-0.0.0-py3.10.egg-info/dependency_links.txt
[4.257s] -- Up-to-date: /home/sergio/ros2_ws/install/p1_ej2_interface/local/lib/python3.10/dist-packages/p1_ej2_interface
[4.257s] -- Up-to-date: /home/sergio/ros2_ws/install/p1_ej2_interface/local/lib/python3.10/dist-packages/p1_ej2_interface/msg
[4.257s] -- Up-to-date: /home/sergio/ros2_ws/install/p1_ej2_interface/local/lib/python3.10/dist-packages/p1_ej2_interface/msg/__init__.py
[4.257s] -- Up-to-date: /home/sergio/ros2_ws/install/p1_ej2_interface/local/lib/python3.10/dist-packages/p1_ej2_interface/msg/_filtered_sensor_s.c
[4.258s] -- Up-to-date: /home/sergio/ros2_ws/install/p1_ej2_interface/local/lib/python3.10/dist-packages/p1_ej2_interface/msg/_filtered_sensor.py
[4.258s] -- Up-to-date: /home/sergio/ros2_ws/install/p1_ej2_interface/local/lib/python3.10/dist-packages/p1_ej2_interface/msg/_sensor.py
[4.258s] -- Up-to-date: /home/sergio/ros2_ws/install/p1_ej2_interface/local/lib/python3.10/dist-packages/p1_ej2_interface/msg/_sensor_s.c
[4.258s] -- Installing: /home/sergio/ros2_ws/install/p1_ej2_interface/local/lib/python3.10/dist-packages/p1_ej2_interface/__init__.py
[4.258s] -- Installing: /home/sergio/ros2_ws/install/p1_ej2_interface/local/lib/python3.10/dist-packages/p1_ej2_interface/libp1_ej2_interface__rosidl_generator_py.so
[4.258s] -- Installing: /home/sergio/ros2_ws/install/p1_ej2_interface/local/lib/python3.10/dist-packages/p1_ej2_interface/p1_ej2_interface_s__rosidl_typesupport_c.cpython-310-x86_64-linux-gnu.so
[4.258s] -- Up-to-date: /home/sergio/ros2_ws/install/p1_ej2_interface/local/lib/python3.10/dist-packages/p1_ej2_interface/_p1_ej2_interface_s.ep.rosidl_typesupport_fastrtps_c.c
[4.258s] -- Up-to-date: /home/sergio/ros2_ws/install/p1_ej2_interface/local/lib/python3.10/dist-packages/p1_ej2_interface/_p1_ej2_interface_s.ep.rosidl_typesupport_introspection_c.c
[4.258s] -- Installing: /home/sergio/ros2_ws/install/p1_ej2_interface/local/lib/python3.10/dist-packages/p1_ej2_interface/p1_ej2_interface_s__rosidl_typesupport_fastrtps_c.cpython-310-x86_64-linux-gnu.so
[4.259s] -- Up-to-date: /home/sergio/ros2_ws/install/p1_ej2_interface/local/lib/python3.10/dist-packages/p1_ej2_interface/_p1_ej2_interface_s.ep.rosidl_typesupport_c.c
[4.259s] -- Installing: /home/sergio/ros2_ws/install/p1_ej2_interface/local/lib/python3.10/dist-packages/p1_ej2_interface/p1_ej2_interface_s__rosidl_typesupport_introspection_c.cpython-310-x86_64-linux-gnu.so
[4.331s] Listing '/home/sergio/ros2_ws/install/p1_ej2_interface/local/lib/python3.10/dist-packages/p1_ej2_interface'...
[4.331s] Compiling '/home/sergio/ros2_ws/install/p1_ej2_interface/local/lib/python3.10/dist-packages/p1_ej2_interface/__init__.py'...
[4.331s] Listing '/home/sergio/ros2_ws/install/p1_ej2_interface/local/lib/python3.10/dist-packages/p1_ej2_interface/msg'...
[4.338s] -- Installing: /home/sergio/ros2_ws/install/p1_ej2_interface/local/lib/python3.10/dist-packages/p1_ej2_interface/p1_ej2_interface_s__rosidl_typesupport_fastrtps_c.cpython-310-x86_64-linux-gnu.so
[4.339s] -- Set runtime path of "/home/sergio/ros2_ws/install/p1_ej2_interface/local/lib/python3.10/dist-packages/p1_ej2_interface/p1_ej2_interface_s__rosidl_typesupport_fastrtps_c.cpython-310-x86_64-linux-gnu.so" to ""
[4.339s] -- Installing: /home/sergio/ros2_ws/install/p1_ej2_interface/local/lib/python3.10/dist-packages/p1_ej2_interface/p1_ej2_interface_s__rosidl_typesupport_introspection_c.cpython-310-x86_64-linux-gnu.so
[4.340s] -- Set runtime path of "/home/sergio/ros2_ws/install/p1_ej2_interface/local/lib/python3.10/dist-packages/p1_ej2_interface/p1_ej2_interface_s__rosidl_typesupport_introspection_c.cpython-310-x86_64-linux-gnu.so" to ""
[4.340s] -- Installing: /home/sergio/ros2_ws/install/p1_ej2_interface/local/lib/python3.10/dist-packages/p1_ej2_interface/p1_ej2_interface_s__rosidl_typesupport_c.cpython-310-x86_64-linux-gnu.so
[4.340s] -- Set runtime path of "/home/sergio/ros2_ws/install/p1_ej2_interface/local/lib/python3.10/dist-packages/p1_ej2_interface/p1_ej2_interface_s__rosidl_typesupport_c.cpython-310-x86_64-linux-gnu.so" to ""
[4.341s] -- Installing: /home/sergio/ros2_ws/install/p1_ej2_interface/lib/libp1_ej2_interface__rosidl_generator_py.so
[4.341s] -- Set runtime path of "/home/sergio/ros2_ws/install/p1_ej2_interface/lib/libp1_ej2_interface__rosidl_generator_py.so" to ""
[4.342s] -- Up-to-date: /home/sergio/ros2_ws/install/p1_ej2_interface/share/p1_ej2_interface/msg/Sensor.idl
[4.342s] -- Up-to-date: /home/sergio/ros2_ws/install/p1_ej2_interface/share/p1_ej2_interface/msg/FilteredSensor.idl
[4.342s] -- Up-to-date: /home/sergio/ros2_ws/install/p1_ej2_interface/share/p1_ej2_interface/msg/Sensor.msg
[4.342s] -- Up-to-date: /home/sergio/ros2_ws/install/p1_ej2_interface/share/p1_ej2_interface/msg/FilteredSensor.msg
[4.342s] -- Up-to-date: /home/sergio/ros2_ws/install/p1_ej2_interface/share/p1_ej2_interface/launch
[4.342s] -- Up-to-date: /home/sergio/ros2_ws/install/p1_ej2_interface/share/p1_ej2_interface/launch/mi_launch.launch.py
[4.342s] -- Up-to-date: /home/sergio/ros2_ws/install/p1_ej2_interface/share/p1_ej2_interface/launch/__pycache__
[4.342s] -- Up-to-date: /home/sergio/ros2_ws/install/p1_ej2_interface/share/p1_ej2_interface/launch/__pycache__/mi_launch.cpython-310.pyc
[4.342s] -- Up-to-date: /home/sergio/ros2_ws/install/p1_ej2_interface/share/p1_ej2_interface/launch/launch2.py
[4.342s] -- Up-to-date: /home/sergio/ros2_ws/install/p1_ej2_interface/share/ament_index/resource_index/package_run_dependencies/p1_ej2_interface
[4.342s] -- Installing: /home/sergio/ros2_ws/install/p1_ej2_interface/share/ament_index/resource_index/parent_prefix_path/p1_ej2_interface
[4.342s] -- Up-to-date: /home/sergio/ros2_ws/install/p1_ej2_interface/share/p1_ej2_interface/environment/ament_prefix_path.sh
[4.342s] -- Installing: /home/sergio/ros2_ws/install/p1_ej2_interface/share/p1_ej2_interface/environment/ament_prefix_path.dsv
[4.343s] -- Up-to-date: /home/sergio/ros2_ws/install/p1_ej2_interface/share/p1_ej2_interface/environment/path.sh
[4.343s] -- Installing: /home/sergio/ros2_ws/install/p1_ej2_interface/share/p1_ej2_interface/environment/path.dsv
[4.343s] -- Up-to-date: /home/sergio/ros2_ws/install/p1_ej2_interface/share/p1_ej2_interface/local_setup.bash
[4.343s] -- Up-to-date: /home/sergio/ros2_ws/install/p1_ej2_interface/share/p1_ej2_interface/local_setup.sh
[4.343s] -- Up-to-date: /home/sergio/ros2_ws/install/p1_ej2_interface/share/p1_ej2_interface/local_setup.zsh
[4.343s] -- Installing: /home/sergio/ros2_ws/install/p1_ej2_interface/share/p1_ej2_interface/local_setup.dsv
[4.344s] -- Installing: /home/sergio/ros2_ws/install/p1_ej2_interface/share/p1_ej2_interface/package.dsv
[4.344s] -- Up-to-date: /home/sergio/ros2_ws/install/p1_ej2_interface/share/ament_index/resource_index/packages/p1_ej2_interface
[4.344s] -- Up-to-date: /home/sergio/ros2_ws/install/p1_ej2_interface/share/p1_ej2_interface/cmake/export_p1_ej2_interface__rosidl_generator_cExport.cmake
[4.344s] -- Up-to-date: /home/sergio/ros2_ws/install/p1_ej2_interface/share/p1_ej2_interface/cmake/export_p1_ej2_interface__rosidl_generator_cExport-noconfig.cmake
[4.346s] -- Up-to-date: /home/sergio/ros2_ws/install/p1_ej2_interface/share/p1_ej2_interface/cmake/export_p1_ej2_interface__rosidl_typesupport_fastrtps_cExport.cmake
[4.346s] -- Up-to-date: /home/sergio/ros2_ws/install/p1_ej2_interface/share/p1_ej2_interface/cmake/export_p1_ej2_interface__rosidl_typesupport_fastrtps_cExport-noconfig.cmake
[4.346s] -- Up-to-date: /home/sergio/ros2_ws/install/p1_ej2_interface/share/p1_ej2_interface/cmake/p1_ej2_interface__rosidl_typesupport_introspection_cExport.cmake
[4.346s] -- Up-to-date: /home/sergio/ros2_ws/install/p1_ej2_interface/share/p1_ej2_interface/cmake/p1_ej2_interface__rosidl_typesupport_introspection_cExport-noconfig.cmake
[4.346s] -- Up-to-date: /home/sergio/ros2_ws/install/p1_ej2_interface/share/p1_ej2_interface/cmake/p1_ej2_interface__rosidl_typesupport_cExport.cmake
[4.347s] -- Up-to-date: /home/sergio/ros2_ws/install/p1_ej2_interface/share/p1_ej2_interface/cmake/p1_ej2_interface__rosidl_typesupport_cExport-noconfig.cmake
[4.347s] -- Up-to-date: /home/sergio/ros2_ws/install/p1_ej2_interface/share/p1_ej2_interface/cmake/export_p1_ej2_interface__rosidl_generator_cppExport.cmake
[4.347s] -- Up-to-date: /home/sergio/ros2_ws/install/p1_ej2_interface/share/p1_ej2_interface/cmake/export_p1_ej2_interface__rosidl_typesupport_fastrtps_cppExport.cmake
[4.347s] -- Up-to-date: /home/sergio/ros2_ws/install/p1_ej2_interface/share/p1_ej2_interface/cmake/export_p1_ej2_interface__rosidl_typesupport_fastrtps_cppExport-noconfig.cmake
[4.347s] -- Up-to-date: /home/sergio/ros2_ws/install/p1_ej2_interface/share/p1_ej2_interface/cmake/p1_ej2_interface__rosidl_typesupport_introspection_cppExport.cmake
[4.347s] -- Up-to-date: /home/sergio/ros2_ws/install/p1_ej2_interface/share/p1_ej2_interface/cmake/p1_ej2_interface__rosidl_typesupport_introspection_cppExport-noconfig.cmake
[4.347s] -- Up-to-date: /home/sergio/ros2_ws/install/p1_ej2_interface/share/p1_ej2_interface/cmake/p1_ej2_interface__rosidl_typesupport_cppExport.cmake
[4.347s] -- Up-to-date: /home/sergio/ros2_ws/install/p1_ej2_interface/share/p1_ej2_interface/cmake/p1_ej2_interface__rosidl_typesupport_cppExport-noconfig.cmake
[4.348s] -- Up-to-date: /home/sergio/ros2_ws/install/p1_ej2_interface/share/p1_ej2_interface/cmake/export_p1_ej2_interface__rosidl_generator_pyExport.cmake
[4.348s] -- Up-to-date: /home/sergio/ros2_ws/install/p1_ej2_interface/share/p1_ej2_interface/cmake/export_p1_ej2_interface__rosidl_generator_pyExport-noconfig.cmake
[4.348s] -- Up-to-date: /home/sergio/ros2_ws/install/p1_ej2_interface/share/p1_ej2_interface/cmake/rosidl_cmake-extras.cmake
[4.348s] -- Up-to-date: /home/sergio/ros2_ws/install/p1_ej2_interface/share/p1_ej2_interface/cmake/ament_cmake_export_include_directories-extras.cmake
[4.348s] -- Up-to-date: /home/sergio/ros2_ws/install/p1_ej2_interface/share/p1_ej2_interface/cmake/ament_cmake_export_libraries-extras.cmake
[4.348s] -- Up-to-date: /home/sergio/ros2_ws/install/p1_ej2_interface/share/p1_ej2_interface/cmake/ament_cmake_export_targets-extras.cmake
[4.348s] -- Up-to-date: /home/sergio/ros2_ws/install/p1_ej2_interface/share/p1_ej2_interface/cmake/rosidl_cmake_export_typesupport_targets-extras.cmake
[4.348s] -- Up-to-date: /home/sergio/ros2_ws/install/p1_ej2_interface/share/p1_ej2_interface/cmake/ament_cmake_export_dependencies-extras.cmake
[4.348s] -- Up-to-date: /home/sergio/ros2_ws/install/p1_ej2_interface/share/p1_ej2_interface/cmake/rosidl_cmake_export_typesupport_libraries-extras.cmake
[4.349s] -- Up-to-date: /home/sergio/ros2_ws/install/p1_ej2_interface/share/p1_ej2_interface/cmake/p1_ej2_interfaceConfig.cmake
[4.349s] -- Up-to-date: /home/sergio/ros2_ws/install/p1_ej2_interface/share/p1_ej2_interface/cmake/p1_ej2_interfaceConfig-version.cmake
[4.349s] -- Up-to-date: /home/sergio/ros2_ws/install/p1_ej2_interface/share/p1_ej2_interface/package.xml
[4.351s] Invoked command in '/home/sergio/ros2_ws/build/p1_ej2_interface' returned '0': AMENT_PREFIX_PATH=/home/sergio/ros2_ws/install/p1_ej2_nodos_sensor:/home/sergio/ros2_ws/install/p1_ej2_nodo4:/home/sergio/ros2_ws/install/trr_robot_ps:/home/sergio/ros2_ws/install/trr_robot:/home/sergio/ros2_ws/install/robot_trr:/home/sergio/ros2_ws/install/robot_description:/home/sergio/ros2_ws/install/p1_ej3_servidor:/home/sergio/ros2_ws/install/p1_ej3_interface:/home/sergio/ros2_ws/install/p1_ej3_cliente:/home/sergio/ros2_ws/install/p1_ej2_interface:/home/sergio/ros2_ws/install/p1_ej2_nodo5:/home/sergio/ros2_ws/install/my_package:/home/sergio/ros2_ws/install/mma_talker:/home/sergio/ros2_ws/install/mma_service:/home/sergio/ros2_ws/install/mma_listener:/home/sergio/ros2_ws/install/mma_interfaces:/home/sergio/ros2_ws/install/ejercicio_tres_server:/home/sergio/ros2_ws/install/ejercicio_tres_interface:/home/sergio/ros2_ws/install/ejercicio_tres_client:/home/sergio/ros2_ws/install/ejercicio_dos:/home/sergio/ros2_ws/install/ejemplo_uno:/home/sergio/ros2_ws/install/P1_ej1_sub:/home/sergio/ros2_ws/install/P1_ej1_pub:/opt/ros/humble CMAKE_PREFIX_PATH=${CMAKE_PREFIX_PATH}:/home/sergio/ros2_ws/install/trr_robot_ps:/home/sergio/ros2_ws/install/p1_ej3_servidor:/home/sergio/ros2_ws/install/p1_ej3_cliente:/home/sergio/ros2_ws/install/p1_ej2_nodos_sensor:/home/sergio/ros2_ws/install/p1_ej2_nodo5:/home/sergio/ros2_ws/install/p1_ej2_nodo4:/home/sergio/ros2_ws/install/my_package:/home/sergio/ros2_ws/install/mma_talker:/home/sergio/ros2_ws/install/mma_service:/home/sergio/ros2_ws/install/mma_listener:/home/sergio/ros2_ws/install/ejercicio_tres_server:/home/sergio/ros2_ws/install/ejercicio_tres_client:/home/sergio/ros2_ws/install/ejercicio_dos:/home/sergio/ros2_ws/install/ejemplo_uno:/home/sergio/ros2_ws/install/P1_ej1_sub:/home/sergio/ros2_ws/install/P1_ej1_pub:/opt/ros/humble PYTHONPATH=/home/sergio/ros2_ws/install/p1_ej2_nodos_sensor/lib/python3.10/site-packages:/home/sergio/ros2_ws/install/p1_ej2_nodo4/lib/python3.10/site-packages:/home/sergio/ros2_ws/install/trr_robot_ps/lib/python3.10/site-packages:/home/sergio/ros2_ws/install/p1_ej3_servidor/lib/python3.10/site-packages:/home/sergio/ros2_ws/install/p1_ej3_interface/local/lib/python3.10/dist-packages:/home/sergio/ros2_ws/install/p1_ej3_cliente/lib/python3.10/site-packages:/home/sergio/ros2_ws/install/p1_ej2_interface/local/lib/python3.10/dist-packages:/home/sergio/ros2_ws/install/p1_ej2_nodo5/lib/python3.10/site-packages:/home/sergio/ros2_ws/install/my_package/lib/python3.10/site-packages:/home/sergio/ros2_ws/install/mma_talker/lib/python3.10/site-packages:/home/sergio/ros2_ws/install/mma_service/lib/python3.10/site-packages:/home/sergio/ros2_ws/install/mma_listener/lib/python3.10/site-packages:/home/sergio/ros2_ws/install/mma_interfaces/local/lib/python3.10/dist-packages:/home/sergio/ros2_ws/install/ejercicio_tres_server/lib/python3.10/site-packages:/home/sergio/ros2_ws/install/ejercicio_tres_interface/local/lib/python3.10/dist-packages:/home/sergio/ros2_ws/install/ejercicio_tres_client/lib/python3.10/site-packages:/home/sergio/ros2_ws/install/ejercicio_dos/lib/python3.10/site-packages:/home/sergio/ros2_ws/install/ejemplo_uno/lib/python3.10/site-packages:/home/sergio/ros2_ws/install/P1_ej1_sub/lib/python3.10/site-packages:/home/sergio/ros2_ws/install/P1_ej1_pub/lib/python3.10/site-packages:/opt/ros/humble/lib/python3.10/site-packages:/opt/ros/humble/local/lib/python3.10/dist-packages /usr/bin/cmake --install /home/sergio/ros2_ws/build/p1_ej2_interface
