[4.010s] Invoking command in '/home/sergio/ros2_ws/src/P1_ej1_sub': PYTHONPATH=/home/sergio/ros2_ws/build/P1_ej1_sub/prefix_override:/usr/lib/python3/dist-packages/colcon_core/task/python/colcon_distutils_commands:/home/sergio/ros2_ws/install/P1_ej1_sub/lib/python3.10/site-packages:${PYTHONPATH} /usr/bin/python3 -W ignore:setup.py install is deprecated -W ignore:easy_install command is deprecated setup.py egg_info --egg-base ../../build/P1_ej1_sub build --build-base /home/sergio/ros2_ws/build/P1_ej1_sub/build install --record /home/sergio/ros2_ws/build/P1_ej1_sub/install.log --single-version-externally-managed install_data
[4.657s] running egg_info
[4.659s] writing ../../build/P1_ej1_sub/P1_ej1_sub.egg-info/PKG-INFO
[4.659s] writing dependency_links to ../../build/P1_ej1_sub/P1_ej1_sub.egg-info/dependency_links.txt
[4.660s] writing entry points to ../../build/P1_ej1_sub/P1_ej1_sub.egg-info/entry_points.txt
[4.661s] writing requirements to ../../build/P1_ej1_sub/P1_ej1_sub.egg-info/requires.txt
[4.666s] writing top-level names to ../../build/P1_ej1_sub/P1_ej1_sub.egg-info/top_level.txt
[4.668s] reading manifest file '../../build/P1_ej1_sub/P1_ej1_sub.egg-info/SOURCES.txt'
[4.674s] writing manifest file '../../build/P1_ej1_sub/P1_ej1_sub.egg-info/SOURCES.txt'
[4.675s] running build
[4.676s] running build_py
[4.676s] running install
[4.676s] running install_lib
[4.678s] running install_data
[4.678s] running install_egg_info
[4.686s] removing '/home/sergio/ros2_ws/install/P1_ej1_sub/lib/python3.10/site-packages/P1_ej1_sub-0.0.0-py3.10.egg-info' (and everything under it)
[4.688s] Copying ../../build/P1_ej1_sub/P1_ej1_sub.egg-info to /home/sergio/ros2_ws/install/P1_ej1_sub/lib/python3.10/site-packages/P1_ej1_sub-0.0.0-py3.10.egg-info
[4.713s] running install_scripts
[4.759s] Installing suscriptor script to /home/sergio/ros2_ws/install/P1_ej1_sub/lib/P1_ej1_sub
[4.763s] writing list of installed files to '/home/sergio/ros2_ws/build/P1_ej1_sub/install.log'
[4.856s] Invoked command in '/home/sergio/ros2_ws/src/P1_ej1_sub' returned '0': PYTHONPATH=/home/sergio/ros2_ws/build/P1_ej1_sub/prefix_override:/usr/lib/python3/dist-packages/colcon_core/task/python/colcon_distutils_commands:/home/sergio/ros2_ws/install/P1_ej1_sub/lib/python3.10/site-packages:${PYTHONPATH} /usr/bin/python3 -W ignore:setup.py install is deprecated -W ignore:easy_install command is deprecated setup.py egg_info --egg-base ../../build/P1_ej1_sub build --build-base /home/sergio/ros2_ws/build/P1_ej1_sub/build install --record /home/sergio/ros2_ws/build/P1_ej1_sub/install.log --single-version-externally-managed install_data
