[2.133s] Invoking command in '/home/sergio/ros2_ws/src/robot_autonomo': PYTHONPATH=/home/sergio/ros2_ws/build/robot_autonomo/prefix_override:/usr/lib/python3/dist-packages/colcon_core/task/python/colcon_distutils_commands:/home/sergio/ros2_ws/install/robot_autonomo/lib/python3.10/site-packages:${PYTHONPATH} /usr/bin/python3 -W ignore:setup.py install is deprecated -W ignore:easy_install command is deprecated setup.py egg_info --egg-base ../../build/robot_autonomo build --build-base /home/sergio/ros2_ws/build/robot_autonomo/build install --record /home/sergio/ros2_ws/build/robot_autonomo/install.log --single-version-externally-managed install_data
[2.417s] running egg_info
[2.417s] writing ../../build/robot_autonomo/robot_autonomo.egg-info/PKG-INFO
[2.418s] writing dependency_links to ../../build/robot_autonomo/robot_autonomo.egg-info/dependency_links.txt
[2.418s] writing entry points to ../../build/robot_autonomo/robot_autonomo.egg-info/entry_points.txt
[2.418s] writing requirements to ../../build/robot_autonomo/robot_autonomo.egg-info/requires.txt
[2.418s] writing top-level names to ../../build/robot_autonomo/robot_autonomo.egg-info/top_level.txt
[2.420s] reading manifest file '../../build/robot_autonomo/robot_autonomo.egg-info/SOURCES.txt'
[2.421s] writing manifest file '../../build/robot_autonomo/robot_autonomo.egg-info/SOURCES.txt'
[2.421s] running build
[2.421s] running build_py
[2.421s] running install
[2.421s] running install_lib
[2.423s] running install_data
[2.423s] running install_egg_info
[2.425s] removing '/home/sergio/ros2_ws/install/robot_autonomo/lib/python3.10/site-packages/robot_autonomo-0.0.0-py3.10.egg-info' (and everything under it)
[2.425s] Copying ../../build/robot_autonomo/robot_autonomo.egg-info to /home/sergio/ros2_ws/install/robot_autonomo/lib/python3.10/site-packages/robot_autonomo-0.0.0-py3.10.egg-info
[2.426s] running install_scripts
[2.447s] Installing evita_obstaculos script to /home/sergio/ros2_ws/install/robot_autonomo/lib/robot_autonomo
[2.447s] Installing evita_obstaculos2 script to /home/sergio/ros2_ws/install/robot_autonomo/lib/robot_autonomo
[2.448s] writing list of installed files to '/home/sergio/ros2_ws/build/robot_autonomo/install.log'
[2.468s] Invoked command in '/home/sergio/ros2_ws/src/robot_autonomo' returned '0': PYTHONPATH=/home/sergio/ros2_ws/build/robot_autonomo/prefix_override:/usr/lib/python3/dist-packages/colcon_core/task/python/colcon_distutils_commands:/home/sergio/ros2_ws/install/robot_autonomo/lib/python3.10/site-packages:${PYTHONPATH} /usr/bin/python3 -W ignore:setup.py install is deprecated -W ignore:easy_install command is deprecated setup.py egg_info --egg-base ../../build/robot_autonomo build --build-base /home/sergio/ros2_ws/build/robot_autonomo/build install --record /home/sergio/ros2_ws/build/robot_autonomo/install.log --single-version-externally-managed install_data
