[4.043s] Invoking command in '/home/sergio/ros2_ws/src/ejercicio_tres_client': PYTHONPATH=/home/sergio/ros2_ws/build/ejercicio_tres_client/prefix_override:/usr/lib/python3/dist-packages/colcon_core/task/python/colcon_distutils_commands:/home/sergio/ros2_ws/install/ejercicio_tres_client/lib/python3.10/site-packages:${PYTHONPATH} /usr/bin/python3 -W ignore:setup.py install is deprecated -W ignore:easy_install command is deprecated setup.py egg_info --egg-base ../../build/ejercicio_tres_client build --build-base /home/sergio/ros2_ws/build/ejercicio_tres_client/build install --record /home/sergio/ros2_ws/build/ejercicio_tres_client/install.log --single-version-externally-managed install_data
[5.161s] running egg_info
[5.166s] creating ../../build/ejercicio_tres_client/ejercicio_tres_client.egg-info
[5.166s] writing ../../build/ejercicio_tres_client/ejercicio_tres_client.egg-info/PKG-INFO
[5.166s] writing dependency_links to ../../build/ejercicio_tres_client/ejercicio_tres_client.egg-info/dependency_links.txt
[5.166s] writing entry points to ../../build/ejercicio_tres_client/ejercicio_tres_client.egg-info/entry_points.txt
[5.168s] writing requirements to ../../build/ejercicio_tres_client/ejercicio_tres_client.egg-info/requires.txt
[5.168s] writing top-level names to ../../build/ejercicio_tres_client/ejercicio_tres_client.egg-info/top_level.txt
[5.168s] writing manifest file '../../build/ejercicio_tres_client/ejercicio_tres_client.egg-info/SOURCES.txt'
[5.168s] reading manifest file '../../build/ejercicio_tres_client/ejercicio_tres_client.egg-info/SOURCES.txt'
[5.168s] writing manifest file '../../build/ejercicio_tres_client/ejercicio_tres_client.egg-info/SOURCES.txt'
[5.168s] running build
[5.168s] running build_py
[5.169s] creating /home/sergio/ros2_ws/build/ejercicio_tres_client/build
[5.169s] creating /home/sergio/ros2_ws/build/ejercicio_tres_client/build/lib
[5.169s] creating /home/sergio/ros2_ws/build/ejercicio_tres_client/build/lib/ejercicio_tres_client
[5.169s] copying ejercicio_tres_client/__init__.py -> /home/sergio/ros2_ws/build/ejercicio_tres_client/build/lib/ejercicio_tres_client
[5.169s] copying ejercicio_tres_client/midpoint_client.py -> /home/sergio/ros2_ws/build/ejercicio_tres_client/build/lib/ejercicio_tres_client
[5.173s] running install
[5.174s] running install_lib
[5.175s] running install_data
[5.175s] running install_egg_info
[5.185s] removing '/home/sergio/ros2_ws/install/ejercicio_tres_client/lib/python3.10/site-packages/ejercicio_tres_client-0.0.0-py3.10.egg-info' (and everything under it)
[5.186s] Copying ../../build/ejercicio_tres_client/ejercicio_tres_client.egg-info to /home/sergio/ros2_ws/install/ejercicio_tres_client/lib/python3.10/site-packages/ejercicio_tres_client-0.0.0-py3.10.egg-info
[5.187s] running install_scripts
[5.243s] Installing midpoint_client script to /home/sergio/ros2_ws/install/ejercicio_tres_client/lib/ejercicio_tres_client
[5.243s] writing list of installed files to '/home/sergio/ros2_ws/build/ejercicio_tres_client/install.log'
[5.802s] Invoked command in '/home/sergio/ros2_ws/src/ejercicio_tres_client' returned '0': PYTHONPATH=/home/sergio/ros2_ws/build/ejercicio_tres_client/prefix_override:/usr/lib/python3/dist-packages/colcon_core/task/python/colcon_distutils_commands:/home/sergio/ros2_ws/install/ejercicio_tres_client/lib/python3.10/site-packages:${PYTHONPATH} /usr/bin/python3 -W ignore:setup.py install is deprecated -W ignore:easy_install command is deprecated setup.py egg_info --egg-base ../../build/ejercicio_tres_client build --build-base /home/sergio/ros2_ws/build/ejercicio_tres_client/build install --record /home/sergio/ros2_ws/build/ejercicio_tres_client/install.log --single-version-externally-managed install_data
