[0.541s] Invoking command in '/home/sergio/ros2_ws/src/robot_nav': PYTHONPATH=/home/sergio/ros2_ws/build/robot_nav/prefix_override:/usr/lib/python3/dist-packages/colcon_core/task/python/colcon_distutils_commands:/home/sergio/ros2_ws/install/robot_nav/lib/python3.10/site-packages:${PYTHONPATH} /usr/bin/python3 -W ignore:setup.py install is deprecated -W ignore:easy_install command is deprecated setup.py egg_info --egg-base ../../build/robot_nav build --build-base /home/sergio/ros2_ws/build/robot_nav/build install --record /home/sergio/ros2_ws/build/robot_nav/install.log --single-version-externally-managed install_data
[0.754s] running egg_info
[0.754s] writing ../../build/robot_nav/robot_nav.egg-info/PKG-INFO
[0.755s] writing dependency_links to ../../build/robot_nav/robot_nav.egg-info/dependency_links.txt
[0.755s] writing entry points to ../../build/robot_nav/robot_nav.egg-info/entry_points.txt
[0.755s] writing requirements to ../../build/robot_nav/robot_nav.egg-info/requires.txt
[0.755s] writing top-level names to ../../build/robot_nav/robot_nav.egg-info/top_level.txt
[0.756s] reading manifest file '../../build/robot_nav/robot_nav.egg-info/SOURCES.txt'
[0.756s] writing manifest file '../../build/robot_nav/robot_nav.egg-info/SOURCES.txt'
[0.756s] running build
[0.756s] running build_py
[0.756s] copying robot_nav/avoid_obstacles.py -> /home/sergio/ros2_ws/build/robot_nav/build/lib/robot_nav
[0.757s] running install
[0.757s] running install_lib
[0.757s] copying /home/sergio/ros2_ws/build/robot_nav/build/lib/robot_nav/avoid_obstacles.py -> /home/sergio/ros2_ws/install/robot_nav/lib/python3.10/site-packages/robot_nav
[0.758s] byte-compiling /home/sergio/ros2_ws/install/robot_nav/lib/python3.10/site-packages/robot_nav/avoid_obstacles.py to avoid_obstacles.cpython-310.pyc
[0.758s] running install_data
[0.758s] running install_egg_info
[0.759s] removing '/home/sergio/ros2_ws/install/robot_nav/lib/python3.10/site-packages/robot_nav-0.0.0-py3.10.egg-info' (and everything under it)
[0.759s] Copying ../../build/robot_nav/robot_nav.egg-info to /home/sergio/ros2_ws/install/robot_nav/lib/python3.10/site-packages/robot_nav-0.0.0-py3.10.egg-info
[0.760s] running install_scripts
[0.774s] Installing avoid_obstacles script to /home/sergio/ros2_ws/install/robot_nav/lib/robot_nav
[0.774s] Installing path_planner script to /home/sergio/ros2_ws/install/robot_nav/lib/robot_nav
[0.774s] writing list of installed files to '/home/sergio/ros2_ws/build/robot_nav/install.log'
[0.787s] Invoked command in '/home/sergio/ros2_ws/src/robot_nav' returned '0': PYTHONPATH=/home/sergio/ros2_ws/build/robot_nav/prefix_override:/usr/lib/python3/dist-packages/colcon_core/task/python/colcon_distutils_commands:/home/sergio/ros2_ws/install/robot_nav/lib/python3.10/site-packages:${PYTHONPATH} /usr/bin/python3 -W ignore:setup.py install is deprecated -W ignore:easy_install command is deprecated setup.py egg_info --egg-base ../../build/robot_nav build --build-base /home/sergio/ros2_ws/build/robot_nav/build install --record /home/sergio/ros2_ws/build/robot_nav/install.log --single-version-externally-managed install_data
