[0.064s] DEBUG:colcon:Command line arguments: ['/usr/bin/colcon', 'build']
[0.064s] DEBUG:colcon:Parsed command line arguments: Namespace(log_base=None, log_level=None, verb_name='build', build_base='build', install_base='install', merge_install=False, symlink_install=False, test_result_base=None, continue_on_error=False, executor='parallel', parallel_workers=16, event_handlers=None, ignore_user_meta=False, metas=['./colcon.meta'], base_paths=['.'], packages_ignore=None, packages_ignore_regex=None, paths=None, packages_up_to=None, packages_up_to_regex=None, packages_above=None, packages_above_and_dependencies=None, packages_above_depth=None, packages_select_by_dep=None, packages_skip_by_dep=None, packages_skip_up_to=None, packages_select_build_failed=False, packages_skip_build_finished=False, packages_select_test_failures=False, packages_skip_test_passed=False, packages_select=None, packages_skip=None, packages_select_regex=None, packages_skip_regex=None, packages_start=None, packages_end=None, allow_overriding=[], cmake_args=None, cmake_target=None, cmake_target_skip_unavailable=False, cmake_clean_cache=False, cmake_clean_first=False, cmake_force_configure=False, ament_cmake_args=None, catkin_cmake_args=None, catkin_skip_building_tests=False, verb_parser=<colcon_defaults.argument_parser.defaults.DefaultArgumentsDecorator object at 0x72567b160d60>, verb_extension=<colcon_core.verb.build.BuildVerb object at 0x72567b160250>, main=<bound method BuildVerb.main of <colcon_core.verb.build.BuildVerb object at 0x72567b160250>>)
[0.158s] Level 1:colcon.colcon_core.package_discovery:discover_packages(colcon_meta) check parameters
[0.158s] Level 1:colcon.colcon_core.package_discovery:discover_packages(recursive) check parameters
[0.158s] Level 1:colcon.colcon_core.package_discovery:discover_packages(ignore) check parameters
[0.158s] Level 1:colcon.colcon_core.package_discovery:discover_packages(path) check parameters
[0.158s] Level 1:colcon.colcon_core.package_discovery:discover_packages(colcon_meta) discover
[0.158s] Level 1:colcon.colcon_core.package_discovery:discover_packages(recursive) discover
[0.158s] INFO:colcon.colcon_core.package_discovery:Crawling recursively for packages in '/home/sergio/ros2_ws/src'
[0.158s] Level 1:colcon.colcon_core.package_identification:_identify(.) by extensions ['ignore', 'ignore_ament_install']
[0.158s] Level 1:colcon.colcon_core.package_identification:_identify(.) by extension 'ignore'
[0.158s] Level 1:colcon.colcon_core.package_identification:_identify(.) by extension 'ignore_ament_install'
[0.158s] Level 1:colcon.colcon_core.package_identification:_identify(.) by extensions ['colcon_pkg']
[0.158s] Level 1:colcon.colcon_core.package_identification:_identify(.) by extension 'colcon_pkg'
[0.158s] Level 1:colcon.colcon_core.package_identification:_identify(.) by extensions ['colcon_meta']
[0.158s] Level 1:colcon.colcon_core.package_identification:_identify(.) by extension 'colcon_meta'
[0.158s] Level 1:colcon.colcon_core.package_identification:_identify(.) by extensions ['ros']
[0.158s] Level 1:colcon.colcon_core.package_identification:_identify(.) by extension 'ros'
[0.165s] Level 1:colcon.colcon_core.package_identification:_identify(.) by extensions ['cmake', 'python']
[0.165s] Level 1:colcon.colcon_core.package_identification:_identify(.) by extension 'cmake'
[0.165s] Level 1:colcon.colcon_core.package_identification:_identify(.) by extension 'python'
[0.165s] Level 1:colcon.colcon_core.package_identification:_identify(.) by extensions ['python_setup_py']
[0.165s] Level 1:colcon.colcon_core.package_identification:_identify(.) by extension 'python_setup_py'
[0.165s] Level 1:colcon.colcon_core.package_identification:_identify(build) by extensions ['ignore', 'ignore_ament_install']
[0.165s] Level 1:colcon.colcon_core.package_identification:_identify(build) by extension 'ignore'
[0.165s] Level 1:colcon.colcon_core.package_identification:_identify(build) ignored
[0.165s] Level 1:colcon.colcon_core.package_identification:_identify(ejemplo_uno) by extensions ['ignore', 'ignore_ament_install']
[0.166s] Level 1:colcon.colcon_core.package_identification:_identify(ejemplo_uno) by extension 'ignore'
[0.166s] Level 1:colcon.colcon_core.package_identification:_identify(ejemplo_uno) by extension 'ignore_ament_install'
[0.166s] Level 1:colcon.colcon_core.package_identification:_identify(ejemplo_uno) by extensions ['colcon_pkg']
[0.166s] Level 1:colcon.colcon_core.package_identification:_identify(ejemplo_uno) by extension 'colcon_pkg'
[0.166s] Level 1:colcon.colcon_core.package_identification:_identify(ejemplo_uno) by extensions ['colcon_meta']
[0.166s] Level 1:colcon.colcon_core.package_identification:_identify(ejemplo_uno) by extension 'colcon_meta'
[0.166s] Level 1:colcon.colcon_core.package_identification:_identify(ejemplo_uno) by extensions ['ros']
[0.166s] Level 1:colcon.colcon_core.package_identification:_identify(ejemplo_uno) by extension 'ros'
[0.167s] DEBUG:colcon.colcon_core.package_identification:Package 'ejemplo_uno' with type 'ros.ament_python' and name 'ejemplo_uno'
[0.167s] Level 1:colcon.colcon_core.package_identification:_identify(ejercicio_dos) by extensions ['ignore', 'ignore_ament_install']
[0.167s] Level 1:colcon.colcon_core.package_identification:_identify(ejercicio_dos) by extension 'ignore'
[0.167s] Level 1:colcon.colcon_core.package_identification:_identify(ejercicio_dos) by extension 'ignore_ament_install'
[0.167s] Level 1:colcon.colcon_core.package_identification:_identify(ejercicio_dos) by extensions ['colcon_pkg']
[0.167s] Level 1:colcon.colcon_core.package_identification:_identify(ejercicio_dos) by extension 'colcon_pkg'
[0.167s] Level 1:colcon.colcon_core.package_identification:_identify(ejercicio_dos) by extensions ['colcon_meta']
[0.167s] Level 1:colcon.colcon_core.package_identification:_identify(ejercicio_dos) by extension 'colcon_meta'
[0.167s] Level 1:colcon.colcon_core.package_identification:_identify(ejercicio_dos) by extensions ['ros']
[0.167s] Level 1:colcon.colcon_core.package_identification:_identify(ejercicio_dos) by extension 'ros'
[0.168s] DEBUG:colcon.colcon_core.package_identification:Package 'ejercicio_dos' with type 'ros.ament_python' and name 'ejercicio_dos'
[0.168s] Level 1:colcon.colcon_core.package_identification:_identify(install) by extensions ['ignore', 'ignore_ament_install']
[0.168s] Level 1:colcon.colcon_core.package_identification:_identify(install) by extension 'ignore'
[0.168s] Level 1:colcon.colcon_core.package_identification:_identify(install) ignored
[0.168s] Level 1:colcon.colcon_core.package_identification:_identify(log) by extensions ['ignore', 'ignore_ament_install']
[0.168s] Level 1:colcon.colcon_core.package_identification:_identify(log) by extension 'ignore'
[0.168s] Level 1:colcon.colcon_core.package_identification:_identify(log) ignored
[0.168s] Level 1:colcon.colcon_core.package_identification:_identify(mma_interfaces) by extensions ['ignore', 'ignore_ament_install']
[0.168s] Level 1:colcon.colcon_core.package_identification:_identify(mma_interfaces) by extension 'ignore'
[0.168s] Level 1:colcon.colcon_core.package_identification:_identify(mma_interfaces) by extension 'ignore_ament_install'
[0.168s] Level 1:colcon.colcon_core.package_identification:_identify(mma_interfaces) by extensions ['colcon_pkg']
[0.168s] Level 1:colcon.colcon_core.package_identification:_identify(mma_interfaces) by extension 'colcon_pkg'
[0.168s] Level 1:colcon.colcon_core.package_identification:_identify(mma_interfaces) by extensions ['colcon_meta']
[0.168s] Level 1:colcon.colcon_core.package_identification:_identify(mma_interfaces) by extension 'colcon_meta'
[0.168s] Level 1:colcon.colcon_core.package_identification:_identify(mma_interfaces) by extensions ['ros']
[0.168s] Level 1:colcon.colcon_core.package_identification:_identify(mma_interfaces) by extension 'ros'
[0.169s] DEBUG:colcon.colcon_core.package_identification:Package 'mma_interfaces' with type 'ros.ament_cmake' and name 'mma_interfaces'
[0.169s] Level 1:colcon.colcon_core.package_identification:_identify(mma_listener) by extensions ['ignore', 'ignore_ament_install']
[0.169s] Level 1:colcon.colcon_core.package_identification:_identify(mma_listener) by extension 'ignore'
[0.169s] Level 1:colcon.colcon_core.package_identification:_identify(mma_listener) by extension 'ignore_ament_install'
[0.169s] Level 1:colcon.colcon_core.package_identification:_identify(mma_listener) by extensions ['colcon_pkg']
[0.169s] Level 1:colcon.colcon_core.package_identification:_identify(mma_listener) by extension 'colcon_pkg'
[0.169s] Level 1:colcon.colcon_core.package_identification:_identify(mma_listener) by extensions ['colcon_meta']
[0.169s] Level 1:colcon.colcon_core.package_identification:_identify(mma_listener) by extension 'colcon_meta'
[0.169s] Level 1:colcon.colcon_core.package_identification:_identify(mma_listener) by extensions ['ros']
[0.169s] Level 1:colcon.colcon_core.package_identification:_identify(mma_listener) by extension 'ros'
[0.169s] DEBUG:colcon.colcon_core.package_identification:Package 'mma_listener' with type 'ros.ament_python' and name 'mma_listener'
[0.169s] Level 1:colcon.colcon_core.package_identification:_identify(mma_service) by extensions ['ignore', 'ignore_ament_install']
[0.169s] Level 1:colcon.colcon_core.package_identification:_identify(mma_service) by extension 'ignore'
[0.169s] Level 1:colcon.colcon_core.package_identification:_identify(mma_service) by extension 'ignore_ament_install'
[0.169s] Level 1:colcon.colcon_core.package_identification:_identify(mma_service) by extensions ['colcon_pkg']
[0.169s] Level 1:colcon.colcon_core.package_identification:_identify(mma_service) by extension 'colcon_pkg'
[0.169s] Level 1:colcon.colcon_core.package_identification:_identify(mma_service) by extensions ['colcon_meta']
[0.170s] Level 1:colcon.colcon_core.package_identification:_identify(mma_service) by extension 'colcon_meta'
[0.170s] Level 1:colcon.colcon_core.package_identification:_identify(mma_service) by extensions ['ros']
[0.170s] Level 1:colcon.colcon_core.package_identification:_identify(mma_service) by extension 'ros'
[0.170s] DEBUG:colcon.colcon_core.package_identification:Package 'mma_service' with type 'ros.ament_python' and name 'mma_service'
[0.170s] Level 1:colcon.colcon_core.package_identification:_identify(mma_talker) by extensions ['ignore', 'ignore_ament_install']
[0.170s] Level 1:colcon.colcon_core.package_identification:_identify(mma_talker) by extension 'ignore'
[0.170s] Level 1:colcon.colcon_core.package_identification:_identify(mma_talker) by extension 'ignore_ament_install'
[0.170s] Level 1:colcon.colcon_core.package_identification:_identify(mma_talker) by extensions ['colcon_pkg']
[0.170s] Level 1:colcon.colcon_core.package_identification:_identify(mma_talker) by extension 'colcon_pkg'
[0.170s] Level 1:colcon.colcon_core.package_identification:_identify(mma_talker) by extensions ['colcon_meta']
[0.170s] Level 1:colcon.colcon_core.package_identification:_identify(mma_talker) by extension 'colcon_meta'
[0.170s] Level 1:colcon.colcon_core.package_identification:_identify(mma_talker) by extensions ['ros']
[0.170s] Level 1:colcon.colcon_core.package_identification:_identify(mma_talker) by extension 'ros'
[0.170s] DEBUG:colcon.colcon_core.package_identification:Package 'mma_talker' with type 'ros.ament_python' and name 'mma_talker'
[0.170s] Level 1:colcon.colcon_core.package_identification:_identify(my_package) by extensions ['ignore', 'ignore_ament_install']
[0.170s] Level 1:colcon.colcon_core.package_identification:_identify(my_package) by extension 'ignore'
[0.170s] Level 1:colcon.colcon_core.package_identification:_identify(my_package) by extension 'ignore_ament_install'
[0.171s] Level 1:colcon.colcon_core.package_identification:_identify(my_package) by extensions ['colcon_pkg']
[0.171s] Level 1:colcon.colcon_core.package_identification:_identify(my_package) by extension 'colcon_pkg'
[0.171s] Level 1:colcon.colcon_core.package_identification:_identify(my_package) by extensions ['colcon_meta']
[0.171s] Level 1:colcon.colcon_core.package_identification:_identify(my_package) by extension 'colcon_meta'
[0.171s] Level 1:colcon.colcon_core.package_identification:_identify(my_package) by extensions ['ros']
[0.171s] Level 1:colcon.colcon_core.package_identification:_identify(my_package) by extension 'ros'
[0.171s] DEBUG:colcon.colcon_core.package_identification:Package 'my_package' with type 'ros.ament_python' and name 'my_package'
[0.171s] Level 1:colcon.colcon_core.package_discovery:discover_packages(recursive) using defaults
[0.171s] Level 1:colcon.colcon_core.package_discovery:discover_packages(ignore) discover
[0.171s] Level 1:colcon.colcon_core.package_discovery:discover_packages(ignore) using defaults
[0.171s] Level 1:colcon.colcon_core.package_discovery:discover_packages(path) discover
[0.171s] Level 1:colcon.colcon_core.package_discovery:discover_packages(path) using defaults
[0.184s] Level 1:colcon.colcon_core.package_discovery:discover_packages(prefix_path) check parameters
[0.184s] Level 1:colcon.colcon_core.package_discovery:discover_packages(prefix_path) discover
[0.185s] DEBUG:colcon.colcon_installed_package_information.package_discovery:Found 6 installed packages in /home/sergio/ros2_ws/install
[0.186s] DEBUG:colcon.colcon_installed_package_information.package_discovery:Found 271 installed packages in /opt/ros/humble
[0.192s] Level 1:colcon.colcon_core.package_discovery:discover_packages(prefix_path) using defaults
[0.213s] Level 5:colcon.colcon_core.verb:set package 'ejemplo_uno' build argument 'cmake_args' from command line to 'None'
[0.213s] Level 5:colcon.colcon_core.verb:set package 'ejemplo_uno' build argument 'cmake_target' from command line to 'None'
[0.213s] Level 5:colcon.colcon_core.verb:set package 'ejemplo_uno' build argument 'cmake_target_skip_unavailable' from command line to 'False'
[0.213s] Level 5:colcon.colcon_core.verb:set package 'ejemplo_uno' build argument 'cmake_clean_cache' from command line to 'False'
[0.213s] Level 5:colcon.colcon_core.verb:set package 'ejemplo_uno' build argument 'cmake_clean_first' from command line to 'False'
[0.213s] Level 5:colcon.colcon_core.verb:set package 'ejemplo_uno' build argument 'cmake_force_configure' from command line to 'False'
[0.213s] Level 5:colcon.colcon_core.verb:set package 'ejemplo_uno' build argument 'ament_cmake_args' from command line to 'None'
[0.213s] Level 5:colcon.colcon_core.verb:set package 'ejemplo_uno' build argument 'catkin_cmake_args' from command line to 'None'
[0.213s] Level 5:colcon.colcon_core.verb:set package 'ejemplo_uno' build argument 'catkin_skip_building_tests' from command line to 'False'
[0.213s] DEBUG:colcon.colcon_core.verb:Building package 'ejemplo_uno' with the following arguments: {'ament_cmake_args': None, 'build_base': '/home/sergio/ros2_ws/src/build/ejemplo_uno', 'catkin_cmake_args': None, 'catkin_skip_building_tests': False, 'cmake_args': None, 'cmake_clean_cache': False, 'cmake_clean_first': False, 'cmake_force_configure': False, 'cmake_target': None, 'cmake_target_skip_unavailable': False, 'install_base': '/home/sergio/ros2_ws/src/install/ejemplo_uno', 'merge_install': False, 'path': '/home/sergio/ros2_ws/src/ejemplo_uno', 'symlink_install': False, 'test_result_base': None}
[0.213s] Level 5:colcon.colcon_core.verb:set package 'ejercicio_dos' build argument 'cmake_args' from command line to 'None'
[0.213s] Level 5:colcon.colcon_core.verb:set package 'ejercicio_dos' build argument 'cmake_target' from command line to 'None'
[0.213s] Level 5:colcon.colcon_core.verb:set package 'ejercicio_dos' build argument 'cmake_target_skip_unavailable' from command line to 'False'
[0.213s] Level 5:colcon.colcon_core.verb:set package 'ejercicio_dos' build argument 'cmake_clean_cache' from command line to 'False'
[0.213s] Level 5:colcon.colcon_core.verb:set package 'ejercicio_dos' build argument 'cmake_clean_first' from command line to 'False'
[0.213s] Level 5:colcon.colcon_core.verb:set package 'ejercicio_dos' build argument 'cmake_force_configure' from command line to 'False'
[0.213s] Level 5:colcon.colcon_core.verb:set package 'ejercicio_dos' build argument 'ament_cmake_args' from command line to 'None'
[0.213s] Level 5:colcon.colcon_core.verb:set package 'ejercicio_dos' build argument 'catkin_cmake_args' from command line to 'None'
[0.213s] Level 5:colcon.colcon_core.verb:set package 'ejercicio_dos' build argument 'catkin_skip_building_tests' from command line to 'False'
[0.213s] DEBUG:colcon.colcon_core.verb:Building package 'ejercicio_dos' with the following arguments: {'ament_cmake_args': None, 'build_base': '/home/sergio/ros2_ws/src/build/ejercicio_dos', 'catkin_cmake_args': None, 'catkin_skip_building_tests': False, 'cmake_args': None, 'cmake_clean_cache': False, 'cmake_clean_first': False, 'cmake_force_configure': False, 'cmake_target': None, 'cmake_target_skip_unavailable': False, 'install_base': '/home/sergio/ros2_ws/src/install/ejercicio_dos', 'merge_install': False, 'path': '/home/sergio/ros2_ws/src/ejercicio_dos', 'symlink_install': False, 'test_result_base': None}
[0.214s] Level 5:colcon.colcon_core.verb:set package 'mma_interfaces' build argument 'cmake_args' from command line to 'None'
[0.214s] Level 5:colcon.colcon_core.verb:set package 'mma_interfaces' build argument 'cmake_target' from command line to 'None'
[0.214s] Level 5:colcon.colcon_core.verb:set package 'mma_interfaces' build argument 'cmake_target_skip_unavailable' from command line to 'False'
[0.214s] Level 5:colcon.colcon_core.verb:set package 'mma_interfaces' build argument 'cmake_clean_cache' from command line to 'False'
[0.214s] Level 5:colcon.colcon_core.verb:set package 'mma_interfaces' build argument 'cmake_clean_first' from command line to 'False'
[0.214s] Level 5:colcon.colcon_core.verb:set package 'mma_interfaces' build argument 'cmake_force_configure' from command line to 'False'
[0.214s] Level 5:colcon.colcon_core.verb:set package 'mma_interfaces' build argument 'ament_cmake_args' from command line to 'None'
[0.214s] Level 5:colcon.colcon_core.verb:set package 'mma_interfaces' build argument 'catkin_cmake_args' from command line to 'None'
[0.214s] Level 5:colcon.colcon_core.verb:set package 'mma_interfaces' build argument 'catkin_skip_building_tests' from command line to 'False'
[0.214s] DEBUG:colcon.colcon_core.verb:Building package 'mma_interfaces' with the following arguments: {'ament_cmake_args': None, 'build_base': '/home/sergio/ros2_ws/src/build/mma_interfaces', 'catkin_cmake_args': None, 'catkin_skip_building_tests': False, 'cmake_args': None, 'cmake_clean_cache': False, 'cmake_clean_first': False, 'cmake_force_configure': False, 'cmake_target': None, 'cmake_target_skip_unavailable': False, 'install_base': '/home/sergio/ros2_ws/src/install/mma_interfaces', 'merge_install': False, 'path': '/home/sergio/ros2_ws/src/mma_interfaces', 'symlink_install': False, 'test_result_base': None}
[0.214s] Level 5:colcon.colcon_core.verb:set package 'mma_listener' build argument 'cmake_args' from command line to 'None'
[0.214s] Level 5:colcon.colcon_core.verb:set package 'mma_listener' build argument 'cmake_target' from command line to 'None'
[0.214s] Level 5:colcon.colcon_core.verb:set package 'mma_listener' build argument 'cmake_target_skip_unavailable' from command line to 'False'
[0.214s] Level 5:colcon.colcon_core.verb:set package 'mma_listener' build argument 'cmake_clean_cache' from command line to 'False'
[0.214s] Level 5:colcon.colcon_core.verb:set package 'mma_listener' build argument 'cmake_clean_first' from command line to 'False'
[0.214s] Level 5:colcon.colcon_core.verb:set package 'mma_listener' build argument 'cmake_force_configure' from command line to 'False'
[0.214s] Level 5:colcon.colcon_core.verb:set package 'mma_listener' build argument 'ament_cmake_args' from command line to 'None'
[0.214s] Level 5:colcon.colcon_core.verb:set package 'mma_listener' build argument 'catkin_cmake_args' from command line to 'None'
[0.214s] Level 5:colcon.colcon_core.verb:set package 'mma_listener' build argument 'catkin_skip_building_tests' from command line to 'False'
[0.214s] DEBUG:colcon.colcon_core.verb:Building package 'mma_listener' with the following arguments: {'ament_cmake_args': None, 'build_base': '/home/sergio/ros2_ws/src/build/mma_listener', 'catkin_cmake_args': None, 'catkin_skip_building_tests': False, 'cmake_args': None, 'cmake_clean_cache': False, 'cmake_clean_first': False, 'cmake_force_configure': False, 'cmake_target': None, 'cmake_target_skip_unavailable': False, 'install_base': '/home/sergio/ros2_ws/src/install/mma_listener', 'merge_install': False, 'path': '/home/sergio/ros2_ws/src/mma_listener', 'symlink_install': False, 'test_result_base': None}
[0.214s] Level 5:colcon.colcon_core.verb:set package 'mma_service' build argument 'cmake_args' from command line to 'None'
[0.214s] Level 5:colcon.colcon_core.verb:set package 'mma_service' build argument 'cmake_target' from command line to 'None'
[0.214s] Level 5:colcon.colcon_core.verb:set package 'mma_service' build argument 'cmake_target_skip_unavailable' from command line to 'False'
[0.214s] Level 5:colcon.colcon_core.verb:set package 'mma_service' build argument 'cmake_clean_cache' from command line to 'False'
[0.214s] Level 5:colcon.colcon_core.verb:set package 'mma_service' build argument 'cmake_clean_first' from command line to 'False'
[0.214s] Level 5:colcon.colcon_core.verb:set package 'mma_service' build argument 'cmake_force_configure' from command line to 'False'
[0.214s] Level 5:colcon.colcon_core.verb:set package 'mma_service' build argument 'ament_cmake_args' from command line to 'None'
[0.214s] Level 5:colcon.colcon_core.verb:set package 'mma_service' build argument 'catkin_cmake_args' from command line to 'None'
[0.214s] Level 5:colcon.colcon_core.verb:set package 'mma_service' build argument 'catkin_skip_building_tests' from command line to 'False'
[0.214s] DEBUG:colcon.colcon_core.verb:Building package 'mma_service' with the following arguments: {'ament_cmake_args': None, 'build_base': '/home/sergio/ros2_ws/src/build/mma_service', 'catkin_cmake_args': None, 'catkin_skip_building_tests': False, 'cmake_args': None, 'cmake_clean_cache': False, 'cmake_clean_first': False, 'cmake_force_configure': False, 'cmake_target': None, 'cmake_target_skip_unavailable': False, 'install_base': '/home/sergio/ros2_ws/src/install/mma_service', 'merge_install': False, 'path': '/home/sergio/ros2_ws/src/mma_service', 'symlink_install': False, 'test_result_base': None}
[0.214s] Level 5:colcon.colcon_core.verb:set package 'mma_talker' build argument 'cmake_args' from command line to 'None'
[0.214s] Level 5:colcon.colcon_core.verb:set package 'mma_talker' build argument 'cmake_target' from command line to 'None'
[0.214s] Level 5:colcon.colcon_core.verb:set package 'mma_talker' build argument 'cmake_target_skip_unavailable' from command line to 'False'
[0.214s] Level 5:colcon.colcon_core.verb:set package 'mma_talker' build argument 'cmake_clean_cache' from command line to 'False'
[0.214s] Level 5:colcon.colcon_core.verb:set package 'mma_talker' build argument 'cmake_clean_first' from command line to 'False'
[0.214s] Level 5:colcon.colcon_core.verb:set package 'mma_talker' build argument 'cmake_force_configure' from command line to 'False'
[0.215s] Level 5:colcon.colcon_core.verb:set package 'mma_talker' build argument 'ament_cmake_args' from command line to 'None'
[0.215s] Level 5:colcon.colcon_core.verb:set package 'mma_talker' build argument 'catkin_cmake_args' from command line to 'None'
[0.215s] Level 5:colcon.colcon_core.verb:set package 'mma_talker' build argument 'catkin_skip_building_tests' from command line to 'False'
[0.215s] DEBUG:colcon.colcon_core.verb:Building package 'mma_talker' with the following arguments: {'ament_cmake_args': None, 'build_base': '/home/sergio/ros2_ws/src/build/mma_talker', 'catkin_cmake_args': None, 'catkin_skip_building_tests': False, 'cmake_args': None, 'cmake_clean_cache': False, 'cmake_clean_first': False, 'cmake_force_configure': False, 'cmake_target': None, 'cmake_target_skip_unavailable': False, 'install_base': '/home/sergio/ros2_ws/src/install/mma_talker', 'merge_install': False, 'path': '/home/sergio/ros2_ws/src/mma_talker', 'symlink_install': False, 'test_result_base': None}
[0.215s] Level 5:colcon.colcon_core.verb:set package 'my_package' build argument 'cmake_args' from command line to 'None'
[0.215s] Level 5:colcon.colcon_core.verb:set package 'my_package' build argument 'cmake_target' from command line to 'None'
[0.215s] Level 5:colcon.colcon_core.verb:set package 'my_package' build argument 'cmake_target_skip_unavailable' from command line to 'False'
[0.215s] Level 5:colcon.colcon_core.verb:set package 'my_package' build argument 'cmake_clean_cache' from command line to 'False'
[0.215s] Level 5:colcon.colcon_core.verb:set package 'my_package' build argument 'cmake_clean_first' from command line to 'False'
[0.215s] Level 5:colcon.colcon_core.verb:set package 'my_package' build argument 'cmake_force_configure' from command line to 'False'
[0.215s] Level 5:colcon.colcon_core.verb:set package 'my_package' build argument 'ament_cmake_args' from command line to 'None'
[0.215s] Level 5:colcon.colcon_core.verb:set package 'my_package' build argument 'catkin_cmake_args' from command line to 'None'
[0.215s] Level 5:colcon.colcon_core.verb:set package 'my_package' build argument 'catkin_skip_building_tests' from command line to 'False'
[0.215s] DEBUG:colcon.colcon_core.verb:Building package 'my_package' with the following arguments: {'ament_cmake_args': None, 'build_base': '/home/sergio/ros2_ws/src/build/my_package', 'catkin_cmake_args': None, 'catkin_skip_building_tests': False, 'cmake_args': None, 'cmake_clean_cache': False, 'cmake_clean_first': False, 'cmake_force_configure': False, 'cmake_target': None, 'cmake_target_skip_unavailable': False, 'install_base': '/home/sergio/ros2_ws/src/install/my_package', 'merge_install': False, 'path': '/home/sergio/ros2_ws/src/my_package', 'symlink_install': False, 'test_result_base': None}
[0.215s] INFO:colcon.colcon_core.executor:Executing jobs using 'parallel' executor
[0.216s] DEBUG:colcon.colcon_parallel_executor.executor.parallel:run_until_complete
[0.216s] INFO:colcon.colcon_ros.task.ament_python.build:Building ROS package in '/home/sergio/ros2_ws/src/ejemplo_uno' with build type 'ament_python'
[0.216s] Level 1:colcon.colcon_core.shell:create_environment_hook('ejemplo_uno', 'ament_prefix_path')
[0.217s] INFO:colcon.colcon_core.plugin_system:Skipping extension 'colcon_core.shell.bat': Not used on non-Windows systems
[0.217s] INFO:colcon.colcon_core.shell:Creating environment hook '/home/sergio/ros2_ws/src/install/ejemplo_uno/share/ejemplo_uno/hook/ament_prefix_path.ps1'
[0.217s] INFO:colcon.colcon_core.shell:Creating environment descriptor '/home/sergio/ros2_ws/src/install/ejemplo_uno/share/ejemplo_uno/hook/ament_prefix_path.dsv'
[0.218s] INFO:colcon.colcon_core.shell:Creating environment hook '/home/sergio/ros2_ws/src/install/ejemplo_uno/share/ejemplo_uno/hook/ament_prefix_path.sh'
[0.218s] INFO:colcon.colcon_core.shell:Skip shell extension 'powershell' for command environment: Not usable outside of PowerShell
[0.218s] DEBUG:colcon.colcon_core.shell:Skip shell extension 'dsv' for command environment
[0.220s] INFO:colcon.colcon_ros.task.ament_python.build:Building ROS package in '/home/sergio/ros2_ws/src/ejercicio_dos' with build type 'ament_python'
[0.220s] Level 1:colcon.colcon_core.shell:create_environment_hook('ejercicio_dos', 'ament_prefix_path')
[0.220s] INFO:colcon.colcon_core.shell:Creating environment hook '/home/sergio/ros2_ws/src/install/ejercicio_dos/share/ejercicio_dos/hook/ament_prefix_path.ps1'
[0.221s] INFO:colcon.colcon_core.shell:Creating environment descriptor '/home/sergio/ros2_ws/src/install/ejercicio_dos/share/ejercicio_dos/hook/ament_prefix_path.dsv'
[0.221s] INFO:colcon.colcon_core.shell:Creating environment hook '/home/sergio/ros2_ws/src/install/ejercicio_dos/share/ejercicio_dos/hook/ament_prefix_path.sh'
[0.221s] INFO:colcon.colcon_core.shell:Skip shell extension 'powershell' for command environment: Not usable outside of PowerShell
[0.221s] DEBUG:colcon.colcon_core.shell:Skip shell extension 'dsv' for command environment
[0.223s] INFO:colcon.colcon_ros.task.ament_cmake.build:Building ROS package in '/home/sergio/ros2_ws/src/mma_interfaces' with build type 'ament_cmake'
[0.223s] INFO:colcon.colcon_cmake.task.cmake.build:Building CMake package in '/home/sergio/ros2_ws/src/mma_interfaces'
[0.223s] INFO:colcon.colcon_core.shell:Skip shell extension 'powershell' for command environment: Not usable outside of PowerShell
[0.224s] DEBUG:colcon.colcon_core.shell:Skip shell extension 'dsv' for command environment
[0.226s] INFO:colcon.colcon_ros.task.ament_python.build:Building ROS package in '/home/sergio/ros2_ws/src/mma_listener' with build type 'ament_python'
[0.226s] Level 1:colcon.colcon_core.shell:create_environment_hook('mma_listener', 'ament_prefix_path')
[0.226s] INFO:colcon.colcon_core.shell:Creating environment hook '/home/sergio/ros2_ws/src/install/mma_listener/share/mma_listener/hook/ament_prefix_path.ps1'
[0.227s] INFO:colcon.colcon_core.shell:Creating environment descriptor '/home/sergio/ros2_ws/src/install/mma_listener/share/mma_listener/hook/ament_prefix_path.dsv'
[0.227s] INFO:colcon.colcon_core.shell:Creating environment hook '/home/sergio/ros2_ws/src/install/mma_listener/share/mma_listener/hook/ament_prefix_path.sh'
[0.228s] INFO:colcon.colcon_core.shell:Skip shell extension 'powershell' for command environment: Not usable outside of PowerShell
[0.228s] DEBUG:colcon.colcon_core.shell:Skip shell extension 'dsv' for command environment
[0.230s] INFO:colcon.colcon_ros.task.ament_python.build:Building ROS package in '/home/sergio/ros2_ws/src/mma_service' with build type 'ament_python'
[0.231s] Level 1:colcon.colcon_core.shell:create_environment_hook('mma_service', 'ament_prefix_path')
[0.231s] INFO:colcon.colcon_core.shell:Creating environment hook '/home/sergio/ros2_ws/src/install/mma_service/share/mma_service/hook/ament_prefix_path.ps1'
[0.231s] INFO:colcon.colcon_core.shell:Creating environment descriptor '/home/sergio/ros2_ws/src/install/mma_service/share/mma_service/hook/ament_prefix_path.dsv'
[0.232s] INFO:colcon.colcon_core.shell:Creating environment hook '/home/sergio/ros2_ws/src/install/mma_service/share/mma_service/hook/ament_prefix_path.sh'
[0.233s] INFO:colcon.colcon_core.shell:Skip shell extension 'powershell' for command environment: Not usable outside of PowerShell
[0.233s] DEBUG:colcon.colcon_core.shell:Skip shell extension 'dsv' for command environment
[0.236s] INFO:colcon.colcon_ros.task.ament_python.build:Building ROS package in '/home/sergio/ros2_ws/src/mma_talker' with build type 'ament_python'
[0.236s] Level 1:colcon.colcon_core.shell:create_environment_hook('mma_talker', 'ament_prefix_path')
[0.236s] INFO:colcon.colcon_core.shell:Creating environment hook '/home/sergio/ros2_ws/src/install/mma_talker/share/mma_talker/hook/ament_prefix_path.ps1'
[0.237s] INFO:colcon.colcon_core.shell:Creating environment descriptor '/home/sergio/ros2_ws/src/install/mma_talker/share/mma_talker/hook/ament_prefix_path.dsv'
[0.237s] INFO:colcon.colcon_core.shell:Creating environment hook '/home/sergio/ros2_ws/src/install/mma_talker/share/mma_talker/hook/ament_prefix_path.sh'
[0.237s] INFO:colcon.colcon_core.shell:Skip shell extension 'powershell' for command environment: Not usable outside of PowerShell
[0.237s] DEBUG:colcon.colcon_core.shell:Skip shell extension 'dsv' for command environment
[0.239s] INFO:colcon.colcon_ros.task.ament_python.build:Building ROS package in '/home/sergio/ros2_ws/src/my_package' with build type 'ament_python'
[0.240s] Level 1:colcon.colcon_core.shell:create_environment_hook('my_package', 'ament_prefix_path')
[0.240s] INFO:colcon.colcon_core.shell:Creating environment hook '/home/sergio/ros2_ws/src/install/my_package/share/my_package/hook/ament_prefix_path.ps1'
[0.240s] INFO:colcon.colcon_core.shell:Creating environment descriptor '/home/sergio/ros2_ws/src/install/my_package/share/my_package/hook/ament_prefix_path.dsv'
[0.240s] INFO:colcon.colcon_core.shell:Creating environment hook '/home/sergio/ros2_ws/src/install/my_package/share/my_package/hook/ament_prefix_path.sh'
[0.241s] INFO:colcon.colcon_core.shell:Skip shell extension 'powershell' for command environment: Not usable outside of PowerShell
[0.241s] DEBUG:colcon.colcon_core.shell:Skip shell extension 'dsv' for command environment
[0.405s] INFO:colcon.colcon_core.task.python.build:Building Python package in '/home/sergio/ros2_ws/src/ejemplo_uno'
[0.406s] INFO:colcon.colcon_core.shell:Skip shell extension 'powershell' for command environment: Not usable outside of PowerShell
[0.406s] DEBUG:colcon.colcon_core.shell:Skip shell extension 'dsv' for command environment
[0.568s] INFO:colcon.colcon_core.task.python.build:Building Python package in '/home/sergio/ros2_ws/src/ejercicio_dos'
[0.568s] INFO:colcon.colcon_core.shell:Skip shell extension 'powershell' for command environment: Not usable outside of PowerShell
[0.568s] DEBUG:colcon.colcon_core.shell:Skip shell extension 'dsv' for command environment
[0.572s] DEBUG:colcon.colcon_core.event_handler.log_command:Invoking command in '/home/sergio/ros2_ws/src/build/mma_interfaces': CMAKE_PREFIX_PATH=${CMAKE_PREFIX_PATH}:/home/sergio/ros2_ws/install/ejemplo_uno:/home/sergio/ros2_ws/install/my_package:/home/sergio/ros2_ws/install/mma_talker:/home/sergio/ros2_ws/install/mma_service:/home/sergio/ros2_ws/install/mma_listener:/opt/ros/humble /usr/bin/cmake --build /home/sergio/ros2_ws/src/build/mma_interfaces -- -j16 -l16
[0.766s] INFO:colcon.colcon_core.task.python.build:Building Python package in '/home/sergio/ros2_ws/src/mma_listener'
[0.766s] INFO:colcon.colcon_core.shell:Skip shell extension 'powershell' for command environment: Not usable outside of PowerShell
[0.766s] DEBUG:colcon.colcon_core.shell:Skip shell extension 'dsv' for command environment
[0.934s] INFO:colcon.colcon_core.task.python.build:Building Python package in '/home/sergio/ros2_ws/src/mma_service'
[0.934s] INFO:colcon.colcon_core.shell:Skip shell extension 'powershell' for command environment: Not usable outside of PowerShell
[0.934s] DEBUG:colcon.colcon_core.shell:Skip shell extension 'dsv' for command environment
[1.103s] INFO:colcon.colcon_core.task.python.build:Building Python package in '/home/sergio/ros2_ws/src/mma_talker'
[1.103s] INFO:colcon.colcon_core.shell:Skip shell extension 'powershell' for command environment: Not usable outside of PowerShell
[1.103s] DEBUG:colcon.colcon_core.shell:Skip shell extension 'dsv' for command environment
[1.274s] INFO:colcon.colcon_core.task.python.build:Building Python package in '/home/sergio/ros2_ws/src/my_package'
[1.274s] INFO:colcon.colcon_core.shell:Skip shell extension 'powershell' for command environment: Not usable outside of PowerShell
[1.274s] DEBUG:colcon.colcon_core.shell:Skip shell extension 'dsv' for command environment
[1.278s] DEBUG:colcon.colcon_core.event_handler.log_command:Invoked command in '/home/sergio/ros2_ws/src/build/mma_interfaces' returned '0': CMAKE_PREFIX_PATH=${CMAKE_PREFIX_PATH}:/home/sergio/ros2_ws/install/ejemplo_uno:/home/sergio/ros2_ws/install/my_package:/home/sergio/ros2_ws/install/mma_talker:/home/sergio/ros2_ws/install/mma_service:/home/sergio/ros2_ws/install/mma_listener:/opt/ros/humble /usr/bin/cmake --build /home/sergio/ros2_ws/src/build/mma_interfaces -- -j16 -l16
[1.284s] DEBUG:colcon.colcon_core.event_handler.log_command:Invoking command in '/home/sergio/ros2_ws/src/build/mma_interfaces': CMAKE_PREFIX_PATH=${CMAKE_PREFIX_PATH}:/home/sergio/ros2_ws/install/ejemplo_uno:/home/sergio/ros2_ws/install/my_package:/home/sergio/ros2_ws/install/mma_talker:/home/sergio/ros2_ws/install/mma_service:/home/sergio/ros2_ws/install/mma_listener:/opt/ros/humble /usr/bin/cmake --install /home/sergio/ros2_ws/src/build/mma_interfaces
[1.345s] Level 1:colcon.colcon_core.environment:create_environment_scripts_only(mma_interfaces)
[1.349s] Level 1:colcon.colcon_core.environment:checking '/home/sergio/ros2_ws/src/install/mma_interfaces' for CMake module files
[1.350s] DEBUG:colcon.colcon_core.event_handler.log_command:Invoked command in '/home/sergio/ros2_ws/src/build/mma_interfaces' returned '0': CMAKE_PREFIX_PATH=${CMAKE_PREFIX_PATH}:/home/sergio/ros2_ws/install/ejemplo_uno:/home/sergio/ros2_ws/install/my_package:/home/sergio/ros2_ws/install/mma_talker:/home/sergio/ros2_ws/install/mma_service:/home/sergio/ros2_ws/install/mma_listener:/opt/ros/humble /usr/bin/cmake --install /home/sergio/ros2_ws/src/build/mma_interfaces
[1.351s] Level 1:colcon.colcon_core.environment:checking '/home/sergio/ros2_ws/src/install/mma_interfaces' for CMake config files
[1.351s] Level 1:colcon.colcon_core.shell:create_environment_hook('mma_interfaces', 'cmake_prefix_path')
[1.352s] INFO:colcon.colcon_core.shell:Creating environment hook '/home/sergio/ros2_ws/src/install/mma_interfaces/share/mma_interfaces/hook/cmake_prefix_path.ps1'
[1.352s] INFO:colcon.colcon_core.shell:Creating environment descriptor '/home/sergio/ros2_ws/src/install/mma_interfaces/share/mma_interfaces/hook/cmake_prefix_path.dsv'
[1.353s] INFO:colcon.colcon_core.shell:Creating environment hook '/home/sergio/ros2_ws/src/install/mma_interfaces/share/mma_interfaces/hook/cmake_prefix_path.sh'
[1.354s] Level 1:colcon.colcon_core.environment:checking '/home/sergio/ros2_ws/src/install/mma_interfaces/lib'
[1.356s] Level 1:colcon.colcon_core.shell:create_environment_hook('mma_interfaces', 'ld_library_path_lib')
[1.356s] INFO:colcon.colcon_core.shell:Creating environment hook '/home/sergio/ros2_ws/src/install/mma_interfaces/share/mma_interfaces/hook/ld_library_path_lib.ps1'
[1.357s] INFO:colcon.colcon_core.shell:Creating environment descriptor '/home/sergio/ros2_ws/src/install/mma_interfaces/share/mma_interfaces/hook/ld_library_path_lib.dsv'
[1.358s] INFO:colcon.colcon_core.shell:Creating environment hook '/home/sergio/ros2_ws/src/install/mma_interfaces/share/mma_interfaces/hook/ld_library_path_lib.sh'
[1.358s] Level 1:colcon.colcon_core.environment:checking '/home/sergio/ros2_ws/src/install/mma_interfaces/bin'
[1.358s] Level 1:colcon.colcon_core.environment:checking '/home/sergio/ros2_ws/src/install/mma_interfaces/lib/pkgconfig/mma_interfaces.pc'
[1.358s] Level 1:colcon.colcon_core.environment:checking '/home/sergio/ros2_ws/src/install/mma_interfaces/lib/python3.10/site-packages'
[1.359s] Level 1:colcon.colcon_core.environment:checking '/home/sergio/ros2_ws/src/install/mma_interfaces/bin'
[1.359s] INFO:colcon.colcon_core.shell:Creating package script '/home/sergio/ros2_ws/src/install/mma_interfaces/share/mma_interfaces/package.ps1'
[1.360s] INFO:colcon.colcon_core.shell:Creating package descriptor '/home/sergio/ros2_ws/src/install/mma_interfaces/share/mma_interfaces/package.dsv'
[1.361s] INFO:colcon.colcon_core.shell:Creating package script '/home/sergio/ros2_ws/src/install/mma_interfaces/share/mma_interfaces/package.sh'
[1.362s] INFO:colcon.colcon_core.shell:Creating package script '/home/sergio/ros2_ws/src/install/mma_interfaces/share/mma_interfaces/package.bash'
[1.364s] INFO:colcon.colcon_core.shell:Creating package script '/home/sergio/ros2_ws/src/install/mma_interfaces/share/mma_interfaces/package.zsh'
[1.364s] Level 1:colcon.colcon_core.environment:create_file_with_runtime_dependencies(/home/sergio/ros2_ws/src/install/mma_interfaces/share/colcon-core/packages/mma_interfaces)
[1.365s] Level 1:colcon.colcon_core.environment:create_environment_scripts_only(mma_interfaces)
[1.366s] Level 1:colcon.colcon_core.environment:checking '/home/sergio/ros2_ws/src/install/mma_interfaces' for CMake module files
[1.367s] Level 1:colcon.colcon_core.environment:checking '/home/sergio/ros2_ws/src/install/mma_interfaces' for CMake config files
[1.367s] Level 1:colcon.colcon_core.shell:create_environment_hook('mma_interfaces', 'cmake_prefix_path')
[1.368s] INFO:colcon.colcon_core.shell:Creating environment hook '/home/sergio/ros2_ws/src/install/mma_interfaces/share/mma_interfaces/hook/cmake_prefix_path.ps1'
[1.368s] INFO:colcon.colcon_core.shell:Creating environment descriptor '/home/sergio/ros2_ws/src/install/mma_interfaces/share/mma_interfaces/hook/cmake_prefix_path.dsv'
[1.369s] INFO:colcon.colcon_core.shell:Creating environment hook '/home/sergio/ros2_ws/src/install/mma_interfaces/share/mma_interfaces/hook/cmake_prefix_path.sh'
[1.370s] Level 1:colcon.colcon_core.environment:checking '/home/sergio/ros2_ws/src/install/mma_interfaces/lib'
[1.370s] Level 1:colcon.colcon_core.shell:create_environment_hook('mma_interfaces', 'ld_library_path_lib')
[1.370s] INFO:colcon.colcon_core.shell:Creating environment hook '/home/sergio/ros2_ws/src/install/mma_interfaces/share/mma_interfaces/hook/ld_library_path_lib.ps1'
[1.370s] INFO:colcon.colcon_core.shell:Creating environment descriptor '/home/sergio/ros2_ws/src/install/mma_interfaces/share/mma_interfaces/hook/ld_library_path_lib.dsv'
[1.371s] INFO:colcon.colcon_core.shell:Creating environment hook '/home/sergio/ros2_ws/src/install/mma_interfaces/share/mma_interfaces/hook/ld_library_path_lib.sh'
[1.371s] Level 1:colcon.colcon_core.environment:checking '/home/sergio/ros2_ws/src/install/mma_interfaces/bin'
[1.371s] Level 1:colcon.colcon_core.environment:checking '/home/sergio/ros2_ws/src/install/mma_interfaces/lib/pkgconfig/mma_interfaces.pc'
[1.371s] Level 1:colcon.colcon_core.environment:checking '/home/sergio/ros2_ws/src/install/mma_interfaces/lib/python3.10/site-packages'
[1.372s] Level 1:colcon.colcon_core.environment:checking '/home/sergio/ros2_ws/src/install/mma_interfaces/bin'
[1.372s] INFO:colcon.colcon_core.shell:Creating package script '/home/sergio/ros2_ws/src/install/mma_interfaces/share/mma_interfaces/package.ps1'
[1.373s] INFO:colcon.colcon_core.shell:Creating package descriptor '/home/sergio/ros2_ws/src/install/mma_interfaces/share/mma_interfaces/package.dsv'
[1.374s] INFO:colcon.colcon_core.shell:Creating package script '/home/sergio/ros2_ws/src/install/mma_interfaces/share/mma_interfaces/package.sh'
[1.374s] INFO:colcon.colcon_core.shell:Creating package script '/home/sergio/ros2_ws/src/install/mma_interfaces/share/mma_interfaces/package.bash'
[1.375s] INFO:colcon.colcon_core.shell:Creating package script '/home/sergio/ros2_ws/src/install/mma_interfaces/share/mma_interfaces/package.zsh'
[1.375s] Level 1:colcon.colcon_core.environment:create_file_with_runtime_dependencies(/home/sergio/ros2_ws/src/install/mma_interfaces/share/colcon-core/packages/mma_interfaces)
[1.608s] DEBUG:colcon.colcon_core.event_handler.log_command:Invoking command in '/home/sergio/ros2_ws/src/ejemplo_uno': PYTHONPATH=/home/sergio/ros2_ws/src/build/ejemplo_uno/prefix_override:/usr/lib/python3/dist-packages/colcon_core/task/python/colcon_distutils_commands:/home/sergio/ros2_ws/src/install/ejemplo_uno/lib/python3.10/site-packages:${PYTHONPATH} /usr/bin/python3 -W ignore:setup.py install is deprecated -W ignore:easy_install command is deprecated setup.py egg_info --egg-base ../build/ejemplo_uno build --build-base /home/sergio/ros2_ws/src/build/ejemplo_uno/build install --record /home/sergio/ros2_ws/src/build/ejemplo_uno/install.log --single-version-externally-managed install_data
[1.610s] DEBUG:colcon.colcon_core.event_handler.log_command:Invoking command in '/home/sergio/ros2_ws/src/ejercicio_dos': PYTHONPATH=/home/sergio/ros2_ws/src/build/ejercicio_dos/prefix_override:/usr/lib/python3/dist-packages/colcon_core/task/python/colcon_distutils_commands:/home/sergio/ros2_ws/src/install/ejercicio_dos/lib/python3.10/site-packages:${PYTHONPATH} /usr/bin/python3 -W ignore:setup.py install is deprecated -W ignore:easy_install command is deprecated setup.py egg_info --egg-base ../build/ejercicio_dos build --build-base /home/sergio/ros2_ws/src/build/ejercicio_dos/build install --record /home/sergio/ros2_ws/src/build/ejercicio_dos/install.log --single-version-externally-managed install_data
[1.617s] DEBUG:colcon.colcon_core.event_handler.log_command:Invoking command in '/home/sergio/ros2_ws/src/mma_talker': PYTHONPATH=/home/sergio/ros2_ws/src/build/mma_talker/prefix_override:/usr/lib/python3/dist-packages/colcon_core/task/python/colcon_distutils_commands:/home/sergio/ros2_ws/src/install/mma_talker/lib/python3.10/site-packages:${PYTHONPATH} /usr/bin/python3 -W ignore:setup.py install is deprecated -W ignore:easy_install command is deprecated setup.py egg_info --egg-base ../build/mma_talker build --build-base /home/sergio/ros2_ws/src/build/mma_talker/build install --record /home/sergio/ros2_ws/src/build/mma_talker/install.log --single-version-externally-managed install_data
[1.623s] DEBUG:colcon.colcon_core.event_handler.log_command:Invoking command in '/home/sergio/ros2_ws/src/my_package': PYTHONPATH=/home/sergio/ros2_ws/src/build/my_package/prefix_override:/usr/lib/python3/dist-packages/colcon_core/task/python/colcon_distutils_commands:/home/sergio/ros2_ws/src/install/my_package/lib/python3.10/site-packages:${PYTHONPATH} /usr/bin/python3 -W ignore:setup.py install is deprecated -W ignore:easy_install command is deprecated setup.py egg_info --egg-base ../build/my_package build --build-base /home/sergio/ros2_ws/src/build/my_package/build install --record /home/sergio/ros2_ws/src/build/my_package/install.log --single-version-externally-managed install_data
[1.626s] DEBUG:colcon.colcon_core.event_handler.log_command:Invoking command in '/home/sergio/ros2_ws/src/mma_service': PYTHONPATH=/home/sergio/ros2_ws/src/build/mma_service/prefix_override:/usr/lib/python3/dist-packages/colcon_core/task/python/colcon_distutils_commands:/home/sergio/ros2_ws/src/install/mma_service/lib/python3.10/site-packages:${PYTHONPATH} /usr/bin/python3 -W ignore:setup.py install is deprecated -W ignore:easy_install command is deprecated setup.py egg_info --egg-base ../build/mma_service build --build-base /home/sergio/ros2_ws/src/build/mma_service/build install --record /home/sergio/ros2_ws/src/build/mma_service/install.log --single-version-externally-managed install_data
[1.635s] DEBUG:colcon.colcon_core.event_handler.log_command:Invoking command in '/home/sergio/ros2_ws/src/mma_listener': PYTHONPATH=/home/sergio/ros2_ws/src/build/mma_listener/prefix_override:/usr/lib/python3/dist-packages/colcon_core/task/python/colcon_distutils_commands:/home/sergio/ros2_ws/src/install/mma_listener/lib/python3.10/site-packages:${PYTHONPATH} /usr/bin/python3 -W ignore:setup.py install is deprecated -W ignore:easy_install command is deprecated setup.py egg_info --egg-base ../build/mma_listener build --build-base /home/sergio/ros2_ws/src/build/mma_listener/build install --record /home/sergio/ros2_ws/src/build/mma_listener/install.log --single-version-externally-managed install_data
[1.879s] Level 1:colcon.colcon_core.environment:checking '/home/sergio/ros2_ws/src/install/ejemplo_uno' for CMake module files
[1.879s] DEBUG:colcon.colcon_core.event_handler.log_command:Invoked command in '/home/sergio/ros2_ws/src/ejemplo_uno' returned '0': PYTHONPATH=/home/sergio/ros2_ws/src/build/ejemplo_uno/prefix_override:/usr/lib/python3/dist-packages/colcon_core/task/python/colcon_distutils_commands:/home/sergio/ros2_ws/src/install/ejemplo_uno/lib/python3.10/site-packages:${PYTHONPATH} /usr/bin/python3 -W ignore:setup.py install is deprecated -W ignore:easy_install command is deprecated setup.py egg_info --egg-base ../build/ejemplo_uno build --build-base /home/sergio/ros2_ws/src/build/ejemplo_uno/build install --record /home/sergio/ros2_ws/src/build/ejemplo_uno/install.log --single-version-externally-managed install_data
[1.880s] Level 1:colcon.colcon_core.environment:checking '/home/sergio/ros2_ws/src/install/ejemplo_uno' for CMake config files
[1.880s] Level 1:colcon.colcon_core.environment:checking '/home/sergio/ros2_ws/src/install/ejemplo_uno/lib'
[1.880s] Level 1:colcon.colcon_core.environment:checking '/home/sergio/ros2_ws/src/install/ejemplo_uno/bin'
[1.880s] Level 1:colcon.colcon_core.environment:checking '/home/sergio/ros2_ws/src/install/ejemplo_uno/lib/pkgconfig/ejemplo_uno.pc'
[1.881s] Level 1:colcon.colcon_core.environment:checking '/home/sergio/ros2_ws/src/install/ejemplo_uno/lib/python3.10/site-packages'
[1.881s] Level 1:colcon.colcon_core.shell:create_environment_hook('ejemplo_uno', 'pythonpath')
[1.881s] INFO:colcon.colcon_core.shell:Creating environment hook '/home/sergio/ros2_ws/src/install/ejemplo_uno/share/ejemplo_uno/hook/pythonpath.ps1'
[1.881s] INFO:colcon.colcon_core.shell:Creating environment descriptor '/home/sergio/ros2_ws/src/install/ejemplo_uno/share/ejemplo_uno/hook/pythonpath.dsv'
[1.882s] INFO:colcon.colcon_core.shell:Creating environment hook '/home/sergio/ros2_ws/src/install/ejemplo_uno/share/ejemplo_uno/hook/pythonpath.sh'
[1.882s] Level 1:colcon.colcon_core.environment:checking '/home/sergio/ros2_ws/src/install/ejemplo_uno/bin'
[1.882s] Level 1:colcon.colcon_core.environment:create_environment_scripts_only(ejemplo_uno)
[1.882s] INFO:colcon.colcon_core.shell:Creating package script '/home/sergio/ros2_ws/src/install/ejemplo_uno/share/ejemplo_uno/package.ps1'
[1.883s] INFO:colcon.colcon_core.shell:Creating package descriptor '/home/sergio/ros2_ws/src/install/ejemplo_uno/share/ejemplo_uno/package.dsv'
[1.883s] INFO:colcon.colcon_core.shell:Creating package script '/home/sergio/ros2_ws/src/install/ejemplo_uno/share/ejemplo_uno/package.sh'
[1.883s] INFO:colcon.colcon_core.shell:Creating package script '/home/sergio/ros2_ws/src/install/ejemplo_uno/share/ejemplo_uno/package.bash'
[1.884s] INFO:colcon.colcon_core.shell:Creating package script '/home/sergio/ros2_ws/src/install/ejemplo_uno/share/ejemplo_uno/package.zsh'
[1.884s] Level 1:colcon.colcon_core.environment:create_file_with_runtime_dependencies(/home/sergio/ros2_ws/src/install/ejemplo_uno/share/colcon-core/packages/ejemplo_uno)
[1.885s] Level 1:colcon.colcon_core.environment:checking '/home/sergio/ros2_ws/src/install/ejercicio_dos' for CMake module files
[1.886s] DEBUG:colcon.colcon_core.event_handler.log_command:Invoked command in '/home/sergio/ros2_ws/src/ejercicio_dos' returned '0': PYTHONPATH=/home/sergio/ros2_ws/src/build/ejercicio_dos/prefix_override:/usr/lib/python3/dist-packages/colcon_core/task/python/colcon_distutils_commands:/home/sergio/ros2_ws/src/install/ejercicio_dos/lib/python3.10/site-packages:${PYTHONPATH} /usr/bin/python3 -W ignore:setup.py install is deprecated -W ignore:easy_install command is deprecated setup.py egg_info --egg-base ../build/ejercicio_dos build --build-base /home/sergio/ros2_ws/src/build/ejercicio_dos/build install --record /home/sergio/ros2_ws/src/build/ejercicio_dos/install.log --single-version-externally-managed install_data
[1.887s] Level 1:colcon.colcon_core.environment:checking '/home/sergio/ros2_ws/src/install/ejercicio_dos' for CMake config files
[1.887s] Level 1:colcon.colcon_core.environment:checking '/home/sergio/ros2_ws/src/install/ejercicio_dos/lib'
[1.887s] Level 1:colcon.colcon_core.environment:checking '/home/sergio/ros2_ws/src/install/ejercicio_dos/bin'
[1.887s] Level 1:colcon.colcon_core.environment:checking '/home/sergio/ros2_ws/src/install/ejercicio_dos/lib/pkgconfig/ejercicio_dos.pc'
[1.887s] Level 1:colcon.colcon_core.environment:checking '/home/sergio/ros2_ws/src/install/ejercicio_dos/lib/python3.10/site-packages'
[1.887s] Level 1:colcon.colcon_core.shell:create_environment_hook('ejercicio_dos', 'pythonpath')
[1.888s] INFO:colcon.colcon_core.shell:Creating environment hook '/home/sergio/ros2_ws/src/install/ejercicio_dos/share/ejercicio_dos/hook/pythonpath.ps1'
[1.888s] INFO:colcon.colcon_core.shell:Creating environment descriptor '/home/sergio/ros2_ws/src/install/ejercicio_dos/share/ejercicio_dos/hook/pythonpath.dsv'
[1.888s] INFO:colcon.colcon_core.shell:Creating environment hook '/home/sergio/ros2_ws/src/install/ejercicio_dos/share/ejercicio_dos/hook/pythonpath.sh'
[1.889s] Level 1:colcon.colcon_core.environment:checking '/home/sergio/ros2_ws/src/install/ejercicio_dos/bin'
[1.889s] Level 1:colcon.colcon_core.environment:create_environment_scripts_only(ejercicio_dos)
[1.889s] INFO:colcon.colcon_core.shell:Creating package script '/home/sergio/ros2_ws/src/install/ejercicio_dos/share/ejercicio_dos/package.ps1'
[1.890s] INFO:colcon.colcon_core.shell:Creating package descriptor '/home/sergio/ros2_ws/src/install/ejercicio_dos/share/ejercicio_dos/package.dsv'
[1.890s] INFO:colcon.colcon_core.shell:Creating package script '/home/sergio/ros2_ws/src/install/ejercicio_dos/share/ejercicio_dos/package.sh'
[1.890s] INFO:colcon.colcon_core.shell:Creating package script '/home/sergio/ros2_ws/src/install/ejercicio_dos/share/ejercicio_dos/package.bash'
[1.891s] INFO:colcon.colcon_core.shell:Creating package script '/home/sergio/ros2_ws/src/install/ejercicio_dos/share/ejercicio_dos/package.zsh'
[1.891s] Level 1:colcon.colcon_core.environment:create_file_with_runtime_dependencies(/home/sergio/ros2_ws/src/install/ejercicio_dos/share/colcon-core/packages/ejercicio_dos)
[1.903s] Level 1:colcon.colcon_core.environment:checking '/home/sergio/ros2_ws/src/install/mma_service' for CMake module files
[1.904s] DEBUG:colcon.colcon_core.event_handler.log_command:Invoked command in '/home/sergio/ros2_ws/src/mma_service' returned '0': PYTHONPATH=/home/sergio/ros2_ws/src/build/mma_service/prefix_override:/usr/lib/python3/dist-packages/colcon_core/task/python/colcon_distutils_commands:/home/sergio/ros2_ws/src/install/mma_service/lib/python3.10/site-packages:${PYTHONPATH} /usr/bin/python3 -W ignore:setup.py install is deprecated -W ignore:easy_install command is deprecated setup.py egg_info --egg-base ../build/mma_service build --build-base /home/sergio/ros2_ws/src/build/mma_service/build install --record /home/sergio/ros2_ws/src/build/mma_service/install.log --single-version-externally-managed install_data
[1.904s] Level 1:colcon.colcon_core.environment:checking '/home/sergio/ros2_ws/src/install/mma_service' for CMake config files
[1.905s] Level 1:colcon.colcon_core.environment:checking '/home/sergio/ros2_ws/src/install/mma_service/lib'
[1.905s] Level 1:colcon.colcon_core.environment:checking '/home/sergio/ros2_ws/src/install/mma_service/bin'
[1.905s] Level 1:colcon.colcon_core.environment:checking '/home/sergio/ros2_ws/src/install/mma_service/lib/pkgconfig/mma_service.pc'
[1.905s] Level 1:colcon.colcon_core.environment:checking '/home/sergio/ros2_ws/src/install/mma_service/lib/python3.10/site-packages'
[1.905s] Level 1:colcon.colcon_core.shell:create_environment_hook('mma_service', 'pythonpath')
[1.906s] INFO:colcon.colcon_core.shell:Creating environment hook '/home/sergio/ros2_ws/src/install/mma_service/share/mma_service/hook/pythonpath.ps1'
[1.906s] INFO:colcon.colcon_core.shell:Creating environment descriptor '/home/sergio/ros2_ws/src/install/mma_service/share/mma_service/hook/pythonpath.dsv'
[1.907s] INFO:colcon.colcon_core.shell:Creating environment hook '/home/sergio/ros2_ws/src/install/mma_service/share/mma_service/hook/pythonpath.sh'
[1.908s] Level 1:colcon.colcon_core.environment:checking '/home/sergio/ros2_ws/src/install/mma_service/bin'
[1.908s] Level 1:colcon.colcon_core.environment:create_environment_scripts_only(mma_service)
[1.908s] INFO:colcon.colcon_core.shell:Creating package script '/home/sergio/ros2_ws/src/install/mma_service/share/mma_service/package.ps1'
[1.909s] INFO:colcon.colcon_core.shell:Creating package descriptor '/home/sergio/ros2_ws/src/install/mma_service/share/mma_service/package.dsv'
[1.909s] INFO:colcon.colcon_core.shell:Creating package script '/home/sergio/ros2_ws/src/install/mma_service/share/mma_service/package.sh'
[1.909s] INFO:colcon.colcon_core.shell:Creating package script '/home/sergio/ros2_ws/src/install/mma_service/share/mma_service/package.bash'
[1.910s] INFO:colcon.colcon_core.shell:Creating package script '/home/sergio/ros2_ws/src/install/mma_service/share/mma_service/package.zsh'
[1.910s] Level 1:colcon.colcon_core.environment:create_file_with_runtime_dependencies(/home/sergio/ros2_ws/src/install/mma_service/share/colcon-core/packages/mma_service)
[1.912s] Level 1:colcon.colcon_core.environment:checking '/home/sergio/ros2_ws/src/install/my_package' for CMake module files
[1.913s] DEBUG:colcon.colcon_core.event_handler.log_command:Invoked command in '/home/sergio/ros2_ws/src/my_package' returned '0': PYTHONPATH=/home/sergio/ros2_ws/src/build/my_package/prefix_override:/usr/lib/python3/dist-packages/colcon_core/task/python/colcon_distutils_commands:/home/sergio/ros2_ws/src/install/my_package/lib/python3.10/site-packages:${PYTHONPATH} /usr/bin/python3 -W ignore:setup.py install is deprecated -W ignore:easy_install command is deprecated setup.py egg_info --egg-base ../build/my_package build --build-base /home/sergio/ros2_ws/src/build/my_package/build install --record /home/sergio/ros2_ws/src/build/my_package/install.log --single-version-externally-managed install_data
[1.913s] Level 1:colcon.colcon_core.environment:checking '/home/sergio/ros2_ws/src/install/my_package' for CMake config files
[1.914s] Level 1:colcon.colcon_core.environment:checking '/home/sergio/ros2_ws/src/install/my_package/lib'
[1.914s] Level 1:colcon.colcon_core.environment:checking '/home/sergio/ros2_ws/src/install/my_package/bin'
[1.914s] Level 1:colcon.colcon_core.environment:checking '/home/sergio/ros2_ws/src/install/my_package/lib/pkgconfig/my_package.pc'
[1.914s] Level 1:colcon.colcon_core.environment:checking '/home/sergio/ros2_ws/src/install/my_package/lib/python3.10/site-packages'
[1.914s] Level 1:colcon.colcon_core.shell:create_environment_hook('my_package', 'pythonpath')
[1.914s] INFO:colcon.colcon_core.shell:Creating environment hook '/home/sergio/ros2_ws/src/install/my_package/share/my_package/hook/pythonpath.ps1'
[1.914s] INFO:colcon.colcon_core.shell:Creating environment descriptor '/home/sergio/ros2_ws/src/install/my_package/share/my_package/hook/pythonpath.dsv'
[1.915s] INFO:colcon.colcon_core.shell:Creating environment hook '/home/sergio/ros2_ws/src/install/my_package/share/my_package/hook/pythonpath.sh'
[1.915s] Level 1:colcon.colcon_core.environment:checking '/home/sergio/ros2_ws/src/install/my_package/bin'
[1.915s] Level 1:colcon.colcon_core.environment:create_environment_scripts_only(my_package)
[1.915s] INFO:colcon.colcon_core.shell:Creating package script '/home/sergio/ros2_ws/src/install/my_package/share/my_package/package.ps1'
[1.916s] INFO:colcon.colcon_core.shell:Creating package descriptor '/home/sergio/ros2_ws/src/install/my_package/share/my_package/package.dsv'
[1.916s] INFO:colcon.colcon_core.shell:Creating package script '/home/sergio/ros2_ws/src/install/my_package/share/my_package/package.sh'
[1.917s] INFO:colcon.colcon_core.shell:Creating package script '/home/sergio/ros2_ws/src/install/my_package/share/my_package/package.bash'
[1.917s] INFO:colcon.colcon_core.shell:Creating package script '/home/sergio/ros2_ws/src/install/my_package/share/my_package/package.zsh'
[1.917s] Level 1:colcon.colcon_core.environment:create_file_with_runtime_dependencies(/home/sergio/ros2_ws/src/install/my_package/share/colcon-core/packages/my_package)
[1.918s] Level 1:colcon.colcon_core.environment:checking '/home/sergio/ros2_ws/src/install/mma_talker' for CMake module files
[1.918s] DEBUG:colcon.colcon_core.event_handler.log_command:Invoked command in '/home/sergio/ros2_ws/src/mma_talker' returned '0': PYTHONPATH=/home/sergio/ros2_ws/src/build/mma_talker/prefix_override:/usr/lib/python3/dist-packages/colcon_core/task/python/colcon_distutils_commands:/home/sergio/ros2_ws/src/install/mma_talker/lib/python3.10/site-packages:${PYTHONPATH} /usr/bin/python3 -W ignore:setup.py install is deprecated -W ignore:easy_install command is deprecated setup.py egg_info --egg-base ../build/mma_talker build --build-base /home/sergio/ros2_ws/src/build/mma_talker/build install --record /home/sergio/ros2_ws/src/build/mma_talker/install.log --single-version-externally-managed install_data
[1.918s] Level 1:colcon.colcon_core.environment:checking '/home/sergio/ros2_ws/src/install/mma_talker' for CMake config files
[1.919s] Level 1:colcon.colcon_core.environment:checking '/home/sergio/ros2_ws/src/install/mma_talker/lib'
[1.919s] Level 1:colcon.colcon_core.environment:checking '/home/sergio/ros2_ws/src/install/mma_talker/bin'
[1.919s] Level 1:colcon.colcon_core.environment:checking '/home/sergio/ros2_ws/src/install/mma_talker/lib/pkgconfig/mma_talker.pc'
[1.919s] Level 1:colcon.colcon_core.environment:checking '/home/sergio/ros2_ws/src/install/mma_talker/lib/python3.10/site-packages'
[1.919s] Level 1:colcon.colcon_core.shell:create_environment_hook('mma_talker', 'pythonpath')
[1.919s] INFO:colcon.colcon_core.shell:Creating environment hook '/home/sergio/ros2_ws/src/install/mma_talker/share/mma_talker/hook/pythonpath.ps1'
[1.920s] INFO:colcon.colcon_core.shell:Creating environment descriptor '/home/sergio/ros2_ws/src/install/mma_talker/share/mma_talker/hook/pythonpath.dsv'
[1.920s] INFO:colcon.colcon_core.shell:Creating environment hook '/home/sergio/ros2_ws/src/install/mma_talker/share/mma_talker/hook/pythonpath.sh'
[1.920s] Level 1:colcon.colcon_core.environment:checking '/home/sergio/ros2_ws/src/install/mma_talker/bin'
[1.920s] Level 1:colcon.colcon_core.environment:create_environment_scripts_only(mma_talker)
[1.921s] INFO:colcon.colcon_core.shell:Creating package script '/home/sergio/ros2_ws/src/install/mma_talker/share/mma_talker/package.ps1'
[1.921s] INFO:colcon.colcon_core.shell:Creating package descriptor '/home/sergio/ros2_ws/src/install/mma_talker/share/mma_talker/package.dsv'
[1.922s] INFO:colcon.colcon_core.shell:Creating package script '/home/sergio/ros2_ws/src/install/mma_talker/share/mma_talker/package.sh'
[1.922s] INFO:colcon.colcon_core.shell:Creating package script '/home/sergio/ros2_ws/src/install/mma_talker/share/mma_talker/package.bash'
[1.922s] INFO:colcon.colcon_core.shell:Creating package script '/home/sergio/ros2_ws/src/install/mma_talker/share/mma_talker/package.zsh'
[1.922s] Level 1:colcon.colcon_core.environment:create_file_with_runtime_dependencies(/home/sergio/ros2_ws/src/install/mma_talker/share/colcon-core/packages/mma_talker)
[1.924s] Level 1:colcon.colcon_core.environment:checking '/home/sergio/ros2_ws/src/install/mma_listener' for CMake module files
[1.925s] DEBUG:colcon.colcon_core.event_handler.log_command:Invoked command in '/home/sergio/ros2_ws/src/mma_listener' returned '0': PYTHONPATH=/home/sergio/ros2_ws/src/build/mma_listener/prefix_override:/usr/lib/python3/dist-packages/colcon_core/task/python/colcon_distutils_commands:/home/sergio/ros2_ws/src/install/mma_listener/lib/python3.10/site-packages:${PYTHONPATH} /usr/bin/python3 -W ignore:setup.py install is deprecated -W ignore:easy_install command is deprecated setup.py egg_info --egg-base ../build/mma_listener build --build-base /home/sergio/ros2_ws/src/build/mma_listener/build install --record /home/sergio/ros2_ws/src/build/mma_listener/install.log --single-version-externally-managed install_data
[1.925s] Level 1:colcon.colcon_core.environment:checking '/home/sergio/ros2_ws/src/install/mma_listener' for CMake config files
[1.926s] Level 1:colcon.colcon_core.environment:checking '/home/sergio/ros2_ws/src/install/mma_listener/lib'
[1.926s] Level 1:colcon.colcon_core.environment:checking '/home/sergio/ros2_ws/src/install/mma_listener/bin'
[1.926s] Level 1:colcon.colcon_core.environment:checking '/home/sergio/ros2_ws/src/install/mma_listener/lib/pkgconfig/mma_listener.pc'
[1.926s] Level 1:colcon.colcon_core.environment:checking '/home/sergio/ros2_ws/src/install/mma_listener/lib/python3.10/site-packages'
[1.926s] Level 1:colcon.colcon_core.shell:create_environment_hook('mma_listener', 'pythonpath')
[1.926s] INFO:colcon.colcon_core.shell:Creating environment hook '/home/sergio/ros2_ws/src/install/mma_listener/share/mma_listener/hook/pythonpath.ps1'
[1.927s] INFO:colcon.colcon_core.shell:Creating environment descriptor '/home/sergio/ros2_ws/src/install/mma_listener/share/mma_listener/hook/pythonpath.dsv'
[1.927s] INFO:colcon.colcon_core.shell:Creating environment hook '/home/sergio/ros2_ws/src/install/mma_listener/share/mma_listener/hook/pythonpath.sh'
[1.928s] Level 1:colcon.colcon_core.environment:checking '/home/sergio/ros2_ws/src/install/mma_listener/bin'
[1.928s] Level 1:colcon.colcon_core.environment:create_environment_scripts_only(mma_listener)
[1.928s] INFO:colcon.colcon_core.shell:Creating package script '/home/sergio/ros2_ws/src/install/mma_listener/share/mma_listener/package.ps1'
[1.929s] INFO:colcon.colcon_core.shell:Creating package descriptor '/home/sergio/ros2_ws/src/install/mma_listener/share/mma_listener/package.dsv'
[1.929s] INFO:colcon.colcon_core.shell:Creating package script '/home/sergio/ros2_ws/src/install/mma_listener/share/mma_listener/package.sh'
[1.929s] INFO:colcon.colcon_core.shell:Creating package script '/home/sergio/ros2_ws/src/install/mma_listener/share/mma_listener/package.bash'
[1.930s] INFO:colcon.colcon_core.shell:Creating package script '/home/sergio/ros2_ws/src/install/mma_listener/share/mma_listener/package.zsh'
[1.930s] Level 1:colcon.colcon_core.environment:create_file_with_runtime_dependencies(/home/sergio/ros2_ws/src/install/mma_listener/share/colcon-core/packages/mma_listener)
[1.931s] DEBUG:colcon.colcon_parallel_executor.executor.parallel:closing loop
[1.931s] DEBUG:colcon.colcon_parallel_executor.executor.parallel:loop closed
[1.931s] DEBUG:colcon.colcon_parallel_executor.executor.parallel:run_until_complete finished with '0'
[1.931s] DEBUG:colcon.colcon_core.event_reactor:joining thread
[1.936s] INFO:colcon.colcon_core.plugin_system:Skipping extension 'colcon_notification.desktop_notification.terminal_notifier': Not used on non-Darwin systems
[1.936s] INFO:colcon.colcon_core.plugin_system:Skipping extension 'colcon_notification.desktop_notification.win32': Not used on non-Windows systems
[1.936s] INFO:colcon.colcon_notification.desktop_notification:Sending desktop notification using 'notify2'
[1.945s] DEBUG:colcon.colcon_core.event_reactor:joined thread
[1.945s] INFO:colcon.colcon_core.shell:Creating prefix script '/home/sergio/ros2_ws/src/install/local_setup.ps1'
[1.946s] INFO:colcon.colcon_core.shell:Creating prefix util module '/home/sergio/ros2_ws/src/install/_local_setup_util_ps1.py'
[1.948s] INFO:colcon.colcon_core.shell:Creating prefix chain script '/home/sergio/ros2_ws/src/install/setup.ps1'
[1.949s] INFO:colcon.colcon_core.shell:Creating prefix script '/home/sergio/ros2_ws/src/install/local_setup.sh'
[1.950s] INFO:colcon.colcon_core.shell:Creating prefix util module '/home/sergio/ros2_ws/src/install/_local_setup_util_sh.py'
[1.950s] INFO:colcon.colcon_core.shell:Creating prefix chain script '/home/sergio/ros2_ws/src/install/setup.sh'
[1.952s] INFO:colcon.colcon_core.shell:Creating prefix script '/home/sergio/ros2_ws/src/install/local_setup.bash'
[1.952s] INFO:colcon.colcon_core.shell:Creating prefix chain script '/home/sergio/ros2_ws/src/install/setup.bash'
[1.953s] INFO:colcon.colcon_core.shell:Creating prefix script '/home/sergio/ros2_ws/src/install/local_setup.zsh'
[1.954s] INFO:colcon.colcon_core.shell:Creating prefix chain script '/home/sergio/ros2_ws/src/install/setup.zsh'
