[3.726s] Invoking command in '/home/sergio/ros2_ws/src/p1_ej3_servidor': PYTHONPATH=/home/sergio/ros2_ws/build/p1_ej3_servidor/prefix_override:/home/sergio/.espressif/python_env/idf5.2_py3.10_env/lib/python3.10/site-packages/colcon_core/task/python/colcon_distutils_commands:/home/sergio/ros2_ws/install/p1_ej3_servidor/lib/python3.10/site-packages:${PYTHONPATH} /home/sergio/.espressif/python_env/idf5.2_py3.10_env/bin/python3 -W ignore:setup.py install is deprecated -W ignore:easy_install command is deprecated setup.py egg_info --egg-base ../../build/p1_ej3_servidor build --build-base /home/sergio/ros2_ws/build/p1_ej3_servidor/build install --record /home/sergio/ros2_ws/build/p1_ej3_servidor/install.log --single-version-externally-managed install_data
[4.507s] running egg_info
[4.558s] writing ../../build/p1_ej3_servidor/p1_ej3_servidor.egg-info/PKG-INFO
[4.559s] writing dependency_links to ../../build/p1_ej3_servidor/p1_ej3_servidor.egg-info/dependency_links.txt
[4.568s] writing entry points to ../../build/p1_ej3_servidor/p1_ej3_servidor.egg-info/entry_points.txt
[4.568s] writing requirements to ../../build/p1_ej3_servidor/p1_ej3_servidor.egg-info/requires.txt
[4.568s] writing top-level names to ../../build/p1_ej3_servidor/p1_ej3_servidor.egg-info/top_level.txt
[4.673s] reading manifest file '../../build/p1_ej3_servidor/p1_ej3_servidor.egg-info/SOURCES.txt'
[4.673s] writing manifest file '../../build/p1_ej3_servidor/p1_ej3_servidor.egg-info/SOURCES.txt'
[4.674s] running build
[4.674s] running build_py
[4.674s] copying p1_ej3_servidor/__init__.py -> /home/sergio/ros2_ws/build/p1_ej3_servidor/build/lib/p1_ej3_servidor
[4.676s] copying p1_ej3_servidor/servidor.py -> /home/sergio/ros2_ws/build/p1_ej3_servidor/build/lib/p1_ej3_servidor
[4.681s] running install
[4.698s] running install_lib
[4.736s] running install_data
[4.736s] copying resource/p1_ej3_servidor -> /home/sergio/ros2_ws/install/p1_ej3_servidor/share/ament_index/resource_index/packages
[4.736s] copying package.xml -> /home/sergio/ros2_ws/install/p1_ej3_servidor/share/p1_ej3_servidor
[4.737s] running install_egg_info
[4.771s] removing '/home/sergio/ros2_ws/install/p1_ej3_servidor/lib/python3.10/site-packages/p1_ej3_servidor-0.0.0-py3.10.egg-info' (and everything under it)
[4.771s] Copying ../../build/p1_ej3_servidor/p1_ej3_servidor.egg-info to /home/sergio/ros2_ws/install/p1_ej3_servidor/lib/python3.10/site-packages/p1_ej3_servidor-0.0.0-py3.10.egg-info
[4.773s] running install_scripts
[5.006s] Installing servidor script to /home/sergio/ros2_ws/install/p1_ej3_servidor/lib/p1_ej3_servidor
[5.007s] writing list of installed files to '/home/sergio/ros2_ws/build/p1_ej3_servidor/install.log'
[5.119s] Invoked command in '/home/sergio/ros2_ws/src/p1_ej3_servidor' returned '0': PYTHONPATH=/home/sergio/ros2_ws/build/p1_ej3_servidor/prefix_override:/home/sergio/.espressif/python_env/idf5.2_py3.10_env/lib/python3.10/site-packages/colcon_core/task/python/colcon_distutils_commands:/home/sergio/ros2_ws/install/p1_ej3_servidor/lib/python3.10/site-packages:${PYTHONPATH} /home/sergio/.espressif/python_env/idf5.2_py3.10_env/bin/python3 -W ignore:setup.py install is deprecated -W ignore:easy_install command is deprecated setup.py egg_info --egg-base ../../build/p1_ej3_servidor build --build-base /home/sergio/ros2_ws/build/p1_ej3_servidor/build install --record /home/sergio/ros2_ws/build/p1_ej3_servidor/install.log --single-version-externally-managed install_data
