[3.041s] Invoking command in '/home/sergio/ros2_ws/src/trr_robot_ps': PYTHONPATH=/home/sergio/ros2_ws/build/trr_robot_ps/prefix_override:/usr/lib/python3/dist-packages/colcon_core/task/python/colcon_distutils_commands:/home/sergio/ros2_ws/install/trr_robot_ps/lib/python3.10/site-packages:${PYTHONPATH} /usr/bin/python3 -W ignore:setup.py install is deprecated -W ignore:easy_install command is deprecated setup.py egg_info --egg-base ../../build/trr_robot_ps build --build-base /home/sergio/ros2_ws/build/trr_robot_ps/build install --record /home/sergio/ros2_ws/build/trr_robot_ps/install.log --single-version-externally-managed install_data
[3.470s] running egg_info
[3.472s] writing ../../build/trr_robot_ps/trr_robot_ps.egg-info/PKG-INFO
[3.472s] writing dependency_links to ../../build/trr_robot_ps/trr_robot_ps.egg-info/dependency_links.txt
[3.473s] writing entry points to ../../build/trr_robot_ps/trr_robot_ps.egg-info/entry_points.txt
[3.473s] writing requirements to ../../build/trr_robot_ps/trr_robot_ps.egg-info/requires.txt
[3.473s] writing top-level names to ../../build/trr_robot_ps/trr_robot_ps.egg-info/top_level.txt
[3.476s] reading manifest file '../../build/trr_robot_ps/trr_robot_ps.egg-info/SOURCES.txt'
[3.477s] writing manifest file '../../build/trr_robot_ps/trr_robot_ps.egg-info/SOURCES.txt'
[3.477s] running build
[3.477s] running build_py
[3.477s] running install
[3.478s] running install_lib
[3.480s] running install_data
[3.481s] running install_egg_info
[3.484s] removing '/home/sergio/ros2_ws/install/trr_robot_ps/lib/python3.10/site-packages/trr_robot_ps-0.0.0-py3.10.egg-info' (and everything under it)
[3.485s] Copying ../../build/trr_robot_ps/trr_robot_ps.egg-info to /home/sergio/ros2_ws/install/trr_robot_ps/lib/python3.10/site-packages/trr_robot_ps-0.0.0-py3.10.egg-info
[3.486s] running install_scripts
[3.520s] Installing pub_sub script to /home/sergio/ros2_ws/install/trr_robot_ps/lib/trr_robot_ps
[3.520s] writing list of installed files to '/home/sergio/ros2_ws/build/trr_robot_ps/install.log'
[3.552s] Invoked command in '/home/sergio/ros2_ws/src/trr_robot_ps' returned '0': PYTHONPATH=/home/sergio/ros2_ws/build/trr_robot_ps/prefix_override:/usr/lib/python3/dist-packages/colcon_core/task/python/colcon_distutils_commands:/home/sergio/ros2_ws/install/trr_robot_ps/lib/python3.10/site-packages:${PYTHONPATH} /usr/bin/python3 -W ignore:setup.py install is deprecated -W ignore:easy_install command is deprecated setup.py egg_info --egg-base ../../build/trr_robot_ps build --build-base /home/sergio/ros2_ws/build/trr_robot_ps/build install --record /home/sergio/ros2_ws/build/trr_robot_ps/install.log --single-version-externally-managed install_data
