[0.228s] Invoking command in '/home/sergio/ros2_ws/build/Stage': /usr/bin/cmake --build /home/sergio/ros2_ws/build/Stage -- -j16 -l16
[4.088s] [ 57%] Built target stage
[4.088s] [ 61%] Built target stagebinary
[4.088s] [ 64%] Built target sink
[4.088s] [ 67%] Built target rasterize
[4.088s] [ 71%] Built target pioneer_flocking
[4.088s] [ 76%] Built target dynamic
[4.088s] [ 77%] Built target source
[4.088s] [ 81%] Built target lasernoise
[4.088s] [ 84%] Built target fasr
[4.089s] [ 88%] Built target wander
[4.089s] [ 91%] Built target expand_pioneer
[4.089s] [ 96%] Built target fasr2
[4.089s] [100%] Built target expand_swarm
[4.460s] Invoked command in '/home/sergio/ros2_ws/build/Stage' returned '0': /usr/bin/cmake --build /home/sergio/ros2_ws/build/Stage -- -j16 -l16
[4.470s] Invoking command in '/home/sergio/ros2_ws/build/Stage': /usr/bin/cmake --install /home/sergio/ros2_ws/build/Stage
[4.479s] -- Install configuration: "RELEASE"
[4.480s] -- Up-to-date: /home/sergio/ros2_ws/install/Stage/lib/pkgconfig/stage.pc
[4.481s] -- Up-to-date: /home/sergio/ros2_ws/install/Stage/lib/cmake/Stage/stage-config.cmake
[4.481s] -- Up-to-date: /home/sergio/ros2_ws/install/Stage/lib/cmake/Stage/stage-config-version.cmake
[4.481s] -- Up-to-date: /home/sergio/ros2_ws/install/Stage/bin/stage
[4.481s] -- Up-to-date: /home/sergio/ros2_ws/install/Stage/lib/libstage.so.4.3.0
[4.481s] -- Up-to-date: /home/sergio/ros2_ws/install/Stage/lib/libstage.so
[4.481s] -- Up-to-date: /home/sergio/ros2_ws/install/Stage/include/Stage-4.3/stage.hh
[4.481s] -- Up-to-date: /home/sergio/ros2_ws/install/Stage/lib/Stage-4.3/fasr.so
[4.482s] -- Up-to-date: /home/sergio/ros2_ws/install/Stage/lib/Stage-4.3/sink.so
[4.482s] -- Up-to-date: /home/sergio/ros2_ws/install/Stage/lib/Stage-4.3/source.so
[4.483s] -- Up-to-date: /home/sergio/ros2_ws/install/Stage/lib/Stage-4.3/wander.so
[4.484s] -- Up-to-date: /home/sergio/ros2_ws/install/Stage/lib/Stage-4.3/pioneer_flocking.so
[4.485s] -- Up-to-date: /home/sergio/ros2_ws/install/Stage/lib/Stage-4.3/rasterize.so
[4.485s] -- Up-to-date: /home/sergio/ros2_ws/install/Stage/lib/Stage-4.3/lasernoise.so
[4.485s] -- Up-to-date: /home/sergio/ros2_ws/install/Stage/lib/Stage-4.3/dynamic.so
[4.485s] -- Up-to-date: /home/sergio/ros2_ws/install/Stage/lib/Stage-4.3/fasr2.so
[4.488s] -- Up-to-date: /home/sergio/ros2_ws/install/Stage/share/stage/assets/blue.png
[4.488s] -- Up-to-date: /home/sergio/ros2_ws/install/Stage/share/stage/assets/death.png
[4.488s] -- Up-to-date: /home/sergio/ros2_ws/install/Stage/share/stage/assets/green.png
[4.489s] -- Up-to-date: /home/sergio/ros2_ws/install/Stage/share/stage/assets/logo.png
[4.489s] -- Up-to-date: /home/sergio/ros2_ws/install/Stage/share/stage/assets/mains.png
[4.489s] -- Up-to-date: /home/sergio/ros2_ws/install/Stage/share/stage/assets/mainspower.png
[4.489s] -- Up-to-date: /home/sergio/ros2_ws/install/Stage/share/stage/assets/question_mark.png
[4.489s] -- Up-to-date: /home/sergio/ros2_ws/install/Stage/share/stage/assets/red.png
[4.489s] -- Up-to-date: /home/sergio/ros2_ws/install/Stage/share/stage/assets/stagelogo.png
[4.489s] -- Up-to-date: /home/sergio/ros2_ws/install/Stage/share/stage/assets/stall-old.png
[4.489s] -- Up-to-date: /home/sergio/ros2_ws/install/Stage/share/stage/assets/stall.png
[4.489s] -- Up-to-date: /home/sergio/ros2_ws/install/Stage/share/stage/assets/rgb.txt
[4.489s] -- Up-to-date: /home/sergio/ros2_ws/install/Stage/share/stage/rgb.txt
[4.490s] -- Up-to-date: /home/sergio/ros2_ws/install/Stage/share/stage/worlds/amcl-sonar.cfg
[4.490s] -- Up-to-date: /home/sergio/ros2_ws/install/Stage/share/stage/worlds/autolab.cfg
[4.490s] -- Up-to-date: /home/sergio/ros2_ws/install/Stage/share/stage/worlds/camera.cfg
[4.490s] -- Up-to-date: /home/sergio/ros2_ws/install/Stage/share/stage/worlds/everything.cfg
[4.490s] -- Up-to-date: /home/sergio/ros2_ws/install/Stage/share/stage/worlds/lsp_test.cfg
[4.490s] -- Up-to-date: /home/sergio/ros2_ws/install/Stage/share/stage/worlds/mbicp.cfg
[4.490s] -- Up-to-date: /home/sergio/ros2_ws/install/Stage/share/stage/worlds/nd.cfg
[4.490s] -- Up-to-date: /home/sergio/ros2_ws/install/Stage/share/stage/worlds/roomba.cfg
[4.491s] -- Up-to-date: /home/sergio/ros2_ws/install/Stage/share/stage/worlds/simple.cfg
[4.491s] -- Up-to-date: /home/sergio/ros2_ws/install/Stage/share/stage/worlds/test.cfg
[4.491s] -- Up-to-date: /home/sergio/ros2_ws/install/Stage/share/stage/worlds/uoa_robotics_lab.cfg
[4.491s] -- Up-to-date: /home/sergio/ros2_ws/install/Stage/share/stage/worlds/vfh.cfg
[4.492s] -- Up-to-date: /home/sergio/ros2_ws/install/Stage/share/stage/worlds/wavefront-remote.cfg
[4.497s] -- Up-to-date: /home/sergio/ros2_ws/install/Stage/share/stage/worlds/wavefront.cfg
[4.500s] -- Up-to-date: /home/sergio/ros2_ws/install/Stage/share/stage/worlds/wifi.cfg
[4.500s] -- Up-to-date: /home/sergio/ros2_ws/install/Stage/share/stage/worlds/SFU.world
[4.500s] -- Up-to-date: /home/sergio/ros2_ws/install/Stage/share/stage/worlds/autolab.world
[4.500s] -- Up-to-date: /home/sergio/ros2_ws/install/Stage/share/stage/worlds/camera.world
[4.501s] -- Up-to-date: /home/sergio/ros2_ws/install/Stage/share/stage/worlds/circuit.world
[4.501s] -- Up-to-date: /home/sergio/ros2_ws/install/Stage/share/stage/worlds/everything.world
[4.502s] -- Up-to-date: /home/sergio/ros2_ws/install/Stage/share/stage/worlds/fasr.world
[4.502s] -- Up-to-date: /home/sergio/ros2_ws/install/Stage/share/stage/worlds/fasr2.world
[4.502s] -- Up-to-date: /home/sergio/ros2_ws/install/Stage/share/stage/worlds/fasr_plan.world
[4.502s] -- Up-to-date: /home/sergio/ros2_ws/install/Stage/share/stage/worlds/large.world
[4.502s] -- Up-to-date: /home/sergio/ros2_ws/install/Stage/share/stage/worlds/lsp_test.world
[4.502s] -- Up-to-date: /home/sergio/ros2_ws/install/Stage/share/stage/worlds/mbicp.world
[4.503s] -- Up-to-date: /home/sergio/ros2_ws/install/Stage/share/stage/worlds/pioneer_flocking.world
[4.503s] -- Up-to-date: /home/sergio/ros2_ws/install/Stage/share/stage/worlds/pioneer_follow.world
[4.503s] -- Up-to-date: /home/sergio/ros2_ws/install/Stage/share/stage/worlds/pioneer_walle.world
[4.503s] -- Up-to-date: /home/sergio/ros2_ws/install/Stage/share/stage/worlds/roomba.world
[4.503s] -- Up-to-date: /home/sergio/ros2_ws/install/Stage/share/stage/worlds/sensor_noise_demo.world
[4.503s] -- Up-to-date: /home/sergio/ros2_ws/install/Stage/share/stage/worlds/sensor_noise_module_demo.world
[4.504s] -- Up-to-date: /home/sergio/ros2_ws/install/Stage/share/stage/worlds/simple.world
[4.505s] -- Up-to-date: /home/sergio/ros2_ws/install/Stage/share/stage/worlds/uoa_robotics_lab.world
[4.506s] -- Up-to-date: /home/sergio/ros2_ws/install/Stage/share/stage/worlds/wifi.world
[4.506s] -- Up-to-date: /home/sergio/ros2_ws/install/Stage/share/stage/worlds/beacons.inc
[4.507s] -- Up-to-date: /home/sergio/ros2_ws/install/Stage/share/stage/worlds/chatterbox.inc
[4.507s] -- Up-to-date: /home/sergio/ros2_ws/install/Stage/share/stage/worlds/hokuyo.inc
[4.507s] -- Up-to-date: /home/sergio/ros2_ws/install/Stage/share/stage/worlds/irobot.inc
[4.507s] -- Up-to-date: /home/sergio/ros2_ws/install/Stage/share/stage/worlds/map.inc
[4.507s] -- Up-to-date: /home/sergio/ros2_ws/install/Stage/share/stage/worlds/objects.inc
[4.508s] -- Up-to-date: /home/sergio/ros2_ws/install/Stage/share/stage/worlds/pantilt.inc
[4.508s] -- Up-to-date: /home/sergio/ros2_ws/install/Stage/share/stage/worlds/pioneer.inc
[4.508s] -- Up-to-date: /home/sergio/ros2_ws/install/Stage/share/stage/worlds/sick.inc
[4.528s] -- Up-to-date: /home/sergio/ros2_ws/install/Stage/share/stage/worlds/ubot.inc
[4.528s] -- Up-to-date: /home/sergio/ros2_ws/install/Stage/share/stage/worlds/uoa_robotics_lab_models.inc
[4.528s] -- Up-to-date: /home/sergio/ros2_ws/install/Stage/share/stage/worlds/walle.inc
[4.528s] -- Up-to-date: /home/sergio/ros2_ws/install/Stage/share/stage/worlds/cfggen.sh
[4.528s] -- Up-to-date: /home/sergio/ros2_ws/install/Stage/share/stage/worlds/test.sh
[4.529s] -- Up-to-date: /home/sergio/ros2_ws/install/Stage/share/stage/worlds/worldgen.sh
[4.529s] -- Up-to-date: /home/sergio/ros2_ws/install/Stage/lib/Stage-4.3/expand_swarm.so
[4.529s] -- Up-to-date: /home/sergio/ros2_ws/install/Stage/lib/Stage-4.3/expand_pioneer.so
[4.529s] -- Up-to-date: /home/sergio/ros2_ws/install/Stage/share/stage/worlds/bitmaps/889_05.png
[4.529s] -- Up-to-date: /home/sergio/ros2_ws/install/Stage/share/stage/worlds/bitmaps/SFU_1200x615.png
[4.529s] -- Up-to-date: /home/sergio/ros2_ws/install/Stage/share/stage/worlds/bitmaps/SRI-AIC-kwing.png
[4.529s] -- Up-to-date: /home/sergio/ros2_ws/install/Stage/share/stage/worlds/bitmaps/autolab.png
[4.530s] -- Up-to-date: /home/sergio/ros2_ws/install/Stage/share/stage/worlds/bitmaps/cave.png
[4.530s] -- Up-to-date: /home/sergio/ros2_ws/install/Stage/share/stage/worlds/bitmaps/cave_compact.png
[4.530s] -- Up-to-date: /home/sergio/ros2_ws/install/Stage/share/stage/worlds/bitmaps/cave_filled.png
[4.530s] -- Up-to-date: /home/sergio/ros2_ws/install/Stage/share/stage/worlds/bitmaps/frieburg.png
[4.530s] -- Up-to-date: /home/sergio/ros2_ws/install/Stage/share/stage/worlds/bitmaps/ghost.png
[4.530s] -- Up-to-date: /home/sergio/ros2_ws/install/Stage/share/stage/worlds/bitmaps/hospital.png
[4.531s] -- Up-to-date: /home/sergio/ros2_ws/install/Stage/share/stage/worlds/bitmaps/hospital_section.png
[4.531s] -- Up-to-date: /home/sergio/ros2_ws/install/Stage/share/stage/worlds/bitmaps/human_outline.png
[4.531s] -- Up-to-date: /home/sergio/ros2_ws/install/Stage/share/stage/worlds/bitmaps/mbicp.png
[4.531s] -- Up-to-date: /home/sergio/ros2_ws/install/Stage/share/stage/worlds/bitmaps/rink.png
[4.549s] -- Up-to-date: /home/sergio/ros2_ws/install/Stage/share/stage/worlds/bitmaps/sal2.png
[4.549s] -- Up-to-date: /home/sergio/ros2_ws/install/Stage/share/stage/worlds/bitmaps/simple_rooms.png
[4.550s] -- Up-to-date: /home/sergio/ros2_ws/install/Stage/share/stage/worlds/bitmaps/space_invader.png
[4.550s] -- Up-to-date: /home/sergio/ros2_ws/install/Stage/share/stage/worlds/bitmaps/submarine.png
[4.550s] -- Up-to-date: /home/sergio/ros2_ws/install/Stage/share/stage/worlds/bitmaps/submarine_small.png
[4.550s] -- Up-to-date: /home/sergio/ros2_ws/install/Stage/share/stage/worlds/bitmaps/table.png
[4.550s] -- Up-to-date: /home/sergio/ros2_ws/install/Stage/share/stage/worlds/bitmaps/uoa_robotics_lab.png
[4.550s] -- Up-to-date: /home/sergio/ros2_ws/install/Stage/share/stage/worlds/wifi/commando.world
[4.550s] -- Up-to-date: /home/sergio/ros2_ws/install/Stage/share/stage/worlds/wifi/hosp_wifi.world
[4.551s] -- Up-to-date: /home/sergio/ros2_ws/install/Stage/share/stage/worlds/wifi/hosp_wifi_5.world
[4.551s] -- Up-to-date: /home/sergio/ros2_ws/install/Stage/share/stage/worlds/wifi/wifi.world
[4.551s] -- Up-to-date: /home/sergio/ros2_ws/install/Stage/share/stage/worlds/wifi/wifi_itu.world
[4.551s] -- Up-to-date: /home/sergio/ros2_ws/install/Stage/share/stage/worlds/wifi/wifi_logdistance.world
[4.551s] -- Up-to-date: /home/sergio/ros2_ws/install/Stage/share/stage/worlds/wifi/wifi_ray.world
[4.551s] -- Up-to-date: /home/sergio/ros2_ws/install/Stage/share/stage/worlds/wifi/wifi_simple.world
[4.551s] -- Up-to-date: /home/sergio/ros2_ws/install/Stage/share/stage/worlds/wifi/map.inc
[4.879s] Invoked command in '/home/sergio/ros2_ws/build/Stage' returned '0': /usr/bin/cmake --install /home/sergio/ros2_ws/build/Stage
