[3.199s] Invoking command in '/home/sergio/ros2_ws/src/cam_viewer': PYTHONPATH=/home/sergio/ros2_ws/build/cam_viewer/prefix_override:/home/sergio/.espressif/python_env/idf5.2_py3.10_env/lib/python3.10/site-packages/colcon_core/task/python/colcon_distutils_commands:/home/sergio/ros2_ws/install/cam_viewer/lib/python3.10/site-packages:${PYTHONPATH} /home/sergio/.espressif/python_env/idf5.2_py3.10_env/bin/python3 -W ignore:setup.py install is deprecated -W ignore:easy_install command is deprecated setup.py egg_info --egg-base ../../build/cam_viewer build --build-base /home/sergio/ros2_ws/build/cam_viewer/build install --record /home/sergio/ros2_ws/build/cam_viewer/install.log --single-version-externally-managed install_data
[3.842s] running egg_info
[3.869s] writing ../../build/cam_viewer/cam_viewer.egg-info/PKG-INFO
[3.870s] writing dependency_links to ../../build/cam_viewer/cam_viewer.egg-info/dependency_links.txt
[3.870s] writing entry points to ../../build/cam_viewer/cam_viewer.egg-info/entry_points.txt
[3.871s] writing requirements to ../../build/cam_viewer/cam_viewer.egg-info/requires.txt
[3.871s] writing top-level names to ../../build/cam_viewer/cam_viewer.egg-info/top_level.txt
[3.971s] reading manifest file '../../build/cam_viewer/cam_viewer.egg-info/SOURCES.txt'
[3.974s] writing manifest file '../../build/cam_viewer/cam_viewer.egg-info/SOURCES.txt'
[3.974s] running build
[3.974s] running build_py
[3.974s] copying cam_viewer/camera_node.py -> /home/sergio/ros2_ws/build/cam_viewer/build/lib/cam_viewer
[3.974s] copying cam_viewer/cam_sub.py -> /home/sergio/ros2_ws/build/cam_viewer/build/lib/cam_viewer
[3.974s] copying cam_viewer/__init__.py -> /home/sergio/ros2_ws/build/cam_viewer/build/lib/cam_viewer
[3.974s] running install
[4.001s] running install_lib
[4.035s] running install_data
[4.035s] copying resource/cam_viewer -> /home/sergio/ros2_ws/install/cam_viewer/share/ament_index/resource_index/packages
[4.035s] copying package.xml -> /home/sergio/ros2_ws/install/cam_viewer/share/cam_viewer
[4.036s] running install_egg_info
[4.122s] removing '/home/sergio/ros2_ws/install/cam_viewer/lib/python3.10/site-packages/cam_viewer-0.0.0-py3.10.egg-info' (and everything under it)
[4.122s] Copying ../../build/cam_viewer/cam_viewer.egg-info to /home/sergio/ros2_ws/install/cam_viewer/lib/python3.10/site-packages/cam_viewer-0.0.0-py3.10.egg-info
[4.122s] running install_scripts
[4.553s] Installing cam_sub script to /home/sergio/ros2_ws/install/cam_viewer/lib/cam_viewer
[4.553s] Installing camera_node script to /home/sergio/ros2_ws/install/cam_viewer/lib/cam_viewer
[4.554s] writing list of installed files to '/home/sergio/ros2_ws/build/cam_viewer/install.log'
[4.746s] Invoked command in '/home/sergio/ros2_ws/src/cam_viewer' returned '0': PYTHONPATH=/home/sergio/ros2_ws/build/cam_viewer/prefix_override:/home/sergio/.espressif/python_env/idf5.2_py3.10_env/lib/python3.10/site-packages/colcon_core/task/python/colcon_distutils_commands:/home/sergio/ros2_ws/install/cam_viewer/lib/python3.10/site-packages:${PYTHONPATH} /home/sergio/.espressif/python_env/idf5.2_py3.10_env/bin/python3 -W ignore:setup.py install is deprecated -W ignore:easy_install command is deprecated setup.py egg_info --egg-base ../../build/cam_viewer build --build-base /home/sergio/ros2_ws/build/cam_viewer/build install --record /home/sergio/ros2_ws/build/cam_viewer/install.log --single-version-externally-managed install_data
