[2.781s] Invoking command in '/home/sergio/ros2_ws/src/robot_autonomo': PYTHONPATH=/home/sergio/ros2_ws/build/robot_autonomo/prefix_override:/usr/lib/python3/dist-packages/colcon_core/task/python/colcon_distutils_commands:/home/sergio/ros2_ws/install/robot_autonomo/lib/python3.10/site-packages:${PYTHONPATH} /usr/bin/python3 -W ignore:setup.py install is deprecated -W ignore:easy_install command is deprecated setup.py egg_info --egg-base ../../build/robot_autonomo build --build-base /home/sergio/ros2_ws/build/robot_autonomo/build install --record /home/sergio/ros2_ws/build/robot_autonomo/install.log --single-version-externally-managed install_data
[3.277s] running egg_info
[3.280s] writing ../../build/robot_autonomo/robot_autonomo.egg-info/PKG-INFO
[3.280s] writing dependency_links to ../../build/robot_autonomo/robot_autonomo.egg-info/dependency_links.txt
[3.280s] writing entry points to ../../build/robot_autonomo/robot_autonomo.egg-info/entry_points.txt
[3.280s] writing requirements to ../../build/robot_autonomo/robot_autonomo.egg-info/requires.txt
[3.280s] writing top-level names to ../../build/robot_autonomo/robot_autonomo.egg-info/top_level.txt
[3.282s] reading manifest file '../../build/robot_autonomo/robot_autonomo.egg-info/SOURCES.txt'
[3.285s] writing manifest file '../../build/robot_autonomo/robot_autonomo.egg-info/SOURCES.txt'
[3.286s] running build
[3.286s] running build_py
[3.286s] copying robot_autonomo/evitar_obstaculos.py -> /home/sergio/ros2_ws/build/robot_autonomo/build/lib/robot_autonomo
[3.286s] running install
[3.286s] running install_lib
[3.288s] copying /home/sergio/ros2_ws/build/robot_autonomo/build/lib/robot_autonomo/evitar_obstaculos.py -> /home/sergio/ros2_ws/install/robot_autonomo/lib/python3.10/site-packages/robot_autonomo
[3.290s] byte-compiling /home/sergio/ros2_ws/install/robot_autonomo/lib/python3.10/site-packages/robot_autonomo/evitar_obstaculos.py to evitar_obstaculos.cpython-310.pyc
[3.291s] running install_data
[3.292s] running install_egg_info
[3.295s] removing '/home/sergio/ros2_ws/install/robot_autonomo/lib/python3.10/site-packages/robot_autonomo-0.0.0-py3.10.egg-info' (and everything under it)
[3.296s] Copying ../../build/robot_autonomo/robot_autonomo.egg-info to /home/sergio/ros2_ws/install/robot_autonomo/lib/python3.10/site-packages/robot_autonomo-0.0.0-py3.10.egg-info
[3.297s] running install_scripts
[3.335s] Installing evita_obstaculos script to /home/sergio/ros2_ws/install/robot_autonomo/lib/robot_autonomo
[3.336s] Installing evita_obstaculos2 script to /home/sergio/ros2_ws/install/robot_autonomo/lib/robot_autonomo
[3.336s] writing list of installed files to '/home/sergio/ros2_ws/build/robot_autonomo/install.log'
[3.363s] Invoked command in '/home/sergio/ros2_ws/src/robot_autonomo' returned '0': PYTHONPATH=/home/sergio/ros2_ws/build/robot_autonomo/prefix_override:/usr/lib/python3/dist-packages/colcon_core/task/python/colcon_distutils_commands:/home/sergio/ros2_ws/install/robot_autonomo/lib/python3.10/site-packages:${PYTHONPATH} /usr/bin/python3 -W ignore:setup.py install is deprecated -W ignore:easy_install command is deprecated setup.py egg_info --egg-base ../../build/robot_autonomo build --build-base /home/sergio/ros2_ws/build/robot_autonomo/build install --record /home/sergio/ros2_ws/build/robot_autonomo/install.log --single-version-externally-managed install_data
