[7.001s] Invoking command in '/home/sergio/ros2_ws/src/p1_ej2_nodo4': PYTHONPATH=/home/sergio/ros2_ws/build/p1_ej2_nodo4/prefix_override:/usr/lib/python3/dist-packages/colcon_core/task/python/colcon_distutils_commands:/home/sergio/ros2_ws/install/p1_ej2_nodo4/lib/python3.10/site-packages:${PYTHONPATH} /usr/bin/python3 -W ignore:setup.py install is deprecated -W ignore:easy_install command is deprecated setup.py egg_info --egg-base ../../build/p1_ej2_nodo4 build --build-base /home/sergio/ros2_ws/build/p1_ej2_nodo4/build install --record /home/sergio/ros2_ws/build/p1_ej2_nodo4/install.log --single-version-externally-managed install_data
[8.572s] running egg_info
[8.572s] creating ../../build/p1_ej2_nodo4/p1_ej2_nodo4.egg-info
[8.572s] writing ../../build/p1_ej2_nodo4/p1_ej2_nodo4.egg-info/PKG-INFO
[8.572s] writing dependency_links to ../../build/p1_ej2_nodo4/p1_ej2_nodo4.egg-info/dependency_links.txt
[8.572s] writing entry points to ../../build/p1_ej2_nodo4/p1_ej2_nodo4.egg-info/entry_points.txt
[8.572s] writing requirements to ../../build/p1_ej2_nodo4/p1_ej2_nodo4.egg-info/requires.txt
[8.573s] writing top-level names to ../../build/p1_ej2_nodo4/p1_ej2_nodo4.egg-info/top_level.txt
[8.577s] writing manifest file '../../build/p1_ej2_nodo4/p1_ej2_nodo4.egg-info/SOURCES.txt'
[8.577s] reading manifest file '../../build/p1_ej2_nodo4/p1_ej2_nodo4.egg-info/SOURCES.txt'
[8.587s] writing manifest file '../../build/p1_ej2_nodo4/p1_ej2_nodo4.egg-info/SOURCES.txt'
[8.587s] running build
[8.587s] running build_py
[8.588s] creating /home/sergio/ros2_ws/build/p1_ej2_nodo4/build
[8.588s] creating /home/sergio/ros2_ws/build/p1_ej2_nodo4/build/lib
[8.588s] creating /home/sergio/ros2_ws/build/p1_ej2_nodo4/build/lib/p1_ej2_nodo4
[8.588s] copying p1_ej2_nodo4/nodo4.py -> /home/sergio/ros2_ws/build/p1_ej2_nodo4/build/lib/p1_ej2_nodo4
[8.592s] copying p1_ej2_nodo4/__init__.py -> /home/sergio/ros2_ws/build/p1_ej2_nodo4/build/lib/p1_ej2_nodo4
[8.592s] running install
[8.593s] running install_lib
[8.594s] creating /home/sergio/ros2_ws/install/p1_ej2_nodo4/lib/python3.10/site-packages/p1_ej2_nodo4
[8.595s] copying /home/sergio/ros2_ws/build/p1_ej2_nodo4/build/lib/p1_ej2_nodo4/nodo4.py -> /home/sergio/ros2_ws/install/p1_ej2_nodo4/lib/python3.10/site-packages/p1_ej2_nodo4
[8.595s] copying /home/sergio/ros2_ws/build/p1_ej2_nodo4/build/lib/p1_ej2_nodo4/__init__.py -> /home/sergio/ros2_ws/install/p1_ej2_nodo4/lib/python3.10/site-packages/p1_ej2_nodo4
[8.603s] byte-compiling /home/sergio/ros2_ws/install/p1_ej2_nodo4/lib/python3.10/site-packages/p1_ej2_nodo4/nodo4.py to nodo4.cpython-310.pyc
[8.605s] byte-compiling /home/sergio/ros2_ws/install/p1_ej2_nodo4/lib/python3.10/site-packages/p1_ej2_nodo4/__init__.py to __init__.cpython-310.pyc
[8.605s] running install_data
[8.605s] creating /home/sergio/ros2_ws/install/p1_ej2_nodo4/share/ament_index
[8.606s] creating /home/sergio/ros2_ws/install/p1_ej2_nodo4/share/ament_index/resource_index
[8.606s] creating /home/sergio/ros2_ws/install/p1_ej2_nodo4/share/ament_index/resource_index/packages
[8.617s] copying resource/p1_ej2_nodo4 -> /home/sergio/ros2_ws/install/p1_ej2_nodo4/share/ament_index/resource_index/packages
[8.617s] copying package.xml -> /home/sergio/ros2_ws/install/p1_ej2_nodo4/share/p1_ej2_nodo4
[8.618s] running install_egg_info
[8.629s] Copying ../../build/p1_ej2_nodo4/p1_ej2_nodo4.egg-info to /home/sergio/ros2_ws/install/p1_ej2_nodo4/lib/python3.10/site-packages/p1_ej2_nodo4-0.0.0-py3.10.egg-info
[8.629s] running install_scripts
[8.829s] Installing nodo4 script to /home/sergio/ros2_ws/install/p1_ej2_nodo4/lib/p1_ej2_nodo4
[8.829s] writing list of installed files to '/home/sergio/ros2_ws/build/p1_ej2_nodo4/install.log'
[9.039s] Invoked command in '/home/sergio/ros2_ws/src/p1_ej2_nodo4' returned '0': PYTHONPATH=/home/sergio/ros2_ws/build/p1_ej2_nodo4/prefix_override:/usr/lib/python3/dist-packages/colcon_core/task/python/colcon_distutils_commands:/home/sergio/ros2_ws/install/p1_ej2_nodo4/lib/python3.10/site-packages:${PYTHONPATH} /usr/bin/python3 -W ignore:setup.py install is deprecated -W ignore:easy_install command is deprecated setup.py egg_info --egg-base ../../build/p1_ej2_nodo4 build --build-base /home/sergio/ros2_ws/build/p1_ej2_nodo4/build install --record /home/sergio/ros2_ws/build/p1_ej2_nodo4/install.log --single-version-externally-managed install_data
