[2.710s] Invoking command in '/home/sergio/ros2_ws/src/mma_talker': PYTHONPATH=/home/sergio/ros2_ws/build/mma_talker/prefix_override:/usr/lib/python3/dist-packages/colcon_core/task/python/colcon_distutils_commands:/home/sergio/ros2_ws/install/mma_talker/lib/python3.10/site-packages:${PYTHONPATH} /usr/bin/python3 -W ignore:setup.py install is deprecated -W ignore:easy_install command is deprecated setup.py egg_info --egg-base ../../build/mma_talker build --build-base /home/sergio/ros2_ws/build/mma_talker/build install --record /home/sergio/ros2_ws/build/mma_talker/install.log --single-version-externally-managed install_data
[2.968s] running egg_info
[2.969s] writing ../../build/mma_talker/mma_talker.egg-info/PKG-INFO
[2.970s] writing dependency_links to ../../build/mma_talker/mma_talker.egg-info/dependency_links.txt
[2.971s] writing entry points to ../../build/mma_talker/mma_talker.egg-info/entry_points.txt
[2.971s] writing requirements to ../../build/mma_talker/mma_talker.egg-info/requires.txt
[2.973s] writing top-level names to ../../build/mma_talker/mma_talker.egg-info/top_level.txt
[2.974s] reading manifest file '../../build/mma_talker/mma_talker.egg-info/SOURCES.txt'
[2.976s] writing manifest file '../../build/mma_talker/mma_talker.egg-info/SOURCES.txt'
[2.976s] running build
[2.977s] running build_py
[2.977s] running install
[2.977s] running install_lib
[2.979s] running install_data
[2.979s] running install_egg_info
[2.984s] removing '/home/sergio/ros2_ws/install/mma_talker/lib/python3.10/site-packages/mma_talker-0.0.0-py3.10.egg-info' (and everything under it)
[2.984s] Copying ../../build/mma_talker/mma_talker.egg-info to /home/sergio/ros2_ws/install/mma_talker/lib/python3.10/site-packages/mma_talker-0.0.0-py3.10.egg-info
[2.985s] running install_scripts
[3.034s] Installing mma_talker script to /home/sergio/ros2_ws/install/mma_talker/lib/mma_talker
[3.034s] Installing talker script to /home/sergio/ros2_ws/install/mma_talker/lib/mma_talker
[3.034s] writing list of installed files to '/home/sergio/ros2_ws/build/mma_talker/install.log'
[3.079s] Invoked command in '/home/sergio/ros2_ws/src/mma_talker' returned '0': PYTHONPATH=/home/sergio/ros2_ws/build/mma_talker/prefix_override:/usr/lib/python3/dist-packages/colcon_core/task/python/colcon_distutils_commands:/home/sergio/ros2_ws/install/mma_talker/lib/python3.10/site-packages:${PYTHONPATH} /usr/bin/python3 -W ignore:setup.py install is deprecated -W ignore:easy_install command is deprecated setup.py egg_info --egg-base ../../build/mma_talker build --build-base /home/sergio/ros2_ws/build/mma_talker/build install --record /home/sergio/ros2_ws/build/mma_talker/install.log --single-version-externally-managed install_data
