[0.224s] Invoking command in '/home/sergio/ros2_ws/build/moveit_task_constructor_msgs': CMAKE_PREFIX_PATH=${CMAKE_PREFIX_PATH}:/home/sergio/ros2_ws/install/cam_viewer:/home/sergio/ros2_ws/install/trr_robot_ps:/home/sergio/ros2_ws/install/robot_nav:/home/sergio/ros2_ws/install/robot_autonomo:/home/sergio/ros2_ws/install/p2_ej3:/home/sergio/ros2_ws/install/p1_ej3_servidor:/home/sergio/ros2_ws/install/p1_ej3_cliente:/home/sergio/ros2_ws/install/p1_ej2_nodos_sensor:/home/sergio/ros2_ws/install/p1_ej2_nodo5:/home/sergio/ros2_ws/install/p1_ej2_nodo4:/home/sergio/ros2_ws/install/nodo_adc_sub:/home/sergio/ros2_ws/install/my_stage_mover:/home/sergio/ros2_ws/install/my_package:/home/sergio/ros2_ws/install/mma_talker:/home/sergio/ros2_ws/install/mma_service:/home/sergio/ros2_ws/install/mma_listener:/home/sergio/ros2_ws/install/ejercicio_tres_server:/home/sergio/ros2_ws/install/ejercicio_tres_client:/home/sergio/ros2_ws/install/ejercicio_dos:/home/sergio/ros2_ws/install/ejercicio1_pkg:/home/sergio/ros2_ws/install/ejemplo_uno:/home/sergio/ros2_ws/install/auto_mover:/home/sergio/ros2_ws/install/P1_ej1_sub:/home/sergio/ros2_ws/install/P1_ej1_pub:/opt/ros/humble /usr/bin/cmake --build /home/sergio/ros2_ws/build/moveit_task_constructor_msgs -- -j16 -l16
[2.983s] [  0%] Built target moveit_task_constructor_msgs__cpp
[2.984s] [ 12%] Built target moveit_task_constructor_msgs__rosidl_generator_c
[2.984s] [ 12%] Built target ament_cmake_python_copy_moveit_task_constructor_msgs
[2.984s] [ 24%] Built target moveit_task_constructor_msgs__rosidl_typesupport_cpp
[2.984s] [ 36%] Built target moveit_task_constructor_msgs__rosidl_typesupport_c
[2.984s] [ 48%] Built target moveit_task_constructor_msgs__rosidl_typesupport_introspection_c
[2.984s] [ 59%] Built target moveit_task_constructor_msgs__rosidl_typesupport_fastrtps_cpp
[2.984s] [ 71%] Built target moveit_task_constructor_msgs__rosidl_typesupport_introspection_cpp
[2.984s] [ 83%] Built target moveit_task_constructor_msgs__rosidl_typesupport_fastrtps_c
[2.985s] [ 83%] Built target moveit_task_constructor_msgs
[2.985s] [ 84%] Built target moveit_task_constructor_msgs__py
[2.985s] [ 95%] Built target moveit_task_constructor_msgs__rosidl_generator_py
[2.985s] [ 97%] Built target moveit_task_constructor_msgs__rosidl_typesupport_introspection_c__pyext
[2.985s] [ 99%] Built target moveit_task_constructor_msgs__rosidl_typesupport_fastrtps_c__pyext
[2.985s] [100%] Built target moveit_task_constructor_msgs__rosidl_typesupport_c__pyext
[2.985s] running egg_info
[2.985s] writing moveit_task_constructor_msgs.egg-info/PKG-INFO
[2.985s] writing dependency_links to moveit_task_constructor_msgs.egg-info/dependency_links.txt
[2.985s] writing top-level names to moveit_task_constructor_msgs.egg-info/top_level.txt
[2.985s] reading manifest file 'moveit_task_constructor_msgs.egg-info/SOURCES.txt'
[2.985s] writing manifest file 'moveit_task_constructor_msgs.egg-info/SOURCES.txt'
[2.985s] [100%] Built target ament_cmake_python_build_moveit_task_constructor_msgs_egg
