[0.000000] (-) TimerEvent: {}
[0.000170] (-) JobUnselected: {'identifier': 'P1_ej1_pub'}
[0.000187] (-) JobUnselected: {'identifier': 'P1_ej1_sub'}
[0.000197] (-) JobUnselected: {'identifier': 'Stage'}
[0.000206] (-) JobUnselected: {'identifier': 'auto_mover'}
[0.000214] (-) JobUnselected: {'identifier': 'cartographer_ros'}
[0.000223] (-) JobUnselected: {'identifier': 'cartographer_ros_msgs'}
[0.000231] (-) JobUnselected: {'identifier': 'cartographer_rviz'}
[0.000239] (-) JobUnselected: {'identifier': 'ejemplo_uno'}
[0.000247] (-) JobUnselected: {'identifier': 'ejercicio_dos'}
[0.000255] (-) JobUnselected: {'identifier': 'ejercicio_tres_client'}
[0.000263] (-) JobUnselected: {'identifier': 'ejercicio_tres_interface'}
[0.000271] (-) JobUnselected: {'identifier': 'ejercicio_tres_server'}
[0.000279] (-) JobUnselected: {'identifier': 'mma_interfaces'}
[0.000287] (-) JobUnselected: {'identifier': 'mma_listener'}
[0.000295] (-) JobUnselected: {'identifier': 'mma_service'}
[0.000303] (-) JobUnselected: {'identifier': 'mma_talker'}
[0.000311] (-) JobUnselected: {'identifier': 'my_package'}
[0.000319] (-) JobUnselected: {'identifier': 'my_stage_mover'}
[0.000327] (-) JobUnselected: {'identifier': 'navigation_tb3'}
[0.000336] (-) JobUnselected: {'identifier': 'nodo_adc_sub'}
[0.000344] (-) JobUnselected: {'identifier': 'p1_ej2_interface'}
[0.000352] (-) JobUnselected: {'identifier': 'p1_ej2_nodo4'}
[0.000360] (-) JobUnselected: {'identifier': 'p1_ej2_nodo5'}
[0.000368] (-) JobUnselected: {'identifier': 'p1_ej2_nodos_sensor'}
[0.000376] (-) JobUnselected: {'identifier': 'p1_ej3_cliente'}
[0.000384] (-) JobUnselected: {'identifier': 'p1_ej3_interface'}
[0.000392] (-) JobUnselected: {'identifier': 'p1_ej3_servidor'}
[0.000400] (-) JobUnselected: {'identifier': 'robot_autonomo'}
[0.000408] (-) JobUnselected: {'identifier': 'robot_description'}
[0.000416] (-) JobUnselected: {'identifier': 'stage_ros2'}
[0.000423] (-) JobUnselected: {'identifier': 'stage_worlds'}
[0.000431] (-) JobUnselected: {'identifier': 'trr_robot'}
[0.000439] (-) JobUnselected: {'identifier': 'trr_robot_ps'}
[0.000449] (robot_nav) JobQueued: {'identifier': 'robot_nav', 'dependencies': OrderedDict()}
[0.000589] (robot_nav) JobStarted: {'identifier': 'robot_nav'}
[0.099937] (-) TimerEvent: {}
[0.200237] (-) TimerEvent: {}
[0.217844] (robot_nav) StderrLine: {'line': b'Traceback (most recent call last):\n  File "/usr/lib/python3/dist-packages/colcon_core/executor/__init__.py", line 91, in __call__\n    rc = await self.task(*args, **kwargs)\n  File "/usr/lib/python3/dist-packages/colcon_core/task/__init__.py", line 93, in __call__\n    return await task_method(*args, **kwargs)\n  File "/usr/lib/python3/dist-packages/colcon_ros/task/ament_python/build.py", line 51, in build\n    setup_py_data = get_setup_data(self.context.pkg, env)\n  File "/usr/lib/python3/dist-packages/colcon_core/task/python/__init__.py", line 20, in get_setup_data\n    return dict(pkg.metadata[key](env))\n  File "/usr/lib/python3/dist-packages/colcon_ros/package_augmentation/ros_ament_python.py", line 57, in getter\n    return get_setup_information(\n  File "/usr/lib/python3/dist-packages/colcon_python_setup_py/package_identification/python_setup_py.py", line 249, in get_setup_information\n    _setup_information_cache[hashable_env] = _get_setup_information(\n  File "/usr/lib/python3/dist-packages/colcon_python_setup_py/package_identification/python_setup_py.py", line 296, in _get_setup_information\n    result = subprocess.run(\n  File "/usr/lib/python3.10/subprocess.py", line 526, in run\n    raise CalledProcessError(retcode, process.args,\nsubprocess.CalledProcessError: Command \'[\'/usr/bin/python3\', \'-c\', \'import sys;from contextlib import suppress;exec("with suppress(ImportError):    from setuptools.extern.packaging.specifiers    import SpecifierSet");exec("with suppress(ImportError):    from packaging.specifiers import SpecifierSet");from distutils.core import run_setup;dist = run_setup(    \\\'setup.py\\\', script_args=(\\\'--dry-run\\\',), stop_after=\\\'config\\\');skip_keys = (\\\'cmdclass\\\', \\\'distclass\\\', \\\'ext_modules\\\', \\\'metadata\\\');data = {    key: value for key, value in dist.__dict__.items()     if (        not key.startswith(\\\'_\\\') and         not callable(value) and         key not in skip_keys and         key not in dist.display_option_names    )};data[\\\'metadata\\\'] = {    k: v for k, v in dist.metadata.__dict__.items()     if k not in (\\\'license_files\\\', \\\'provides_extras\\\')};sys.stdout.buffer.write(repr(data).encode(\\\'utf-8\\\'))\']\' returned non-zero exit status 1.\n'}
[0.218155] (robot_nav) JobEnded: {'identifier': 'robot_nav', 'rc': 1}
[0.228169] (-) EventReactorShutdown: {}
