[3.301s] Invoking command in '/home/sergio/ros2_ws/src/mma_talker': PYTHONPATH=/home/sergio/ros2_ws/build/mma_talker/prefix_override:/home/sergio/.espressif/python_env/idf5.2_py3.10_env/lib/python3.10/site-packages/colcon_core/task/python/colcon_distutils_commands:/home/sergio/ros2_ws/install/mma_talker/lib/python3.10/site-packages:${PYTHONPATH} /home/sergio/.espressif/python_env/idf5.2_py3.10_env/bin/python3 -W ignore:setup.py install is deprecated -W ignore:easy_install command is deprecated setup.py egg_info --egg-base ../../build/mma_talker build --build-base /home/sergio/ros2_ws/build/mma_talker/build install --record /home/sergio/ros2_ws/build/mma_talker/install.log --single-version-externally-managed install_data
[3.896s] running egg_info
[3.927s] writing ../../build/mma_talker/mma_talker.egg-info/PKG-INFO
[3.930s] writing dependency_links to ../../build/mma_talker/mma_talker.egg-info/dependency_links.txt
[3.930s] writing entry points to ../../build/mma_talker/mma_talker.egg-info/entry_points.txt
[3.930s] writing requirements to ../../build/mma_talker/mma_talker.egg-info/requires.txt
[3.930s] writing top-level names to ../../build/mma_talker/mma_talker.egg-info/top_level.txt
[4.000s] reading manifest file '../../build/mma_talker/mma_talker.egg-info/SOURCES.txt'
[4.002s] writing manifest file '../../build/mma_talker/mma_talker.egg-info/SOURCES.txt'
[4.006s] running build
[4.007s] running build_py
[4.007s] copying mma_talker/mma_talker.py -> /home/sergio/ros2_ws/build/mma_talker/build/lib/mma_talker
[4.007s] copying mma_talker/__init__.py -> /home/sergio/ros2_ws/build/mma_talker/build/lib/mma_talker
[4.007s] copying mma_talker/talker.py -> /home/sergio/ros2_ws/build/mma_talker/build/lib/mma_talker
[4.007s] running install
[4.017s] running install_lib
[4.051s] running install_data
[4.055s] copying resource/mma_talker -> /home/sergio/ros2_ws/install/mma_talker/share/ament_index/resource_index/packages
[4.055s] copying package.xml -> /home/sergio/ros2_ws/install/mma_talker/share/mma_talker
[4.056s] running install_egg_info
[4.084s] removing '/home/sergio/ros2_ws/install/mma_talker/lib/python3.10/site-packages/mma_talker-0.0.0-py3.10.egg-info' (and everything under it)
[4.086s] Copying ../../build/mma_talker/mma_talker.egg-info to /home/sergio/ros2_ws/install/mma_talker/lib/python3.10/site-packages/mma_talker-0.0.0-py3.10.egg-info
[4.091s] running install_scripts
[4.321s] Installing mma_talker script to /home/sergio/ros2_ws/install/mma_talker/lib/mma_talker
[4.321s] Installing talker script to /home/sergio/ros2_ws/install/mma_talker/lib/mma_talker
[4.322s] writing list of installed files to '/home/sergio/ros2_ws/build/mma_talker/install.log'
[4.420s] Invoked command in '/home/sergio/ros2_ws/src/mma_talker' returned '0': PYTHONPATH=/home/sergio/ros2_ws/build/mma_talker/prefix_override:/home/sergio/.espressif/python_env/idf5.2_py3.10_env/lib/python3.10/site-packages/colcon_core/task/python/colcon_distutils_commands:/home/sergio/ros2_ws/install/mma_talker/lib/python3.10/site-packages:${PYTHONPATH} /home/sergio/.espressif/python_env/idf5.2_py3.10_env/bin/python3 -W ignore:setup.py install is deprecated -W ignore:easy_install command is deprecated setup.py egg_info --egg-base ../../build/mma_talker build --build-base /home/sergio/ros2_ws/build/mma_talker/build install --record /home/sergio/ros2_ws/build/mma_talker/install.log --single-version-externally-managed install_data
