[0.112s] Invoking command in '/home/sergio/ros2_ws/build/trr_robot': CMAKE_PREFIX_PATH=${CMAKE_PREFIX_PATH}:/home/sergio/ros2_ws/install/p1_ej3_servidor:/home/sergio/ros2_ws/install/p1_ej3_cliente:/home/sergio/ros2_ws/install/p1_ej2_nodos_sensor:/home/sergio/ros2_ws/install/p1_ej2_nodo5:/home/sergio/ros2_ws/install/p1_ej2_nodo4:/home/sergio/ros2_ws/install/my_package:/home/sergio/ros2_ws/install/mma_talker:/home/sergio/ros2_ws/install/mma_service:/home/sergio/ros2_ws/install/mma_listener:/home/sergio/ros2_ws/install/ejercicio_tres_server:/home/sergio/ros2_ws/install/ejercicio_tres_client:/home/sergio/ros2_ws/install/ejercicio_dos:/home/sergio/ros2_ws/install/ejemplo_uno:/home/sergio/ros2_ws/install/P1_ej1_sub:/home/sergio/ros2_ws/install/P1_ej1_pub:/opt/ros/humble /usr/bin/cmake /home/sergio/ros2_ws/src/trr_robot -DCMAKE_INSTALL_PREFIX=/home/sergio/ros2_ws/install/trr_robot
[0.255s] -- The C compiler identification is GNU 11.4.0
[0.344s] -- The CXX compiler identification is GNU 11.4.0
[0.357s] -- Detecting C compiler ABI info
[0.408s] -- Detecting C compiler ABI info - done
[0.413s] -- Check for working C compiler: /usr/bin/cc - skipped
[0.413s] -- Detecting C compile features
[0.413s] -- Detecting C compile features - done
[0.416s] -- Detecting CXX compiler ABI info
[0.495s] -- Detecting CXX compiler ABI info - done
[0.500s] -- Check for working CXX compiler: /usr/bin/c++ - skipped
[0.500s] -- Detecting CXX compile features
[0.500s] -- Detecting CXX compile features - done
[0.503s] -- Found ament_cmake: 1.3.11 (/opt/ros/humble/share/ament_cmake/cmake)
[0.635s] -- Found Python3: /usr/bin/python3 (found version "3.10.12") found components: Interpreter 
[0.731s] -- Found ament_lint_auto: 0.12.11 (/opt/ros/humble/share/ament_lint_auto/cmake)
[0.806s] -- Added test 'lint_cmake' to check CMake code style
[0.808s] -- Added test 'xmllint' to check XML markup files
[0.809s] -- Configuring done
[0.811s] -- Generating done
[0.812s] -- Build files have been written to: /home/sergio/ros2_ws/build/trr_robot
[0.815s] Invoked command in '/home/sergio/ros2_ws/build/trr_robot' returned '0': CMAKE_PREFIX_PATH=${CMAKE_PREFIX_PATH}:/home/sergio/ros2_ws/install/p1_ej3_servidor:/home/sergio/ros2_ws/install/p1_ej3_cliente:/home/sergio/ros2_ws/install/p1_ej2_nodos_sensor:/home/sergio/ros2_ws/install/p1_ej2_nodo5:/home/sergio/ros2_ws/install/p1_ej2_nodo4:/home/sergio/ros2_ws/install/my_package:/home/sergio/ros2_ws/install/mma_talker:/home/sergio/ros2_ws/install/mma_service:/home/sergio/ros2_ws/install/mma_listener:/home/sergio/ros2_ws/install/ejercicio_tres_server:/home/sergio/ros2_ws/install/ejercicio_tres_client:/home/sergio/ros2_ws/install/ejercicio_dos:/home/sergio/ros2_ws/install/ejemplo_uno:/home/sergio/ros2_ws/install/P1_ej1_sub:/home/sergio/ros2_ws/install/P1_ej1_pub:/opt/ros/humble /usr/bin/cmake /home/sergio/ros2_ws/src/trr_robot -DCMAKE_INSTALL_PREFIX=/home/sergio/ros2_ws/install/trr_robot
[0.816s] Invoking command in '/home/sergio/ros2_ws/build/trr_robot': CMAKE_PREFIX_PATH=${CMAKE_PREFIX_PATH}:/home/sergio/ros2_ws/install/p1_ej3_servidor:/home/sergio/ros2_ws/install/p1_ej3_cliente:/home/sergio/ros2_ws/install/p1_ej2_nodos_sensor:/home/sergio/ros2_ws/install/p1_ej2_nodo5:/home/sergio/ros2_ws/install/p1_ej2_nodo4:/home/sergio/ros2_ws/install/my_package:/home/sergio/ros2_ws/install/mma_talker:/home/sergio/ros2_ws/install/mma_service:/home/sergio/ros2_ws/install/mma_listener:/home/sergio/ros2_ws/install/ejercicio_tres_server:/home/sergio/ros2_ws/install/ejercicio_tres_client:/home/sergio/ros2_ws/install/ejercicio_dos:/home/sergio/ros2_ws/install/ejemplo_uno:/home/sergio/ros2_ws/install/P1_ej1_sub:/home/sergio/ros2_ws/install/P1_ej1_pub:/opt/ros/humble /usr/bin/cmake --build /home/sergio/ros2_ws/build/trr_robot -- -j16 -l16
[0.840s] Invoked command in '/home/sergio/ros2_ws/build/trr_robot' returned '0': CMAKE_PREFIX_PATH=${CMAKE_PREFIX_PATH}:/home/sergio/ros2_ws/install/p1_ej3_servidor:/home/sergio/ros2_ws/install/p1_ej3_cliente:/home/sergio/ros2_ws/install/p1_ej2_nodos_sensor:/home/sergio/ros2_ws/install/p1_ej2_nodo5:/home/sergio/ros2_ws/install/p1_ej2_nodo4:/home/sergio/ros2_ws/install/my_package:/home/sergio/ros2_ws/install/mma_talker:/home/sergio/ros2_ws/install/mma_service:/home/sergio/ros2_ws/install/mma_listener:/home/sergio/ros2_ws/install/ejercicio_tres_server:/home/sergio/ros2_ws/install/ejercicio_tres_client:/home/sergio/ros2_ws/install/ejercicio_dos:/home/sergio/ros2_ws/install/ejemplo_uno:/home/sergio/ros2_ws/install/P1_ej1_sub:/home/sergio/ros2_ws/install/P1_ej1_pub:/opt/ros/humble /usr/bin/cmake --build /home/sergio/ros2_ws/build/trr_robot -- -j16 -l16
[0.841s] Invoking command in '/home/sergio/ros2_ws/build/trr_robot': CMAKE_PREFIX_PATH=${CMAKE_PREFIX_PATH}:/home/sergio/ros2_ws/install/p1_ej3_servidor:/home/sergio/ros2_ws/install/p1_ej3_cliente:/home/sergio/ros2_ws/install/p1_ej2_nodos_sensor:/home/sergio/ros2_ws/install/p1_ej2_nodo5:/home/sergio/ros2_ws/install/p1_ej2_nodo4:/home/sergio/ros2_ws/install/my_package:/home/sergio/ros2_ws/install/mma_talker:/home/sergio/ros2_ws/install/mma_service:/home/sergio/ros2_ws/install/mma_listener:/home/sergio/ros2_ws/install/ejercicio_tres_server:/home/sergio/ros2_ws/install/ejercicio_tres_client:/home/sergio/ros2_ws/install/ejercicio_dos:/home/sergio/ros2_ws/install/ejemplo_uno:/home/sergio/ros2_ws/install/P1_ej1_sub:/home/sergio/ros2_ws/install/P1_ej1_pub:/opt/ros/humble /usr/bin/cmake --install /home/sergio/ros2_ws/build/trr_robot
[0.846s] -- Install configuration: ""
[0.846s] -- Installing: /home/sergio/ros2_ws/install/trr_robot/share/ament_index/resource_index/package_run_dependencies/trr_robot
[0.846s] -- Installing: /home/sergio/ros2_ws/install/trr_robot/share/ament_index/resource_index/parent_prefix_path/trr_robot
[0.846s] -- Installing: /home/sergio/ros2_ws/install/trr_robot/share/trr_robot/environment/ament_prefix_path.sh
[0.846s] -- Installing: /home/sergio/ros2_ws/install/trr_robot/share/trr_robot/environment/ament_prefix_path.dsv
[0.846s] -- Installing: /home/sergio/ros2_ws/install/trr_robot/share/trr_robot/environment/path.sh
[0.846s] -- Installing: /home/sergio/ros2_ws/install/trr_robot/share/trr_robot/environment/path.dsv
[0.847s] -- Installing: /home/sergio/ros2_ws/install/trr_robot/share/trr_robot/local_setup.bash
[0.847s] -- Installing: /home/sergio/ros2_ws/install/trr_robot/share/trr_robot/local_setup.sh
[0.847s] -- Installing: /home/sergio/ros2_ws/install/trr_robot/share/trr_robot/local_setup.zsh
[0.847s] -- Installing: /home/sergio/ros2_ws/install/trr_robot/share/trr_robot/local_setup.dsv
[0.847s] -- Installing: /home/sergio/ros2_ws/install/trr_robot/share/trr_robot/package.dsv
[0.847s] -- Installing: /home/sergio/ros2_ws/install/trr_robot/share/ament_index/resource_index/packages/trr_robot
[0.847s] -- Installing: /home/sergio/ros2_ws/install/trr_robot/share/trr_robot/cmake/trr_robotConfig.cmake
[0.847s] -- Installing: /home/sergio/ros2_ws/install/trr_robot/share/trr_robot/cmake/trr_robotConfig-version.cmake
[0.847s] -- Installing: /home/sergio/ros2_ws/install/trr_robot/share/trr_robot/package.xml
[0.848s] Invoked command in '/home/sergio/ros2_ws/build/trr_robot' returned '0': CMAKE_PREFIX_PATH=${CMAKE_PREFIX_PATH}:/home/sergio/ros2_ws/install/p1_ej3_servidor:/home/sergio/ros2_ws/install/p1_ej3_cliente:/home/sergio/ros2_ws/install/p1_ej2_nodos_sensor:/home/sergio/ros2_ws/install/p1_ej2_nodo5:/home/sergio/ros2_ws/install/p1_ej2_nodo4:/home/sergio/ros2_ws/install/my_package:/home/sergio/ros2_ws/install/mma_talker:/home/sergio/ros2_ws/install/mma_service:/home/sergio/ros2_ws/install/mma_listener:/home/sergio/ros2_ws/install/ejercicio_tres_server:/home/sergio/ros2_ws/install/ejercicio_tres_client:/home/sergio/ros2_ws/install/ejercicio_dos:/home/sergio/ros2_ws/install/ejemplo_uno:/home/sergio/ros2_ws/install/P1_ej1_sub:/home/sergio/ros2_ws/install/P1_ej1_pub:/opt/ros/humble /usr/bin/cmake --install /home/sergio/ros2_ws/build/trr_robot
