[3.355s] Invoking command in '/home/sergio/ros2_ws/src/trr_robot_ps': PYTHONPATH=/home/sergio/ros2_ws/build/trr_robot_ps/prefix_override:/usr/lib/python3/dist-packages/colcon_core/task/python/colcon_distutils_commands:/home/sergio/ros2_ws/install/trr_robot_ps/lib/python3.10/site-packages:${PYTHONPATH} /usr/bin/python3 -W ignore:setup.py install is deprecated -W ignore:easy_install command is deprecated setup.py egg_info --egg-base ../../build/trr_robot_ps build --build-base /home/sergio/ros2_ws/build/trr_robot_ps/build install --record /home/sergio/ros2_ws/build/trr_robot_ps/install.log --single-version-externally-managed install_data
[4.070s] running egg_info
[4.071s] creating ../../build/trr_robot_ps/trr_robot_ps.egg-info
[4.071s] writing ../../build/trr_robot_ps/trr_robot_ps.egg-info/PKG-INFO
[4.071s] writing dependency_links to ../../build/trr_robot_ps/trr_robot_ps.egg-info/dependency_links.txt
[4.071s] writing entry points to ../../build/trr_robot_ps/trr_robot_ps.egg-info/entry_points.txt
[4.071s] writing requirements to ../../build/trr_robot_ps/trr_robot_ps.egg-info/requires.txt
[4.071s] writing top-level names to ../../build/trr_robot_ps/trr_robot_ps.egg-info/top_level.txt
[4.071s] writing manifest file '../../build/trr_robot_ps/trr_robot_ps.egg-info/SOURCES.txt'
[4.071s] reading manifest file '../../build/trr_robot_ps/trr_robot_ps.egg-info/SOURCES.txt'
[4.072s] writing manifest file '../../build/trr_robot_ps/trr_robot_ps.egg-info/SOURCES.txt'
[4.072s] running build
[4.072s] running build_py
[4.073s] creating /home/sergio/ros2_ws/build/trr_robot_ps/build
[4.073s] creating /home/sergio/ros2_ws/build/trr_robot_ps/build/lib
[4.073s] creating /home/sergio/ros2_ws/build/trr_robot_ps/build/lib/trr_robot_ps
[4.073s] copying trr_robot_ps/__init__.py -> /home/sergio/ros2_ws/build/trr_robot_ps/build/lib/trr_robot_ps
[4.073s] copying trr_robot_ps/pub_sub.py -> /home/sergio/ros2_ws/build/trr_robot_ps/build/lib/trr_robot_ps
[4.073s] running install
[4.073s] running install_lib
[4.073s] creating /home/sergio/ros2_ws/install/trr_robot_ps/lib/python3.10/site-packages/trr_robot_ps
[4.073s] copying /home/sergio/ros2_ws/build/trr_robot_ps/build/lib/trr_robot_ps/__init__.py -> /home/sergio/ros2_ws/install/trr_robot_ps/lib/python3.10/site-packages/trr_robot_ps
[4.073s] copying /home/sergio/ros2_ws/build/trr_robot_ps/build/lib/trr_robot_ps/pub_sub.py -> /home/sergio/ros2_ws/install/trr_robot_ps/lib/python3.10/site-packages/trr_robot_ps
[4.075s] byte-compiling /home/sergio/ros2_ws/install/trr_robot_ps/lib/python3.10/site-packages/trr_robot_ps/__init__.py to __init__.cpython-310.pyc
[4.075s] byte-compiling /home/sergio/ros2_ws/install/trr_robot_ps/lib/python3.10/site-packages/trr_robot_ps/pub_sub.py to pub_sub.cpython-310.pyc
[4.075s] running install_data
[4.075s] creating /home/sergio/ros2_ws/install/trr_robot_ps/share/ament_index
[4.075s] creating /home/sergio/ros2_ws/install/trr_robot_ps/share/ament_index/resource_index
[4.075s] creating /home/sergio/ros2_ws/install/trr_robot_ps/share/ament_index/resource_index/packages
[4.076s] copying resource/trr_robot_ps -> /home/sergio/ros2_ws/install/trr_robot_ps/share/ament_index/resource_index/packages
[4.076s] copying package.xml -> /home/sergio/ros2_ws/install/trr_robot_ps/share/trr_robot_ps
[4.076s] running install_egg_info
[4.079s] Copying ../../build/trr_robot_ps/trr_robot_ps.egg-info to /home/sergio/ros2_ws/install/trr_robot_ps/lib/python3.10/site-packages/trr_robot_ps-0.0.0-py3.10.egg-info
[4.080s] running install_scripts
[4.128s] Installing pub_sub script to /home/sergio/ros2_ws/install/trr_robot_ps/lib/trr_robot_ps
[4.128s] writing list of installed files to '/home/sergio/ros2_ws/build/trr_robot_ps/install.log'
[4.170s] Invoked command in '/home/sergio/ros2_ws/src/trr_robot_ps' returned '0': PYTHONPATH=/home/sergio/ros2_ws/build/trr_robot_ps/prefix_override:/usr/lib/python3/dist-packages/colcon_core/task/python/colcon_distutils_commands:/home/sergio/ros2_ws/install/trr_robot_ps/lib/python3.10/site-packages:${PYTHONPATH} /usr/bin/python3 -W ignore:setup.py install is deprecated -W ignore:easy_install command is deprecated setup.py egg_info --egg-base ../../build/trr_robot_ps build --build-base /home/sergio/ros2_ws/build/trr_robot_ps/build install --record /home/sergio/ros2_ws/build/trr_robot_ps/install.log --single-version-externally-managed install_data
