-- Found ament_cmake: 1.3.11 (/opt/ros/humble/share/ament_cmake/cmake)
-- Found rosidl_default_generators: 1.2.0 (/opt/ros/humble/share/rosidl_default_generators/cmake)
-- Using all available rosidl_typesupport_c: rosidl_typesupport_fastrtps_c;rosidl_typesupport_introspection_c
-- Found rosidl_adapter: 3.1.6 (/opt/ros/humble/share/rosidl_adapter/cmake)
-- Using all available rosidl_typesupport_cpp: rosidl_typesupport_fastrtps_cpp;rosidl_typesupport_introspection_cpp
-- Found ament_cmake_ros: 0.10.0 (/opt/ros/humble/share/ament_cmake_ros/cmake)
-- Using all available rosidl_typesupport_c: rosidl_typesupport_fastrtps_c;rosidl_typesupport_introspection_c
-- Using all available rosidl_typesupport_cpp: rosidl_typesupport_fastrtps_cpp;rosidl_typesupport_introspection_cpp
-- Found python_cmake_module: 0.10.0 (/opt/ros/humble/share/python_cmake_module/cmake)
-- Using PYTHON_EXECUTABLE: /usr/bin/python3
-- Using PYTHON_INCLUDE_DIRS: /usr/include/python3.10
-- Using PYTHON_LIBRARIES: /usr/lib/x86_64-linux-gnu/libpython3.10.so
-- Found ament_lint_auto: 0.12.12 (/opt/ros/humble/share/ament_lint_auto/cmake)
-- Added test 'lint_cmake' to check CMake code style
-- Added test 'xmllint' to check XML markup files
-- Configuring done
-- Generating done
-- Build files have been written to: /home/sergio/ros2_ws/build/p1_ej3_interface
[35m[1mConsolidate compiler generated dependencies of target p1_ej3_interface__rosidl_generator_c[0m
[  3%] Built target p1_ej3_interface__cpp
[  6%] [32m[1mLinking C shared library libp1_ej3_interface__rosidl_generator_c.so[0m
[35m[1mConsolidate compiler generated dependencies of target p1_ej3_interface__rosidl_typesupport_fastrtps_cpp[0m
[35m[1mConsolidate compiler generated dependencies of target p1_ej3_interface__rosidl_typesupport_introspection_cpp[0m
[35m[1mConsolidate compiler generated dependencies of target p1_ej3_interface__rosidl_typesupport_cpp[0m
[  6%] Built target ament_cmake_python_copy_p1_ej3_interface
[  9%] [32mBuilding CXX object CMakeFiles/p1_ej3_interface__rosidl_typesupport_introspection_cpp.dir/rosidl_typesupport_introspection_cpp/p1_ej3_interface/srv/detail/angulos__type_support.cpp.o[0m
[ 12%] [32mBuilding CXX object CMakeFiles/p1_ej3_interface__rosidl_typesupport_fastrtps_cpp.dir/rosidl_typesupport_fastrtps_cpp/p1_ej3_interface/srv/detail/dds_fastrtps/angulos__type_support.cpp.o[0m
[ 16%] [32mBuilding CXX object CMakeFiles/p1_ej3_interface__rosidl_typesupport_cpp.dir/rosidl_typesupport_cpp/p1_ej3_interface/srv/angulos__type_support.cpp.o[0m
[ 22%] Built target p1_ej3_interface__rosidl_generator_c
[35m[1mConsolidate compiler generated dependencies of target p1_ej3_interface__rosidl_typesupport_introspection_c[0m
[35m[1mConsolidate compiler generated dependencies of target p1_ej3_interface__rosidl_typesupport_c[0m
[35m[1mConsolidate compiler generated dependencies of target p1_ej3_interface__rosidl_typesupport_fastrtps_c[0m
[ 25%] [32m[1mLinking C shared library libp1_ej3_interface__rosidl_typesupport_introspection_c.so[0m
[ 29%] [32m[1mLinking CXX shared library libp1_ej3_interface__rosidl_typesupport_c.so[0m
[ 32%] [32mBuilding CXX object CMakeFiles/p1_ej3_interface__rosidl_typesupport_fastrtps_c.dir/rosidl_typesupport_fastrtps_c/p1_ej3_interface/srv/detail/angulos__type_support_c.cpp.o[0m
[ 38%] Built target p1_ej3_interface__rosidl_typesupport_introspection_c
[ 45%] Built target p1_ej3_interface__rosidl_typesupport_c
[ 48%] [32m[1mLinking CXX shared library libp1_ej3_interface__rosidl_typesupport_cpp.so[0m
[ 51%] Built target p1_ej3_interface__rosidl_typesupport_cpp
running egg_info
writing p1_ej3_interface.egg-info/PKG-INFO
writing dependency_links to p1_ej3_interface.egg-info/dependency_links.txt
writing top-level names to p1_ej3_interface.egg-info/top_level.txt
reading manifest file 'p1_ej3_interface.egg-info/SOURCES.txt'
writing manifest file 'p1_ej3_interface.egg-info/SOURCES.txt'
[ 51%] Built target ament_cmake_python_build_p1_ej3_interface_egg
[ 54%] [32m[1mLinking CXX shared library libp1_ej3_interface__rosidl_typesupport_introspection_cpp.so[0m
[ 58%] [32m[1mLinking CXX shared library libp1_ej3_interface__rosidl_typesupport_fastrtps_c.so[0m
[ 61%] Built target p1_ej3_interface__rosidl_typesupport_introspection_cpp
[ 64%] Built target p1_ej3_interface__rosidl_typesupport_fastrtps_c
[ 67%] [32m[1mLinking CXX shared library libp1_ej3_interface__rosidl_typesupport_fastrtps_cpp.so[0m
[ 70%] Built target p1_ej3_interface__rosidl_typesupport_fastrtps_cpp
[ 70%] Built target p1_ej3_interface
[ 74%] Built target p1_ej3_interface__py
[35m[1mConsolidate compiler generated dependencies of target p1_ej3_interface__rosidl_generator_py[0m
[ 77%] [32mBuilding C object CMakeFiles/p1_ej3_interface__rosidl_generator_py.dir/rosidl_generator_py/p1_ej3_interface/srv/_angulos_s.c.o[0m
[ 80%] [32m[1mLinking C shared library rosidl_generator_py/p1_ej3_interface/libp1_ej3_interface__rosidl_generator_py.so[0m
[ 80%] Built target p1_ej3_interface__rosidl_generator_py
[35m[1mConsolidate compiler generated dependencies of target p1_ej3_interface__rosidl_typesupport_introspection_c__pyext[0m
[35m[1mConsolidate compiler generated dependencies of target p1_ej3_interface__rosidl_typesupport_fastrtps_c__pyext[0m
[35m[1mConsolidate compiler generated dependencies of target p1_ej3_interface__rosidl_typesupport_c__pyext[0m
[ 83%] [32mBuilding C object CMakeFiles/p1_ej3_interface__rosidl_typesupport_introspection_c__pyext.dir/rosidl_generator_py/p1_ej3_interface/_p1_ej3_interface_s.ep.rosidl_typesupport_introspection_c.c.o[0m
[ 87%] [32mBuilding C object CMakeFiles/p1_ej3_interface__rosidl_typesupport_fastrtps_c__pyext.dir/rosidl_generator_py/p1_ej3_interface/_p1_ej3_interface_s.ep.rosidl_typesupport_fastrtps_c.c.o[0m
[ 90%] [32mBuilding C object CMakeFiles/p1_ej3_interface__rosidl_typesupport_c__pyext.dir/rosidl_generator_py/p1_ej3_interface/_p1_ej3_interface_s.ep.rosidl_typesupport_c.c.o[0m
[ 93%] [32m[1mLinking C shared library rosidl_generator_py/p1_ej3_interface/p1_ej3_interface_s__rosidl_typesupport_c.cpython-310-x86_64-linux-gnu.so[0m
[ 96%] [32m[1mLinking C shared library rosidl_generator_py/p1_ej3_interface/p1_ej3_interface_s__rosidl_typesupport_fastrtps_c.cpython-310-x86_64-linux-gnu.so[0m
[100%] [32m[1mLinking C shared library rosidl_generator_py/p1_ej3_interface/p1_ej3_interface_s__rosidl_typesupport_introspection_c.cpython-310-x86_64-linux-gnu.so[0m
[100%] Built target p1_ej3_interface__rosidl_typesupport_c__pyext
[100%] Built target p1_ej3_interface__rosidl_typesupport_fastrtps_c__pyext
[100%] Built target p1_ej3_interface__rosidl_typesupport_introspection_c__pyext
-- Install configuration: ""
-- Up-to-date: /home/sergio/ros2_ws/install/p1_ej3_interface/share/ament_index/resource_index/rosidl_interfaces/p1_ej3_interface
-- Up-to-date: /home/sergio/ros2_ws/install/p1_ej3_interface/include/p1_ej3_interface/p1_ej3_interface
-- Up-to-date: /home/sergio/ros2_ws/install/p1_ej3_interface/include/p1_ej3_interface/p1_ej3_interface/msg
-- Up-to-date: /home/sergio/ros2_ws/install/p1_ej3_interface/include/p1_ej3_interface/p1_ej3_interface/msg/rosidl_generator_c__visibility_control.h
-- Up-to-date: /home/sergio/ros2_ws/install/p1_ej3_interface/include/p1_ej3_interface/p1_ej3_interface/srv
-- Up-to-date: /home/sergio/ros2_ws/install/p1_ej3_interface/include/p1_ej3_interface/p1_ej3_interface/srv/angulos.h
-- Up-to-date: /home/sergio/ros2_ws/install/p1_ej3_interface/include/p1_ej3_interface/p1_ej3_interface/srv/detail
-- Up-to-date: /home/sergio/ros2_ws/install/p1_ej3_interface/include/p1_ej3_interface/p1_ej3_interface/srv/detail/angulos__struct.h
-- Up-to-date: /home/sergio/ros2_ws/install/p1_ej3_interface/include/p1_ej3_interface/p1_ej3_interface/srv/detail/angulos__functions.h
-- Up-to-date: /home/sergio/ros2_ws/install/p1_ej3_interface/include/p1_ej3_interface/p1_ej3_interface/srv/detail/angulos__type_support.h
-- Up-to-date: /home/sergio/ros2_ws/install/p1_ej3_interface/include/p1_ej3_interface/p1_ej3_interface/srv/detail/angulos__functions.c
-- Up-to-date: /home/sergio/ros2_ws/install/p1_ej3_interface/share/p1_ej3_interface/environment/library_path.sh
-- Installing: /home/sergio/ros2_ws/install/p1_ej3_interface/share/p1_ej3_interface/environment/library_path.dsv
-- Installing: /home/sergio/ros2_ws/install/p1_ej3_interface/lib/libp1_ej3_interface__rosidl_generator_c.so
-- Set runtime path of "/home/sergio/ros2_ws/install/p1_ej3_interface/lib/libp1_ej3_interface__rosidl_generator_c.so" to ""
-- Up-to-date: /home/sergio/ros2_ws/install/p1_ej3_interface/include/p1_ej3_interface/p1_ej3_interface
-- Up-to-date: /home/sergio/ros2_ws/install/p1_ej3_interface/include/p1_ej3_interface/p1_ej3_interface/msg
-- Up-to-date: /home/sergio/ros2_ws/install/p1_ej3_interface/include/p1_ej3_interface/p1_ej3_interface/msg/rosidl_typesupport_fastrtps_c__visibility_control.h
-- Up-to-date: /home/sergio/ros2_ws/install/p1_ej3_interface/include/p1_ej3_interface/p1_ej3_interface/srv
-- Up-to-date: /home/sergio/ros2_ws/install/p1_ej3_interface/include/p1_ej3_interface/p1_ej3_interface/srv/detail
-- Up-to-date: /home/sergio/ros2_ws/install/p1_ej3_interface/include/p1_ej3_interface/p1_ej3_interface/srv/detail/angulos__rosidl_typesupport_fastrtps_c.h
-- Installing: /home/sergio/ros2_ws/install/p1_ej3_interface/lib/libp1_ej3_interface__rosidl_typesupport_fastrtps_c.so
-- Set runtime path of "/home/sergio/ros2_ws/install/p1_ej3_interface/lib/libp1_ej3_interface__rosidl_typesupport_fastrtps_c.so" to ""
-- Up-to-date: /home/sergio/ros2_ws/install/p1_ej3_interface/include/p1_ej3_interface/p1_ej3_interface
-- Up-to-date: /home/sergio/ros2_ws/install/p1_ej3_interface/include/p1_ej3_interface/p1_ej3_interface/msg
-- Up-to-date: /home/sergio/ros2_ws/install/p1_ej3_interface/include/p1_ej3_interface/p1_ej3_interface/msg/rosidl_typesupport_introspection_c__visibility_control.h
-- Up-to-date: /home/sergio/ros2_ws/install/p1_ej3_interface/include/p1_ej3_interface/p1_ej3_interface/srv
-- Up-to-date: /home/sergio/ros2_ws/install/p1_ej3_interface/include/p1_ej3_interface/p1_ej3_interface/srv/detail
-- Up-to-date: /home/sergio/ros2_ws/install/p1_ej3_interface/include/p1_ej3_interface/p1_ej3_interface/srv/detail/angulos__type_support.c
-- Up-to-date: /home/sergio/ros2_ws/install/p1_ej3_interface/include/p1_ej3_interface/p1_ej3_interface/srv/detail/angulos__rosidl_typesupport_introspection_c.h
-- Installing: /home/sergio/ros2_ws/install/p1_ej3_interface/lib/libp1_ej3_interface__rosidl_typesupport_introspection_c.so
-- Set runtime path of "/home/sergio/ros2_ws/install/p1_ej3_interface/lib/libp1_ej3_interface__rosidl_typesupport_introspection_c.so" to ""
-- Installing: /home/sergio/ros2_ws/install/p1_ej3_interface/lib/libp1_ej3_interface__rosidl_typesupport_c.so
-- Set runtime path of "/home/sergio/ros2_ws/install/p1_ej3_interface/lib/libp1_ej3_interface__rosidl_typesupport_c.so" to ""
-- Up-to-date: /home/sergio/ros2_ws/install/p1_ej3_interface/include/p1_ej3_interface/p1_ej3_interface
-- Up-to-date: /home/sergio/ros2_ws/install/p1_ej3_interface/include/p1_ej3_interface/p1_ej3_interface/msg
-- Up-to-date: /home/sergio/ros2_ws/install/p1_ej3_interface/include/p1_ej3_interface/p1_ej3_interface/msg/rosidl_generator_cpp__visibility_control.hpp
-- Up-to-date: /home/sergio/ros2_ws/install/p1_ej3_interface/include/p1_ej3_interface/p1_ej3_interface/srv
-- Up-to-date: /home/sergio/ros2_ws/install/p1_ej3_interface/include/p1_ej3_interface/p1_ej3_interface/srv/angulos.hpp
-- Up-to-date: /home/sergio/ros2_ws/install/p1_ej3_interface/include/p1_ej3_interface/p1_ej3_interface/srv/detail
-- Up-to-date: /home/sergio/ros2_ws/install/p1_ej3_interface/include/p1_ej3_interface/p1_ej3_interface/srv/detail/angulos__traits.hpp
-- Up-to-date: /home/sergio/ros2_ws/install/p1_ej3_interface/include/p1_ej3_interface/p1_ej3_interface/srv/detail/angulos__struct.hpp
-- Up-to-date: /home/sergio/ros2_ws/install/p1_ej3_interface/include/p1_ej3_interface/p1_ej3_interface/srv/detail/angulos__type_support.hpp
-- Up-to-date: /home/sergio/ros2_ws/install/p1_ej3_interface/include/p1_ej3_interface/p1_ej3_interface/srv/detail/angulos__builder.hpp
-- Up-to-date: /home/sergio/ros2_ws/install/p1_ej3_interface/include/p1_ej3_interface/p1_ej3_interface
-- Up-to-date: /home/sergio/ros2_ws/install/p1_ej3_interface/include/p1_ej3_interface/p1_ej3_interface/msg
-- Up-to-date: /home/sergio/ros2_ws/install/p1_ej3_interface/include/p1_ej3_interface/p1_ej3_interface/msg/rosidl_typesupport_fastrtps_cpp__visibility_control.h
-- Up-to-date: /home/sergio/ros2_ws/install/p1_ej3_interface/include/p1_ej3_interface/p1_ej3_interface/srv
-- Up-to-date: /home/sergio/ros2_ws/install/p1_ej3_interface/include/p1_ej3_interface/p1_ej3_interface/srv/detail
-- Up-to-date: /home/sergio/ros2_ws/install/p1_ej3_interface/include/p1_ej3_interface/p1_ej3_interface/srv/detail/dds_fastrtps
-- Up-to-date: /home/sergio/ros2_ws/install/p1_ej3_interface/include/p1_ej3_interface/p1_ej3_interface/srv/detail/angulos__rosidl_typesupport_fastrtps_cpp.hpp
-- Installing: /home/sergio/ros2_ws/install/p1_ej3_interface/lib/libp1_ej3_interface__rosidl_typesupport_fastrtps_cpp.so
-- Set runtime path of "/home/sergio/ros2_ws/install/p1_ej3_interface/lib/libp1_ej3_interface__rosidl_typesupport_fastrtps_cpp.so" to ""
-- Up-to-date: /home/sergio/ros2_ws/install/p1_ej3_interface/include/p1_ej3_interface/p1_ej3_interface
-- Up-to-date: /home/sergio/ros2_ws/install/p1_ej3_interface/include/p1_ej3_interface/p1_ej3_interface/srv
-- Up-to-date: /home/sergio/ros2_ws/install/p1_ej3_interface/include/p1_ej3_interface/p1_ej3_interface/srv/detail
-- Up-to-date: /home/sergio/ros2_ws/install/p1_ej3_interface/include/p1_ej3_interface/p1_ej3_interface/srv/detail/angulos__type_support.cpp
-- Up-to-date: /home/sergio/ros2_ws/install/p1_ej3_interface/include/p1_ej3_interface/p1_ej3_interface/srv/detail/angulos__rosidl_typesupport_introspection_cpp.hpp
-- Installing: /home/sergio/ros2_ws/install/p1_ej3_interface/lib/libp1_ej3_interface__rosidl_typesupport_introspection_cpp.so
-- Set runtime path of "/home/sergio/ros2_ws/install/p1_ej3_interface/lib/libp1_ej3_interface__rosidl_typesupport_introspection_cpp.so" to ""
-- Installing: /home/sergio/ros2_ws/install/p1_ej3_interface/lib/libp1_ej3_interface__rosidl_typesupport_cpp.so
-- Set runtime path of "/home/sergio/ros2_ws/install/p1_ej3_interface/lib/libp1_ej3_interface__rosidl_typesupport_cpp.so" to ""
-- Up-to-date: /home/sergio/ros2_ws/install/p1_ej3_interface/share/p1_ej3_interface/environment/pythonpath.sh
-- Installing: /home/sergio/ros2_ws/install/p1_ej3_interface/share/p1_ej3_interface/environment/pythonpath.dsv
-- Up-to-date: /home/sergio/ros2_ws/install/p1_ej3_interface/local/lib/python3.10/dist-packages/p1_ej3_interface-0.0.0-py3.10.egg-info
-- Installing: /home/sergio/ros2_ws/install/p1_ej3_interface/local/lib/python3.10/dist-packages/p1_ej3_interface-0.0.0-py3.10.egg-info/PKG-INFO
-- Installing: /home/sergio/ros2_ws/install/p1_ej3_interface/local/lib/python3.10/dist-packages/p1_ej3_interface-0.0.0-py3.10.egg-info/SOURCES.txt
-- Installing: /home/sergio/ros2_ws/install/p1_ej3_interface/local/lib/python3.10/dist-packages/p1_ej3_interface-0.0.0-py3.10.egg-info/top_level.txt
-- Installing: /home/sergio/ros2_ws/install/p1_ej3_interface/local/lib/python3.10/dist-packages/p1_ej3_interface-0.0.0-py3.10.egg-info/dependency_links.txt
-- Up-to-date: /home/sergio/ros2_ws/install/p1_ej3_interface/local/lib/python3.10/dist-packages/p1_ej3_interface
-- Installing: /home/sergio/ros2_ws/install/p1_ej3_interface/local/lib/python3.10/dist-packages/p1_ej3_interface/libp1_ej3_interface__rosidl_generator_py.so
-- Installing: /home/sergio/ros2_ws/install/p1_ej3_interface/local/lib/python3.10/dist-packages/p1_ej3_interface/__init__.py
-- Installing: /home/sergio/ros2_ws/install/p1_ej3_interface/local/lib/python3.10/dist-packages/p1_ej3_interface/p1_ej3_interface_s__rosidl_typesupport_fastrtps_c.cpython-310-x86_64-linux-gnu.so
-- Up-to-date: /home/sergio/ros2_ws/install/p1_ej3_interface/local/lib/python3.10/dist-packages/p1_ej3_interface/_p1_ej3_interface_s.ep.rosidl_typesupport_introspection_c.c
-- Up-to-date: /home/sergio/ros2_ws/install/p1_ej3_interface/local/lib/python3.10/dist-packages/p1_ej3_interface/srv
-- Up-to-date: /home/sergio/ros2_ws/install/p1_ej3_interface/local/lib/python3.10/dist-packages/p1_ej3_interface/srv/__init__.py
-- Up-to-date: /home/sergio/ros2_ws/install/p1_ej3_interface/local/lib/python3.10/dist-packages/p1_ej3_interface/srv/_angulos.py
-- Up-to-date: /home/sergio/ros2_ws/install/p1_ej3_interface/local/lib/python3.10/dist-packages/p1_ej3_interface/srv/_angulos_s.c
-- Up-to-date: /home/sergio/ros2_ws/install/p1_ej3_interface/local/lib/python3.10/dist-packages/p1_ej3_interface/_p1_ej3_interface_s.ep.rosidl_typesupport_fastrtps_c.c
-- Up-to-date: /home/sergio/ros2_ws/install/p1_ej3_interface/local/lib/python3.10/dist-packages/p1_ej3_interface/_p1_ej3_interface_s.ep.rosidl_typesupport_c.c
-- Installing: /home/sergio/ros2_ws/install/p1_ej3_interface/local/lib/python3.10/dist-packages/p1_ej3_interface/p1_ej3_interface_s__rosidl_typesupport_c.cpython-310-x86_64-linux-gnu.so
-- Installing: /home/sergio/ros2_ws/install/p1_ej3_interface/local/lib/python3.10/dist-packages/p1_ej3_interface/p1_ej3_interface_s__rosidl_typesupport_introspection_c.cpython-310-x86_64-linux-gnu.so
Listing '/home/sergio/ros2_ws/install/p1_ej3_interface/local/lib/python3.10/dist-packages/p1_ej3_interface'...
Compiling '/home/sergio/ros2_ws/install/p1_ej3_interface/local/lib/python3.10/dist-packages/p1_ej3_interface/__init__.py'...
Listing '/home/sergio/ros2_ws/install/p1_ej3_interface/local/lib/python3.10/dist-packages/p1_ej3_interface/srv'...
-- Installing: /home/sergio/ros2_ws/install/p1_ej3_interface/local/lib/python3.10/dist-packages/p1_ej3_interface/p1_ej3_interface_s__rosidl_typesupport_fastrtps_c.cpython-310-x86_64-linux-gnu.so
-- Set runtime path of "/home/sergio/ros2_ws/install/p1_ej3_interface/local/lib/python3.10/dist-packages/p1_ej3_interface/p1_ej3_interface_s__rosidl_typesupport_fastrtps_c.cpython-310-x86_64-linux-gnu.so" to ""
-- Installing: /home/sergio/ros2_ws/install/p1_ej3_interface/local/lib/python3.10/dist-packages/p1_ej3_interface/p1_ej3_interface_s__rosidl_typesupport_introspection_c.cpython-310-x86_64-linux-gnu.so
-- Set runtime path of "/home/sergio/ros2_ws/install/p1_ej3_interface/local/lib/python3.10/dist-packages/p1_ej3_interface/p1_ej3_interface_s__rosidl_typesupport_introspection_c.cpython-310-x86_64-linux-gnu.so" to ""
-- Installing: /home/sergio/ros2_ws/install/p1_ej3_interface/local/lib/python3.10/dist-packages/p1_ej3_interface/p1_ej3_interface_s__rosidl_typesupport_c.cpython-310-x86_64-linux-gnu.so
-- Set runtime path of "/home/sergio/ros2_ws/install/p1_ej3_interface/local/lib/python3.10/dist-packages/p1_ej3_interface/p1_ej3_interface_s__rosidl_typesupport_c.cpython-310-x86_64-linux-gnu.so" to ""
-- Installing: /home/sergio/ros2_ws/install/p1_ej3_interface/lib/libp1_ej3_interface__rosidl_generator_py.so
-- Set runtime path of "/home/sergio/ros2_ws/install/p1_ej3_interface/lib/libp1_ej3_interface__rosidl_generator_py.so" to ""
-- Up-to-date: /home/sergio/ros2_ws/install/p1_ej3_interface/share/p1_ej3_interface/srv/Angulos.idl
-- Up-to-date: /home/sergio/ros2_ws/install/p1_ej3_interface/share/p1_ej3_interface/srv/Angulos.srv
-- Up-to-date: /home/sergio/ros2_ws/install/p1_ej3_interface/share/p1_ej3_interface/srv/Angulos_Request.msg
-- Up-to-date: /home/sergio/ros2_ws/install/p1_ej3_interface/share/p1_ej3_interface/srv/Angulos_Response.msg
-- Up-to-date: /home/sergio/ros2_ws/install/p1_ej3_interface/share/ament_index/resource_index/package_run_dependencies/p1_ej3_interface
-- Installing: /home/sergio/ros2_ws/install/p1_ej3_interface/share/ament_index/resource_index/parent_prefix_path/p1_ej3_interface
-- Up-to-date: /home/sergio/ros2_ws/install/p1_ej3_interface/share/p1_ej3_interface/environment/ament_prefix_path.sh
-- Installing: /home/sergio/ros2_ws/install/p1_ej3_interface/share/p1_ej3_interface/environment/ament_prefix_path.dsv
-- Up-to-date: /home/sergio/ros2_ws/install/p1_ej3_interface/share/p1_ej3_interface/environment/path.sh
-- Installing: /home/sergio/ros2_ws/install/p1_ej3_interface/share/p1_ej3_interface/environment/path.dsv
-- Up-to-date: /home/sergio/ros2_ws/install/p1_ej3_interface/share/p1_ej3_interface/local_setup.bash
-- Up-to-date: /home/sergio/ros2_ws/install/p1_ej3_interface/share/p1_ej3_interface/local_setup.sh
-- Up-to-date: /home/sergio/ros2_ws/install/p1_ej3_interface/share/p1_ej3_interface/local_setup.zsh
-- Installing: /home/sergio/ros2_ws/install/p1_ej3_interface/share/p1_ej3_interface/local_setup.dsv
-- Installing: /home/sergio/ros2_ws/install/p1_ej3_interface/share/p1_ej3_interface/package.dsv
-- Up-to-date: /home/sergio/ros2_ws/install/p1_ej3_interface/share/ament_index/resource_index/packages/p1_ej3_interface
-- Up-to-date: /home/sergio/ros2_ws/install/p1_ej3_interface/share/p1_ej3_interface/cmake/export_p1_ej3_interface__rosidl_generator_cExport.cmake
-- Up-to-date: /home/sergio/ros2_ws/install/p1_ej3_interface/share/p1_ej3_interface/cmake/export_p1_ej3_interface__rosidl_generator_cExport-noconfig.cmake
-- Up-to-date: /home/sergio/ros2_ws/install/p1_ej3_interface/share/p1_ej3_interface/cmake/export_p1_ej3_interface__rosidl_typesupport_fastrtps_cExport.cmake
-- Up-to-date: /home/sergio/ros2_ws/install/p1_ej3_interface/share/p1_ej3_interface/cmake/export_p1_ej3_interface__rosidl_typesupport_fastrtps_cExport-noconfig.cmake
-- Up-to-date: /home/sergio/ros2_ws/install/p1_ej3_interface/share/p1_ej3_interface/cmake/p1_ej3_interface__rosidl_typesupport_introspection_cExport.cmake
-- Up-to-date: /home/sergio/ros2_ws/install/p1_ej3_interface/share/p1_ej3_interface/cmake/p1_ej3_interface__rosidl_typesupport_introspection_cExport-noconfig.cmake
-- Up-to-date: /home/sergio/ros2_ws/install/p1_ej3_interface/share/p1_ej3_interface/cmake/p1_ej3_interface__rosidl_typesupport_cExport.cmake
-- Up-to-date: /home/sergio/ros2_ws/install/p1_ej3_interface/share/p1_ej3_interface/cmake/p1_ej3_interface__rosidl_typesupport_cExport-noconfig.cmake
-- Up-to-date: /home/sergio/ros2_ws/install/p1_ej3_interface/share/p1_ej3_interface/cmake/export_p1_ej3_interface__rosidl_generator_cppExport.cmake
-- Up-to-date: /home/sergio/ros2_ws/install/p1_ej3_interface/share/p1_ej3_interface/cmake/export_p1_ej3_interface__rosidl_typesupport_fastrtps_cppExport.cmake
-- Up-to-date: /home/sergio/ros2_ws/install/p1_ej3_interface/share/p1_ej3_interface/cmake/export_p1_ej3_interface__rosidl_typesupport_fastrtps_cppExport-noconfig.cmake
-- Up-to-date: /home/sergio/ros2_ws/install/p1_ej3_interface/share/p1_ej3_interface/cmake/p1_ej3_interface__rosidl_typesupport_introspection_cppExport.cmake
-- Up-to-date: /home/sergio/ros2_ws/install/p1_ej3_interface/share/p1_ej3_interface/cmake/p1_ej3_interface__rosidl_typesupport_introspection_cppExport-noconfig.cmake
-- Up-to-date: /home/sergio/ros2_ws/install/p1_ej3_interface/share/p1_ej3_interface/cmake/p1_ej3_interface__rosidl_typesupport_cppExport.cmake
-- Up-to-date: /home/sergio/ros2_ws/install/p1_ej3_interface/share/p1_ej3_interface/cmake/p1_ej3_interface__rosidl_typesupport_cppExport-noconfig.cmake
-- Up-to-date: /home/sergio/ros2_ws/install/p1_ej3_interface/share/p1_ej3_interface/cmake/export_p1_ej3_interface__rosidl_generator_pyExport.cmake
-- Up-to-date: /home/sergio/ros2_ws/install/p1_ej3_interface/share/p1_ej3_interface/cmake/export_p1_ej3_interface__rosidl_generator_pyExport-noconfig.cmake
-- Up-to-date: /home/sergio/ros2_ws/install/p1_ej3_interface/share/p1_ej3_interface/cmake/rosidl_cmake-extras.cmake
-- Up-to-date: /home/sergio/ros2_ws/install/p1_ej3_interface/share/p1_ej3_interface/cmake/ament_cmake_export_include_directories-extras.cmake
-- Up-to-date: /home/sergio/ros2_ws/install/p1_ej3_interface/share/p1_ej3_interface/cmake/ament_cmake_export_libraries-extras.cmake
-- Up-to-date: /home/sergio/ros2_ws/install/p1_ej3_interface/share/p1_ej3_interface/cmake/ament_cmake_export_targets-extras.cmake
-- Up-to-date: /home/sergio/ros2_ws/install/p1_ej3_interface/share/p1_ej3_interface/cmake/rosidl_cmake_export_typesupport_targets-extras.cmake
-- Up-to-date: /home/sergio/ros2_ws/install/p1_ej3_interface/share/p1_ej3_interface/cmake/ament_cmake_export_dependencies-extras.cmake
-- Up-to-date: /home/sergio/ros2_ws/install/p1_ej3_interface/share/p1_ej3_interface/cmake/rosidl_cmake_export_typesupport_libraries-extras.cmake
-- Up-to-date: /home/sergio/ros2_ws/install/p1_ej3_interface/share/p1_ej3_interface/cmake/p1_ej3_interfaceConfig.cmake
-- Up-to-date: /home/sergio/ros2_ws/install/p1_ej3_interface/share/p1_ej3_interface/cmake/p1_ej3_interfaceConfig-version.cmake
-- Up-to-date: /home/sergio/ros2_ws/install/p1_ej3_interface/share/p1_ej3_interface/package.xml
