[2.304s] Invoking command in '/home/sergio/ros2_ws/src/P1_ej1_sub': PYTHONPATH=/home/sergio/ros2_ws/build/P1_ej1_sub/prefix_override:/usr/lib/python3/dist-packages/colcon_core/task/python/colcon_distutils_commands:/home/sergio/ros2_ws/install/P1_ej1_sub/lib/python3.10/site-packages:${PYTHONPATH} /usr/bin/python3 -W ignore:setup.py install is deprecated -W ignore:easy_install command is deprecated setup.py egg_info --egg-base ../../build/P1_ej1_sub build --build-base /home/sergio/ros2_ws/build/P1_ej1_sub/build install --record /home/sergio/ros2_ws/build/P1_ej1_sub/install.log --single-version-externally-managed install_data
[2.694s] running egg_info
[2.694s] creating ../../build/P1_ej1_sub/P1_ej1_sub.egg-info
[2.694s] writing ../../build/P1_ej1_sub/P1_ej1_sub.egg-info/PKG-INFO
[2.694s] writing dependency_links to ../../build/P1_ej1_sub/P1_ej1_sub.egg-info/dependency_links.txt
[2.695s] writing entry points to ../../build/P1_ej1_sub/P1_ej1_sub.egg-info/entry_points.txt
[2.695s] writing requirements to ../../build/P1_ej1_sub/P1_ej1_sub.egg-info/requires.txt
[2.695s] writing top-level names to ../../build/P1_ej1_sub/P1_ej1_sub.egg-info/top_level.txt
[2.695s] writing manifest file '../../build/P1_ej1_sub/P1_ej1_sub.egg-info/SOURCES.txt'
[2.696s] reading manifest file '../../build/P1_ej1_sub/P1_ej1_sub.egg-info/SOURCES.txt'
[2.696s] writing manifest file '../../build/P1_ej1_sub/P1_ej1_sub.egg-info/SOURCES.txt'
[2.696s] running build
[2.696s] running build_py
[2.696s] creating /home/sergio/ros2_ws/build/P1_ej1_sub/build
[2.697s] creating /home/sergio/ros2_ws/build/P1_ej1_sub/build/lib
[2.697s] creating /home/sergio/ros2_ws/build/P1_ej1_sub/build/lib/P1_ej1_sub
[2.697s] copying P1_ej1_sub/__init__.py -> /home/sergio/ros2_ws/build/P1_ej1_sub/build/lib/P1_ej1_sub
[2.697s] copying P1_ej1_sub/suscriptor.py -> /home/sergio/ros2_ws/build/P1_ej1_sub/build/lib/P1_ej1_sub
[2.698s] running install
[2.698s] running install_lib
[2.698s] running install_data
[2.698s] running install_egg_info
[2.698s] removing '/home/sergio/ros2_ws/install/P1_ej1_sub/lib/python3.10/site-packages/P1_ej1_sub-0.0.0-py3.10.egg-info' (and everything under it)
[2.698s] Copying ../../build/P1_ej1_sub/P1_ej1_sub.egg-info to /home/sergio/ros2_ws/install/P1_ej1_sub/lib/python3.10/site-packages/P1_ej1_sub-0.0.0-py3.10.egg-info
[2.699s] running install_scripts
[2.733s] Installing suscriptor script to /home/sergio/ros2_ws/install/P1_ej1_sub/lib/P1_ej1_sub
[2.734s] writing list of installed files to '/home/sergio/ros2_ws/build/P1_ej1_sub/install.log'
[2.803s] Invoked command in '/home/sergio/ros2_ws/src/P1_ej1_sub' returned '0': PYTHONPATH=/home/sergio/ros2_ws/build/P1_ej1_sub/prefix_override:/usr/lib/python3/dist-packages/colcon_core/task/python/colcon_distutils_commands:/home/sergio/ros2_ws/install/P1_ej1_sub/lib/python3.10/site-packages:${PYTHONPATH} /usr/bin/python3 -W ignore:setup.py install is deprecated -W ignore:easy_install command is deprecated setup.py egg_info --egg-base ../../build/P1_ej1_sub build --build-base /home/sergio/ros2_ws/build/P1_ej1_sub/build install --record /home/sergio/ros2_ws/build/P1_ej1_sub/install.log --single-version-externally-managed install_data
