-- Install configuration: ""
-- Up-to-date: /home/sergio/ros2_ws/install/stage_worlds/share/stage_worlds/worlds
-- Up-to-date: /home/sergio/ros2_ws/install/stage_worlds/share/stage_worlds/worlds/bitmaps
-- Up-to-date: /home/sergio/ros2_ws/install/stage_worlds/share/stage_worlds/worlds/bitmaps/lol_map.png
-- Installing: /home/sergio/ros2_ws/install/stage_worlds/share/stage_worlds/worlds/bitmaps/lol_map1.png
-- Up-to-date: /home/sergio/ros2_ws/install/stage_worlds/share/stage_worlds/worlds/bitmaps/mapa lol.jpg
-- Installing: /home/sergio/ros2_ws/install/stage_worlds/share/stage_worlds/worlds/lol_map1.world
-- Up-to-date: /home/sergio/ros2_ws/install/stage_worlds/share/stage_worlds/worlds/mi_mundo.world
-- Up-to-date: /home/sergio/ros2_ws/install/stage_worlds/share/stage_worlds/worlds/include
-- Up-to-date: /home/sergio/ros2_ws/install/stage_worlds/share/stage_worlds/worlds/include/pioneer2dx.inc
-- Up-to-date: /home/sergio/ros2_ws/install/stage_worlds/share/stage_worlds/worlds/include/robots.inc
-- Up-to-date: /home/sergio/ros2_ws/install/stage_worlds/share/ament_index/resource_index/package_run_dependencies/stage_worlds
-- Up-to-date: /home/sergio/ros2_ws/install/stage_worlds/share/ament_index/resource_index/parent_prefix_path/stage_worlds
-- Up-to-date: /home/sergio/ros2_ws/install/stage_worlds/share/stage_worlds/environment/ament_prefix_path.sh
-- Up-to-date: /home/sergio/ros2_ws/install/stage_worlds/share/stage_worlds/environment/ament_prefix_path.dsv
-- Up-to-date: /home/sergio/ros2_ws/install/stage_worlds/share/stage_worlds/environment/path.sh
-- Up-to-date: /home/sergio/ros2_ws/install/stage_worlds/share/stage_worlds/environment/path.dsv
-- Up-to-date: /home/sergio/ros2_ws/install/stage_worlds/share/stage_worlds/local_setup.bash
-- Up-to-date: /home/sergio/ros2_ws/install/stage_worlds/share/stage_worlds/local_setup.sh
-- Up-to-date: /home/sergio/ros2_ws/install/stage_worlds/share/stage_worlds/local_setup.zsh
-- Up-to-date: /home/sergio/ros2_ws/install/stage_worlds/share/stage_worlds/local_setup.dsv
-- Installing: /home/sergio/ros2_ws/install/stage_worlds/share/stage_worlds/package.dsv
-- Up-to-date: /home/sergio/ros2_ws/install/stage_worlds/share/ament_index/resource_index/packages/stage_worlds
-- Up-to-date: /home/sergio/ros2_ws/install/stage_worlds/share/stage_worlds/cmake/stage_worldsConfig.cmake
-- Up-to-date: /home/sergio/ros2_ws/install/stage_worlds/share/stage_worlds/cmake/stage_worldsConfig-version.cmake
-- Up-to-date: /home/sergio/ros2_ws/install/stage_worlds/share/stage_worlds/package.xml
