[2.582s] Invoking command in '/home/sergio/ros2_ws/src/p1_ej2_nodo5': PYTHONPATH=/home/sergio/ros2_ws/build/p1_ej2_nodo5/prefix_override:/usr/lib/python3/dist-packages/colcon_core/task/python/colcon_distutils_commands:/home/sergio/ros2_ws/install/p1_ej2_nodo5/lib/python3.10/site-packages:${PYTHONPATH} /usr/bin/python3 -W ignore:setup.py install is deprecated -W ignore:easy_install command is deprecated setup.py egg_info --egg-base ../../build/p1_ej2_nodo5 build --build-base /home/sergio/ros2_ws/build/p1_ej2_nodo5/build install --record /home/sergio/ros2_ws/build/p1_ej2_nodo5/install.log --single-version-externally-managed install_data
[3.027s] running egg_info
[3.027s] writing ../../build/p1_ej2_nodo5/p1_ej2_nodo5.egg-info/PKG-INFO
[3.027s] writing dependency_links to ../../build/p1_ej2_nodo5/p1_ej2_nodo5.egg-info/dependency_links.txt
[3.027s] writing entry points to ../../build/p1_ej2_nodo5/p1_ej2_nodo5.egg-info/entry_points.txt
[3.027s] writing requirements to ../../build/p1_ej2_nodo5/p1_ej2_nodo5.egg-info/requires.txt
[3.027s] writing top-level names to ../../build/p1_ej2_nodo5/p1_ej2_nodo5.egg-info/top_level.txt
[3.028s] reading manifest file '../../build/p1_ej2_nodo5/p1_ej2_nodo5.egg-info/SOURCES.txt'
[3.029s] writing manifest file '../../build/p1_ej2_nodo5/p1_ej2_nodo5.egg-info/SOURCES.txt'
[3.029s] running build
[3.029s] running build_py
[3.029s] running install
[3.030s] running install_lib
[3.033s] running install_data
[3.033s] running install_egg_info
[3.034s] removing '/home/sergio/ros2_ws/install/p1_ej2_nodo5/lib/python3.10/site-packages/p1_ej2_nodo5-0.0.0-py3.10.egg-info' (and everything under it)
[3.034s] Copying ../../build/p1_ej2_nodo5/p1_ej2_nodo5.egg-info to /home/sergio/ros2_ws/install/p1_ej2_nodo5/lib/python3.10/site-packages/p1_ej2_nodo5-0.0.0-py3.10.egg-info
[3.035s] running install_scripts
[3.064s] Installing nodo5 script to /home/sergio/ros2_ws/install/p1_ej2_nodo5/lib/p1_ej2_nodo5
[3.064s] writing list of installed files to '/home/sergio/ros2_ws/build/p1_ej2_nodo5/install.log'
[3.089s] Invoked command in '/home/sergio/ros2_ws/src/p1_ej2_nodo5' returned '0': PYTHONPATH=/home/sergio/ros2_ws/build/p1_ej2_nodo5/prefix_override:/usr/lib/python3/dist-packages/colcon_core/task/python/colcon_distutils_commands:/home/sergio/ros2_ws/install/p1_ej2_nodo5/lib/python3.10/site-packages:${PYTHONPATH} /usr/bin/python3 -W ignore:setup.py install is deprecated -W ignore:easy_install command is deprecated setup.py egg_info --egg-base ../../build/p1_ej2_nodo5 build --build-base /home/sergio/ros2_ws/build/p1_ej2_nodo5/build install --record /home/sergio/ros2_ws/build/p1_ej2_nodo5/install.log --single-version-externally-managed install_data
