[2.746s] Invoking command in '/home/sergio/ros2_ws/src/p2_ej3': PYTHONPATH=/home/sergio/ros2_ws/build/p2_ej3/prefix_override:/home/sergio/.espressif/python_env/idf5.2_py3.10_env/lib/python3.10/site-packages/colcon_core/task/python/colcon_distutils_commands:/home/sergio/ros2_ws/install/p2_ej3/lib/python3.10/site-packages:${PYTHONPATH} /home/sergio/.espressif/python_env/idf5.2_py3.10_env/bin/python3 -W ignore:setup.py install is deprecated -W ignore:easy_install command is deprecated setup.py egg_info --egg-base ../../build/p2_ej3 build --build-base /home/sergio/ros2_ws/build/p2_ej3/build install --record /home/sergio/ros2_ws/build/p2_ej3/install.log --single-version-externally-managed install_data
[3.457s] running egg_info
[3.480s] writing ../../build/p2_ej3/p2_ej3.egg-info/PKG-INFO
[3.480s] writing dependency_links to ../../build/p2_ej3/p2_ej3.egg-info/dependency_links.txt
[3.481s] writing entry points to ../../build/p2_ej3/p2_ej3.egg-info/entry_points.txt
[3.482s] writing requirements to ../../build/p2_ej3/p2_ej3.egg-info/requires.txt
[3.482s] writing top-level names to ../../build/p2_ej3/p2_ej3.egg-info/top_level.txt
[3.551s] reading manifest file '../../build/p2_ej3/p2_ej3.egg-info/SOURCES.txt'
[3.552s] writing manifest file '../../build/p2_ej3/p2_ej3.egg-info/SOURCES.txt'
[3.552s] running build
[3.552s] running build_py
[3.552s] copying p2_ej3/__init__.py -> /home/sergio/ros2_ws/build/p2_ej3/build/lib/p2_ej3
[3.552s] copying p2_ej3/avoid_obstacles.py -> /home/sergio/ros2_ws/build/p2_ej3/build/lib/p2_ej3
[3.552s] running install
[3.563s] running install_lib
[3.595s] running install_data
[3.595s] copying resource/p2_ej3 -> /home/sergio/ros2_ws/install/p2_ej3/share/ament_index/resource_index/packages
[3.595s] copying package.xml -> /home/sergio/ros2_ws/install/p2_ej3/share/p2_ej3
[3.596s] copying package.xml -> /home/sergio/ros2_ws/install/p2_ej3/share/p2_ej3
[3.596s] copying launch/bringup.launch.py -> /home/sergio/ros2_ws/install/p2_ej3/share/p2_ej3/launch
[3.597s] copying rviz/nav2_config.rviz -> /home/sergio/ros2_ws/install/p2_ej3/share/p2_ej3/rviz
[3.597s] running install_egg_info
[3.630s] removing '/home/sergio/ros2_ws/install/p2_ej3/lib/python3.10/site-packages/p2_ej3-0.0.0-py3.10.egg-info' (and everything under it)
[3.631s] Copying ../../build/p2_ej3/p2_ej3.egg-info to /home/sergio/ros2_ws/install/p2_ej3/lib/python3.10/site-packages/p2_ej3-0.0.0-py3.10.egg-info
[3.633s] running install_scripts
[3.828s] Installing avoid_obstacles script to /home/sergio/ros2_ws/install/p2_ej3/lib/p2_ej3
[3.829s] writing list of installed files to '/home/sergio/ros2_ws/build/p2_ej3/install.log'
[3.864s] Invoked command in '/home/sergio/ros2_ws/src/p2_ej3' returned '0': PYTHONPATH=/home/sergio/ros2_ws/build/p2_ej3/prefix_override:/home/sergio/.espressif/python_env/idf5.2_py3.10_env/lib/python3.10/site-packages/colcon_core/task/python/colcon_distutils_commands:/home/sergio/ros2_ws/install/p2_ej3/lib/python3.10/site-packages:${PYTHONPATH} /home/sergio/.espressif/python_env/idf5.2_py3.10_env/bin/python3 -W ignore:setup.py install is deprecated -W ignore:easy_install command is deprecated setup.py egg_info --egg-base ../../build/p2_ej3 build --build-base /home/sergio/ros2_ws/build/p2_ej3/build install --record /home/sergio/ros2_ws/build/p2_ej3/install.log --single-version-externally-managed install_data
