[1.282s] Invoking command in '/home/sergio/ros2_ws/src/ejemplo_uno': PYTHONPATH=/home/sergio/ros2_ws/src/build/ejemplo_uno/prefix_override:/usr/lib/python3/dist-packages/colcon_core/task/python/colcon_distutils_commands:/home/sergio/ros2_ws/src/install/ejemplo_uno/lib/python3.10/site-packages:${PYTHONPATH} /usr/bin/python3 -W ignore:setup.py install is deprecated -W ignore:easy_install command is deprecated setup.py egg_info --egg-base ../build/ejemplo_uno build --build-base /home/sergio/ros2_ws/src/build/ejemplo_uno/build install --record /home/sergio/ros2_ws/src/build/ejemplo_uno/install.log --single-version-externally-managed install_data
[1.504s] running egg_info
[1.504s] creating ../build/ejemplo_uno/ejemplo_uno.egg-info
[1.504s] writing ../build/ejemplo_uno/ejemplo_uno.egg-info/PKG-INFO
[1.504s] writing dependency_links to ../build/ejemplo_uno/ejemplo_uno.egg-info/dependency_links.txt
[1.504s] writing entry points to ../build/ejemplo_uno/ejemplo_uno.egg-info/entry_points.txt
[1.505s] writing requirements to ../build/ejemplo_uno/ejemplo_uno.egg-info/requires.txt
[1.505s] writing top-level names to ../build/ejemplo_uno/ejemplo_uno.egg-info/top_level.txt
[1.505s] writing manifest file '../build/ejemplo_uno/ejemplo_uno.egg-info/SOURCES.txt'
[1.506s] reading manifest file '../build/ejemplo_uno/ejemplo_uno.egg-info/SOURCES.txt'
[1.507s] writing manifest file '../build/ejemplo_uno/ejemplo_uno.egg-info/SOURCES.txt'
[1.507s] running build
[1.507s] running build_py
[1.507s] creating /home/sergio/ros2_ws/src/build/ejemplo_uno/build
[1.508s] creating /home/sergio/ros2_ws/src/build/ejemplo_uno/build/lib
[1.508s] creating /home/sergio/ros2_ws/src/build/ejemplo_uno/build/lib/ejemplo_uno
[1.508s] copying ejemplo_uno/suma_acumulador.py -> /home/sergio/ros2_ws/src/build/ejemplo_uno/build/lib/ejemplo_uno
[1.508s] copying ejemplo_uno/__init__.py -> /home/sergio/ros2_ws/src/build/ejemplo_uno/build/lib/ejemplo_uno
[1.508s] copying ejemplo_uno/calculador.py -> /home/sergio/ros2_ws/src/build/ejemplo_uno/build/lib/ejemplo_uno
[1.508s] copying ejemplo_uno/random_publicador.py -> /home/sergio/ros2_ws/src/build/ejemplo_uno/build/lib/ejemplo_uno
[1.508s] running install
[1.509s] running install_lib
[1.513s] running install_data
[1.514s] running install_egg_info
[1.519s] removing '/home/sergio/ros2_ws/src/install/ejemplo_uno/lib/python3.10/site-packages/ejemplo_uno-0.0.0-py3.10.egg-info' (and everything under it)
[1.521s] Copying ../build/ejemplo_uno/ejemplo_uno.egg-info to /home/sergio/ros2_ws/src/install/ejemplo_uno/lib/python3.10/site-packages/ejemplo_uno-0.0.0-py3.10.egg-info
[1.524s] running install_scripts
[1.544s] Installing calculador script to /home/sergio/ros2_ws/src/install/ejemplo_uno/lib/ejemplo_uno
[1.545s] Installing random_publicador script to /home/sergio/ros2_ws/src/install/ejemplo_uno/lib/ejemplo_uno
[1.545s] Installing suma_acumulador script to /home/sergio/ros2_ws/src/install/ejemplo_uno/lib/ejemplo_uno
[1.546s] writing list of installed files to '/home/sergio/ros2_ws/src/build/ejemplo_uno/install.log'
[1.575s] Invoked command in '/home/sergio/ros2_ws/src/ejemplo_uno' returned '0': PYTHONPATH=/home/sergio/ros2_ws/src/build/ejemplo_uno/prefix_override:/usr/lib/python3/dist-packages/colcon_core/task/python/colcon_distutils_commands:/home/sergio/ros2_ws/src/install/ejemplo_uno/lib/python3.10/site-packages:${PYTHONPATH} /usr/bin/python3 -W ignore:setup.py install is deprecated -W ignore:easy_install command is deprecated setup.py egg_info --egg-base ../build/ejemplo_uno build --build-base /home/sergio/ros2_ws/src/build/ejemplo_uno/build install --record /home/sergio/ros2_ws/src/build/ejemplo_uno/install.log --single-version-externally-managed install_data
