[3.223s] Invoking command in '/home/sergio/ros2_ws/src/pico_control_pub': PYTHONPATH=/home/sergio/ros2_ws/build/pico_control_pub/prefix_override:/home/sergio/.espressif/python_env/idf5.2_py3.10_env/lib/python3.10/site-packages/colcon_core/task/python/colcon_distutils_commands:/home/sergio/ros2_ws/install/pico_control_pub/lib/python3.10/site-packages:${PYTHONPATH} /home/sergio/.espressif/python_env/idf5.2_py3.10_env/bin/python3 -W ignore:setup.py install is deprecated -W ignore:easy_install command is deprecated setup.py egg_info --egg-base ../../build/pico_control_pub build --build-base /home/sergio/ros2_ws/build/pico_control_pub/build install --record /home/sergio/ros2_ws/build/pico_control_pub/install.log --single-version-externally-managed install_data
[3.802s] running egg_info
[3.831s] writing ../../build/pico_control_pub/pico_control_pub.egg-info/PKG-INFO
[3.831s] writing dependency_links to ../../build/pico_control_pub/pico_control_pub.egg-info/dependency_links.txt
[3.832s] writing entry points to ../../build/pico_control_pub/pico_control_pub.egg-info/entry_points.txt
[3.832s] writing requirements to ../../build/pico_control_pub/pico_control_pub.egg-info/requires.txt
[3.832s] writing top-level names to ../../build/pico_control_pub/pico_control_pub.egg-info/top_level.txt
[3.898s] reading manifest file '../../build/pico_control_pub/pico_control_pub.egg-info/SOURCES.txt'
[3.901s] writing manifest file '../../build/pico_control_pub/pico_control_pub.egg-info/SOURCES.txt'
[3.905s] running build
[3.905s] running build_py
[3.905s] copying pico_control_pub/__init__.py -> /home/sergio/ros2_ws/build/pico_control_pub/build/lib/pico_control_pub
[3.906s] copying pico_control_pub/publisher.py -> /home/sergio/ros2_ws/build/pico_control_pub/build/lib/pico_control_pub
[3.906s] copying pico_control_pub/auto.py -> /home/sergio/ros2_ws/build/pico_control_pub/build/lib/pico_control_pub
[3.906s] running install
[3.919s] running install_lib
[3.944s] copying /home/sergio/ros2_ws/build/pico_control_pub/build/lib/pico_control_pub/auto.py -> /home/sergio/ros2_ws/install/pico_control_pub/lib/python3.10/site-packages/pico_control_pub
[3.948s] byte-compiling /home/sergio/ros2_ws/install/pico_control_pub/lib/python3.10/site-packages/pico_control_pub/auto.py to auto.cpython-310.pyc
[3.948s] running install_data
[3.949s] copying resource/pico_control_pub -> /home/sergio/ros2_ws/install/pico_control_pub/share/ament_index/resource_index/packages
[3.949s] copying package.xml -> /home/sergio/ros2_ws/install/pico_control_pub/share/pico_control_pub
[3.949s] running install_egg_info
[3.984s] removing '/home/sergio/ros2_ws/install/pico_control_pub/lib/python3.10/site-packages/pico_control_pub-0.0.0-py3.10.egg-info' (and everything under it)
[3.987s] Copying ../../build/pico_control_pub/pico_control_pub.egg-info to /home/sergio/ros2_ws/install/pico_control_pub/lib/python3.10/site-packages/pico_control_pub-0.0.0-py3.10.egg-info
[3.988s] running install_scripts
[4.272s] Installing auto script to /home/sergio/ros2_ws/install/pico_control_pub/lib/pico_control_pub
[4.273s] Installing publisher script to /home/sergio/ros2_ws/install/pico_control_pub/lib/pico_control_pub
[4.273s] writing list of installed files to '/home/sergio/ros2_ws/build/pico_control_pub/install.log'
[4.350s] Invoked command in '/home/sergio/ros2_ws/src/pico_control_pub' returned '0': PYTHONPATH=/home/sergio/ros2_ws/build/pico_control_pub/prefix_override:/home/sergio/.espressif/python_env/idf5.2_py3.10_env/lib/python3.10/site-packages/colcon_core/task/python/colcon_distutils_commands:/home/sergio/ros2_ws/install/pico_control_pub/lib/python3.10/site-packages:${PYTHONPATH} /home/sergio/.espressif/python_env/idf5.2_py3.10_env/bin/python3 -W ignore:setup.py install is deprecated -W ignore:easy_install command is deprecated setup.py egg_info --egg-base ../../build/pico_control_pub build --build-base /home/sergio/ros2_ws/build/pico_control_pub/build install --record /home/sergio/ros2_ws/build/pico_control_pub/install.log --single-version-externally-managed install_data
