[1.939s] Invoking command in '/home/sergio/ros2_ws/src/robot_autonomo': PYTHONPATH=/home/sergio/ros2_ws/build/robot_autonomo/prefix_override:/home/sergio/.espressif/python_env/idf5.2_py3.10_env/lib/python3.10/site-packages/colcon_core/task/python/colcon_distutils_commands:/home/sergio/ros2_ws/install/robot_autonomo/lib/python3.10/site-packages:${PYTHONPATH} /home/sergio/.espressif/python_env/idf5.2_py3.10_env/bin/python3 -W ignore:setup.py install is deprecated -W ignore:easy_install command is deprecated setup.py egg_info --egg-base ../../build/robot_autonomo build --build-base /home/sergio/ros2_ws/build/robot_autonomo/build install --record /home/sergio/ros2_ws/build/robot_autonomo/install.log --single-version-externally-managed install_data
[2.591s] running egg_info
[2.653s] writing ../../build/robot_autonomo/robot_autonomo.egg-info/PKG-INFO
[2.654s] writing dependency_links to ../../build/robot_autonomo/robot_autonomo.egg-info/dependency_links.txt
[2.655s] writing entry points to ../../build/robot_autonomo/robot_autonomo.egg-info/entry_points.txt
[2.656s] writing requirements to ../../build/robot_autonomo/robot_autonomo.egg-info/requires.txt
[2.656s] writing top-level names to ../../build/robot_autonomo/robot_autonomo.egg-info/top_level.txt
[2.729s] reading manifest file '../../build/robot_autonomo/robot_autonomo.egg-info/SOURCES.txt'
[2.733s] writing manifest file '../../build/robot_autonomo/robot_autonomo.egg-info/SOURCES.txt'
[2.734s] running build
[2.734s] running build_py
[2.734s] copying robot_autonomo/__init__.py -> /home/sergio/ros2_ws/build/robot_autonomo/build/lib/robot_autonomo
[2.734s] copying robot_autonomo/evitar_obstaculos.py -> /home/sergio/ros2_ws/build/robot_autonomo/build/lib/robot_autonomo
[2.734s] copying robot_autonomo/nodo_evitar_obstaculos.py -> /home/sergio/ros2_ws/build/robot_autonomo/build/lib/robot_autonomo
[2.734s] running install
[2.748s] running install_lib
[2.775s] running install_data
[2.775s] copying resource/robot_autonomo -> /home/sergio/ros2_ws/install/robot_autonomo/share/ament_index/resource_index/packages
[2.775s] copying package.xml -> /home/sergio/ros2_ws/install/robot_autonomo/share/robot_autonomo
[2.775s] running install_egg_info
[2.805s] removing '/home/sergio/ros2_ws/install/robot_autonomo/lib/python3.10/site-packages/robot_autonomo-0.0.0-py3.10.egg-info' (and everything under it)
[2.810s] Copying ../../build/robot_autonomo/robot_autonomo.egg-info to /home/sergio/ros2_ws/install/robot_autonomo/lib/python3.10/site-packages/robot_autonomo-0.0.0-py3.10.egg-info
[2.812s] running install_scripts
[2.973s] Installing evita_obstaculos script to /home/sergio/ros2_ws/install/robot_autonomo/lib/robot_autonomo
[2.974s] Installing evita_obstaculos2 script to /home/sergio/ros2_ws/install/robot_autonomo/lib/robot_autonomo
[2.974s] writing list of installed files to '/home/sergio/ros2_ws/build/robot_autonomo/install.log'
[3.016s] Invoked command in '/home/sergio/ros2_ws/src/robot_autonomo' returned '0': PYTHONPATH=/home/sergio/ros2_ws/build/robot_autonomo/prefix_override:/home/sergio/.espressif/python_env/idf5.2_py3.10_env/lib/python3.10/site-packages/colcon_core/task/python/colcon_distutils_commands:/home/sergio/ros2_ws/install/robot_autonomo/lib/python3.10/site-packages:${PYTHONPATH} /home/sergio/.espressif/python_env/idf5.2_py3.10_env/bin/python3 -W ignore:setup.py install is deprecated -W ignore:easy_install command is deprecated setup.py egg_info --egg-base ../../build/robot_autonomo build --build-base /home/sergio/ros2_ws/build/robot_autonomo/build install --record /home/sergio/ros2_ws/build/robot_autonomo/install.log --single-version-externally-managed install_data
