running egg_info
creating ../../build/ejercicio_tres_server/ejercicio_tres_server.egg-info
writing ../../build/ejercicio_tres_server/ejercicio_tres_server.egg-info/PKG-INFO
writing dependency_links to ../../build/ejercicio_tres_server/ejercicio_tres_server.egg-info/dependency_links.txt
writing entry points to ../../build/ejercicio_tres_server/ejercicio_tres_server.egg-info/entry_points.txt
writing requirements to ../../build/ejercicio_tres_server/ejercicio_tres_server.egg-info/requires.txt
writing top-level names to ../../build/ejercicio_tres_server/ejercicio_tres_server.egg-info/top_level.txt
writing manifest file '../../build/ejercicio_tres_server/ejercicio_tres_server.egg-info/SOURCES.txt'
reading manifest file '../../build/ejercicio_tres_server/ejercicio_tres_server.egg-info/SOURCES.txt'
writing manifest file '../../build/ejercicio_tres_server/ejercicio_tres_server.egg-info/SOURCES.txt'
running build
running build_py
creating /home/sergio/ros2_ws/build/ejercicio_tres_server/build
creating /home/sergio/ros2_ws/build/ejercicio_tres_server/build/lib
creating /home/sergio/ros2_ws/build/ejercicio_tres_server/build/lib/ejercicio_tres_server
copying ejercicio_tres_server/__init__.py -> /home/sergio/ros2_ws/build/ejercicio_tres_server/build/lib/ejercicio_tres_server
copying ejercicio_tres_server/midpoint_server.py -> /home/sergio/ros2_ws/build/ejercicio_tres_server/build/lib/ejercicio_tres_server
running install
running install_lib
running install_data
running install_egg_info
removing '/home/sergio/ros2_ws/install/ejercicio_tres_server/lib/python3.10/site-packages/ejercicio_tres_server-0.0.0-py3.10.egg-info' (and everything under it)
Copying ../../build/ejercicio_tres_server/ejercicio_tres_server.egg-info to /home/sergio/ros2_ws/install/ejercicio_tres_server/lib/python3.10/site-packages/ejercicio_tres_server-0.0.0-py3.10.egg-info
running install_scripts
Installing midpoint_server script to /home/sergio/ros2_ws/install/ejercicio_tres_server/lib/ejercicio_tres_server
writing list of installed files to '/home/sergio/ros2_ws/build/ejercicio_tres_server/install.log'
