[0.423s] Invoking command in '/home/sergio/ros2_ws/build/P1_ej3_interface': CMAKE_PREFIX_PATH=${CMAKE_PREFIX_PATH}:/home/sergio/ros2_ws/install/P1_ej1_sub:/home/sergio/ros2_ws/install/P1_ej1_pub:/home/sergio/ros2_ws/install/my_package:/home/sergio/ros2_ws/install/mma_talker:/home/sergio/ros2_ws/install/mma_service:/home/sergio/ros2_ws/install/mma_listener:/home/sergio/ros2_ws/install/ejercicio_tres_server:/home/sergio/ros2_ws/install/ejercicio_tres_client:/home/sergio/ros2_ws/install/ejercicio_dos:/home/sergio/ros2_ws/install/ejemplo_uno:/opt/ros/humble /usr/bin/cmake /home/sergio/ros2_ws/src/P1_ej3_interface -DCMAKE_INSTALL_PREFIX=/home/sergio/ros2_ws/install/P1_ej3_interface
[1.657s] -- The C compiler identification is GNU 11.4.0
[1.657s] -- The CXX compiler identification is GNU 11.4.0
[1.657s] -- Detecting C compiler ABI info
[1.657s] -- Detecting C compiler ABI info - done
[1.657s] -- Check for working C compiler: /usr/bin/cc - skipped
[1.657s] -- Detecting C compile features
[1.657s] -- Detecting C compile features - done
[1.657s] -- Detecting CXX compiler ABI info
[1.657s] -- Detecting CXX compiler ABI info - done
[1.657s] -- Check for working CXX compiler: /usr/bin/c++ - skipped
[1.657s] -- Detecting CXX compile features
[1.658s] -- Detecting CXX compile features - done
[1.658s] -- Found ament_cmake: 1.3.11 (/opt/ros/humble/share/ament_cmake/cmake)
[1.658s] -- Found Python3: /usr/bin/python3 (found version "3.10.12") found components: Interpreter 
[1.658s] -- Found rosidl_default_generators: 1.2.0 (/opt/ros/humble/share/rosidl_default_generators/cmake)
[1.658s] -- Using all available rosidl_typesupport_c: rosidl_typesupport_fastrtps_c;rosidl_typesupport_introspection_c
[1.658s] -- Found rosidl_adapter: 3.1.6 (/opt/ros/humble/share/rosidl_adapter/cmake)
[1.658s] -- Using all available rosidl_typesupport_cpp: rosidl_typesupport_fastrtps_cpp;rosidl_typesupport_introspection_cpp
[1.658s] -- Configuring incomplete, errors occurred!
[1.658s] See also "/home/sergio/ros2_ws/build/P1_ej3_interface/CMakeFiles/CMakeOutput.log".
[1.658s] [31mCMake Error at /opt/ros/humble/share/rosidl_cmake/cmake/rosidl_generate_interfaces.cmake:93 (message):
[1.658s]   rosidl_generate_interfaces() the passed file 'srv/Midpoint.srv' doesn't
[1.659s]   exist relative to the CMAKE_CURRENT_SOURCE_DIR
[1.659s]   '/home/sergio/ros2_ws/src/P1_ej3_interface'
[1.659s] Call Stack (most recent call first):
[1.659s]   CMakeLists.txt:14 (rosidl_generate_interfaces)
[1.659s] 
[1.659s] [0m
[1.833s] Invoked command in '/home/sergio/ros2_ws/build/P1_ej3_interface' returned '1': CMAKE_PREFIX_PATH=${CMAKE_PREFIX_PATH}:/home/sergio/ros2_ws/install/P1_ej1_sub:/home/sergio/ros2_ws/install/P1_ej1_pub:/home/sergio/ros2_ws/install/my_package:/home/sergio/ros2_ws/install/mma_talker:/home/sergio/ros2_ws/install/mma_service:/home/sergio/ros2_ws/install/mma_listener:/home/sergio/ros2_ws/install/ejercicio_tres_server:/home/sergio/ros2_ws/install/ejercicio_tres_client:/home/sergio/ros2_ws/install/ejercicio_dos:/home/sergio/ros2_ws/install/ejemplo_uno:/opt/ros/humble /usr/bin/cmake /home/sergio/ros2_ws/src/P1_ej3_interface -DCMAKE_INSTALL_PREFIX=/home/sergio/ros2_ws/install/P1_ej3_interface
