[3.379s] Invoking command in '/home/sergio/ros2_ws/src/P1_ej1_pub': PYTHONPATH=/home/sergio/ros2_ws/build/P1_ej1_pub/prefix_override:/usr/lib/python3/dist-packages/colcon_core/task/python/colcon_distutils_commands:/home/sergio/ros2_ws/install/P1_ej1_pub/lib/python3.10/site-packages:${PYTHONPATH} /usr/bin/python3 -W ignore:setup.py install is deprecated -W ignore:easy_install command is deprecated setup.py egg_info --egg-base ../../build/P1_ej1_pub build --build-base /home/sergio/ros2_ws/build/P1_ej1_pub/build install --record /home/sergio/ros2_ws/build/P1_ej1_pub/install.log --single-version-externally-managed install_data
[3.833s] running egg_info
[3.833s] writing ../../build/P1_ej1_pub/P1_ej1_pub.egg-info/PKG-INFO
[3.833s] writing dependency_links to ../../build/P1_ej1_pub/P1_ej1_pub.egg-info/dependency_links.txt
[3.833s] writing entry points to ../../build/P1_ej1_pub/P1_ej1_pub.egg-info/entry_points.txt
[3.833s] writing requirements to ../../build/P1_ej1_pub/P1_ej1_pub.egg-info/requires.txt
[3.833s] writing top-level names to ../../build/P1_ej1_pub/P1_ej1_pub.egg-info/top_level.txt
[3.833s] reading manifest file '../../build/P1_ej1_pub/P1_ej1_pub.egg-info/SOURCES.txt'
[3.834s] writing manifest file '../../build/P1_ej1_pub/P1_ej1_pub.egg-info/SOURCES.txt'
[3.834s] running build
[3.837s] running build_py
[3.838s] running install
[3.842s] running install_lib
[3.846s] running install_data
[3.847s] running install_egg_info
[3.862s] removing '/home/sergio/ros2_ws/install/P1_ej1_pub/lib/python3.10/site-packages/P1_ej1_pub-0.0.0-py3.10.egg-info' (and everything under it)
[3.869s] Copying ../../build/P1_ej1_pub/P1_ej1_pub.egg-info to /home/sergio/ros2_ws/install/P1_ej1_pub/lib/python3.10/site-packages/P1_ej1_pub-0.0.0-py3.10.egg-info
[3.870s] running install_scripts
[3.899s] Installing publicador script to /home/sergio/ros2_ws/install/P1_ej1_pub/lib/P1_ej1_pub
[3.899s] writing list of installed files to '/home/sergio/ros2_ws/build/P1_ej1_pub/install.log'
[4.060s] Invoked command in '/home/sergio/ros2_ws/src/P1_ej1_pub' returned '0': PYTHONPATH=/home/sergio/ros2_ws/build/P1_ej1_pub/prefix_override:/usr/lib/python3/dist-packages/colcon_core/task/python/colcon_distutils_commands:/home/sergio/ros2_ws/install/P1_ej1_pub/lib/python3.10/site-packages:${PYTHONPATH} /usr/bin/python3 -W ignore:setup.py install is deprecated -W ignore:easy_install command is deprecated setup.py egg_info --egg-base ../../build/P1_ej1_pub build --build-base /home/sergio/ros2_ws/build/P1_ej1_pub/build install --record /home/sergio/ros2_ws/build/P1_ej1_pub/install.log --single-version-externally-managed install_data
