[1.961s] Invoking command in '/home/sergio/ros2_ws/src/ejemplo_uno': PYTHONPATH=/home/sergio/ros2_ws/build/ejemplo_uno/prefix_override:/usr/lib/python3/dist-packages/colcon_core/task/python/colcon_distutils_commands:/home/sergio/ros2_ws/install/ejemplo_uno/lib/python3.10/site-packages:${PYTHONPATH} /usr/bin/python3 -W ignore:setup.py install is deprecated -W ignore:easy_install command is deprecated setup.py egg_info --egg-base ../../build/ejemplo_uno build --build-base /home/sergio/ros2_ws/build/ejemplo_uno/build install --record /home/sergio/ros2_ws/build/ejemplo_uno/install.log --single-version-externally-managed install_data
[2.229s] running egg_info
[2.230s] writing ../../build/ejemplo_uno/ejemplo_uno.egg-info/PKG-INFO
[2.230s] writing dependency_links to ../../build/ejemplo_uno/ejemplo_uno.egg-info/dependency_links.txt
[2.231s] writing entry points to ../../build/ejemplo_uno/ejemplo_uno.egg-info/entry_points.txt
[2.231s] writing requirements to ../../build/ejemplo_uno/ejemplo_uno.egg-info/requires.txt
[2.231s] writing top-level names to ../../build/ejemplo_uno/ejemplo_uno.egg-info/top_level.txt
[2.235s] reading manifest file '../../build/ejemplo_uno/ejemplo_uno.egg-info/SOURCES.txt'
[2.235s] writing manifest file '../../build/ejemplo_uno/ejemplo_uno.egg-info/SOURCES.txt'
[2.235s] running build
[2.235s] running build_py
[2.235s] running install
[2.238s] running install_lib
[2.238s] running install_data
[2.238s] running install_egg_info
[2.243s] removing '/home/sergio/ros2_ws/install/ejemplo_uno/lib/python3.10/site-packages/ejemplo_uno-0.0.0-py3.10.egg-info' (and everything under it)
[2.243s] Copying ../../build/ejemplo_uno/ejemplo_uno.egg-info to /home/sergio/ros2_ws/install/ejemplo_uno/lib/python3.10/site-packages/ejemplo_uno-0.0.0-py3.10.egg-info
[2.243s] running install_scripts
[2.270s] Installing calculador script to /home/sergio/ros2_ws/install/ejemplo_uno/lib/ejemplo_uno
[2.270s] Installing random_publicador script to /home/sergio/ros2_ws/install/ejemplo_uno/lib/ejemplo_uno
[2.270s] Installing suma_acumulador script to /home/sergio/ros2_ws/install/ejemplo_uno/lib/ejemplo_uno
[2.270s] writing list of installed files to '/home/sergio/ros2_ws/build/ejemplo_uno/install.log'
[2.299s] Invoked command in '/home/sergio/ros2_ws/src/ejemplo_uno' returned '0': PYTHONPATH=/home/sergio/ros2_ws/build/ejemplo_uno/prefix_override:/usr/lib/python3/dist-packages/colcon_core/task/python/colcon_distutils_commands:/home/sergio/ros2_ws/install/ejemplo_uno/lib/python3.10/site-packages:${PYTHONPATH} /usr/bin/python3 -W ignore:setup.py install is deprecated -W ignore:easy_install command is deprecated setup.py egg_info --egg-base ../../build/ejemplo_uno build --build-base /home/sergio/ros2_ws/build/ejemplo_uno/build install --record /home/sergio/ros2_ws/build/ejemplo_uno/install.log --single-version-externally-managed install_data
