[0.882s] Invoking command in '/home/sergio/ros2_ws/build/ejercicio_tres_interface': CMAKE_PREFIX_PATH=${CMAKE_PREFIX_PATH}:/home/sergio/ros2_ws/install/P1_ej1_sub:/home/sergio/ros2_ws/install/P1_ej1_pub:/home/sergio/ros2_ws/install/my_package:/home/sergio/ros2_ws/install/mma_talker:/home/sergio/ros2_ws/install/mma_service:/home/sergio/ros2_ws/install/mma_listener:/home/sergio/ros2_ws/install/ejercicio_tres_server:/home/sergio/ros2_ws/install/ejercicio_tres_client:/home/sergio/ros2_ws/install/ejercicio_dos:/home/sergio/ros2_ws/install/ejemplo_uno:/opt/ros/humble /usr/bin/cmake --build /home/sergio/ros2_ws/build/ejercicio_tres_interface -- -j16 -l16
[1.908s] [  3%] Built target ejercicio_tres_interface__cpp
[1.909s] [ 12%] Built target ejercicio_tres_interface__rosidl_generator_c
[1.909s] [ 12%] Built target ament_cmake_python_copy_ejercicio_tres_interface
[1.909s] [ 25%] Built target ejercicio_tres_interface__rosidl_typesupport_introspection_cpp
[1.909s] [ 32%] Built target ejercicio_tres_interface__rosidl_typesupport_cpp
[1.909s] [ 41%] Built target ejercicio_tres_interface__rosidl_typesupport_fastrtps_cpp
[1.909s] [ 51%] Built target ejercicio_tres_interface__rosidl_typesupport_fastrtps_c
[1.909s] [ 64%] Built target ejercicio_tres_interface__rosidl_typesupport_introspection_c
[1.909s] [ 70%] Built target ejercicio_tres_interface__rosidl_typesupport_c
[1.909s] [ 70%] Built target ejercicio_tres_interface
[1.909s] [ 74%] Built target ejercicio_tres_interface__py
[1.909s] [ 80%] Built target ejercicio_tres_interface__rosidl_generator_py
[1.909s] [100%] Built target ejercicio_tres_interface__rosidl_typesupport_c__pyext
[1.909s] [100%] Built target ejercicio_tres_interface__rosidl_typesupport_fastrtps_c__pyext
[1.909s] [100%] Built target ejercicio_tres_interface__rosidl_typesupport_introspection_c__pyext
[1.909s] running egg_info
[1.909s] writing ejercicio_tres_interface.egg-info/PKG-INFO
[1.909s] writing dependency_links to ejercicio_tres_interface.egg-info/dependency_links.txt
[1.909s] writing top-level names to ejercicio_tres_interface.egg-info/top_level.txt
[1.909s] reading manifest file 'ejercicio_tres_interface.egg-info/SOURCES.txt'
[1.909s] writing manifest file 'ejercicio_tres_interface.egg-info/SOURCES.txt'
[1.910s] [100%] Built target ament_cmake_python_build_ejercicio_tres_interface_egg
[1.914s] Invoked command in '/home/sergio/ros2_ws/build/ejercicio_tres_interface' returned '0': CMAKE_PREFIX_PATH=${CMAKE_PREFIX_PATH}:/home/sergio/ros2_ws/install/P1_ej1_sub:/home/sergio/ros2_ws/install/P1_ej1_pub:/home/sergio/ros2_ws/install/my_package:/home/sergio/ros2_ws/install/mma_talker:/home/sergio/ros2_ws/install/mma_service:/home/sergio/ros2_ws/install/mma_listener:/home/sergio/ros2_ws/install/ejercicio_tres_server:/home/sergio/ros2_ws/install/ejercicio_tres_client:/home/sergio/ros2_ws/install/ejercicio_dos:/home/sergio/ros2_ws/install/ejemplo_uno:/opt/ros/humble /usr/bin/cmake --build /home/sergio/ros2_ws/build/ejercicio_tres_interface -- -j16 -l16
[1.920s] Invoking command in '/home/sergio/ros2_ws/build/ejercicio_tres_interface': CMAKE_PREFIX_PATH=${CMAKE_PREFIX_PATH}:/home/sergio/ros2_ws/install/P1_ej1_sub:/home/sergio/ros2_ws/install/P1_ej1_pub:/home/sergio/ros2_ws/install/my_package:/home/sergio/ros2_ws/install/mma_talker:/home/sergio/ros2_ws/install/mma_service:/home/sergio/ros2_ws/install/mma_listener:/home/sergio/ros2_ws/install/ejercicio_tres_server:/home/sergio/ros2_ws/install/ejercicio_tres_client:/home/sergio/ros2_ws/install/ejercicio_dos:/home/sergio/ros2_ws/install/ejemplo_uno:/opt/ros/humble /usr/bin/cmake --install /home/sergio/ros2_ws/build/ejercicio_tres_interface
[1.924s] -- Install configuration: ""
[1.925s] -- Up-to-date: /home/sergio/ros2_ws/install/ejercicio_tres_interface/share/ament_index/resource_index/rosidl_interfaces/ejercicio_tres_interface
[1.925s] -- Up-to-date: /home/sergio/ros2_ws/install/ejercicio_tres_interface/include/ejercicio_tres_interface/ejercicio_tres_interface
[1.925s] -- Up-to-date: /home/sergio/ros2_ws/install/ejercicio_tres_interface/include/ejercicio_tres_interface/ejercicio_tres_interface/msg
[1.925s] -- Up-to-date: /home/sergio/ros2_ws/install/ejercicio_tres_interface/include/ejercicio_tres_interface/ejercicio_tres_interface/msg/rosidl_generator_c__visibility_control.h
[1.925s] -- Up-to-date: /home/sergio/ros2_ws/install/ejercicio_tres_interface/include/ejercicio_tres_interface/ejercicio_tres_interface/srv
[1.925s] -- Up-to-date: /home/sergio/ros2_ws/install/ejercicio_tres_interface/include/ejercicio_tres_interface/ejercicio_tres_interface/srv/detail
[1.925s] -- Up-to-date: /home/sergio/ros2_ws/install/ejercicio_tres_interface/include/ejercicio_tres_interface/ejercicio_tres_interface/srv/detail/midpoint__functions.c
[1.925s] -- Up-to-date: /home/sergio/ros2_ws/install/ejercicio_tres_interface/include/ejercicio_tres_interface/ejercicio_tres_interface/srv/detail/midpoint__type_support.h
[1.925s] -- Up-to-date: /home/sergio/ros2_ws/install/ejercicio_tres_interface/include/ejercicio_tres_interface/ejercicio_tres_interface/srv/detail/midpoint__functions.h
[1.926s] -- Up-to-date: /home/sergio/ros2_ws/install/ejercicio_tres_interface/include/ejercicio_tres_interface/ejercicio_tres_interface/srv/detail/midpoint__struct.h
[1.926s] -- Up-to-date: /home/sergio/ros2_ws/install/ejercicio_tres_interface/include/ejercicio_tres_interface/ejercicio_tres_interface/srv/midpoint.h
[1.926s] -- Up-to-date: /home/sergio/ros2_ws/install/ejercicio_tres_interface/share/ejercicio_tres_interface/environment/library_path.sh
[1.926s] -- Up-to-date: /home/sergio/ros2_ws/install/ejercicio_tres_interface/share/ejercicio_tres_interface/environment/library_path.dsv
[1.926s] -- Up-to-date: /home/sergio/ros2_ws/install/ejercicio_tres_interface/lib/libejercicio_tres_interface__rosidl_generator_c.so
[1.926s] -- Up-to-date: /home/sergio/ros2_ws/install/ejercicio_tres_interface/include/ejercicio_tres_interface/ejercicio_tres_interface
[1.926s] -- Up-to-date: /home/sergio/ros2_ws/install/ejercicio_tres_interface/include/ejercicio_tres_interface/ejercicio_tres_interface/msg
[1.926s] -- Up-to-date: /home/sergio/ros2_ws/install/ejercicio_tres_interface/include/ejercicio_tres_interface/ejercicio_tres_interface/msg/rosidl_typesupport_fastrtps_c__visibility_control.h
[1.926s] -- Up-to-date: /home/sergio/ros2_ws/install/ejercicio_tres_interface/include/ejercicio_tres_interface/ejercicio_tres_interface/srv
[1.926s] -- Up-to-date: /home/sergio/ros2_ws/install/ejercicio_tres_interface/include/ejercicio_tres_interface/ejercicio_tres_interface/srv/detail
[1.926s] -- Up-to-date: /home/sergio/ros2_ws/install/ejercicio_tres_interface/include/ejercicio_tres_interface/ejercicio_tres_interface/srv/detail/midpoint__rosidl_typesupport_fastrtps_c.h
[1.926s] -- Up-to-date: /home/sergio/ros2_ws/install/ejercicio_tres_interface/lib/libejercicio_tres_interface__rosidl_typesupport_fastrtps_c.so
[1.926s] -- Up-to-date: /home/sergio/ros2_ws/install/ejercicio_tres_interface/include/ejercicio_tres_interface/ejercicio_tres_interface
[1.926s] -- Up-to-date: /home/sergio/ros2_ws/install/ejercicio_tres_interface/include/ejercicio_tres_interface/ejercicio_tres_interface/msg
[1.926s] -- Up-to-date: /home/sergio/ros2_ws/install/ejercicio_tres_interface/include/ejercicio_tres_interface/ejercicio_tres_interface/msg/rosidl_typesupport_introspection_c__visibility_control.h
[1.926s] -- Up-to-date: /home/sergio/ros2_ws/install/ejercicio_tres_interface/include/ejercicio_tres_interface/ejercicio_tres_interface/srv
[1.927s] -- Up-to-date: /home/sergio/ros2_ws/install/ejercicio_tres_interface/include/ejercicio_tres_interface/ejercicio_tres_interface/srv/detail
[1.927s] -- Up-to-date: /home/sergio/ros2_ws/install/ejercicio_tres_interface/include/ejercicio_tres_interface/ejercicio_tres_interface/srv/detail/midpoint__type_support.c
[1.927s] -- Up-to-date: /home/sergio/ros2_ws/install/ejercicio_tres_interface/include/ejercicio_tres_interface/ejercicio_tres_interface/srv/detail/midpoint__rosidl_typesupport_introspection_c.h
[1.927s] -- Up-to-date: /home/sergio/ros2_ws/install/ejercicio_tres_interface/lib/libejercicio_tres_interface__rosidl_typesupport_introspection_c.so
[1.927s] -- Up-to-date: /home/sergio/ros2_ws/install/ejercicio_tres_interface/lib/libejercicio_tres_interface__rosidl_typesupport_c.so
[1.927s] -- Up-to-date: /home/sergio/ros2_ws/install/ejercicio_tres_interface/include/ejercicio_tres_interface/ejercicio_tres_interface
[1.927s] -- Up-to-date: /home/sergio/ros2_ws/install/ejercicio_tres_interface/include/ejercicio_tres_interface/ejercicio_tres_interface/msg
[1.927s] -- Up-to-date: /home/sergio/ros2_ws/install/ejercicio_tres_interface/include/ejercicio_tres_interface/ejercicio_tres_interface/msg/rosidl_generator_cpp__visibility_control.hpp
[1.927s] -- Up-to-date: /home/sergio/ros2_ws/install/ejercicio_tres_interface/include/ejercicio_tres_interface/ejercicio_tres_interface/srv
[1.927s] -- Up-to-date: /home/sergio/ros2_ws/install/ejercicio_tres_interface/include/ejercicio_tres_interface/ejercicio_tres_interface/srv/detail
[1.927s] -- Up-to-date: /home/sergio/ros2_ws/install/ejercicio_tres_interface/include/ejercicio_tres_interface/ejercicio_tres_interface/srv/detail/midpoint__traits.hpp
[1.927s] -- Up-to-date: /home/sergio/ros2_ws/install/ejercicio_tres_interface/include/ejercicio_tres_interface/ejercicio_tres_interface/srv/detail/midpoint__builder.hpp
[1.927s] -- Up-to-date: /home/sergio/ros2_ws/install/ejercicio_tres_interface/include/ejercicio_tres_interface/ejercicio_tres_interface/srv/detail/midpoint__type_support.hpp
[1.927s] -- Up-to-date: /home/sergio/ros2_ws/install/ejercicio_tres_interface/include/ejercicio_tres_interface/ejercicio_tres_interface/srv/detail/midpoint__struct.hpp
[1.927s] -- Up-to-date: /home/sergio/ros2_ws/install/ejercicio_tres_interface/include/ejercicio_tres_interface/ejercicio_tres_interface/srv/midpoint.hpp
[1.928s] -- Up-to-date: /home/sergio/ros2_ws/install/ejercicio_tres_interface/include/ejercicio_tres_interface/ejercicio_tres_interface
[1.929s] -- Up-to-date: /home/sergio/ros2_ws/install/ejercicio_tres_interface/include/ejercicio_tres_interface/ejercicio_tres_interface/msg
[1.929s] -- Up-to-date: /home/sergio/ros2_ws/install/ejercicio_tres_interface/include/ejercicio_tres_interface/ejercicio_tres_interface/msg/rosidl_typesupport_fastrtps_cpp__visibility_control.h
[1.929s] -- Up-to-date: /home/sergio/ros2_ws/install/ejercicio_tres_interface/include/ejercicio_tres_interface/ejercicio_tres_interface/srv
[1.929s] -- Up-to-date: /home/sergio/ros2_ws/install/ejercicio_tres_interface/include/ejercicio_tres_interface/ejercicio_tres_interface/srv/detail
[1.929s] -- Up-to-date: /home/sergio/ros2_ws/install/ejercicio_tres_interface/include/ejercicio_tres_interface/ejercicio_tres_interface/srv/detail/dds_fastrtps
[1.929s] -- Up-to-date: /home/sergio/ros2_ws/install/ejercicio_tres_interface/include/ejercicio_tres_interface/ejercicio_tres_interface/srv/detail/midpoint__rosidl_typesupport_fastrtps_cpp.hpp
[1.929s] -- Up-to-date: /home/sergio/ros2_ws/install/ejercicio_tres_interface/lib/libejercicio_tres_interface__rosidl_typesupport_fastrtps_cpp.so
[1.930s] -- Up-to-date: /home/sergio/ros2_ws/install/ejercicio_tres_interface/include/ejercicio_tres_interface/ejercicio_tres_interface
[1.930s] -- Up-to-date: /home/sergio/ros2_ws/install/ejercicio_tres_interface/include/ejercicio_tres_interface/ejercicio_tres_interface/srv
[1.930s] -- Up-to-date: /home/sergio/ros2_ws/install/ejercicio_tres_interface/include/ejercicio_tres_interface/ejercicio_tres_interface/srv/detail
[1.930s] -- Up-to-date: /home/sergio/ros2_ws/install/ejercicio_tres_interface/include/ejercicio_tres_interface/ejercicio_tres_interface/srv/detail/midpoint__type_support.cpp
[1.930s] -- Up-to-date: /home/sergio/ros2_ws/install/ejercicio_tres_interface/include/ejercicio_tres_interface/ejercicio_tres_interface/srv/detail/midpoint__rosidl_typesupport_introspection_cpp.hpp
[1.930s] -- Up-to-date: /home/sergio/ros2_ws/install/ejercicio_tres_interface/lib/libejercicio_tres_interface__rosidl_typesupport_introspection_cpp.so
[1.930s] -- Up-to-date: /home/sergio/ros2_ws/install/ejercicio_tres_interface/lib/libejercicio_tres_interface__rosidl_typesupport_cpp.so
[1.930s] -- Up-to-date: /home/sergio/ros2_ws/install/ejercicio_tres_interface/share/ejercicio_tres_interface/environment/pythonpath.sh
[1.930s] -- Up-to-date: /home/sergio/ros2_ws/install/ejercicio_tres_interface/share/ejercicio_tres_interface/environment/pythonpath.dsv
[1.931s] -- Up-to-date: /home/sergio/ros2_ws/install/ejercicio_tres_interface/local/lib/python3.10/dist-packages/ejercicio_tres_interface-0.0.0-py3.10.egg-info
[1.931s] -- Installing: /home/sergio/ros2_ws/install/ejercicio_tres_interface/local/lib/python3.10/dist-packages/ejercicio_tres_interface-0.0.0-py3.10.egg-info/PKG-INFO
[1.932s] -- Installing: /home/sergio/ros2_ws/install/ejercicio_tres_interface/local/lib/python3.10/dist-packages/ejercicio_tres_interface-0.0.0-py3.10.egg-info/SOURCES.txt
[1.932s] -- Installing: /home/sergio/ros2_ws/install/ejercicio_tres_interface/local/lib/python3.10/dist-packages/ejercicio_tres_interface-0.0.0-py3.10.egg-info/top_level.txt
[1.932s] -- Installing: /home/sergio/ros2_ws/install/ejercicio_tres_interface/local/lib/python3.10/dist-packages/ejercicio_tres_interface-0.0.0-py3.10.egg-info/dependency_links.txt
[1.932s] -- Up-to-date: /home/sergio/ros2_ws/install/ejercicio_tres_interface/local/lib/python3.10/dist-packages/ejercicio_tres_interface
[1.932s] -- Up-to-date: /home/sergio/ros2_ws/install/ejercicio_tres_interface/local/lib/python3.10/dist-packages/ejercicio_tres_interface/ejercicio_tres_interface_s__rosidl_typesupport_c.cpython-310-x86_64-linux-gnu.so
[1.932s] -- Up-to-date: /home/sergio/ros2_ws/install/ejercicio_tres_interface/local/lib/python3.10/dist-packages/ejercicio_tres_interface/ejercicio_tres_interface_s__rosidl_typesupport_introspection_c.cpython-310-x86_64-linux-gnu.so
[1.932s] -- Up-to-date: /home/sergio/ros2_ws/install/ejercicio_tres_interface/local/lib/python3.10/dist-packages/ejercicio_tres_interface/__init__.py
[1.933s] -- Up-to-date: /home/sergio/ros2_ws/install/ejercicio_tres_interface/local/lib/python3.10/dist-packages/ejercicio_tres_interface/_ejercicio_tres_interface_s.ep.rosidl_typesupport_fastrtps_c.c
[1.933s] -- Up-to-date: /home/sergio/ros2_ws/install/ejercicio_tres_interface/local/lib/python3.10/dist-packages/ejercicio_tres_interface/_ejercicio_tres_interface_s.ep.rosidl_typesupport_introspection_c.c
[1.933s] -- Up-to-date: /home/sergio/ros2_ws/install/ejercicio_tres_interface/local/lib/python3.10/dist-packages/ejercicio_tres_interface/_ejercicio_tres_interface_s.ep.rosidl_typesupport_c.c
[1.933s] -- Up-to-date: /home/sergio/ros2_ws/install/ejercicio_tres_interface/local/lib/python3.10/dist-packages/ejercicio_tres_interface/libejercicio_tres_interface__rosidl_generator_py.so
[1.933s] -- Up-to-date: /home/sergio/ros2_ws/install/ejercicio_tres_interface/local/lib/python3.10/dist-packages/ejercicio_tres_interface/srv
[1.933s] -- Up-to-date: /home/sergio/ros2_ws/install/ejercicio_tres_interface/local/lib/python3.10/dist-packages/ejercicio_tres_interface/srv/__init__.py
[1.933s] -- Up-to-date: /home/sergio/ros2_ws/install/ejercicio_tres_interface/local/lib/python3.10/dist-packages/ejercicio_tres_interface/srv/_midpoint_s.c
[1.933s] -- Up-to-date: /home/sergio/ros2_ws/install/ejercicio_tres_interface/local/lib/python3.10/dist-packages/ejercicio_tres_interface/srv/_midpoint.py
[1.933s] -- Up-to-date: /home/sergio/ros2_ws/install/ejercicio_tres_interface/local/lib/python3.10/dist-packages/ejercicio_tres_interface/ejercicio_tres_interface_s__rosidl_typesupport_fastrtps_c.cpython-310-x86_64-linux-gnu.so
[1.985s] Listing '/home/sergio/ros2_ws/install/ejercicio_tres_interface/local/lib/python3.10/dist-packages/ejercicio_tres_interface'...
[1.985s] Listing '/home/sergio/ros2_ws/install/ejercicio_tres_interface/local/lib/python3.10/dist-packages/ejercicio_tres_interface/srv'...
[1.988s] -- Up-to-date: /home/sergio/ros2_ws/install/ejercicio_tres_interface/local/lib/python3.10/dist-packages/ejercicio_tres_interface/ejercicio_tres_interface_s__rosidl_typesupport_fastrtps_c.cpython-310-x86_64-linux-gnu.so
[1.989s] -- Up-to-date: /home/sergio/ros2_ws/install/ejercicio_tres_interface/local/lib/python3.10/dist-packages/ejercicio_tres_interface/ejercicio_tres_interface_s__rosidl_typesupport_introspection_c.cpython-310-x86_64-linux-gnu.so
[1.989s] -- Up-to-date: /home/sergio/ros2_ws/install/ejercicio_tres_interface/local/lib/python3.10/dist-packages/ejercicio_tres_interface/ejercicio_tres_interface_s__rosidl_typesupport_c.cpython-310-x86_64-linux-gnu.so
[1.990s] -- Up-to-date: /home/sergio/ros2_ws/install/ejercicio_tres_interface/lib/libejercicio_tres_interface__rosidl_generator_py.so
[1.990s] -- Up-to-date: /home/sergio/ros2_ws/install/ejercicio_tres_interface/share/ejercicio_tres_interface/srv/Midpoint.idl
[1.991s] -- Up-to-date: /home/sergio/ros2_ws/install/ejercicio_tres_interface/share/ejercicio_tres_interface/srv/Midpoint.srv
[1.991s] -- Up-to-date: /home/sergio/ros2_ws/install/ejercicio_tres_interface/share/ejercicio_tres_interface/srv/Midpoint_Request.msg
[1.991s] -- Up-to-date: /home/sergio/ros2_ws/install/ejercicio_tres_interface/share/ejercicio_tres_interface/srv/Midpoint_Response.msg
[1.991s] -- Up-to-date: /home/sergio/ros2_ws/install/ejercicio_tres_interface/share/ament_index/resource_index/package_run_dependencies/ejercicio_tres_interface
[1.992s] -- Up-to-date: /home/sergio/ros2_ws/install/ejercicio_tres_interface/share/ament_index/resource_index/parent_prefix_path/ejercicio_tres_interface
[1.992s] -- Up-to-date: /home/sergio/ros2_ws/install/ejercicio_tres_interface/share/ejercicio_tres_interface/environment/ament_prefix_path.sh
[1.992s] -- Up-to-date: /home/sergio/ros2_ws/install/ejercicio_tres_interface/share/ejercicio_tres_interface/environment/ament_prefix_path.dsv
[1.993s] -- Up-to-date: /home/sergio/ros2_ws/install/ejercicio_tres_interface/share/ejercicio_tres_interface/environment/path.sh
[1.993s] -- Up-to-date: /home/sergio/ros2_ws/install/ejercicio_tres_interface/share/ejercicio_tres_interface/environment/path.dsv
[1.993s] -- Up-to-date: /home/sergio/ros2_ws/install/ejercicio_tres_interface/share/ejercicio_tres_interface/local_setup.bash
[1.993s] -- Up-to-date: /home/sergio/ros2_ws/install/ejercicio_tres_interface/share/ejercicio_tres_interface/local_setup.sh
[1.994s] -- Up-to-date: /home/sergio/ros2_ws/install/ejercicio_tres_interface/share/ejercicio_tres_interface/local_setup.zsh
[1.994s] -- Up-to-date: /home/sergio/ros2_ws/install/ejercicio_tres_interface/share/ejercicio_tres_interface/local_setup.dsv
[1.995s] -- Installing: /home/sergio/ros2_ws/install/ejercicio_tres_interface/share/ejercicio_tres_interface/package.dsv
[1.995s] -- Up-to-date: /home/sergio/ros2_ws/install/ejercicio_tres_interface/share/ament_index/resource_index/packages/ejercicio_tres_interface
[1.998s] -- Up-to-date: /home/sergio/ros2_ws/install/ejercicio_tres_interface/share/ejercicio_tres_interface/cmake/export_ejercicio_tres_interface__rosidl_generator_cExport.cmake
[2.011s] -- Up-to-date: /home/sergio/ros2_ws/install/ejercicio_tres_interface/share/ejercicio_tres_interface/cmake/export_ejercicio_tres_interface__rosidl_generator_cExport-noconfig.cmake
[2.011s] -- Up-to-date: /home/sergio/ros2_ws/install/ejercicio_tres_interface/share/ejercicio_tres_interface/cmake/export_ejercicio_tres_interface__rosidl_typesupport_fastrtps_cExport.cmake
[2.012s] -- Up-to-date: /home/sergio/ros2_ws/install/ejercicio_tres_interface/share/ejercicio_tres_interface/cmake/export_ejercicio_tres_interface__rosidl_typesupport_fastrtps_cExport-noconfig.cmake
[2.012s] -- Up-to-date: /home/sergio/ros2_ws/install/ejercicio_tres_interface/share/ejercicio_tres_interface/cmake/ejercicio_tres_interface__rosidl_typesupport_introspection_cExport.cmake
[2.012s] -- Up-to-date: /home/sergio/ros2_ws/install/ejercicio_tres_interface/share/ejercicio_tres_interface/cmake/ejercicio_tres_interface__rosidl_typesupport_introspection_cExport-noconfig.cmake
[2.024s] -- Up-to-date: /home/sergio/ros2_ws/install/ejercicio_tres_interface/share/ejercicio_tres_interface/cmake/ejercicio_tres_interface__rosidl_typesupport_cExport.cmake
[2.030s] -- Up-to-date: /home/sergio/ros2_ws/install/ejercicio_tres_interface/share/ejercicio_tres_interface/cmake/ejercicio_tres_interface__rosidl_typesupport_cExport-noconfig.cmake
[2.030s] -- Up-to-date: /home/sergio/ros2_ws/install/ejercicio_tres_interface/share/ejercicio_tres_interface/cmake/export_ejercicio_tres_interface__rosidl_generator_cppExport.cmake
[2.030s] -- Up-to-date: /home/sergio/ros2_ws/install/ejercicio_tres_interface/share/ejercicio_tres_interface/cmake/export_ejercicio_tres_interface__rosidl_typesupport_fastrtps_cppExport.cmake
[2.031s] -- Up-to-date: /home/sergio/ros2_ws/install/ejercicio_tres_interface/share/ejercicio_tres_interface/cmake/export_ejercicio_tres_interface__rosidl_typesupport_fastrtps_cppExport-noconfig.cmake
[2.031s] -- Up-to-date: /home/sergio/ros2_ws/install/ejercicio_tres_interface/share/ejercicio_tres_interface/cmake/ejercicio_tres_interface__rosidl_typesupport_introspection_cppExport.cmake
[2.031s] -- Up-to-date: /home/sergio/ros2_ws/install/ejercicio_tres_interface/share/ejercicio_tres_interface/cmake/ejercicio_tres_interface__rosidl_typesupport_introspection_cppExport-noconfig.cmake
[2.031s] -- Up-to-date: /home/sergio/ros2_ws/install/ejercicio_tres_interface/share/ejercicio_tres_interface/cmake/ejercicio_tres_interface__rosidl_typesupport_cppExport.cmake
[2.031s] -- Up-to-date: /home/sergio/ros2_ws/install/ejercicio_tres_interface/share/ejercicio_tres_interface/cmake/ejercicio_tres_interface__rosidl_typesupport_cppExport-noconfig.cmake
[2.031s] -- Up-to-date: /home/sergio/ros2_ws/install/ejercicio_tres_interface/share/ejercicio_tres_interface/cmake/export_ejercicio_tres_interface__rosidl_generator_pyExport.cmake
[2.034s] -- Up-to-date: /home/sergio/ros2_ws/install/ejercicio_tres_interface/share/ejercicio_tres_interface/cmake/export_ejercicio_tres_interface__rosidl_generator_pyExport-noconfig.cmake
[2.034s] -- Up-to-date: /home/sergio/ros2_ws/install/ejercicio_tres_interface/share/ejercicio_tres_interface/cmake/rosidl_cmake-extras.cmake
[2.034s] -- Up-to-date: /home/sergio/ros2_ws/install/ejercicio_tres_interface/share/ejercicio_tres_interface/cmake/ament_cmake_export_include_directories-extras.cmake
[2.034s] -- Up-to-date: /home/sergio/ros2_ws/install/ejercicio_tres_interface/share/ejercicio_tres_interface/cmake/ament_cmake_export_libraries-extras.cmake
[2.035s] -- Up-to-date: /home/sergio/ros2_ws/install/ejercicio_tres_interface/share/ejercicio_tres_interface/cmake/ament_cmake_export_targets-extras.cmake
[2.035s] -- Up-to-date: /home/sergio/ros2_ws/install/ejercicio_tres_interface/share/ejercicio_tres_interface/cmake/rosidl_cmake_export_typesupport_targets-extras.cmake
[2.035s] -- Up-to-date: /home/sergio/ros2_ws/install/ejercicio_tres_interface/share/ejercicio_tres_interface/cmake/ament_cmake_export_dependencies-extras.cmake
[2.035s] -- Up-to-date: /home/sergio/ros2_ws/install/ejercicio_tres_interface/share/ejercicio_tres_interface/cmake/rosidl_cmake_export_typesupport_libraries-extras.cmake
[2.035s] -- Up-to-date: /home/sergio/ros2_ws/install/ejercicio_tres_interface/share/ejercicio_tres_interface/cmake/ejercicio_tres_interfaceConfig.cmake
[2.035s] -- Up-to-date: /home/sergio/ros2_ws/install/ejercicio_tres_interface/share/ejercicio_tres_interface/cmake/ejercicio_tres_interfaceConfig-version.cmake
[2.035s] -- Up-to-date: /home/sergio/ros2_ws/install/ejercicio_tres_interface/share/ejercicio_tres_interface/package.xml
[2.068s] Invoked command in '/home/sergio/ros2_ws/build/ejercicio_tres_interface' returned '0': CMAKE_PREFIX_PATH=${CMAKE_PREFIX_PATH}:/home/sergio/ros2_ws/install/P1_ej1_sub:/home/sergio/ros2_ws/install/P1_ej1_pub:/home/sergio/ros2_ws/install/my_package:/home/sergio/ros2_ws/install/mma_talker:/home/sergio/ros2_ws/install/mma_service:/home/sergio/ros2_ws/install/mma_listener:/home/sergio/ros2_ws/install/ejercicio_tres_server:/home/sergio/ros2_ws/install/ejercicio_tres_client:/home/sergio/ros2_ws/install/ejercicio_dos:/home/sergio/ros2_ws/install/ejemplo_uno:/opt/ros/humble /usr/bin/cmake --install /home/sergio/ros2_ws/build/ejercicio_tres_interface
