[1.197s] Invoking command in '/home/sergio/ros2_ws/build/p1_ej2_interface': AMENT_PREFIX_PATH=/home/sergio/ros2_ws/install/p1_ej2_nodos_sensor:/home/sergio/ros2_ws/install/p1_ej2_nodo4:/home/sergio/ros2_ws/install/robot_autonomo:/home/sergio/ros2_ws/install/my_stage_mover:/home/sergio/ros2_ws/install/auto_mover:/home/sergio/ros2_ws/install/turtlebot3:/home/sergio/ros2_ws/install/turtlebot3_teleop:/home/sergio/ros2_ws/install/turtlebot3_bringup:/home/sergio/ros2_ws/install/turtlebot3_node:/home/sergio/ros2_ws/install/turtlebot3_navigation2:/home/sergio/ros2_ws/install/turtlebot3_example:/home/sergio/ros2_ws/install/turtlebot3_description:/home/sergio/ros2_ws/install/turtlebot3_cartographer:/home/sergio/ros2_ws/install/trr_robot_ps:/home/sergio/ros2_ws/install/trr_robot:/home/sergio/ros2_ws/install/stage_ros2:/home/sergio/ros2_ws/install/robot_trr:/home/sergio/ros2_ws/install/robot_description:/home/sergio/ros2_ws/install/p1_ej3_servidor:/home/sergio/ros2_ws/install/p1_ej3_interface:/home/sergio/ros2_ws/install/p1_ej3_cliente:/home/sergio/ros2_ws/install/p1_ej2_interface:/home/sergio/ros2_ws/install/p1_ej2_nodo5:/home/sergio/ros2_ws/install/nodo_adc_sub:/home/sergio/ros2_ws/install/navigation_tb3:/home/sergio/ros2_ws/install/my_package:/home/sergio/ros2_ws/install/mma_talker:/home/sergio/ros2_ws/install/mma_service:/home/sergio/ros2_ws/install/mma_listener:/home/sergio/ros2_ws/install/mma_interfaces:/home/sergio/ros2_ws/install/ejercicio_tres_server:/home/sergio/ros2_ws/install/ejercicio_tres_interface:/home/sergio/ros2_ws/install/ejercicio_tres_client:/home/sergio/ros2_ws/install/ejercicio_dos:/home/sergio/ros2_ws/install/ejemplo_uno:/home/sergio/ros2_ws/install/cartographer_rviz:/home/sergio/ros2_ws/install/cartographer_ros:/home/sergio/ros2_ws/install/cartographer_ros_msgs:/home/sergio/ros2_ws/install/P1_ej1_sub:/home/sergio/ros2_ws/install/P1_ej1_pub:/opt/ros/humble CMAKE_PREFIX_PATH=${CMAKE_PREFIX_PATH}:/home/sergio/ros2_ws/install/robot_autonomo:/home/sergio/ros2_ws/install/my_stage_mover:/home/sergio/ros2_ws/install/auto_mover:/home/sergio/ros2_ws/install/turtlebot3_teleop:/home/sergio/ros2_ws/install/turtlebot3_example:/home/sergio/ros2_ws/install/trr_robot_ps:/home/sergio/ros2_ws/install/p1_ej3_servidor:/home/sergio/ros2_ws/install/p1_ej3_cliente:/home/sergio/ros2_ws/install/p1_ej2_nodos_sensor:/home/sergio/ros2_ws/install/p1_ej2_nodo5:/home/sergio/ros2_ws/install/p1_ej2_nodo4:/home/sergio/ros2_ws/install/nodo_adc_sub:/home/sergio/ros2_ws/install/my_package:/home/sergio/ros2_ws/install/mma_talker:/home/sergio/ros2_ws/install/mma_service:/home/sergio/ros2_ws/install/mma_listener:/home/sergio/ros2_ws/install/ejercicio_tres_server:/home/sergio/ros2_ws/install/ejercicio_tres_client:/home/sergio/ros2_ws/install/ejercicio_dos:/home/sergio/ros2_ws/install/ejemplo_uno:/home/sergio/ros2_ws/install/P1_ej1_sub:/home/sergio/ros2_ws/install/P1_ej1_pub:/opt/ros/humble PYTHONPATH=/home/sergio/ros2_ws/install/p1_ej2_nodos_sensor/lib/python3.10/site-packages:/home/sergio/ros2_ws/install/p1_ej2_nodo4/lib/python3.10/site-packages:/home/sergio/ros2_ws/install/robot_autonomo/lib/python3.10/site-packages:/home/sergio/ros2_ws/install/my_stage_mover/lib/python3.10/site-packages:/home/sergio/ros2_ws/install/auto_mover/lib/python3.10/site-packages:/home/sergio/ros2_ws/install/turtlebot3_teleop/lib/python3.10/site-packages:/home/sergio/ros2_ws/install/turtlebot3_example/lib/python3.10/site-packages:/home/sergio/ros2_ws/install/trr_robot_ps/lib/python3.10/site-packages:/home/sergio/ros2_ws/install/p1_ej3_servidor/lib/python3.10/site-packages:/home/sergio/ros2_ws/install/p1_ej3_interface/local/lib/python3.10/dist-packages:/home/sergio/ros2_ws/install/p1_ej3_cliente/lib/python3.10/site-packages:/home/sergio/ros2_ws/install/p1_ej2_interface/local/lib/python3.10/dist-packages:/home/sergio/ros2_ws/install/p1_ej2_nodo5/lib/python3.10/site-packages:/home/sergio/ros2_ws/install/nodo_adc_sub/lib/python3.10/site-packages:/home/sergio/ros2_ws/install/navigation_tb3/local/lib/python3.10/dist-packages:/home/sergio/ros2_ws/install/my_package/lib/python3.10/site-packages:/home/sergio/ros2_ws/install/mma_talker/lib/python3.10/site-packages:/home/sergio/ros2_ws/install/mma_service/lib/python3.10/site-packages:/home/sergio/ros2_ws/install/mma_listener/lib/python3.10/site-packages:/home/sergio/ros2_ws/install/mma_interfaces/local/lib/python3.10/dist-packages:/home/sergio/ros2_ws/install/ejercicio_tres_server/lib/python3.10/site-packages:/home/sergio/ros2_ws/install/ejercicio_tres_interface/local/lib/python3.10/dist-packages:/home/sergio/ros2_ws/install/ejercicio_tres_client/lib/python3.10/site-packages:/home/sergio/ros2_ws/install/ejercicio_dos/lib/python3.10/site-packages:/home/sergio/ros2_ws/install/ejemplo_uno/lib/python3.10/site-packages:/home/sergio/ros2_ws/install/cartographer_ros_msgs/local/lib/python3.10/dist-packages:/home/sergio/ros2_ws/install/P1_ej1_sub/lib/python3.10/site-packages:/home/sergio/ros2_ws/install/P1_ej1_pub/lib/python3.10/site-packages:/opt/ros/humble/lib/python3.10/site-packages:/opt/ros/humble/local/lib/python3.10/dist-packages /usr/bin/cmake --build /home/sergio/ros2_ws/build/p1_ej2_interface -- -j16 -l16
[1.296s] [  7%] Built target p1_ej2_interface__cpp
[1.296s] [ 12%] Built target p1_ej2_interface__rosidl_generator_c
[1.328s] [ 12%] Built target ament_cmake_python_copy_p1_ej2_interface
[1.371s] [ 23%] Built target p1_ej2_interface__rosidl_typesupport_cpp
[1.378s] [ 33%] Built target p1_ej2_interface__rosidl_typesupport_introspection_c
[1.390s] [ 46%] Built target p1_ej2_interface__rosidl_typesupport_introspection_cpp
[1.391s] [ 53%] Built target p1_ej2_interface__rosidl_typesupport_fastrtps_c
[1.394s] [ 64%] Built target p1_ej2_interface__rosidl_typesupport_c
[1.397s] [ 74%] Built target p1_ej2_interface__rosidl_typesupport_fastrtps_cpp
[1.452s] [ 74%] Built target p1_ej2_interface
[1.489s] [ 76%] Built target p1_ej2_interface__py
[1.541s] [ 84%] Built target p1_ej2_interface__rosidl_generator_py
[1.599s] [ 89%] Built target p1_ej2_interface__rosidl_typesupport_c__pyext
[1.604s] [ 94%] Built target p1_ej2_interface__rosidl_typesupport_fastrtps_c__pyext
[1.605s] [100%] Built target p1_ej2_interface__rosidl_typesupport_introspection_c__pyext
[1.897s] running egg_info
[1.898s] writing p1_ej2_interface.egg-info/PKG-INFO
[1.898s] writing dependency_links to p1_ej2_interface.egg-info/dependency_links.txt
[1.899s] writing top-level names to p1_ej2_interface.egg-info/top_level.txt
[1.902s] reading manifest file 'p1_ej2_interface.egg-info/SOURCES.txt'
[1.903s] writing manifest file 'p1_ej2_interface.egg-info/SOURCES.txt'
[1.940s] [100%] Built target ament_cmake_python_build_p1_ej2_interface_egg
[1.956s] Invoked command in '/home/sergio/ros2_ws/build/p1_ej2_interface' returned '0': AMENT_PREFIX_PATH=/home/sergio/ros2_ws/install/p1_ej2_nodos_sensor:/home/sergio/ros2_ws/install/p1_ej2_nodo4:/home/sergio/ros2_ws/install/robot_autonomo:/home/sergio/ros2_ws/install/my_stage_mover:/home/sergio/ros2_ws/install/auto_mover:/home/sergio/ros2_ws/install/turtlebot3:/home/sergio/ros2_ws/install/turtlebot3_teleop:/home/sergio/ros2_ws/install/turtlebot3_bringup:/home/sergio/ros2_ws/install/turtlebot3_node:/home/sergio/ros2_ws/install/turtlebot3_navigation2:/home/sergio/ros2_ws/install/turtlebot3_example:/home/sergio/ros2_ws/install/turtlebot3_description:/home/sergio/ros2_ws/install/turtlebot3_cartographer:/home/sergio/ros2_ws/install/trr_robot_ps:/home/sergio/ros2_ws/install/trr_robot:/home/sergio/ros2_ws/install/stage_ros2:/home/sergio/ros2_ws/install/robot_trr:/home/sergio/ros2_ws/install/robot_description:/home/sergio/ros2_ws/install/p1_ej3_servidor:/home/sergio/ros2_ws/install/p1_ej3_interface:/home/sergio/ros2_ws/install/p1_ej3_cliente:/home/sergio/ros2_ws/install/p1_ej2_interface:/home/sergio/ros2_ws/install/p1_ej2_nodo5:/home/sergio/ros2_ws/install/nodo_adc_sub:/home/sergio/ros2_ws/install/navigation_tb3:/home/sergio/ros2_ws/install/my_package:/home/sergio/ros2_ws/install/mma_talker:/home/sergio/ros2_ws/install/mma_service:/home/sergio/ros2_ws/install/mma_listener:/home/sergio/ros2_ws/install/mma_interfaces:/home/sergio/ros2_ws/install/ejercicio_tres_server:/home/sergio/ros2_ws/install/ejercicio_tres_interface:/home/sergio/ros2_ws/install/ejercicio_tres_client:/home/sergio/ros2_ws/install/ejercicio_dos:/home/sergio/ros2_ws/install/ejemplo_uno:/home/sergio/ros2_ws/install/cartographer_rviz:/home/sergio/ros2_ws/install/cartographer_ros:/home/sergio/ros2_ws/install/cartographer_ros_msgs:/home/sergio/ros2_ws/install/P1_ej1_sub:/home/sergio/ros2_ws/install/P1_ej1_pub:/opt/ros/humble CMAKE_PREFIX_PATH=${CMAKE_PREFIX_PATH}:/home/sergio/ros2_ws/install/robot_autonomo:/home/sergio/ros2_ws/install/my_stage_mover:/home/sergio/ros2_ws/install/auto_mover:/home/sergio/ros2_ws/install/turtlebot3_teleop:/home/sergio/ros2_ws/install/turtlebot3_example:/home/sergio/ros2_ws/install/trr_robot_ps:/home/sergio/ros2_ws/install/p1_ej3_servidor:/home/sergio/ros2_ws/install/p1_ej3_cliente:/home/sergio/ros2_ws/install/p1_ej2_nodos_sensor:/home/sergio/ros2_ws/install/p1_ej2_nodo5:/home/sergio/ros2_ws/install/p1_ej2_nodo4:/home/sergio/ros2_ws/install/nodo_adc_sub:/home/sergio/ros2_ws/install/my_package:/home/sergio/ros2_ws/install/mma_talker:/home/sergio/ros2_ws/install/mma_service:/home/sergio/ros2_ws/install/mma_listener:/home/sergio/ros2_ws/install/ejercicio_tres_server:/home/sergio/ros2_ws/install/ejercicio_tres_client:/home/sergio/ros2_ws/install/ejercicio_dos:/home/sergio/ros2_ws/install/ejemplo_uno:/home/sergio/ros2_ws/install/P1_ej1_sub:/home/sergio/ros2_ws/install/P1_ej1_pub:/opt/ros/humble PYTHONPATH=/home/sergio/ros2_ws/install/p1_ej2_nodos_sensor/lib/python3.10/site-packages:/home/sergio/ros2_ws/install/p1_ej2_nodo4/lib/python3.10/site-packages:/home/sergio/ros2_ws/install/robot_autonomo/lib/python3.10/site-packages:/home/sergio/ros2_ws/install/my_stage_mover/lib/python3.10/site-packages:/home/sergio/ros2_ws/install/auto_mover/lib/python3.10/site-packages:/home/sergio/ros2_ws/install/turtlebot3_teleop/lib/python3.10/site-packages:/home/sergio/ros2_ws/install/turtlebot3_example/lib/python3.10/site-packages:/home/sergio/ros2_ws/install/trr_robot_ps/lib/python3.10/site-packages:/home/sergio/ros2_ws/install/p1_ej3_servidor/lib/python3.10/site-packages:/home/sergio/ros2_ws/install/p1_ej3_interface/local/lib/python3.10/dist-packages:/home/sergio/ros2_ws/install/p1_ej3_cliente/lib/python3.10/site-packages:/home/sergio/ros2_ws/install/p1_ej2_interface/local/lib/python3.10/dist-packages:/home/sergio/ros2_ws/install/p1_ej2_nodo5/lib/python3.10/site-packages:/home/sergio/ros2_ws/install/nodo_adc_sub/lib/python3.10/site-packages:/home/sergio/ros2_ws/install/navigation_tb3/local/lib/python3.10/dist-packages:/home/sergio/ros2_ws/install/my_package/lib/python3.10/site-packages:/home/sergio/ros2_ws/install/mma_talker/lib/python3.10/site-packages:/home/sergio/ros2_ws/install/mma_service/lib/python3.10/site-packages:/home/sergio/ros2_ws/install/mma_listener/lib/python3.10/site-packages:/home/sergio/ros2_ws/install/mma_interfaces/local/lib/python3.10/dist-packages:/home/sergio/ros2_ws/install/ejercicio_tres_server/lib/python3.10/site-packages:/home/sergio/ros2_ws/install/ejercicio_tres_interface/local/lib/python3.10/dist-packages:/home/sergio/ros2_ws/install/ejercicio_tres_client/lib/python3.10/site-packages:/home/sergio/ros2_ws/install/ejercicio_dos/lib/python3.10/site-packages:/home/sergio/ros2_ws/install/ejemplo_uno/lib/python3.10/site-packages:/home/sergio/ros2_ws/install/cartographer_ros_msgs/local/lib/python3.10/dist-packages:/home/sergio/ros2_ws/install/P1_ej1_sub/lib/python3.10/site-packages:/home/sergio/ros2_ws/install/P1_ej1_pub/lib/python3.10/site-packages:/opt/ros/humble/lib/python3.10/site-packages:/opt/ros/humble/local/lib/python3.10/dist-packages /usr/bin/cmake --build /home/sergio/ros2_ws/build/p1_ej2_interface -- -j16 -l16
[1.958s] Invoking command in '/home/sergio/ros2_ws/build/p1_ej2_interface': AMENT_PREFIX_PATH=/home/sergio/ros2_ws/install/p1_ej2_nodos_sensor:/home/sergio/ros2_ws/install/p1_ej2_nodo4:/home/sergio/ros2_ws/install/robot_autonomo:/home/sergio/ros2_ws/install/my_stage_mover:/home/sergio/ros2_ws/install/auto_mover:/home/sergio/ros2_ws/install/turtlebot3:/home/sergio/ros2_ws/install/turtlebot3_teleop:/home/sergio/ros2_ws/install/turtlebot3_bringup:/home/sergio/ros2_ws/install/turtlebot3_node:/home/sergio/ros2_ws/install/turtlebot3_navigation2:/home/sergio/ros2_ws/install/turtlebot3_example:/home/sergio/ros2_ws/install/turtlebot3_description:/home/sergio/ros2_ws/install/turtlebot3_cartographer:/home/sergio/ros2_ws/install/trr_robot_ps:/home/sergio/ros2_ws/install/trr_robot:/home/sergio/ros2_ws/install/stage_ros2:/home/sergio/ros2_ws/install/robot_trr:/home/sergio/ros2_ws/install/robot_description:/home/sergio/ros2_ws/install/p1_ej3_servidor:/home/sergio/ros2_ws/install/p1_ej3_interface:/home/sergio/ros2_ws/install/p1_ej3_cliente:/home/sergio/ros2_ws/install/p1_ej2_interface:/home/sergio/ros2_ws/install/p1_ej2_nodo5:/home/sergio/ros2_ws/install/nodo_adc_sub:/home/sergio/ros2_ws/install/navigation_tb3:/home/sergio/ros2_ws/install/my_package:/home/sergio/ros2_ws/install/mma_talker:/home/sergio/ros2_ws/install/mma_service:/home/sergio/ros2_ws/install/mma_listener:/home/sergio/ros2_ws/install/mma_interfaces:/home/sergio/ros2_ws/install/ejercicio_tres_server:/home/sergio/ros2_ws/install/ejercicio_tres_interface:/home/sergio/ros2_ws/install/ejercicio_tres_client:/home/sergio/ros2_ws/install/ejercicio_dos:/home/sergio/ros2_ws/install/ejemplo_uno:/home/sergio/ros2_ws/install/cartographer_rviz:/home/sergio/ros2_ws/install/cartographer_ros:/home/sergio/ros2_ws/install/cartographer_ros_msgs:/home/sergio/ros2_ws/install/P1_ej1_sub:/home/sergio/ros2_ws/install/P1_ej1_pub:/opt/ros/humble CMAKE_PREFIX_PATH=${CMAKE_PREFIX_PATH}:/home/sergio/ros2_ws/install/robot_autonomo:/home/sergio/ros2_ws/install/my_stage_mover:/home/sergio/ros2_ws/install/auto_mover:/home/sergio/ros2_ws/install/turtlebot3_teleop:/home/sergio/ros2_ws/install/turtlebot3_example:/home/sergio/ros2_ws/install/trr_robot_ps:/home/sergio/ros2_ws/install/p1_ej3_servidor:/home/sergio/ros2_ws/install/p1_ej3_cliente:/home/sergio/ros2_ws/install/p1_ej2_nodos_sensor:/home/sergio/ros2_ws/install/p1_ej2_nodo5:/home/sergio/ros2_ws/install/p1_ej2_nodo4:/home/sergio/ros2_ws/install/nodo_adc_sub:/home/sergio/ros2_ws/install/my_package:/home/sergio/ros2_ws/install/mma_talker:/home/sergio/ros2_ws/install/mma_service:/home/sergio/ros2_ws/install/mma_listener:/home/sergio/ros2_ws/install/ejercicio_tres_server:/home/sergio/ros2_ws/install/ejercicio_tres_client:/home/sergio/ros2_ws/install/ejercicio_dos:/home/sergio/ros2_ws/install/ejemplo_uno:/home/sergio/ros2_ws/install/P1_ej1_sub:/home/sergio/ros2_ws/install/P1_ej1_pub:/opt/ros/humble PYTHONPATH=/home/sergio/ros2_ws/install/p1_ej2_nodos_sensor/lib/python3.10/site-packages:/home/sergio/ros2_ws/install/p1_ej2_nodo4/lib/python3.10/site-packages:/home/sergio/ros2_ws/install/robot_autonomo/lib/python3.10/site-packages:/home/sergio/ros2_ws/install/my_stage_mover/lib/python3.10/site-packages:/home/sergio/ros2_ws/install/auto_mover/lib/python3.10/site-packages:/home/sergio/ros2_ws/install/turtlebot3_teleop/lib/python3.10/site-packages:/home/sergio/ros2_ws/install/turtlebot3_example/lib/python3.10/site-packages:/home/sergio/ros2_ws/install/trr_robot_ps/lib/python3.10/site-packages:/home/sergio/ros2_ws/install/p1_ej3_servidor/lib/python3.10/site-packages:/home/sergio/ros2_ws/install/p1_ej3_interface/local/lib/python3.10/dist-packages:/home/sergio/ros2_ws/install/p1_ej3_cliente/lib/python3.10/site-packages:/home/sergio/ros2_ws/install/p1_ej2_interface/local/lib/python3.10/dist-packages:/home/sergio/ros2_ws/install/p1_ej2_nodo5/lib/python3.10/site-packages:/home/sergio/ros2_ws/install/nodo_adc_sub/lib/python3.10/site-packages:/home/sergio/ros2_ws/install/navigation_tb3/local/lib/python3.10/dist-packages:/home/sergio/ros2_ws/install/my_package/lib/python3.10/site-packages:/home/sergio/ros2_ws/install/mma_talker/lib/python3.10/site-packages:/home/sergio/ros2_ws/install/mma_service/lib/python3.10/site-packages:/home/sergio/ros2_ws/install/mma_listener/lib/python3.10/site-packages:/home/sergio/ros2_ws/install/mma_interfaces/local/lib/python3.10/dist-packages:/home/sergio/ros2_ws/install/ejercicio_tres_server/lib/python3.10/site-packages:/home/sergio/ros2_ws/install/ejercicio_tres_interface/local/lib/python3.10/dist-packages:/home/sergio/ros2_ws/install/ejercicio_tres_client/lib/python3.10/site-packages:/home/sergio/ros2_ws/install/ejercicio_dos/lib/python3.10/site-packages:/home/sergio/ros2_ws/install/ejemplo_uno/lib/python3.10/site-packages:/home/sergio/ros2_ws/install/cartographer_ros_msgs/local/lib/python3.10/dist-packages:/home/sergio/ros2_ws/install/P1_ej1_sub/lib/python3.10/site-packages:/home/sergio/ros2_ws/install/P1_ej1_pub/lib/python3.10/site-packages:/opt/ros/humble/lib/python3.10/site-packages:/opt/ros/humble/local/lib/python3.10/dist-packages /usr/bin/cmake --install /home/sergio/ros2_ws/build/p1_ej2_interface
[1.970s] -- Install configuration: ""
[1.970s] -- Up-to-date: /home/sergio/ros2_ws/install/p1_ej2_interface/share/ament_index/resource_index/rosidl_interfaces/p1_ej2_interface
[1.970s] -- Up-to-date: /home/sergio/ros2_ws/install/p1_ej2_interface/include/p1_ej2_interface/p1_ej2_interface
[1.970s] -- Up-to-date: /home/sergio/ros2_ws/install/p1_ej2_interface/include/p1_ej2_interface/p1_ej2_interface/msg
[1.971s] -- Up-to-date: /home/sergio/ros2_ws/install/p1_ej2_interface/include/p1_ej2_interface/p1_ej2_interface/msg/sensor.h
[1.971s] -- Up-to-date: /home/sergio/ros2_ws/install/p1_ej2_interface/include/p1_ej2_interface/p1_ej2_interface/msg/rosidl_generator_c__visibility_control.h
[1.971s] -- Up-to-date: /home/sergio/ros2_ws/install/p1_ej2_interface/include/p1_ej2_interface/p1_ej2_interface/msg/detail
[1.971s] -- Up-to-date: /home/sergio/ros2_ws/install/p1_ej2_interface/include/p1_ej2_interface/p1_ej2_interface/msg/detail/filtered_sensor__type_support.h
[1.971s] -- Up-to-date: /home/sergio/ros2_ws/install/p1_ej2_interface/include/p1_ej2_interface/p1_ej2_interface/msg/detail/filtered_sensor__functions.h
[1.971s] -- Up-to-date: /home/sergio/ros2_ws/install/p1_ej2_interface/include/p1_ej2_interface/p1_ej2_interface/msg/detail/sensor__struct.h
[1.972s] -- Up-to-date: /home/sergio/ros2_ws/install/p1_ej2_interface/include/p1_ej2_interface/p1_ej2_interface/msg/detail/filtered_sensor__struct.h
[1.972s] -- Up-to-date: /home/sergio/ros2_ws/install/p1_ej2_interface/include/p1_ej2_interface/p1_ej2_interface/msg/detail/sensor__type_support.h
[1.972s] -- Up-to-date: /home/sergio/ros2_ws/install/p1_ej2_interface/include/p1_ej2_interface/p1_ej2_interface/msg/detail/sensor__functions.h
[1.972s] -- Up-to-date: /home/sergio/ros2_ws/install/p1_ej2_interface/include/p1_ej2_interface/p1_ej2_interface/msg/detail/filtered_sensor__functions.c
[1.972s] -- Up-to-date: /home/sergio/ros2_ws/install/p1_ej2_interface/include/p1_ej2_interface/p1_ej2_interface/msg/detail/sensor__functions.c
[1.972s] -- Up-to-date: /home/sergio/ros2_ws/install/p1_ej2_interface/include/p1_ej2_interface/p1_ej2_interface/msg/filtered_sensor.h
[1.972s] -- Up-to-date: /home/sergio/ros2_ws/install/p1_ej2_interface/share/p1_ej2_interface/environment/library_path.sh
[1.973s] -- Up-to-date: /home/sergio/ros2_ws/install/p1_ej2_interface/share/p1_ej2_interface/environment/library_path.dsv
[1.973s] -- Up-to-date: /home/sergio/ros2_ws/install/p1_ej2_interface/lib/libp1_ej2_interface__rosidl_generator_c.so
[1.973s] -- Up-to-date: /home/sergio/ros2_ws/install/p1_ej2_interface/include/p1_ej2_interface/p1_ej2_interface
[1.973s] -- Up-to-date: /home/sergio/ros2_ws/install/p1_ej2_interface/include/p1_ej2_interface/p1_ej2_interface/msg
[1.973s] -- Up-to-date: /home/sergio/ros2_ws/install/p1_ej2_interface/include/p1_ej2_interface/p1_ej2_interface/msg/detail
[1.974s] -- Up-to-date: /home/sergio/ros2_ws/install/p1_ej2_interface/include/p1_ej2_interface/p1_ej2_interface/msg/detail/sensor__rosidl_typesupport_fastrtps_c.h
[1.974s] -- Up-to-date: /home/sergio/ros2_ws/install/p1_ej2_interface/include/p1_ej2_interface/p1_ej2_interface/msg/detail/filtered_sensor__rosidl_typesupport_fastrtps_c.h
[1.974s] -- Up-to-date: /home/sergio/ros2_ws/install/p1_ej2_interface/include/p1_ej2_interface/p1_ej2_interface/msg/rosidl_typesupport_fastrtps_c__visibility_control.h
[1.974s] -- Up-to-date: /home/sergio/ros2_ws/install/p1_ej2_interface/lib/libp1_ej2_interface__rosidl_typesupport_fastrtps_c.so
[1.974s] -- Up-to-date: /home/sergio/ros2_ws/install/p1_ej2_interface/include/p1_ej2_interface/p1_ej2_interface
[1.974s] -- Up-to-date: /home/sergio/ros2_ws/install/p1_ej2_interface/include/p1_ej2_interface/p1_ej2_interface/msg
[1.974s] -- Up-to-date: /home/sergio/ros2_ws/install/p1_ej2_interface/include/p1_ej2_interface/p1_ej2_interface/msg/rosidl_typesupport_introspection_c__visibility_control.h
[1.975s] -- Up-to-date: /home/sergio/ros2_ws/install/p1_ej2_interface/include/p1_ej2_interface/p1_ej2_interface/msg/detail
[1.975s] -- Up-to-date: /home/sergio/ros2_ws/install/p1_ej2_interface/include/p1_ej2_interface/p1_ej2_interface/msg/detail/sensor__type_support.c
[1.975s] -- Up-to-date: /home/sergio/ros2_ws/install/p1_ej2_interface/include/p1_ej2_interface/p1_ej2_interface/msg/detail/filtered_sensor__rosidl_typesupport_introspection_c.h
[1.975s] -- Up-to-date: /home/sergio/ros2_ws/install/p1_ej2_interface/include/p1_ej2_interface/p1_ej2_interface/msg/detail/filtered_sensor__type_support.c
[1.975s] -- Up-to-date: /home/sergio/ros2_ws/install/p1_ej2_interface/include/p1_ej2_interface/p1_ej2_interface/msg/detail/sensor__rosidl_typesupport_introspection_c.h
[1.975s] -- Up-to-date: /home/sergio/ros2_ws/install/p1_ej2_interface/lib/libp1_ej2_interface__rosidl_typesupport_introspection_c.so
[1.976s] -- Up-to-date: /home/sergio/ros2_ws/install/p1_ej2_interface/lib/libp1_ej2_interface__rosidl_typesupport_c.so
[1.976s] -- Up-to-date: /home/sergio/ros2_ws/install/p1_ej2_interface/include/p1_ej2_interface/p1_ej2_interface
[1.976s] -- Up-to-date: /home/sergio/ros2_ws/install/p1_ej2_interface/include/p1_ej2_interface/p1_ej2_interface/msg
[1.976s] -- Up-to-date: /home/sergio/ros2_ws/install/p1_ej2_interface/include/p1_ej2_interface/p1_ej2_interface/msg/rosidl_generator_cpp__visibility_control.hpp
[1.976s] -- Up-to-date: /home/sergio/ros2_ws/install/p1_ej2_interface/include/p1_ej2_interface/p1_ej2_interface/msg/filtered_sensor.hpp
[1.976s] -- Up-to-date: /home/sergio/ros2_ws/install/p1_ej2_interface/include/p1_ej2_interface/p1_ej2_interface/msg/detail
[1.977s] -- Up-to-date: /home/sergio/ros2_ws/install/p1_ej2_interface/include/p1_ej2_interface/p1_ej2_interface/msg/detail/filtered_sensor__traits.hpp
[1.977s] -- Up-to-date: /home/sergio/ros2_ws/install/p1_ej2_interface/include/p1_ej2_interface/p1_ej2_interface/msg/detail/filtered_sensor__builder.hpp
[1.977s] -- Up-to-date: /home/sergio/ros2_ws/install/p1_ej2_interface/include/p1_ej2_interface/p1_ej2_interface/msg/detail/filtered_sensor__type_support.hpp
[1.977s] -- Up-to-date: /home/sergio/ros2_ws/install/p1_ej2_interface/include/p1_ej2_interface/p1_ej2_interface/msg/detail/sensor__struct.hpp
[1.977s] -- Up-to-date: /home/sergio/ros2_ws/install/p1_ej2_interface/include/p1_ej2_interface/p1_ej2_interface/msg/detail/sensor__traits.hpp
[1.977s] -- Up-to-date: /home/sergio/ros2_ws/install/p1_ej2_interface/include/p1_ej2_interface/p1_ej2_interface/msg/detail/sensor__builder.hpp
[1.977s] -- Up-to-date: /home/sergio/ros2_ws/install/p1_ej2_interface/include/p1_ej2_interface/p1_ej2_interface/msg/detail/sensor__type_support.hpp
[1.978s] -- Up-to-date: /home/sergio/ros2_ws/install/p1_ej2_interface/include/p1_ej2_interface/p1_ej2_interface/msg/detail/filtered_sensor__struct.hpp
[1.978s] -- Up-to-date: /home/sergio/ros2_ws/install/p1_ej2_interface/include/p1_ej2_interface/p1_ej2_interface/msg/sensor.hpp
[1.978s] -- Up-to-date: /home/sergio/ros2_ws/install/p1_ej2_interface/include/p1_ej2_interface/p1_ej2_interface
[1.978s] -- Up-to-date: /home/sergio/ros2_ws/install/p1_ej2_interface/include/p1_ej2_interface/p1_ej2_interface/msg
[1.978s] -- Up-to-date: /home/sergio/ros2_ws/install/p1_ej2_interface/include/p1_ej2_interface/p1_ej2_interface/msg/detail
[1.978s] -- Up-to-date: /home/sergio/ros2_ws/install/p1_ej2_interface/include/p1_ej2_interface/p1_ej2_interface/msg/detail/dds_fastrtps
[1.978s] -- Up-to-date: /home/sergio/ros2_ws/install/p1_ej2_interface/include/p1_ej2_interface/p1_ej2_interface/msg/detail/sensor__rosidl_typesupport_fastrtps_cpp.hpp
[1.979s] -- Up-to-date: /home/sergio/ros2_ws/install/p1_ej2_interface/include/p1_ej2_interface/p1_ej2_interface/msg/detail/filtered_sensor__rosidl_typesupport_fastrtps_cpp.hpp
[1.979s] -- Up-to-date: /home/sergio/ros2_ws/install/p1_ej2_interface/include/p1_ej2_interface/p1_ej2_interface/msg/rosidl_typesupport_fastrtps_cpp__visibility_control.h
[1.979s] -- Up-to-date: /home/sergio/ros2_ws/install/p1_ej2_interface/lib/libp1_ej2_interface__rosidl_typesupport_fastrtps_cpp.so
[1.979s] -- Up-to-date: /home/sergio/ros2_ws/install/p1_ej2_interface/include/p1_ej2_interface/p1_ej2_interface
[1.979s] -- Up-to-date: /home/sergio/ros2_ws/install/p1_ej2_interface/include/p1_ej2_interface/p1_ej2_interface/msg
[1.979s] -- Up-to-date: /home/sergio/ros2_ws/install/p1_ej2_interface/include/p1_ej2_interface/p1_ej2_interface/msg/detail
[1.980s] -- Up-to-date: /home/sergio/ros2_ws/install/p1_ej2_interface/include/p1_ej2_interface/p1_ej2_interface/msg/detail/sensor__rosidl_typesupport_introspection_cpp.hpp
[1.980s] -- Up-to-date: /home/sergio/ros2_ws/install/p1_ej2_interface/include/p1_ej2_interface/p1_ej2_interface/msg/detail/sensor__type_support.cpp
[1.980s] -- Up-to-date: /home/sergio/ros2_ws/install/p1_ej2_interface/include/p1_ej2_interface/p1_ej2_interface/msg/detail/filtered_sensor__rosidl_typesupport_introspection_cpp.hpp
[1.980s] -- Up-to-date: /home/sergio/ros2_ws/install/p1_ej2_interface/include/p1_ej2_interface/p1_ej2_interface/msg/detail/filtered_sensor__type_support.cpp
[1.980s] -- Up-to-date: /home/sergio/ros2_ws/install/p1_ej2_interface/lib/libp1_ej2_interface__rosidl_typesupport_introspection_cpp.so
[1.980s] -- Up-to-date: /home/sergio/ros2_ws/install/p1_ej2_interface/lib/libp1_ej2_interface__rosidl_typesupport_cpp.so
[1.980s] -- Up-to-date: /home/sergio/ros2_ws/install/p1_ej2_interface/share/p1_ej2_interface/environment/pythonpath.sh
[1.981s] -- Up-to-date: /home/sergio/ros2_ws/install/p1_ej2_interface/share/p1_ej2_interface/environment/pythonpath.dsv
[1.981s] -- Up-to-date: /home/sergio/ros2_ws/install/p1_ej2_interface/local/lib/python3.10/dist-packages/p1_ej2_interface-0.0.0-py3.10.egg-info
[1.981s] -- Installing: /home/sergio/ros2_ws/install/p1_ej2_interface/local/lib/python3.10/dist-packages/p1_ej2_interface-0.0.0-py3.10.egg-info/PKG-INFO
[1.981s] -- Installing: /home/sergio/ros2_ws/install/p1_ej2_interface/local/lib/python3.10/dist-packages/p1_ej2_interface-0.0.0-py3.10.egg-info/SOURCES.txt
[1.981s] -- Installing: /home/sergio/ros2_ws/install/p1_ej2_interface/local/lib/python3.10/dist-packages/p1_ej2_interface-0.0.0-py3.10.egg-info/top_level.txt
[1.981s] -- Installing: /home/sergio/ros2_ws/install/p1_ej2_interface/local/lib/python3.10/dist-packages/p1_ej2_interface-0.0.0-py3.10.egg-info/dependency_links.txt
[1.981s] -- Up-to-date: /home/sergio/ros2_ws/install/p1_ej2_interface/local/lib/python3.10/dist-packages/p1_ej2_interface
[1.981s] -- Up-to-date: /home/sergio/ros2_ws/install/p1_ej2_interface/local/lib/python3.10/dist-packages/p1_ej2_interface/msg
[1.982s] -- Up-to-date: /home/sergio/ros2_ws/install/p1_ej2_interface/local/lib/python3.10/dist-packages/p1_ej2_interface/msg/__init__.py
[1.982s] -- Up-to-date: /home/sergio/ros2_ws/install/p1_ej2_interface/local/lib/python3.10/dist-packages/p1_ej2_interface/msg/_filtered_sensor_s.c
[1.982s] -- Up-to-date: /home/sergio/ros2_ws/install/p1_ej2_interface/local/lib/python3.10/dist-packages/p1_ej2_interface/msg/_filtered_sensor.py
[1.982s] -- Up-to-date: /home/sergio/ros2_ws/install/p1_ej2_interface/local/lib/python3.10/dist-packages/p1_ej2_interface/msg/_sensor.py
[1.982s] -- Up-to-date: /home/sergio/ros2_ws/install/p1_ej2_interface/local/lib/python3.10/dist-packages/p1_ej2_interface/msg/_sensor_s.c
[1.982s] -- Up-to-date: /home/sergio/ros2_ws/install/p1_ej2_interface/local/lib/python3.10/dist-packages/p1_ej2_interface/__init__.py
[1.983s] -- Up-to-date: /home/sergio/ros2_ws/install/p1_ej2_interface/local/lib/python3.10/dist-packages/p1_ej2_interface/libp1_ej2_interface__rosidl_generator_py.so
[1.983s] -- Up-to-date: /home/sergio/ros2_ws/install/p1_ej2_interface/local/lib/python3.10/dist-packages/p1_ej2_interface/p1_ej2_interface_s__rosidl_typesupport_c.cpython-310-x86_64-linux-gnu.so
[1.983s] -- Up-to-date: /home/sergio/ros2_ws/install/p1_ej2_interface/local/lib/python3.10/dist-packages/p1_ej2_interface/_p1_ej2_interface_s.ep.rosidl_typesupport_fastrtps_c.c
[1.983s] -- Up-to-date: /home/sergio/ros2_ws/install/p1_ej2_interface/local/lib/python3.10/dist-packages/p1_ej2_interface/_p1_ej2_interface_s.ep.rosidl_typesupport_introspection_c.c
[1.983s] -- Up-to-date: /home/sergio/ros2_ws/install/p1_ej2_interface/local/lib/python3.10/dist-packages/p1_ej2_interface/p1_ej2_interface_s__rosidl_typesupport_fastrtps_c.cpython-310-x86_64-linux-gnu.so
[1.983s] -- Up-to-date: /home/sergio/ros2_ws/install/p1_ej2_interface/local/lib/python3.10/dist-packages/p1_ej2_interface/_p1_ej2_interface_s.ep.rosidl_typesupport_c.c
[1.983s] -- Up-to-date: /home/sergio/ros2_ws/install/p1_ej2_interface/local/lib/python3.10/dist-packages/p1_ej2_interface/p1_ej2_interface_s__rosidl_typesupport_introspection_c.cpython-310-x86_64-linux-gnu.so
[2.051s] Listing '/home/sergio/ros2_ws/install/p1_ej2_interface/local/lib/python3.10/dist-packages/p1_ej2_interface'...
[2.051s] Listing '/home/sergio/ros2_ws/install/p1_ej2_interface/local/lib/python3.10/dist-packages/p1_ej2_interface/msg'...
[2.053s] -- Up-to-date: /home/sergio/ros2_ws/install/p1_ej2_interface/local/lib/python3.10/dist-packages/p1_ej2_interface/p1_ej2_interface_s__rosidl_typesupport_fastrtps_c.cpython-310-x86_64-linux-gnu.so
[2.053s] -- Up-to-date: /home/sergio/ros2_ws/install/p1_ej2_interface/local/lib/python3.10/dist-packages/p1_ej2_interface/p1_ej2_interface_s__rosidl_typesupport_introspection_c.cpython-310-x86_64-linux-gnu.so
[2.054s] -- Up-to-date: /home/sergio/ros2_ws/install/p1_ej2_interface/local/lib/python3.10/dist-packages/p1_ej2_interface/p1_ej2_interface_s__rosidl_typesupport_c.cpython-310-x86_64-linux-gnu.so
[2.054s] -- Up-to-date: /home/sergio/ros2_ws/install/p1_ej2_interface/lib/libp1_ej2_interface__rosidl_generator_py.so
[2.055s] -- Up-to-date: /home/sergio/ros2_ws/install/p1_ej2_interface/share/p1_ej2_interface/msg/Sensor.idl
[2.055s] -- Up-to-date: /home/sergio/ros2_ws/install/p1_ej2_interface/share/p1_ej2_interface/msg/FilteredSensor.idl
[2.055s] -- Up-to-date: /home/sergio/ros2_ws/install/p1_ej2_interface/share/p1_ej2_interface/msg/Sensor.msg
[2.055s] -- Up-to-date: /home/sergio/ros2_ws/install/p1_ej2_interface/share/p1_ej2_interface/msg/FilteredSensor.msg
[2.055s] -- Up-to-date: /home/sergio/ros2_ws/install/p1_ej2_interface/share/p1_ej2_interface/launch
[2.055s] -- Up-to-date: /home/sergio/ros2_ws/install/p1_ej2_interface/share/p1_ej2_interface/launch/mi_launch.launch.py
[2.056s] -- Up-to-date: /home/sergio/ros2_ws/install/p1_ej2_interface/share/p1_ej2_interface/launch/__pycache__
[2.056s] -- Up-to-date: /home/sergio/ros2_ws/install/p1_ej2_interface/share/p1_ej2_interface/launch/__pycache__/mi_launch.cpython-310.pyc
[2.056s] -- Up-to-date: /home/sergio/ros2_ws/install/p1_ej2_interface/share/p1_ej2_interface/launch/launch2.py
[2.056s] -- Up-to-date: /home/sergio/ros2_ws/install/p1_ej2_interface/share/ament_index/resource_index/package_run_dependencies/p1_ej2_interface
[2.056s] -- Up-to-date: /home/sergio/ros2_ws/install/p1_ej2_interface/share/ament_index/resource_index/parent_prefix_path/p1_ej2_interface
[2.056s] -- Up-to-date: /home/sergio/ros2_ws/install/p1_ej2_interface/share/p1_ej2_interface/environment/ament_prefix_path.sh
[2.057s] -- Up-to-date: /home/sergio/ros2_ws/install/p1_ej2_interface/share/p1_ej2_interface/environment/ament_prefix_path.dsv
[2.057s] -- Up-to-date: /home/sergio/ros2_ws/install/p1_ej2_interface/share/p1_ej2_interface/environment/path.sh
[2.057s] -- Up-to-date: /home/sergio/ros2_ws/install/p1_ej2_interface/share/p1_ej2_interface/environment/path.dsv
[2.057s] -- Up-to-date: /home/sergio/ros2_ws/install/p1_ej2_interface/share/p1_ej2_interface/local_setup.bash
[2.057s] -- Up-to-date: /home/sergio/ros2_ws/install/p1_ej2_interface/share/p1_ej2_interface/local_setup.sh
[2.057s] -- Up-to-date: /home/sergio/ros2_ws/install/p1_ej2_interface/share/p1_ej2_interface/local_setup.zsh
[2.057s] -- Up-to-date: /home/sergio/ros2_ws/install/p1_ej2_interface/share/p1_ej2_interface/local_setup.dsv
[2.058s] -- Installing: /home/sergio/ros2_ws/install/p1_ej2_interface/share/p1_ej2_interface/package.dsv
[2.058s] -- Up-to-date: /home/sergio/ros2_ws/install/p1_ej2_interface/share/ament_index/resource_index/packages/p1_ej2_interface
[2.058s] -- Up-to-date: /home/sergio/ros2_ws/install/p1_ej2_interface/share/p1_ej2_interface/cmake/export_p1_ej2_interface__rosidl_generator_cExport.cmake
[2.058s] -- Up-to-date: /home/sergio/ros2_ws/install/p1_ej2_interface/share/p1_ej2_interface/cmake/export_p1_ej2_interface__rosidl_generator_cExport-noconfig.cmake
[2.058s] -- Up-to-date: /home/sergio/ros2_ws/install/p1_ej2_interface/share/p1_ej2_interface/cmake/export_p1_ej2_interface__rosidl_typesupport_fastrtps_cExport.cmake
[2.058s] -- Up-to-date: /home/sergio/ros2_ws/install/p1_ej2_interface/share/p1_ej2_interface/cmake/export_p1_ej2_interface__rosidl_typesupport_fastrtps_cExport-noconfig.cmake
[2.059s] -- Up-to-date: /home/sergio/ros2_ws/install/p1_ej2_interface/share/p1_ej2_interface/cmake/p1_ej2_interface__rosidl_typesupport_introspection_cExport.cmake
[2.059s] -- Up-to-date: /home/sergio/ros2_ws/install/p1_ej2_interface/share/p1_ej2_interface/cmake/p1_ej2_interface__rosidl_typesupport_introspection_cExport-noconfig.cmake
[2.059s] -- Up-to-date: /home/sergio/ros2_ws/install/p1_ej2_interface/share/p1_ej2_interface/cmake/p1_ej2_interface__rosidl_typesupport_cExport.cmake
[2.059s] -- Up-to-date: /home/sergio/ros2_ws/install/p1_ej2_interface/share/p1_ej2_interface/cmake/p1_ej2_interface__rosidl_typesupport_cExport-noconfig.cmake
[2.059s] -- Up-to-date: /home/sergio/ros2_ws/install/p1_ej2_interface/share/p1_ej2_interface/cmake/export_p1_ej2_interface__rosidl_generator_cppExport.cmake
[2.059s] -- Up-to-date: /home/sergio/ros2_ws/install/p1_ej2_interface/share/p1_ej2_interface/cmake/export_p1_ej2_interface__rosidl_typesupport_fastrtps_cppExport.cmake
[2.060s] -- Up-to-date: /home/sergio/ros2_ws/install/p1_ej2_interface/share/p1_ej2_interface/cmake/export_p1_ej2_interface__rosidl_typesupport_fastrtps_cppExport-noconfig.cmake
[2.060s] -- Up-to-date: /home/sergio/ros2_ws/install/p1_ej2_interface/share/p1_ej2_interface/cmake/p1_ej2_interface__rosidl_typesupport_introspection_cppExport.cmake
[2.060s] -- Up-to-date: /home/sergio/ros2_ws/install/p1_ej2_interface/share/p1_ej2_interface/cmake/p1_ej2_interface__rosidl_typesupport_introspection_cppExport-noconfig.cmake
[2.060s] -- Up-to-date: /home/sergio/ros2_ws/install/p1_ej2_interface/share/p1_ej2_interface/cmake/p1_ej2_interface__rosidl_typesupport_cppExport.cmake
[2.060s] -- Up-to-date: /home/sergio/ros2_ws/install/p1_ej2_interface/share/p1_ej2_interface/cmake/p1_ej2_interface__rosidl_typesupport_cppExport-noconfig.cmake
[2.060s] -- Up-to-date: /home/sergio/ros2_ws/install/p1_ej2_interface/share/p1_ej2_interface/cmake/export_p1_ej2_interface__rosidl_generator_pyExport.cmake
[2.060s] -- Up-to-date: /home/sergio/ros2_ws/install/p1_ej2_interface/share/p1_ej2_interface/cmake/export_p1_ej2_interface__rosidl_generator_pyExport-noconfig.cmake
[2.061s] -- Up-to-date: /home/sergio/ros2_ws/install/p1_ej2_interface/share/p1_ej2_interface/cmake/rosidl_cmake-extras.cmake
[2.061s] -- Up-to-date: /home/sergio/ros2_ws/install/p1_ej2_interface/share/p1_ej2_interface/cmake/ament_cmake_export_include_directories-extras.cmake
[2.061s] -- Up-to-date: /home/sergio/ros2_ws/install/p1_ej2_interface/share/p1_ej2_interface/cmake/ament_cmake_export_libraries-extras.cmake
[2.061s] -- Up-to-date: /home/sergio/ros2_ws/install/p1_ej2_interface/share/p1_ej2_interface/cmake/ament_cmake_export_targets-extras.cmake
[2.061s] -- Up-to-date: /home/sergio/ros2_ws/install/p1_ej2_interface/share/p1_ej2_interface/cmake/rosidl_cmake_export_typesupport_targets-extras.cmake
[2.061s] -- Up-to-date: /home/sergio/ros2_ws/install/p1_ej2_interface/share/p1_ej2_interface/cmake/ament_cmake_export_dependencies-extras.cmake
[2.061s] -- Up-to-date: /home/sergio/ros2_ws/install/p1_ej2_interface/share/p1_ej2_interface/cmake/rosidl_cmake_export_typesupport_libraries-extras.cmake
[2.062s] -- Up-to-date: /home/sergio/ros2_ws/install/p1_ej2_interface/share/p1_ej2_interface/cmake/p1_ej2_interfaceConfig.cmake
[2.062s] -- Up-to-date: /home/sergio/ros2_ws/install/p1_ej2_interface/share/p1_ej2_interface/cmake/p1_ej2_interfaceConfig-version.cmake
[2.062s] -- Up-to-date: /home/sergio/ros2_ws/install/p1_ej2_interface/share/p1_ej2_interface/package.xml
[2.067s] Invoked command in '/home/sergio/ros2_ws/build/p1_ej2_interface' returned '0': AMENT_PREFIX_PATH=/home/sergio/ros2_ws/install/p1_ej2_nodos_sensor:/home/sergio/ros2_ws/install/p1_ej2_nodo4:/home/sergio/ros2_ws/install/robot_autonomo:/home/sergio/ros2_ws/install/my_stage_mover:/home/sergio/ros2_ws/install/auto_mover:/home/sergio/ros2_ws/install/turtlebot3:/home/sergio/ros2_ws/install/turtlebot3_teleop:/home/sergio/ros2_ws/install/turtlebot3_bringup:/home/sergio/ros2_ws/install/turtlebot3_node:/home/sergio/ros2_ws/install/turtlebot3_navigation2:/home/sergio/ros2_ws/install/turtlebot3_example:/home/sergio/ros2_ws/install/turtlebot3_description:/home/sergio/ros2_ws/install/turtlebot3_cartographer:/home/sergio/ros2_ws/install/trr_robot_ps:/home/sergio/ros2_ws/install/trr_robot:/home/sergio/ros2_ws/install/stage_ros2:/home/sergio/ros2_ws/install/robot_trr:/home/sergio/ros2_ws/install/robot_description:/home/sergio/ros2_ws/install/p1_ej3_servidor:/home/sergio/ros2_ws/install/p1_ej3_interface:/home/sergio/ros2_ws/install/p1_ej3_cliente:/home/sergio/ros2_ws/install/p1_ej2_interface:/home/sergio/ros2_ws/install/p1_ej2_nodo5:/home/sergio/ros2_ws/install/nodo_adc_sub:/home/sergio/ros2_ws/install/navigation_tb3:/home/sergio/ros2_ws/install/my_package:/home/sergio/ros2_ws/install/mma_talker:/home/sergio/ros2_ws/install/mma_service:/home/sergio/ros2_ws/install/mma_listener:/home/sergio/ros2_ws/install/mma_interfaces:/home/sergio/ros2_ws/install/ejercicio_tres_server:/home/sergio/ros2_ws/install/ejercicio_tres_interface:/home/sergio/ros2_ws/install/ejercicio_tres_client:/home/sergio/ros2_ws/install/ejercicio_dos:/home/sergio/ros2_ws/install/ejemplo_uno:/home/sergio/ros2_ws/install/cartographer_rviz:/home/sergio/ros2_ws/install/cartographer_ros:/home/sergio/ros2_ws/install/cartographer_ros_msgs:/home/sergio/ros2_ws/install/P1_ej1_sub:/home/sergio/ros2_ws/install/P1_ej1_pub:/opt/ros/humble CMAKE_PREFIX_PATH=${CMAKE_PREFIX_PATH}:/home/sergio/ros2_ws/install/robot_autonomo:/home/sergio/ros2_ws/install/my_stage_mover:/home/sergio/ros2_ws/install/auto_mover:/home/sergio/ros2_ws/install/turtlebot3_teleop:/home/sergio/ros2_ws/install/turtlebot3_example:/home/sergio/ros2_ws/install/trr_robot_ps:/home/sergio/ros2_ws/install/p1_ej3_servidor:/home/sergio/ros2_ws/install/p1_ej3_cliente:/home/sergio/ros2_ws/install/p1_ej2_nodos_sensor:/home/sergio/ros2_ws/install/p1_ej2_nodo5:/home/sergio/ros2_ws/install/p1_ej2_nodo4:/home/sergio/ros2_ws/install/nodo_adc_sub:/home/sergio/ros2_ws/install/my_package:/home/sergio/ros2_ws/install/mma_talker:/home/sergio/ros2_ws/install/mma_service:/home/sergio/ros2_ws/install/mma_listener:/home/sergio/ros2_ws/install/ejercicio_tres_server:/home/sergio/ros2_ws/install/ejercicio_tres_client:/home/sergio/ros2_ws/install/ejercicio_dos:/home/sergio/ros2_ws/install/ejemplo_uno:/home/sergio/ros2_ws/install/P1_ej1_sub:/home/sergio/ros2_ws/install/P1_ej1_pub:/opt/ros/humble PYTHONPATH=/home/sergio/ros2_ws/install/p1_ej2_nodos_sensor/lib/python3.10/site-packages:/home/sergio/ros2_ws/install/p1_ej2_nodo4/lib/python3.10/site-packages:/home/sergio/ros2_ws/install/robot_autonomo/lib/python3.10/site-packages:/home/sergio/ros2_ws/install/my_stage_mover/lib/python3.10/site-packages:/home/sergio/ros2_ws/install/auto_mover/lib/python3.10/site-packages:/home/sergio/ros2_ws/install/turtlebot3_teleop/lib/python3.10/site-packages:/home/sergio/ros2_ws/install/turtlebot3_example/lib/python3.10/site-packages:/home/sergio/ros2_ws/install/trr_robot_ps/lib/python3.10/site-packages:/home/sergio/ros2_ws/install/p1_ej3_servidor/lib/python3.10/site-packages:/home/sergio/ros2_ws/install/p1_ej3_interface/local/lib/python3.10/dist-packages:/home/sergio/ros2_ws/install/p1_ej3_cliente/lib/python3.10/site-packages:/home/sergio/ros2_ws/install/p1_ej2_interface/local/lib/python3.10/dist-packages:/home/sergio/ros2_ws/install/p1_ej2_nodo5/lib/python3.10/site-packages:/home/sergio/ros2_ws/install/nodo_adc_sub/lib/python3.10/site-packages:/home/sergio/ros2_ws/install/navigation_tb3/local/lib/python3.10/dist-packages:/home/sergio/ros2_ws/install/my_package/lib/python3.10/site-packages:/home/sergio/ros2_ws/install/mma_talker/lib/python3.10/site-packages:/home/sergio/ros2_ws/install/mma_service/lib/python3.10/site-packages:/home/sergio/ros2_ws/install/mma_listener/lib/python3.10/site-packages:/home/sergio/ros2_ws/install/mma_interfaces/local/lib/python3.10/dist-packages:/home/sergio/ros2_ws/install/ejercicio_tres_server/lib/python3.10/site-packages:/home/sergio/ros2_ws/install/ejercicio_tres_interface/local/lib/python3.10/dist-packages:/home/sergio/ros2_ws/install/ejercicio_tres_client/lib/python3.10/site-packages:/home/sergio/ros2_ws/install/ejercicio_dos/lib/python3.10/site-packages:/home/sergio/ros2_ws/install/ejemplo_uno/lib/python3.10/site-packages:/home/sergio/ros2_ws/install/cartographer_ros_msgs/local/lib/python3.10/dist-packages:/home/sergio/ros2_ws/install/P1_ej1_sub/lib/python3.10/site-packages:/home/sergio/ros2_ws/install/P1_ej1_pub/lib/python3.10/site-packages:/opt/ros/humble/lib/python3.10/site-packages:/opt/ros/humble/local/lib/python3.10/dist-packages /usr/bin/cmake --install /home/sergio/ros2_ws/build/p1_ej2_interface
