[0.881s] Invoking command in '/home/sergio/ros2_ws/build/p1_ej2_interface': AMENT_PREFIX_PATH=/home/sergio/ros2_ws/install/p1_ej2_nodos_sensor:/home/sergio/ros2_ws/install/p1_ej2_nodo4:/home/sergio/ros2_ws/install/trr_robot_ps:/home/sergio/ros2_ws/install/trr_robot:/home/sergio/ros2_ws/install/stage_worlds:/home/sergio/ros2_ws/install/stage_ros2:/home/sergio/ros2_ws/install/moveit_task_constructor_visualization:/home/sergio/ros2_ws/install/moveit_task_constructor_demo:/home/sergio/ros2_ws/install/moveit_task_constructor_capabilities:/home/sergio/ros2_ws/install/moveit2_tutorials:/home/sergio/ros2_ws/install/moveit_task_constructor_core:/home/sergio/ros2_ws/install/rviz_marker_tools:/home/sergio/ros2_ws/install/robot_nav:/home/sergio/ros2_ws/install/robot_description:/home/sergio/ros2_ws/install/robot_autonomo:/home/sergio/ros2_ws/install/pico_control_pub:/home/sergio/ros2_ws/install/p2_ej3:/home/sergio/ros2_ws/install/p2_ej2:/home/sergio/ros2_ws/install/p1_ej3_servidor:/home/sergio/ros2_ws/install/p1_ej3_interface:/home/sergio/ros2_ws/install/p1_ej3_cliente:/home/sergio/ros2_ws/install/p1_ej2_interface:/home/sergio/ros2_ws/install/p1_ej2_nodo5:/home/sergio/ros2_ws/install/nodo_adc_sub:/home/sergio/ros2_ws/install/navigation_tb3:/home/sergio/ros2_ws/install/my_stage_mover:/home/sergio/ros2_ws/install/my_package:/home/sergio/ros2_ws/install/moveit_task_constructor_msgs:/home/sergio/ros2_ws/install/moveit_resources:/home/sergio/ros2_ws/install/moveit_resources_pr2_description:/home/sergio/ros2_ws/install/moveit_resources_panda_moveit_config:/home/sergio/ros2_ws/install/moveit_resources_panda_description:/home/sergio/ros2_ws/install/moveit_resources_fanuc_moveit_config:/home/sergio/ros2_ws/install/moveit_resources_fanuc_description:/home/sergio/ros2_ws/install/mma_talker:/home/sergio/ros2_ws/install/mma_service:/home/sergio/ros2_ws/install/mma_listener:/home/sergio/ros2_ws/install/mma_interfaces:/home/sergio/ros2_ws/install/hello_moveit:/home/sergio/ros2_ws/install/ejercicio_tres_server:/home/sergio/ros2_ws/install/ejercicio_tres_interface:/home/sergio/ros2_ws/install/ejercicio_tres_client:/home/sergio/ros2_ws/install/ejercicio_dos:/home/sergio/ros2_ws/install/ejercicio1_pkg:/home/sergio/ros2_ws/install/ejemplo_uno:/home/sergio/ros2_ws/install/cam_viewer:/home/sergio/ros2_ws/install/auto_mover:/home/sergio/ros2_ws/install/P1_ej1_sub:/home/sergio/ros2_ws/install/P1_ej1_pub:/opt/ros/humble CMAKE_PREFIX_PATH=${CMAKE_PREFIX_PATH}:/home/sergio/ros2_ws/install/trr_robot_ps:/home/sergio/ros2_ws/install/robot_nav:/home/sergio/ros2_ws/install/robot_autonomo:/home/sergio/ros2_ws/install/pico_control_pub:/home/sergio/ros2_ws/install/p2_ej3:/home/sergio/ros2_ws/install/p1_ej3_servidor:/home/sergio/ros2_ws/install/p1_ej3_cliente:/home/sergio/ros2_ws/install/p1_ej2_nodos_sensor:/home/sergio/ros2_ws/install/p1_ej2_nodo5:/home/sergio/ros2_ws/install/p1_ej2_nodo4:/home/sergio/ros2_ws/install/nodo_adc_sub:/home/sergio/ros2_ws/install/my_stage_mover:/home/sergio/ros2_ws/install/my_package:/home/sergio/ros2_ws/install/mma_talker:/home/sergio/ros2_ws/install/mma_service:/home/sergio/ros2_ws/install/mma_listener:/home/sergio/ros2_ws/install/ejercicio_tres_server:/home/sergio/ros2_ws/install/ejercicio_tres_client:/home/sergio/ros2_ws/install/ejercicio_dos:/home/sergio/ros2_ws/install/ejercicio1_pkg:/home/sergio/ros2_ws/install/ejemplo_uno:/home/sergio/ros2_ws/install/cam_viewer:/home/sergio/ros2_ws/install/auto_mover:/home/sergio/ros2_ws/install/P1_ej1_sub:/home/sergio/ros2_ws/install/P1_ej1_pub:/opt/ros/humble PYTHONPATH=/home/sergio/ros2_ws/install/p1_ej2_nodos_sensor/lib/python3.10/site-packages:/home/sergio/ros2_ws/install/p1_ej2_nodo4/lib/python3.10/site-packages:/home/sergio/ros2_ws/install/trr_robot_ps/lib/python3.10/site-packages:/home/sergio/ros2_ws/install/moveit_task_constructor_core/local/lib/python3.10/dist-packages:/home/sergio/ros2_ws/install/robot_nav/lib/python3.10/site-packages:/home/sergio/ros2_ws/install/robot_autonomo/lib/python3.10/site-packages:/home/sergio/ros2_ws/install/pico_control_pub/lib/python3.10/site-packages:/home/sergio/ros2_ws/install/p2_ej3/lib/python3.10/site-packages:/home/sergio/ros2_ws/install/p1_ej3_servidor/lib/python3.10/site-packages:/home/sergio/ros2_ws/install/p1_ej3_interface/local/lib/python3.10/dist-packages:/home/sergio/ros2_ws/install/p1_ej3_cliente/lib/python3.10/site-packages:/home/sergio/ros2_ws/install/p1_ej2_interface/local/lib/python3.10/dist-packages:/home/sergio/ros2_ws/install/p1_ej2_nodo5/lib/python3.10/site-packages:/home/sergio/ros2_ws/install/nodo_adc_sub/lib/python3.10/site-packages:/home/sergio/ros2_ws/install/navigation_tb3/local/lib/python3.10/dist-packages:/home/sergio/ros2_ws/install/my_stage_mover/lib/python3.10/site-packages:/home/sergio/ros2_ws/install/my_package/lib/python3.10/site-packages:/home/sergio/ros2_ws/install/moveit_task_constructor_msgs/local/lib/python3.10/dist-packages:/home/sergio/ros2_ws/install/mma_talker/lib/python3.10/site-packages:/home/sergio/ros2_ws/install/mma_service/lib/python3.10/site-packages:/home/sergio/ros2_ws/install/mma_listener/lib/python3.10/site-packages:/home/sergio/ros2_ws/install/mma_interfaces/local/lib/python3.10/dist-packages:/home/sergio/ros2_ws/install/ejercicio_tres_server/lib/python3.10/site-packages:/home/sergio/ros2_ws/install/ejercicio_tres_interface/local/lib/python3.10/dist-packages:/home/sergio/ros2_ws/install/ejercicio_tres_client/lib/python3.10/site-packages:/home/sergio/ros2_ws/install/ejercicio_dos/lib/python3.10/site-packages:/home/sergio/ros2_ws/install/ejercicio1_pkg/lib/python3.10/site-packages:/home/sergio/ros2_ws/install/ejemplo_uno/lib/python3.10/site-packages:/home/sergio/ros2_ws/install/cam_viewer/lib/python3.10/site-packages:/home/sergio/ros2_ws/install/auto_mover/lib/python3.10/site-packages:/home/sergio/ros2_ws/install/P1_ej1_sub/lib/python3.10/site-packages:/home/sergio/ros2_ws/install/P1_ej1_pub/lib/python3.10/site-packages:/opt/ros/humble/lib/python3.10/site-packages:/opt/ros/humble/local/lib/python3.10/dist-packages /usr/bin/cmake --build /home/sergio/ros2_ws/build/p1_ej2_interface -- -j16 -l16
[1.015s] [ 10%] Built target p1_ej2_interface__rosidl_generator_c
[1.016s] [ 12%] Built target p1_ej2_interface__cpp
[1.021s] [ 12%] Built target ament_cmake_python_copy_p1_ej2_interface
[1.070s] [ 23%] Built target p1_ej2_interface__rosidl_typesupport_introspection_c
[1.071s] [ 33%] Built target p1_ej2_interface__rosidl_typesupport_c
[1.073s] [ 43%] Built target p1_ej2_interface__rosidl_typesupport_fastrtps_cpp
[1.084s] [ 53%] Built target p1_ej2_interface__rosidl_typesupport_fastrtps_c
[1.096s] [ 64%] Built target p1_ej2_interface__rosidl_typesupport_introspection_cpp
[1.100s] [ 74%] Built target p1_ej2_interface__rosidl_typesupport_cpp
[1.144s] [ 74%] Built target p1_ej2_interface
[1.216s] [ 76%] Built target p1_ej2_interface__py
[1.284s] [ 84%] Built target p1_ej2_interface__rosidl_generator_py
[1.355s] [ 89%] Built target p1_ej2_interface__rosidl_typesupport_introspection_c__pyext
[1.358s] [ 94%] Built target p1_ej2_interface__rosidl_typesupport_c__pyext
[1.384s] [100%] Built target p1_ej2_interface__rosidl_typesupport_fastrtps_c__pyext
[1.898s] running egg_info
[1.899s] writing p1_ej2_interface.egg-info/PKG-INFO
[1.899s] writing dependency_links to p1_ej2_interface.egg-info/dependency_links.txt
[1.899s] writing top-level names to p1_ej2_interface.egg-info/top_level.txt
[1.904s] reading manifest file 'p1_ej2_interface.egg-info/SOURCES.txt'
[1.909s] writing manifest file 'p1_ej2_interface.egg-info/SOURCES.txt'
[1.954s] [100%] Built target ament_cmake_python_build_p1_ej2_interface_egg
[1.985s] Invoked command in '/home/sergio/ros2_ws/build/p1_ej2_interface' returned '0': AMENT_PREFIX_PATH=/home/sergio/ros2_ws/install/p1_ej2_nodos_sensor:/home/sergio/ros2_ws/install/p1_ej2_nodo4:/home/sergio/ros2_ws/install/trr_robot_ps:/home/sergio/ros2_ws/install/trr_robot:/home/sergio/ros2_ws/install/stage_worlds:/home/sergio/ros2_ws/install/stage_ros2:/home/sergio/ros2_ws/install/moveit_task_constructor_visualization:/home/sergio/ros2_ws/install/moveit_task_constructor_demo:/home/sergio/ros2_ws/install/moveit_task_constructor_capabilities:/home/sergio/ros2_ws/install/moveit2_tutorials:/home/sergio/ros2_ws/install/moveit_task_constructor_core:/home/sergio/ros2_ws/install/rviz_marker_tools:/home/sergio/ros2_ws/install/robot_nav:/home/sergio/ros2_ws/install/robot_description:/home/sergio/ros2_ws/install/robot_autonomo:/home/sergio/ros2_ws/install/pico_control_pub:/home/sergio/ros2_ws/install/p2_ej3:/home/sergio/ros2_ws/install/p2_ej2:/home/sergio/ros2_ws/install/p1_ej3_servidor:/home/sergio/ros2_ws/install/p1_ej3_interface:/home/sergio/ros2_ws/install/p1_ej3_cliente:/home/sergio/ros2_ws/install/p1_ej2_interface:/home/sergio/ros2_ws/install/p1_ej2_nodo5:/home/sergio/ros2_ws/install/nodo_adc_sub:/home/sergio/ros2_ws/install/navigation_tb3:/home/sergio/ros2_ws/install/my_stage_mover:/home/sergio/ros2_ws/install/my_package:/home/sergio/ros2_ws/install/moveit_task_constructor_msgs:/home/sergio/ros2_ws/install/moveit_resources:/home/sergio/ros2_ws/install/moveit_resources_pr2_description:/home/sergio/ros2_ws/install/moveit_resources_panda_moveit_config:/home/sergio/ros2_ws/install/moveit_resources_panda_description:/home/sergio/ros2_ws/install/moveit_resources_fanuc_moveit_config:/home/sergio/ros2_ws/install/moveit_resources_fanuc_description:/home/sergio/ros2_ws/install/mma_talker:/home/sergio/ros2_ws/install/mma_service:/home/sergio/ros2_ws/install/mma_listener:/home/sergio/ros2_ws/install/mma_interfaces:/home/sergio/ros2_ws/install/hello_moveit:/home/sergio/ros2_ws/install/ejercicio_tres_server:/home/sergio/ros2_ws/install/ejercicio_tres_interface:/home/sergio/ros2_ws/install/ejercicio_tres_client:/home/sergio/ros2_ws/install/ejercicio_dos:/home/sergio/ros2_ws/install/ejercicio1_pkg:/home/sergio/ros2_ws/install/ejemplo_uno:/home/sergio/ros2_ws/install/cam_viewer:/home/sergio/ros2_ws/install/auto_mover:/home/sergio/ros2_ws/install/P1_ej1_sub:/home/sergio/ros2_ws/install/P1_ej1_pub:/opt/ros/humble CMAKE_PREFIX_PATH=${CMAKE_PREFIX_PATH}:/home/sergio/ros2_ws/install/trr_robot_ps:/home/sergio/ros2_ws/install/robot_nav:/home/sergio/ros2_ws/install/robot_autonomo:/home/sergio/ros2_ws/install/pico_control_pub:/home/sergio/ros2_ws/install/p2_ej3:/home/sergio/ros2_ws/install/p1_ej3_servidor:/home/sergio/ros2_ws/install/p1_ej3_cliente:/home/sergio/ros2_ws/install/p1_ej2_nodos_sensor:/home/sergio/ros2_ws/install/p1_ej2_nodo5:/home/sergio/ros2_ws/install/p1_ej2_nodo4:/home/sergio/ros2_ws/install/nodo_adc_sub:/home/sergio/ros2_ws/install/my_stage_mover:/home/sergio/ros2_ws/install/my_package:/home/sergio/ros2_ws/install/mma_talker:/home/sergio/ros2_ws/install/mma_service:/home/sergio/ros2_ws/install/mma_listener:/home/sergio/ros2_ws/install/ejercicio_tres_server:/home/sergio/ros2_ws/install/ejercicio_tres_client:/home/sergio/ros2_ws/install/ejercicio_dos:/home/sergio/ros2_ws/install/ejercicio1_pkg:/home/sergio/ros2_ws/install/ejemplo_uno:/home/sergio/ros2_ws/install/cam_viewer:/home/sergio/ros2_ws/install/auto_mover:/home/sergio/ros2_ws/install/P1_ej1_sub:/home/sergio/ros2_ws/install/P1_ej1_pub:/opt/ros/humble PYTHONPATH=/home/sergio/ros2_ws/install/p1_ej2_nodos_sensor/lib/python3.10/site-packages:/home/sergio/ros2_ws/install/p1_ej2_nodo4/lib/python3.10/site-packages:/home/sergio/ros2_ws/install/trr_robot_ps/lib/python3.10/site-packages:/home/sergio/ros2_ws/install/moveit_task_constructor_core/local/lib/python3.10/dist-packages:/home/sergio/ros2_ws/install/robot_nav/lib/python3.10/site-packages:/home/sergio/ros2_ws/install/robot_autonomo/lib/python3.10/site-packages:/home/sergio/ros2_ws/install/pico_control_pub/lib/python3.10/site-packages:/home/sergio/ros2_ws/install/p2_ej3/lib/python3.10/site-packages:/home/sergio/ros2_ws/install/p1_ej3_servidor/lib/python3.10/site-packages:/home/sergio/ros2_ws/install/p1_ej3_interface/local/lib/python3.10/dist-packages:/home/sergio/ros2_ws/install/p1_ej3_cliente/lib/python3.10/site-packages:/home/sergio/ros2_ws/install/p1_ej2_interface/local/lib/python3.10/dist-packages:/home/sergio/ros2_ws/install/p1_ej2_nodo5/lib/python3.10/site-packages:/home/sergio/ros2_ws/install/nodo_adc_sub/lib/python3.10/site-packages:/home/sergio/ros2_ws/install/navigation_tb3/local/lib/python3.10/dist-packages:/home/sergio/ros2_ws/install/my_stage_mover/lib/python3.10/site-packages:/home/sergio/ros2_ws/install/my_package/lib/python3.10/site-packages:/home/sergio/ros2_ws/install/moveit_task_constructor_msgs/local/lib/python3.10/dist-packages:/home/sergio/ros2_ws/install/mma_talker/lib/python3.10/site-packages:/home/sergio/ros2_ws/install/mma_service/lib/python3.10/site-packages:/home/sergio/ros2_ws/install/mma_listener/lib/python3.10/site-packages:/home/sergio/ros2_ws/install/mma_interfaces/local/lib/python3.10/dist-packages:/home/sergio/ros2_ws/install/ejercicio_tres_server/lib/python3.10/site-packages:/home/sergio/ros2_ws/install/ejercicio_tres_interface/local/lib/python3.10/dist-packages:/home/sergio/ros2_ws/install/ejercicio_tres_client/lib/python3.10/site-packages:/home/sergio/ros2_ws/install/ejercicio_dos/lib/python3.10/site-packages:/home/sergio/ros2_ws/install/ejercicio1_pkg/lib/python3.10/site-packages:/home/sergio/ros2_ws/install/ejemplo_uno/lib/python3.10/site-packages:/home/sergio/ros2_ws/install/cam_viewer/lib/python3.10/site-packages:/home/sergio/ros2_ws/install/auto_mover/lib/python3.10/site-packages:/home/sergio/ros2_ws/install/P1_ej1_sub/lib/python3.10/site-packages:/home/sergio/ros2_ws/install/P1_ej1_pub/lib/python3.10/site-packages:/opt/ros/humble/lib/python3.10/site-packages:/opt/ros/humble/local/lib/python3.10/dist-packages /usr/bin/cmake --build /home/sergio/ros2_ws/build/p1_ej2_interface -- -j16 -l16
[1.991s] Invoking command in '/home/sergio/ros2_ws/build/p1_ej2_interface': AMENT_PREFIX_PATH=/home/sergio/ros2_ws/install/p1_ej2_nodos_sensor:/home/sergio/ros2_ws/install/p1_ej2_nodo4:/home/sergio/ros2_ws/install/trr_robot_ps:/home/sergio/ros2_ws/install/trr_robot:/home/sergio/ros2_ws/install/stage_worlds:/home/sergio/ros2_ws/install/stage_ros2:/home/sergio/ros2_ws/install/moveit_task_constructor_visualization:/home/sergio/ros2_ws/install/moveit_task_constructor_demo:/home/sergio/ros2_ws/install/moveit_task_constructor_capabilities:/home/sergio/ros2_ws/install/moveit2_tutorials:/home/sergio/ros2_ws/install/moveit_task_constructor_core:/home/sergio/ros2_ws/install/rviz_marker_tools:/home/sergio/ros2_ws/install/robot_nav:/home/sergio/ros2_ws/install/robot_description:/home/sergio/ros2_ws/install/robot_autonomo:/home/sergio/ros2_ws/install/pico_control_pub:/home/sergio/ros2_ws/install/p2_ej3:/home/sergio/ros2_ws/install/p2_ej2:/home/sergio/ros2_ws/install/p1_ej3_servidor:/home/sergio/ros2_ws/install/p1_ej3_interface:/home/sergio/ros2_ws/install/p1_ej3_cliente:/home/sergio/ros2_ws/install/p1_ej2_interface:/home/sergio/ros2_ws/install/p1_ej2_nodo5:/home/sergio/ros2_ws/install/nodo_adc_sub:/home/sergio/ros2_ws/install/navigation_tb3:/home/sergio/ros2_ws/install/my_stage_mover:/home/sergio/ros2_ws/install/my_package:/home/sergio/ros2_ws/install/moveit_task_constructor_msgs:/home/sergio/ros2_ws/install/moveit_resources:/home/sergio/ros2_ws/install/moveit_resources_pr2_description:/home/sergio/ros2_ws/install/moveit_resources_panda_moveit_config:/home/sergio/ros2_ws/install/moveit_resources_panda_description:/home/sergio/ros2_ws/install/moveit_resources_fanuc_moveit_config:/home/sergio/ros2_ws/install/moveit_resources_fanuc_description:/home/sergio/ros2_ws/install/mma_talker:/home/sergio/ros2_ws/install/mma_service:/home/sergio/ros2_ws/install/mma_listener:/home/sergio/ros2_ws/install/mma_interfaces:/home/sergio/ros2_ws/install/hello_moveit:/home/sergio/ros2_ws/install/ejercicio_tres_server:/home/sergio/ros2_ws/install/ejercicio_tres_interface:/home/sergio/ros2_ws/install/ejercicio_tres_client:/home/sergio/ros2_ws/install/ejercicio_dos:/home/sergio/ros2_ws/install/ejercicio1_pkg:/home/sergio/ros2_ws/install/ejemplo_uno:/home/sergio/ros2_ws/install/cam_viewer:/home/sergio/ros2_ws/install/auto_mover:/home/sergio/ros2_ws/install/P1_ej1_sub:/home/sergio/ros2_ws/install/P1_ej1_pub:/opt/ros/humble CMAKE_PREFIX_PATH=${CMAKE_PREFIX_PATH}:/home/sergio/ros2_ws/install/trr_robot_ps:/home/sergio/ros2_ws/install/robot_nav:/home/sergio/ros2_ws/install/robot_autonomo:/home/sergio/ros2_ws/install/pico_control_pub:/home/sergio/ros2_ws/install/p2_ej3:/home/sergio/ros2_ws/install/p1_ej3_servidor:/home/sergio/ros2_ws/install/p1_ej3_cliente:/home/sergio/ros2_ws/install/p1_ej2_nodos_sensor:/home/sergio/ros2_ws/install/p1_ej2_nodo5:/home/sergio/ros2_ws/install/p1_ej2_nodo4:/home/sergio/ros2_ws/install/nodo_adc_sub:/home/sergio/ros2_ws/install/my_stage_mover:/home/sergio/ros2_ws/install/my_package:/home/sergio/ros2_ws/install/mma_talker:/home/sergio/ros2_ws/install/mma_service:/home/sergio/ros2_ws/install/mma_listener:/home/sergio/ros2_ws/install/ejercicio_tres_server:/home/sergio/ros2_ws/install/ejercicio_tres_client:/home/sergio/ros2_ws/install/ejercicio_dos:/home/sergio/ros2_ws/install/ejercicio1_pkg:/home/sergio/ros2_ws/install/ejemplo_uno:/home/sergio/ros2_ws/install/cam_viewer:/home/sergio/ros2_ws/install/auto_mover:/home/sergio/ros2_ws/install/P1_ej1_sub:/home/sergio/ros2_ws/install/P1_ej1_pub:/opt/ros/humble PYTHONPATH=/home/sergio/ros2_ws/install/p1_ej2_nodos_sensor/lib/python3.10/site-packages:/home/sergio/ros2_ws/install/p1_ej2_nodo4/lib/python3.10/site-packages:/home/sergio/ros2_ws/install/trr_robot_ps/lib/python3.10/site-packages:/home/sergio/ros2_ws/install/moveit_task_constructor_core/local/lib/python3.10/dist-packages:/home/sergio/ros2_ws/install/robot_nav/lib/python3.10/site-packages:/home/sergio/ros2_ws/install/robot_autonomo/lib/python3.10/site-packages:/home/sergio/ros2_ws/install/pico_control_pub/lib/python3.10/site-packages:/home/sergio/ros2_ws/install/p2_ej3/lib/python3.10/site-packages:/home/sergio/ros2_ws/install/p1_ej3_servidor/lib/python3.10/site-packages:/home/sergio/ros2_ws/install/p1_ej3_interface/local/lib/python3.10/dist-packages:/home/sergio/ros2_ws/install/p1_ej3_cliente/lib/python3.10/site-packages:/home/sergio/ros2_ws/install/p1_ej2_interface/local/lib/python3.10/dist-packages:/home/sergio/ros2_ws/install/p1_ej2_nodo5/lib/python3.10/site-packages:/home/sergio/ros2_ws/install/nodo_adc_sub/lib/python3.10/site-packages:/home/sergio/ros2_ws/install/navigation_tb3/local/lib/python3.10/dist-packages:/home/sergio/ros2_ws/install/my_stage_mover/lib/python3.10/site-packages:/home/sergio/ros2_ws/install/my_package/lib/python3.10/site-packages:/home/sergio/ros2_ws/install/moveit_task_constructor_msgs/local/lib/python3.10/dist-packages:/home/sergio/ros2_ws/install/mma_talker/lib/python3.10/site-packages:/home/sergio/ros2_ws/install/mma_service/lib/python3.10/site-packages:/home/sergio/ros2_ws/install/mma_listener/lib/python3.10/site-packages:/home/sergio/ros2_ws/install/mma_interfaces/local/lib/python3.10/dist-packages:/home/sergio/ros2_ws/install/ejercicio_tres_server/lib/python3.10/site-packages:/home/sergio/ros2_ws/install/ejercicio_tres_interface/local/lib/python3.10/dist-packages:/home/sergio/ros2_ws/install/ejercicio_tres_client/lib/python3.10/site-packages:/home/sergio/ros2_ws/install/ejercicio_dos/lib/python3.10/site-packages:/home/sergio/ros2_ws/install/ejercicio1_pkg/lib/python3.10/site-packages:/home/sergio/ros2_ws/install/ejemplo_uno/lib/python3.10/site-packages:/home/sergio/ros2_ws/install/cam_viewer/lib/python3.10/site-packages:/home/sergio/ros2_ws/install/auto_mover/lib/python3.10/site-packages:/home/sergio/ros2_ws/install/P1_ej1_sub/lib/python3.10/site-packages:/home/sergio/ros2_ws/install/P1_ej1_pub/lib/python3.10/site-packages:/opt/ros/humble/lib/python3.10/site-packages:/opt/ros/humble/local/lib/python3.10/dist-packages /usr/bin/cmake --install /home/sergio/ros2_ws/build/p1_ej2_interface
[2.006s] -- Install configuration: ""
[2.007s] -- Up-to-date: /home/sergio/ros2_ws/install/p1_ej2_interface/share/ament_index/resource_index/rosidl_interfaces/p1_ej2_interface
[2.007s] -- Up-to-date: /home/sergio/ros2_ws/install/p1_ej2_interface/include/p1_ej2_interface/p1_ej2_interface
[2.007s] -- Up-to-date: /home/sergio/ros2_ws/install/p1_ej2_interface/include/p1_ej2_interface/p1_ej2_interface/msg
[2.007s] -- Up-to-date: /home/sergio/ros2_ws/install/p1_ej2_interface/include/p1_ej2_interface/p1_ej2_interface/msg/sensor.h
[2.007s] -- Up-to-date: /home/sergio/ros2_ws/install/p1_ej2_interface/include/p1_ej2_interface/p1_ej2_interface/msg/rosidl_generator_c__visibility_control.h
[2.007s] -- Up-to-date: /home/sergio/ros2_ws/install/p1_ej2_interface/include/p1_ej2_interface/p1_ej2_interface/msg/detail
[2.007s] -- Up-to-date: /home/sergio/ros2_ws/install/p1_ej2_interface/include/p1_ej2_interface/p1_ej2_interface/msg/detail/filtered_sensor__type_support.h
[2.007s] -- Up-to-date: /home/sergio/ros2_ws/install/p1_ej2_interface/include/p1_ej2_interface/p1_ej2_interface/msg/detail/filtered_sensor__functions.h
[2.007s] -- Up-to-date: /home/sergio/ros2_ws/install/p1_ej2_interface/include/p1_ej2_interface/p1_ej2_interface/msg/detail/sensor__struct.h
[2.007s] -- Up-to-date: /home/sergio/ros2_ws/install/p1_ej2_interface/include/p1_ej2_interface/p1_ej2_interface/msg/detail/filtered_sensor__struct.h
[2.008s] -- Up-to-date: /home/sergio/ros2_ws/install/p1_ej2_interface/include/p1_ej2_interface/p1_ej2_interface/msg/detail/sensor__type_support.h
[2.008s] -- Up-to-date: /home/sergio/ros2_ws/install/p1_ej2_interface/include/p1_ej2_interface/p1_ej2_interface/msg/detail/sensor__functions.h
[2.008s] -- Up-to-date: /home/sergio/ros2_ws/install/p1_ej2_interface/include/p1_ej2_interface/p1_ej2_interface/msg/detail/filtered_sensor__functions.c
[2.008s] -- Up-to-date: /home/sergio/ros2_ws/install/p1_ej2_interface/include/p1_ej2_interface/p1_ej2_interface/msg/detail/sensor__functions.c
[2.008s] -- Up-to-date: /home/sergio/ros2_ws/install/p1_ej2_interface/include/p1_ej2_interface/p1_ej2_interface/msg/filtered_sensor.h
[2.010s] -- Up-to-date: /home/sergio/ros2_ws/install/p1_ej2_interface/share/p1_ej2_interface/environment/library_path.sh
[2.010s] -- Up-to-date: /home/sergio/ros2_ws/install/p1_ej2_interface/share/p1_ej2_interface/environment/library_path.dsv
[2.010s] -- Up-to-date: /home/sergio/ros2_ws/install/p1_ej2_interface/lib/libp1_ej2_interface__rosidl_generator_c.so
[2.010s] -- Up-to-date: /home/sergio/ros2_ws/install/p1_ej2_interface/include/p1_ej2_interface/p1_ej2_interface
[2.010s] -- Up-to-date: /home/sergio/ros2_ws/install/p1_ej2_interface/include/p1_ej2_interface/p1_ej2_interface/msg
[2.010s] -- Up-to-date: /home/sergio/ros2_ws/install/p1_ej2_interface/include/p1_ej2_interface/p1_ej2_interface/msg/detail
[2.010s] -- Up-to-date: /home/sergio/ros2_ws/install/p1_ej2_interface/include/p1_ej2_interface/p1_ej2_interface/msg/detail/sensor__rosidl_typesupport_fastrtps_c.h
[2.010s] -- Up-to-date: /home/sergio/ros2_ws/install/p1_ej2_interface/include/p1_ej2_interface/p1_ej2_interface/msg/detail/filtered_sensor__rosidl_typesupport_fastrtps_c.h
[2.010s] -- Up-to-date: /home/sergio/ros2_ws/install/p1_ej2_interface/include/p1_ej2_interface/p1_ej2_interface/msg/rosidl_typesupport_fastrtps_c__visibility_control.h
[2.011s] -- Up-to-date: /home/sergio/ros2_ws/install/p1_ej2_interface/lib/libp1_ej2_interface__rosidl_typesupport_fastrtps_c.so
[2.012s] -- Up-to-date: /home/sergio/ros2_ws/install/p1_ej2_interface/include/p1_ej2_interface/p1_ej2_interface
[2.012s] -- Up-to-date: /home/sergio/ros2_ws/install/p1_ej2_interface/include/p1_ej2_interface/p1_ej2_interface/msg
[2.012s] -- Up-to-date: /home/sergio/ros2_ws/install/p1_ej2_interface/include/p1_ej2_interface/p1_ej2_interface/msg/rosidl_typesupport_introspection_c__visibility_control.h
[2.012s] -- Up-to-date: /home/sergio/ros2_ws/install/p1_ej2_interface/include/p1_ej2_interface/p1_ej2_interface/msg/detail
[2.012s] -- Up-to-date: /home/sergio/ros2_ws/install/p1_ej2_interface/include/p1_ej2_interface/p1_ej2_interface/msg/detail/sensor__type_support.c
[2.012s] -- Up-to-date: /home/sergio/ros2_ws/install/p1_ej2_interface/include/p1_ej2_interface/p1_ej2_interface/msg/detail/filtered_sensor__rosidl_typesupport_introspection_c.h
[2.012s] -- Up-to-date: /home/sergio/ros2_ws/install/p1_ej2_interface/include/p1_ej2_interface/p1_ej2_interface/msg/detail/filtered_sensor__type_support.c
[2.012s] -- Up-to-date: /home/sergio/ros2_ws/install/p1_ej2_interface/include/p1_ej2_interface/p1_ej2_interface/msg/detail/sensor__rosidl_typesupport_introspection_c.h
[2.012s] -- Up-to-date: /home/sergio/ros2_ws/install/p1_ej2_interface/lib/libp1_ej2_interface__rosidl_typesupport_introspection_c.so
[2.013s] -- Up-to-date: /home/sergio/ros2_ws/install/p1_ej2_interface/lib/libp1_ej2_interface__rosidl_typesupport_c.so
[2.013s] -- Up-to-date: /home/sergio/ros2_ws/install/p1_ej2_interface/include/p1_ej2_interface/p1_ej2_interface
[2.013s] -- Up-to-date: /home/sergio/ros2_ws/install/p1_ej2_interface/include/p1_ej2_interface/p1_ej2_interface/msg
[2.013s] -- Up-to-date: /home/sergio/ros2_ws/install/p1_ej2_interface/include/p1_ej2_interface/p1_ej2_interface/msg/rosidl_generator_cpp__visibility_control.hpp
[2.013s] -- Up-to-date: /home/sergio/ros2_ws/install/p1_ej2_interface/include/p1_ej2_interface/p1_ej2_interface/msg/filtered_sensor.hpp
[2.013s] -- Up-to-date: /home/sergio/ros2_ws/install/p1_ej2_interface/include/p1_ej2_interface/p1_ej2_interface/msg/detail
[2.013s] -- Up-to-date: /home/sergio/ros2_ws/install/p1_ej2_interface/include/p1_ej2_interface/p1_ej2_interface/msg/detail/filtered_sensor__traits.hpp
[2.013s] -- Up-to-date: /home/sergio/ros2_ws/install/p1_ej2_interface/include/p1_ej2_interface/p1_ej2_interface/msg/detail/filtered_sensor__builder.hpp
[2.013s] -- Up-to-date: /home/sergio/ros2_ws/install/p1_ej2_interface/include/p1_ej2_interface/p1_ej2_interface/msg/detail/filtered_sensor__type_support.hpp
[2.013s] -- Up-to-date: /home/sergio/ros2_ws/install/p1_ej2_interface/include/p1_ej2_interface/p1_ej2_interface/msg/detail/sensor__struct.hpp
[2.014s] -- Up-to-date: /home/sergio/ros2_ws/install/p1_ej2_interface/include/p1_ej2_interface/p1_ej2_interface/msg/detail/sensor__traits.hpp
[2.014s] -- Up-to-date: /home/sergio/ros2_ws/install/p1_ej2_interface/include/p1_ej2_interface/p1_ej2_interface/msg/detail/sensor__builder.hpp
[2.014s] -- Up-to-date: /home/sergio/ros2_ws/install/p1_ej2_interface/include/p1_ej2_interface/p1_ej2_interface/msg/detail/sensor__type_support.hpp
[2.014s] -- Up-to-date: /home/sergio/ros2_ws/install/p1_ej2_interface/include/p1_ej2_interface/p1_ej2_interface/msg/detail/filtered_sensor__struct.hpp
[2.014s] -- Up-to-date: /home/sergio/ros2_ws/install/p1_ej2_interface/include/p1_ej2_interface/p1_ej2_interface/msg/sensor.hpp
[2.014s] -- Up-to-date: /home/sergio/ros2_ws/install/p1_ej2_interface/include/p1_ej2_interface/p1_ej2_interface
[2.014s] -- Up-to-date: /home/sergio/ros2_ws/install/p1_ej2_interface/include/p1_ej2_interface/p1_ej2_interface/msg
[2.014s] -- Up-to-date: /home/sergio/ros2_ws/install/p1_ej2_interface/include/p1_ej2_interface/p1_ej2_interface/msg/detail
[2.014s] -- Up-to-date: /home/sergio/ros2_ws/install/p1_ej2_interface/include/p1_ej2_interface/p1_ej2_interface/msg/detail/dds_fastrtps
[2.014s] -- Up-to-date: /home/sergio/ros2_ws/install/p1_ej2_interface/include/p1_ej2_interface/p1_ej2_interface/msg/detail/sensor__rosidl_typesupport_fastrtps_cpp.hpp
[2.015s] -- Up-to-date: /home/sergio/ros2_ws/install/p1_ej2_interface/include/p1_ej2_interface/p1_ej2_interface/msg/detail/filtered_sensor__rosidl_typesupport_fastrtps_cpp.hpp
[2.015s] -- Up-to-date: /home/sergio/ros2_ws/install/p1_ej2_interface/include/p1_ej2_interface/p1_ej2_interface/msg/rosidl_typesupport_fastrtps_cpp__visibility_control.h
[2.015s] -- Up-to-date: /home/sergio/ros2_ws/install/p1_ej2_interface/lib/libp1_ej2_interface__rosidl_typesupport_fastrtps_cpp.so
[2.015s] -- Up-to-date: /home/sergio/ros2_ws/install/p1_ej2_interface/include/p1_ej2_interface/p1_ej2_interface
[2.015s] -- Up-to-date: /home/sergio/ros2_ws/install/p1_ej2_interface/include/p1_ej2_interface/p1_ej2_interface/msg
[2.015s] -- Up-to-date: /home/sergio/ros2_ws/install/p1_ej2_interface/include/p1_ej2_interface/p1_ej2_interface/msg/detail
[2.015s] -- Up-to-date: /home/sergio/ros2_ws/install/p1_ej2_interface/include/p1_ej2_interface/p1_ej2_interface/msg/detail/sensor__rosidl_typesupport_introspection_cpp.hpp
[2.015s] -- Up-to-date: /home/sergio/ros2_ws/install/p1_ej2_interface/include/p1_ej2_interface/p1_ej2_interface/msg/detail/sensor__type_support.cpp
[2.015s] -- Up-to-date: /home/sergio/ros2_ws/install/p1_ej2_interface/include/p1_ej2_interface/p1_ej2_interface/msg/detail/filtered_sensor__rosidl_typesupport_introspection_cpp.hpp
[2.016s] -- Up-to-date: /home/sergio/ros2_ws/install/p1_ej2_interface/include/p1_ej2_interface/p1_ej2_interface/msg/detail/filtered_sensor__type_support.cpp
[2.016s] -- Up-to-date: /home/sergio/ros2_ws/install/p1_ej2_interface/lib/libp1_ej2_interface__rosidl_typesupport_introspection_cpp.so
[2.016s] -- Up-to-date: /home/sergio/ros2_ws/install/p1_ej2_interface/lib/libp1_ej2_interface__rosidl_typesupport_cpp.so
[2.016s] -- Up-to-date: /home/sergio/ros2_ws/install/p1_ej2_interface/share/p1_ej2_interface/environment/pythonpath.sh
[2.016s] -- Up-to-date: /home/sergio/ros2_ws/install/p1_ej2_interface/share/p1_ej2_interface/environment/pythonpath.dsv
[2.016s] -- Up-to-date: /home/sergio/ros2_ws/install/p1_ej2_interface/local/lib/python3.10/dist-packages/p1_ej2_interface-0.0.0-py3.10.egg-info
[2.016s] -- Installing: /home/sergio/ros2_ws/install/p1_ej2_interface/local/lib/python3.10/dist-packages/p1_ej2_interface-0.0.0-py3.10.egg-info/PKG-INFO
[2.016s] -- Installing: /home/sergio/ros2_ws/install/p1_ej2_interface/local/lib/python3.10/dist-packages/p1_ej2_interface-0.0.0-py3.10.egg-info/SOURCES.txt
[2.016s] -- Installing: /home/sergio/ros2_ws/install/p1_ej2_interface/local/lib/python3.10/dist-packages/p1_ej2_interface-0.0.0-py3.10.egg-info/top_level.txt
[2.016s] -- Installing: /home/sergio/ros2_ws/install/p1_ej2_interface/local/lib/python3.10/dist-packages/p1_ej2_interface-0.0.0-py3.10.egg-info/dependency_links.txt
[2.017s] -- Up-to-date: /home/sergio/ros2_ws/install/p1_ej2_interface/local/lib/python3.10/dist-packages/p1_ej2_interface
[2.017s] -- Up-to-date: /home/sergio/ros2_ws/install/p1_ej2_interface/local/lib/python3.10/dist-packages/p1_ej2_interface/msg
[2.017s] -- Up-to-date: /home/sergio/ros2_ws/install/p1_ej2_interface/local/lib/python3.10/dist-packages/p1_ej2_interface/msg/__init__.py
[2.017s] -- Up-to-date: /home/sergio/ros2_ws/install/p1_ej2_interface/local/lib/python3.10/dist-packages/p1_ej2_interface/msg/_filtered_sensor_s.c
[2.017s] -- Up-to-date: /home/sergio/ros2_ws/install/p1_ej2_interface/local/lib/python3.10/dist-packages/p1_ej2_interface/msg/_filtered_sensor.py
[2.017s] -- Up-to-date: /home/sergio/ros2_ws/install/p1_ej2_interface/local/lib/python3.10/dist-packages/p1_ej2_interface/msg/_sensor.py
[2.017s] -- Up-to-date: /home/sergio/ros2_ws/install/p1_ej2_interface/local/lib/python3.10/dist-packages/p1_ej2_interface/msg/_sensor_s.c
[2.017s] -- Up-to-date: /home/sergio/ros2_ws/install/p1_ej2_interface/local/lib/python3.10/dist-packages/p1_ej2_interface/__init__.py
[2.017s] -- Up-to-date: /home/sergio/ros2_ws/install/p1_ej2_interface/local/lib/python3.10/dist-packages/p1_ej2_interface/libp1_ej2_interface__rosidl_generator_py.so
[2.018s] -- Up-to-date: /home/sergio/ros2_ws/install/p1_ej2_interface/local/lib/python3.10/dist-packages/p1_ej2_interface/p1_ej2_interface_s__rosidl_typesupport_c.cpython-310-x86_64-linux-gnu.so
[2.018s] -- Up-to-date: /home/sergio/ros2_ws/install/p1_ej2_interface/local/lib/python3.10/dist-packages/p1_ej2_interface/_p1_ej2_interface_s.ep.rosidl_typesupport_fastrtps_c.c
[2.018s] -- Up-to-date: /home/sergio/ros2_ws/install/p1_ej2_interface/local/lib/python3.10/dist-packages/p1_ej2_interface/_p1_ej2_interface_s.ep.rosidl_typesupport_introspection_c.c
[2.018s] -- Up-to-date: /home/sergio/ros2_ws/install/p1_ej2_interface/local/lib/python3.10/dist-packages/p1_ej2_interface/p1_ej2_interface_s__rosidl_typesupport_fastrtps_c.cpython-310-x86_64-linux-gnu.so
[2.018s] -- Up-to-date: /home/sergio/ros2_ws/install/p1_ej2_interface/local/lib/python3.10/dist-packages/p1_ej2_interface/_p1_ej2_interface_s.ep.rosidl_typesupport_c.c
[2.018s] -- Up-to-date: /home/sergio/ros2_ws/install/p1_ej2_interface/local/lib/python3.10/dist-packages/p1_ej2_interface/p1_ej2_interface_s__rosidl_typesupport_introspection_c.cpython-310-x86_64-linux-gnu.so
[2.105s] Listing '/home/sergio/ros2_ws/install/p1_ej2_interface/local/lib/python3.10/dist-packages/p1_ej2_interface'...
[2.105s] Listing '/home/sergio/ros2_ws/install/p1_ej2_interface/local/lib/python3.10/dist-packages/p1_ej2_interface/msg'...
[2.114s] -- Up-to-date: /home/sergio/ros2_ws/install/p1_ej2_interface/local/lib/python3.10/dist-packages/p1_ej2_interface/p1_ej2_interface_s__rosidl_typesupport_fastrtps_c.cpython-310-x86_64-linux-gnu.so
[2.115s] -- Up-to-date: /home/sergio/ros2_ws/install/p1_ej2_interface/local/lib/python3.10/dist-packages/p1_ej2_interface/p1_ej2_interface_s__rosidl_typesupport_introspection_c.cpython-310-x86_64-linux-gnu.so
[2.115s] -- Up-to-date: /home/sergio/ros2_ws/install/p1_ej2_interface/local/lib/python3.10/dist-packages/p1_ej2_interface/p1_ej2_interface_s__rosidl_typesupport_c.cpython-310-x86_64-linux-gnu.so
[2.116s] -- Up-to-date: /home/sergio/ros2_ws/install/p1_ej2_interface/lib/libp1_ej2_interface__rosidl_generator_py.so
[2.117s] -- Up-to-date: /home/sergio/ros2_ws/install/p1_ej2_interface/share/p1_ej2_interface/msg/Sensor.idl
[2.117s] -- Up-to-date: /home/sergio/ros2_ws/install/p1_ej2_interface/share/p1_ej2_interface/msg/FilteredSensor.idl
[2.117s] -- Up-to-date: /home/sergio/ros2_ws/install/p1_ej2_interface/share/p1_ej2_interface/msg/Sensor.msg
[2.118s] -- Up-to-date: /home/sergio/ros2_ws/install/p1_ej2_interface/share/p1_ej2_interface/msg/FilteredSensor.msg
[2.118s] -- Up-to-date: /home/sergio/ros2_ws/install/p1_ej2_interface/share/p1_ej2_interface/launch
[2.118s] -- Up-to-date: /home/sergio/ros2_ws/install/p1_ej2_interface/share/p1_ej2_interface/launch/mi_launch.launch.py
[2.118s] -- Up-to-date: /home/sergio/ros2_ws/install/p1_ej2_interface/share/p1_ej2_interface/launch/__pycache__
[2.118s] -- Up-to-date: /home/sergio/ros2_ws/install/p1_ej2_interface/share/p1_ej2_interface/launch/__pycache__/mi_launch.cpython-310.pyc
[2.118s] -- Up-to-date: /home/sergio/ros2_ws/install/p1_ej2_interface/share/p1_ej2_interface/launch/launch2.py
[2.119s] -- Up-to-date: /home/sergio/ros2_ws/install/p1_ej2_interface/share/ament_index/resource_index/package_run_dependencies/p1_ej2_interface
[2.119s] -- Up-to-date: /home/sergio/ros2_ws/install/p1_ej2_interface/share/ament_index/resource_index/parent_prefix_path/p1_ej2_interface
[2.119s] -- Up-to-date: /home/sergio/ros2_ws/install/p1_ej2_interface/share/p1_ej2_interface/environment/ament_prefix_path.sh
[2.119s] -- Up-to-date: /home/sergio/ros2_ws/install/p1_ej2_interface/share/p1_ej2_interface/environment/ament_prefix_path.dsv
[2.119s] -- Up-to-date: /home/sergio/ros2_ws/install/p1_ej2_interface/share/p1_ej2_interface/environment/path.sh
[2.119s] -- Up-to-date: /home/sergio/ros2_ws/install/p1_ej2_interface/share/p1_ej2_interface/environment/path.dsv
[2.120s] -- Up-to-date: /home/sergio/ros2_ws/install/p1_ej2_interface/share/p1_ej2_interface/local_setup.bash
[2.120s] -- Up-to-date: /home/sergio/ros2_ws/install/p1_ej2_interface/share/p1_ej2_interface/local_setup.sh
[2.120s] -- Up-to-date: /home/sergio/ros2_ws/install/p1_ej2_interface/share/p1_ej2_interface/local_setup.zsh
[2.120s] -- Up-to-date: /home/sergio/ros2_ws/install/p1_ej2_interface/share/p1_ej2_interface/local_setup.dsv
[2.121s] -- Installing: /home/sergio/ros2_ws/install/p1_ej2_interface/share/p1_ej2_interface/package.dsv
[2.121s] -- Up-to-date: /home/sergio/ros2_ws/install/p1_ej2_interface/share/ament_index/resource_index/packages/p1_ej2_interface
[2.121s] -- Up-to-date: /home/sergio/ros2_ws/install/p1_ej2_interface/share/p1_ej2_interface/cmake/export_p1_ej2_interface__rosidl_generator_cExport.cmake
[2.121s] -- Up-to-date: /home/sergio/ros2_ws/install/p1_ej2_interface/share/p1_ej2_interface/cmake/export_p1_ej2_interface__rosidl_generator_cExport-noconfig.cmake
[2.121s] -- Up-to-date: /home/sergio/ros2_ws/install/p1_ej2_interface/share/p1_ej2_interface/cmake/export_p1_ej2_interface__rosidl_typesupport_fastrtps_cExport.cmake
[2.121s] -- Up-to-date: /home/sergio/ros2_ws/install/p1_ej2_interface/share/p1_ej2_interface/cmake/export_p1_ej2_interface__rosidl_typesupport_fastrtps_cExport-noconfig.cmake
[2.121s] -- Up-to-date: /home/sergio/ros2_ws/install/p1_ej2_interface/share/p1_ej2_interface/cmake/p1_ej2_interface__rosidl_typesupport_introspection_cExport.cmake
[2.125s] -- Up-to-date: /home/sergio/ros2_ws/install/p1_ej2_interface/share/p1_ej2_interface/cmake/p1_ej2_interface__rosidl_typesupport_introspection_cExport-noconfig.cmake
[2.125s] -- Up-to-date: /home/sergio/ros2_ws/install/p1_ej2_interface/share/p1_ej2_interface/cmake/p1_ej2_interface__rosidl_typesupport_cExport.cmake
[2.125s] -- Up-to-date: /home/sergio/ros2_ws/install/p1_ej2_interface/share/p1_ej2_interface/cmake/p1_ej2_interface__rosidl_typesupport_cExport-noconfig.cmake
[2.126s] -- Up-to-date: /home/sergio/ros2_ws/install/p1_ej2_interface/share/p1_ej2_interface/cmake/export_p1_ej2_interface__rosidl_generator_cppExport.cmake
[2.126s] -- Up-to-date: /home/sergio/ros2_ws/install/p1_ej2_interface/share/p1_ej2_interface/cmake/export_p1_ej2_interface__rosidl_typesupport_fastrtps_cppExport.cmake
[2.126s] -- Up-to-date: /home/sergio/ros2_ws/install/p1_ej2_interface/share/p1_ej2_interface/cmake/export_p1_ej2_interface__rosidl_typesupport_fastrtps_cppExport-noconfig.cmake
[2.126s] -- Up-to-date: /home/sergio/ros2_ws/install/p1_ej2_interface/share/p1_ej2_interface/cmake/p1_ej2_interface__rosidl_typesupport_introspection_cppExport.cmake
[2.126s] -- Up-to-date: /home/sergio/ros2_ws/install/p1_ej2_interface/share/p1_ej2_interface/cmake/p1_ej2_interface__rosidl_typesupport_introspection_cppExport-noconfig.cmake
[2.126s] -- Up-to-date: /home/sergio/ros2_ws/install/p1_ej2_interface/share/p1_ej2_interface/cmake/p1_ej2_interface__rosidl_typesupport_cppExport.cmake
[2.127s] -- Up-to-date: /home/sergio/ros2_ws/install/p1_ej2_interface/share/p1_ej2_interface/cmake/p1_ej2_interface__rosidl_typesupport_cppExport-noconfig.cmake
[2.127s] -- Up-to-date: /home/sergio/ros2_ws/install/p1_ej2_interface/share/p1_ej2_interface/cmake/export_p1_ej2_interface__rosidl_generator_pyExport.cmake
[2.127s] -- Up-to-date: /home/sergio/ros2_ws/install/p1_ej2_interface/share/p1_ej2_interface/cmake/export_p1_ej2_interface__rosidl_generator_pyExport-noconfig.cmake
[2.128s] -- Up-to-date: /home/sergio/ros2_ws/install/p1_ej2_interface/share/p1_ej2_interface/cmake/rosidl_cmake-extras.cmake
[2.128s] -- Up-to-date: /home/sergio/ros2_ws/install/p1_ej2_interface/share/p1_ej2_interface/cmake/ament_cmake_export_include_directories-extras.cmake
[2.128s] -- Up-to-date: /home/sergio/ros2_ws/install/p1_ej2_interface/share/p1_ej2_interface/cmake/ament_cmake_export_libraries-extras.cmake
[2.128s] -- Up-to-date: /home/sergio/ros2_ws/install/p1_ej2_interface/share/p1_ej2_interface/cmake/ament_cmake_export_targets-extras.cmake
[2.128s] -- Up-to-date: /home/sergio/ros2_ws/install/p1_ej2_interface/share/p1_ej2_interface/cmake/rosidl_cmake_export_typesupport_targets-extras.cmake
[2.128s] -- Up-to-date: /home/sergio/ros2_ws/install/p1_ej2_interface/share/p1_ej2_interface/cmake/ament_cmake_export_dependencies-extras.cmake
[2.128s] -- Up-to-date: /home/sergio/ros2_ws/install/p1_ej2_interface/share/p1_ej2_interface/cmake/rosidl_cmake_export_typesupport_libraries-extras.cmake
[2.129s] -- Up-to-date: /home/sergio/ros2_ws/install/p1_ej2_interface/share/p1_ej2_interface/cmake/p1_ej2_interfaceConfig.cmake
[2.129s] -- Up-to-date: /home/sergio/ros2_ws/install/p1_ej2_interface/share/p1_ej2_interface/cmake/p1_ej2_interfaceConfig-version.cmake
[2.129s] -- Up-to-date: /home/sergio/ros2_ws/install/p1_ej2_interface/share/p1_ej2_interface/package.xml
[2.140s] Invoked command in '/home/sergio/ros2_ws/build/p1_ej2_interface' returned '0': AMENT_PREFIX_PATH=/home/sergio/ros2_ws/install/p1_ej2_nodos_sensor:/home/sergio/ros2_ws/install/p1_ej2_nodo4:/home/sergio/ros2_ws/install/trr_robot_ps:/home/sergio/ros2_ws/install/trr_robot:/home/sergio/ros2_ws/install/stage_worlds:/home/sergio/ros2_ws/install/stage_ros2:/home/sergio/ros2_ws/install/moveit_task_constructor_visualization:/home/sergio/ros2_ws/install/moveit_task_constructor_demo:/home/sergio/ros2_ws/install/moveit_task_constructor_capabilities:/home/sergio/ros2_ws/install/moveit2_tutorials:/home/sergio/ros2_ws/install/moveit_task_constructor_core:/home/sergio/ros2_ws/install/rviz_marker_tools:/home/sergio/ros2_ws/install/robot_nav:/home/sergio/ros2_ws/install/robot_description:/home/sergio/ros2_ws/install/robot_autonomo:/home/sergio/ros2_ws/install/pico_control_pub:/home/sergio/ros2_ws/install/p2_ej3:/home/sergio/ros2_ws/install/p2_ej2:/home/sergio/ros2_ws/install/p1_ej3_servidor:/home/sergio/ros2_ws/install/p1_ej3_interface:/home/sergio/ros2_ws/install/p1_ej3_cliente:/home/sergio/ros2_ws/install/p1_ej2_interface:/home/sergio/ros2_ws/install/p1_ej2_nodo5:/home/sergio/ros2_ws/install/nodo_adc_sub:/home/sergio/ros2_ws/install/navigation_tb3:/home/sergio/ros2_ws/install/my_stage_mover:/home/sergio/ros2_ws/install/my_package:/home/sergio/ros2_ws/install/moveit_task_constructor_msgs:/home/sergio/ros2_ws/install/moveit_resources:/home/sergio/ros2_ws/install/moveit_resources_pr2_description:/home/sergio/ros2_ws/install/moveit_resources_panda_moveit_config:/home/sergio/ros2_ws/install/moveit_resources_panda_description:/home/sergio/ros2_ws/install/moveit_resources_fanuc_moveit_config:/home/sergio/ros2_ws/install/moveit_resources_fanuc_description:/home/sergio/ros2_ws/install/mma_talker:/home/sergio/ros2_ws/install/mma_service:/home/sergio/ros2_ws/install/mma_listener:/home/sergio/ros2_ws/install/mma_interfaces:/home/sergio/ros2_ws/install/hello_moveit:/home/sergio/ros2_ws/install/ejercicio_tres_server:/home/sergio/ros2_ws/install/ejercicio_tres_interface:/home/sergio/ros2_ws/install/ejercicio_tres_client:/home/sergio/ros2_ws/install/ejercicio_dos:/home/sergio/ros2_ws/install/ejercicio1_pkg:/home/sergio/ros2_ws/install/ejemplo_uno:/home/sergio/ros2_ws/install/cam_viewer:/home/sergio/ros2_ws/install/auto_mover:/home/sergio/ros2_ws/install/P1_ej1_sub:/home/sergio/ros2_ws/install/P1_ej1_pub:/opt/ros/humble CMAKE_PREFIX_PATH=${CMAKE_PREFIX_PATH}:/home/sergio/ros2_ws/install/trr_robot_ps:/home/sergio/ros2_ws/install/robot_nav:/home/sergio/ros2_ws/install/robot_autonomo:/home/sergio/ros2_ws/install/pico_control_pub:/home/sergio/ros2_ws/install/p2_ej3:/home/sergio/ros2_ws/install/p1_ej3_servidor:/home/sergio/ros2_ws/install/p1_ej3_cliente:/home/sergio/ros2_ws/install/p1_ej2_nodos_sensor:/home/sergio/ros2_ws/install/p1_ej2_nodo5:/home/sergio/ros2_ws/install/p1_ej2_nodo4:/home/sergio/ros2_ws/install/nodo_adc_sub:/home/sergio/ros2_ws/install/my_stage_mover:/home/sergio/ros2_ws/install/my_package:/home/sergio/ros2_ws/install/mma_talker:/home/sergio/ros2_ws/install/mma_service:/home/sergio/ros2_ws/install/mma_listener:/home/sergio/ros2_ws/install/ejercicio_tres_server:/home/sergio/ros2_ws/install/ejercicio_tres_client:/home/sergio/ros2_ws/install/ejercicio_dos:/home/sergio/ros2_ws/install/ejercicio1_pkg:/home/sergio/ros2_ws/install/ejemplo_uno:/home/sergio/ros2_ws/install/cam_viewer:/home/sergio/ros2_ws/install/auto_mover:/home/sergio/ros2_ws/install/P1_ej1_sub:/home/sergio/ros2_ws/install/P1_ej1_pub:/opt/ros/humble PYTHONPATH=/home/sergio/ros2_ws/install/p1_ej2_nodos_sensor/lib/python3.10/site-packages:/home/sergio/ros2_ws/install/p1_ej2_nodo4/lib/python3.10/site-packages:/home/sergio/ros2_ws/install/trr_robot_ps/lib/python3.10/site-packages:/home/sergio/ros2_ws/install/moveit_task_constructor_core/local/lib/python3.10/dist-packages:/home/sergio/ros2_ws/install/robot_nav/lib/python3.10/site-packages:/home/sergio/ros2_ws/install/robot_autonomo/lib/python3.10/site-packages:/home/sergio/ros2_ws/install/pico_control_pub/lib/python3.10/site-packages:/home/sergio/ros2_ws/install/p2_ej3/lib/python3.10/site-packages:/home/sergio/ros2_ws/install/p1_ej3_servidor/lib/python3.10/site-packages:/home/sergio/ros2_ws/install/p1_ej3_interface/local/lib/python3.10/dist-packages:/home/sergio/ros2_ws/install/p1_ej3_cliente/lib/python3.10/site-packages:/home/sergio/ros2_ws/install/p1_ej2_interface/local/lib/python3.10/dist-packages:/home/sergio/ros2_ws/install/p1_ej2_nodo5/lib/python3.10/site-packages:/home/sergio/ros2_ws/install/nodo_adc_sub/lib/python3.10/site-packages:/home/sergio/ros2_ws/install/navigation_tb3/local/lib/python3.10/dist-packages:/home/sergio/ros2_ws/install/my_stage_mover/lib/python3.10/site-packages:/home/sergio/ros2_ws/install/my_package/lib/python3.10/site-packages:/home/sergio/ros2_ws/install/moveit_task_constructor_msgs/local/lib/python3.10/dist-packages:/home/sergio/ros2_ws/install/mma_talker/lib/python3.10/site-packages:/home/sergio/ros2_ws/install/mma_service/lib/python3.10/site-packages:/home/sergio/ros2_ws/install/mma_listener/lib/python3.10/site-packages:/home/sergio/ros2_ws/install/mma_interfaces/local/lib/python3.10/dist-packages:/home/sergio/ros2_ws/install/ejercicio_tres_server/lib/python3.10/site-packages:/home/sergio/ros2_ws/install/ejercicio_tres_interface/local/lib/python3.10/dist-packages:/home/sergio/ros2_ws/install/ejercicio_tres_client/lib/python3.10/site-packages:/home/sergio/ros2_ws/install/ejercicio_dos/lib/python3.10/site-packages:/home/sergio/ros2_ws/install/ejercicio1_pkg/lib/python3.10/site-packages:/home/sergio/ros2_ws/install/ejemplo_uno/lib/python3.10/site-packages:/home/sergio/ros2_ws/install/cam_viewer/lib/python3.10/site-packages:/home/sergio/ros2_ws/install/auto_mover/lib/python3.10/site-packages:/home/sergio/ros2_ws/install/P1_ej1_sub/lib/python3.10/site-packages:/home/sergio/ros2_ws/install/P1_ej1_pub/lib/python3.10/site-packages:/opt/ros/humble/lib/python3.10/site-packages:/opt/ros/humble/local/lib/python3.10/dist-packages /usr/bin/cmake --install /home/sergio/ros2_ws/build/p1_ej2_interface
