[6.804s] Invoking command in '/home/sergio/ros2_ws/src/ejercicio_tres_server': PYTHONPATH=/home/sergio/ros2_ws/build/ejercicio_tres_server/prefix_override:/usr/lib/python3/dist-packages/colcon_core/task/python/colcon_distutils_commands:/home/sergio/ros2_ws/install/ejercicio_tres_server/lib/python3.10/site-packages:${PYTHONPATH} /usr/bin/python3 -W ignore:setup.py install is deprecated -W ignore:easy_install command is deprecated setup.py egg_info --egg-base ../../build/ejercicio_tres_server build --build-base /home/sergio/ros2_ws/build/ejercicio_tres_server/build install --record /home/sergio/ros2_ws/build/ejercicio_tres_server/install.log --single-version-externally-managed install_data
[8.085s] running egg_info
[8.085s] writing ../../build/ejercicio_tres_server/ejercicio_tres_server.egg-info/PKG-INFO
[8.085s] writing dependency_links to ../../build/ejercicio_tres_server/ejercicio_tres_server.egg-info/dependency_links.txt
[8.085s] writing entry points to ../../build/ejercicio_tres_server/ejercicio_tres_server.egg-info/entry_points.txt
[8.085s] writing requirements to ../../build/ejercicio_tres_server/ejercicio_tres_server.egg-info/requires.txt
[8.086s] writing top-level names to ../../build/ejercicio_tres_server/ejercicio_tres_server.egg-info/top_level.txt
[8.090s] reading manifest file '../../build/ejercicio_tres_server/ejercicio_tres_server.egg-info/SOURCES.txt'
[8.092s] writing manifest file '../../build/ejercicio_tres_server/ejercicio_tres_server.egg-info/SOURCES.txt'
[8.092s] running build
[8.092s] running build_py
[8.093s] running install
[8.094s] running install_lib
[8.098s] running install_data
[8.102s] running install_egg_info
[8.103s] removing '/home/sergio/ros2_ws/install/ejercicio_tres_server/lib/python3.10/site-packages/ejercicio_tres_server-0.0.0-py3.10.egg-info' (and everything under it)
[8.106s] Copying ../../build/ejercicio_tres_server/ejercicio_tres_server.egg-info to /home/sergio/ros2_ws/install/ejercicio_tres_server/lib/python3.10/site-packages/ejercicio_tres_server-0.0.0-py3.10.egg-info
[8.107s] running install_scripts
[8.154s] Installing midpoint_server script to /home/sergio/ros2_ws/install/ejercicio_tres_server/lib/ejercicio_tres_server
[8.157s] writing list of installed files to '/home/sergio/ros2_ws/build/ejercicio_tres_server/install.log'
[9.718s] Invoked command in '/home/sergio/ros2_ws/src/ejercicio_tres_server' returned '0': PYTHONPATH=/home/sergio/ros2_ws/build/ejercicio_tres_server/prefix_override:/usr/lib/python3/dist-packages/colcon_core/task/python/colcon_distutils_commands:/home/sergio/ros2_ws/install/ejercicio_tres_server/lib/python3.10/site-packages:${PYTHONPATH} /usr/bin/python3 -W ignore:setup.py install is deprecated -W ignore:easy_install command is deprecated setup.py egg_info --egg-base ../../build/ejercicio_tres_server build --build-base /home/sergio/ros2_ws/build/ejercicio_tres_server/build install --record /home/sergio/ros2_ws/build/ejercicio_tres_server/install.log --single-version-externally-managed install_data
