[5.077s] Invoking command in '/home/sergio/ros2_ws/src/mma_service': PYTHONPATH=/home/sergio/ros2_ws/build/mma_service/prefix_override:/usr/lib/python3/dist-packages/colcon_core/task/python/colcon_distutils_commands:/home/sergio/ros2_ws/install/mma_service/lib/python3.10/site-packages:${PYTHONPATH} /usr/bin/python3 -W ignore:setup.py install is deprecated -W ignore:easy_install command is deprecated setup.py egg_info --egg-base ../../build/mma_service build --build-base /home/sergio/ros2_ws/build/mma_service/build install --record /home/sergio/ros2_ws/build/mma_service/install.log --single-version-externally-managed install_data
[6.214s] running egg_info
[6.215s] writing ../../build/mma_service/mma_service.egg-info/PKG-INFO
[6.215s] writing dependency_links to ../../build/mma_service/mma_service.egg-info/dependency_links.txt
[6.216s] writing entry points to ../../build/mma_service/mma_service.egg-info/entry_points.txt
[6.216s] writing requirements to ../../build/mma_service/mma_service.egg-info/requires.txt
[6.216s] writing top-level names to ../../build/mma_service/mma_service.egg-info/top_level.txt
[6.219s] reading manifest file '../../build/mma_service/mma_service.egg-info/SOURCES.txt'
[6.220s] writing manifest file '../../build/mma_service/mma_service.egg-info/SOURCES.txt'
[6.220s] running build
[6.221s] running build_py
[6.221s] running install
[6.221s] running install_lib
[6.221s] running install_data
[6.221s] running install_egg_info
[6.225s] removing '/home/sergio/ros2_ws/install/mma_service/lib/python3.10/site-packages/mma_service-0.0.0-py3.10.egg-info' (and everything under it)
[6.226s] Copying ../../build/mma_service/mma_service.egg-info to /home/sergio/ros2_ws/install/mma_service/lib/python3.10/site-packages/mma_service-0.0.0-py3.10.egg-info
[6.227s] running install_scripts
[6.302s] Installing fight_service script to /home/sergio/ros2_ws/install/mma_service/lib/mma_service
[6.302s] writing list of installed files to '/home/sergio/ros2_ws/build/mma_service/install.log'
[7.471s] Invoked command in '/home/sergio/ros2_ws/src/mma_service' returned '0': PYTHONPATH=/home/sergio/ros2_ws/build/mma_service/prefix_override:/usr/lib/python3/dist-packages/colcon_core/task/python/colcon_distutils_commands:/home/sergio/ros2_ws/install/mma_service/lib/python3.10/site-packages:${PYTHONPATH} /usr/bin/python3 -W ignore:setup.py install is deprecated -W ignore:easy_install command is deprecated setup.py egg_info --egg-base ../../build/mma_service build --build-base /home/sergio/ros2_ws/build/mma_service/build install --record /home/sergio/ros2_ws/build/mma_service/install.log --single-version-externally-managed install_data
