[3.923s] Invoking command in '/home/sergio/ros2_ws/src/p1_ej3_servidor': PYTHONPATH=/home/sergio/ros2_ws/build/p1_ej3_servidor/prefix_override:/home/sergio/.espressif/python_env/idf5.2_py3.10_env/lib/python3.10/site-packages/colcon_core/task/python/colcon_distutils_commands:/home/sergio/ros2_ws/install/p1_ej3_servidor/lib/python3.10/site-packages:${PYTHONPATH} /home/sergio/.espressif/python_env/idf5.2_py3.10_env/bin/python3 -W ignore:setup.py install is deprecated -W ignore:easy_install command is deprecated setup.py egg_info --egg-base ../../build/p1_ej3_servidor build --build-base /home/sergio/ros2_ws/build/p1_ej3_servidor/build install --record /home/sergio/ros2_ws/build/p1_ej3_servidor/install.log --single-version-externally-managed install_data
[4.488s] running egg_info
[4.515s] writing ../../build/p1_ej3_servidor/p1_ej3_servidor.egg-info/PKG-INFO
[4.515s] writing dependency_links to ../../build/p1_ej3_servidor/p1_ej3_servidor.egg-info/dependency_links.txt
[4.516s] writing entry points to ../../build/p1_ej3_servidor/p1_ej3_servidor.egg-info/entry_points.txt
[4.517s] writing requirements to ../../build/p1_ej3_servidor/p1_ej3_servidor.egg-info/requires.txt
[4.517s] writing top-level names to ../../build/p1_ej3_servidor/p1_ej3_servidor.egg-info/top_level.txt
[4.576s] reading manifest file '../../build/p1_ej3_servidor/p1_ej3_servidor.egg-info/SOURCES.txt'
[4.584s] writing manifest file '../../build/p1_ej3_servidor/p1_ej3_servidor.egg-info/SOURCES.txt'
[4.584s] running build
[4.584s] running build_py
[4.584s] copying p1_ej3_servidor/__init__.py -> /home/sergio/ros2_ws/build/p1_ej3_servidor/build/lib/p1_ej3_servidor
[4.584s] copying p1_ej3_servidor/servidor.py -> /home/sergio/ros2_ws/build/p1_ej3_servidor/build/lib/p1_ej3_servidor
[4.585s] running install
[4.589s] running install_lib
[4.616s] running install_data
[4.616s] copying resource/p1_ej3_servidor -> /home/sergio/ros2_ws/install/p1_ej3_servidor/share/ament_index/resource_index/packages
[4.617s] copying package.xml -> /home/sergio/ros2_ws/install/p1_ej3_servidor/share/p1_ej3_servidor
[4.617s] running install_egg_info
[4.646s] removing '/home/sergio/ros2_ws/install/p1_ej3_servidor/lib/python3.10/site-packages/p1_ej3_servidor-0.0.0-py3.10.egg-info' (and everything under it)
[4.657s] Copying ../../build/p1_ej3_servidor/p1_ej3_servidor.egg-info to /home/sergio/ros2_ws/install/p1_ej3_servidor/lib/python3.10/site-packages/p1_ej3_servidor-0.0.0-py3.10.egg-info
[4.657s] running install_scripts
[4.880s] Installing servidor script to /home/sergio/ros2_ws/install/p1_ej3_servidor/lib/p1_ej3_servidor
[4.881s] writing list of installed files to '/home/sergio/ros2_ws/build/p1_ej3_servidor/install.log'
[4.969s] Invoked command in '/home/sergio/ros2_ws/src/p1_ej3_servidor' returned '0': PYTHONPATH=/home/sergio/ros2_ws/build/p1_ej3_servidor/prefix_override:/home/sergio/.espressif/python_env/idf5.2_py3.10_env/lib/python3.10/site-packages/colcon_core/task/python/colcon_distutils_commands:/home/sergio/ros2_ws/install/p1_ej3_servidor/lib/python3.10/site-packages:${PYTHONPATH} /home/sergio/.espressif/python_env/idf5.2_py3.10_env/bin/python3 -W ignore:setup.py install is deprecated -W ignore:easy_install command is deprecated setup.py egg_info --egg-base ../../build/p1_ej3_servidor build --build-base /home/sergio/ros2_ws/build/p1_ej3_servidor/build install --record /home/sergio/ros2_ws/build/p1_ej3_servidor/install.log --single-version-externally-managed install_data
