[1.337s] Invoking command in '/home/sergio/ros2_ws/src/mma_service': PYTHONPATH=/home/sergio/ros2_ws/src/build/mma_service/prefix_override:/usr/lib/python3/dist-packages/colcon_core/task/python/colcon_distutils_commands:/home/sergio/ros2_ws/src/install/mma_service/lib/python3.10/site-packages:${PYTHONPATH} /usr/bin/python3 -W ignore:setup.py install is deprecated -W ignore:easy_install command is deprecated setup.py egg_info --egg-base ../build/mma_service build --build-base /home/sergio/ros2_ws/src/build/mma_service/build install --record /home/sergio/ros2_ws/src/build/mma_service/install.log --single-version-externally-managed install_data
[1.554s] running egg_info
[1.555s] creating ../build/mma_service/mma_service.egg-info
[1.555s] writing ../build/mma_service/mma_service.egg-info/PKG-INFO
[1.556s] writing dependency_links to ../build/mma_service/mma_service.egg-info/dependency_links.txt
[1.556s] writing entry points to ../build/mma_service/mma_service.egg-info/entry_points.txt
[1.556s] writing requirements to ../build/mma_service/mma_service.egg-info/requires.txt
[1.556s] writing top-level names to ../build/mma_service/mma_service.egg-info/top_level.txt
[1.557s] writing manifest file '../build/mma_service/mma_service.egg-info/SOURCES.txt'
[1.558s] reading manifest file '../build/mma_service/mma_service.egg-info/SOURCES.txt'
[1.560s] writing manifest file '../build/mma_service/mma_service.egg-info/SOURCES.txt'
[1.561s] running build
[1.561s] running build_py
[1.561s] creating /home/sergio/ros2_ws/src/build/mma_service/build
[1.561s] creating /home/sergio/ros2_ws/src/build/mma_service/build/lib
[1.561s] creating /home/sergio/ros2_ws/src/build/mma_service/build/lib/mma_service
[1.561s] copying mma_service/fight_service.py -> /home/sergio/ros2_ws/src/build/mma_service/build/lib/mma_service
[1.561s] copying mma_service/__init__.py -> /home/sergio/ros2_ws/src/build/mma_service/build/lib/mma_service
[1.562s] running install
[1.562s] running install_lib
[1.562s] creating /home/sergio/ros2_ws/src/install/mma_service/lib/python3.10/site-packages/mma_service
[1.562s] copying /home/sergio/ros2_ws/src/build/mma_service/build/lib/mma_service/fight_service.py -> /home/sergio/ros2_ws/src/install/mma_service/lib/python3.10/site-packages/mma_service
[1.562s] copying /home/sergio/ros2_ws/src/build/mma_service/build/lib/mma_service/__init__.py -> /home/sergio/ros2_ws/src/install/mma_service/lib/python3.10/site-packages/mma_service
[1.562s] byte-compiling /home/sergio/ros2_ws/src/install/mma_service/lib/python3.10/site-packages/mma_service/fight_service.py to fight_service.cpython-310.pyc
[1.562s] byte-compiling /home/sergio/ros2_ws/src/install/mma_service/lib/python3.10/site-packages/mma_service/__init__.py to __init__.cpython-310.pyc
[1.563s] running install_data
[1.563s] creating /home/sergio/ros2_ws/src/install/mma_service/share/ament_index
[1.563s] creating /home/sergio/ros2_ws/src/install/mma_service/share/ament_index/resource_index
[1.563s] creating /home/sergio/ros2_ws/src/install/mma_service/share/ament_index/resource_index/packages
[1.563s] copying resource/mma_service -> /home/sergio/ros2_ws/src/install/mma_service/share/ament_index/resource_index/packages
[1.563s] copying package.xml -> /home/sergio/ros2_ws/src/install/mma_service/share/mma_service
[1.563s] running install_egg_info
[1.564s] Copying ../build/mma_service/mma_service.egg-info to /home/sergio/ros2_ws/src/install/mma_service/lib/python3.10/site-packages/mma_service-0.0.0-py3.10.egg-info
[1.565s] running install_scripts
[1.580s] Installing fight_service script to /home/sergio/ros2_ws/src/install/mma_service/lib/mma_service
[1.580s] writing list of installed files to '/home/sergio/ros2_ws/src/build/mma_service/install.log'
[1.624s] Invoked command in '/home/sergio/ros2_ws/src/mma_service' returned '0': PYTHONPATH=/home/sergio/ros2_ws/src/build/mma_service/prefix_override:/usr/lib/python3/dist-packages/colcon_core/task/python/colcon_distutils_commands:/home/sergio/ros2_ws/src/install/mma_service/lib/python3.10/site-packages:${PYTHONPATH} /usr/bin/python3 -W ignore:setup.py install is deprecated -W ignore:easy_install command is deprecated setup.py egg_info --egg-base ../build/mma_service build --build-base /home/sergio/ros2_ws/src/build/mma_service/build install --record /home/sergio/ros2_ws/src/build/mma_service/install.log --single-version-externally-managed install_data
