[2.876s] Invoking command in '/home/sergio/ros2_ws/src/nodo_adc_sub': PYTHONPATH=/home/sergio/ros2_ws/build/nodo_adc_sub/prefix_override:/usr/lib/python3/dist-packages/colcon_core/task/python/colcon_distutils_commands:/home/sergio/ros2_ws/install/nodo_adc_sub/lib/python3.10/site-packages:${PYTHONPATH} /usr/bin/python3 -W ignore:setup.py install is deprecated -W ignore:easy_install command is deprecated setup.py egg_info --egg-base ../../build/nodo_adc_sub build --build-base /home/sergio/ros2_ws/build/nodo_adc_sub/build install --record /home/sergio/ros2_ws/build/nodo_adc_sub/install.log --single-version-externally-managed install_data
[3.720s] running egg_info
[3.721s] writing ../../build/nodo_adc_sub/nodo_adc_sub.egg-info/PKG-INFO
[3.722s] writing dependency_links to ../../build/nodo_adc_sub/nodo_adc_sub.egg-info/dependency_links.txt
[3.722s] writing entry points to ../../build/nodo_adc_sub/nodo_adc_sub.egg-info/entry_points.txt
[3.722s] writing requirements to ../../build/nodo_adc_sub/nodo_adc_sub.egg-info/requires.txt
[3.722s] writing top-level names to ../../build/nodo_adc_sub/nodo_adc_sub.egg-info/top_level.txt
[3.726s] reading manifest file '../../build/nodo_adc_sub/nodo_adc_sub.egg-info/SOURCES.txt'
[3.731s] writing manifest file '../../build/nodo_adc_sub/nodo_adc_sub.egg-info/SOURCES.txt'
[3.731s] running build
[3.731s] running build_py
[3.731s] running install
[3.731s] running install_lib
[3.734s] running install_data
[3.735s] running install_egg_info
[3.743s] removing '/home/sergio/ros2_ws/install/nodo_adc_sub/lib/python3.10/site-packages/nodo_adc_sub-0.0.0-py3.10.egg-info' (and everything under it)
[3.743s] Copying ../../build/nodo_adc_sub/nodo_adc_sub.egg-info to /home/sergio/ros2_ws/install/nodo_adc_sub/lib/python3.10/site-packages/nodo_adc_sub-0.0.0-py3.10.egg-info
[3.747s] running install_scripts
[3.799s] Installing subscriber_adc script to /home/sergio/ros2_ws/install/nodo_adc_sub/lib/nodo_adc_sub
[3.799s] writing list of installed files to '/home/sergio/ros2_ws/build/nodo_adc_sub/install.log'
[3.854s] Invoked command in '/home/sergio/ros2_ws/src/nodo_adc_sub' returned '0': PYTHONPATH=/home/sergio/ros2_ws/build/nodo_adc_sub/prefix_override:/usr/lib/python3/dist-packages/colcon_core/task/python/colcon_distutils_commands:/home/sergio/ros2_ws/install/nodo_adc_sub/lib/python3.10/site-packages:${PYTHONPATH} /usr/bin/python3 -W ignore:setup.py install is deprecated -W ignore:easy_install command is deprecated setup.py egg_info --egg-base ../../build/nodo_adc_sub build --build-base /home/sergio/ros2_ws/build/nodo_adc_sub/build install --record /home/sergio/ros2_ws/build/nodo_adc_sub/install.log --single-version-externally-managed install_data
