[3.252s] Invoking command in '/home/sergio/ros2_ws/src/my_package': PYTHONPATH=/home/sergio/ros2_ws/build/my_package/prefix_override:/home/sergio/.espressif/python_env/idf5.2_py3.10_env/lib/python3.10/site-packages/colcon_core/task/python/colcon_distutils_commands:/home/sergio/ros2_ws/install/my_package/lib/python3.10/site-packages:${PYTHONPATH} /home/sergio/.espressif/python_env/idf5.2_py3.10_env/bin/python3 -W ignore:setup.py install is deprecated -W ignore:easy_install command is deprecated setup.py egg_info --egg-base ../../build/my_package build --build-base /home/sergio/ros2_ws/build/my_package/build install --record /home/sergio/ros2_ws/build/my_package/install.log --single-version-externally-managed install_data
[3.834s] running egg_info
[3.863s] writing ../../build/my_package/my_package.egg-info/PKG-INFO
[3.863s] writing dependency_links to ../../build/my_package/my_package.egg-info/dependency_links.txt
[3.863s] writing entry points to ../../build/my_package/my_package.egg-info/entry_points.txt
[3.863s] writing requirements to ../../build/my_package/my_package.egg-info/requires.txt
[3.863s] writing top-level names to ../../build/my_package/my_package.egg-info/top_level.txt
[3.914s] reading manifest file '../../build/my_package/my_package.egg-info/SOURCES.txt'
[3.919s] writing manifest file '../../build/my_package/my_package.egg-info/SOURCES.txt'
[3.919s] running build
[3.919s] running build_py
[3.920s] copying my_package/my_node.py -> /home/sergio/ros2_ws/build/my_package/build/lib/my_package
[3.921s] copying my_package/__init__.py -> /home/sergio/ros2_ws/build/my_package/build/lib/my_package
[3.921s] running install
[3.935s] running install_lib
[3.962s] running install_data
[3.962s] copying resource/my_package -> /home/sergio/ros2_ws/install/my_package/share/ament_index/resource_index/packages
[3.962s] copying package.xml -> /home/sergio/ros2_ws/install/my_package/share/my_package
[3.963s] running install_egg_info
[3.989s] removing '/home/sergio/ros2_ws/install/my_package/lib/python3.10/site-packages/my_package-0.0.0-py3.10.egg-info' (and everything under it)
[3.990s] Copying ../../build/my_package/my_package.egg-info to /home/sergio/ros2_ws/install/my_package/lib/python3.10/site-packages/my_package-0.0.0-py3.10.egg-info
[3.992s] running install_scripts
[4.200s] Installing my_node script to /home/sergio/ros2_ws/install/my_package/lib/my_package
[4.201s] writing list of installed files to '/home/sergio/ros2_ws/build/my_package/install.log'
[4.616s] Invoked command in '/home/sergio/ros2_ws/src/my_package' returned '0': PYTHONPATH=/home/sergio/ros2_ws/build/my_package/prefix_override:/home/sergio/.espressif/python_env/idf5.2_py3.10_env/lib/python3.10/site-packages/colcon_core/task/python/colcon_distutils_commands:/home/sergio/ros2_ws/install/my_package/lib/python3.10/site-packages:${PYTHONPATH} /home/sergio/.espressif/python_env/idf5.2_py3.10_env/bin/python3 -W ignore:setup.py install is deprecated -W ignore:easy_install command is deprecated setup.py egg_info --egg-base ../../build/my_package build --build-base /home/sergio/ros2_ws/build/my_package/build install --record /home/sergio/ros2_ws/build/my_package/install.log --single-version-externally-managed install_data
