running egg_info
writing ../../build/mma_talker/mma_talker.egg-info/PKG-INFO
writing dependency_links to ../../build/mma_talker/mma_talker.egg-info/dependency_links.txt
writing entry points to ../../build/mma_talker/mma_talker.egg-info/entry_points.txt
writing requirements to ../../build/mma_talker/mma_talker.egg-info/requires.txt
writing top-level names to ../../build/mma_talker/mma_talker.egg-info/top_level.txt
reading manifest file '../../build/mma_talker/mma_talker.egg-info/SOURCES.txt'
writing manifest file '../../build/mma_talker/mma_talker.egg-info/SOURCES.txt'
running build
running build_py
copying mma_talker/mma_talker.py -> /home/sergio/ros2_ws/build/mma_talker/build/lib/mma_talker
copying mma_talker/__init__.py -> /home/sergio/ros2_ws/build/mma_talker/build/lib/mma_talker
copying mma_talker/talker.py -> /home/sergio/ros2_ws/build/mma_talker/build/lib/mma_talker
running install
running install_lib
running install_data
copying resource/mma_talker -> /home/sergio/ros2_ws/install/mma_talker/share/ament_index/resource_index/packages
copying package.xml -> /home/sergio/ros2_ws/install/mma_talker/share/mma_talker
running install_egg_info
removing '/home/sergio/ros2_ws/install/mma_talker/lib/python3.10/site-packages/mma_talker-0.0.0-py3.10.egg-info' (and everything under it)
Copying ../../build/mma_talker/mma_talker.egg-info to /home/sergio/ros2_ws/install/mma_talker/lib/python3.10/site-packages/mma_talker-0.0.0-py3.10.egg-info
running install_scripts
Installing mma_talker script to /home/sergio/ros2_ws/install/mma_talker/lib/mma_talker
Installing talker script to /home/sergio/ros2_ws/install/mma_talker/lib/mma_talker
writing list of installed files to '/home/sergio/ros2_ws/build/mma_talker/install.log'
