[1.963s] Invoking command in '/home/sergio/ros2_ws/src/mma_talker': PYTHONPATH=/home/sergio/ros2_ws/build/mma_talker/prefix_override:/usr/lib/python3/dist-packages/colcon_core/task/python/colcon_distutils_commands:/home/sergio/ros2_ws/install/mma_talker/lib/python3.10/site-packages:${PYTHONPATH} /usr/bin/python3 -W ignore:setup.py install is deprecated -W ignore:easy_install command is deprecated setup.py egg_info --egg-base ../../build/mma_talker build --build-base /home/sergio/ros2_ws/build/mma_talker/build install --record /home/sergio/ros2_ws/build/mma_talker/install.log --single-version-externally-managed install_data
[2.605s] running egg_info
[2.605s] creating ../../build/mma_talker/mma_talker.egg-info
[2.605s] writing ../../build/mma_talker/mma_talker.egg-info/PKG-INFO
[2.617s] writing dependency_links to ../../build/mma_talker/mma_talker.egg-info/dependency_links.txt
[2.618s] writing entry points to ../../build/mma_talker/mma_talker.egg-info/entry_points.txt
[2.619s] writing requirements to ../../build/mma_talker/mma_talker.egg-info/requires.txt
[2.619s] writing top-level names to ../../build/mma_talker/mma_talker.egg-info/top_level.txt
[2.619s] writing manifest file '../../build/mma_talker/mma_talker.egg-info/SOURCES.txt'
[2.619s] reading manifest file '../../build/mma_talker/mma_talker.egg-info/SOURCES.txt'
[2.619s] writing manifest file '../../build/mma_talker/mma_talker.egg-info/SOURCES.txt'
[2.619s] running build
[2.619s] running build_py
[2.619s] creating /home/sergio/ros2_ws/build/mma_talker/build
[2.619s] creating /home/sergio/ros2_ws/build/mma_talker/build/lib
[2.628s] creating /home/sergio/ros2_ws/build/mma_talker/build/lib/mma_talker
[2.628s] copying mma_talker/mma_talker.py -> /home/sergio/ros2_ws/build/mma_talker/build/lib/mma_talker
[2.628s] copying mma_talker/__init__.py -> /home/sergio/ros2_ws/build/mma_talker/build/lib/mma_talker
[2.628s] copying mma_talker/talker.py -> /home/sergio/ros2_ws/build/mma_talker/build/lib/mma_talker
[2.628s] running install
[2.628s] running install_lib
[2.629s] creating /home/sergio/ros2_ws/install/mma_talker/lib/python3.10/site-packages/mma_talker
[2.629s] copying /home/sergio/ros2_ws/build/mma_talker/build/lib/mma_talker/mma_talker.py -> /home/sergio/ros2_ws/install/mma_talker/lib/python3.10/site-packages/mma_talker
[2.630s] copying /home/sergio/ros2_ws/build/mma_talker/build/lib/mma_talker/__init__.py -> /home/sergio/ros2_ws/install/mma_talker/lib/python3.10/site-packages/mma_talker
[2.630s] copying /home/sergio/ros2_ws/build/mma_talker/build/lib/mma_talker/talker.py -> /home/sergio/ros2_ws/install/mma_talker/lib/python3.10/site-packages/mma_talker
[2.630s] byte-compiling /home/sergio/ros2_ws/install/mma_talker/lib/python3.10/site-packages/mma_talker/mma_talker.py to mma_talker.cpython-310.pyc
[2.630s] byte-compiling /home/sergio/ros2_ws/install/mma_talker/lib/python3.10/site-packages/mma_talker/__init__.py to __init__.cpython-310.pyc
[2.631s] byte-compiling /home/sergio/ros2_ws/install/mma_talker/lib/python3.10/site-packages/mma_talker/talker.py to talker.cpython-310.pyc
[2.631s] running install_data
[2.631s] creating /home/sergio/ros2_ws/install/mma_talker/share/ament_index
[2.631s] creating /home/sergio/ros2_ws/install/mma_talker/share/ament_index/resource_index
[2.631s] creating /home/sergio/ros2_ws/install/mma_talker/share/ament_index/resource_index/packages
[2.631s] copying resource/mma_talker -> /home/sergio/ros2_ws/install/mma_talker/share/ament_index/resource_index/packages
[2.631s] copying package.xml -> /home/sergio/ros2_ws/install/mma_talker/share/mma_talker
[2.631s] running install_egg_info
[2.631s] Copying ../../build/mma_talker/mma_talker.egg-info to /home/sergio/ros2_ws/install/mma_talker/lib/python3.10/site-packages/mma_talker-0.0.0-py3.10.egg-info
[2.649s] running install_scripts
[2.679s] Installing mma_talker script to /home/sergio/ros2_ws/install/mma_talker/lib/mma_talker
[2.680s] Installing talker script to /home/sergio/ros2_ws/install/mma_talker/lib/mma_talker
[2.680s] writing list of installed files to '/home/sergio/ros2_ws/build/mma_talker/install.log'
[2.726s] Invoked command in '/home/sergio/ros2_ws/src/mma_talker' returned '0': PYTHONPATH=/home/sergio/ros2_ws/build/mma_talker/prefix_override:/usr/lib/python3/dist-packages/colcon_core/task/python/colcon_distutils_commands:/home/sergio/ros2_ws/install/mma_talker/lib/python3.10/site-packages:${PYTHONPATH} /usr/bin/python3 -W ignore:setup.py install is deprecated -W ignore:easy_install command is deprecated setup.py egg_info --egg-base ../../build/mma_talker build --build-base /home/sergio/ros2_ws/build/mma_talker/build install --record /home/sergio/ros2_ws/build/mma_talker/install.log --single-version-externally-managed install_data
