[0.165s] Invoking command in '/home/sergio/ros2_ws/build/moveit2_tutorials': CMAKE_PREFIX_PATH=/home/sergio/ros2_ws/install/moveit_task_constructor_core:/home/sergio/ros2_ws/install/moveit_resources_panda_moveit_config:/home/sergio/ros2_ws/install/moveit_resources_fanuc_moveit_config:/home/sergio/ros2_ws/install/rviz_marker_tools:/home/sergio/ros2_ws/install/moveit_task_constructor_msgs:/home/sergio/ros2_ws/install/moveit_resources_panda_description:/home/sergio/ros2_ws/install/moveit_resources_fanuc_description:/home/sergio/ros2_ws/install/trr_robot:/home/sergio/ros2_ws/install/stage_worlds:/home/sergio/ros2_ws/install/stage_ros2:/home/sergio/ros2_ws/install/moveit_task_constructor_visualization:/home/sergio/ros2_ws/install/moveit_task_constructor_demo:/home/sergio/ros2_ws/install/moveit_task_constructor_capabilities:/home/sergio/ros2_ws/install/moveit2_tutorials:/home/sergio/ros2_ws/install/robot_description:/home/sergio/ros2_ws/install/p2_ej2:/home/sergio/ros2_ws/install/p1_ej3_interface:/home/sergio/ros2_ws/install/p1_ej2_interface:/home/sergio/ros2_ws/install/navigation_tb3:/home/sergio/ros2_ws/install/moveit_resources:/home/sergio/ros2_ws/install/moveit_resources_pr2_description:/home/sergio/ros2_ws/install/mma_interfaces:/home/sergio/ros2_ws/install/hello_moveit:/home/sergio/ros2_ws/install/ejercicio_tres_interface:/home/sergio/ros2_ws/install/Stage:/home/sergio/ros2_ws/install/trr_robot_ps:/home/sergio/ros2_ws/install/robot_nav:/home/sergio/ros2_ws/install/robot_autonomo:/home/sergio/ros2_ws/install/pico_control_pub:/home/sergio/ros2_ws/install/p2_ej3:/home/sergio/ros2_ws/install/p1_ej3_servidor:/home/sergio/ros2_ws/install/p1_ej3_cliente:/home/sergio/ros2_ws/install/p1_ej2_nodos_sensor:/home/sergio/ros2_ws/install/p1_ej2_nodo5:/home/sergio/ros2_ws/install/p1_ej2_nodo4:/home/sergio/ros2_ws/install/nodo_adc_sub:/home/sergio/ros2_ws/install/my_stage_mover:/home/sergio/ros2_ws/install/my_package:/home/sergio/ros2_ws/install/mma_talker:/home/sergio/ros2_ws/install/mma_service:/home/sergio/ros2_ws/install/mma_listener:/home/sergio/ros2_ws/install/ejercicio_tres_server:/home/sergio/ros2_ws/install/ejercicio_tres_client:/home/sergio/ros2_ws/install/ejercicio_dos:/home/sergio/ros2_ws/install/ejercicio1_pkg:/home/sergio/ros2_ws/install/ejemplo_uno:/home/sergio/ros2_ws/install/cam_viewer:/home/sergio/ros2_ws/install/auto_mover:/home/sergio/ros2_ws/install/P1_ej1_sub:/home/sergio/ros2_ws/install/P1_ej1_pub:/opt/ros/humble LD_LIBRARY_PATH=/home/sergio/ros2_ws/install/moveit_task_constructor_core/lib:/home/sergio/ros2_ws/install/rviz_marker_tools/lib:/home/sergio/ros2_ws/install/moveit_task_constructor_msgs/lib:/home/sergio/ros2_ws/install/stage_ros2/lib:/home/sergio/ros2_ws/install/moveit_task_constructor_visualization/lib:/home/sergio/ros2_ws/install/moveit_task_constructor_demo/lib:/home/sergio/ros2_ws/install/moveit_task_constructor_capabilities/lib:/home/sergio/ros2_ws/install/p1_ej3_interface/lib:/home/sergio/ros2_ws/install/p1_ej2_interface/lib:/home/sergio/ros2_ws/install/mma_interfaces/lib:/home/sergio/ros2_ws/install/ejercicio_tres_interface/lib:/home/sergio/ros2_ws/install/Stage/lib:/usr/lib/x86_64-linux-gnu/gazebo-11/plugins:/opt/ros/humble/opt/rviz_ogre_vendor/lib:/opt/ros/humble/lib/x86_64-linux-gnu:/opt/ros/humble/lib /usr/bin/cmake --build /home/sergio/ros2_ws/build/moveit2_tutorials -- -j16 -l16
[0.472s] [  7%] Built target mtc_tutorial
[0.517s] [ 15%] Built target minimal_mtc_tutorial
[0.528s] [ 23%] Built target moveit_cpp_tutorial
[0.538s] [ 30%] Built target move_group_interface_tutorial
[0.540s] [ 38%] Built target pilz_mtc
[0.543s] [ 46%] Built target motion_planning_api_tutorial
[0.544s] [ 53%] Built target planning_scene_tutorial
[0.548s] [ 61%] Built target servo_keyboard_input
[0.548s] [ 69%] Built target robot_model_and_robot_state_tutorial
[0.551s] [ 76%] Built target planning_scene_ros_api_tutorial
[0.561s] [ 84%] Built target servo_cpp_interface_demo
[0.573s] [ 92%] Built target pilz_move_group
[0.633s] [100%] Built target ompl_constrained_planning
[0.660s] Invoked command in '/home/sergio/ros2_ws/build/moveit2_tutorials' returned '0': CMAKE_PREFIX_PATH=/home/sergio/ros2_ws/install/moveit_task_constructor_core:/home/sergio/ros2_ws/install/moveit_resources_panda_moveit_config:/home/sergio/ros2_ws/install/moveit_resources_fanuc_moveit_config:/home/sergio/ros2_ws/install/rviz_marker_tools:/home/sergio/ros2_ws/install/moveit_task_constructor_msgs:/home/sergio/ros2_ws/install/moveit_resources_panda_description:/home/sergio/ros2_ws/install/moveit_resources_fanuc_description:/home/sergio/ros2_ws/install/trr_robot:/home/sergio/ros2_ws/install/stage_worlds:/home/sergio/ros2_ws/install/stage_ros2:/home/sergio/ros2_ws/install/moveit_task_constructor_visualization:/home/sergio/ros2_ws/install/moveit_task_constructor_demo:/home/sergio/ros2_ws/install/moveit_task_constructor_capabilities:/home/sergio/ros2_ws/install/moveit2_tutorials:/home/sergio/ros2_ws/install/robot_description:/home/sergio/ros2_ws/install/p2_ej2:/home/sergio/ros2_ws/install/p1_ej3_interface:/home/sergio/ros2_ws/install/p1_ej2_interface:/home/sergio/ros2_ws/install/navigation_tb3:/home/sergio/ros2_ws/install/moveit_resources:/home/sergio/ros2_ws/install/moveit_resources_pr2_description:/home/sergio/ros2_ws/install/mma_interfaces:/home/sergio/ros2_ws/install/hello_moveit:/home/sergio/ros2_ws/install/ejercicio_tres_interface:/home/sergio/ros2_ws/install/Stage:/home/sergio/ros2_ws/install/trr_robot_ps:/home/sergio/ros2_ws/install/robot_nav:/home/sergio/ros2_ws/install/robot_autonomo:/home/sergio/ros2_ws/install/pico_control_pub:/home/sergio/ros2_ws/install/p2_ej3:/home/sergio/ros2_ws/install/p1_ej3_servidor:/home/sergio/ros2_ws/install/p1_ej3_cliente:/home/sergio/ros2_ws/install/p1_ej2_nodos_sensor:/home/sergio/ros2_ws/install/p1_ej2_nodo5:/home/sergio/ros2_ws/install/p1_ej2_nodo4:/home/sergio/ros2_ws/install/nodo_adc_sub:/home/sergio/ros2_ws/install/my_stage_mover:/home/sergio/ros2_ws/install/my_package:/home/sergio/ros2_ws/install/mma_talker:/home/sergio/ros2_ws/install/mma_service:/home/sergio/ros2_ws/install/mma_listener:/home/sergio/ros2_ws/install/ejercicio_tres_server:/home/sergio/ros2_ws/install/ejercicio_tres_client:/home/sergio/ros2_ws/install/ejercicio_dos:/home/sergio/ros2_ws/install/ejercicio1_pkg:/home/sergio/ros2_ws/install/ejemplo_uno:/home/sergio/ros2_ws/install/cam_viewer:/home/sergio/ros2_ws/install/auto_mover:/home/sergio/ros2_ws/install/P1_ej1_sub:/home/sergio/ros2_ws/install/P1_ej1_pub:/opt/ros/humble LD_LIBRARY_PATH=/home/sergio/ros2_ws/install/moveit_task_constructor_core/lib:/home/sergio/ros2_ws/install/rviz_marker_tools/lib:/home/sergio/ros2_ws/install/moveit_task_constructor_msgs/lib:/home/sergio/ros2_ws/install/stage_ros2/lib:/home/sergio/ros2_ws/install/moveit_task_constructor_visualization/lib:/home/sergio/ros2_ws/install/moveit_task_constructor_demo/lib:/home/sergio/ros2_ws/install/moveit_task_constructor_capabilities/lib:/home/sergio/ros2_ws/install/p1_ej3_interface/lib:/home/sergio/ros2_ws/install/p1_ej2_interface/lib:/home/sergio/ros2_ws/install/mma_interfaces/lib:/home/sergio/ros2_ws/install/ejercicio_tres_interface/lib:/home/sergio/ros2_ws/install/Stage/lib:/usr/lib/x86_64-linux-gnu/gazebo-11/plugins:/opt/ros/humble/opt/rviz_ogre_vendor/lib:/opt/ros/humble/lib/x86_64-linux-gnu:/opt/ros/humble/lib /usr/bin/cmake --build /home/sergio/ros2_ws/build/moveit2_tutorials -- -j16 -l16
[0.667s] Invoking command in '/home/sergio/ros2_ws/build/moveit2_tutorials': CMAKE_PREFIX_PATH=/home/sergio/ros2_ws/install/moveit_task_constructor_core:/home/sergio/ros2_ws/install/moveit_resources_panda_moveit_config:/home/sergio/ros2_ws/install/moveit_resources_fanuc_moveit_config:/home/sergio/ros2_ws/install/rviz_marker_tools:/home/sergio/ros2_ws/install/moveit_task_constructor_msgs:/home/sergio/ros2_ws/install/moveit_resources_panda_description:/home/sergio/ros2_ws/install/moveit_resources_fanuc_description:/home/sergio/ros2_ws/install/trr_robot:/home/sergio/ros2_ws/install/stage_worlds:/home/sergio/ros2_ws/install/stage_ros2:/home/sergio/ros2_ws/install/moveit_task_constructor_visualization:/home/sergio/ros2_ws/install/moveit_task_constructor_demo:/home/sergio/ros2_ws/install/moveit_task_constructor_capabilities:/home/sergio/ros2_ws/install/moveit2_tutorials:/home/sergio/ros2_ws/install/robot_description:/home/sergio/ros2_ws/install/p2_ej2:/home/sergio/ros2_ws/install/p1_ej3_interface:/home/sergio/ros2_ws/install/p1_ej2_interface:/home/sergio/ros2_ws/install/navigation_tb3:/home/sergio/ros2_ws/install/moveit_resources:/home/sergio/ros2_ws/install/moveit_resources_pr2_description:/home/sergio/ros2_ws/install/mma_interfaces:/home/sergio/ros2_ws/install/hello_moveit:/home/sergio/ros2_ws/install/ejercicio_tres_interface:/home/sergio/ros2_ws/install/Stage:/home/sergio/ros2_ws/install/trr_robot_ps:/home/sergio/ros2_ws/install/robot_nav:/home/sergio/ros2_ws/install/robot_autonomo:/home/sergio/ros2_ws/install/pico_control_pub:/home/sergio/ros2_ws/install/p2_ej3:/home/sergio/ros2_ws/install/p1_ej3_servidor:/home/sergio/ros2_ws/install/p1_ej3_cliente:/home/sergio/ros2_ws/install/p1_ej2_nodos_sensor:/home/sergio/ros2_ws/install/p1_ej2_nodo5:/home/sergio/ros2_ws/install/p1_ej2_nodo4:/home/sergio/ros2_ws/install/nodo_adc_sub:/home/sergio/ros2_ws/install/my_stage_mover:/home/sergio/ros2_ws/install/my_package:/home/sergio/ros2_ws/install/mma_talker:/home/sergio/ros2_ws/install/mma_service:/home/sergio/ros2_ws/install/mma_listener:/home/sergio/ros2_ws/install/ejercicio_tres_server:/home/sergio/ros2_ws/install/ejercicio_tres_client:/home/sergio/ros2_ws/install/ejercicio_dos:/home/sergio/ros2_ws/install/ejercicio1_pkg:/home/sergio/ros2_ws/install/ejemplo_uno:/home/sergio/ros2_ws/install/cam_viewer:/home/sergio/ros2_ws/install/auto_mover:/home/sergio/ros2_ws/install/P1_ej1_sub:/home/sergio/ros2_ws/install/P1_ej1_pub:/opt/ros/humble LD_LIBRARY_PATH=/home/sergio/ros2_ws/install/moveit_task_constructor_core/lib:/home/sergio/ros2_ws/install/rviz_marker_tools/lib:/home/sergio/ros2_ws/install/moveit_task_constructor_msgs/lib:/home/sergio/ros2_ws/install/stage_ros2/lib:/home/sergio/ros2_ws/install/moveit_task_constructor_visualization/lib:/home/sergio/ros2_ws/install/moveit_task_constructor_demo/lib:/home/sergio/ros2_ws/install/moveit_task_constructor_capabilities/lib:/home/sergio/ros2_ws/install/p1_ej3_interface/lib:/home/sergio/ros2_ws/install/p1_ej2_interface/lib:/home/sergio/ros2_ws/install/mma_interfaces/lib:/home/sergio/ros2_ws/install/ejercicio_tres_interface/lib:/home/sergio/ros2_ws/install/Stage/lib:/usr/lib/x86_64-linux-gnu/gazebo-11/plugins:/opt/ros/humble/opt/rviz_ogre_vendor/lib:/opt/ros/humble/lib/x86_64-linux-gnu:/opt/ros/humble/lib /usr/bin/cmake --install /home/sergio/ros2_ws/build/moveit2_tutorials
[0.803s] -- Install configuration: "Release"
[0.803s] -- Up-to-date: /home/sergio/ros2_ws/install/moveit2_tutorials/share/ament_index/resource_index/package_run_dependencies/moveit2_tutorials
[0.803s] -- Up-to-date: /home/sergio/ros2_ws/install/moveit2_tutorials/share/ament_index/resource_index/parent_prefix_path/moveit2_tutorials
[0.803s] -- Up-to-date: /home/sergio/ros2_ws/install/moveit2_tutorials/share/moveit2_tutorials/environment/ament_prefix_path.sh
[0.803s] -- Up-to-date: /home/sergio/ros2_ws/install/moveit2_tutorials/share/moveit2_tutorials/environment/ament_prefix_path.dsv
[0.803s] -- Up-to-date: /home/sergio/ros2_ws/install/moveit2_tutorials/share/moveit2_tutorials/environment/path.sh
[0.803s] -- Up-to-date: /home/sergio/ros2_ws/install/moveit2_tutorials/share/moveit2_tutorials/environment/path.dsv
[0.803s] -- Up-to-date: /home/sergio/ros2_ws/install/moveit2_tutorials/share/moveit2_tutorials/local_setup.bash
[0.803s] -- Up-to-date: /home/sergio/ros2_ws/install/moveit2_tutorials/share/moveit2_tutorials/local_setup.sh
[0.804s] -- Up-to-date: /home/sergio/ros2_ws/install/moveit2_tutorials/share/moveit2_tutorials/local_setup.zsh
[0.804s] -- Up-to-date: /home/sergio/ros2_ws/install/moveit2_tutorials/share/moveit2_tutorials/local_setup.dsv
[0.804s] -- Installing: /home/sergio/ros2_ws/install/moveit2_tutorials/share/moveit2_tutorials/package.dsv
[0.804s] -- Up-to-date: /home/sergio/ros2_ws/install/moveit2_tutorials/share/ament_index/resource_index/packages/moveit2_tutorials
[0.808s] -- Up-to-date: /home/sergio/ros2_ws/install/moveit2_tutorials/share/moveit2_tutorials/cmake/ament_cmake_export_dependencies-extras.cmake
[0.813s] -- Up-to-date: /home/sergio/ros2_ws/install/moveit2_tutorials/share/moveit2_tutorials/cmake/ament_cmake_export_include_directories-extras.cmake
[0.813s] -- Up-to-date: /home/sergio/ros2_ws/install/moveit2_tutorials/share/moveit2_tutorials/cmake/moveit2_tutorialsConfig.cmake
[0.813s] -- Up-to-date: /home/sergio/ros2_ws/install/moveit2_tutorials/share/moveit2_tutorials/cmake/moveit2_tutorialsConfig-version.cmake
[0.813s] -- Up-to-date: /home/sergio/ros2_ws/install/moveit2_tutorials/share/moveit2_tutorials/package.xml
[0.813s] -- Up-to-date: /home/sergio/ros2_ws/install/moveit2_tutorials/share/moveit2_tutorials/launch
[0.814s] -- Up-to-date: /home/sergio/ros2_ws/install/moveit2_tutorials/share/moveit2_tutorials/launch/panda_moveit_config_demo.rviz
[0.814s] -- Up-to-date: /home/sergio/ros2_ws/install/moveit2_tutorials/share/moveit2_tutorials/launch/demo.launch.py
[0.814s] -- Up-to-date: /home/sergio/ros2_ws/install/moveit2_tutorials/share/moveit2_tutorials/launch/panda_hello_moveit.rviz
[0.814s] -- Up-to-date: /home/sergio/ros2_ws/install/moveit2_tutorials/share/moveit2_tutorials/launch/panda_moveit_config_demo_empty.rviz
[0.814s] -- Up-to-date: /home/sergio/ros2_ws/install/moveit2_tutorials/lib/moveit2_tutorials/mtc_tutorial
[0.814s] -- Up-to-date: /home/sergio/ros2_ws/install/moveit2_tutorials/lib/moveit2_tutorials/minimal_mtc_tutorial
[0.814s] -- Up-to-date: /home/sergio/ros2_ws/install/moveit2_tutorials/share/moveit2_tutorials/launch
[0.814s] -- Up-to-date: /home/sergio/ros2_ws/install/moveit2_tutorials/share/moveit2_tutorials/launch/mtc_demo.launch.py
[0.814s] -- Up-to-date: /home/sergio/ros2_ws/install/moveit2_tutorials/share/moveit2_tutorials/launch/mtc.rviz
[0.814s] -- Up-to-date: /home/sergio/ros2_ws/install/moveit2_tutorials/share/moveit2_tutorials/launch/mtc_demo_minimal.launch.py
[0.815s] -- Up-to-date: /home/sergio/ros2_ws/install/moveit2_tutorials/share/moveit2_tutorials/launch/pick_place_demo.launch.py
[0.815s] -- Up-to-date: /home/sergio/ros2_ws/install/moveit2_tutorials/lib/moveit2_tutorials/motion_planning_api_tutorial
[0.815s] -- Up-to-date: /home/sergio/ros2_ws/install/moveit2_tutorials/share/moveit2_tutorials/launch
[0.815s] -- Up-to-date: /home/sergio/ros2_ws/install/moveit2_tutorials/share/moveit2_tutorials/launch/motion_planning_api_tutorial.launch.py
[0.815s] -- Up-to-date: /home/sergio/ros2_ws/install/moveit2_tutorials/lib/moveit2_tutorials/move_group_interface_tutorial
[0.815s] -- Up-to-date: /home/sergio/ros2_ws/install/moveit2_tutorials/share/moveit2_tutorials/launch
[0.815s] -- Up-to-date: /home/sergio/ros2_ws/install/moveit2_tutorials/share/moveit2_tutorials/launch/move_group.rviz
[0.815s] -- Up-to-date: /home/sergio/ros2_ws/install/moveit2_tutorials/share/moveit2_tutorials/launch/move_group.launch.py
[0.815s] -- Up-to-date: /home/sergio/ros2_ws/install/moveit2_tutorials/share/moveit2_tutorials/launch/move_group_interface_tutorial.launch.py
[0.815s] -- Up-to-date: /home/sergio/ros2_ws/install/moveit2_tutorials/lib/moveit2_tutorials/pilz_move_group
[0.816s] -- Up-to-date: /home/sergio/ros2_ws/install/moveit2_tutorials/lib/moveit2_tutorials/pilz_mtc
[0.816s] -- Up-to-date: /home/sergio/ros2_ws/install/moveit2_tutorials/share/moveit2_tutorials/launch
[0.816s] -- Up-to-date: /home/sergio/ros2_ws/install/moveit2_tutorials/share/moveit2_tutorials/launch/pilz_mtc.launch.py
[0.816s] -- Up-to-date: /home/sergio/ros2_ws/install/moveit2_tutorials/lib/moveit2_tutorials/planning_scene_tutorial
[0.816s] -- Up-to-date: /home/sergio/ros2_ws/install/moveit2_tutorials/share/moveit2_tutorials/launch
[0.821s] -- Up-to-date: /home/sergio/ros2_ws/install/moveit2_tutorials/share/moveit2_tutorials/launch/planning_scene_tutorial.launch.py
[0.822s] -- Up-to-date: /home/sergio/ros2_ws/install/moveit2_tutorials/lib/moveit2_tutorials/planning_scene_ros_api_tutorial
[0.822s] -- Up-to-date: /home/sergio/ros2_ws/install/moveit2_tutorials/share/moveit2_tutorials/launch
[0.822s] -- Up-to-date: /home/sergio/ros2_ws/install/moveit2_tutorials/share/moveit2_tutorials/launch/planning_scene_ros_api_tutorial.launch.py
[0.822s] -- Up-to-date: /home/sergio/ros2_ws/install/moveit2_tutorials/lib/moveit2_tutorials/robot_model_and_robot_state_tutorial
[0.822s] -- Up-to-date: /home/sergio/ros2_ws/install/moveit2_tutorials/share/moveit2_tutorials/launch
[0.823s] -- Up-to-date: /home/sergio/ros2_ws/install/moveit2_tutorials/share/moveit2_tutorials/launch/robot_model_and_robot_state_tutorial.launch.py
[0.823s] -- Up-to-date: /home/sergio/ros2_ws/install/moveit2_tutorials/lib/moveit2_tutorials/moveit_cpp_tutorial
[0.823s] -- Up-to-date: /home/sergio/ros2_ws/install/moveit2_tutorials/share/moveit2_tutorials/launch
[0.824s] -- Up-to-date: /home/sergio/ros2_ws/install/moveit2_tutorials/share/moveit2_tutorials/launch/moveit_cpp_tutorial.launch.py
[0.824s] -- Up-to-date: /home/sergio/ros2_ws/install/moveit2_tutorials/share/moveit2_tutorials/launch/moveit_cpp_tutorial.rviz
[0.824s] -- Up-to-date: /home/sergio/ros2_ws/install/moveit2_tutorials/share/moveit2_tutorials/config
[0.824s] -- Up-to-date: /home/sergio/ros2_ws/install/moveit2_tutorials/share/moveit2_tutorials/config/moveit_cpp.yaml
[0.824s] -- Up-to-date: /home/sergio/ros2_ws/install/moveit2_tutorials/lib/moveit2_tutorials/servo_keyboard_input
[0.824s] -- Up-to-date: /home/sergio/ros2_ws/install/moveit2_tutorials/lib/moveit2_tutorials/servo_cpp_interface_demo
[0.825s] -- Up-to-date: /home/sergio/ros2_ws/install/moveit2_tutorials/share/moveit2_tutorials/launch
[0.825s] -- Up-to-date: /home/sergio/ros2_ws/install/moveit2_tutorials/share/moveit2_tutorials/launch/servo_cpp_interface_demo.launch.py
[0.825s] -- Up-to-date: /home/sergio/ros2_ws/install/moveit2_tutorials/share/moveit2_tutorials/config
[0.825s] -- Up-to-date: /home/sergio/ros2_ws/install/moveit2_tutorials/share/moveit2_tutorials/config/demo_rviz_config.rviz
[0.825s] -- Up-to-date: /home/sergio/ros2_ws/install/moveit2_tutorials/share/moveit2_tutorials/launch
[0.825s] -- Up-to-date: /home/sergio/ros2_ws/install/moveit2_tutorials/share/moveit2_tutorials/launch/chomp_demo.launch.py
[0.825s] -- Up-to-date: /home/sergio/ros2_ws/install/moveit2_tutorials/share/moveit2_tutorials/config
[0.825s] -- Up-to-date: /home/sergio/ros2_ws/install/moveit2_tutorials/share/moveit2_tutorials/config/moveit_chomp.rviz
[0.825s] -- Up-to-date: /home/sergio/ros2_ws/install/moveit2_tutorials/lib/moveit2_tutorials/ompl_constrained_planning
[0.825s] -- Up-to-date: /home/sergio/ros2_ws/install/moveit2_tutorials/share/moveit2_tutorials/launch
[0.826s] -- Up-to-date: /home/sergio/ros2_ws/install/moveit2_tutorials/share/moveit2_tutorials/launch/ompl_constrained_planning.rviz
[0.826s] -- Up-to-date: /home/sergio/ros2_ws/install/moveit2_tutorials/share/moveit2_tutorials/launch/ompl_constrained_planning.launch.py
[0.921s] Invoked command in '/home/sergio/ros2_ws/build/moveit2_tutorials' returned '0': CMAKE_PREFIX_PATH=/home/sergio/ros2_ws/install/moveit_task_constructor_core:/home/sergio/ros2_ws/install/moveit_resources_panda_moveit_config:/home/sergio/ros2_ws/install/moveit_resources_fanuc_moveit_config:/home/sergio/ros2_ws/install/rviz_marker_tools:/home/sergio/ros2_ws/install/moveit_task_constructor_msgs:/home/sergio/ros2_ws/install/moveit_resources_panda_description:/home/sergio/ros2_ws/install/moveit_resources_fanuc_description:/home/sergio/ros2_ws/install/trr_robot:/home/sergio/ros2_ws/install/stage_worlds:/home/sergio/ros2_ws/install/stage_ros2:/home/sergio/ros2_ws/install/moveit_task_constructor_visualization:/home/sergio/ros2_ws/install/moveit_task_constructor_demo:/home/sergio/ros2_ws/install/moveit_task_constructor_capabilities:/home/sergio/ros2_ws/install/moveit2_tutorials:/home/sergio/ros2_ws/install/robot_description:/home/sergio/ros2_ws/install/p2_ej2:/home/sergio/ros2_ws/install/p1_ej3_interface:/home/sergio/ros2_ws/install/p1_ej2_interface:/home/sergio/ros2_ws/install/navigation_tb3:/home/sergio/ros2_ws/install/moveit_resources:/home/sergio/ros2_ws/install/moveit_resources_pr2_description:/home/sergio/ros2_ws/install/mma_interfaces:/home/sergio/ros2_ws/install/hello_moveit:/home/sergio/ros2_ws/install/ejercicio_tres_interface:/home/sergio/ros2_ws/install/Stage:/home/sergio/ros2_ws/install/trr_robot_ps:/home/sergio/ros2_ws/install/robot_nav:/home/sergio/ros2_ws/install/robot_autonomo:/home/sergio/ros2_ws/install/pico_control_pub:/home/sergio/ros2_ws/install/p2_ej3:/home/sergio/ros2_ws/install/p1_ej3_servidor:/home/sergio/ros2_ws/install/p1_ej3_cliente:/home/sergio/ros2_ws/install/p1_ej2_nodos_sensor:/home/sergio/ros2_ws/install/p1_ej2_nodo5:/home/sergio/ros2_ws/install/p1_ej2_nodo4:/home/sergio/ros2_ws/install/nodo_adc_sub:/home/sergio/ros2_ws/install/my_stage_mover:/home/sergio/ros2_ws/install/my_package:/home/sergio/ros2_ws/install/mma_talker:/home/sergio/ros2_ws/install/mma_service:/home/sergio/ros2_ws/install/mma_listener:/home/sergio/ros2_ws/install/ejercicio_tres_server:/home/sergio/ros2_ws/install/ejercicio_tres_client:/home/sergio/ros2_ws/install/ejercicio_dos:/home/sergio/ros2_ws/install/ejercicio1_pkg:/home/sergio/ros2_ws/install/ejemplo_uno:/home/sergio/ros2_ws/install/cam_viewer:/home/sergio/ros2_ws/install/auto_mover:/home/sergio/ros2_ws/install/P1_ej1_sub:/home/sergio/ros2_ws/install/P1_ej1_pub:/opt/ros/humble LD_LIBRARY_PATH=/home/sergio/ros2_ws/install/moveit_task_constructor_core/lib:/home/sergio/ros2_ws/install/rviz_marker_tools/lib:/home/sergio/ros2_ws/install/moveit_task_constructor_msgs/lib:/home/sergio/ros2_ws/install/stage_ros2/lib:/home/sergio/ros2_ws/install/moveit_task_constructor_visualization/lib:/home/sergio/ros2_ws/install/moveit_task_constructor_demo/lib:/home/sergio/ros2_ws/install/moveit_task_constructor_capabilities/lib:/home/sergio/ros2_ws/install/p1_ej3_interface/lib:/home/sergio/ros2_ws/install/p1_ej2_interface/lib:/home/sergio/ros2_ws/install/mma_interfaces/lib:/home/sergio/ros2_ws/install/ejercicio_tres_interface/lib:/home/sergio/ros2_ws/install/Stage/lib:/usr/lib/x86_64-linux-gnu/gazebo-11/plugins:/opt/ros/humble/opt/rviz_ogre_vendor/lib:/opt/ros/humble/lib/x86_64-linux-gnu:/opt/ros/humble/lib /usr/bin/cmake --install /home/sergio/ros2_ws/build/moveit2_tutorials
