[2.003s] Invoking command in '/home/sergio/ros2_ws/build/ejercicio_tres_interface': CMAKE_PREFIX_PATH=${CMAKE_PREFIX_PATH}:/home/sergio/ros2_ws/install/robot_autonomo:/home/sergio/ros2_ws/install/my_stage_mover:/home/sergio/ros2_ws/install/auto_mover:/home/sergio/ros2_ws/install/turtlebot3_teleop:/home/sergio/ros2_ws/install/turtlebot3_example:/home/sergio/ros2_ws/install/trr_robot_ps:/home/sergio/ros2_ws/install/p1_ej3_servidor:/home/sergio/ros2_ws/install/p1_ej3_cliente:/home/sergio/ros2_ws/install/p1_ej2_nodos_sensor:/home/sergio/ros2_ws/install/p1_ej2_nodo5:/home/sergio/ros2_ws/install/p1_ej2_nodo4:/home/sergio/ros2_ws/install/nodo_adc_sub:/home/sergio/ros2_ws/install/my_package:/home/sergio/ros2_ws/install/mma_talker:/home/sergio/ros2_ws/install/mma_service:/home/sergio/ros2_ws/install/mma_listener:/home/sergio/ros2_ws/install/ejercicio_tres_server:/home/sergio/ros2_ws/install/ejercicio_tres_client:/home/sergio/ros2_ws/install/ejercicio_dos:/home/sergio/ros2_ws/install/ejemplo_uno:/home/sergio/ros2_ws/install/P1_ej1_sub:/home/sergio/ros2_ws/install/P1_ej1_pub:/opt/ros/humble /usr/bin/cmake --build /home/sergio/ros2_ws/build/ejercicio_tres_interface -- -j16 -l16
[2.878s] [  3%] Built target ejercicio_tres_interface__cpp
[2.879s] [ 12%] Built target ejercicio_tres_interface__rosidl_generator_c
[2.879s] [ 12%] Built target ament_cmake_python_copy_ejercicio_tres_interface
[2.879s] [ 22%] Built target ejercicio_tres_interface__rosidl_typesupport_cpp
[2.879s] [ 32%] Built target ejercicio_tres_interface__rosidl_typesupport_introspection_c
[2.879s] [ 41%] Built target ejercicio_tres_interface__rosidl_typesupport_introspection_cpp
[2.879s] [ 51%] Built target ejercicio_tres_interface__rosidl_typesupport_fastrtps_cpp
[2.879s] [ 61%] Built target ejercicio_tres_interface__rosidl_typesupport_fastrtps_c
[2.879s] [ 70%] Built target ejercicio_tres_interface__rosidl_typesupport_c
[2.879s] [ 70%] Built target ejercicio_tres_interface
[2.879s] [ 74%] Built target ejercicio_tres_interface__py
[2.879s] [ 80%] Built target ejercicio_tres_interface__rosidl_generator_py
[2.879s] [ 87%] Built target ejercicio_tres_interface__rosidl_typesupport_fastrtps_c__pyext
[2.879s] [100%] Built target ejercicio_tres_interface__rosidl_typesupport_introspection_c__pyext
[2.879s] [100%] Built target ejercicio_tres_interface__rosidl_typesupport_c__pyext
[2.879s] running egg_info
[2.879s] writing ejercicio_tres_interface.egg-info/PKG-INFO
[2.879s] writing dependency_links to ejercicio_tres_interface.egg-info/dependency_links.txt
[2.879s] writing top-level names to ejercicio_tres_interface.egg-info/top_level.txt
[2.879s] reading manifest file 'ejercicio_tres_interface.egg-info/SOURCES.txt'
[2.879s] writing manifest file 'ejercicio_tres_interface.egg-info/SOURCES.txt'
[2.879s] [100%] Built target ament_cmake_python_build_ejercicio_tres_interface_egg
[3.107s] Invoked command in '/home/sergio/ros2_ws/build/ejercicio_tres_interface' returned '0': CMAKE_PREFIX_PATH=${CMAKE_PREFIX_PATH}:/home/sergio/ros2_ws/install/robot_autonomo:/home/sergio/ros2_ws/install/my_stage_mover:/home/sergio/ros2_ws/install/auto_mover:/home/sergio/ros2_ws/install/turtlebot3_teleop:/home/sergio/ros2_ws/install/turtlebot3_example:/home/sergio/ros2_ws/install/trr_robot_ps:/home/sergio/ros2_ws/install/p1_ej3_servidor:/home/sergio/ros2_ws/install/p1_ej3_cliente:/home/sergio/ros2_ws/install/p1_ej2_nodos_sensor:/home/sergio/ros2_ws/install/p1_ej2_nodo5:/home/sergio/ros2_ws/install/p1_ej2_nodo4:/home/sergio/ros2_ws/install/nodo_adc_sub:/home/sergio/ros2_ws/install/my_package:/home/sergio/ros2_ws/install/mma_talker:/home/sergio/ros2_ws/install/mma_service:/home/sergio/ros2_ws/install/mma_listener:/home/sergio/ros2_ws/install/ejercicio_tres_server:/home/sergio/ros2_ws/install/ejercicio_tres_client:/home/sergio/ros2_ws/install/ejercicio_dos:/home/sergio/ros2_ws/install/ejemplo_uno:/home/sergio/ros2_ws/install/P1_ej1_sub:/home/sergio/ros2_ws/install/P1_ej1_pub:/opt/ros/humble /usr/bin/cmake --build /home/sergio/ros2_ws/build/ejercicio_tres_interface -- -j16 -l16
[3.107s] Invoking command in '/home/sergio/ros2_ws/build/ejercicio_tres_interface': CMAKE_PREFIX_PATH=${CMAKE_PREFIX_PATH}:/home/sergio/ros2_ws/install/robot_autonomo:/home/sergio/ros2_ws/install/my_stage_mover:/home/sergio/ros2_ws/install/auto_mover:/home/sergio/ros2_ws/install/turtlebot3_teleop:/home/sergio/ros2_ws/install/turtlebot3_example:/home/sergio/ros2_ws/install/trr_robot_ps:/home/sergio/ros2_ws/install/p1_ej3_servidor:/home/sergio/ros2_ws/install/p1_ej3_cliente:/home/sergio/ros2_ws/install/p1_ej2_nodos_sensor:/home/sergio/ros2_ws/install/p1_ej2_nodo5:/home/sergio/ros2_ws/install/p1_ej2_nodo4:/home/sergio/ros2_ws/install/nodo_adc_sub:/home/sergio/ros2_ws/install/my_package:/home/sergio/ros2_ws/install/mma_talker:/home/sergio/ros2_ws/install/mma_service:/home/sergio/ros2_ws/install/mma_listener:/home/sergio/ros2_ws/install/ejercicio_tres_server:/home/sergio/ros2_ws/install/ejercicio_tres_client:/home/sergio/ros2_ws/install/ejercicio_dos:/home/sergio/ros2_ws/install/ejemplo_uno:/home/sergio/ros2_ws/install/P1_ej1_sub:/home/sergio/ros2_ws/install/P1_ej1_pub:/opt/ros/humble /usr/bin/cmake --install /home/sergio/ros2_ws/build/ejercicio_tres_interface
[3.117s] -- Install configuration: ""
[3.117s] -- Up-to-date: /home/sergio/ros2_ws/install/ejercicio_tres_interface/share/ament_index/resource_index/rosidl_interfaces/ejercicio_tres_interface
[3.118s] -- Up-to-date: /home/sergio/ros2_ws/install/ejercicio_tres_interface/include/ejercicio_tres_interface/ejercicio_tres_interface
[3.118s] -- Up-to-date: /home/sergio/ros2_ws/install/ejercicio_tres_interface/include/ejercicio_tres_interface/ejercicio_tres_interface/msg
[3.118s] -- Up-to-date: /home/sergio/ros2_ws/install/ejercicio_tres_interface/include/ejercicio_tres_interface/ejercicio_tres_interface/msg/rosidl_generator_c__visibility_control.h
[3.118s] -- Up-to-date: /home/sergio/ros2_ws/install/ejercicio_tres_interface/include/ejercicio_tres_interface/ejercicio_tres_interface/srv
[3.118s] -- Up-to-date: /home/sergio/ros2_ws/install/ejercicio_tres_interface/include/ejercicio_tres_interface/ejercicio_tres_interface/srv/detail
[3.118s] -- Up-to-date: /home/sergio/ros2_ws/install/ejercicio_tres_interface/include/ejercicio_tres_interface/ejercicio_tres_interface/srv/detail/midpoint__functions.c
[3.118s] -- Up-to-date: /home/sergio/ros2_ws/install/ejercicio_tres_interface/include/ejercicio_tres_interface/ejercicio_tres_interface/srv/detail/midpoint__type_support.h
[3.118s] -- Up-to-date: /home/sergio/ros2_ws/install/ejercicio_tres_interface/include/ejercicio_tres_interface/ejercicio_tres_interface/srv/detail/midpoint__functions.h
[3.118s] -- Up-to-date: /home/sergio/ros2_ws/install/ejercicio_tres_interface/include/ejercicio_tres_interface/ejercicio_tres_interface/srv/detail/midpoint__struct.h
[3.119s] -- Up-to-date: /home/sergio/ros2_ws/install/ejercicio_tres_interface/include/ejercicio_tres_interface/ejercicio_tres_interface/srv/midpoint.h
[3.119s] -- Up-to-date: /home/sergio/ros2_ws/install/ejercicio_tres_interface/share/ejercicio_tres_interface/environment/library_path.sh
[3.119s] -- Up-to-date: /home/sergio/ros2_ws/install/ejercicio_tres_interface/share/ejercicio_tres_interface/environment/library_path.dsv
[3.119s] -- Up-to-date: /home/sergio/ros2_ws/install/ejercicio_tres_interface/lib/libejercicio_tres_interface__rosidl_generator_c.so
[3.119s] -- Up-to-date: /home/sergio/ros2_ws/install/ejercicio_tres_interface/include/ejercicio_tres_interface/ejercicio_tres_interface
[3.119s] -- Up-to-date: /home/sergio/ros2_ws/install/ejercicio_tres_interface/include/ejercicio_tres_interface/ejercicio_tres_interface/msg
[3.120s] -- Up-to-date: /home/sergio/ros2_ws/install/ejercicio_tres_interface/include/ejercicio_tres_interface/ejercicio_tres_interface/msg/rosidl_typesupport_fastrtps_c__visibility_control.h
[3.127s] -- Up-to-date: /home/sergio/ros2_ws/install/ejercicio_tres_interface/include/ejercicio_tres_interface/ejercicio_tres_interface/srv
[3.128s] -- Up-to-date: /home/sergio/ros2_ws/install/ejercicio_tres_interface/include/ejercicio_tres_interface/ejercicio_tres_interface/srv/detail
[3.128s] -- Up-to-date: /home/sergio/ros2_ws/install/ejercicio_tres_interface/include/ejercicio_tres_interface/ejercicio_tres_interface/srv/detail/midpoint__rosidl_typesupport_fastrtps_c.h
[3.128s] -- Up-to-date: /home/sergio/ros2_ws/install/ejercicio_tres_interface/lib/libejercicio_tres_interface__rosidl_typesupport_fastrtps_c.so
[3.128s] -- Up-to-date: /home/sergio/ros2_ws/install/ejercicio_tres_interface/include/ejercicio_tres_interface/ejercicio_tres_interface
[3.129s] -- Up-to-date: /home/sergio/ros2_ws/install/ejercicio_tres_interface/include/ejercicio_tres_interface/ejercicio_tres_interface/msg
[3.129s] -- Up-to-date: /home/sergio/ros2_ws/install/ejercicio_tres_interface/include/ejercicio_tres_interface/ejercicio_tres_interface/msg/rosidl_typesupport_introspection_c__visibility_control.h
[3.129s] -- Up-to-date: /home/sergio/ros2_ws/install/ejercicio_tres_interface/include/ejercicio_tres_interface/ejercicio_tres_interface/srv
[3.129s] -- Up-to-date: /home/sergio/ros2_ws/install/ejercicio_tres_interface/include/ejercicio_tres_interface/ejercicio_tres_interface/srv/detail
[3.129s] -- Up-to-date: /home/sergio/ros2_ws/install/ejercicio_tres_interface/include/ejercicio_tres_interface/ejercicio_tres_interface/srv/detail/midpoint__type_support.c
[3.129s] -- Up-to-date: /home/sergio/ros2_ws/install/ejercicio_tres_interface/include/ejercicio_tres_interface/ejercicio_tres_interface/srv/detail/midpoint__rosidl_typesupport_introspection_c.h
[3.129s] -- Up-to-date: /home/sergio/ros2_ws/install/ejercicio_tres_interface/lib/libejercicio_tres_interface__rosidl_typesupport_introspection_c.so
[3.129s] -- Up-to-date: /home/sergio/ros2_ws/install/ejercicio_tres_interface/lib/libejercicio_tres_interface__rosidl_typesupport_c.so
[3.130s] -- Up-to-date: /home/sergio/ros2_ws/install/ejercicio_tres_interface/include/ejercicio_tres_interface/ejercicio_tres_interface
[3.130s] -- Up-to-date: /home/sergio/ros2_ws/install/ejercicio_tres_interface/include/ejercicio_tres_interface/ejercicio_tres_interface/msg
[3.130s] -- Up-to-date: /home/sergio/ros2_ws/install/ejercicio_tres_interface/include/ejercicio_tres_interface/ejercicio_tres_interface/msg/rosidl_generator_cpp__visibility_control.hpp
[3.130s] -- Up-to-date: /home/sergio/ros2_ws/install/ejercicio_tres_interface/include/ejercicio_tres_interface/ejercicio_tres_interface/srv
[3.134s] -- Up-to-date: /home/sergio/ros2_ws/install/ejercicio_tres_interface/include/ejercicio_tres_interface/ejercicio_tres_interface/srv/detail
[3.134s] -- Up-to-date: /home/sergio/ros2_ws/install/ejercicio_tres_interface/include/ejercicio_tres_interface/ejercicio_tres_interface/srv/detail/midpoint__traits.hpp
[3.134s] -- Up-to-date: /home/sergio/ros2_ws/install/ejercicio_tres_interface/include/ejercicio_tres_interface/ejercicio_tres_interface/srv/detail/midpoint__builder.hpp
[3.134s] -- Up-to-date: /home/sergio/ros2_ws/install/ejercicio_tres_interface/include/ejercicio_tres_interface/ejercicio_tres_interface/srv/detail/midpoint__type_support.hpp
[3.134s] -- Up-to-date: /home/sergio/ros2_ws/install/ejercicio_tres_interface/include/ejercicio_tres_interface/ejercicio_tres_interface/srv/detail/midpoint__struct.hpp
[3.134s] -- Up-to-date: /home/sergio/ros2_ws/install/ejercicio_tres_interface/include/ejercicio_tres_interface/ejercicio_tres_interface/srv/midpoint.hpp
[3.134s] -- Up-to-date: /home/sergio/ros2_ws/install/ejercicio_tres_interface/include/ejercicio_tres_interface/ejercicio_tres_interface
[3.135s] -- Up-to-date: /home/sergio/ros2_ws/install/ejercicio_tres_interface/include/ejercicio_tres_interface/ejercicio_tres_interface/msg
[3.135s] -- Up-to-date: /home/sergio/ros2_ws/install/ejercicio_tres_interface/include/ejercicio_tres_interface/ejercicio_tres_interface/msg/rosidl_typesupport_fastrtps_cpp__visibility_control.h
[3.135s] -- Up-to-date: /home/sergio/ros2_ws/install/ejercicio_tres_interface/include/ejercicio_tres_interface/ejercicio_tres_interface/srv
[3.135s] -- Up-to-date: /home/sergio/ros2_ws/install/ejercicio_tres_interface/include/ejercicio_tres_interface/ejercicio_tres_interface/srv/detail
[3.135s] -- Up-to-date: /home/sergio/ros2_ws/install/ejercicio_tres_interface/include/ejercicio_tres_interface/ejercicio_tres_interface/srv/detail/dds_fastrtps
[3.136s] -- Up-to-date: /home/sergio/ros2_ws/install/ejercicio_tres_interface/include/ejercicio_tres_interface/ejercicio_tres_interface/srv/detail/midpoint__rosidl_typesupport_fastrtps_cpp.hpp
[3.136s] -- Up-to-date: /home/sergio/ros2_ws/install/ejercicio_tres_interface/lib/libejercicio_tres_interface__rosidl_typesupport_fastrtps_cpp.so
[3.137s] -- Up-to-date: /home/sergio/ros2_ws/install/ejercicio_tres_interface/include/ejercicio_tres_interface/ejercicio_tres_interface
[3.137s] -- Up-to-date: /home/sergio/ros2_ws/install/ejercicio_tres_interface/include/ejercicio_tres_interface/ejercicio_tres_interface/srv
[3.137s] -- Up-to-date: /home/sergio/ros2_ws/install/ejercicio_tres_interface/include/ejercicio_tres_interface/ejercicio_tres_interface/srv/detail
[3.137s] -- Up-to-date: /home/sergio/ros2_ws/install/ejercicio_tres_interface/include/ejercicio_tres_interface/ejercicio_tres_interface/srv/detail/midpoint__type_support.cpp
[3.137s] -- Up-to-date: /home/sergio/ros2_ws/install/ejercicio_tres_interface/include/ejercicio_tres_interface/ejercicio_tres_interface/srv/detail/midpoint__rosidl_typesupport_introspection_cpp.hpp
[3.138s] -- Up-to-date: /home/sergio/ros2_ws/install/ejercicio_tres_interface/lib/libejercicio_tres_interface__rosidl_typesupport_introspection_cpp.so
[3.139s] -- Up-to-date: /home/sergio/ros2_ws/install/ejercicio_tres_interface/lib/libejercicio_tres_interface__rosidl_typesupport_cpp.so
[3.139s] -- Up-to-date: /home/sergio/ros2_ws/install/ejercicio_tres_interface/share/ejercicio_tres_interface/environment/pythonpath.sh
[3.139s] -- Up-to-date: /home/sergio/ros2_ws/install/ejercicio_tres_interface/share/ejercicio_tres_interface/environment/pythonpath.dsv
[3.139s] -- Up-to-date: /home/sergio/ros2_ws/install/ejercicio_tres_interface/local/lib/python3.10/dist-packages/ejercicio_tres_interface-0.0.0-py3.10.egg-info
[3.139s] -- Installing: /home/sergio/ros2_ws/install/ejercicio_tres_interface/local/lib/python3.10/dist-packages/ejercicio_tres_interface-0.0.0-py3.10.egg-info/PKG-INFO
[3.139s] -- Installing: /home/sergio/ros2_ws/install/ejercicio_tres_interface/local/lib/python3.10/dist-packages/ejercicio_tres_interface-0.0.0-py3.10.egg-info/SOURCES.txt
[3.139s] -- Installing: /home/sergio/ros2_ws/install/ejercicio_tres_interface/local/lib/python3.10/dist-packages/ejercicio_tres_interface-0.0.0-py3.10.egg-info/top_level.txt
[3.148s] -- Installing: /home/sergio/ros2_ws/install/ejercicio_tres_interface/local/lib/python3.10/dist-packages/ejercicio_tres_interface-0.0.0-py3.10.egg-info/dependency_links.txt
[3.148s] -- Up-to-date: /home/sergio/ros2_ws/install/ejercicio_tres_interface/local/lib/python3.10/dist-packages/ejercicio_tres_interface
[3.148s] -- Up-to-date: /home/sergio/ros2_ws/install/ejercicio_tres_interface/local/lib/python3.10/dist-packages/ejercicio_tres_interface/ejercicio_tres_interface_s__rosidl_typesupport_c.cpython-310-x86_64-linux-gnu.so
[3.148s] -- Up-to-date: /home/sergio/ros2_ws/install/ejercicio_tres_interface/local/lib/python3.10/dist-packages/ejercicio_tres_interface/ejercicio_tres_interface_s__rosidl_typesupport_introspection_c.cpython-310-x86_64-linux-gnu.so
[3.148s] -- Up-to-date: /home/sergio/ros2_ws/install/ejercicio_tres_interface/local/lib/python3.10/dist-packages/ejercicio_tres_interface/__init__.py
[3.148s] -- Up-to-date: /home/sergio/ros2_ws/install/ejercicio_tres_interface/local/lib/python3.10/dist-packages/ejercicio_tres_interface/_ejercicio_tres_interface_s.ep.rosidl_typesupport_fastrtps_c.c
[3.149s] -- Up-to-date: /home/sergio/ros2_ws/install/ejercicio_tres_interface/local/lib/python3.10/dist-packages/ejercicio_tres_interface/_ejercicio_tres_interface_s.ep.rosidl_typesupport_introspection_c.c
[3.149s] -- Up-to-date: /home/sergio/ros2_ws/install/ejercicio_tres_interface/local/lib/python3.10/dist-packages/ejercicio_tres_interface/_ejercicio_tres_interface_s.ep.rosidl_typesupport_c.c
[3.149s] -- Up-to-date: /home/sergio/ros2_ws/install/ejercicio_tres_interface/local/lib/python3.10/dist-packages/ejercicio_tres_interface/libejercicio_tres_interface__rosidl_generator_py.so
[3.149s] -- Up-to-date: /home/sergio/ros2_ws/install/ejercicio_tres_interface/local/lib/python3.10/dist-packages/ejercicio_tres_interface/srv
[3.149s] -- Up-to-date: /home/sergio/ros2_ws/install/ejercicio_tres_interface/local/lib/python3.10/dist-packages/ejercicio_tres_interface/srv/__init__.py
[3.149s] -- Up-to-date: /home/sergio/ros2_ws/install/ejercicio_tres_interface/local/lib/python3.10/dist-packages/ejercicio_tres_interface/srv/_midpoint_s.c
[3.149s] -- Up-to-date: /home/sergio/ros2_ws/install/ejercicio_tres_interface/local/lib/python3.10/dist-packages/ejercicio_tres_interface/srv/_midpoint.py
[3.149s] -- Up-to-date: /home/sergio/ros2_ws/install/ejercicio_tres_interface/local/lib/python3.10/dist-packages/ejercicio_tres_interface/ejercicio_tres_interface_s__rosidl_typesupport_fastrtps_c.cpython-310-x86_64-linux-gnu.so
[3.242s] Listing '/home/sergio/ros2_ws/install/ejercicio_tres_interface/local/lib/python3.10/dist-packages/ejercicio_tres_interface'...
[3.245s] Listing '/home/sergio/ros2_ws/install/ejercicio_tres_interface/local/lib/python3.10/dist-packages/ejercicio_tres_interface/srv'...
[3.247s] -- Up-to-date: /home/sergio/ros2_ws/install/ejercicio_tres_interface/local/lib/python3.10/dist-packages/ejercicio_tres_interface/ejercicio_tres_interface_s__rosidl_typesupport_fastrtps_c.cpython-310-x86_64-linux-gnu.so
[3.247s] -- Up-to-date: /home/sergio/ros2_ws/install/ejercicio_tres_interface/local/lib/python3.10/dist-packages/ejercicio_tres_interface/ejercicio_tres_interface_s__rosidl_typesupport_introspection_c.cpython-310-x86_64-linux-gnu.so
[3.247s] -- Up-to-date: /home/sergio/ros2_ws/install/ejercicio_tres_interface/local/lib/python3.10/dist-packages/ejercicio_tres_interface/ejercicio_tres_interface_s__rosidl_typesupport_c.cpython-310-x86_64-linux-gnu.so
[3.247s] -- Up-to-date: /home/sergio/ros2_ws/install/ejercicio_tres_interface/lib/libejercicio_tres_interface__rosidl_generator_py.so
[3.247s] -- Up-to-date: /home/sergio/ros2_ws/install/ejercicio_tres_interface/share/ejercicio_tres_interface/srv/Midpoint.idl
[3.247s] -- Up-to-date: /home/sergio/ros2_ws/install/ejercicio_tres_interface/share/ejercicio_tres_interface/srv/Midpoint.srv
[3.248s] -- Up-to-date: /home/sergio/ros2_ws/install/ejercicio_tres_interface/share/ejercicio_tres_interface/srv/Midpoint_Request.msg
[3.248s] -- Up-to-date: /home/sergio/ros2_ws/install/ejercicio_tres_interface/share/ejercicio_tres_interface/srv/Midpoint_Response.msg
[3.248s] -- Up-to-date: /home/sergio/ros2_ws/install/ejercicio_tres_interface/share/ament_index/resource_index/package_run_dependencies/ejercicio_tres_interface
[3.248s] -- Up-to-date: /home/sergio/ros2_ws/install/ejercicio_tres_interface/share/ament_index/resource_index/parent_prefix_path/ejercicio_tres_interface
[3.248s] -- Up-to-date: /home/sergio/ros2_ws/install/ejercicio_tres_interface/share/ejercicio_tres_interface/environment/ament_prefix_path.sh
[3.248s] -- Up-to-date: /home/sergio/ros2_ws/install/ejercicio_tres_interface/share/ejercicio_tres_interface/environment/ament_prefix_path.dsv
[3.248s] -- Up-to-date: /home/sergio/ros2_ws/install/ejercicio_tres_interface/share/ejercicio_tres_interface/environment/path.sh
[3.249s] -- Up-to-date: /home/sergio/ros2_ws/install/ejercicio_tres_interface/share/ejercicio_tres_interface/environment/path.dsv
[3.249s] -- Up-to-date: /home/sergio/ros2_ws/install/ejercicio_tres_interface/share/ejercicio_tres_interface/local_setup.bash
[3.252s] -- Up-to-date: /home/sergio/ros2_ws/install/ejercicio_tres_interface/share/ejercicio_tres_interface/local_setup.sh
[3.253s] -- Up-to-date: /home/sergio/ros2_ws/install/ejercicio_tres_interface/share/ejercicio_tres_interface/local_setup.zsh
[3.253s] -- Up-to-date: /home/sergio/ros2_ws/install/ejercicio_tres_interface/share/ejercicio_tres_interface/local_setup.dsv
[3.253s] -- Installing: /home/sergio/ros2_ws/install/ejercicio_tres_interface/share/ejercicio_tres_interface/package.dsv
[3.253s] -- Up-to-date: /home/sergio/ros2_ws/install/ejercicio_tres_interface/share/ament_index/resource_index/packages/ejercicio_tres_interface
[3.253s] -- Up-to-date: /home/sergio/ros2_ws/install/ejercicio_tres_interface/share/ejercicio_tres_interface/cmake/export_ejercicio_tres_interface__rosidl_generator_cExport.cmake
[3.254s] -- Up-to-date: /home/sergio/ros2_ws/install/ejercicio_tres_interface/share/ejercicio_tres_interface/cmake/export_ejercicio_tres_interface__rosidl_generator_cExport-noconfig.cmake
[3.254s] -- Up-to-date: /home/sergio/ros2_ws/install/ejercicio_tres_interface/share/ejercicio_tres_interface/cmake/export_ejercicio_tres_interface__rosidl_typesupport_fastrtps_cExport.cmake
[3.254s] -- Up-to-date: /home/sergio/ros2_ws/install/ejercicio_tres_interface/share/ejercicio_tres_interface/cmake/export_ejercicio_tres_interface__rosidl_typesupport_fastrtps_cExport-noconfig.cmake
[3.254s] -- Up-to-date: /home/sergio/ros2_ws/install/ejercicio_tres_interface/share/ejercicio_tres_interface/cmake/ejercicio_tres_interface__rosidl_typesupport_introspection_cExport.cmake
[3.254s] -- Up-to-date: /home/sergio/ros2_ws/install/ejercicio_tres_interface/share/ejercicio_tres_interface/cmake/ejercicio_tres_interface__rosidl_typesupport_introspection_cExport-noconfig.cmake
[3.255s] -- Up-to-date: /home/sergio/ros2_ws/install/ejercicio_tres_interface/share/ejercicio_tres_interface/cmake/ejercicio_tres_interface__rosidl_typesupport_cExport.cmake
[3.256s] -- Up-to-date: /home/sergio/ros2_ws/install/ejercicio_tres_interface/share/ejercicio_tres_interface/cmake/ejercicio_tres_interface__rosidl_typesupport_cExport-noconfig.cmake
[3.256s] -- Up-to-date: /home/sergio/ros2_ws/install/ejercicio_tres_interface/share/ejercicio_tres_interface/cmake/export_ejercicio_tres_interface__rosidl_generator_cppExport.cmake
[3.256s] -- Up-to-date: /home/sergio/ros2_ws/install/ejercicio_tres_interface/share/ejercicio_tres_interface/cmake/export_ejercicio_tres_interface__rosidl_typesupport_fastrtps_cppExport.cmake
[3.256s] -- Up-to-date: /home/sergio/ros2_ws/install/ejercicio_tres_interface/share/ejercicio_tres_interface/cmake/export_ejercicio_tres_interface__rosidl_typesupport_fastrtps_cppExport-noconfig.cmake
[3.256s] -- Up-to-date: /home/sergio/ros2_ws/install/ejercicio_tres_interface/share/ejercicio_tres_interface/cmake/ejercicio_tres_interface__rosidl_typesupport_introspection_cppExport.cmake
[3.257s] -- Up-to-date: /home/sergio/ros2_ws/install/ejercicio_tres_interface/share/ejercicio_tres_interface/cmake/ejercicio_tres_interface__rosidl_typesupport_introspection_cppExport-noconfig.cmake
[3.257s] -- Up-to-date: /home/sergio/ros2_ws/install/ejercicio_tres_interface/share/ejercicio_tres_interface/cmake/ejercicio_tres_interface__rosidl_typesupport_cppExport.cmake
[3.257s] -- Up-to-date: /home/sergio/ros2_ws/install/ejercicio_tres_interface/share/ejercicio_tres_interface/cmake/ejercicio_tres_interface__rosidl_typesupport_cppExport-noconfig.cmake
[3.257s] -- Up-to-date: /home/sergio/ros2_ws/install/ejercicio_tres_interface/share/ejercicio_tres_interface/cmake/export_ejercicio_tres_interface__rosidl_generator_pyExport.cmake
[3.257s] -- Up-to-date: /home/sergio/ros2_ws/install/ejercicio_tres_interface/share/ejercicio_tres_interface/cmake/export_ejercicio_tres_interface__rosidl_generator_pyExport-noconfig.cmake
[3.258s] -- Up-to-date: /home/sergio/ros2_ws/install/ejercicio_tres_interface/share/ejercicio_tres_interface/cmake/rosidl_cmake-extras.cmake
[3.258s] -- Up-to-date: /home/sergio/ros2_ws/install/ejercicio_tres_interface/share/ejercicio_tres_interface/cmake/ament_cmake_export_include_directories-extras.cmake
[3.258s] -- Up-to-date: /home/sergio/ros2_ws/install/ejercicio_tres_interface/share/ejercicio_tres_interface/cmake/ament_cmake_export_libraries-extras.cmake
[3.258s] -- Up-to-date: /home/sergio/ros2_ws/install/ejercicio_tres_interface/share/ejercicio_tres_interface/cmake/ament_cmake_export_targets-extras.cmake
[3.258s] -- Up-to-date: /home/sergio/ros2_ws/install/ejercicio_tres_interface/share/ejercicio_tres_interface/cmake/rosidl_cmake_export_typesupport_targets-extras.cmake
[3.258s] -- Up-to-date: /home/sergio/ros2_ws/install/ejercicio_tres_interface/share/ejercicio_tres_interface/cmake/ament_cmake_export_dependencies-extras.cmake
[3.259s] -- Up-to-date: /home/sergio/ros2_ws/install/ejercicio_tres_interface/share/ejercicio_tres_interface/cmake/rosidl_cmake_export_typesupport_libraries-extras.cmake
[3.259s] -- Up-to-date: /home/sergio/ros2_ws/install/ejercicio_tres_interface/share/ejercicio_tres_interface/cmake/ejercicio_tres_interfaceConfig.cmake
[3.259s] -- Up-to-date: /home/sergio/ros2_ws/install/ejercicio_tres_interface/share/ejercicio_tres_interface/cmake/ejercicio_tres_interfaceConfig-version.cmake
[3.259s] -- Up-to-date: /home/sergio/ros2_ws/install/ejercicio_tres_interface/share/ejercicio_tres_interface/package.xml
[3.304s] Invoked command in '/home/sergio/ros2_ws/build/ejercicio_tres_interface' returned '0': CMAKE_PREFIX_PATH=${CMAKE_PREFIX_PATH}:/home/sergio/ros2_ws/install/robot_autonomo:/home/sergio/ros2_ws/install/my_stage_mover:/home/sergio/ros2_ws/install/auto_mover:/home/sergio/ros2_ws/install/turtlebot3_teleop:/home/sergio/ros2_ws/install/turtlebot3_example:/home/sergio/ros2_ws/install/trr_robot_ps:/home/sergio/ros2_ws/install/p1_ej3_servidor:/home/sergio/ros2_ws/install/p1_ej3_cliente:/home/sergio/ros2_ws/install/p1_ej2_nodos_sensor:/home/sergio/ros2_ws/install/p1_ej2_nodo5:/home/sergio/ros2_ws/install/p1_ej2_nodo4:/home/sergio/ros2_ws/install/nodo_adc_sub:/home/sergio/ros2_ws/install/my_package:/home/sergio/ros2_ws/install/mma_talker:/home/sergio/ros2_ws/install/mma_service:/home/sergio/ros2_ws/install/mma_listener:/home/sergio/ros2_ws/install/ejercicio_tres_server:/home/sergio/ros2_ws/install/ejercicio_tres_client:/home/sergio/ros2_ws/install/ejercicio_dos:/home/sergio/ros2_ws/install/ejemplo_uno:/home/sergio/ros2_ws/install/P1_ej1_sub:/home/sergio/ros2_ws/install/P1_ej1_pub:/opt/ros/humble /usr/bin/cmake --install /home/sergio/ros2_ws/build/ejercicio_tres_interface
