[6.029s] Invoking command in '/home/sergio/ros2_ws/src/ejercicio_dos': PYTHONPATH=/home/sergio/ros2_ws/build/ejercicio_dos/prefix_override:/usr/lib/python3/dist-packages/colcon_core/task/python/colcon_distutils_commands:/home/sergio/ros2_ws/install/ejercicio_dos/lib/python3.10/site-packages:${PYTHONPATH} /usr/bin/python3 -W ignore:setup.py install is deprecated -W ignore:easy_install command is deprecated setup.py egg_info --egg-base ../../build/ejercicio_dos build --build-base /home/sergio/ros2_ws/build/ejercicio_dos/build install --record /home/sergio/ros2_ws/build/ejercicio_dos/install.log --single-version-externally-managed install_data
[7.194s] running egg_info
[7.196s] writing ../../build/ejercicio_dos/ejercicio_dos.egg-info/PKG-INFO
[7.202s] writing dependency_links to ../../build/ejercicio_dos/ejercicio_dos.egg-info/dependency_links.txt
[7.203s] writing entry points to ../../build/ejercicio_dos/ejercicio_dos.egg-info/entry_points.txt
[7.203s] writing requirements to ../../build/ejercicio_dos/ejercicio_dos.egg-info/requires.txt
[7.203s] writing top-level names to ../../build/ejercicio_dos/ejercicio_dos.egg-info/top_level.txt
[7.204s] reading manifest file '../../build/ejercicio_dos/ejercicio_dos.egg-info/SOURCES.txt'
[7.247s] writing manifest file '../../build/ejercicio_dos/ejercicio_dos.egg-info/SOURCES.txt'
[7.248s] running build
[7.248s] running build_py
[7.248s] running install
[7.248s] running install_lib
[7.250s] running install_data
[7.250s] running install_egg_info
[7.250s] removing '/home/sergio/ros2_ws/install/ejercicio_dos/lib/python3.10/site-packages/ejercicio_dos-0.0.0-py3.10.egg-info' (and everything under it)
[7.251s] Copying ../../build/ejercicio_dos/ejercicio_dos.egg-info to /home/sergio/ros2_ws/install/ejercicio_dos/lib/python3.10/site-packages/ejercicio_dos-0.0.0-py3.10.egg-info
[7.251s] running install_scripts
[7.283s] Installing impares_publisher script to /home/sergio/ros2_ws/install/ejercicio_dos/lib/ejercicio_dos
[7.283s] Installing pares_publisher script to /home/sergio/ros2_ws/install/ejercicio_dos/lib/ejercicio_dos
[7.283s] Installing suma_cuadrados script to /home/sergio/ros2_ws/install/ejercicio_dos/lib/ejercicio_dos
[7.283s] writing list of installed files to '/home/sergio/ros2_ws/build/ejercicio_dos/install.log'
[8.318s] Invoked command in '/home/sergio/ros2_ws/src/ejercicio_dos' returned '0': PYTHONPATH=/home/sergio/ros2_ws/build/ejercicio_dos/prefix_override:/usr/lib/python3/dist-packages/colcon_core/task/python/colcon_distutils_commands:/home/sergio/ros2_ws/install/ejercicio_dos/lib/python3.10/site-packages:${PYTHONPATH} /usr/bin/python3 -W ignore:setup.py install is deprecated -W ignore:easy_install command is deprecated setup.py egg_info --egg-base ../../build/ejercicio_dos build --build-base /home/sergio/ros2_ws/build/ejercicio_dos/build install --record /home/sergio/ros2_ws/build/ejercicio_dos/install.log --single-version-externally-managed install_data
