[5.156s] Invoking command in '/home/sergio/ros2_ws/src/p1_ej3_cliente': PYTHONPATH=/home/sergio/ros2_ws/build/p1_ej3_cliente/prefix_override:/usr/lib/python3/dist-packages/colcon_core/task/python/colcon_distutils_commands:/home/sergio/ros2_ws/install/p1_ej3_cliente/lib/python3.10/site-packages:${PYTHONPATH} /usr/bin/python3 -W ignore:setup.py install is deprecated -W ignore:easy_install command is deprecated setup.py egg_info --egg-base ../../build/p1_ej3_cliente build --build-base /home/sergio/ros2_ws/build/p1_ej3_cliente/build install --record /home/sergio/ros2_ws/build/p1_ej3_cliente/install.log --single-version-externally-managed install_data
[6.056s] running egg_info
[6.056s] writing ../../build/p1_ej3_cliente/p1_ej3_cliente.egg-info/PKG-INFO
[6.056s] writing dependency_links to ../../build/p1_ej3_cliente/p1_ej3_cliente.egg-info/dependency_links.txt
[6.057s] writing entry points to ../../build/p1_ej3_cliente/p1_ej3_cliente.egg-info/entry_points.txt
[6.058s] writing requirements to ../../build/p1_ej3_cliente/p1_ej3_cliente.egg-info/requires.txt
[6.058s] writing top-level names to ../../build/p1_ej3_cliente/p1_ej3_cliente.egg-info/top_level.txt
[6.060s] reading manifest file '../../build/p1_ej3_cliente/p1_ej3_cliente.egg-info/SOURCES.txt'
[6.060s] writing manifest file '../../build/p1_ej3_cliente/p1_ej3_cliente.egg-info/SOURCES.txt'
[6.060s] running build
[6.060s] running build_py
[6.060s] running install
[6.061s] running install_lib
[6.065s] running install_data
[6.065s] running install_egg_info
[6.068s] removing '/home/sergio/ros2_ws/install/p1_ej3_cliente/lib/python3.10/site-packages/p1_ej3_cliente-0.0.0-py3.10.egg-info' (and everything under it)
[6.068s] Copying ../../build/p1_ej3_cliente/p1_ej3_cliente.egg-info to /home/sergio/ros2_ws/install/p1_ej3_cliente/lib/python3.10/site-packages/p1_ej3_cliente-0.0.0-py3.10.egg-info
[6.071s] running install_scripts
[6.106s] Installing cliente script to /home/sergio/ros2_ws/install/p1_ej3_cliente/lib/p1_ej3_cliente
[6.110s] writing list of installed files to '/home/sergio/ros2_ws/build/p1_ej3_cliente/install.log'
[6.148s] Invoked command in '/home/sergio/ros2_ws/src/p1_ej3_cliente' returned '0': PYTHONPATH=/home/sergio/ros2_ws/build/p1_ej3_cliente/prefix_override:/usr/lib/python3/dist-packages/colcon_core/task/python/colcon_distutils_commands:/home/sergio/ros2_ws/install/p1_ej3_cliente/lib/python3.10/site-packages:${PYTHONPATH} /usr/bin/python3 -W ignore:setup.py install is deprecated -W ignore:easy_install command is deprecated setup.py egg_info --egg-base ../../build/p1_ej3_cliente build --build-base /home/sergio/ros2_ws/build/p1_ej3_cliente/build install --record /home/sergio/ros2_ws/build/p1_ej3_cliente/install.log --single-version-externally-managed install_data
