[3.932s] Invoking command in '/home/sergio/ros2_ws/src/mma_talker': PYTHONPATH=/home/sergio/ros2_ws/build/mma_talker/prefix_override:/usr/lib/python3/dist-packages/colcon_core/task/python/colcon_distutils_commands:/home/sergio/ros2_ws/install/mma_talker/lib/python3.10/site-packages:${PYTHONPATH} /usr/bin/python3 -W ignore:setup.py install is deprecated -W ignore:easy_install command is deprecated setup.py egg_info --egg-base ../../build/mma_talker build --build-base /home/sergio/ros2_ws/build/mma_talker/build install --record /home/sergio/ros2_ws/build/mma_talker/install.log --single-version-externally-managed install_data
[4.647s] running egg_info
[4.647s] writing ../../build/mma_talker/mma_talker.egg-info/PKG-INFO
[4.647s] writing dependency_links to ../../build/mma_talker/mma_talker.egg-info/dependency_links.txt
[4.647s] writing entry points to ../../build/mma_talker/mma_talker.egg-info/entry_points.txt
[4.648s] writing requirements to ../../build/mma_talker/mma_talker.egg-info/requires.txt
[4.648s] writing top-level names to ../../build/mma_talker/mma_talker.egg-info/top_level.txt
[4.648s] reading manifest file '../../build/mma_talker/mma_talker.egg-info/SOURCES.txt'
[4.649s] writing manifest file '../../build/mma_talker/mma_talker.egg-info/SOURCES.txt'
[4.649s] running build
[4.649s] running build_py
[4.650s] running install
[4.650s] running install_lib
[4.652s] running install_data
[4.652s] running install_egg_info
[4.655s] removing '/home/sergio/ros2_ws/install/mma_talker/lib/python3.10/site-packages/mma_talker-0.0.0-py3.10.egg-info' (and everything under it)
[4.655s] Copying ../../build/mma_talker/mma_talker.egg-info to /home/sergio/ros2_ws/install/mma_talker/lib/python3.10/site-packages/mma_talker-0.0.0-py3.10.egg-info
[4.656s] running install_scripts
[4.689s] Installing mma_talker script to /home/sergio/ros2_ws/install/mma_talker/lib/mma_talker
[4.689s] Installing talker script to /home/sergio/ros2_ws/install/mma_talker/lib/mma_talker
[4.689s] writing list of installed files to '/home/sergio/ros2_ws/build/mma_talker/install.log'
[4.968s] Invoked command in '/home/sergio/ros2_ws/src/mma_talker' returned '0': PYTHONPATH=/home/sergio/ros2_ws/build/mma_talker/prefix_override:/usr/lib/python3/dist-packages/colcon_core/task/python/colcon_distutils_commands:/home/sergio/ros2_ws/install/mma_talker/lib/python3.10/site-packages:${PYTHONPATH} /usr/bin/python3 -W ignore:setup.py install is deprecated -W ignore:easy_install command is deprecated setup.py egg_info --egg-base ../../build/mma_talker build --build-base /home/sergio/ros2_ws/build/mma_talker/build install --record /home/sergio/ros2_ws/build/mma_talker/install.log --single-version-externally-managed install_data
