[6.457s] Invoking command in '/home/sergio/ros2_ws/src/ejercicio_tres_server': PYTHONPATH=/home/sergio/ros2_ws/build/ejercicio_tres_server/prefix_override:/usr/lib/python3/dist-packages/colcon_core/task/python/colcon_distutils_commands:/home/sergio/ros2_ws/install/ejercicio_tres_server/lib/python3.10/site-packages:${PYTHONPATH} /usr/bin/python3 -W ignore:setup.py install is deprecated -W ignore:easy_install command is deprecated setup.py egg_info --egg-base ../../build/ejercicio_tres_server build --build-base /home/sergio/ros2_ws/build/ejercicio_tres_server/build install --record /home/sergio/ros2_ws/build/ejercicio_tres_server/install.log --single-version-externally-managed install_data
[7.683s] running egg_info
[7.684s] writing ../../build/ejercicio_tres_server/ejercicio_tres_server.egg-info/PKG-INFO
[7.684s] writing dependency_links to ../../build/ejercicio_tres_server/ejercicio_tres_server.egg-info/dependency_links.txt
[7.684s] writing entry points to ../../build/ejercicio_tres_server/ejercicio_tres_server.egg-info/entry_points.txt
[7.685s] writing requirements to ../../build/ejercicio_tres_server/ejercicio_tres_server.egg-info/requires.txt
[7.685s] writing top-level names to ../../build/ejercicio_tres_server/ejercicio_tres_server.egg-info/top_level.txt
[7.693s] reading manifest file '../../build/ejercicio_tres_server/ejercicio_tres_server.egg-info/SOURCES.txt'
[7.698s] writing manifest file '../../build/ejercicio_tres_server/ejercicio_tres_server.egg-info/SOURCES.txt'
[7.698s] running build
[7.698s] running build_py
[7.702s] running install
[7.703s] running install_lib
[7.709s] running install_data
[7.709s] running install_egg_info
[7.722s] removing '/home/sergio/ros2_ws/install/ejercicio_tres_server/lib/python3.10/site-packages/ejercicio_tres_server-0.0.0-py3.10.egg-info' (and everything under it)
[7.722s] Copying ../../build/ejercicio_tres_server/ejercicio_tres_server.egg-info to /home/sergio/ros2_ws/install/ejercicio_tres_server/lib/python3.10/site-packages/ejercicio_tres_server-0.0.0-py3.10.egg-info
[7.725s] running install_scripts
[7.833s] Installing midpoint_server script to /home/sergio/ros2_ws/install/ejercicio_tres_server/lib/ejercicio_tres_server
[7.833s] writing list of installed files to '/home/sergio/ros2_ws/build/ejercicio_tres_server/install.log'
[8.091s] Invoked command in '/home/sergio/ros2_ws/src/ejercicio_tres_server' returned '0': PYTHONPATH=/home/sergio/ros2_ws/build/ejercicio_tres_server/prefix_override:/usr/lib/python3/dist-packages/colcon_core/task/python/colcon_distutils_commands:/home/sergio/ros2_ws/install/ejercicio_tres_server/lib/python3.10/site-packages:${PYTHONPATH} /usr/bin/python3 -W ignore:setup.py install is deprecated -W ignore:easy_install command is deprecated setup.py egg_info --egg-base ../../build/ejercicio_tres_server build --build-base /home/sergio/ros2_ws/build/ejercicio_tres_server/build install --record /home/sergio/ros2_ws/build/ejercicio_tres_server/install.log --single-version-externally-managed install_data
