[5.393s] Invoking command in '/home/sergio/ros2_ws/src/ejercicio_tres_client': PYTHONPATH=/home/sergio/ros2_ws/build/ejercicio_tres_client/prefix_override:/usr/lib/python3/dist-packages/colcon_core/task/python/colcon_distutils_commands:/home/sergio/ros2_ws/install/ejercicio_tres_client/lib/python3.10/site-packages:${PYTHONPATH} /usr/bin/python3 -W ignore:setup.py install is deprecated -W ignore:easy_install command is deprecated setup.py egg_info --egg-base ../../build/ejercicio_tres_client build --build-base /home/sergio/ros2_ws/build/ejercicio_tres_client/build install --record /home/sergio/ros2_ws/build/ejercicio_tres_client/install.log --single-version-externally-managed install_data
[6.368s] running egg_info
[6.374s] writing ../../build/ejercicio_tres_client/ejercicio_tres_client.egg-info/PKG-INFO
[6.374s] writing dependency_links to ../../build/ejercicio_tres_client/ejercicio_tres_client.egg-info/dependency_links.txt
[6.375s] writing entry points to ../../build/ejercicio_tres_client/ejercicio_tres_client.egg-info/entry_points.txt
[6.375s] writing requirements to ../../build/ejercicio_tres_client/ejercicio_tres_client.egg-info/requires.txt
[6.375s] writing top-level names to ../../build/ejercicio_tres_client/ejercicio_tres_client.egg-info/top_level.txt
[6.380s] reading manifest file '../../build/ejercicio_tres_client/ejercicio_tres_client.egg-info/SOURCES.txt'
[6.390s] writing manifest file '../../build/ejercicio_tres_client/ejercicio_tres_client.egg-info/SOURCES.txt'
[6.391s] running build
[6.391s] running build_py
[6.391s] running install
[6.391s] running install_lib
[6.391s] running install_data
[6.392s] running install_egg_info
[6.397s] removing '/home/sergio/ros2_ws/install/ejercicio_tres_client/lib/python3.10/site-packages/ejercicio_tres_client-0.0.0-py3.10.egg-info' (and everything under it)
[6.397s] Copying ../../build/ejercicio_tres_client/ejercicio_tres_client.egg-info to /home/sergio/ros2_ws/install/ejercicio_tres_client/lib/python3.10/site-packages/ejercicio_tres_client-0.0.0-py3.10.egg-info
[6.399s] running install_scripts
[6.466s] Installing midpoint_client script to /home/sergio/ros2_ws/install/ejercicio_tres_client/lib/ejercicio_tres_client
[6.466s] writing list of installed files to '/home/sergio/ros2_ws/build/ejercicio_tres_client/install.log'
[7.051s] Invoked command in '/home/sergio/ros2_ws/src/ejercicio_tres_client' returned '0': PYTHONPATH=/home/sergio/ros2_ws/build/ejercicio_tres_client/prefix_override:/usr/lib/python3/dist-packages/colcon_core/task/python/colcon_distutils_commands:/home/sergio/ros2_ws/install/ejercicio_tres_client/lib/python3.10/site-packages:${PYTHONPATH} /usr/bin/python3 -W ignore:setup.py install is deprecated -W ignore:easy_install command is deprecated setup.py egg_info --egg-base ../../build/ejercicio_tres_client build --build-base /home/sergio/ros2_ws/build/ejercicio_tres_client/build install --record /home/sergio/ros2_ws/build/ejercicio_tres_client/install.log --single-version-externally-managed install_data
