[2.337s] Invoking command in '/home/sergio/ros2_ws/src/robot_nav': PYTHONPATH=/home/sergio/ros2_ws/build/robot_nav/prefix_override:/home/sergio/.espressif/python_env/idf5.2_py3.10_env/lib/python3.10/site-packages/colcon_core/task/python/colcon_distutils_commands:/home/sergio/ros2_ws/install/robot_nav/lib/python3.10/site-packages:${PYTHONPATH} /home/sergio/.espressif/python_env/idf5.2_py3.10_env/bin/python3 -W ignore:setup.py install is deprecated -W ignore:easy_install command is deprecated setup.py egg_info --egg-base ../../build/robot_nav build --build-base /home/sergio/ros2_ws/build/robot_nav/build install --record /home/sergio/ros2_ws/build/robot_nav/install.log --single-version-externally-managed install_data
[2.889s] running egg_info
[2.911s] writing ../../build/robot_nav/robot_nav.egg-info/PKG-INFO
[2.913s] writing dependency_links to ../../build/robot_nav/robot_nav.egg-info/dependency_links.txt
[2.913s] writing entry points to ../../build/robot_nav/robot_nav.egg-info/entry_points.txt
[2.914s] writing requirements to ../../build/robot_nav/robot_nav.egg-info/requires.txt
[2.914s] writing top-level names to ../../build/robot_nav/robot_nav.egg-info/top_level.txt
[2.951s] reading manifest file '../../build/robot_nav/robot_nav.egg-info/SOURCES.txt'
[2.952s] writing manifest file '../../build/robot_nav/robot_nav.egg-info/SOURCES.txt'
[2.952s] running build
[2.952s] running build_py
[2.952s] copying robot_nav/path_follower.py -> /home/sergio/ros2_ws/build/robot_nav/build/lib/robot_nav
[2.953s] copying robot_nav/__init__.py -> /home/sergio/ros2_ws/build/robot_nav/build/lib/robot_nav
[2.953s] copying robot_nav/wavefront_planner.py -> /home/sergio/ros2_ws/build/robot_nav/build/lib/robot_nav
[2.953s] copying robot_nav/avoid_obstacles.py -> /home/sergio/ros2_ws/build/robot_nav/build/lib/robot_nav
[2.953s] copying robot_nav/a_star_planner.py -> /home/sergio/ros2_ws/build/robot_nav/build/lib/robot_nav
[2.953s] copying robot_nav/rrt_planner.py -> /home/sergio/ros2_ws/build/robot_nav/build/lib/robot_nav
[2.954s] running install
[2.962s] running install_lib
[2.988s] running install_data
[2.988s] copying resource/robot_nav -> /home/sergio/ros2_ws/install/robot_nav/share/ament_index/resource_index/packages
[2.988s] copying package.xml -> /home/sergio/ros2_ws/install/robot_nav/share/robot_nav
[2.988s] copying launch/bringup.launch.py -> /home/sergio/ros2_ws/install/robot_nav/share/robot_nav/launch
[2.988s] copying rviz/nav2_config.rviz -> /home/sergio/ros2_ws/install/robot_nav/share/robot_nav/rviz
[2.989s] running install_egg_info
[3.010s] removing '/home/sergio/ros2_ws/install/robot_nav/lib/python3.10/site-packages/robot_nav-0.0.0-py3.10.egg-info' (and everything under it)
[3.010s] Copying ../../build/robot_nav/robot_nav.egg-info to /home/sergio/ros2_ws/install/robot_nav/lib/python3.10/site-packages/robot_nav-0.0.0-py3.10.egg-info
[3.011s] running install_scripts
[3.150s] Installing a_star_planner script to /home/sergio/ros2_ws/install/robot_nav/lib/robot_nav
[3.150s] Installing avoid_obstacles script to /home/sergio/ros2_ws/install/robot_nav/lib/robot_nav
[3.151s] Installing path_follower script to /home/sergio/ros2_ws/install/robot_nav/lib/robot_nav
[3.151s] Installing path_planner script to /home/sergio/ros2_ws/install/robot_nav/lib/robot_nav
[3.151s] Installing rrt_planner script to /home/sergio/ros2_ws/install/robot_nav/lib/robot_nav
[3.151s] Installing wavefront_planner script to /home/sergio/ros2_ws/install/robot_nav/lib/robot_nav
[3.151s] writing list of installed files to '/home/sergio/ros2_ws/build/robot_nav/install.log'
[3.180s] Invoked command in '/home/sergio/ros2_ws/src/robot_nav' returned '0': PYTHONPATH=/home/sergio/ros2_ws/build/robot_nav/prefix_override:/home/sergio/.espressif/python_env/idf5.2_py3.10_env/lib/python3.10/site-packages/colcon_core/task/python/colcon_distutils_commands:/home/sergio/ros2_ws/install/robot_nav/lib/python3.10/site-packages:${PYTHONPATH} /home/sergio/.espressif/python_env/idf5.2_py3.10_env/bin/python3 -W ignore:setup.py install is deprecated -W ignore:easy_install command is deprecated setup.py egg_info --egg-base ../../build/robot_nav build --build-base /home/sergio/ros2_ws/build/robot_nav/build install --record /home/sergio/ros2_ws/build/robot_nav/install.log --single-version-externally-managed install_data
