[4.147s] Invoking command in '/home/sergio/ros2_ws/src/p1_ej2_nodo5': PYTHONPATH=/home/sergio/ros2_ws/build/p1_ej2_nodo5/prefix_override:/home/sergio/.espressif/python_env/idf5.2_py3.10_env/lib/python3.10/site-packages/colcon_core/task/python/colcon_distutils_commands:/home/sergio/ros2_ws/install/p1_ej2_nodo5/lib/python3.10/site-packages:${PYTHONPATH} /home/sergio/.espressif/python_env/idf5.2_py3.10_env/bin/python3 -W ignore:setup.py install is deprecated -W ignore:easy_install command is deprecated setup.py egg_info --egg-base ../../build/p1_ej2_nodo5 build --build-base /home/sergio/ros2_ws/build/p1_ej2_nodo5/build install --record /home/sergio/ros2_ws/build/p1_ej2_nodo5/install.log --single-version-externally-managed install_data
[4.591s] running egg_info
[4.608s] writing ../../build/p1_ej2_nodo5/p1_ej2_nodo5.egg-info/PKG-INFO
[4.608s] writing dependency_links to ../../build/p1_ej2_nodo5/p1_ej2_nodo5.egg-info/dependency_links.txt
[4.608s] writing entry points to ../../build/p1_ej2_nodo5/p1_ej2_nodo5.egg-info/entry_points.txt
[4.609s] writing requirements to ../../build/p1_ej2_nodo5/p1_ej2_nodo5.egg-info/requires.txt
[4.609s] writing top-level names to ../../build/p1_ej2_nodo5/p1_ej2_nodo5.egg-info/top_level.txt
[4.650s] reading manifest file '../../build/p1_ej2_nodo5/p1_ej2_nodo5.egg-info/SOURCES.txt'
[4.652s] writing manifest file '../../build/p1_ej2_nodo5/p1_ej2_nodo5.egg-info/SOURCES.txt'
[4.653s] running build
[4.653s] running build_py
[4.653s] copying p1_ej2_nodo5/nodo5.py -> /home/sergio/ros2_ws/build/p1_ej2_nodo5/build/lib/p1_ej2_nodo5
[4.653s] copying p1_ej2_nodo5/__init__.py -> /home/sergio/ros2_ws/build/p1_ej2_nodo5/build/lib/p1_ej2_nodo5
[4.654s] running install
[4.664s] running install_lib
[4.686s] running install_data
[4.687s] copying resource/p1_ej2_nodo5 -> /home/sergio/ros2_ws/install/p1_ej2_nodo5/share/ament_index/resource_index/packages
[4.687s] copying package.xml -> /home/sergio/ros2_ws/install/p1_ej2_nodo5/share/p1_ej2_nodo5
[4.687s] running install_egg_info
[4.711s] removing '/home/sergio/ros2_ws/install/p1_ej2_nodo5/lib/python3.10/site-packages/p1_ej2_nodo5-0.0.0-py3.10.egg-info' (and everything under it)
[4.711s] Copying ../../build/p1_ej2_nodo5/p1_ej2_nodo5.egg-info to /home/sergio/ros2_ws/install/p1_ej2_nodo5/lib/python3.10/site-packages/p1_ej2_nodo5-0.0.0-py3.10.egg-info
[4.716s] running install_scripts
[4.925s] Installing nodo5 script to /home/sergio/ros2_ws/install/p1_ej2_nodo5/lib/p1_ej2_nodo5
[4.925s] writing list of installed files to '/home/sergio/ros2_ws/build/p1_ej2_nodo5/install.log'
[5.003s] Invoked command in '/home/sergio/ros2_ws/src/p1_ej2_nodo5' returned '0': PYTHONPATH=/home/sergio/ros2_ws/build/p1_ej2_nodo5/prefix_override:/home/sergio/.espressif/python_env/idf5.2_py3.10_env/lib/python3.10/site-packages/colcon_core/task/python/colcon_distutils_commands:/home/sergio/ros2_ws/install/p1_ej2_nodo5/lib/python3.10/site-packages:${PYTHONPATH} /home/sergio/.espressif/python_env/idf5.2_py3.10_env/bin/python3 -W ignore:setup.py install is deprecated -W ignore:easy_install command is deprecated setup.py egg_info --egg-base ../../build/p1_ej2_nodo5 build --build-base /home/sergio/ros2_ws/build/p1_ej2_nodo5/build install --record /home/sergio/ros2_ws/build/p1_ej2_nodo5/install.log --single-version-externally-managed install_data
