[2.646s] Invoking command in '/home/sergio/ros2_ws/build/mma_interfaces': CMAKE_PREFIX_PATH=${CMAKE_PREFIX_PATH}:/home/sergio/ros2_ws/install/robot_autonomo:/home/sergio/ros2_ws/install/my_stage_mover:/home/sergio/ros2_ws/install/auto_mover:/home/sergio/ros2_ws/install/turtlebot3_teleop:/home/sergio/ros2_ws/install/turtlebot3_example:/home/sergio/ros2_ws/install/trr_robot_ps:/home/sergio/ros2_ws/install/p1_ej3_servidor:/home/sergio/ros2_ws/install/p1_ej3_cliente:/home/sergio/ros2_ws/install/p1_ej2_nodos_sensor:/home/sergio/ros2_ws/install/p1_ej2_nodo5:/home/sergio/ros2_ws/install/p1_ej2_nodo4:/home/sergio/ros2_ws/install/nodo_adc_sub:/home/sergio/ros2_ws/install/my_package:/home/sergio/ros2_ws/install/mma_talker:/home/sergio/ros2_ws/install/mma_service:/home/sergio/ros2_ws/install/mma_listener:/home/sergio/ros2_ws/install/ejercicio_tres_server:/home/sergio/ros2_ws/install/ejercicio_tres_client:/home/sergio/ros2_ws/install/ejercicio_dos:/home/sergio/ros2_ws/install/ejemplo_uno:/home/sergio/ros2_ws/install/P1_ej1_sub:/home/sergio/ros2_ws/install/P1_ej1_pub:/opt/ros/humble /usr/bin/cmake --build /home/sergio/ros2_ws/build/mma_interfaces -- -j16 -l16
[3.278s] [  2%] Built target mma_interfaces__cpp
[3.278s] [ 12%] Built target mma_interfaces__rosidl_generator_c
[3.278s] [ 12%] Built target ament_cmake_python_copy_mma_interfaces
[3.278s] [ 23%] Built target mma_interfaces__rosidl_typesupport_introspection_c
[3.278s] [ 34%] Built target mma_interfaces__rosidl_typesupport_introspection_cpp
[3.279s] [ 44%] Built target mma_interfaces__rosidl_typesupport_cpp
[3.279s] [ 55%] Built target mma_interfaces__rosidl_typesupport_fastrtps_cpp
[3.279s] [ 65%] Built target mma_interfaces__rosidl_typesupport_fastrtps_c
[3.279s] [ 76%] Built target mma_interfaces__rosidl_typesupport_c
[3.279s] [ 76%] Built target mma_interfaces
[3.279s] [ 78%] Built target mma_interfaces__py
[3.279s] [ 87%] Built target mma_interfaces__rosidl_generator_py
[3.279s] [ 91%] Built target mma_interfaces__rosidl_typesupport_fastrtps_c__pyext
[3.279s] [ 95%] Built target mma_interfaces__rosidl_typesupport_introspection_c__pyext
[3.279s] [100%] Built target mma_interfaces__rosidl_typesupport_c__pyext
[3.279s] running egg_info
[3.279s] writing mma_interfaces.egg-info/PKG-INFO
[3.279s] writing dependency_links to mma_interfaces.egg-info/dependency_links.txt
[3.280s] writing top-level names to mma_interfaces.egg-info/top_level.txt
[3.280s] reading manifest file 'mma_interfaces.egg-info/SOURCES.txt'
[3.280s] writing manifest file 'mma_interfaces.egg-info/SOURCES.txt'
[3.281s] [100%] Built target ament_cmake_python_build_mma_interfaces_egg
[3.542s] Invoked command in '/home/sergio/ros2_ws/build/mma_interfaces' returned '0': CMAKE_PREFIX_PATH=${CMAKE_PREFIX_PATH}:/home/sergio/ros2_ws/install/robot_autonomo:/home/sergio/ros2_ws/install/my_stage_mover:/home/sergio/ros2_ws/install/auto_mover:/home/sergio/ros2_ws/install/turtlebot3_teleop:/home/sergio/ros2_ws/install/turtlebot3_example:/home/sergio/ros2_ws/install/trr_robot_ps:/home/sergio/ros2_ws/install/p1_ej3_servidor:/home/sergio/ros2_ws/install/p1_ej3_cliente:/home/sergio/ros2_ws/install/p1_ej2_nodos_sensor:/home/sergio/ros2_ws/install/p1_ej2_nodo5:/home/sergio/ros2_ws/install/p1_ej2_nodo4:/home/sergio/ros2_ws/install/nodo_adc_sub:/home/sergio/ros2_ws/install/my_package:/home/sergio/ros2_ws/install/mma_talker:/home/sergio/ros2_ws/install/mma_service:/home/sergio/ros2_ws/install/mma_listener:/home/sergio/ros2_ws/install/ejercicio_tres_server:/home/sergio/ros2_ws/install/ejercicio_tres_client:/home/sergio/ros2_ws/install/ejercicio_dos:/home/sergio/ros2_ws/install/ejemplo_uno:/home/sergio/ros2_ws/install/P1_ej1_sub:/home/sergio/ros2_ws/install/P1_ej1_pub:/opt/ros/humble /usr/bin/cmake --build /home/sergio/ros2_ws/build/mma_interfaces -- -j16 -l16
[3.543s] Invoking command in '/home/sergio/ros2_ws/build/mma_interfaces': CMAKE_PREFIX_PATH=${CMAKE_PREFIX_PATH}:/home/sergio/ros2_ws/install/robot_autonomo:/home/sergio/ros2_ws/install/my_stage_mover:/home/sergio/ros2_ws/install/auto_mover:/home/sergio/ros2_ws/install/turtlebot3_teleop:/home/sergio/ros2_ws/install/turtlebot3_example:/home/sergio/ros2_ws/install/trr_robot_ps:/home/sergio/ros2_ws/install/p1_ej3_servidor:/home/sergio/ros2_ws/install/p1_ej3_cliente:/home/sergio/ros2_ws/install/p1_ej2_nodos_sensor:/home/sergio/ros2_ws/install/p1_ej2_nodo5:/home/sergio/ros2_ws/install/p1_ej2_nodo4:/home/sergio/ros2_ws/install/nodo_adc_sub:/home/sergio/ros2_ws/install/my_package:/home/sergio/ros2_ws/install/mma_talker:/home/sergio/ros2_ws/install/mma_service:/home/sergio/ros2_ws/install/mma_listener:/home/sergio/ros2_ws/install/ejercicio_tres_server:/home/sergio/ros2_ws/install/ejercicio_tres_client:/home/sergio/ros2_ws/install/ejercicio_dos:/home/sergio/ros2_ws/install/ejemplo_uno:/home/sergio/ros2_ws/install/P1_ej1_sub:/home/sergio/ros2_ws/install/P1_ej1_pub:/opt/ros/humble /usr/bin/cmake --install /home/sergio/ros2_ws/build/mma_interfaces
[3.785s] -- Install configuration: ""
[3.786s] -- Up-to-date: /home/sergio/ros2_ws/install/mma_interfaces/share/ament_index/resource_index/rosidl_interfaces/mma_interfaces
[3.786s] -- Up-to-date: /home/sergio/ros2_ws/install/mma_interfaces/include/mma_interfaces/mma_interfaces
[3.786s] -- Up-to-date: /home/sergio/ros2_ws/install/mma_interfaces/include/mma_interfaces/mma_interfaces/msg
[3.786s] -- Up-to-date: /home/sergio/ros2_ws/install/mma_interfaces/include/mma_interfaces/mma_interfaces/msg/fighter.h
[3.786s] -- Up-to-date: /home/sergio/ros2_ws/install/mma_interfaces/include/mma_interfaces/mma_interfaces/msg/rosidl_generator_c__visibility_control.h
[3.786s] -- Up-to-date: /home/sergio/ros2_ws/install/mma_interfaces/include/mma_interfaces/mma_interfaces/msg/detail
[3.786s] -- Up-to-date: /home/sergio/ros2_ws/install/mma_interfaces/include/mma_interfaces/mma_interfaces/msg/detail/fighter__type_support.h
[3.787s] -- Up-to-date: /home/sergio/ros2_ws/install/mma_interfaces/include/mma_interfaces/mma_interfaces/msg/detail/fighter__struct.h
[3.787s] -- Up-to-date: /home/sergio/ros2_ws/install/mma_interfaces/include/mma_interfaces/mma_interfaces/msg/detail/fighter__functions.c
[3.787s] -- Up-to-date: /home/sergio/ros2_ws/install/mma_interfaces/include/mma_interfaces/mma_interfaces/msg/detail/fighter__functions.h
[3.787s] -- Up-to-date: /home/sergio/ros2_ws/install/mma_interfaces/include/mma_interfaces/mma_interfaces/action
[3.787s] -- Up-to-date: /home/sergio/ros2_ws/install/mma_interfaces/include/mma_interfaces/mma_interfaces/action/detail
[3.794s] -- Up-to-date: /home/sergio/ros2_ws/install/mma_interfaces/include/mma_interfaces/mma_interfaces/action/detail/fight_simulation__functions.h
[3.794s] -- Up-to-date: /home/sergio/ros2_ws/install/mma_interfaces/include/mma_interfaces/mma_interfaces/action/detail/fight_simulation__functions.c
[3.794s] -- Up-to-date: /home/sergio/ros2_ws/install/mma_interfaces/include/mma_interfaces/mma_interfaces/action/detail/fight_simulation__struct.h
[3.794s] -- Up-to-date: /home/sergio/ros2_ws/install/mma_interfaces/include/mma_interfaces/mma_interfaces/action/detail/fight_simulation__type_support.h
[3.795s] -- Up-to-date: /home/sergio/ros2_ws/install/mma_interfaces/include/mma_interfaces/mma_interfaces/action/fight_simulation.h
[3.795s] -- Up-to-date: /home/sergio/ros2_ws/install/mma_interfaces/include/mma_interfaces/mma_interfaces/srv
[3.795s] -- Up-to-date: /home/sergio/ros2_ws/install/mma_interfaces/include/mma_interfaces/mma_interfaces/srv/fight_request.h
[3.795s] -- Up-to-date: /home/sergio/ros2_ws/install/mma_interfaces/include/mma_interfaces/mma_interfaces/srv/detail
[3.795s] -- Up-to-date: /home/sergio/ros2_ws/install/mma_interfaces/include/mma_interfaces/mma_interfaces/srv/detail/fight_request__struct.h
[3.796s] -- Up-to-date: /home/sergio/ros2_ws/install/mma_interfaces/include/mma_interfaces/mma_interfaces/srv/detail/fight_request__type_support.h
[3.796s] -- Up-to-date: /home/sergio/ros2_ws/install/mma_interfaces/include/mma_interfaces/mma_interfaces/srv/detail/fight_request__functions.h
[3.796s] -- Up-to-date: /home/sergio/ros2_ws/install/mma_interfaces/include/mma_interfaces/mma_interfaces/srv/detail/fight_request__functions.c
[3.796s] -- Up-to-date: /home/sergio/ros2_ws/install/mma_interfaces/share/mma_interfaces/environment/library_path.sh
[3.796s] -- Up-to-date: /home/sergio/ros2_ws/install/mma_interfaces/share/mma_interfaces/environment/library_path.dsv
[3.796s] -- Up-to-date: /home/sergio/ros2_ws/install/mma_interfaces/lib/libmma_interfaces__rosidl_generator_c.so
[3.797s] -- Up-to-date: /home/sergio/ros2_ws/install/mma_interfaces/include/mma_interfaces/mma_interfaces
[3.797s] -- Up-to-date: /home/sergio/ros2_ws/install/mma_interfaces/include/mma_interfaces/mma_interfaces/msg
[3.797s] -- Up-to-date: /home/sergio/ros2_ws/install/mma_interfaces/include/mma_interfaces/mma_interfaces/msg/detail
[3.797s] -- Up-to-date: /home/sergio/ros2_ws/install/mma_interfaces/include/mma_interfaces/mma_interfaces/msg/detail/fighter__rosidl_typesupport_fastrtps_c.h
[3.797s] -- Up-to-date: /home/sergio/ros2_ws/install/mma_interfaces/include/mma_interfaces/mma_interfaces/msg/rosidl_typesupport_fastrtps_c__visibility_control.h
[3.797s] -- Up-to-date: /home/sergio/ros2_ws/install/mma_interfaces/include/mma_interfaces/mma_interfaces/action
[3.807s] -- Up-to-date: /home/sergio/ros2_ws/install/mma_interfaces/include/mma_interfaces/mma_interfaces/action/detail
[3.807s] -- Up-to-date: /home/sergio/ros2_ws/install/mma_interfaces/include/mma_interfaces/mma_interfaces/action/detail/fight_simulation__rosidl_typesupport_fastrtps_c.h
[3.807s] -- Up-to-date: /home/sergio/ros2_ws/install/mma_interfaces/include/mma_interfaces/mma_interfaces/srv
[3.807s] -- Up-to-date: /home/sergio/ros2_ws/install/mma_interfaces/include/mma_interfaces/mma_interfaces/srv/detail
[3.808s] -- Up-to-date: /home/sergio/ros2_ws/install/mma_interfaces/include/mma_interfaces/mma_interfaces/srv/detail/fight_request__rosidl_typesupport_fastrtps_c.h
[3.808s] -- Up-to-date: /home/sergio/ros2_ws/install/mma_interfaces/lib/libmma_interfaces__rosidl_typesupport_fastrtps_c.so
[3.808s] -- Up-to-date: /home/sergio/ros2_ws/install/mma_interfaces/include/mma_interfaces/mma_interfaces
[3.808s] -- Up-to-date: /home/sergio/ros2_ws/install/mma_interfaces/include/mma_interfaces/mma_interfaces/msg
[3.808s] -- Up-to-date: /home/sergio/ros2_ws/install/mma_interfaces/include/mma_interfaces/mma_interfaces/msg/rosidl_typesupport_introspection_c__visibility_control.h
[3.808s] -- Up-to-date: /home/sergio/ros2_ws/install/mma_interfaces/include/mma_interfaces/mma_interfaces/msg/detail
[3.808s] -- Up-to-date: /home/sergio/ros2_ws/install/mma_interfaces/include/mma_interfaces/mma_interfaces/msg/detail/fighter__rosidl_typesupport_introspection_c.h
[3.814s] -- Up-to-date: /home/sergio/ros2_ws/install/mma_interfaces/include/mma_interfaces/mma_interfaces/msg/detail/fighter__type_support.c
[3.814s] -- Up-to-date: /home/sergio/ros2_ws/install/mma_interfaces/include/mma_interfaces/mma_interfaces/action
[3.815s] -- Up-to-date: /home/sergio/ros2_ws/install/mma_interfaces/include/mma_interfaces/mma_interfaces/action/detail
[3.815s] -- Up-to-date: /home/sergio/ros2_ws/install/mma_interfaces/include/mma_interfaces/mma_interfaces/action/detail/fight_simulation__rosidl_typesupport_introspection_c.h
[3.815s] -- Up-to-date: /home/sergio/ros2_ws/install/mma_interfaces/include/mma_interfaces/mma_interfaces/action/detail/fight_simulation__type_support.c
[3.815s] -- Up-to-date: /home/sergio/ros2_ws/install/mma_interfaces/include/mma_interfaces/mma_interfaces/srv
[3.815s] -- Up-to-date: /home/sergio/ros2_ws/install/mma_interfaces/include/mma_interfaces/mma_interfaces/srv/detail
[3.815s] -- Up-to-date: /home/sergio/ros2_ws/install/mma_interfaces/include/mma_interfaces/mma_interfaces/srv/detail/fight_request__type_support.c
[3.816s] -- Up-to-date: /home/sergio/ros2_ws/install/mma_interfaces/include/mma_interfaces/mma_interfaces/srv/detail/fight_request__rosidl_typesupport_introspection_c.h
[3.816s] -- Up-to-date: /home/sergio/ros2_ws/install/mma_interfaces/lib/libmma_interfaces__rosidl_typesupport_introspection_c.so
[3.816s] -- Up-to-date: /home/sergio/ros2_ws/install/mma_interfaces/lib/libmma_interfaces__rosidl_typesupport_c.so
[3.816s] -- Up-to-date: /home/sergio/ros2_ws/install/mma_interfaces/include/mma_interfaces/mma_interfaces
[3.816s] -- Up-to-date: /home/sergio/ros2_ws/install/mma_interfaces/include/mma_interfaces/mma_interfaces/msg
[3.816s] -- Up-to-date: /home/sergio/ros2_ws/install/mma_interfaces/include/mma_interfaces/mma_interfaces/msg/fighter.hpp
[3.817s] -- Up-to-date: /home/sergio/ros2_ws/install/mma_interfaces/include/mma_interfaces/mma_interfaces/msg/rosidl_generator_cpp__visibility_control.hpp
[3.817s] -- Up-to-date: /home/sergio/ros2_ws/install/mma_interfaces/include/mma_interfaces/mma_interfaces/msg/detail
[3.817s] -- Up-to-date: /home/sergio/ros2_ws/install/mma_interfaces/include/mma_interfaces/mma_interfaces/msg/detail/fighter__struct.hpp
[3.817s] -- Up-to-date: /home/sergio/ros2_ws/install/mma_interfaces/include/mma_interfaces/mma_interfaces/msg/detail/fighter__traits.hpp
[3.818s] -- Up-to-date: /home/sergio/ros2_ws/install/mma_interfaces/include/mma_interfaces/mma_interfaces/msg/detail/fighter__type_support.hpp
[3.818s] -- Up-to-date: /home/sergio/ros2_ws/install/mma_interfaces/include/mma_interfaces/mma_interfaces/msg/detail/fighter__builder.hpp
[3.818s] -- Up-to-date: /home/sergio/ros2_ws/install/mma_interfaces/include/mma_interfaces/mma_interfaces/action
[3.818s] -- Up-to-date: /home/sergio/ros2_ws/install/mma_interfaces/include/mma_interfaces/mma_interfaces/action/fight_simulation.hpp
[3.833s] -- Up-to-date: /home/sergio/ros2_ws/install/mma_interfaces/include/mma_interfaces/mma_interfaces/action/detail
[3.833s] -- Up-to-date: /home/sergio/ros2_ws/install/mma_interfaces/include/mma_interfaces/mma_interfaces/action/detail/fight_simulation__builder.hpp
[3.833s] -- Up-to-date: /home/sergio/ros2_ws/install/mma_interfaces/include/mma_interfaces/mma_interfaces/action/detail/fight_simulation__traits.hpp
[3.834s] -- Up-to-date: /home/sergio/ros2_ws/install/mma_interfaces/include/mma_interfaces/mma_interfaces/action/detail/fight_simulation__type_support.hpp
[3.834s] -- Up-to-date: /home/sergio/ros2_ws/install/mma_interfaces/include/mma_interfaces/mma_interfaces/action/detail/fight_simulation__struct.hpp
[3.834s] -- Up-to-date: /home/sergio/ros2_ws/install/mma_interfaces/include/mma_interfaces/mma_interfaces/srv
[3.834s] -- Up-to-date: /home/sergio/ros2_ws/install/mma_interfaces/include/mma_interfaces/mma_interfaces/srv/fight_request.hpp
[3.834s] -- Up-to-date: /home/sergio/ros2_ws/install/mma_interfaces/include/mma_interfaces/mma_interfaces/srv/detail
[3.834s] -- Up-to-date: /home/sergio/ros2_ws/install/mma_interfaces/include/mma_interfaces/mma_interfaces/srv/detail/fight_request__type_support.hpp
[3.835s] -- Up-to-date: /home/sergio/ros2_ws/install/mma_interfaces/include/mma_interfaces/mma_interfaces/srv/detail/fight_request__struct.hpp
[3.835s] -- Up-to-date: /home/sergio/ros2_ws/install/mma_interfaces/include/mma_interfaces/mma_interfaces/srv/detail/fight_request__builder.hpp
[3.835s] -- Up-to-date: /home/sergio/ros2_ws/install/mma_interfaces/include/mma_interfaces/mma_interfaces/srv/detail/fight_request__traits.hpp
[3.835s] -- Up-to-date: /home/sergio/ros2_ws/install/mma_interfaces/include/mma_interfaces/mma_interfaces
[3.836s] -- Up-to-date: /home/sergio/ros2_ws/install/mma_interfaces/include/mma_interfaces/mma_interfaces/msg
[3.836s] -- Up-to-date: /home/sergio/ros2_ws/install/mma_interfaces/include/mma_interfaces/mma_interfaces/msg/detail
[3.836s] -- Up-to-date: /home/sergio/ros2_ws/install/mma_interfaces/include/mma_interfaces/mma_interfaces/msg/detail/dds_fastrtps
[3.836s] -- Up-to-date: /home/sergio/ros2_ws/install/mma_interfaces/include/mma_interfaces/mma_interfaces/msg/detail/fighter__rosidl_typesupport_fastrtps_cpp.hpp
[3.836s] -- Up-to-date: /home/sergio/ros2_ws/install/mma_interfaces/include/mma_interfaces/mma_interfaces/msg/rosidl_typesupport_fastrtps_cpp__visibility_control.h
[3.836s] -- Up-to-date: /home/sergio/ros2_ws/install/mma_interfaces/include/mma_interfaces/mma_interfaces/action
[3.836s] -- Up-to-date: /home/sergio/ros2_ws/install/mma_interfaces/include/mma_interfaces/mma_interfaces/action/detail
[3.837s] -- Up-to-date: /home/sergio/ros2_ws/install/mma_interfaces/include/mma_interfaces/mma_interfaces/action/detail/dds_fastrtps
[3.837s] -- Up-to-date: /home/sergio/ros2_ws/install/mma_interfaces/include/mma_interfaces/mma_interfaces/action/detail/fight_simulation__rosidl_typesupport_fastrtps_cpp.hpp
[3.840s] -- Up-to-date: /home/sergio/ros2_ws/install/mma_interfaces/include/mma_interfaces/mma_interfaces/srv
[3.840s] -- Up-to-date: /home/sergio/ros2_ws/install/mma_interfaces/include/mma_interfaces/mma_interfaces/srv/detail
[3.840s] -- Up-to-date: /home/sergio/ros2_ws/install/mma_interfaces/include/mma_interfaces/mma_interfaces/srv/detail/dds_fastrtps
[3.840s] -- Up-to-date: /home/sergio/ros2_ws/install/mma_interfaces/include/mma_interfaces/mma_interfaces/srv/detail/fight_request__rosidl_typesupport_fastrtps_cpp.hpp
[3.841s] -- Up-to-date: /home/sergio/ros2_ws/install/mma_interfaces/lib/libmma_interfaces__rosidl_typesupport_fastrtps_cpp.so
[3.841s] -- Up-to-date: /home/sergio/ros2_ws/install/mma_interfaces/include/mma_interfaces/mma_interfaces
[3.841s] -- Up-to-date: /home/sergio/ros2_ws/install/mma_interfaces/include/mma_interfaces/mma_interfaces/msg
[3.841s] -- Up-to-date: /home/sergio/ros2_ws/install/mma_interfaces/include/mma_interfaces/mma_interfaces/msg/detail
[3.841s] -- Up-to-date: /home/sergio/ros2_ws/install/mma_interfaces/include/mma_interfaces/mma_interfaces/msg/detail/fighter__rosidl_typesupport_introspection_cpp.hpp
[3.841s] -- Up-to-date: /home/sergio/ros2_ws/install/mma_interfaces/include/mma_interfaces/mma_interfaces/msg/detail/fighter__type_support.cpp
[3.849s] -- Up-to-date: /home/sergio/ros2_ws/install/mma_interfaces/include/mma_interfaces/mma_interfaces/action
[3.849s] -- Up-to-date: /home/sergio/ros2_ws/install/mma_interfaces/include/mma_interfaces/mma_interfaces/action/detail
[3.849s] -- Up-to-date: /home/sergio/ros2_ws/install/mma_interfaces/include/mma_interfaces/mma_interfaces/action/detail/fight_simulation__type_support.cpp
[3.849s] -- Up-to-date: /home/sergio/ros2_ws/install/mma_interfaces/include/mma_interfaces/mma_interfaces/action/detail/fight_simulation__rosidl_typesupport_introspection_cpp.hpp
[3.849s] -- Up-to-date: /home/sergio/ros2_ws/install/mma_interfaces/include/mma_interfaces/mma_interfaces/srv
[3.849s] -- Up-to-date: /home/sergio/ros2_ws/install/mma_interfaces/include/mma_interfaces/mma_interfaces/srv/detail
[3.849s] -- Up-to-date: /home/sergio/ros2_ws/install/mma_interfaces/include/mma_interfaces/mma_interfaces/srv/detail/fight_request__rosidl_typesupport_introspection_cpp.hpp
[3.850s] -- Up-to-date: /home/sergio/ros2_ws/install/mma_interfaces/include/mma_interfaces/mma_interfaces/srv/detail/fight_request__type_support.cpp
[3.850s] -- Up-to-date: /home/sergio/ros2_ws/install/mma_interfaces/lib/libmma_interfaces__rosidl_typesupport_introspection_cpp.so
[3.850s] -- Up-to-date: /home/sergio/ros2_ws/install/mma_interfaces/lib/libmma_interfaces__rosidl_typesupport_cpp.so
[3.850s] -- Up-to-date: /home/sergio/ros2_ws/install/mma_interfaces/share/mma_interfaces/environment/pythonpath.sh
[3.850s] -- Up-to-date: /home/sergio/ros2_ws/install/mma_interfaces/share/mma_interfaces/environment/pythonpath.dsv
[3.854s] -- Up-to-date: /home/sergio/ros2_ws/install/mma_interfaces/local/lib/python3.10/dist-packages/mma_interfaces-0.0.0-py3.10.egg-info
[3.854s] -- Installing: /home/sergio/ros2_ws/install/mma_interfaces/local/lib/python3.10/dist-packages/mma_interfaces-0.0.0-py3.10.egg-info/PKG-INFO
[3.854s] -- Installing: /home/sergio/ros2_ws/install/mma_interfaces/local/lib/python3.10/dist-packages/mma_interfaces-0.0.0-py3.10.egg-info/SOURCES.txt
[3.854s] -- Installing: /home/sergio/ros2_ws/install/mma_interfaces/local/lib/python3.10/dist-packages/mma_interfaces-0.0.0-py3.10.egg-info/top_level.txt
[3.855s] -- Installing: /home/sergio/ros2_ws/install/mma_interfaces/local/lib/python3.10/dist-packages/mma_interfaces-0.0.0-py3.10.egg-info/dependency_links.txt
[3.855s] -- Up-to-date: /home/sergio/ros2_ws/install/mma_interfaces/local/lib/python3.10/dist-packages/mma_interfaces
[3.855s] -- Up-to-date: /home/sergio/ros2_ws/install/mma_interfaces/local/lib/python3.10/dist-packages/mma_interfaces/_mma_interfaces_s.ep.rosidl_typesupport_introspection_c.c
[3.855s] -- Up-to-date: /home/sergio/ros2_ws/install/mma_interfaces/local/lib/python3.10/dist-packages/mma_interfaces/mma_interfaces_s__rosidl_typesupport_fastrtps_c.cpython-310-x86_64-linux-gnu.so
[3.856s] -- Up-to-date: /home/sergio/ros2_ws/install/mma_interfaces/local/lib/python3.10/dist-packages/mma_interfaces/msg
[3.856s] -- Up-to-date: /home/sergio/ros2_ws/install/mma_interfaces/local/lib/python3.10/dist-packages/mma_interfaces/msg/__init__.py
[3.856s] -- Up-to-date: /home/sergio/ros2_ws/install/mma_interfaces/local/lib/python3.10/dist-packages/mma_interfaces/msg/_fighter.py
[3.856s] -- Up-to-date: /home/sergio/ros2_ws/install/mma_interfaces/local/lib/python3.10/dist-packages/mma_interfaces/msg/_fighter_s.c
[3.856s] -- Up-to-date: /home/sergio/ros2_ws/install/mma_interfaces/local/lib/python3.10/dist-packages/mma_interfaces/mma_interfaces_s__rosidl_typesupport_c.cpython-310-x86_64-linux-gnu.so
[3.856s] -- Up-to-date: /home/sergio/ros2_ws/install/mma_interfaces/local/lib/python3.10/dist-packages/mma_interfaces/action
[3.856s] -- Up-to-date: /home/sergio/ros2_ws/install/mma_interfaces/local/lib/python3.10/dist-packages/mma_interfaces/action/__init__.py
[3.857s] -- Up-to-date: /home/sergio/ros2_ws/install/mma_interfaces/local/lib/python3.10/dist-packages/mma_interfaces/action/_fight_simulation.py
[3.857s] -- Up-to-date: /home/sergio/ros2_ws/install/mma_interfaces/local/lib/python3.10/dist-packages/mma_interfaces/action/_fight_simulation_s.c
[3.857s] -- Up-to-date: /home/sergio/ros2_ws/install/mma_interfaces/local/lib/python3.10/dist-packages/mma_interfaces/__init__.py
[3.858s] -- Up-to-date: /home/sergio/ros2_ws/install/mma_interfaces/local/lib/python3.10/dist-packages/mma_interfaces/mma_interfaces_s__rosidl_typesupport_introspection_c.cpython-310-x86_64-linux-gnu.so
[3.858s] -- Up-to-date: /home/sergio/ros2_ws/install/mma_interfaces/local/lib/python3.10/dist-packages/mma_interfaces/_mma_interfaces_s.ep.rosidl_typesupport_c.c
[3.858s] -- Up-to-date: /home/sergio/ros2_ws/install/mma_interfaces/local/lib/python3.10/dist-packages/mma_interfaces/libmma_interfaces__rosidl_generator_py.so
[3.858s] -- Up-to-date: /home/sergio/ros2_ws/install/mma_interfaces/local/lib/python3.10/dist-packages/mma_interfaces/_mma_interfaces_s.ep.rosidl_typesupport_fastrtps_c.c
[3.858s] -- Up-to-date: /home/sergio/ros2_ws/install/mma_interfaces/local/lib/python3.10/dist-packages/mma_interfaces/srv
[3.858s] -- Up-to-date: /home/sergio/ros2_ws/install/mma_interfaces/local/lib/python3.10/dist-packages/mma_interfaces/srv/_fight_request.py
[3.859s] -- Up-to-date: /home/sergio/ros2_ws/install/mma_interfaces/local/lib/python3.10/dist-packages/mma_interfaces/srv/__init__.py
[3.859s] -- Up-to-date: /home/sergio/ros2_ws/install/mma_interfaces/local/lib/python3.10/dist-packages/mma_interfaces/srv/_fight_request_s.c
[3.866s] Listing '/home/sergio/ros2_ws/install/mma_interfaces/local/lib/python3.10/dist-packages/mma_interfaces'...
[3.867s] Listing '/home/sergio/ros2_ws/install/mma_interfaces/local/lib/python3.10/dist-packages/mma_interfaces/action'...
[3.867s] Listing '/home/sergio/ros2_ws/install/mma_interfaces/local/lib/python3.10/dist-packages/mma_interfaces/msg'...
[3.867s] Listing '/home/sergio/ros2_ws/install/mma_interfaces/local/lib/python3.10/dist-packages/mma_interfaces/srv'...
[3.867s] -- Up-to-date: /home/sergio/ros2_ws/install/mma_interfaces/local/lib/python3.10/dist-packages/mma_interfaces/mma_interfaces_s__rosidl_typesupport_fastrtps_c.cpython-310-x86_64-linux-gnu.so
[3.868s] -- Up-to-date: /home/sergio/ros2_ws/install/mma_interfaces/local/lib/python3.10/dist-packages/mma_interfaces/mma_interfaces_s__rosidl_typesupport_introspection_c.cpython-310-x86_64-linux-gnu.so
[3.868s] -- Up-to-date: /home/sergio/ros2_ws/install/mma_interfaces/local/lib/python3.10/dist-packages/mma_interfaces/mma_interfaces_s__rosidl_typesupport_c.cpython-310-x86_64-linux-gnu.so
[3.871s] -- Up-to-date: /home/sergio/ros2_ws/install/mma_interfaces/lib/libmma_interfaces__rosidl_generator_py.so
[3.872s] -- Up-to-date: /home/sergio/ros2_ws/install/mma_interfaces/share/mma_interfaces/msg/Fighter.idl
[3.872s] -- Up-to-date: /home/sergio/ros2_ws/install/mma_interfaces/share/mma_interfaces/srv/FightRequest.idl
[3.872s] -- Up-to-date: /home/sergio/ros2_ws/install/mma_interfaces/share/mma_interfaces/action/FightSimulation.idl
[3.872s] -- Up-to-date: /home/sergio/ros2_ws/install/mma_interfaces/share/mma_interfaces/msg/Fighter.msg
[3.872s] -- Up-to-date: /home/sergio/ros2_ws/install/mma_interfaces/share/mma_interfaces/srv/FightRequest.srv
[3.872s] -- Up-to-date: /home/sergio/ros2_ws/install/mma_interfaces/share/mma_interfaces/srv/FightRequest_Request.msg
[3.872s] -- Up-to-date: /home/sergio/ros2_ws/install/mma_interfaces/share/mma_interfaces/srv/FightRequest_Response.msg
[3.873s] -- Up-to-date: /home/sergio/ros2_ws/install/mma_interfaces/share/mma_interfaces/action/FightSimulation.action
[3.877s] -- Up-to-date: /home/sergio/ros2_ws/install/mma_interfaces/share/ament_index/resource_index/package_run_dependencies/mma_interfaces
[3.877s] -- Up-to-date: /home/sergio/ros2_ws/install/mma_interfaces/share/ament_index/resource_index/parent_prefix_path/mma_interfaces
[3.878s] -- Up-to-date: /home/sergio/ros2_ws/install/mma_interfaces/share/mma_interfaces/environment/ament_prefix_path.sh
[3.878s] -- Up-to-date: /home/sergio/ros2_ws/install/mma_interfaces/share/mma_interfaces/environment/ament_prefix_path.dsv
[3.878s] -- Up-to-date: /home/sergio/ros2_ws/install/mma_interfaces/share/mma_interfaces/environment/path.sh
[3.878s] -- Up-to-date: /home/sergio/ros2_ws/install/mma_interfaces/share/mma_interfaces/environment/path.dsv
[3.878s] -- Up-to-date: /home/sergio/ros2_ws/install/mma_interfaces/share/mma_interfaces/local_setup.bash
[3.878s] -- Up-to-date: /home/sergio/ros2_ws/install/mma_interfaces/share/mma_interfaces/local_setup.sh
[3.879s] -- Up-to-date: /home/sergio/ros2_ws/install/mma_interfaces/share/mma_interfaces/local_setup.zsh
[3.879s] -- Up-to-date: /home/sergio/ros2_ws/install/mma_interfaces/share/mma_interfaces/local_setup.dsv
[3.879s] -- Installing: /home/sergio/ros2_ws/install/mma_interfaces/share/mma_interfaces/package.dsv
[3.879s] -- Up-to-date: /home/sergio/ros2_ws/install/mma_interfaces/share/ament_index/resource_index/packages/mma_interfaces
[3.880s] -- Up-to-date: /home/sergio/ros2_ws/install/mma_interfaces/share/mma_interfaces/cmake/export_mma_interfaces__rosidl_generator_cExport.cmake
[3.880s] -- Up-to-date: /home/sergio/ros2_ws/install/mma_interfaces/share/mma_interfaces/cmake/export_mma_interfaces__rosidl_generator_cExport-noconfig.cmake
[3.880s] -- Up-to-date: /home/sergio/ros2_ws/install/mma_interfaces/share/mma_interfaces/cmake/export_mma_interfaces__rosidl_typesupport_fastrtps_cExport.cmake
[3.880s] -- Up-to-date: /home/sergio/ros2_ws/install/mma_interfaces/share/mma_interfaces/cmake/export_mma_interfaces__rosidl_typesupport_fastrtps_cExport-noconfig.cmake
[3.880s] -- Up-to-date: /home/sergio/ros2_ws/install/mma_interfaces/share/mma_interfaces/cmake/mma_interfaces__rosidl_typesupport_introspection_cExport.cmake
[3.880s] -- Up-to-date: /home/sergio/ros2_ws/install/mma_interfaces/share/mma_interfaces/cmake/mma_interfaces__rosidl_typesupport_introspection_cExport-noconfig.cmake
[3.881s] -- Up-to-date: /home/sergio/ros2_ws/install/mma_interfaces/share/mma_interfaces/cmake/mma_interfaces__rosidl_typesupport_cExport.cmake
[3.881s] -- Up-to-date: /home/sergio/ros2_ws/install/mma_interfaces/share/mma_interfaces/cmake/mma_interfaces__rosidl_typesupport_cExport-noconfig.cmake
[3.884s] -- Up-to-date: /home/sergio/ros2_ws/install/mma_interfaces/share/mma_interfaces/cmake/export_mma_interfaces__rosidl_generator_cppExport.cmake
[3.885s] -- Up-to-date: /home/sergio/ros2_ws/install/mma_interfaces/share/mma_interfaces/cmake/export_mma_interfaces__rosidl_typesupport_fastrtps_cppExport.cmake
[3.885s] -- Up-to-date: /home/sergio/ros2_ws/install/mma_interfaces/share/mma_interfaces/cmake/export_mma_interfaces__rosidl_typesupport_fastrtps_cppExport-noconfig.cmake
[3.885s] -- Up-to-date: /home/sergio/ros2_ws/install/mma_interfaces/share/mma_interfaces/cmake/mma_interfaces__rosidl_typesupport_introspection_cppExport.cmake
[3.885s] -- Up-to-date: /home/sergio/ros2_ws/install/mma_interfaces/share/mma_interfaces/cmake/mma_interfaces__rosidl_typesupport_introspection_cppExport-noconfig.cmake
[3.885s] -- Up-to-date: /home/sergio/ros2_ws/install/mma_interfaces/share/mma_interfaces/cmake/mma_interfaces__rosidl_typesupport_cppExport.cmake
[3.885s] -- Up-to-date: /home/sergio/ros2_ws/install/mma_interfaces/share/mma_interfaces/cmake/mma_interfaces__rosidl_typesupport_cppExport-noconfig.cmake
[3.888s] -- Up-to-date: /home/sergio/ros2_ws/install/mma_interfaces/share/mma_interfaces/cmake/export_mma_interfaces__rosidl_generator_pyExport.cmake
[3.891s] -- Up-to-date: /home/sergio/ros2_ws/install/mma_interfaces/share/mma_interfaces/cmake/export_mma_interfaces__rosidl_generator_pyExport-noconfig.cmake
[3.891s] -- Up-to-date: /home/sergio/ros2_ws/install/mma_interfaces/share/mma_interfaces/cmake/rosidl_cmake-extras.cmake
[3.891s] -- Up-to-date: /home/sergio/ros2_ws/install/mma_interfaces/share/mma_interfaces/cmake/ament_cmake_export_dependencies-extras.cmake
[3.892s] -- Up-to-date: /home/sergio/ros2_ws/install/mma_interfaces/share/mma_interfaces/cmake/ament_cmake_export_include_directories-extras.cmake
[3.892s] -- Up-to-date: /home/sergio/ros2_ws/install/mma_interfaces/share/mma_interfaces/cmake/ament_cmake_export_libraries-extras.cmake
[3.893s] -- Up-to-date: /home/sergio/ros2_ws/install/mma_interfaces/share/mma_interfaces/cmake/ament_cmake_export_targets-extras.cmake
[3.893s] -- Up-to-date: /home/sergio/ros2_ws/install/mma_interfaces/share/mma_interfaces/cmake/rosidl_cmake_export_typesupport_targets-extras.cmake
[3.893s] -- Up-to-date: /home/sergio/ros2_ws/install/mma_interfaces/share/mma_interfaces/cmake/rosidl_cmake_export_typesupport_libraries-extras.cmake
[3.897s] -- Up-to-date: /home/sergio/ros2_ws/install/mma_interfaces/share/mma_interfaces/cmake/mma_interfacesConfig.cmake
[3.898s] -- Up-to-date: /home/sergio/ros2_ws/install/mma_interfaces/share/mma_interfaces/cmake/mma_interfacesConfig-version.cmake
[3.898s] -- Up-to-date: /home/sergio/ros2_ws/install/mma_interfaces/share/mma_interfaces/package.xml
[3.952s] Invoked command in '/home/sergio/ros2_ws/build/mma_interfaces' returned '0': CMAKE_PREFIX_PATH=${CMAKE_PREFIX_PATH}:/home/sergio/ros2_ws/install/robot_autonomo:/home/sergio/ros2_ws/install/my_stage_mover:/home/sergio/ros2_ws/install/auto_mover:/home/sergio/ros2_ws/install/turtlebot3_teleop:/home/sergio/ros2_ws/install/turtlebot3_example:/home/sergio/ros2_ws/install/trr_robot_ps:/home/sergio/ros2_ws/install/p1_ej3_servidor:/home/sergio/ros2_ws/install/p1_ej3_cliente:/home/sergio/ros2_ws/install/p1_ej2_nodos_sensor:/home/sergio/ros2_ws/install/p1_ej2_nodo5:/home/sergio/ros2_ws/install/p1_ej2_nodo4:/home/sergio/ros2_ws/install/nodo_adc_sub:/home/sergio/ros2_ws/install/my_package:/home/sergio/ros2_ws/install/mma_talker:/home/sergio/ros2_ws/install/mma_service:/home/sergio/ros2_ws/install/mma_listener:/home/sergio/ros2_ws/install/ejercicio_tres_server:/home/sergio/ros2_ws/install/ejercicio_tres_client:/home/sergio/ros2_ws/install/ejercicio_dos:/home/sergio/ros2_ws/install/ejemplo_uno:/home/sergio/ros2_ws/install/P1_ej1_sub:/home/sergio/ros2_ws/install/P1_ej1_pub:/opt/ros/humble /usr/bin/cmake --install /home/sergio/ros2_ws/build/mma_interfaces
