[0.445s] Invoking command in '/home/sergio/ros2_ws/build/p1_ej3_interface': CMAKE_PREFIX_PATH=${CMAKE_PREFIX_PATH}:/home/sergio/ros2_ws/install/p2_ej3:/home/sergio/ros2_ws/install/turtlebot3_teleop:/home/sergio/ros2_ws/install/turtlebot3_example:/home/sergio/ros2_ws/install/trr_robot_ps:/home/sergio/ros2_ws/install/robot_nav:/home/sergio/ros2_ws/install/robot_autonomo:/home/sergio/ros2_ws/install/p1_ej3_servidor:/home/sergio/ros2_ws/install/p1_ej3_cliente:/home/sergio/ros2_ws/install/p1_ej2_nodos_sensor:/home/sergio/ros2_ws/install/p1_ej2_nodo5:/home/sergio/ros2_ws/install/p1_ej2_nodo4:/home/sergio/ros2_ws/install/nodo_adc_sub:/home/sergio/ros2_ws/install/my_stage_mover:/home/sergio/ros2_ws/install/my_package:/home/sergio/ros2_ws/install/mma_talker:/home/sergio/ros2_ws/install/mma_service:/home/sergio/ros2_ws/install/mma_listener:/home/sergio/ros2_ws/install/ejercicio_tres_server:/home/sergio/ros2_ws/install/ejercicio_tres_client:/home/sergio/ros2_ws/install/ejercicio_dos:/home/sergio/ros2_ws/install/ejemplo_uno:/home/sergio/ros2_ws/install/auto_mover:/home/sergio/ros2_ws/install/P1_ej1_sub:/home/sergio/ros2_ws/install/P1_ej1_pub:/opt/ros/humble /usr/bin/cmake --build /home/sergio/ros2_ws/build/p1_ej3_interface -- -j16 -l16
[1.580s] [  3%] Built target p1_ej3_interface__cpp
[1.581s] [ 12%] Built target p1_ej3_interface__rosidl_generator_c
[1.581s] [ 12%] Built target ament_cmake_python_copy_p1_ej3_interface
[1.581s] [ 22%] Built target p1_ej3_interface__rosidl_typesupport_introspection_cpp
[1.581s] [ 32%] Built target p1_ej3_interface__rosidl_typesupport_cpp
[1.581s] [ 41%] Built target p1_ej3_interface__rosidl_typesupport_fastrtps_cpp
[1.581s] [ 58%] Built target p1_ej3_interface__rosidl_typesupport_fastrtps_c
[1.581s] [ 61%] Built target p1_ej3_interface__rosidl_typesupport_introspection_c
[1.581s] [ 70%] Built target p1_ej3_interface__rosidl_typesupport_c
[1.581s] [ 70%] Built target p1_ej3_interface
[1.581s] [ 74%] Built target p1_ej3_interface__py
[1.581s] [ 80%] Built target p1_ej3_interface__rosidl_generator_py
[1.581s] [100%] Built target p1_ej3_interface__rosidl_typesupport_c__pyext
[1.581s] [100%] Built target p1_ej3_interface__rosidl_typesupport_introspection_c__pyext
[1.581s] [100%] Built target p1_ej3_interface__rosidl_typesupport_fastrtps_c__pyext
[1.581s] running egg_info
[1.581s] writing p1_ej3_interface.egg-info/PKG-INFO
[1.581s] writing dependency_links to p1_ej3_interface.egg-info/dependency_links.txt
[1.582s] writing top-level names to p1_ej3_interface.egg-info/top_level.txt
[1.582s] reading manifest file 'p1_ej3_interface.egg-info/SOURCES.txt'
[1.582s] writing manifest file 'p1_ej3_interface.egg-info/SOURCES.txt'
[1.582s] [100%] Built target ament_cmake_python_build_p1_ej3_interface_egg
[1.591s] Invoked command in '/home/sergio/ros2_ws/build/p1_ej3_interface' returned '0': CMAKE_PREFIX_PATH=${CMAKE_PREFIX_PATH}:/home/sergio/ros2_ws/install/p2_ej3:/home/sergio/ros2_ws/install/turtlebot3_teleop:/home/sergio/ros2_ws/install/turtlebot3_example:/home/sergio/ros2_ws/install/trr_robot_ps:/home/sergio/ros2_ws/install/robot_nav:/home/sergio/ros2_ws/install/robot_autonomo:/home/sergio/ros2_ws/install/p1_ej3_servidor:/home/sergio/ros2_ws/install/p1_ej3_cliente:/home/sergio/ros2_ws/install/p1_ej2_nodos_sensor:/home/sergio/ros2_ws/install/p1_ej2_nodo5:/home/sergio/ros2_ws/install/p1_ej2_nodo4:/home/sergio/ros2_ws/install/nodo_adc_sub:/home/sergio/ros2_ws/install/my_stage_mover:/home/sergio/ros2_ws/install/my_package:/home/sergio/ros2_ws/install/mma_talker:/home/sergio/ros2_ws/install/mma_service:/home/sergio/ros2_ws/install/mma_listener:/home/sergio/ros2_ws/install/ejercicio_tres_server:/home/sergio/ros2_ws/install/ejercicio_tres_client:/home/sergio/ros2_ws/install/ejercicio_dos:/home/sergio/ros2_ws/install/ejemplo_uno:/home/sergio/ros2_ws/install/auto_mover:/home/sergio/ros2_ws/install/P1_ej1_sub:/home/sergio/ros2_ws/install/P1_ej1_pub:/opt/ros/humble /usr/bin/cmake --build /home/sergio/ros2_ws/build/p1_ej3_interface -- -j16 -l16
[1.592s] Invoking command in '/home/sergio/ros2_ws/build/p1_ej3_interface': CMAKE_PREFIX_PATH=${CMAKE_PREFIX_PATH}:/home/sergio/ros2_ws/install/p2_ej3:/home/sergio/ros2_ws/install/turtlebot3_teleop:/home/sergio/ros2_ws/install/turtlebot3_example:/home/sergio/ros2_ws/install/trr_robot_ps:/home/sergio/ros2_ws/install/robot_nav:/home/sergio/ros2_ws/install/robot_autonomo:/home/sergio/ros2_ws/install/p1_ej3_servidor:/home/sergio/ros2_ws/install/p1_ej3_cliente:/home/sergio/ros2_ws/install/p1_ej2_nodos_sensor:/home/sergio/ros2_ws/install/p1_ej2_nodo5:/home/sergio/ros2_ws/install/p1_ej2_nodo4:/home/sergio/ros2_ws/install/nodo_adc_sub:/home/sergio/ros2_ws/install/my_stage_mover:/home/sergio/ros2_ws/install/my_package:/home/sergio/ros2_ws/install/mma_talker:/home/sergio/ros2_ws/install/mma_service:/home/sergio/ros2_ws/install/mma_listener:/home/sergio/ros2_ws/install/ejercicio_tres_server:/home/sergio/ros2_ws/install/ejercicio_tres_client:/home/sergio/ros2_ws/install/ejercicio_dos:/home/sergio/ros2_ws/install/ejemplo_uno:/home/sergio/ros2_ws/install/auto_mover:/home/sergio/ros2_ws/install/P1_ej1_sub:/home/sergio/ros2_ws/install/P1_ej1_pub:/opt/ros/humble /usr/bin/cmake --install /home/sergio/ros2_ws/build/p1_ej3_interface
[1.630s] -- Install configuration: ""
[1.634s] -- Up-to-date: /home/sergio/ros2_ws/install/p1_ej3_interface/share/ament_index/resource_index/rosidl_interfaces/p1_ej3_interface
[1.634s] -- Up-to-date: /home/sergio/ros2_ws/install/p1_ej3_interface/include/p1_ej3_interface/p1_ej3_interface
[1.634s] -- Up-to-date: /home/sergio/ros2_ws/install/p1_ej3_interface/include/p1_ej3_interface/p1_ej3_interface/msg
[1.634s] -- Up-to-date: /home/sergio/ros2_ws/install/p1_ej3_interface/include/p1_ej3_interface/p1_ej3_interface/msg/rosidl_generator_c__visibility_control.h
[1.634s] -- Up-to-date: /home/sergio/ros2_ws/install/p1_ej3_interface/include/p1_ej3_interface/p1_ej3_interface/srv
[1.634s] -- Up-to-date: /home/sergio/ros2_ws/install/p1_ej3_interface/include/p1_ej3_interface/p1_ej3_interface/srv/angulos.h
[1.634s] -- Up-to-date: /home/sergio/ros2_ws/install/p1_ej3_interface/include/p1_ej3_interface/p1_ej3_interface/srv/detail
[1.634s] -- Up-to-date: /home/sergio/ros2_ws/install/p1_ej3_interface/include/p1_ej3_interface/p1_ej3_interface/srv/detail/angulos__struct.h
[1.634s] -- Up-to-date: /home/sergio/ros2_ws/install/p1_ej3_interface/include/p1_ej3_interface/p1_ej3_interface/srv/detail/angulos__functions.h
[1.635s] -- Up-to-date: /home/sergio/ros2_ws/install/p1_ej3_interface/include/p1_ej3_interface/p1_ej3_interface/srv/detail/angulos__type_support.h
[1.635s] -- Up-to-date: /home/sergio/ros2_ws/install/p1_ej3_interface/include/p1_ej3_interface/p1_ej3_interface/srv/detail/angulos__functions.c
[1.635s] -- Up-to-date: /home/sergio/ros2_ws/install/p1_ej3_interface/share/p1_ej3_interface/environment/library_path.sh
[1.635s] -- Up-to-date: /home/sergio/ros2_ws/install/p1_ej3_interface/share/p1_ej3_interface/environment/library_path.dsv
[1.635s] -- Up-to-date: /home/sergio/ros2_ws/install/p1_ej3_interface/lib/libp1_ej3_interface__rosidl_generator_c.so
[1.635s] -- Up-to-date: /home/sergio/ros2_ws/install/p1_ej3_interface/include/p1_ej3_interface/p1_ej3_interface
[1.635s] -- Up-to-date: /home/sergio/ros2_ws/install/p1_ej3_interface/include/p1_ej3_interface/p1_ej3_interface/msg
[1.635s] -- Up-to-date: /home/sergio/ros2_ws/install/p1_ej3_interface/include/p1_ej3_interface/p1_ej3_interface/msg/rosidl_typesupport_fastrtps_c__visibility_control.h
[1.635s] -- Up-to-date: /home/sergio/ros2_ws/install/p1_ej3_interface/include/p1_ej3_interface/p1_ej3_interface/srv
[1.635s] -- Up-to-date: /home/sergio/ros2_ws/install/p1_ej3_interface/include/p1_ej3_interface/p1_ej3_interface/srv/detail
[1.635s] -- Up-to-date: /home/sergio/ros2_ws/install/p1_ej3_interface/include/p1_ej3_interface/p1_ej3_interface/srv/detail/angulos__rosidl_typesupport_fastrtps_c.h
[1.635s] -- Up-to-date: /home/sergio/ros2_ws/install/p1_ej3_interface/lib/libp1_ej3_interface__rosidl_typesupport_fastrtps_c.so
[1.635s] -- Up-to-date: /home/sergio/ros2_ws/install/p1_ej3_interface/include/p1_ej3_interface/p1_ej3_interface
[1.635s] -- Up-to-date: /home/sergio/ros2_ws/install/p1_ej3_interface/include/p1_ej3_interface/p1_ej3_interface/msg
[1.635s] -- Up-to-date: /home/sergio/ros2_ws/install/p1_ej3_interface/include/p1_ej3_interface/p1_ej3_interface/msg/rosidl_typesupport_introspection_c__visibility_control.h
[1.636s] -- Up-to-date: /home/sergio/ros2_ws/install/p1_ej3_interface/include/p1_ej3_interface/p1_ej3_interface/srv
[1.636s] -- Up-to-date: /home/sergio/ros2_ws/install/p1_ej3_interface/include/p1_ej3_interface/p1_ej3_interface/srv/detail
[1.636s] -- Up-to-date: /home/sergio/ros2_ws/install/p1_ej3_interface/include/p1_ej3_interface/p1_ej3_interface/srv/detail/angulos__type_support.c
[1.636s] -- Up-to-date: /home/sergio/ros2_ws/install/p1_ej3_interface/include/p1_ej3_interface/p1_ej3_interface/srv/detail/angulos__rosidl_typesupport_introspection_c.h
[1.636s] -- Up-to-date: /home/sergio/ros2_ws/install/p1_ej3_interface/lib/libp1_ej3_interface__rosidl_typesupport_introspection_c.so
[1.636s] -- Up-to-date: /home/sergio/ros2_ws/install/p1_ej3_interface/lib/libp1_ej3_interface__rosidl_typesupport_c.so
[1.636s] -- Up-to-date: /home/sergio/ros2_ws/install/p1_ej3_interface/include/p1_ej3_interface/p1_ej3_interface
[1.636s] -- Up-to-date: /home/sergio/ros2_ws/install/p1_ej3_interface/include/p1_ej3_interface/p1_ej3_interface/msg
[1.636s] -- Up-to-date: /home/sergio/ros2_ws/install/p1_ej3_interface/include/p1_ej3_interface/p1_ej3_interface/msg/rosidl_generator_cpp__visibility_control.hpp
[1.636s] -- Up-to-date: /home/sergio/ros2_ws/install/p1_ej3_interface/include/p1_ej3_interface/p1_ej3_interface/srv
[1.636s] -- Up-to-date: /home/sergio/ros2_ws/install/p1_ej3_interface/include/p1_ej3_interface/p1_ej3_interface/srv/angulos.hpp
[1.636s] -- Up-to-date: /home/sergio/ros2_ws/install/p1_ej3_interface/include/p1_ej3_interface/p1_ej3_interface/srv/detail
[1.636s] -- Up-to-date: /home/sergio/ros2_ws/install/p1_ej3_interface/include/p1_ej3_interface/p1_ej3_interface/srv/detail/angulos__traits.hpp
[1.636s] -- Up-to-date: /home/sergio/ros2_ws/install/p1_ej3_interface/include/p1_ej3_interface/p1_ej3_interface/srv/detail/angulos__struct.hpp
[1.636s] -- Up-to-date: /home/sergio/ros2_ws/install/p1_ej3_interface/include/p1_ej3_interface/p1_ej3_interface/srv/detail/angulos__type_support.hpp
[1.637s] -- Up-to-date: /home/sergio/ros2_ws/install/p1_ej3_interface/include/p1_ej3_interface/p1_ej3_interface/srv/detail/angulos__builder.hpp
[1.637s] -- Up-to-date: /home/sergio/ros2_ws/install/p1_ej3_interface/include/p1_ej3_interface/p1_ej3_interface
[1.637s] -- Up-to-date: /home/sergio/ros2_ws/install/p1_ej3_interface/include/p1_ej3_interface/p1_ej3_interface/msg
[1.637s] -- Up-to-date: /home/sergio/ros2_ws/install/p1_ej3_interface/include/p1_ej3_interface/p1_ej3_interface/msg/rosidl_typesupport_fastrtps_cpp__visibility_control.h
[1.637s] -- Up-to-date: /home/sergio/ros2_ws/install/p1_ej3_interface/include/p1_ej3_interface/p1_ej3_interface/srv
[1.640s] -- Up-to-date: /home/sergio/ros2_ws/install/p1_ej3_interface/include/p1_ej3_interface/p1_ej3_interface/srv/detail
[1.640s] -- Up-to-date: /home/sergio/ros2_ws/install/p1_ej3_interface/include/p1_ej3_interface/p1_ej3_interface/srv/detail/dds_fastrtps
[1.640s] -- Up-to-date: /home/sergio/ros2_ws/install/p1_ej3_interface/include/p1_ej3_interface/p1_ej3_interface/srv/detail/angulos__rosidl_typesupport_fastrtps_cpp.hpp
[1.641s] -- Up-to-date: /home/sergio/ros2_ws/install/p1_ej3_interface/lib/libp1_ej3_interface__rosidl_typesupport_fastrtps_cpp.so
[1.641s] -- Up-to-date: /home/sergio/ros2_ws/install/p1_ej3_interface/include/p1_ej3_interface/p1_ej3_interface
[1.641s] -- Up-to-date: /home/sergio/ros2_ws/install/p1_ej3_interface/include/p1_ej3_interface/p1_ej3_interface/srv
[1.641s] -- Up-to-date: /home/sergio/ros2_ws/install/p1_ej3_interface/include/p1_ej3_interface/p1_ej3_interface/srv/detail
[1.641s] -- Up-to-date: /home/sergio/ros2_ws/install/p1_ej3_interface/include/p1_ej3_interface/p1_ej3_interface/srv/detail/angulos__type_support.cpp
[1.641s] -- Up-to-date: /home/sergio/ros2_ws/install/p1_ej3_interface/include/p1_ej3_interface/p1_ej3_interface/srv/detail/angulos__rosidl_typesupport_introspection_cpp.hpp
[1.641s] -- Up-to-date: /home/sergio/ros2_ws/install/p1_ej3_interface/lib/libp1_ej3_interface__rosidl_typesupport_introspection_cpp.so
[1.641s] -- Up-to-date: /home/sergio/ros2_ws/install/p1_ej3_interface/lib/libp1_ej3_interface__rosidl_typesupport_cpp.so
[1.645s] -- Up-to-date: /home/sergio/ros2_ws/install/p1_ej3_interface/share/p1_ej3_interface/environment/pythonpath.sh
[1.645s] -- Up-to-date: /home/sergio/ros2_ws/install/p1_ej3_interface/share/p1_ej3_interface/environment/pythonpath.dsv
[1.645s] -- Up-to-date: /home/sergio/ros2_ws/install/p1_ej3_interface/local/lib/python3.10/dist-packages/p1_ej3_interface-0.0.0-py3.10.egg-info
[1.646s] -- Installing: /home/sergio/ros2_ws/install/p1_ej3_interface/local/lib/python3.10/dist-packages/p1_ej3_interface-0.0.0-py3.10.egg-info/PKG-INFO
[1.646s] -- Installing: /home/sergio/ros2_ws/install/p1_ej3_interface/local/lib/python3.10/dist-packages/p1_ej3_interface-0.0.0-py3.10.egg-info/SOURCES.txt
[1.646s] -- Installing: /home/sergio/ros2_ws/install/p1_ej3_interface/local/lib/python3.10/dist-packages/p1_ej3_interface-0.0.0-py3.10.egg-info/top_level.txt
[1.646s] -- Installing: /home/sergio/ros2_ws/install/p1_ej3_interface/local/lib/python3.10/dist-packages/p1_ej3_interface-0.0.0-py3.10.egg-info/dependency_links.txt
[1.646s] -- Up-to-date: /home/sergio/ros2_ws/install/p1_ej3_interface/local/lib/python3.10/dist-packages/p1_ej3_interface
[1.646s] -- Up-to-date: /home/sergio/ros2_ws/install/p1_ej3_interface/local/lib/python3.10/dist-packages/p1_ej3_interface/libp1_ej3_interface__rosidl_generator_py.so
[1.646s] -- Up-to-date: /home/sergio/ros2_ws/install/p1_ej3_interface/local/lib/python3.10/dist-packages/p1_ej3_interface/__init__.py
[1.646s] -- Up-to-date: /home/sergio/ros2_ws/install/p1_ej3_interface/local/lib/python3.10/dist-packages/p1_ej3_interface/p1_ej3_interface_s__rosidl_typesupport_fastrtps_c.cpython-310-x86_64-linux-gnu.so
[1.646s] -- Up-to-date: /home/sergio/ros2_ws/install/p1_ej3_interface/local/lib/python3.10/dist-packages/p1_ej3_interface/_p1_ej3_interface_s.ep.rosidl_typesupport_introspection_c.c
[1.647s] -- Up-to-date: /home/sergio/ros2_ws/install/p1_ej3_interface/local/lib/python3.10/dist-packages/p1_ej3_interface/srv
[1.647s] -- Up-to-date: /home/sergio/ros2_ws/install/p1_ej3_interface/local/lib/python3.10/dist-packages/p1_ej3_interface/srv/__init__.py
[1.647s] -- Up-to-date: /home/sergio/ros2_ws/install/p1_ej3_interface/local/lib/python3.10/dist-packages/p1_ej3_interface/srv/_angulos.py
[1.647s] -- Up-to-date: /home/sergio/ros2_ws/install/p1_ej3_interface/local/lib/python3.10/dist-packages/p1_ej3_interface/srv/_angulos_s.c
[1.647s] -- Up-to-date: /home/sergio/ros2_ws/install/p1_ej3_interface/local/lib/python3.10/dist-packages/p1_ej3_interface/_p1_ej3_interface_s.ep.rosidl_typesupport_fastrtps_c.c
[1.647s] -- Up-to-date: /home/sergio/ros2_ws/install/p1_ej3_interface/local/lib/python3.10/dist-packages/p1_ej3_interface/_p1_ej3_interface_s.ep.rosidl_typesupport_c.c
[1.647s] -- Up-to-date: /home/sergio/ros2_ws/install/p1_ej3_interface/local/lib/python3.10/dist-packages/p1_ej3_interface/p1_ej3_interface_s__rosidl_typesupport_c.cpython-310-x86_64-linux-gnu.so
[1.647s] -- Up-to-date: /home/sergio/ros2_ws/install/p1_ej3_interface/local/lib/python3.10/dist-packages/p1_ej3_interface/p1_ej3_interface_s__rosidl_typesupport_introspection_c.cpython-310-x86_64-linux-gnu.so
[1.677s] Listing '/home/sergio/ros2_ws/install/p1_ej3_interface/local/lib/python3.10/dist-packages/p1_ej3_interface'...
[1.679s] Listing '/home/sergio/ros2_ws/install/p1_ej3_interface/local/lib/python3.10/dist-packages/p1_ej3_interface/srv'...
[1.681s] -- Up-to-date: /home/sergio/ros2_ws/install/p1_ej3_interface/local/lib/python3.10/dist-packages/p1_ej3_interface/p1_ej3_interface_s__rosidl_typesupport_fastrtps_c.cpython-310-x86_64-linux-gnu.so
[1.682s] -- Up-to-date: /home/sergio/ros2_ws/install/p1_ej3_interface/local/lib/python3.10/dist-packages/p1_ej3_interface/p1_ej3_interface_s__rosidl_typesupport_introspection_c.cpython-310-x86_64-linux-gnu.so
[1.682s] -- Up-to-date: /home/sergio/ros2_ws/install/p1_ej3_interface/local/lib/python3.10/dist-packages/p1_ej3_interface/p1_ej3_interface_s__rosidl_typesupport_c.cpython-310-x86_64-linux-gnu.so
[1.682s] -- Up-to-date: /home/sergio/ros2_ws/install/p1_ej3_interface/lib/libp1_ej3_interface__rosidl_generator_py.so
[1.682s] -- Up-to-date: /home/sergio/ros2_ws/install/p1_ej3_interface/share/p1_ej3_interface/srv/Angulos.idl
[1.682s] -- Up-to-date: /home/sergio/ros2_ws/install/p1_ej3_interface/share/p1_ej3_interface/srv/Angulos.srv
[1.682s] -- Up-to-date: /home/sergio/ros2_ws/install/p1_ej3_interface/share/p1_ej3_interface/srv/Angulos_Request.msg
[1.682s] -- Up-to-date: /home/sergio/ros2_ws/install/p1_ej3_interface/share/p1_ej3_interface/srv/Angulos_Response.msg
[1.682s] -- Up-to-date: /home/sergio/ros2_ws/install/p1_ej3_interface/share/ament_index/resource_index/package_run_dependencies/p1_ej3_interface
[1.683s] -- Up-to-date: /home/sergio/ros2_ws/install/p1_ej3_interface/share/ament_index/resource_index/parent_prefix_path/p1_ej3_interface
[1.683s] -- Up-to-date: /home/sergio/ros2_ws/install/p1_ej3_interface/share/p1_ej3_interface/environment/ament_prefix_path.sh
[1.683s] -- Up-to-date: /home/sergio/ros2_ws/install/p1_ej3_interface/share/p1_ej3_interface/environment/ament_prefix_path.dsv
[1.683s] -- Up-to-date: /home/sergio/ros2_ws/install/p1_ej3_interface/share/p1_ej3_interface/environment/path.sh
[1.683s] -- Up-to-date: /home/sergio/ros2_ws/install/p1_ej3_interface/share/p1_ej3_interface/environment/path.dsv
[1.683s] -- Up-to-date: /home/sergio/ros2_ws/install/p1_ej3_interface/share/p1_ej3_interface/local_setup.bash
[1.683s] -- Up-to-date: /home/sergio/ros2_ws/install/p1_ej3_interface/share/p1_ej3_interface/local_setup.sh
[1.683s] -- Up-to-date: /home/sergio/ros2_ws/install/p1_ej3_interface/share/p1_ej3_interface/local_setup.zsh
[1.683s] -- Up-to-date: /home/sergio/ros2_ws/install/p1_ej3_interface/share/p1_ej3_interface/local_setup.dsv
[1.683s] -- Installing: /home/sergio/ros2_ws/install/p1_ej3_interface/share/p1_ej3_interface/package.dsv
[1.683s] -- Up-to-date: /home/sergio/ros2_ws/install/p1_ej3_interface/share/ament_index/resource_index/packages/p1_ej3_interface
[1.684s] -- Up-to-date: /home/sergio/ros2_ws/install/p1_ej3_interface/share/p1_ej3_interface/cmake/export_p1_ej3_interface__rosidl_generator_cExport.cmake
[1.684s] -- Up-to-date: /home/sergio/ros2_ws/install/p1_ej3_interface/share/p1_ej3_interface/cmake/export_p1_ej3_interface__rosidl_generator_cExport-noconfig.cmake
[1.684s] -- Up-to-date: /home/sergio/ros2_ws/install/p1_ej3_interface/share/p1_ej3_interface/cmake/export_p1_ej3_interface__rosidl_typesupport_fastrtps_cExport.cmake
[1.684s] -- Up-to-date: /home/sergio/ros2_ws/install/p1_ej3_interface/share/p1_ej3_interface/cmake/export_p1_ej3_interface__rosidl_typesupport_fastrtps_cExport-noconfig.cmake
[1.684s] -- Up-to-date: /home/sergio/ros2_ws/install/p1_ej3_interface/share/p1_ej3_interface/cmake/p1_ej3_interface__rosidl_typesupport_introspection_cExport.cmake
[1.684s] -- Up-to-date: /home/sergio/ros2_ws/install/p1_ej3_interface/share/p1_ej3_interface/cmake/p1_ej3_interface__rosidl_typesupport_introspection_cExport-noconfig.cmake
[1.684s] -- Up-to-date: /home/sergio/ros2_ws/install/p1_ej3_interface/share/p1_ej3_interface/cmake/p1_ej3_interface__rosidl_typesupport_cExport.cmake
[1.684s] -- Up-to-date: /home/sergio/ros2_ws/install/p1_ej3_interface/share/p1_ej3_interface/cmake/p1_ej3_interface__rosidl_typesupport_cExport-noconfig.cmake
[1.684s] -- Up-to-date: /home/sergio/ros2_ws/install/p1_ej3_interface/share/p1_ej3_interface/cmake/export_p1_ej3_interface__rosidl_generator_cppExport.cmake
[1.686s] -- Up-to-date: /home/sergio/ros2_ws/install/p1_ej3_interface/share/p1_ej3_interface/cmake/export_p1_ej3_interface__rosidl_typesupport_fastrtps_cppExport.cmake
[1.686s] -- Up-to-date: /home/sergio/ros2_ws/install/p1_ej3_interface/share/p1_ej3_interface/cmake/export_p1_ej3_interface__rosidl_typesupport_fastrtps_cppExport-noconfig.cmake
[1.686s] -- Up-to-date: /home/sergio/ros2_ws/install/p1_ej3_interface/share/p1_ej3_interface/cmake/p1_ej3_interface__rosidl_typesupport_introspection_cppExport.cmake
[1.686s] -- Up-to-date: /home/sergio/ros2_ws/install/p1_ej3_interface/share/p1_ej3_interface/cmake/p1_ej3_interface__rosidl_typesupport_introspection_cppExport-noconfig.cmake
[1.686s] -- Up-to-date: /home/sergio/ros2_ws/install/p1_ej3_interface/share/p1_ej3_interface/cmake/p1_ej3_interface__rosidl_typesupport_cppExport.cmake
[1.686s] -- Up-to-date: /home/sergio/ros2_ws/install/p1_ej3_interface/share/p1_ej3_interface/cmake/p1_ej3_interface__rosidl_typesupport_cppExport-noconfig.cmake
[1.686s] -- Up-to-date: /home/sergio/ros2_ws/install/p1_ej3_interface/share/p1_ej3_interface/cmake/export_p1_ej3_interface__rosidl_generator_pyExport.cmake
[1.687s] -- Up-to-date: /home/sergio/ros2_ws/install/p1_ej3_interface/share/p1_ej3_interface/cmake/export_p1_ej3_interface__rosidl_generator_pyExport-noconfig.cmake
[1.687s] -- Up-to-date: /home/sergio/ros2_ws/install/p1_ej3_interface/share/p1_ej3_interface/cmake/rosidl_cmake-extras.cmake
[1.687s] -- Up-to-date: /home/sergio/ros2_ws/install/p1_ej3_interface/share/p1_ej3_interface/cmake/ament_cmake_export_include_directories-extras.cmake
[1.687s] -- Up-to-date: /home/sergio/ros2_ws/install/p1_ej3_interface/share/p1_ej3_interface/cmake/ament_cmake_export_libraries-extras.cmake
[1.687s] -- Up-to-date: /home/sergio/ros2_ws/install/p1_ej3_interface/share/p1_ej3_interface/cmake/ament_cmake_export_targets-extras.cmake
[1.687s] -- Up-to-date: /home/sergio/ros2_ws/install/p1_ej3_interface/share/p1_ej3_interface/cmake/rosidl_cmake_export_typesupport_targets-extras.cmake
[1.687s] -- Up-to-date: /home/sergio/ros2_ws/install/p1_ej3_interface/share/p1_ej3_interface/cmake/ament_cmake_export_dependencies-extras.cmake
[1.687s] -- Up-to-date: /home/sergio/ros2_ws/install/p1_ej3_interface/share/p1_ej3_interface/cmake/rosidl_cmake_export_typesupport_libraries-extras.cmake
[1.687s] -- Up-to-date: /home/sergio/ros2_ws/install/p1_ej3_interface/share/p1_ej3_interface/cmake/p1_ej3_interfaceConfig.cmake
[1.687s] -- Up-to-date: /home/sergio/ros2_ws/install/p1_ej3_interface/share/p1_ej3_interface/cmake/p1_ej3_interfaceConfig-version.cmake
[1.687s] -- Up-to-date: /home/sergio/ros2_ws/install/p1_ej3_interface/share/p1_ej3_interface/package.xml
[1.766s] Invoked command in '/home/sergio/ros2_ws/build/p1_ej3_interface' returned '0': CMAKE_PREFIX_PATH=${CMAKE_PREFIX_PATH}:/home/sergio/ros2_ws/install/p2_ej3:/home/sergio/ros2_ws/install/turtlebot3_teleop:/home/sergio/ros2_ws/install/turtlebot3_example:/home/sergio/ros2_ws/install/trr_robot_ps:/home/sergio/ros2_ws/install/robot_nav:/home/sergio/ros2_ws/install/robot_autonomo:/home/sergio/ros2_ws/install/p1_ej3_servidor:/home/sergio/ros2_ws/install/p1_ej3_cliente:/home/sergio/ros2_ws/install/p1_ej2_nodos_sensor:/home/sergio/ros2_ws/install/p1_ej2_nodo5:/home/sergio/ros2_ws/install/p1_ej2_nodo4:/home/sergio/ros2_ws/install/nodo_adc_sub:/home/sergio/ros2_ws/install/my_stage_mover:/home/sergio/ros2_ws/install/my_package:/home/sergio/ros2_ws/install/mma_talker:/home/sergio/ros2_ws/install/mma_service:/home/sergio/ros2_ws/install/mma_listener:/home/sergio/ros2_ws/install/ejercicio_tres_server:/home/sergio/ros2_ws/install/ejercicio_tres_client:/home/sergio/ros2_ws/install/ejercicio_dos:/home/sergio/ros2_ws/install/ejemplo_uno:/home/sergio/ros2_ws/install/auto_mover:/home/sergio/ros2_ws/install/P1_ej1_sub:/home/sergio/ros2_ws/install/P1_ej1_pub:/opt/ros/humble /usr/bin/cmake --install /home/sergio/ros2_ws/build/p1_ej3_interface
