running egg_info
creating ../../build/p1_ej2_nodo4/p1_ej2_nodo4.egg-info
writing ../../build/p1_ej2_nodo4/p1_ej2_nodo4.egg-info/PKG-INFO
writing dependency_links to ../../build/p1_ej2_nodo4/p1_ej2_nodo4.egg-info/dependency_links.txt
writing entry points to ../../build/p1_ej2_nodo4/p1_ej2_nodo4.egg-info/entry_points.txt
writing requirements to ../../build/p1_ej2_nodo4/p1_ej2_nodo4.egg-info/requires.txt
writing top-level names to ../../build/p1_ej2_nodo4/p1_ej2_nodo4.egg-info/top_level.txt
writing manifest file '../../build/p1_ej2_nodo4/p1_ej2_nodo4.egg-info/SOURCES.txt'
reading manifest file '../../build/p1_ej2_nodo4/p1_ej2_nodo4.egg-info/SOURCES.txt'
writing manifest file '../../build/p1_ej2_nodo4/p1_ej2_nodo4.egg-info/SOURCES.txt'
running build
running build_py
creating /home/sergio/ros2_ws/build/p1_ej2_nodo4/build
creating /home/sergio/ros2_ws/build/p1_ej2_nodo4/build/lib
creating /home/sergio/ros2_ws/build/p1_ej2_nodo4/build/lib/p1_ej2_nodo4
copying p1_ej2_nodo4/nodo4.py -> /home/sergio/ros2_ws/build/p1_ej2_nodo4/build/lib/p1_ej2_nodo4
copying p1_ej2_nodo4/__init__.py -> /home/sergio/ros2_ws/build/p1_ej2_nodo4/build/lib/p1_ej2_nodo4
running install
running install_lib
creating /home/sergio/ros2_ws/install/p1_ej2_nodo4/lib/python3.10/site-packages/p1_ej2_nodo4
copying /home/sergio/ros2_ws/build/p1_ej2_nodo4/build/lib/p1_ej2_nodo4/nodo4.py -> /home/sergio/ros2_ws/install/p1_ej2_nodo4/lib/python3.10/site-packages/p1_ej2_nodo4
copying /home/sergio/ros2_ws/build/p1_ej2_nodo4/build/lib/p1_ej2_nodo4/__init__.py -> /home/sergio/ros2_ws/install/p1_ej2_nodo4/lib/python3.10/site-packages/p1_ej2_nodo4
byte-compiling /home/sergio/ros2_ws/install/p1_ej2_nodo4/lib/python3.10/site-packages/p1_ej2_nodo4/nodo4.py to nodo4.cpython-310.pyc
byte-compiling /home/sergio/ros2_ws/install/p1_ej2_nodo4/lib/python3.10/site-packages/p1_ej2_nodo4/__init__.py to __init__.cpython-310.pyc
running install_data
creating /home/sergio/ros2_ws/install/p1_ej2_nodo4/share/ament_index
creating /home/sergio/ros2_ws/install/p1_ej2_nodo4/share/ament_index/resource_index
creating /home/sergio/ros2_ws/install/p1_ej2_nodo4/share/ament_index/resource_index/packages
copying resource/p1_ej2_nodo4 -> /home/sergio/ros2_ws/install/p1_ej2_nodo4/share/ament_index/resource_index/packages
copying package.xml -> /home/sergio/ros2_ws/install/p1_ej2_nodo4/share/p1_ej2_nodo4
running install_egg_info
Copying ../../build/p1_ej2_nodo4/p1_ej2_nodo4.egg-info to /home/sergio/ros2_ws/install/p1_ej2_nodo4/lib/python3.10/site-packages/p1_ej2_nodo4-0.0.0-py3.10.egg-info
running install_scripts
Installing nodo4 script to /home/sergio/ros2_ws/install/p1_ej2_nodo4/lib/p1_ej2_nodo4
writing list of installed files to '/home/sergio/ros2_ws/build/p1_ej2_nodo4/install.log'
