[4.344s] Invoking command in '/home/sergio/ros2_ws/src/nodo_adc_sub': PYTHONPATH=/home/sergio/ros2_ws/build/nodo_adc_sub/prefix_override:/home/sergio/.espressif/python_env/idf5.2_py3.10_env/lib/python3.10/site-packages/colcon_core/task/python/colcon_distutils_commands:/home/sergio/ros2_ws/install/nodo_adc_sub/lib/python3.10/site-packages:${PYTHONPATH} /home/sergio/.espressif/python_env/idf5.2_py3.10_env/bin/python3 -W ignore:setup.py install is deprecated -W ignore:easy_install command is deprecated setup.py egg_info --egg-base ../../build/nodo_adc_sub build --build-base /home/sergio/ros2_ws/build/nodo_adc_sub/build install --record /home/sergio/ros2_ws/build/nodo_adc_sub/install.log --single-version-externally-managed install_data
[4.982s] running egg_info
[5.032s] writing ../../build/nodo_adc_sub/nodo_adc_sub.egg-info/PKG-INFO
[5.033s] writing dependency_links to ../../build/nodo_adc_sub/nodo_adc_sub.egg-info/dependency_links.txt
[5.033s] writing entry points to ../../build/nodo_adc_sub/nodo_adc_sub.egg-info/entry_points.txt
[5.033s] writing requirements to ../../build/nodo_adc_sub/nodo_adc_sub.egg-info/requires.txt
[5.033s] writing top-level names to ../../build/nodo_adc_sub/nodo_adc_sub.egg-info/top_level.txt
[5.096s] reading manifest file '../../build/nodo_adc_sub/nodo_adc_sub.egg-info/SOURCES.txt'
[5.098s] writing manifest file '../../build/nodo_adc_sub/nodo_adc_sub.egg-info/SOURCES.txt'
[5.099s] running build
[5.099s] running build_py
[5.099s] copying nodo_adc_sub/subscriber_adc.py -> /home/sergio/ros2_ws/build/nodo_adc_sub/build/lib/nodo_adc_sub
[5.101s] copying nodo_adc_sub/__init__.py -> /home/sergio/ros2_ws/build/nodo_adc_sub/build/lib/nodo_adc_sub
[5.101s] running install
[5.115s] running install_lib
[5.146s] running install_data
[5.146s] copying resource/nodo_adc_sub -> /home/sergio/ros2_ws/install/nodo_adc_sub/share/ament_index/resource_index/packages
[5.147s] copying package.xml -> /home/sergio/ros2_ws/install/nodo_adc_sub/share/nodo_adc_sub
[5.147s] running install_egg_info
[5.185s] removing '/home/sergio/ros2_ws/install/nodo_adc_sub/lib/python3.10/site-packages/nodo_adc_sub-0.0.0-py3.10.egg-info' (and everything under it)
[5.185s] Copying ../../build/nodo_adc_sub/nodo_adc_sub.egg-info to /home/sergio/ros2_ws/install/nodo_adc_sub/lib/python3.10/site-packages/nodo_adc_sub-0.0.0-py3.10.egg-info
[5.185s] running install_scripts
[5.412s] Installing subscriber_adc script to /home/sergio/ros2_ws/install/nodo_adc_sub/lib/nodo_adc_sub
[5.414s] writing list of installed files to '/home/sergio/ros2_ws/build/nodo_adc_sub/install.log'
[5.469s] Invoked command in '/home/sergio/ros2_ws/src/nodo_adc_sub' returned '0': PYTHONPATH=/home/sergio/ros2_ws/build/nodo_adc_sub/prefix_override:/home/sergio/.espressif/python_env/idf5.2_py3.10_env/lib/python3.10/site-packages/colcon_core/task/python/colcon_distutils_commands:/home/sergio/ros2_ws/install/nodo_adc_sub/lib/python3.10/site-packages:${PYTHONPATH} /home/sergio/.espressif/python_env/idf5.2_py3.10_env/bin/python3 -W ignore:setup.py install is deprecated -W ignore:easy_install command is deprecated setup.py egg_info --egg-base ../../build/nodo_adc_sub build --build-base /home/sergio/ros2_ws/build/nodo_adc_sub/build install --record /home/sergio/ros2_ws/build/nodo_adc_sub/install.log --single-version-externally-managed install_data
