[0.220s] Invoking command in '/home/sergio/ros2_ws/build/moveit_task_constructor_msgs': CMAKE_PREFIX_PATH=${CMAKE_PREFIX_PATH}:/home/sergio/ros2_ws/install/trr_robot_ps:/home/sergio/ros2_ws/install/robot_nav:/home/sergio/ros2_ws/install/robot_autonomo:/home/sergio/ros2_ws/install/pico_control_pub:/home/sergio/ros2_ws/install/p2_ej3:/home/sergio/ros2_ws/install/p1_ej3_servidor:/home/sergio/ros2_ws/install/p1_ej3_cliente:/home/sergio/ros2_ws/install/p1_ej2_nodos_sensor:/home/sergio/ros2_ws/install/p1_ej2_nodo5:/home/sergio/ros2_ws/install/p1_ej2_nodo4:/home/sergio/ros2_ws/install/nodo_adc_sub:/home/sergio/ros2_ws/install/my_stage_mover:/home/sergio/ros2_ws/install/my_package:/home/sergio/ros2_ws/install/mma_talker:/home/sergio/ros2_ws/install/mma_service:/home/sergio/ros2_ws/install/mma_listener:/home/sergio/ros2_ws/install/ejercicio_tres_server:/home/sergio/ros2_ws/install/ejercicio_tres_client:/home/sergio/ros2_ws/install/ejercicio_dos:/home/sergio/ros2_ws/install/ejercicio1_pkg:/home/sergio/ros2_ws/install/ejemplo_uno:/home/sergio/ros2_ws/install/cam_viewer:/home/sergio/ros2_ws/install/auto_mover:/home/sergio/ros2_ws/install/P1_ej1_sub:/home/sergio/ros2_ws/install/P1_ej1_pub:/opt/ros/humble /usr/bin/cmake --build /home/sergio/ros2_ws/build/moveit_task_constructor_msgs -- -j16 -l16
[2.285s] [  0%] Built target moveit_task_constructor_msgs__cpp
[2.286s] [ 12%] Built target moveit_task_constructor_msgs__rosidl_generator_c
[2.286s] [ 12%] Built target ament_cmake_python_copy_moveit_task_constructor_msgs
[2.286s] [ 24%] Built target moveit_task_constructor_msgs__rosidl_typesupport_cpp
[2.286s] [ 35%] Built target moveit_task_constructor_msgs__rosidl_typesupport_fastrtps_cpp
[2.286s] [ 47%] Built target moveit_task_constructor_msgs__rosidl_typesupport_c
[2.286s] [ 59%] Built target moveit_task_constructor_msgs__rosidl_typesupport_introspection_cpp
[2.287s] [ 71%] Built target moveit_task_constructor_msgs__rosidl_typesupport_introspection_c
[2.287s] [ 83%] Built target moveit_task_constructor_msgs__rosidl_typesupport_fastrtps_c
[2.287s] [ 83%] Built target moveit_task_constructor_msgs
[2.287s] [ 84%] Built target moveit_task_constructor_msgs__py
[2.287s] [ 95%] Built target moveit_task_constructor_msgs__rosidl_generator_py
[2.287s] [ 97%] Built target moveit_task_constructor_msgs__rosidl_typesupport_fastrtps_c__pyext
[2.287s] [100%] Built target moveit_task_constructor_msgs__rosidl_typesupport_c__pyext
[2.287s] [100%] Built target moveit_task_constructor_msgs__rosidl_typesupport_introspection_c__pyext
[2.288s] running egg_info
[2.288s] writing moveit_task_constructor_msgs.egg-info/PKG-INFO
[2.288s] writing dependency_links to moveit_task_constructor_msgs.egg-info/dependency_links.txt
[2.288s] writing top-level names to moveit_task_constructor_msgs.egg-info/top_level.txt
[2.288s] reading manifest file 'moveit_task_constructor_msgs.egg-info/SOURCES.txt'
[2.288s] writing manifest file 'moveit_task_constructor_msgs.egg-info/SOURCES.txt'
[2.288s] [100%] Built target ament_cmake_python_build_moveit_task_constructor_msgs_egg
[2.315s] Invoked command in '/home/sergio/ros2_ws/build/moveit_task_constructor_msgs' returned '0': CMAKE_PREFIX_PATH=${CMAKE_PREFIX_PATH}:/home/sergio/ros2_ws/install/trr_robot_ps:/home/sergio/ros2_ws/install/robot_nav:/home/sergio/ros2_ws/install/robot_autonomo:/home/sergio/ros2_ws/install/pico_control_pub:/home/sergio/ros2_ws/install/p2_ej3:/home/sergio/ros2_ws/install/p1_ej3_servidor:/home/sergio/ros2_ws/install/p1_ej3_cliente:/home/sergio/ros2_ws/install/p1_ej2_nodos_sensor:/home/sergio/ros2_ws/install/p1_ej2_nodo5:/home/sergio/ros2_ws/install/p1_ej2_nodo4:/home/sergio/ros2_ws/install/nodo_adc_sub:/home/sergio/ros2_ws/install/my_stage_mover:/home/sergio/ros2_ws/install/my_package:/home/sergio/ros2_ws/install/mma_talker:/home/sergio/ros2_ws/install/mma_service:/home/sergio/ros2_ws/install/mma_listener:/home/sergio/ros2_ws/install/ejercicio_tres_server:/home/sergio/ros2_ws/install/ejercicio_tres_client:/home/sergio/ros2_ws/install/ejercicio_dos:/home/sergio/ros2_ws/install/ejercicio1_pkg:/home/sergio/ros2_ws/install/ejemplo_uno:/home/sergio/ros2_ws/install/cam_viewer:/home/sergio/ros2_ws/install/auto_mover:/home/sergio/ros2_ws/install/P1_ej1_sub:/home/sergio/ros2_ws/install/P1_ej1_pub:/opt/ros/humble /usr/bin/cmake --build /home/sergio/ros2_ws/build/moveit_task_constructor_msgs -- -j16 -l16
[2.316s] Invoking command in '/home/sergio/ros2_ws/build/moveit_task_constructor_msgs': CMAKE_PREFIX_PATH=${CMAKE_PREFIX_PATH}:/home/sergio/ros2_ws/install/trr_robot_ps:/home/sergio/ros2_ws/install/robot_nav:/home/sergio/ros2_ws/install/robot_autonomo:/home/sergio/ros2_ws/install/pico_control_pub:/home/sergio/ros2_ws/install/p2_ej3:/home/sergio/ros2_ws/install/p1_ej3_servidor:/home/sergio/ros2_ws/install/p1_ej3_cliente:/home/sergio/ros2_ws/install/p1_ej2_nodos_sensor:/home/sergio/ros2_ws/install/p1_ej2_nodo5:/home/sergio/ros2_ws/install/p1_ej2_nodo4:/home/sergio/ros2_ws/install/nodo_adc_sub:/home/sergio/ros2_ws/install/my_stage_mover:/home/sergio/ros2_ws/install/my_package:/home/sergio/ros2_ws/install/mma_talker:/home/sergio/ros2_ws/install/mma_service:/home/sergio/ros2_ws/install/mma_listener:/home/sergio/ros2_ws/install/ejercicio_tres_server:/home/sergio/ros2_ws/install/ejercicio_tres_client:/home/sergio/ros2_ws/install/ejercicio_dos:/home/sergio/ros2_ws/install/ejercicio1_pkg:/home/sergio/ros2_ws/install/ejemplo_uno:/home/sergio/ros2_ws/install/cam_viewer:/home/sergio/ros2_ws/install/auto_mover:/home/sergio/ros2_ws/install/P1_ej1_sub:/home/sergio/ros2_ws/install/P1_ej1_pub:/opt/ros/humble /usr/bin/cmake --install /home/sergio/ros2_ws/build/moveit_task_constructor_msgs
[2.421s] -- Install configuration: ""
[2.421s] -- Up-to-date: /home/sergio/ros2_ws/install/moveit_task_constructor_msgs/share/ament_index/resource_index/rosidl_interfaces/moveit_task_constructor_msgs
[2.421s] -- Up-to-date: /home/sergio/ros2_ws/install/moveit_task_constructor_msgs/include/moveit_task_constructor_msgs/moveit_task_constructor_msgs
[2.422s] -- Up-to-date: /home/sergio/ros2_ws/install/moveit_task_constructor_msgs/include/moveit_task_constructor_msgs/moveit_task_constructor_msgs/msg
[2.422s] -- Up-to-date: /home/sergio/ros2_ws/install/moveit_task_constructor_msgs/include/moveit_task_constructor_msgs/moveit_task_constructor_msgs/msg/task_statistics.h
[2.422s] -- Up-to-date: /home/sergio/ros2_ws/install/moveit_task_constructor_msgs/include/moveit_task_constructor_msgs/moveit_task_constructor_msgs/msg/sub_solution.h
[2.422s] -- Up-to-date: /home/sergio/ros2_ws/install/moveit_task_constructor_msgs/include/moveit_task_constructor_msgs/moveit_task_constructor_msgs/msg/stage_statistics.h
[2.422s] -- Up-to-date: /home/sergio/ros2_ws/install/moveit_task_constructor_msgs/include/moveit_task_constructor_msgs/moveit_task_constructor_msgs/msg/trajectory_execution_info.h
[2.422s] -- Up-to-date: /home/sergio/ros2_ws/install/moveit_task_constructor_msgs/include/moveit_task_constructor_msgs/moveit_task_constructor_msgs/msg/property.h
[2.422s] -- Up-to-date: /home/sergio/ros2_ws/install/moveit_task_constructor_msgs/include/moveit_task_constructor_msgs/moveit_task_constructor_msgs/msg/stage_description.h
[2.422s] -- Up-to-date: /home/sergio/ros2_ws/install/moveit_task_constructor_msgs/include/moveit_task_constructor_msgs/moveit_task_constructor_msgs/msg/solution_info.h
[2.422s] -- Up-to-date: /home/sergio/ros2_ws/install/moveit_task_constructor_msgs/include/moveit_task_constructor_msgs/moveit_task_constructor_msgs/msg/rosidl_generator_c__visibility_control.h
[2.423s] -- Up-to-date: /home/sergio/ros2_ws/install/moveit_task_constructor_msgs/include/moveit_task_constructor_msgs/moveit_task_constructor_msgs/msg/sub_trajectory.h
[2.423s] -- Up-to-date: /home/sergio/ros2_ws/install/moveit_task_constructor_msgs/include/moveit_task_constructor_msgs/moveit_task_constructor_msgs/msg/solution.h
[2.423s] -- Up-to-date: /home/sergio/ros2_ws/install/moveit_task_constructor_msgs/include/moveit_task_constructor_msgs/moveit_task_constructor_msgs/msg/detail
[2.423s] -- Up-to-date: /home/sergio/ros2_ws/install/moveit_task_constructor_msgs/include/moveit_task_constructor_msgs/moveit_task_constructor_msgs/msg/detail/solution__struct.h
[2.423s] -- Up-to-date: /home/sergio/ros2_ws/install/moveit_task_constructor_msgs/include/moveit_task_constructor_msgs/moveit_task_constructor_msgs/msg/detail/stage_description__struct.h
[2.423s] -- Up-to-date: /home/sergio/ros2_ws/install/moveit_task_constructor_msgs/include/moveit_task_constructor_msgs/moveit_task_constructor_msgs/msg/detail/stage_description__type_support.h
[2.423s] -- Up-to-date: /home/sergio/ros2_ws/install/moveit_task_constructor_msgs/include/moveit_task_constructor_msgs/moveit_task_constructor_msgs/msg/detail/task_description__functions.h
[2.423s] -- Up-to-date: /home/sergio/ros2_ws/install/moveit_task_constructor_msgs/include/moveit_task_constructor_msgs/moveit_task_constructor_msgs/msg/detail/sub_solution__functions.c
[2.424s] -- Up-to-date: /home/sergio/ros2_ws/install/moveit_task_constructor_msgs/include/moveit_task_constructor_msgs/moveit_task_constructor_msgs/msg/detail/task_statistics__struct.h
[2.424s] -- Up-to-date: /home/sergio/ros2_ws/install/moveit_task_constructor_msgs/include/moveit_task_constructor_msgs/moveit_task_constructor_msgs/msg/detail/solution_info__struct.h
[2.440s] -- Up-to-date: /home/sergio/ros2_ws/install/moveit_task_constructor_msgs/include/moveit_task_constructor_msgs/moveit_task_constructor_msgs/msg/detail/task_description__functions.c
[2.440s] -- Up-to-date: /home/sergio/ros2_ws/install/moveit_task_constructor_msgs/include/moveit_task_constructor_msgs/moveit_task_constructor_msgs/msg/detail/task_description__type_support.h
[2.440s] -- Up-to-date: /home/sergio/ros2_ws/install/moveit_task_constructor_msgs/include/moveit_task_constructor_msgs/moveit_task_constructor_msgs/msg/detail/solution_info__functions.c
[2.440s] -- Up-to-date: /home/sergio/ros2_ws/install/moveit_task_constructor_msgs/include/moveit_task_constructor_msgs/moveit_task_constructor_msgs/msg/detail/trajectory_execution_info__struct.h
[2.440s] -- Up-to-date: /home/sergio/ros2_ws/install/moveit_task_constructor_msgs/include/moveit_task_constructor_msgs/moveit_task_constructor_msgs/msg/detail/stage_statistics__struct.h
[2.441s] -- Up-to-date: /home/sergio/ros2_ws/install/moveit_task_constructor_msgs/include/moveit_task_constructor_msgs/moveit_task_constructor_msgs/msg/detail/solution__functions.c
[2.441s] -- Up-to-date: /home/sergio/ros2_ws/install/moveit_task_constructor_msgs/include/moveit_task_constructor_msgs/moveit_task_constructor_msgs/msg/detail/task_statistics__functions.c
[2.441s] -- Up-to-date: /home/sergio/ros2_ws/install/moveit_task_constructor_msgs/include/moveit_task_constructor_msgs/moveit_task_constructor_msgs/msg/detail/sub_trajectory__struct.h
[2.441s] -- Up-to-date: /home/sergio/ros2_ws/install/moveit_task_constructor_msgs/include/moveit_task_constructor_msgs/moveit_task_constructor_msgs/msg/detail/property__type_support.h
[2.441s] -- Up-to-date: /home/sergio/ros2_ws/install/moveit_task_constructor_msgs/include/moveit_task_constructor_msgs/moveit_task_constructor_msgs/msg/detail/solution__functions.h
[2.441s] -- Up-to-date: /home/sergio/ros2_ws/install/moveit_task_constructor_msgs/include/moveit_task_constructor_msgs/moveit_task_constructor_msgs/msg/detail/stage_statistics__type_support.h
[2.441s] -- Up-to-date: /home/sergio/ros2_ws/install/moveit_task_constructor_msgs/include/moveit_task_constructor_msgs/moveit_task_constructor_msgs/msg/detail/sub_solution__struct.h
[2.441s] -- Up-to-date: /home/sergio/ros2_ws/install/moveit_task_constructor_msgs/include/moveit_task_constructor_msgs/moveit_task_constructor_msgs/msg/detail/solution_info__type_support.h
[2.441s] -- Up-to-date: /home/sergio/ros2_ws/install/moveit_task_constructor_msgs/include/moveit_task_constructor_msgs/moveit_task_constructor_msgs/msg/detail/sub_solution__type_support.h
[2.442s] -- Up-to-date: /home/sergio/ros2_ws/install/moveit_task_constructor_msgs/include/moveit_task_constructor_msgs/moveit_task_constructor_msgs/msg/detail/task_statistics__type_support.h
[2.442s] -- Up-to-date: /home/sergio/ros2_ws/install/moveit_task_constructor_msgs/include/moveit_task_constructor_msgs/moveit_task_constructor_msgs/msg/detail/property__functions.h
[2.442s] -- Up-to-date: /home/sergio/ros2_ws/install/moveit_task_constructor_msgs/include/moveit_task_constructor_msgs/moveit_task_constructor_msgs/msg/detail/sub_trajectory__functions.h
[2.442s] -- Up-to-date: /home/sergio/ros2_ws/install/moveit_task_constructor_msgs/include/moveit_task_constructor_msgs/moveit_task_constructor_msgs/msg/detail/sub_trajectory__type_support.h
[2.442s] -- Up-to-date: /home/sergio/ros2_ws/install/moveit_task_constructor_msgs/include/moveit_task_constructor_msgs/moveit_task_constructor_msgs/msg/detail/stage_statistics__functions.h
[2.442s] -- Up-to-date: /home/sergio/ros2_ws/install/moveit_task_constructor_msgs/include/moveit_task_constructor_msgs/moveit_task_constructor_msgs/msg/detail/trajectory_execution_info__functions.h
[2.442s] -- Up-to-date: /home/sergio/ros2_ws/install/moveit_task_constructor_msgs/include/moveit_task_constructor_msgs/moveit_task_constructor_msgs/msg/detail/solution_info__functions.h
[2.442s] -- Up-to-date: /home/sergio/ros2_ws/install/moveit_task_constructor_msgs/include/moveit_task_constructor_msgs/moveit_task_constructor_msgs/msg/detail/property__functions.c
[2.443s] -- Up-to-date: /home/sergio/ros2_ws/install/moveit_task_constructor_msgs/include/moveit_task_constructor_msgs/moveit_task_constructor_msgs/msg/detail/stage_statistics__functions.c
[2.443s] -- Up-to-date: /home/sergio/ros2_ws/install/moveit_task_constructor_msgs/include/moveit_task_constructor_msgs/moveit_task_constructor_msgs/msg/detail/task_description__struct.h
[2.459s] -- Up-to-date: /home/sergio/ros2_ws/install/moveit_task_constructor_msgs/include/moveit_task_constructor_msgs/moveit_task_constructor_msgs/msg/detail/trajectory_execution_info__functions.c
[2.459s] -- Up-to-date: /home/sergio/ros2_ws/install/moveit_task_constructor_msgs/include/moveit_task_constructor_msgs/moveit_task_constructor_msgs/msg/detail/sub_solution__functions.h
[2.459s] -- Up-to-date: /home/sergio/ros2_ws/install/moveit_task_constructor_msgs/include/moveit_task_constructor_msgs/moveit_task_constructor_msgs/msg/detail/stage_description__functions.h
[2.459s] -- Up-to-date: /home/sergio/ros2_ws/install/moveit_task_constructor_msgs/include/moveit_task_constructor_msgs/moveit_task_constructor_msgs/msg/detail/sub_trajectory__functions.c
[2.459s] -- Up-to-date: /home/sergio/ros2_ws/install/moveit_task_constructor_msgs/include/moveit_task_constructor_msgs/moveit_task_constructor_msgs/msg/detail/stage_description__functions.c
[2.459s] -- Up-to-date: /home/sergio/ros2_ws/install/moveit_task_constructor_msgs/include/moveit_task_constructor_msgs/moveit_task_constructor_msgs/msg/detail/trajectory_execution_info__type_support.h
[2.460s] -- Up-to-date: /home/sergio/ros2_ws/install/moveit_task_constructor_msgs/include/moveit_task_constructor_msgs/moveit_task_constructor_msgs/msg/detail/solution__type_support.h
[2.460s] -- Up-to-date: /home/sergio/ros2_ws/install/moveit_task_constructor_msgs/include/moveit_task_constructor_msgs/moveit_task_constructor_msgs/msg/detail/property__struct.h
[2.460s] -- Up-to-date: /home/sergio/ros2_ws/install/moveit_task_constructor_msgs/include/moveit_task_constructor_msgs/moveit_task_constructor_msgs/msg/detail/task_statistics__functions.h
[2.460s] -- Up-to-date: /home/sergio/ros2_ws/install/moveit_task_constructor_msgs/include/moveit_task_constructor_msgs/moveit_task_constructor_msgs/msg/task_description.h
[2.460s] -- Up-to-date: /home/sergio/ros2_ws/install/moveit_task_constructor_msgs/include/moveit_task_constructor_msgs/moveit_task_constructor_msgs/action
[2.460s] -- Up-to-date: /home/sergio/ros2_ws/install/moveit_task_constructor_msgs/include/moveit_task_constructor_msgs/moveit_task_constructor_msgs/action/detail
[2.460s] -- Up-to-date: /home/sergio/ros2_ws/install/moveit_task_constructor_msgs/include/moveit_task_constructor_msgs/moveit_task_constructor_msgs/action/detail/execute_task_solution__type_support.h
[2.460s] -- Up-to-date: /home/sergio/ros2_ws/install/moveit_task_constructor_msgs/include/moveit_task_constructor_msgs/moveit_task_constructor_msgs/action/detail/execute_task_solution__struct.h
[2.460s] -- Up-to-date: /home/sergio/ros2_ws/install/moveit_task_constructor_msgs/include/moveit_task_constructor_msgs/moveit_task_constructor_msgs/action/detail/execute_task_solution__functions.h
[2.461s] -- Up-to-date: /home/sergio/ros2_ws/install/moveit_task_constructor_msgs/include/moveit_task_constructor_msgs/moveit_task_constructor_msgs/action/detail/execute_task_solution__functions.c
[2.461s] -- Up-to-date: /home/sergio/ros2_ws/install/moveit_task_constructor_msgs/include/moveit_task_constructor_msgs/moveit_task_constructor_msgs/action/execute_task_solution.h
[2.461s] -- Up-to-date: /home/sergio/ros2_ws/install/moveit_task_constructor_msgs/include/moveit_task_constructor_msgs/moveit_task_constructor_msgs/srv
[2.461s] -- Up-to-date: /home/sergio/ros2_ws/install/moveit_task_constructor_msgs/include/moveit_task_constructor_msgs/moveit_task_constructor_msgs/srv/get_solution.h
[2.461s] -- Up-to-date: /home/sergio/ros2_ws/install/moveit_task_constructor_msgs/include/moveit_task_constructor_msgs/moveit_task_constructor_msgs/srv/detail
[2.461s] -- Up-to-date: /home/sergio/ros2_ws/install/moveit_task_constructor_msgs/include/moveit_task_constructor_msgs/moveit_task_constructor_msgs/srv/detail/get_solution__functions.c
[2.461s] -- Up-to-date: /home/sergio/ros2_ws/install/moveit_task_constructor_msgs/include/moveit_task_constructor_msgs/moveit_task_constructor_msgs/srv/detail/get_solution__struct.h
[2.461s] -- Up-to-date: /home/sergio/ros2_ws/install/moveit_task_constructor_msgs/include/moveit_task_constructor_msgs/moveit_task_constructor_msgs/srv/detail/get_solution__functions.h
[2.462s] -- Up-to-date: /home/sergio/ros2_ws/install/moveit_task_constructor_msgs/include/moveit_task_constructor_msgs/moveit_task_constructor_msgs/srv/detail/get_solution__type_support.h
[2.462s] -- Up-to-date: /home/sergio/ros2_ws/install/moveit_task_constructor_msgs/share/moveit_task_constructor_msgs/environment/library_path.sh
[2.473s] -- Up-to-date: /home/sergio/ros2_ws/install/moveit_task_constructor_msgs/share/moveit_task_constructor_msgs/environment/library_path.dsv
[2.473s] -- Up-to-date: /home/sergio/ros2_ws/install/moveit_task_constructor_msgs/lib/libmoveit_task_constructor_msgs__rosidl_generator_c.so
[2.474s] -- Up-to-date: /home/sergio/ros2_ws/install/moveit_task_constructor_msgs/include/moveit_task_constructor_msgs/moveit_task_constructor_msgs
[2.474s] -- Up-to-date: /home/sergio/ros2_ws/install/moveit_task_constructor_msgs/include/moveit_task_constructor_msgs/moveit_task_constructor_msgs/msg
[2.474s] -- Up-to-date: /home/sergio/ros2_ws/install/moveit_task_constructor_msgs/include/moveit_task_constructor_msgs/moveit_task_constructor_msgs/msg/detail
[2.474s] -- Up-to-date: /home/sergio/ros2_ws/install/moveit_task_constructor_msgs/include/moveit_task_constructor_msgs/moveit_task_constructor_msgs/msg/detail/stage_description__rosidl_typesupport_fastrtps_c.h
[2.474s] -- Up-to-date: /home/sergio/ros2_ws/install/moveit_task_constructor_msgs/include/moveit_task_constructor_msgs/moveit_task_constructor_msgs/msg/detail/stage_statistics__rosidl_typesupport_fastrtps_c.h
[2.474s] -- Up-to-date: /home/sergio/ros2_ws/install/moveit_task_constructor_msgs/include/moveit_task_constructor_msgs/moveit_task_constructor_msgs/msg/detail/property__rosidl_typesupport_fastrtps_c.h
[2.474s] -- Up-to-date: /home/sergio/ros2_ws/install/moveit_task_constructor_msgs/include/moveit_task_constructor_msgs/moveit_task_constructor_msgs/msg/detail/trajectory_execution_info__rosidl_typesupport_fastrtps_c.h
[2.475s] -- Up-to-date: /home/sergio/ros2_ws/install/moveit_task_constructor_msgs/include/moveit_task_constructor_msgs/moveit_task_constructor_msgs/msg/detail/sub_trajectory__rosidl_typesupport_fastrtps_c.h
[2.475s] -- Up-to-date: /home/sergio/ros2_ws/install/moveit_task_constructor_msgs/include/moveit_task_constructor_msgs/moveit_task_constructor_msgs/msg/detail/sub_solution__rosidl_typesupport_fastrtps_c.h
[2.475s] -- Up-to-date: /home/sergio/ros2_ws/install/moveit_task_constructor_msgs/include/moveit_task_constructor_msgs/moveit_task_constructor_msgs/msg/detail/task_statistics__rosidl_typesupport_fastrtps_c.h
[2.475s] -- Up-to-date: /home/sergio/ros2_ws/install/moveit_task_constructor_msgs/include/moveit_task_constructor_msgs/moveit_task_constructor_msgs/msg/detail/task_description__rosidl_typesupport_fastrtps_c.h
[2.475s] -- Up-to-date: /home/sergio/ros2_ws/install/moveit_task_constructor_msgs/include/moveit_task_constructor_msgs/moveit_task_constructor_msgs/msg/detail/solution__rosidl_typesupport_fastrtps_c.h
[2.475s] -- Up-to-date: /home/sergio/ros2_ws/install/moveit_task_constructor_msgs/include/moveit_task_constructor_msgs/moveit_task_constructor_msgs/msg/detail/solution_info__rosidl_typesupport_fastrtps_c.h
[2.475s] -- Up-to-date: /home/sergio/ros2_ws/install/moveit_task_constructor_msgs/include/moveit_task_constructor_msgs/moveit_task_constructor_msgs/msg/rosidl_typesupport_fastrtps_c__visibility_control.h
[2.476s] -- Up-to-date: /home/sergio/ros2_ws/install/moveit_task_constructor_msgs/include/moveit_task_constructor_msgs/moveit_task_constructor_msgs/action
[2.476s] -- Up-to-date: /home/sergio/ros2_ws/install/moveit_task_constructor_msgs/include/moveit_task_constructor_msgs/moveit_task_constructor_msgs/action/detail
[2.477s] -- Up-to-date: /home/sergio/ros2_ws/install/moveit_task_constructor_msgs/include/moveit_task_constructor_msgs/moveit_task_constructor_msgs/action/detail/execute_task_solution__rosidl_typesupport_fastrtps_c.h
[2.477s] -- Up-to-date: /home/sergio/ros2_ws/install/moveit_task_constructor_msgs/include/moveit_task_constructor_msgs/moveit_task_constructor_msgs/srv
[2.477s] -- Up-to-date: /home/sergio/ros2_ws/install/moveit_task_constructor_msgs/include/moveit_task_constructor_msgs/moveit_task_constructor_msgs/srv/detail
[2.478s] -- Up-to-date: /home/sergio/ros2_ws/install/moveit_task_constructor_msgs/include/moveit_task_constructor_msgs/moveit_task_constructor_msgs/srv/detail/get_solution__rosidl_typesupport_fastrtps_c.h
[2.478s] -- Up-to-date: /home/sergio/ros2_ws/install/moveit_task_constructor_msgs/lib/libmoveit_task_constructor_msgs__rosidl_typesupport_fastrtps_c.so
[2.478s] -- Up-to-date: /home/sergio/ros2_ws/install/moveit_task_constructor_msgs/include/moveit_task_constructor_msgs/moveit_task_constructor_msgs
[2.478s] -- Up-to-date: /home/sergio/ros2_ws/install/moveit_task_constructor_msgs/include/moveit_task_constructor_msgs/moveit_task_constructor_msgs/msg
[2.478s] -- Up-to-date: /home/sergio/ros2_ws/install/moveit_task_constructor_msgs/include/moveit_task_constructor_msgs/moveit_task_constructor_msgs/msg/property.hpp
[2.478s] -- Up-to-date: /home/sergio/ros2_ws/install/moveit_task_constructor_msgs/include/moveit_task_constructor_msgs/moveit_task_constructor_msgs/msg/stage_statistics.hpp
[2.478s] -- Up-to-date: /home/sergio/ros2_ws/install/moveit_task_constructor_msgs/include/moveit_task_constructor_msgs/moveit_task_constructor_msgs/msg/sub_trajectory.hpp
[2.478s] -- Up-to-date: /home/sergio/ros2_ws/install/moveit_task_constructor_msgs/include/moveit_task_constructor_msgs/moveit_task_constructor_msgs/msg/rosidl_generator_cpp__visibility_control.hpp
[2.479s] -- Up-to-date: /home/sergio/ros2_ws/install/moveit_task_constructor_msgs/include/moveit_task_constructor_msgs/moveit_task_constructor_msgs/msg/task_statistics.hpp
[2.479s] -- Up-to-date: /home/sergio/ros2_ws/install/moveit_task_constructor_msgs/include/moveit_task_constructor_msgs/moveit_task_constructor_msgs/msg/solution.hpp
[2.479s] -- Up-to-date: /home/sergio/ros2_ws/install/moveit_task_constructor_msgs/include/moveit_task_constructor_msgs/moveit_task_constructor_msgs/msg/stage_description.hpp
[2.479s] -- Up-to-date: /home/sergio/ros2_ws/install/moveit_task_constructor_msgs/include/moveit_task_constructor_msgs/moveit_task_constructor_msgs/msg/task_description.hpp
[2.479s] -- Up-to-date: /home/sergio/ros2_ws/install/moveit_task_constructor_msgs/include/moveit_task_constructor_msgs/moveit_task_constructor_msgs/msg/detail
[2.479s] -- Up-to-date: /home/sergio/ros2_ws/install/moveit_task_constructor_msgs/include/moveit_task_constructor_msgs/moveit_task_constructor_msgs/msg/detail/sub_trajectory__struct.hpp
[2.480s] -- Up-to-date: /home/sergio/ros2_ws/install/moveit_task_constructor_msgs/include/moveit_task_constructor_msgs/moveit_task_constructor_msgs/msg/detail/sub_solution__traits.hpp
[2.480s] -- Up-to-date: /home/sergio/ros2_ws/install/moveit_task_constructor_msgs/include/moveit_task_constructor_msgs/moveit_task_constructor_msgs/msg/detail/task_statistics__builder.hpp
[2.480s] -- Up-to-date: /home/sergio/ros2_ws/install/moveit_task_constructor_msgs/include/moveit_task_constructor_msgs/moveit_task_constructor_msgs/msg/detail/task_statistics__type_support.hpp
[2.480s] -- Up-to-date: /home/sergio/ros2_ws/install/moveit_task_constructor_msgs/include/moveit_task_constructor_msgs/moveit_task_constructor_msgs/msg/detail/task_description__type_support.hpp
[2.480s] -- Up-to-date: /home/sergio/ros2_ws/install/moveit_task_constructor_msgs/include/moveit_task_constructor_msgs/moveit_task_constructor_msgs/msg/detail/stage_description__struct.hpp
[2.480s] -- Up-to-date: /home/sergio/ros2_ws/install/moveit_task_constructor_msgs/include/moveit_task_constructor_msgs/moveit_task_constructor_msgs/msg/detail/solution_info__traits.hpp
[2.480s] -- Up-to-date: /home/sergio/ros2_ws/install/moveit_task_constructor_msgs/include/moveit_task_constructor_msgs/moveit_task_constructor_msgs/msg/detail/property__traits.hpp
[2.481s] -- Up-to-date: /home/sergio/ros2_ws/install/moveit_task_constructor_msgs/include/moveit_task_constructor_msgs/moveit_task_constructor_msgs/msg/detail/property__type_support.hpp
[2.481s] -- Up-to-date: /home/sergio/ros2_ws/install/moveit_task_constructor_msgs/include/moveit_task_constructor_msgs/moveit_task_constructor_msgs/msg/detail/stage_statistics__traits.hpp
[2.481s] -- Up-to-date: /home/sergio/ros2_ws/install/moveit_task_constructor_msgs/include/moveit_task_constructor_msgs/moveit_task_constructor_msgs/msg/detail/stage_statistics__type_support.hpp
[2.481s] -- Up-to-date: /home/sergio/ros2_ws/install/moveit_task_constructor_msgs/include/moveit_task_constructor_msgs/moveit_task_constructor_msgs/msg/detail/sub_solution__type_support.hpp
[2.481s] -- Up-to-date: /home/sergio/ros2_ws/install/moveit_task_constructor_msgs/include/moveit_task_constructor_msgs/moveit_task_constructor_msgs/msg/detail/trajectory_execution_info__traits.hpp
[2.481s] -- Up-to-date: /home/sergio/ros2_ws/install/moveit_task_constructor_msgs/include/moveit_task_constructor_msgs/moveit_task_constructor_msgs/msg/detail/task_statistics__traits.hpp
[2.481s] -- Up-to-date: /home/sergio/ros2_ws/install/moveit_task_constructor_msgs/include/moveit_task_constructor_msgs/moveit_task_constructor_msgs/msg/detail/sub_solution__builder.hpp
[2.481s] -- Up-to-date: /home/sergio/ros2_ws/install/moveit_task_constructor_msgs/include/moveit_task_constructor_msgs/moveit_task_constructor_msgs/msg/detail/solution__type_support.hpp
[2.482s] -- Up-to-date: /home/sergio/ros2_ws/install/moveit_task_constructor_msgs/include/moveit_task_constructor_msgs/moveit_task_constructor_msgs/msg/detail/stage_statistics__builder.hpp
[2.482s] -- Up-to-date: /home/sergio/ros2_ws/install/moveit_task_constructor_msgs/include/moveit_task_constructor_msgs/moveit_task_constructor_msgs/msg/detail/stage_description__type_support.hpp
[2.482s] -- Up-to-date: /home/sergio/ros2_ws/install/moveit_task_constructor_msgs/include/moveit_task_constructor_msgs/moveit_task_constructor_msgs/msg/detail/solution_info__struct.hpp
[2.482s] -- Up-to-date: /home/sergio/ros2_ws/install/moveit_task_constructor_msgs/include/moveit_task_constructor_msgs/moveit_task_constructor_msgs/msg/detail/sub_trajectory__builder.hpp
[2.482s] -- Up-to-date: /home/sergio/ros2_ws/install/moveit_task_constructor_msgs/include/moveit_task_constructor_msgs/moveit_task_constructor_msgs/msg/detail/trajectory_execution_info__builder.hpp
[2.482s] -- Up-to-date: /home/sergio/ros2_ws/install/moveit_task_constructor_msgs/include/moveit_task_constructor_msgs/moveit_task_constructor_msgs/msg/detail/stage_statistics__struct.hpp
[2.482s] -- Up-to-date: /home/sergio/ros2_ws/install/moveit_task_constructor_msgs/include/moveit_task_constructor_msgs/moveit_task_constructor_msgs/msg/detail/task_statistics__struct.hpp
[2.482s] -- Up-to-date: /home/sergio/ros2_ws/install/moveit_task_constructor_msgs/include/moveit_task_constructor_msgs/moveit_task_constructor_msgs/msg/detail/sub_trajectory__traits.hpp
[2.483s] -- Up-to-date: /home/sergio/ros2_ws/install/moveit_task_constructor_msgs/include/moveit_task_constructor_msgs/moveit_task_constructor_msgs/msg/detail/task_description__struct.hpp
[2.483s] -- Up-to-date: /home/sergio/ros2_ws/install/moveit_task_constructor_msgs/include/moveit_task_constructor_msgs/moveit_task_constructor_msgs/msg/detail/property__struct.hpp
[2.483s] -- Up-to-date: /home/sergio/ros2_ws/install/moveit_task_constructor_msgs/include/moveit_task_constructor_msgs/moveit_task_constructor_msgs/msg/detail/solution_info__type_support.hpp
[2.483s] -- Up-to-date: /home/sergio/ros2_ws/install/moveit_task_constructor_msgs/include/moveit_task_constructor_msgs/moveit_task_constructor_msgs/msg/detail/solution__builder.hpp
[2.483s] -- Up-to-date: /home/sergio/ros2_ws/install/moveit_task_constructor_msgs/include/moveit_task_constructor_msgs/moveit_task_constructor_msgs/msg/detail/task_description__traits.hpp
[2.483s] -- Up-to-date: /home/sergio/ros2_ws/install/moveit_task_constructor_msgs/include/moveit_task_constructor_msgs/moveit_task_constructor_msgs/msg/detail/trajectory_execution_info__type_support.hpp
[2.483s] -- Up-to-date: /home/sergio/ros2_ws/install/moveit_task_constructor_msgs/include/moveit_task_constructor_msgs/moveit_task_constructor_msgs/msg/detail/stage_description__builder.hpp
[2.483s] -- Up-to-date: /home/sergio/ros2_ws/install/moveit_task_constructor_msgs/include/moveit_task_constructor_msgs/moveit_task_constructor_msgs/msg/detail/solution__traits.hpp
[2.484s] -- Up-to-date: /home/sergio/ros2_ws/install/moveit_task_constructor_msgs/include/moveit_task_constructor_msgs/moveit_task_constructor_msgs/msg/detail/trajectory_execution_info__struct.hpp
[2.484s] -- Up-to-date: /home/sergio/ros2_ws/install/moveit_task_constructor_msgs/include/moveit_task_constructor_msgs/moveit_task_constructor_msgs/msg/detail/solution__struct.hpp
[2.484s] -- Up-to-date: /home/sergio/ros2_ws/install/moveit_task_constructor_msgs/include/moveit_task_constructor_msgs/moveit_task_constructor_msgs/msg/detail/property__builder.hpp
[2.484s] -- Up-to-date: /home/sergio/ros2_ws/install/moveit_task_constructor_msgs/include/moveit_task_constructor_msgs/moveit_task_constructor_msgs/msg/detail/sub_trajectory__type_support.hpp
[2.484s] -- Up-to-date: /home/sergio/ros2_ws/install/moveit_task_constructor_msgs/include/moveit_task_constructor_msgs/moveit_task_constructor_msgs/msg/detail/sub_solution__struct.hpp
[2.484s] -- Up-to-date: /home/sergio/ros2_ws/install/moveit_task_constructor_msgs/include/moveit_task_constructor_msgs/moveit_task_constructor_msgs/msg/detail/task_description__builder.hpp
[2.484s] -- Up-to-date: /home/sergio/ros2_ws/install/moveit_task_constructor_msgs/include/moveit_task_constructor_msgs/moveit_task_constructor_msgs/msg/detail/stage_description__traits.hpp
[2.484s] -- Up-to-date: /home/sergio/ros2_ws/install/moveit_task_constructor_msgs/include/moveit_task_constructor_msgs/moveit_task_constructor_msgs/msg/detail/solution_info__builder.hpp
[2.484s] -- Up-to-date: /home/sergio/ros2_ws/install/moveit_task_constructor_msgs/include/moveit_task_constructor_msgs/moveit_task_constructor_msgs/msg/solution_info.hpp
[2.485s] -- Up-to-date: /home/sergio/ros2_ws/install/moveit_task_constructor_msgs/include/moveit_task_constructor_msgs/moveit_task_constructor_msgs/msg/sub_solution.hpp
[2.485s] -- Up-to-date: /home/sergio/ros2_ws/install/moveit_task_constructor_msgs/include/moveit_task_constructor_msgs/moveit_task_constructor_msgs/msg/trajectory_execution_info.hpp
[2.487s] -- Up-to-date: /home/sergio/ros2_ws/install/moveit_task_constructor_msgs/include/moveit_task_constructor_msgs/moveit_task_constructor_msgs/action
[2.487s] -- Up-to-date: /home/sergio/ros2_ws/install/moveit_task_constructor_msgs/include/moveit_task_constructor_msgs/moveit_task_constructor_msgs/action/detail
[2.488s] -- Up-to-date: /home/sergio/ros2_ws/install/moveit_task_constructor_msgs/include/moveit_task_constructor_msgs/moveit_task_constructor_msgs/action/detail/execute_task_solution__struct.hpp
[2.488s] -- Up-to-date: /home/sergio/ros2_ws/install/moveit_task_constructor_msgs/include/moveit_task_constructor_msgs/moveit_task_constructor_msgs/action/detail/execute_task_solution__builder.hpp
[2.488s] -- Up-to-date: /home/sergio/ros2_ws/install/moveit_task_constructor_msgs/include/moveit_task_constructor_msgs/moveit_task_constructor_msgs/action/detail/execute_task_solution__traits.hpp
[2.488s] -- Up-to-date: /home/sergio/ros2_ws/install/moveit_task_constructor_msgs/include/moveit_task_constructor_msgs/moveit_task_constructor_msgs/action/detail/execute_task_solution__type_support.hpp
[2.488s] -- Up-to-date: /home/sergio/ros2_ws/install/moveit_task_constructor_msgs/include/moveit_task_constructor_msgs/moveit_task_constructor_msgs/action/execute_task_solution.hpp
[2.488s] -- Up-to-date: /home/sergio/ros2_ws/install/moveit_task_constructor_msgs/include/moveit_task_constructor_msgs/moveit_task_constructor_msgs/srv
[2.488s] -- Up-to-date: /home/sergio/ros2_ws/install/moveit_task_constructor_msgs/include/moveit_task_constructor_msgs/moveit_task_constructor_msgs/srv/get_solution.hpp
[2.489s] -- Up-to-date: /home/sergio/ros2_ws/install/moveit_task_constructor_msgs/include/moveit_task_constructor_msgs/moveit_task_constructor_msgs/srv/detail
[2.489s] -- Up-to-date: /home/sergio/ros2_ws/install/moveit_task_constructor_msgs/include/moveit_task_constructor_msgs/moveit_task_constructor_msgs/srv/detail/get_solution__traits.hpp
[2.489s] -- Up-to-date: /home/sergio/ros2_ws/install/moveit_task_constructor_msgs/include/moveit_task_constructor_msgs/moveit_task_constructor_msgs/srv/detail/get_solution__builder.hpp
[2.489s] -- Up-to-date: /home/sergio/ros2_ws/install/moveit_task_constructor_msgs/include/moveit_task_constructor_msgs/moveit_task_constructor_msgs/srv/detail/get_solution__type_support.hpp
[2.489s] -- Up-to-date: /home/sergio/ros2_ws/install/moveit_task_constructor_msgs/include/moveit_task_constructor_msgs/moveit_task_constructor_msgs/srv/detail/get_solution__struct.hpp
[2.489s] -- Up-to-date: /home/sergio/ros2_ws/install/moveit_task_constructor_msgs/include/moveit_task_constructor_msgs/moveit_task_constructor_msgs
[2.489s] -- Up-to-date: /home/sergio/ros2_ws/install/moveit_task_constructor_msgs/include/moveit_task_constructor_msgs/moveit_task_constructor_msgs/msg
[2.489s] -- Up-to-date: /home/sergio/ros2_ws/install/moveit_task_constructor_msgs/include/moveit_task_constructor_msgs/moveit_task_constructor_msgs/msg/detail
[2.489s] -- Up-to-date: /home/sergio/ros2_ws/install/moveit_task_constructor_msgs/include/moveit_task_constructor_msgs/moveit_task_constructor_msgs/msg/detail/task_statistics__rosidl_typesupport_fastrtps_cpp.hpp
[2.490s] -- Up-to-date: /home/sergio/ros2_ws/install/moveit_task_constructor_msgs/include/moveit_task_constructor_msgs/moveit_task_constructor_msgs/msg/detail/property__rosidl_typesupport_fastrtps_cpp.hpp
[2.490s] -- Up-to-date: /home/sergio/ros2_ws/install/moveit_task_constructor_msgs/include/moveit_task_constructor_msgs/moveit_task_constructor_msgs/msg/detail/trajectory_execution_info__rosidl_typesupport_fastrtps_cpp.hpp
[2.490s] -- Up-to-date: /home/sergio/ros2_ws/install/moveit_task_constructor_msgs/include/moveit_task_constructor_msgs/moveit_task_constructor_msgs/msg/detail/dds_fastrtps
[2.490s] -- Up-to-date: /home/sergio/ros2_ws/install/moveit_task_constructor_msgs/include/moveit_task_constructor_msgs/moveit_task_constructor_msgs/msg/detail/sub_trajectory__rosidl_typesupport_fastrtps_cpp.hpp
[2.490s] -- Up-to-date: /home/sergio/ros2_ws/install/moveit_task_constructor_msgs/include/moveit_task_constructor_msgs/moveit_task_constructor_msgs/msg/detail/stage_description__rosidl_typesupport_fastrtps_cpp.hpp
[2.490s] -- Up-to-date: /home/sergio/ros2_ws/install/moveit_task_constructor_msgs/include/moveit_task_constructor_msgs/moveit_task_constructor_msgs/msg/detail/sub_solution__rosidl_typesupport_fastrtps_cpp.hpp
[2.490s] -- Up-to-date: /home/sergio/ros2_ws/install/moveit_task_constructor_msgs/include/moveit_task_constructor_msgs/moveit_task_constructor_msgs/msg/detail/solution_info__rosidl_typesupport_fastrtps_cpp.hpp
[2.490s] -- Up-to-date: /home/sergio/ros2_ws/install/moveit_task_constructor_msgs/include/moveit_task_constructor_msgs/moveit_task_constructor_msgs/msg/detail/stage_statistics__rosidl_typesupport_fastrtps_cpp.hpp
[2.490s] -- Up-to-date: /home/sergio/ros2_ws/install/moveit_task_constructor_msgs/include/moveit_task_constructor_msgs/moveit_task_constructor_msgs/msg/detail/solution__rosidl_typesupport_fastrtps_cpp.hpp
[2.491s] -- Up-to-date: /home/sergio/ros2_ws/install/moveit_task_constructor_msgs/include/moveit_task_constructor_msgs/moveit_task_constructor_msgs/msg/detail/task_description__rosidl_typesupport_fastrtps_cpp.hpp
[2.491s] -- Up-to-date: /home/sergio/ros2_ws/install/moveit_task_constructor_msgs/include/moveit_task_constructor_msgs/moveit_task_constructor_msgs/msg/rosidl_typesupport_fastrtps_cpp__visibility_control.h
[2.491s] -- Up-to-date: /home/sergio/ros2_ws/install/moveit_task_constructor_msgs/include/moveit_task_constructor_msgs/moveit_task_constructor_msgs/action
[2.491s] -- Up-to-date: /home/sergio/ros2_ws/install/moveit_task_constructor_msgs/include/moveit_task_constructor_msgs/moveit_task_constructor_msgs/action/detail
[2.491s] -- Up-to-date: /home/sergio/ros2_ws/install/moveit_task_constructor_msgs/include/moveit_task_constructor_msgs/moveit_task_constructor_msgs/action/detail/execute_task_solution__rosidl_typesupport_fastrtps_cpp.hpp
[2.491s] -- Up-to-date: /home/sergio/ros2_ws/install/moveit_task_constructor_msgs/include/moveit_task_constructor_msgs/moveit_task_constructor_msgs/action/detail/dds_fastrtps
[2.491s] -- Up-to-date: /home/sergio/ros2_ws/install/moveit_task_constructor_msgs/include/moveit_task_constructor_msgs/moveit_task_constructor_msgs/srv
[2.491s] -- Up-to-date: /home/sergio/ros2_ws/install/moveit_task_constructor_msgs/include/moveit_task_constructor_msgs/moveit_task_constructor_msgs/srv/detail
[2.492s] -- Up-to-date: /home/sergio/ros2_ws/install/moveit_task_constructor_msgs/include/moveit_task_constructor_msgs/moveit_task_constructor_msgs/srv/detail/dds_fastrtps
[2.492s] -- Up-to-date: /home/sergio/ros2_ws/install/moveit_task_constructor_msgs/include/moveit_task_constructor_msgs/moveit_task_constructor_msgs/srv/detail/get_solution__rosidl_typesupport_fastrtps_cpp.hpp
[2.496s] -- Up-to-date: /home/sergio/ros2_ws/install/moveit_task_constructor_msgs/lib/libmoveit_task_constructor_msgs__rosidl_typesupport_fastrtps_cpp.so
[2.496s] -- Up-to-date: /home/sergio/ros2_ws/install/moveit_task_constructor_msgs/include/moveit_task_constructor_msgs/moveit_task_constructor_msgs
[2.497s] -- Up-to-date: /home/sergio/ros2_ws/install/moveit_task_constructor_msgs/include/moveit_task_constructor_msgs/moveit_task_constructor_msgs/msg
[2.497s] -- Up-to-date: /home/sergio/ros2_ws/install/moveit_task_constructor_msgs/include/moveit_task_constructor_msgs/moveit_task_constructor_msgs/msg/rosidl_typesupport_introspection_c__visibility_control.h
[2.497s] -- Up-to-date: /home/sergio/ros2_ws/install/moveit_task_constructor_msgs/include/moveit_task_constructor_msgs/moveit_task_constructor_msgs/msg/detail
[2.497s] -- Up-to-date: /home/sergio/ros2_ws/install/moveit_task_constructor_msgs/include/moveit_task_constructor_msgs/moveit_task_constructor_msgs/msg/detail/solution__type_support.c
[2.497s] -- Up-to-date: /home/sergio/ros2_ws/install/moveit_task_constructor_msgs/include/moveit_task_constructor_msgs/moveit_task_constructor_msgs/msg/detail/sub_solution__type_support.c
[2.497s] -- Up-to-date: /home/sergio/ros2_ws/install/moveit_task_constructor_msgs/include/moveit_task_constructor_msgs/moveit_task_constructor_msgs/msg/detail/task_statistics__rosidl_typesupport_introspection_c.h
[2.497s] -- Up-to-date: /home/sergio/ros2_ws/install/moveit_task_constructor_msgs/include/moveit_task_constructor_msgs/moveit_task_constructor_msgs/msg/detail/property__rosidl_typesupport_introspection_c.h
[2.497s] -- Up-to-date: /home/sergio/ros2_ws/install/moveit_task_constructor_msgs/include/moveit_task_constructor_msgs/moveit_task_constructor_msgs/msg/detail/sub_solution__rosidl_typesupport_introspection_c.h
[2.498s] -- Up-to-date: /home/sergio/ros2_ws/install/moveit_task_constructor_msgs/include/moveit_task_constructor_msgs/moveit_task_constructor_msgs/msg/detail/solution_info__rosidl_typesupport_introspection_c.h
[2.498s] -- Up-to-date: /home/sergio/ros2_ws/install/moveit_task_constructor_msgs/include/moveit_task_constructor_msgs/moveit_task_constructor_msgs/msg/detail/solution_info__type_support.c
[2.498s] -- Up-to-date: /home/sergio/ros2_ws/install/moveit_task_constructor_msgs/include/moveit_task_constructor_msgs/moveit_task_constructor_msgs/msg/detail/task_description__rosidl_typesupport_introspection_c.h
[2.498s] -- Up-to-date: /home/sergio/ros2_ws/install/moveit_task_constructor_msgs/include/moveit_task_constructor_msgs/moveit_task_constructor_msgs/msg/detail/property__type_support.c
[2.498s] -- Up-to-date: /home/sergio/ros2_ws/install/moveit_task_constructor_msgs/include/moveit_task_constructor_msgs/moveit_task_constructor_msgs/msg/detail/stage_statistics__rosidl_typesupport_introspection_c.h
[2.498s] -- Up-to-date: /home/sergio/ros2_ws/install/moveit_task_constructor_msgs/include/moveit_task_constructor_msgs/moveit_task_constructor_msgs/msg/detail/sub_trajectory__rosidl_typesupport_introspection_c.h
[2.498s] -- Up-to-date: /home/sergio/ros2_ws/install/moveit_task_constructor_msgs/include/moveit_task_constructor_msgs/moveit_task_constructor_msgs/msg/detail/sub_trajectory__type_support.c
[2.498s] -- Up-to-date: /home/sergio/ros2_ws/install/moveit_task_constructor_msgs/include/moveit_task_constructor_msgs/moveit_task_constructor_msgs/msg/detail/stage_statistics__type_support.c
[2.499s] -- Up-to-date: /home/sergio/ros2_ws/install/moveit_task_constructor_msgs/include/moveit_task_constructor_msgs/moveit_task_constructor_msgs/msg/detail/stage_description__rosidl_typesupport_introspection_c.h
[2.499s] -- Up-to-date: /home/sergio/ros2_ws/install/moveit_task_constructor_msgs/include/moveit_task_constructor_msgs/moveit_task_constructor_msgs/msg/detail/task_description__type_support.c
[2.504s] -- Up-to-date: /home/sergio/ros2_ws/install/moveit_task_constructor_msgs/include/moveit_task_constructor_msgs/moveit_task_constructor_msgs/msg/detail/task_statistics__type_support.c
[2.504s] -- Up-to-date: /home/sergio/ros2_ws/install/moveit_task_constructor_msgs/include/moveit_task_constructor_msgs/moveit_task_constructor_msgs/msg/detail/stage_description__type_support.c
[2.504s] -- Up-to-date: /home/sergio/ros2_ws/install/moveit_task_constructor_msgs/include/moveit_task_constructor_msgs/moveit_task_constructor_msgs/msg/detail/solution__rosidl_typesupport_introspection_c.h
[2.504s] -- Up-to-date: /home/sergio/ros2_ws/install/moveit_task_constructor_msgs/include/moveit_task_constructor_msgs/moveit_task_constructor_msgs/msg/detail/trajectory_execution_info__type_support.c
[2.504s] -- Up-to-date: /home/sergio/ros2_ws/install/moveit_task_constructor_msgs/include/moveit_task_constructor_msgs/moveit_task_constructor_msgs/msg/detail/trajectory_execution_info__rosidl_typesupport_introspection_c.h
[2.504s] -- Up-to-date: /home/sergio/ros2_ws/install/moveit_task_constructor_msgs/include/moveit_task_constructor_msgs/moveit_task_constructor_msgs/action
[2.505s] -- Up-to-date: /home/sergio/ros2_ws/install/moveit_task_constructor_msgs/include/moveit_task_constructor_msgs/moveit_task_constructor_msgs/action/detail
[2.505s] -- Up-to-date: /home/sergio/ros2_ws/install/moveit_task_constructor_msgs/include/moveit_task_constructor_msgs/moveit_task_constructor_msgs/action/detail/execute_task_solution__rosidl_typesupport_introspection_c.h
[2.505s] -- Up-to-date: /home/sergio/ros2_ws/install/moveit_task_constructor_msgs/include/moveit_task_constructor_msgs/moveit_task_constructor_msgs/action/detail/execute_task_solution__type_support.c
[2.505s] -- Up-to-date: /home/sergio/ros2_ws/install/moveit_task_constructor_msgs/include/moveit_task_constructor_msgs/moveit_task_constructor_msgs/srv
[2.505s] -- Up-to-date: /home/sergio/ros2_ws/install/moveit_task_constructor_msgs/include/moveit_task_constructor_msgs/moveit_task_constructor_msgs/srv/detail
[2.505s] -- Up-to-date: /home/sergio/ros2_ws/install/moveit_task_constructor_msgs/include/moveit_task_constructor_msgs/moveit_task_constructor_msgs/srv/detail/get_solution__rosidl_typesupport_introspection_c.h
[2.506s] -- Up-to-date: /home/sergio/ros2_ws/install/moveit_task_constructor_msgs/include/moveit_task_constructor_msgs/moveit_task_constructor_msgs/srv/detail/get_solution__type_support.c
[2.506s] -- Up-to-date: /home/sergio/ros2_ws/install/moveit_task_constructor_msgs/lib/libmoveit_task_constructor_msgs__rosidl_typesupport_introspection_c.so
[2.506s] -- Up-to-date: /home/sergio/ros2_ws/install/moveit_task_constructor_msgs/lib/libmoveit_task_constructor_msgs__rosidl_typesupport_c.so
[2.506s] -- Up-to-date: /home/sergio/ros2_ws/install/moveit_task_constructor_msgs/include/moveit_task_constructor_msgs/moveit_task_constructor_msgs
[2.506s] -- Up-to-date: /home/sergio/ros2_ws/install/moveit_task_constructor_msgs/include/moveit_task_constructor_msgs/moveit_task_constructor_msgs/msg
[2.507s] -- Up-to-date: /home/sergio/ros2_ws/install/moveit_task_constructor_msgs/include/moveit_task_constructor_msgs/moveit_task_constructor_msgs/msg/detail
[2.507s] -- Up-to-date: /home/sergio/ros2_ws/install/moveit_task_constructor_msgs/include/moveit_task_constructor_msgs/moveit_task_constructor_msgs/msg/detail/stage_description__type_support.cpp
[2.507s] -- Up-to-date: /home/sergio/ros2_ws/install/moveit_task_constructor_msgs/include/moveit_task_constructor_msgs/moveit_task_constructor_msgs/msg/detail/trajectory_execution_info__rosidl_typesupport_introspection_cpp.hpp
[2.507s] -- Up-to-date: /home/sergio/ros2_ws/install/moveit_task_constructor_msgs/include/moveit_task_constructor_msgs/moveit_task_constructor_msgs/msg/detail/sub_solution__type_support.cpp
[2.507s] -- Up-to-date: /home/sergio/ros2_ws/install/moveit_task_constructor_msgs/include/moveit_task_constructor_msgs/moveit_task_constructor_msgs/msg/detail/solution__type_support.cpp
[2.507s] -- Up-to-date: /home/sergio/ros2_ws/install/moveit_task_constructor_msgs/include/moveit_task_constructor_msgs/moveit_task_constructor_msgs/msg/detail/sub_solution__rosidl_typesupport_introspection_cpp.hpp
[2.508s] -- Up-to-date: /home/sergio/ros2_ws/install/moveit_task_constructor_msgs/include/moveit_task_constructor_msgs/moveit_task_constructor_msgs/msg/detail/stage_statistics__rosidl_typesupport_introspection_cpp.hpp
[2.508s] -- Up-to-date: /home/sergio/ros2_ws/install/moveit_task_constructor_msgs/include/moveit_task_constructor_msgs/moveit_task_constructor_msgs/msg/detail/trajectory_execution_info__type_support.cpp
[2.508s] -- Up-to-date: /home/sergio/ros2_ws/install/moveit_task_constructor_msgs/include/moveit_task_constructor_msgs/moveit_task_constructor_msgs/msg/detail/solution_info__type_support.cpp
[2.508s] -- Up-to-date: /home/sergio/ros2_ws/install/moveit_task_constructor_msgs/include/moveit_task_constructor_msgs/moveit_task_constructor_msgs/msg/detail/property__rosidl_typesupport_introspection_cpp.hpp
[2.508s] -- Up-to-date: /home/sergio/ros2_ws/install/moveit_task_constructor_msgs/include/moveit_task_constructor_msgs/moveit_task_constructor_msgs/msg/detail/solution__rosidl_typesupport_introspection_cpp.hpp
[2.509s] -- Up-to-date: /home/sergio/ros2_ws/install/moveit_task_constructor_msgs/include/moveit_task_constructor_msgs/moveit_task_constructor_msgs/msg/detail/solution_info__rosidl_typesupport_introspection_cpp.hpp
[2.509s] -- Up-to-date: /home/sergio/ros2_ws/install/moveit_task_constructor_msgs/include/moveit_task_constructor_msgs/moveit_task_constructor_msgs/msg/detail/sub_trajectory__rosidl_typesupport_introspection_cpp.hpp
[2.509s] -- Up-to-date: /home/sergio/ros2_ws/install/moveit_task_constructor_msgs/include/moveit_task_constructor_msgs/moveit_task_constructor_msgs/msg/detail/property__type_support.cpp
[2.509s] -- Up-to-date: /home/sergio/ros2_ws/install/moveit_task_constructor_msgs/include/moveit_task_constructor_msgs/moveit_task_constructor_msgs/msg/detail/stage_description__rosidl_typesupport_introspection_cpp.hpp
[2.509s] -- Up-to-date: /home/sergio/ros2_ws/install/moveit_task_constructor_msgs/include/moveit_task_constructor_msgs/moveit_task_constructor_msgs/msg/detail/sub_trajectory__type_support.cpp
[2.509s] -- Up-to-date: /home/sergio/ros2_ws/install/moveit_task_constructor_msgs/include/moveit_task_constructor_msgs/moveit_task_constructor_msgs/msg/detail/task_description__type_support.cpp
[2.509s] -- Up-to-date: /home/sergio/ros2_ws/install/moveit_task_constructor_msgs/include/moveit_task_constructor_msgs/moveit_task_constructor_msgs/msg/detail/task_statistics__type_support.cpp
[2.509s] -- Up-to-date: /home/sergio/ros2_ws/install/moveit_task_constructor_msgs/include/moveit_task_constructor_msgs/moveit_task_constructor_msgs/msg/detail/stage_statistics__type_support.cpp
[2.510s] -- Up-to-date: /home/sergio/ros2_ws/install/moveit_task_constructor_msgs/include/moveit_task_constructor_msgs/moveit_task_constructor_msgs/msg/detail/task_statistics__rosidl_typesupport_introspection_cpp.hpp
[2.510s] -- Up-to-date: /home/sergio/ros2_ws/install/moveit_task_constructor_msgs/include/moveit_task_constructor_msgs/moveit_task_constructor_msgs/msg/detail/task_description__rosidl_typesupport_introspection_cpp.hpp
[2.510s] -- Up-to-date: /home/sergio/ros2_ws/install/moveit_task_constructor_msgs/include/moveit_task_constructor_msgs/moveit_task_constructor_msgs/action
[2.517s] -- Up-to-date: /home/sergio/ros2_ws/install/moveit_task_constructor_msgs/include/moveit_task_constructor_msgs/moveit_task_constructor_msgs/action/detail
[2.517s] -- Up-to-date: /home/sergio/ros2_ws/install/moveit_task_constructor_msgs/include/moveit_task_constructor_msgs/moveit_task_constructor_msgs/action/detail/execute_task_solution__rosidl_typesupport_introspection_cpp.hpp
[2.517s] -- Up-to-date: /home/sergio/ros2_ws/install/moveit_task_constructor_msgs/include/moveit_task_constructor_msgs/moveit_task_constructor_msgs/action/detail/execute_task_solution__type_support.cpp
[2.518s] -- Up-to-date: /home/sergio/ros2_ws/install/moveit_task_constructor_msgs/include/moveit_task_constructor_msgs/moveit_task_constructor_msgs/srv
[2.518s] -- Up-to-date: /home/sergio/ros2_ws/install/moveit_task_constructor_msgs/include/moveit_task_constructor_msgs/moveit_task_constructor_msgs/srv/detail
[2.518s] -- Up-to-date: /home/sergio/ros2_ws/install/moveit_task_constructor_msgs/include/moveit_task_constructor_msgs/moveit_task_constructor_msgs/srv/detail/get_solution__rosidl_typesupport_introspection_cpp.hpp
[2.518s] -- Up-to-date: /home/sergio/ros2_ws/install/moveit_task_constructor_msgs/include/moveit_task_constructor_msgs/moveit_task_constructor_msgs/srv/detail/get_solution__type_support.cpp
[2.518s] -- Up-to-date: /home/sergio/ros2_ws/install/moveit_task_constructor_msgs/lib/libmoveit_task_constructor_msgs__rosidl_typesupport_introspection_cpp.so
[2.518s] -- Up-to-date: /home/sergio/ros2_ws/install/moveit_task_constructor_msgs/lib/libmoveit_task_constructor_msgs__rosidl_typesupport_cpp.so
[2.518s] -- Up-to-date: /home/sergio/ros2_ws/install/moveit_task_constructor_msgs/share/moveit_task_constructor_msgs/environment/pythonpath.sh
[2.518s] -- Up-to-date: /home/sergio/ros2_ws/install/moveit_task_constructor_msgs/share/moveit_task_constructor_msgs/environment/pythonpath.dsv
[2.518s] -- Up-to-date: /home/sergio/ros2_ws/install/moveit_task_constructor_msgs/local/lib/python3.10/dist-packages/moveit_task_constructor_msgs-0.1.3-py3.10.egg-info
[2.519s] -- Installing: /home/sergio/ros2_ws/install/moveit_task_constructor_msgs/local/lib/python3.10/dist-packages/moveit_task_constructor_msgs-0.1.3-py3.10.egg-info/PKG-INFO
[2.519s] -- Installing: /home/sergio/ros2_ws/install/moveit_task_constructor_msgs/local/lib/python3.10/dist-packages/moveit_task_constructor_msgs-0.1.3-py3.10.egg-info/SOURCES.txt
[2.519s] -- Installing: /home/sergio/ros2_ws/install/moveit_task_constructor_msgs/local/lib/python3.10/dist-packages/moveit_task_constructor_msgs-0.1.3-py3.10.egg-info/top_level.txt
[2.519s] -- Installing: /home/sergio/ros2_ws/install/moveit_task_constructor_msgs/local/lib/python3.10/dist-packages/moveit_task_constructor_msgs-0.1.3-py3.10.egg-info/dependency_links.txt
[2.519s] -- Up-to-date: /home/sergio/ros2_ws/install/moveit_task_constructor_msgs/local/lib/python3.10/dist-packages/moveit_task_constructor_msgs
[2.519s] -- Up-to-date: /home/sergio/ros2_ws/install/moveit_task_constructor_msgs/local/lib/python3.10/dist-packages/moveit_task_constructor_msgs/moveit_task_constructor_msgs_s__rosidl_typesupport_fastrtps_c.cpython-310-x86_64-linux-gnu.so
[2.519s] -- Up-to-date: /home/sergio/ros2_ws/install/moveit_task_constructor_msgs/local/lib/python3.10/dist-packages/moveit_task_constructor_msgs/msg
[2.519s] -- Up-to-date: /home/sergio/ros2_ws/install/moveit_task_constructor_msgs/local/lib/python3.10/dist-packages/moveit_task_constructor_msgs/msg/_solution.py
[2.519s] -- Up-to-date: /home/sergio/ros2_ws/install/moveit_task_constructor_msgs/local/lib/python3.10/dist-packages/moveit_task_constructor_msgs/msg/_solution_info_s.c
[2.521s] -- Up-to-date: /home/sergio/ros2_ws/install/moveit_task_constructor_msgs/local/lib/python3.10/dist-packages/moveit_task_constructor_msgs/msg/_task_description.py
[2.524s] -- Up-to-date: /home/sergio/ros2_ws/install/moveit_task_constructor_msgs/local/lib/python3.10/dist-packages/moveit_task_constructor_msgs/msg/_task_statistics.py
[2.524s] -- Up-to-date: /home/sergio/ros2_ws/install/moveit_task_constructor_msgs/local/lib/python3.10/dist-packages/moveit_task_constructor_msgs/msg/_sub_solution_s.c
[2.524s] -- Up-to-date: /home/sergio/ros2_ws/install/moveit_task_constructor_msgs/local/lib/python3.10/dist-packages/moveit_task_constructor_msgs/msg/_trajectory_execution_info.py
[2.524s] -- Up-to-date: /home/sergio/ros2_ws/install/moveit_task_constructor_msgs/local/lib/python3.10/dist-packages/moveit_task_constructor_msgs/msg/__init__.py
[2.524s] -- Up-to-date: /home/sergio/ros2_ws/install/moveit_task_constructor_msgs/local/lib/python3.10/dist-packages/moveit_task_constructor_msgs/msg/_trajectory_execution_info_s.c
[2.524s] -- Up-to-date: /home/sergio/ros2_ws/install/moveit_task_constructor_msgs/local/lib/python3.10/dist-packages/moveit_task_constructor_msgs/msg/_solution_info.py
[2.525s] -- Up-to-date: /home/sergio/ros2_ws/install/moveit_task_constructor_msgs/local/lib/python3.10/dist-packages/moveit_task_constructor_msgs/msg/_stage_statistics_s.c
[2.525s] -- Up-to-date: /home/sergio/ros2_ws/install/moveit_task_constructor_msgs/local/lib/python3.10/dist-packages/moveit_task_constructor_msgs/msg/_sub_trajectory.py
[2.525s] -- Up-to-date: /home/sergio/ros2_ws/install/moveit_task_constructor_msgs/local/lib/python3.10/dist-packages/moveit_task_constructor_msgs/msg/_sub_solution.py
[2.525s] -- Up-to-date: /home/sergio/ros2_ws/install/moveit_task_constructor_msgs/local/lib/python3.10/dist-packages/moveit_task_constructor_msgs/msg/_property_s.c
[2.525s] -- Up-to-date: /home/sergio/ros2_ws/install/moveit_task_constructor_msgs/local/lib/python3.10/dist-packages/moveit_task_constructor_msgs/msg/_task_statistics_s.c
[2.525s] -- Up-to-date: /home/sergio/ros2_ws/install/moveit_task_constructor_msgs/local/lib/python3.10/dist-packages/moveit_task_constructor_msgs/msg/_stage_description.py
[2.525s] -- Up-to-date: /home/sergio/ros2_ws/install/moveit_task_constructor_msgs/local/lib/python3.10/dist-packages/moveit_task_constructor_msgs/msg/_stage_statistics.py
[2.526s] -- Up-to-date: /home/sergio/ros2_ws/install/moveit_task_constructor_msgs/local/lib/python3.10/dist-packages/moveit_task_constructor_msgs/msg/_solution_s.c
[2.526s] -- Up-to-date: /home/sergio/ros2_ws/install/moveit_task_constructor_msgs/local/lib/python3.10/dist-packages/moveit_task_constructor_msgs/msg/_stage_description_s.c
[2.526s] -- Up-to-date: /home/sergio/ros2_ws/install/moveit_task_constructor_msgs/local/lib/python3.10/dist-packages/moveit_task_constructor_msgs/msg/_property.py
[2.526s] -- Up-to-date: /home/sergio/ros2_ws/install/moveit_task_constructor_msgs/local/lib/python3.10/dist-packages/moveit_task_constructor_msgs/msg/_task_description_s.c
[2.526s] -- Up-to-date: /home/sergio/ros2_ws/install/moveit_task_constructor_msgs/local/lib/python3.10/dist-packages/moveit_task_constructor_msgs/msg/_sub_trajectory_s.c
[2.526s] -- Up-to-date: /home/sergio/ros2_ws/install/moveit_task_constructor_msgs/local/lib/python3.10/dist-packages/moveit_task_constructor_msgs/action
[2.526s] -- Up-to-date: /home/sergio/ros2_ws/install/moveit_task_constructor_msgs/local/lib/python3.10/dist-packages/moveit_task_constructor_msgs/action/_execute_task_solution.py
[2.527s] -- Up-to-date: /home/sergio/ros2_ws/install/moveit_task_constructor_msgs/local/lib/python3.10/dist-packages/moveit_task_constructor_msgs/action/_execute_task_solution_s.c
[2.530s] -- Up-to-date: /home/sergio/ros2_ws/install/moveit_task_constructor_msgs/local/lib/python3.10/dist-packages/moveit_task_constructor_msgs/action/__init__.py
[2.530s] -- Up-to-date: /home/sergio/ros2_ws/install/moveit_task_constructor_msgs/local/lib/python3.10/dist-packages/moveit_task_constructor_msgs/_moveit_task_constructor_msgs_s.ep.rosidl_typesupport_fastrtps_c.c
[2.530s] -- Up-to-date: /home/sergio/ros2_ws/install/moveit_task_constructor_msgs/local/lib/python3.10/dist-packages/moveit_task_constructor_msgs/__init__.py
[2.530s] -- Up-to-date: /home/sergio/ros2_ws/install/moveit_task_constructor_msgs/local/lib/python3.10/dist-packages/moveit_task_constructor_msgs/srv
[2.530s] -- Up-to-date: /home/sergio/ros2_ws/install/moveit_task_constructor_msgs/local/lib/python3.10/dist-packages/moveit_task_constructor_msgs/srv/__init__.py
[2.530s] -- Up-to-date: /home/sergio/ros2_ws/install/moveit_task_constructor_msgs/local/lib/python3.10/dist-packages/moveit_task_constructor_msgs/srv/_get_solution.py
[2.531s] -- Up-to-date: /home/sergio/ros2_ws/install/moveit_task_constructor_msgs/local/lib/python3.10/dist-packages/moveit_task_constructor_msgs/srv/_get_solution_s.c
[2.531s] -- Up-to-date: /home/sergio/ros2_ws/install/moveit_task_constructor_msgs/local/lib/python3.10/dist-packages/moveit_task_constructor_msgs/libmoveit_task_constructor_msgs__rosidl_generator_py.so
[2.531s] -- Up-to-date: /home/sergio/ros2_ws/install/moveit_task_constructor_msgs/local/lib/python3.10/dist-packages/moveit_task_constructor_msgs/moveit_task_constructor_msgs_s__rosidl_typesupport_c.cpython-310-x86_64-linux-gnu.so
[2.531s] -- Up-to-date: /home/sergio/ros2_ws/install/moveit_task_constructor_msgs/local/lib/python3.10/dist-packages/moveit_task_constructor_msgs/moveit_task_constructor_msgs_s__rosidl_typesupport_introspection_c.cpython-310-x86_64-linux-gnu.so
[2.531s] -- Up-to-date: /home/sergio/ros2_ws/install/moveit_task_constructor_msgs/local/lib/python3.10/dist-packages/moveit_task_constructor_msgs/_moveit_task_constructor_msgs_s.ep.rosidl_typesupport_introspection_c.c
[2.531s] -- Up-to-date: /home/sergio/ros2_ws/install/moveit_task_constructor_msgs/local/lib/python3.10/dist-packages/moveit_task_constructor_msgs/_moveit_task_constructor_msgs_s.ep.rosidl_typesupport_c.c
[2.531s] Listing '/home/sergio/ros2_ws/install/moveit_task_constructor_msgs/local/lib/python3.10/dist-packages/moveit_task_constructor_msgs'...
[2.531s] Listing '/home/sergio/ros2_ws/install/moveit_task_constructor_msgs/local/lib/python3.10/dist-packages/moveit_task_constructor_msgs/action'...
[2.531s] Listing '/home/sergio/ros2_ws/install/moveit_task_constructor_msgs/local/lib/python3.10/dist-packages/moveit_task_constructor_msgs/msg'...
[2.532s] Listing '/home/sergio/ros2_ws/install/moveit_task_constructor_msgs/local/lib/python3.10/dist-packages/moveit_task_constructor_msgs/srv'...
[2.538s] -- Up-to-date: /home/sergio/ros2_ws/install/moveit_task_constructor_msgs/local/lib/python3.10/dist-packages/moveit_task_constructor_msgs/moveit_task_constructor_msgs_s__rosidl_typesupport_fastrtps_c.cpython-310-x86_64-linux-gnu.so
[2.538s] -- Up-to-date: /home/sergio/ros2_ws/install/moveit_task_constructor_msgs/local/lib/python3.10/dist-packages/moveit_task_constructor_msgs/moveit_task_constructor_msgs_s__rosidl_typesupport_introspection_c.cpython-310-x86_64-linux-gnu.so
[2.538s] -- Up-to-date: /home/sergio/ros2_ws/install/moveit_task_constructor_msgs/local/lib/python3.10/dist-packages/moveit_task_constructor_msgs/moveit_task_constructor_msgs_s__rosidl_typesupport_c.cpython-310-x86_64-linux-gnu.so
[2.538s] -- Up-to-date: /home/sergio/ros2_ws/install/moveit_task_constructor_msgs/lib/libmoveit_task_constructor_msgs__rosidl_generator_py.so
[2.538s] -- Up-to-date: /home/sergio/ros2_ws/install/moveit_task_constructor_msgs/share/moveit_task_constructor_msgs/msg/Property.idl
[2.538s] -- Up-to-date: /home/sergio/ros2_ws/install/moveit_task_constructor_msgs/share/moveit_task_constructor_msgs/msg/Solution.idl
[2.539s] -- Up-to-date: /home/sergio/ros2_ws/install/moveit_task_constructor_msgs/share/moveit_task_constructor_msgs/msg/SolutionInfo.idl
[2.539s] -- Up-to-date: /home/sergio/ros2_ws/install/moveit_task_constructor_msgs/share/moveit_task_constructor_msgs/msg/StageDescription.idl
[2.540s] -- Up-to-date: /home/sergio/ros2_ws/install/moveit_task_constructor_msgs/share/moveit_task_constructor_msgs/msg/StageStatistics.idl
[2.544s] -- Up-to-date: /home/sergio/ros2_ws/install/moveit_task_constructor_msgs/share/moveit_task_constructor_msgs/msg/SubSolution.idl
[2.545s] -- Up-to-date: /home/sergio/ros2_ws/install/moveit_task_constructor_msgs/share/moveit_task_constructor_msgs/msg/SubTrajectory.idl
[2.547s] -- Up-to-date: /home/sergio/ros2_ws/install/moveit_task_constructor_msgs/share/moveit_task_constructor_msgs/msg/TaskDescription.idl
[2.548s] -- Up-to-date: /home/sergio/ros2_ws/install/moveit_task_constructor_msgs/share/moveit_task_constructor_msgs/msg/TaskStatistics.idl
[2.548s] -- Up-to-date: /home/sergio/ros2_ws/install/moveit_task_constructor_msgs/share/moveit_task_constructor_msgs/msg/TrajectoryExecutionInfo.idl
[2.552s] -- Up-to-date: /home/sergio/ros2_ws/install/moveit_task_constructor_msgs/share/moveit_task_constructor_msgs/srv/GetSolution.idl
[2.552s] -- Up-to-date: /home/sergio/ros2_ws/install/moveit_task_constructor_msgs/share/moveit_task_constructor_msgs/action/ExecuteTaskSolution.idl
[2.552s] -- Up-to-date: /home/sergio/ros2_ws/install/moveit_task_constructor_msgs/share/moveit_task_constructor_msgs/msg/Property.msg
[2.552s] -- Up-to-date: /home/sergio/ros2_ws/install/moveit_task_constructor_msgs/share/moveit_task_constructor_msgs/msg/Solution.msg
[2.553s] -- Up-to-date: /home/sergio/ros2_ws/install/moveit_task_constructor_msgs/share/moveit_task_constructor_msgs/msg/SolutionInfo.msg
[2.553s] -- Up-to-date: /home/sergio/ros2_ws/install/moveit_task_constructor_msgs/share/moveit_task_constructor_msgs/msg/StageDescription.msg
[2.553s] -- Up-to-date: /home/sergio/ros2_ws/install/moveit_task_constructor_msgs/share/moveit_task_constructor_msgs/msg/StageStatistics.msg
[2.553s] -- Up-to-date: /home/sergio/ros2_ws/install/moveit_task_constructor_msgs/share/moveit_task_constructor_msgs/msg/SubSolution.msg
[2.553s] -- Up-to-date: /home/sergio/ros2_ws/install/moveit_task_constructor_msgs/share/moveit_task_constructor_msgs/msg/SubTrajectory.msg
[2.553s] -- Up-to-date: /home/sergio/ros2_ws/install/moveit_task_constructor_msgs/share/moveit_task_constructor_msgs/msg/TaskDescription.msg
[2.553s] -- Up-to-date: /home/sergio/ros2_ws/install/moveit_task_constructor_msgs/share/moveit_task_constructor_msgs/msg/TaskStatistics.msg
[2.553s] -- Up-to-date: /home/sergio/ros2_ws/install/moveit_task_constructor_msgs/share/moveit_task_constructor_msgs/msg/TrajectoryExecutionInfo.msg
[2.554s] -- Up-to-date: /home/sergio/ros2_ws/install/moveit_task_constructor_msgs/share/moveit_task_constructor_msgs/srv/GetSolution.srv
[2.554s] -- Up-to-date: /home/sergio/ros2_ws/install/moveit_task_constructor_msgs/share/moveit_task_constructor_msgs/srv/GetSolution_Request.msg
[2.554s] -- Up-to-date: /home/sergio/ros2_ws/install/moveit_task_constructor_msgs/share/moveit_task_constructor_msgs/srv/GetSolution_Response.msg
[2.554s] -- Up-to-date: /home/sergio/ros2_ws/install/moveit_task_constructor_msgs/share/moveit_task_constructor_msgs/action/ExecuteTaskSolution.action
[2.554s] -- Up-to-date: /home/sergio/ros2_ws/install/moveit_task_constructor_msgs/share/ament_index/resource_index/package_run_dependencies/moveit_task_constructor_msgs
[2.554s] -- Up-to-date: /home/sergio/ros2_ws/install/moveit_task_constructor_msgs/share/ament_index/resource_index/parent_prefix_path/moveit_task_constructor_msgs
[2.554s] -- Up-to-date: /home/sergio/ros2_ws/install/moveit_task_constructor_msgs/share/moveit_task_constructor_msgs/environment/ament_prefix_path.sh
[2.554s] -- Up-to-date: /home/sergio/ros2_ws/install/moveit_task_constructor_msgs/share/moveit_task_constructor_msgs/environment/ament_prefix_path.dsv
[2.554s] -- Up-to-date: /home/sergio/ros2_ws/install/moveit_task_constructor_msgs/share/moveit_task_constructor_msgs/environment/path.sh
[2.555s] -- Up-to-date: /home/sergio/ros2_ws/install/moveit_task_constructor_msgs/share/moveit_task_constructor_msgs/environment/path.dsv
[2.555s] -- Up-to-date: /home/sergio/ros2_ws/install/moveit_task_constructor_msgs/share/moveit_task_constructor_msgs/local_setup.bash
[2.555s] -- Up-to-date: /home/sergio/ros2_ws/install/moveit_task_constructor_msgs/share/moveit_task_constructor_msgs/local_setup.sh
[2.555s] -- Up-to-date: /home/sergio/ros2_ws/install/moveit_task_constructor_msgs/share/moveit_task_constructor_msgs/local_setup.zsh
[2.555s] -- Up-to-date: /home/sergio/ros2_ws/install/moveit_task_constructor_msgs/share/moveit_task_constructor_msgs/local_setup.dsv
[2.555s] -- Installing: /home/sergio/ros2_ws/install/moveit_task_constructor_msgs/share/moveit_task_constructor_msgs/package.dsv
[2.555s] -- Up-to-date: /home/sergio/ros2_ws/install/moveit_task_constructor_msgs/share/ament_index/resource_index/packages/moveit_task_constructor_msgs
[2.555s] -- Up-to-date: /home/sergio/ros2_ws/install/moveit_task_constructor_msgs/share/moveit_task_constructor_msgs/cmake/export_moveit_task_constructor_msgs__rosidl_generator_cExport.cmake
[2.556s] -- Up-to-date: /home/sergio/ros2_ws/install/moveit_task_constructor_msgs/share/moveit_task_constructor_msgs/cmake/export_moveit_task_constructor_msgs__rosidl_generator_cExport-noconfig.cmake
[2.556s] -- Up-to-date: /home/sergio/ros2_ws/install/moveit_task_constructor_msgs/share/moveit_task_constructor_msgs/cmake/export_moveit_task_constructor_msgs__rosidl_typesupport_fastrtps_cExport.cmake
[2.560s] -- Up-to-date: /home/sergio/ros2_ws/install/moveit_task_constructor_msgs/share/moveit_task_constructor_msgs/cmake/export_moveit_task_constructor_msgs__rosidl_typesupport_fastrtps_cExport-noconfig.cmake
[2.560s] -- Up-to-date: /home/sergio/ros2_ws/install/moveit_task_constructor_msgs/share/moveit_task_constructor_msgs/cmake/export_moveit_task_constructor_msgs__rosidl_generator_cppExport.cmake
[2.560s] -- Up-to-date: /home/sergio/ros2_ws/install/moveit_task_constructor_msgs/share/moveit_task_constructor_msgs/cmake/export_moveit_task_constructor_msgs__rosidl_typesupport_fastrtps_cppExport.cmake
[2.560s] -- Up-to-date: /home/sergio/ros2_ws/install/moveit_task_constructor_msgs/share/moveit_task_constructor_msgs/cmake/export_moveit_task_constructor_msgs__rosidl_typesupport_fastrtps_cppExport-noconfig.cmake
[2.560s] -- Up-to-date: /home/sergio/ros2_ws/install/moveit_task_constructor_msgs/share/moveit_task_constructor_msgs/cmake/moveit_task_constructor_msgs__rosidl_typesupport_introspection_cExport.cmake
[2.561s] -- Up-to-date: /home/sergio/ros2_ws/install/moveit_task_constructor_msgs/share/moveit_task_constructor_msgs/cmake/moveit_task_constructor_msgs__rosidl_typesupport_introspection_cExport-noconfig.cmake
[2.561s] -- Up-to-date: /home/sergio/ros2_ws/install/moveit_task_constructor_msgs/share/moveit_task_constructor_msgs/cmake/moveit_task_constructor_msgs__rosidl_typesupport_cExport.cmake
[2.561s] -- Up-to-date: /home/sergio/ros2_ws/install/moveit_task_constructor_msgs/share/moveit_task_constructor_msgs/cmake/moveit_task_constructor_msgs__rosidl_typesupport_cExport-noconfig.cmake
[2.561s] -- Up-to-date: /home/sergio/ros2_ws/install/moveit_task_constructor_msgs/share/moveit_task_constructor_msgs/cmake/moveit_task_constructor_msgs__rosidl_typesupport_introspection_cppExport.cmake
[2.561s] -- Up-to-date: /home/sergio/ros2_ws/install/moveit_task_constructor_msgs/share/moveit_task_constructor_msgs/cmake/moveit_task_constructor_msgs__rosidl_typesupport_introspection_cppExport-noconfig.cmake
[2.561s] -- Up-to-date: /home/sergio/ros2_ws/install/moveit_task_constructor_msgs/share/moveit_task_constructor_msgs/cmake/moveit_task_constructor_msgs__rosidl_typesupport_cppExport.cmake
[2.561s] -- Up-to-date: /home/sergio/ros2_ws/install/moveit_task_constructor_msgs/share/moveit_task_constructor_msgs/cmake/moveit_task_constructor_msgs__rosidl_typesupport_cppExport-noconfig.cmake
[2.561s] -- Up-to-date: /home/sergio/ros2_ws/install/moveit_task_constructor_msgs/share/moveit_task_constructor_msgs/cmake/export_moveit_task_constructor_msgs__rosidl_generator_pyExport.cmake
[2.561s] -- Up-to-date: /home/sergio/ros2_ws/install/moveit_task_constructor_msgs/share/moveit_task_constructor_msgs/cmake/export_moveit_task_constructor_msgs__rosidl_generator_pyExport-noconfig.cmake
[2.562s] -- Up-to-date: /home/sergio/ros2_ws/install/moveit_task_constructor_msgs/share/moveit_task_constructor_msgs/cmake/rosidl_cmake-extras.cmake
[2.562s] -- Up-to-date: /home/sergio/ros2_ws/install/moveit_task_constructor_msgs/share/moveit_task_constructor_msgs/cmake/ament_cmake_export_dependencies-extras.cmake
[2.562s] -- Up-to-date: /home/sergio/ros2_ws/install/moveit_task_constructor_msgs/share/moveit_task_constructor_msgs/cmake/ament_cmake_export_include_directories-extras.cmake
[2.562s] -- Up-to-date: /home/sergio/ros2_ws/install/moveit_task_constructor_msgs/share/moveit_task_constructor_msgs/cmake/ament_cmake_export_libraries-extras.cmake
[2.562s] -- Up-to-date: /home/sergio/ros2_ws/install/moveit_task_constructor_msgs/share/moveit_task_constructor_msgs/cmake/ament_cmake_export_targets-extras.cmake
[2.562s] -- Up-to-date: /home/sergio/ros2_ws/install/moveit_task_constructor_msgs/share/moveit_task_constructor_msgs/cmake/rosidl_cmake_export_typesupport_targets-extras.cmake
[2.562s] -- Up-to-date: /home/sergio/ros2_ws/install/moveit_task_constructor_msgs/share/moveit_task_constructor_msgs/cmake/rosidl_cmake_export_typesupport_libraries-extras.cmake
[2.562s] -- Up-to-date: /home/sergio/ros2_ws/install/moveit_task_constructor_msgs/share/moveit_task_constructor_msgs/cmake/moveit_task_constructor_msgsConfig.cmake
[2.562s] -- Up-to-date: /home/sergio/ros2_ws/install/moveit_task_constructor_msgs/share/moveit_task_constructor_msgs/cmake/moveit_task_constructor_msgsConfig-version.cmake
[2.563s] -- Up-to-date: /home/sergio/ros2_ws/install/moveit_task_constructor_msgs/share/moveit_task_constructor_msgs/package.xml
[2.794s] Invoked command in '/home/sergio/ros2_ws/build/moveit_task_constructor_msgs' returned '0': CMAKE_PREFIX_PATH=${CMAKE_PREFIX_PATH}:/home/sergio/ros2_ws/install/trr_robot_ps:/home/sergio/ros2_ws/install/robot_nav:/home/sergio/ros2_ws/install/robot_autonomo:/home/sergio/ros2_ws/install/pico_control_pub:/home/sergio/ros2_ws/install/p2_ej3:/home/sergio/ros2_ws/install/p1_ej3_servidor:/home/sergio/ros2_ws/install/p1_ej3_cliente:/home/sergio/ros2_ws/install/p1_ej2_nodos_sensor:/home/sergio/ros2_ws/install/p1_ej2_nodo5:/home/sergio/ros2_ws/install/p1_ej2_nodo4:/home/sergio/ros2_ws/install/nodo_adc_sub:/home/sergio/ros2_ws/install/my_stage_mover:/home/sergio/ros2_ws/install/my_package:/home/sergio/ros2_ws/install/mma_talker:/home/sergio/ros2_ws/install/mma_service:/home/sergio/ros2_ws/install/mma_listener:/home/sergio/ros2_ws/install/ejercicio_tres_server:/home/sergio/ros2_ws/install/ejercicio_tres_client:/home/sergio/ros2_ws/install/ejercicio_dos:/home/sergio/ros2_ws/install/ejercicio1_pkg:/home/sergio/ros2_ws/install/ejemplo_uno:/home/sergio/ros2_ws/install/cam_viewer:/home/sergio/ros2_ws/install/auto_mover:/home/sergio/ros2_ws/install/P1_ej1_sub:/home/sergio/ros2_ws/install/P1_ej1_pub:/opt/ros/humble /usr/bin/cmake --install /home/sergio/ros2_ws/build/moveit_task_constructor_msgs
