[0.935s] Invoking command in '/home/sergio/ros2_ws/build/p1_ej3_interface': CMAKE_PREFIX_PATH=${CMAKE_PREFIX_PATH}:/home/sergio/ros2_ws/install/robot_autonomo:/home/sergio/ros2_ws/install/my_stage_mover:/home/sergio/ros2_ws/install/auto_mover:/home/sergio/ros2_ws/install/turtlebot3_teleop:/home/sergio/ros2_ws/install/turtlebot3_example:/home/sergio/ros2_ws/install/trr_robot_ps:/home/sergio/ros2_ws/install/p1_ej3_servidor:/home/sergio/ros2_ws/install/p1_ej3_cliente:/home/sergio/ros2_ws/install/p1_ej2_nodos_sensor:/home/sergio/ros2_ws/install/p1_ej2_nodo5:/home/sergio/ros2_ws/install/p1_ej2_nodo4:/home/sergio/ros2_ws/install/nodo_adc_sub:/home/sergio/ros2_ws/install/my_package:/home/sergio/ros2_ws/install/mma_talker:/home/sergio/ros2_ws/install/mma_service:/home/sergio/ros2_ws/install/mma_listener:/home/sergio/ros2_ws/install/ejercicio_tres_server:/home/sergio/ros2_ws/install/ejercicio_tres_client:/home/sergio/ros2_ws/install/ejercicio_dos:/home/sergio/ros2_ws/install/ejemplo_uno:/home/sergio/ros2_ws/install/P1_ej1_sub:/home/sergio/ros2_ws/install/P1_ej1_pub:/opt/ros/humble /usr/bin/cmake --build /home/sergio/ros2_ws/build/p1_ej3_interface -- -j16 -l16
[1.005s] [  3%] Built target p1_ej3_interface__cpp
[1.005s] [ 12%] Built target p1_ej3_interface__rosidl_generator_c
[1.026s] [ 12%] Built target ament_cmake_python_copy_p1_ej3_interface
[1.040s] [ 22%] Built target p1_ej3_interface__rosidl_typesupport_c
[1.043s] [ 32%] Built target p1_ej3_interface__rosidl_typesupport_fastrtps_cpp
[1.046s] [ 51%] Built target p1_ej3_interface__rosidl_typesupport_fastrtps_c
[1.046s] [ 51%] Built target p1_ej3_interface__rosidl_typesupport_cpp
[1.047s] [ 61%] Built target p1_ej3_interface__rosidl_typesupport_introspection_c
[1.052s] [ 70%] Built target p1_ej3_interface__rosidl_typesupport_introspection_cpp
[1.088s] [ 70%] Built target p1_ej3_interface
[1.113s] [ 74%] Built target p1_ej3_interface__py
[1.138s] [ 80%] Built target p1_ej3_interface__rosidl_generator_py
[1.180s] [ 87%] Built target p1_ej3_interface__rosidl_typesupport_fastrtps_c__pyext
[1.180s] [ 93%] Built target p1_ej3_interface__rosidl_typesupport_c__pyext
[1.182s] [100%] Built target p1_ej3_interface__rosidl_typesupport_introspection_c__pyext
[1.409s] running egg_info
[1.410s] writing p1_ej3_interface.egg-info/PKG-INFO
[1.410s] writing dependency_links to p1_ej3_interface.egg-info/dependency_links.txt
[1.410s] writing top-level names to p1_ej3_interface.egg-info/top_level.txt
[1.413s] reading manifest file 'p1_ej3_interface.egg-info/SOURCES.txt'
[1.414s] writing manifest file 'p1_ej3_interface.egg-info/SOURCES.txt'
[1.438s] [100%] Built target ament_cmake_python_build_p1_ej3_interface_egg
[1.954s] Invoked command in '/home/sergio/ros2_ws/build/p1_ej3_interface' returned '0': CMAKE_PREFIX_PATH=${CMAKE_PREFIX_PATH}:/home/sergio/ros2_ws/install/robot_autonomo:/home/sergio/ros2_ws/install/my_stage_mover:/home/sergio/ros2_ws/install/auto_mover:/home/sergio/ros2_ws/install/turtlebot3_teleop:/home/sergio/ros2_ws/install/turtlebot3_example:/home/sergio/ros2_ws/install/trr_robot_ps:/home/sergio/ros2_ws/install/p1_ej3_servidor:/home/sergio/ros2_ws/install/p1_ej3_cliente:/home/sergio/ros2_ws/install/p1_ej2_nodos_sensor:/home/sergio/ros2_ws/install/p1_ej2_nodo5:/home/sergio/ros2_ws/install/p1_ej2_nodo4:/home/sergio/ros2_ws/install/nodo_adc_sub:/home/sergio/ros2_ws/install/my_package:/home/sergio/ros2_ws/install/mma_talker:/home/sergio/ros2_ws/install/mma_service:/home/sergio/ros2_ws/install/mma_listener:/home/sergio/ros2_ws/install/ejercicio_tres_server:/home/sergio/ros2_ws/install/ejercicio_tres_client:/home/sergio/ros2_ws/install/ejercicio_dos:/home/sergio/ros2_ws/install/ejemplo_uno:/home/sergio/ros2_ws/install/P1_ej1_sub:/home/sergio/ros2_ws/install/P1_ej1_pub:/opt/ros/humble /usr/bin/cmake --build /home/sergio/ros2_ws/build/p1_ej3_interface -- -j16 -l16
[1.958s] Invoking command in '/home/sergio/ros2_ws/build/p1_ej3_interface': CMAKE_PREFIX_PATH=${CMAKE_PREFIX_PATH}:/home/sergio/ros2_ws/install/robot_autonomo:/home/sergio/ros2_ws/install/my_stage_mover:/home/sergio/ros2_ws/install/auto_mover:/home/sergio/ros2_ws/install/turtlebot3_teleop:/home/sergio/ros2_ws/install/turtlebot3_example:/home/sergio/ros2_ws/install/trr_robot_ps:/home/sergio/ros2_ws/install/p1_ej3_servidor:/home/sergio/ros2_ws/install/p1_ej3_cliente:/home/sergio/ros2_ws/install/p1_ej2_nodos_sensor:/home/sergio/ros2_ws/install/p1_ej2_nodo5:/home/sergio/ros2_ws/install/p1_ej2_nodo4:/home/sergio/ros2_ws/install/nodo_adc_sub:/home/sergio/ros2_ws/install/my_package:/home/sergio/ros2_ws/install/mma_talker:/home/sergio/ros2_ws/install/mma_service:/home/sergio/ros2_ws/install/mma_listener:/home/sergio/ros2_ws/install/ejercicio_tres_server:/home/sergio/ros2_ws/install/ejercicio_tres_client:/home/sergio/ros2_ws/install/ejercicio_dos:/home/sergio/ros2_ws/install/ejemplo_uno:/home/sergio/ros2_ws/install/P1_ej1_sub:/home/sergio/ros2_ws/install/P1_ej1_pub:/opt/ros/humble /usr/bin/cmake --install /home/sergio/ros2_ws/build/p1_ej3_interface
[2.027s] -- Install configuration: ""
[2.027s] -- Up-to-date: /home/sergio/ros2_ws/install/p1_ej3_interface/share/ament_index/resource_index/rosidl_interfaces/p1_ej3_interface
[2.027s] -- Up-to-date: /home/sergio/ros2_ws/install/p1_ej3_interface/include/p1_ej3_interface/p1_ej3_interface
[2.027s] -- Up-to-date: /home/sergio/ros2_ws/install/p1_ej3_interface/include/p1_ej3_interface/p1_ej3_interface/msg
[2.027s] -- Up-to-date: /home/sergio/ros2_ws/install/p1_ej3_interface/include/p1_ej3_interface/p1_ej3_interface/msg/rosidl_generator_c__visibility_control.h
[2.027s] -- Up-to-date: /home/sergio/ros2_ws/install/p1_ej3_interface/include/p1_ej3_interface/p1_ej3_interface/srv
[2.027s] -- Up-to-date: /home/sergio/ros2_ws/install/p1_ej3_interface/include/p1_ej3_interface/p1_ej3_interface/srv/angulos.h
[2.028s] -- Up-to-date: /home/sergio/ros2_ws/install/p1_ej3_interface/include/p1_ej3_interface/p1_ej3_interface/srv/detail
[2.028s] -- Up-to-date: /home/sergio/ros2_ws/install/p1_ej3_interface/include/p1_ej3_interface/p1_ej3_interface/srv/detail/angulos__struct.h
[2.028s] -- Up-to-date: /home/sergio/ros2_ws/install/p1_ej3_interface/include/p1_ej3_interface/p1_ej3_interface/srv/detail/angulos__functions.h
[2.028s] -- Up-to-date: /home/sergio/ros2_ws/install/p1_ej3_interface/include/p1_ej3_interface/p1_ej3_interface/srv/detail/angulos__type_support.h
[2.028s] -- Up-to-date: /home/sergio/ros2_ws/install/p1_ej3_interface/include/p1_ej3_interface/p1_ej3_interface/srv/detail/angulos__functions.c
[2.028s] -- Up-to-date: /home/sergio/ros2_ws/install/p1_ej3_interface/share/p1_ej3_interface/environment/library_path.sh
[2.028s] -- Up-to-date: /home/sergio/ros2_ws/install/p1_ej3_interface/share/p1_ej3_interface/environment/library_path.dsv
[2.028s] -- Up-to-date: /home/sergio/ros2_ws/install/p1_ej3_interface/lib/libp1_ej3_interface__rosidl_generator_c.so
[2.029s] -- Up-to-date: /home/sergio/ros2_ws/install/p1_ej3_interface/include/p1_ej3_interface/p1_ej3_interface
[2.029s] -- Up-to-date: /home/sergio/ros2_ws/install/p1_ej3_interface/include/p1_ej3_interface/p1_ej3_interface/msg
[2.029s] -- Up-to-date: /home/sergio/ros2_ws/install/p1_ej3_interface/include/p1_ej3_interface/p1_ej3_interface/msg/rosidl_typesupport_fastrtps_c__visibility_control.h
[2.029s] -- Up-to-date: /home/sergio/ros2_ws/install/p1_ej3_interface/include/p1_ej3_interface/p1_ej3_interface/srv
[2.029s] -- Up-to-date: /home/sergio/ros2_ws/install/p1_ej3_interface/include/p1_ej3_interface/p1_ej3_interface/srv/detail
[2.029s] -- Up-to-date: /home/sergio/ros2_ws/install/p1_ej3_interface/include/p1_ej3_interface/p1_ej3_interface/srv/detail/angulos__rosidl_typesupport_fastrtps_c.h
[2.033s] -- Up-to-date: /home/sergio/ros2_ws/install/p1_ej3_interface/lib/libp1_ej3_interface__rosidl_typesupport_fastrtps_c.so
[2.033s] -- Up-to-date: /home/sergio/ros2_ws/install/p1_ej3_interface/include/p1_ej3_interface/p1_ej3_interface
[2.033s] -- Up-to-date: /home/sergio/ros2_ws/install/p1_ej3_interface/include/p1_ej3_interface/p1_ej3_interface/msg
[2.033s] -- Up-to-date: /home/sergio/ros2_ws/install/p1_ej3_interface/include/p1_ej3_interface/p1_ej3_interface/msg/rosidl_typesupport_introspection_c__visibility_control.h
[2.033s] -- Up-to-date: /home/sergio/ros2_ws/install/p1_ej3_interface/include/p1_ej3_interface/p1_ej3_interface/srv
[2.033s] -- Up-to-date: /home/sergio/ros2_ws/install/p1_ej3_interface/include/p1_ej3_interface/p1_ej3_interface/srv/detail
[2.034s] -- Up-to-date: /home/sergio/ros2_ws/install/p1_ej3_interface/include/p1_ej3_interface/p1_ej3_interface/srv/detail/angulos__type_support.c
[2.034s] -- Up-to-date: /home/sergio/ros2_ws/install/p1_ej3_interface/include/p1_ej3_interface/p1_ej3_interface/srv/detail/angulos__rosidl_typesupport_introspection_c.h
[2.034s] -- Up-to-date: /home/sergio/ros2_ws/install/p1_ej3_interface/lib/libp1_ej3_interface__rosidl_typesupport_introspection_c.so
[2.034s] -- Up-to-date: /home/sergio/ros2_ws/install/p1_ej3_interface/lib/libp1_ej3_interface__rosidl_typesupport_c.so
[2.034s] -- Up-to-date: /home/sergio/ros2_ws/install/p1_ej3_interface/include/p1_ej3_interface/p1_ej3_interface
[2.037s] -- Up-to-date: /home/sergio/ros2_ws/install/p1_ej3_interface/include/p1_ej3_interface/p1_ej3_interface/msg
[2.037s] -- Up-to-date: /home/sergio/ros2_ws/install/p1_ej3_interface/include/p1_ej3_interface/p1_ej3_interface/msg/rosidl_generator_cpp__visibility_control.hpp
[2.039s] -- Up-to-date: /home/sergio/ros2_ws/install/p1_ej3_interface/include/p1_ej3_interface/p1_ej3_interface/srv
[2.039s] -- Up-to-date: /home/sergio/ros2_ws/install/p1_ej3_interface/include/p1_ej3_interface/p1_ej3_interface/srv/angulos.hpp
[2.039s] -- Up-to-date: /home/sergio/ros2_ws/install/p1_ej3_interface/include/p1_ej3_interface/p1_ej3_interface/srv/detail
[2.040s] -- Up-to-date: /home/sergio/ros2_ws/install/p1_ej3_interface/include/p1_ej3_interface/p1_ej3_interface/srv/detail/angulos__traits.hpp
[2.040s] -- Up-to-date: /home/sergio/ros2_ws/install/p1_ej3_interface/include/p1_ej3_interface/p1_ej3_interface/srv/detail/angulos__struct.hpp
[2.040s] -- Up-to-date: /home/sergio/ros2_ws/install/p1_ej3_interface/include/p1_ej3_interface/p1_ej3_interface/srv/detail/angulos__type_support.hpp
[2.040s] -- Up-to-date: /home/sergio/ros2_ws/install/p1_ej3_interface/include/p1_ej3_interface/p1_ej3_interface/srv/detail/angulos__builder.hpp
[2.040s] -- Up-to-date: /home/sergio/ros2_ws/install/p1_ej3_interface/include/p1_ej3_interface/p1_ej3_interface
[2.040s] -- Up-to-date: /home/sergio/ros2_ws/install/p1_ej3_interface/include/p1_ej3_interface/p1_ej3_interface/msg
[2.043s] -- Up-to-date: /home/sergio/ros2_ws/install/p1_ej3_interface/include/p1_ej3_interface/p1_ej3_interface/msg/rosidl_typesupport_fastrtps_cpp__visibility_control.h
[2.044s] -- Up-to-date: /home/sergio/ros2_ws/install/p1_ej3_interface/include/p1_ej3_interface/p1_ej3_interface/srv
[2.044s] -- Up-to-date: /home/sergio/ros2_ws/install/p1_ej3_interface/include/p1_ej3_interface/p1_ej3_interface/srv/detail
[2.044s] -- Up-to-date: /home/sergio/ros2_ws/install/p1_ej3_interface/include/p1_ej3_interface/p1_ej3_interface/srv/detail/dds_fastrtps
[2.044s] -- Up-to-date: /home/sergio/ros2_ws/install/p1_ej3_interface/include/p1_ej3_interface/p1_ej3_interface/srv/detail/angulos__rosidl_typesupport_fastrtps_cpp.hpp
[2.044s] -- Up-to-date: /home/sergio/ros2_ws/install/p1_ej3_interface/lib/libp1_ej3_interface__rosidl_typesupport_fastrtps_cpp.so
[2.044s] -- Up-to-date: /home/sergio/ros2_ws/install/p1_ej3_interface/include/p1_ej3_interface/p1_ej3_interface
[2.044s] -- Up-to-date: /home/sergio/ros2_ws/install/p1_ej3_interface/include/p1_ej3_interface/p1_ej3_interface/srv
[2.045s] -- Up-to-date: /home/sergio/ros2_ws/install/p1_ej3_interface/include/p1_ej3_interface/p1_ej3_interface/srv/detail
[2.045s] -- Up-to-date: /home/sergio/ros2_ws/install/p1_ej3_interface/include/p1_ej3_interface/p1_ej3_interface/srv/detail/angulos__type_support.cpp
[2.045s] -- Up-to-date: /home/sergio/ros2_ws/install/p1_ej3_interface/include/p1_ej3_interface/p1_ej3_interface/srv/detail/angulos__rosidl_typesupport_introspection_cpp.hpp
[2.045s] -- Up-to-date: /home/sergio/ros2_ws/install/p1_ej3_interface/lib/libp1_ej3_interface__rosidl_typesupport_introspection_cpp.so
[2.049s] -- Up-to-date: /home/sergio/ros2_ws/install/p1_ej3_interface/lib/libp1_ej3_interface__rosidl_typesupport_cpp.so
[2.049s] -- Up-to-date: /home/sergio/ros2_ws/install/p1_ej3_interface/share/p1_ej3_interface/environment/pythonpath.sh
[2.049s] -- Up-to-date: /home/sergio/ros2_ws/install/p1_ej3_interface/share/p1_ej3_interface/environment/pythonpath.dsv
[2.049s] -- Up-to-date: /home/sergio/ros2_ws/install/p1_ej3_interface/local/lib/python3.10/dist-packages/p1_ej3_interface-0.0.0-py3.10.egg-info
[2.049s] -- Installing: /home/sergio/ros2_ws/install/p1_ej3_interface/local/lib/python3.10/dist-packages/p1_ej3_interface-0.0.0-py3.10.egg-info/PKG-INFO
[2.050s] -- Installing: /home/sergio/ros2_ws/install/p1_ej3_interface/local/lib/python3.10/dist-packages/p1_ej3_interface-0.0.0-py3.10.egg-info/SOURCES.txt
[2.050s] -- Installing: /home/sergio/ros2_ws/install/p1_ej3_interface/local/lib/python3.10/dist-packages/p1_ej3_interface-0.0.0-py3.10.egg-info/top_level.txt
[2.050s] -- Installing: /home/sergio/ros2_ws/install/p1_ej3_interface/local/lib/python3.10/dist-packages/p1_ej3_interface-0.0.0-py3.10.egg-info/dependency_links.txt
[2.050s] -- Up-to-date: /home/sergio/ros2_ws/install/p1_ej3_interface/local/lib/python3.10/dist-packages/p1_ej3_interface
[2.050s] -- Up-to-date: /home/sergio/ros2_ws/install/p1_ej3_interface/local/lib/python3.10/dist-packages/p1_ej3_interface/libp1_ej3_interface__rosidl_generator_py.so
[2.050s] -- Up-to-date: /home/sergio/ros2_ws/install/p1_ej3_interface/local/lib/python3.10/dist-packages/p1_ej3_interface/__init__.py
[2.052s] -- Up-to-date: /home/sergio/ros2_ws/install/p1_ej3_interface/local/lib/python3.10/dist-packages/p1_ej3_interface/p1_ej3_interface_s__rosidl_typesupport_fastrtps_c.cpython-310-x86_64-linux-gnu.so
[2.054s] -- Up-to-date: /home/sergio/ros2_ws/install/p1_ej3_interface/local/lib/python3.10/dist-packages/p1_ej3_interface/_p1_ej3_interface_s.ep.rosidl_typesupport_introspection_c.c
[2.054s] -- Up-to-date: /home/sergio/ros2_ws/install/p1_ej3_interface/local/lib/python3.10/dist-packages/p1_ej3_interface/srv
[2.055s] -- Up-to-date: /home/sergio/ros2_ws/install/p1_ej3_interface/local/lib/python3.10/dist-packages/p1_ej3_interface/srv/__init__.py
[2.055s] -- Up-to-date: /home/sergio/ros2_ws/install/p1_ej3_interface/local/lib/python3.10/dist-packages/p1_ej3_interface/srv/_angulos.py
[2.056s] -- Up-to-date: /home/sergio/ros2_ws/install/p1_ej3_interface/local/lib/python3.10/dist-packages/p1_ej3_interface/srv/_angulos_s.c
[2.056s] -- Up-to-date: /home/sergio/ros2_ws/install/p1_ej3_interface/local/lib/python3.10/dist-packages/p1_ej3_interface/_p1_ej3_interface_s.ep.rosidl_typesupport_fastrtps_c.c
[2.056s] -- Up-to-date: /home/sergio/ros2_ws/install/p1_ej3_interface/local/lib/python3.10/dist-packages/p1_ej3_interface/_p1_ej3_interface_s.ep.rosidl_typesupport_c.c
[2.056s] -- Up-to-date: /home/sergio/ros2_ws/install/p1_ej3_interface/local/lib/python3.10/dist-packages/p1_ej3_interface/p1_ej3_interface_s__rosidl_typesupport_c.cpython-310-x86_64-linux-gnu.so
[2.056s] -- Up-to-date: /home/sergio/ros2_ws/install/p1_ej3_interface/local/lib/python3.10/dist-packages/p1_ej3_interface/p1_ej3_interface_s__rosidl_typesupport_introspection_c.cpython-310-x86_64-linux-gnu.so
[2.195s] Listing '/home/sergio/ros2_ws/install/p1_ej3_interface/local/lib/python3.10/dist-packages/p1_ej3_interface'...
[2.195s] Listing '/home/sergio/ros2_ws/install/p1_ej3_interface/local/lib/python3.10/dist-packages/p1_ej3_interface/srv'...
[2.205s] -- Up-to-date: /home/sergio/ros2_ws/install/p1_ej3_interface/local/lib/python3.10/dist-packages/p1_ej3_interface/p1_ej3_interface_s__rosidl_typesupport_fastrtps_c.cpython-310-x86_64-linux-gnu.so
[2.207s] -- Up-to-date: /home/sergio/ros2_ws/install/p1_ej3_interface/local/lib/python3.10/dist-packages/p1_ej3_interface/p1_ej3_interface_s__rosidl_typesupport_introspection_c.cpython-310-x86_64-linux-gnu.so
[2.208s] -- Up-to-date: /home/sergio/ros2_ws/install/p1_ej3_interface/local/lib/python3.10/dist-packages/p1_ej3_interface/p1_ej3_interface_s__rosidl_typesupport_c.cpython-310-x86_64-linux-gnu.so
[2.208s] -- Up-to-date: /home/sergio/ros2_ws/install/p1_ej3_interface/lib/libp1_ej3_interface__rosidl_generator_py.so
[2.208s] -- Up-to-date: /home/sergio/ros2_ws/install/p1_ej3_interface/share/p1_ej3_interface/srv/Angulos.idl
[2.209s] -- Up-to-date: /home/sergio/ros2_ws/install/p1_ej3_interface/share/p1_ej3_interface/srv/Angulos.srv
[2.209s] -- Up-to-date: /home/sergio/ros2_ws/install/p1_ej3_interface/share/p1_ej3_interface/srv/Angulos_Request.msg
[2.210s] -- Up-to-date: /home/sergio/ros2_ws/install/p1_ej3_interface/share/p1_ej3_interface/srv/Angulos_Response.msg
[2.210s] -- Up-to-date: /home/sergio/ros2_ws/install/p1_ej3_interface/share/ament_index/resource_index/package_run_dependencies/p1_ej3_interface
[2.210s] -- Up-to-date: /home/sergio/ros2_ws/install/p1_ej3_interface/share/ament_index/resource_index/parent_prefix_path/p1_ej3_interface
[2.211s] -- Up-to-date: /home/sergio/ros2_ws/install/p1_ej3_interface/share/p1_ej3_interface/environment/ament_prefix_path.sh
[2.212s] -- Up-to-date: /home/sergio/ros2_ws/install/p1_ej3_interface/share/p1_ej3_interface/environment/ament_prefix_path.dsv
[2.212s] -- Up-to-date: /home/sergio/ros2_ws/install/p1_ej3_interface/share/p1_ej3_interface/environment/path.sh
[2.213s] -- Up-to-date: /home/sergio/ros2_ws/install/p1_ej3_interface/share/p1_ej3_interface/environment/path.dsv
[2.213s] -- Up-to-date: /home/sergio/ros2_ws/install/p1_ej3_interface/share/p1_ej3_interface/local_setup.bash
[2.214s] -- Up-to-date: /home/sergio/ros2_ws/install/p1_ej3_interface/share/p1_ej3_interface/local_setup.sh
[2.214s] -- Up-to-date: /home/sergio/ros2_ws/install/p1_ej3_interface/share/p1_ej3_interface/local_setup.zsh
[2.214s] -- Up-to-date: /home/sergio/ros2_ws/install/p1_ej3_interface/share/p1_ej3_interface/local_setup.dsv
[2.215s] -- Installing: /home/sergio/ros2_ws/install/p1_ej3_interface/share/p1_ej3_interface/package.dsv
[2.215s] -- Up-to-date: /home/sergio/ros2_ws/install/p1_ej3_interface/share/ament_index/resource_index/packages/p1_ej3_interface
[2.216s] -- Up-to-date: /home/sergio/ros2_ws/install/p1_ej3_interface/share/p1_ej3_interface/cmake/export_p1_ej3_interface__rosidl_generator_cExport.cmake
[2.216s] -- Up-to-date: /home/sergio/ros2_ws/install/p1_ej3_interface/share/p1_ej3_interface/cmake/export_p1_ej3_interface__rosidl_generator_cExport-noconfig.cmake
[2.217s] -- Up-to-date: /home/sergio/ros2_ws/install/p1_ej3_interface/share/p1_ej3_interface/cmake/export_p1_ej3_interface__rosidl_typesupport_fastrtps_cExport.cmake
[2.217s] -- Up-to-date: /home/sergio/ros2_ws/install/p1_ej3_interface/share/p1_ej3_interface/cmake/export_p1_ej3_interface__rosidl_typesupport_fastrtps_cExport-noconfig.cmake
[2.218s] -- Up-to-date: /home/sergio/ros2_ws/install/p1_ej3_interface/share/p1_ej3_interface/cmake/p1_ej3_interface__rosidl_typesupport_introspection_cExport.cmake
[2.219s] -- Up-to-date: /home/sergio/ros2_ws/install/p1_ej3_interface/share/p1_ej3_interface/cmake/p1_ej3_interface__rosidl_typesupport_introspection_cExport-noconfig.cmake
[2.219s] -- Up-to-date: /home/sergio/ros2_ws/install/p1_ej3_interface/share/p1_ej3_interface/cmake/p1_ej3_interface__rosidl_typesupport_cExport.cmake
[2.226s] -- Up-to-date: /home/sergio/ros2_ws/install/p1_ej3_interface/share/p1_ej3_interface/cmake/p1_ej3_interface__rosidl_typesupport_cExport-noconfig.cmake
[2.237s] -- Up-to-date: /home/sergio/ros2_ws/install/p1_ej3_interface/share/p1_ej3_interface/cmake/export_p1_ej3_interface__rosidl_generator_cppExport.cmake
[2.243s] -- Up-to-date: /home/sergio/ros2_ws/install/p1_ej3_interface/share/p1_ej3_interface/cmake/export_p1_ej3_interface__rosidl_typesupport_fastrtps_cppExport.cmake
[2.243s] -- Up-to-date: /home/sergio/ros2_ws/install/p1_ej3_interface/share/p1_ej3_interface/cmake/export_p1_ej3_interface__rosidl_typesupport_fastrtps_cppExport-noconfig.cmake
[2.243s] -- Up-to-date: /home/sergio/ros2_ws/install/p1_ej3_interface/share/p1_ej3_interface/cmake/p1_ej3_interface__rosidl_typesupport_introspection_cppExport.cmake
[2.245s] -- Up-to-date: /home/sergio/ros2_ws/install/p1_ej3_interface/share/p1_ej3_interface/cmake/p1_ej3_interface__rosidl_typesupport_introspection_cppExport-noconfig.cmake
[2.247s] -- Up-to-date: /home/sergio/ros2_ws/install/p1_ej3_interface/share/p1_ej3_interface/cmake/p1_ej3_interface__rosidl_typesupport_cppExport.cmake
[2.247s] -- Up-to-date: /home/sergio/ros2_ws/install/p1_ej3_interface/share/p1_ej3_interface/cmake/p1_ej3_interface__rosidl_typesupport_cppExport-noconfig.cmake
[2.247s] -- Up-to-date: /home/sergio/ros2_ws/install/p1_ej3_interface/share/p1_ej3_interface/cmake/export_p1_ej3_interface__rosidl_generator_pyExport.cmake
[2.247s] -- Up-to-date: /home/sergio/ros2_ws/install/p1_ej3_interface/share/p1_ej3_interface/cmake/export_p1_ej3_interface__rosidl_generator_pyExport-noconfig.cmake
[2.247s] -- Up-to-date: /home/sergio/ros2_ws/install/p1_ej3_interface/share/p1_ej3_interface/cmake/rosidl_cmake-extras.cmake
[2.247s] -- Up-to-date: /home/sergio/ros2_ws/install/p1_ej3_interface/share/p1_ej3_interface/cmake/ament_cmake_export_include_directories-extras.cmake
[2.247s] -- Up-to-date: /home/sergio/ros2_ws/install/p1_ej3_interface/share/p1_ej3_interface/cmake/ament_cmake_export_libraries-extras.cmake
[2.248s] -- Up-to-date: /home/sergio/ros2_ws/install/p1_ej3_interface/share/p1_ej3_interface/cmake/ament_cmake_export_targets-extras.cmake
[2.248s] -- Up-to-date: /home/sergio/ros2_ws/install/p1_ej3_interface/share/p1_ej3_interface/cmake/rosidl_cmake_export_typesupport_targets-extras.cmake
[2.248s] -- Up-to-date: /home/sergio/ros2_ws/install/p1_ej3_interface/share/p1_ej3_interface/cmake/ament_cmake_export_dependencies-extras.cmake
[2.248s] -- Up-to-date: /home/sergio/ros2_ws/install/p1_ej3_interface/share/p1_ej3_interface/cmake/rosidl_cmake_export_typesupport_libraries-extras.cmake
[2.248s] -- Up-to-date: /home/sergio/ros2_ws/install/p1_ej3_interface/share/p1_ej3_interface/cmake/p1_ej3_interfaceConfig.cmake
[2.251s] -- Up-to-date: /home/sergio/ros2_ws/install/p1_ej3_interface/share/p1_ej3_interface/cmake/p1_ej3_interfaceConfig-version.cmake
[2.251s] -- Up-to-date: /home/sergio/ros2_ws/install/p1_ej3_interface/share/p1_ej3_interface/package.xml
[2.285s] Invoked command in '/home/sergio/ros2_ws/build/p1_ej3_interface' returned '0': CMAKE_PREFIX_PATH=${CMAKE_PREFIX_PATH}:/home/sergio/ros2_ws/install/robot_autonomo:/home/sergio/ros2_ws/install/my_stage_mover:/home/sergio/ros2_ws/install/auto_mover:/home/sergio/ros2_ws/install/turtlebot3_teleop:/home/sergio/ros2_ws/install/turtlebot3_example:/home/sergio/ros2_ws/install/trr_robot_ps:/home/sergio/ros2_ws/install/p1_ej3_servidor:/home/sergio/ros2_ws/install/p1_ej3_cliente:/home/sergio/ros2_ws/install/p1_ej2_nodos_sensor:/home/sergio/ros2_ws/install/p1_ej2_nodo5:/home/sergio/ros2_ws/install/p1_ej2_nodo4:/home/sergio/ros2_ws/install/nodo_adc_sub:/home/sergio/ros2_ws/install/my_package:/home/sergio/ros2_ws/install/mma_talker:/home/sergio/ros2_ws/install/mma_service:/home/sergio/ros2_ws/install/mma_listener:/home/sergio/ros2_ws/install/ejercicio_tres_server:/home/sergio/ros2_ws/install/ejercicio_tres_client:/home/sergio/ros2_ws/install/ejercicio_dos:/home/sergio/ros2_ws/install/ejemplo_uno:/home/sergio/ros2_ws/install/P1_ej1_sub:/home/sergio/ros2_ws/install/P1_ej1_pub:/opt/ros/humble /usr/bin/cmake --install /home/sergio/ros2_ws/build/p1_ej3_interface
