[4.767s] Invoking command in '/home/sergio/ros2_ws/src/mma_listener': PYTHONPATH=/home/sergio/ros2_ws/build/mma_listener/prefix_override:/usr/lib/python3/dist-packages/colcon_core/task/python/colcon_distutils_commands:/home/sergio/ros2_ws/install/mma_listener/lib/python3.10/site-packages:${PYTHONPATH} /usr/bin/python3 -W ignore:setup.py install is deprecated -W ignore:easy_install command is deprecated setup.py egg_info --egg-base ../../build/mma_listener build --build-base /home/sergio/ros2_ws/build/mma_listener/build install --record /home/sergio/ros2_ws/build/mma_listener/install.log --single-version-externally-managed install_data
[7.549s] running egg_info
[7.549s] creating ../../build/mma_listener/mma_listener.egg-info
[7.549s] writing ../../build/mma_listener/mma_listener.egg-info/PKG-INFO
[7.549s] writing dependency_links to ../../build/mma_listener/mma_listener.egg-info/dependency_links.txt
[7.549s] writing entry points to ../../build/mma_listener/mma_listener.egg-info/entry_points.txt
[7.550s] writing requirements to ../../build/mma_listener/mma_listener.egg-info/requires.txt
[7.550s] writing top-level names to ../../build/mma_listener/mma_listener.egg-info/top_level.txt
[7.550s] writing manifest file '../../build/mma_listener/mma_listener.egg-info/SOURCES.txt'
[7.550s] reading manifest file '../../build/mma_listener/mma_listener.egg-info/SOURCES.txt'
[7.550s] writing manifest file '../../build/mma_listener/mma_listener.egg-info/SOURCES.txt'
[7.550s] running build
[7.550s] running build_py
[7.550s] creating /home/sergio/ros2_ws/build/mma_listener/build
[7.550s] creating /home/sergio/ros2_ws/build/mma_listener/build/lib
[7.550s] creating /home/sergio/ros2_ws/build/mma_listener/build/lib/mma_listener
[7.550s] copying mma_listener/__init__.py -> /home/sergio/ros2_ws/build/mma_listener/build/lib/mma_listener
[7.550s] copying mma_listener/listener.py -> /home/sergio/ros2_ws/build/mma_listener/build/lib/mma_listener
[7.550s] running install
[7.550s] running install_lib
[7.551s] creating /home/sergio/ros2_ws/install/mma_listener/lib/python3.10/site-packages/mma_listener
[7.551s] copying /home/sergio/ros2_ws/build/mma_listener/build/lib/mma_listener/__init__.py -> /home/sergio/ros2_ws/install/mma_listener/lib/python3.10/site-packages/mma_listener
[7.551s] copying /home/sergio/ros2_ws/build/mma_listener/build/lib/mma_listener/listener.py -> /home/sergio/ros2_ws/install/mma_listener/lib/python3.10/site-packages/mma_listener
[7.551s] byte-compiling /home/sergio/ros2_ws/install/mma_listener/lib/python3.10/site-packages/mma_listener/__init__.py to __init__.cpython-310.pyc
[7.551s] byte-compiling /home/sergio/ros2_ws/install/mma_listener/lib/python3.10/site-packages/mma_listener/listener.py to listener.cpython-310.pyc
[7.551s] running install_data
[7.551s] creating /home/sergio/ros2_ws/install/mma_listener/share/ament_index
[7.551s] creating /home/sergio/ros2_ws/install/mma_listener/share/ament_index/resource_index
[7.551s] creating /home/sergio/ros2_ws/install/mma_listener/share/ament_index/resource_index/packages
[7.551s] copying resource/mma_listener -> /home/sergio/ros2_ws/install/mma_listener/share/ament_index/resource_index/packages
[7.551s] copying package.xml -> /home/sergio/ros2_ws/install/mma_listener/share/mma_listener
[7.551s] running install_egg_info
[7.552s] Copying ../../build/mma_listener/mma_listener.egg-info to /home/sergio/ros2_ws/install/mma_listener/lib/python3.10/site-packages/mma_listener-0.0.0-py3.10.egg-info
[7.552s] running install_scripts
[7.552s] Installing listener script to /home/sergio/ros2_ws/install/mma_listener/lib/mma_listener
[7.552s] writing list of installed files to '/home/sergio/ros2_ws/build/mma_listener/install.log'
[7.601s] Invoked command in '/home/sergio/ros2_ws/src/mma_listener' returned '0': PYTHONPATH=/home/sergio/ros2_ws/build/mma_listener/prefix_override:/usr/lib/python3/dist-packages/colcon_core/task/python/colcon_distutils_commands:/home/sergio/ros2_ws/install/mma_listener/lib/python3.10/site-packages:${PYTHONPATH} /usr/bin/python3 -W ignore:setup.py install is deprecated -W ignore:easy_install command is deprecated setup.py egg_info --egg-base ../../build/mma_listener build --build-base /home/sergio/ros2_ws/build/mma_listener/build install --record /home/sergio/ros2_ws/build/mma_listener/install.log --single-version-externally-managed install_data
