[3.406s] Invoking command in '/home/sergio/ros2_ws/src/mma_listener': PYTHONPATH=/home/sergio/ros2_ws/build/mma_listener/prefix_override:/usr/lib/python3/dist-packages/colcon_core/task/python/colcon_distutils_commands:/home/sergio/ros2_ws/install/mma_listener/lib/python3.10/site-packages:${PYTHONPATH} /usr/bin/python3 -W ignore:setup.py install is deprecated -W ignore:easy_install command is deprecated setup.py egg_info --egg-base ../../build/mma_listener build --build-base /home/sergio/ros2_ws/build/mma_listener/build install --record /home/sergio/ros2_ws/build/mma_listener/install.log --single-version-externally-managed install_data
[3.998s] running egg_info
[3.998s] writing ../../build/mma_listener/mma_listener.egg-info/PKG-INFO
[3.998s] writing dependency_links to ../../build/mma_listener/mma_listener.egg-info/dependency_links.txt
[3.998s] writing entry points to ../../build/mma_listener/mma_listener.egg-info/entry_points.txt
[3.999s] writing requirements to ../../build/mma_listener/mma_listener.egg-info/requires.txt
[3.999s] writing top-level names to ../../build/mma_listener/mma_listener.egg-info/top_level.txt
[3.999s] reading manifest file '../../build/mma_listener/mma_listener.egg-info/SOURCES.txt'
[4.001s] writing manifest file '../../build/mma_listener/mma_listener.egg-info/SOURCES.txt'
[4.004s] running build
[4.004s] running build_py
[4.004s] running install
[4.004s] running install_lib
[4.005s] running install_data
[4.005s] running install_egg_info
[4.005s] removing '/home/sergio/ros2_ws/install/mma_listener/lib/python3.10/site-packages/mma_listener-0.0.0-py3.10.egg-info' (and everything under it)
[4.006s] Copying ../../build/mma_listener/mma_listener.egg-info to /home/sergio/ros2_ws/install/mma_listener/lib/python3.10/site-packages/mma_listener-0.0.0-py3.10.egg-info
[4.007s] running install_scripts
[4.038s] Installing listener script to /home/sergio/ros2_ws/install/mma_listener/lib/mma_listener
[4.039s] writing list of installed files to '/home/sergio/ros2_ws/build/mma_listener/install.log'
[4.126s] Invoked command in '/home/sergio/ros2_ws/src/mma_listener' returned '0': PYTHONPATH=/home/sergio/ros2_ws/build/mma_listener/prefix_override:/usr/lib/python3/dist-packages/colcon_core/task/python/colcon_distutils_commands:/home/sergio/ros2_ws/install/mma_listener/lib/python3.10/site-packages:${PYTHONPATH} /usr/bin/python3 -W ignore:setup.py install is deprecated -W ignore:easy_install command is deprecated setup.py egg_info --egg-base ../../build/mma_listener build --build-base /home/sergio/ros2_ws/build/mma_listener/build install --record /home/sergio/ros2_ws/build/mma_listener/install.log --single-version-externally-managed install_data
