running egg_info
writing ../../build/pico_control_pub/pico_control_pub.egg-info/PKG-INFO
writing dependency_links to ../../build/pico_control_pub/pico_control_pub.egg-info/dependency_links.txt
writing entry points to ../../build/pico_control_pub/pico_control_pub.egg-info/entry_points.txt
writing requirements to ../../build/pico_control_pub/pico_control_pub.egg-info/requires.txt
writing top-level names to ../../build/pico_control_pub/pico_control_pub.egg-info/top_level.txt
reading manifest file '../../build/pico_control_pub/pico_control_pub.egg-info/SOURCES.txt'
writing manifest file '../../build/pico_control_pub/pico_control_pub.egg-info/SOURCES.txt'
running build
running build_py
copying pico_control_pub/__init__.py -> /home/sergio/ros2_ws/build/pico_control_pub/build/lib/pico_control_pub
copying pico_control_pub/publisher.py -> /home/sergio/ros2_ws/build/pico_control_pub/build/lib/pico_control_pub
copying pico_control_pub/auto.py -> /home/sergio/ros2_ws/build/pico_control_pub/build/lib/pico_control_pub
running install
running install_lib
running install_data
copying resource/pico_control_pub -> /home/sergio/ros2_ws/install/pico_control_pub/share/ament_index/resource_index/packages
copying package.xml -> /home/sergio/ros2_ws/install/pico_control_pub/share/pico_control_pub
running install_egg_info
removing '/home/sergio/ros2_ws/install/pico_control_pub/lib/python3.10/site-packages/pico_control_pub-0.0.0-py3.10.egg-info' (and everything under it)
Copying ../../build/pico_control_pub/pico_control_pub.egg-info to /home/sergio/ros2_ws/install/pico_control_pub/lib/python3.10/site-packages/pico_control_pub-0.0.0-py3.10.egg-info
running install_scripts
Installing auto script to /home/sergio/ros2_ws/install/pico_control_pub/lib/pico_control_pub
Installing publisher script to /home/sergio/ros2_ws/install/pico_control_pub/lib/pico_control_pub
writing list of installed files to '/home/sergio/ros2_ws/build/pico_control_pub/install.log'
