[0.023s] Invoking command in '/home/sergio/ros2_ws/build/moveit_task_constructor_core': CMAKE_PREFIX_PATH=/home/sergio/ros2_ws/install/moveit_resources_fanuc_moveit_config:/home/sergio/ros2_ws/install/rviz_marker_tools:/home/sergio/ros2_ws/install/moveit_task_constructor_msgs:/home/sergio/ros2_ws/install/moveit_resources_fanuc_description:/home/sergio/ros2_ws/install/trr_robot:/home/sergio/ros2_ws/install/stage_worlds:/home/sergio/ros2_ws/install/stage_ros2:/home/sergio/ros2_ws/install/moveit_task_constructor_visualization:/home/sergio/ros2_ws/install/moveit_task_constructor_demo:/home/sergio/ros2_ws/install/moveit_task_constructor_capabilities:/home/sergio/ros2_ws/install/moveit2_tutorials:/home/sergio/ros2_ws/install/moveit_task_constructor_core:/home/sergio/ros2_ws/install/robot_description:/home/sergio/ros2_ws/install/p2_ej2:/home/sergio/ros2_ws/install/p1_ej3_interface:/home/sergio/ros2_ws/install/p1_ej2_interface:/home/sergio/ros2_ws/install/navigation_tb3:/home/sergio/ros2_ws/install/moveit_resources:/home/sergio/ros2_ws/install/moveit_resources_pr2_description:/home/sergio/ros2_ws/install/moveit_resources_panda_moveit_config:/home/sergio/ros2_ws/install/moveit_resources_panda_description:/home/sergio/ros2_ws/install/mma_interfaces:/home/sergio/ros2_ws/install/hello_moveit:/home/sergio/ros2_ws/install/ejercicio_tres_interface:/home/sergio/ros2_ws/install/cartographer_ros:/home/sergio/ros2_ws/install/cartographer_ros_msgs:/home/sergio/ros2_ws/install/Stage:/home/sergio/ros2_ws/install/trr_robot_ps:/home/sergio/ros2_ws/install/robot_nav:/home/sergio/ros2_ws/install/robot_autonomo:/home/sergio/ros2_ws/install/p2_ej3:/home/sergio/ros2_ws/install/p1_ej3_servidor:/home/sergio/ros2_ws/install/p1_ej3_cliente:/home/sergio/ros2_ws/install/p1_ej2_nodos_sensor:/home/sergio/ros2_ws/install/p1_ej2_nodo5:/home/sergio/ros2_ws/install/p1_ej2_nodo4:/home/sergio/ros2_ws/install/nodo_adc_sub:/home/sergio/ros2_ws/install/my_stage_mover:/home/sergio/ros2_ws/install/my_package:/home/sergio/ros2_ws/install/mma_talker:/home/sergio/ros2_ws/install/mma_service:/home/sergio/ros2_ws/install/mma_listener:/home/sergio/ros2_ws/install/ejercicio_tres_server:/home/sergio/ros2_ws/install/ejercicio_tres_client:/home/sergio/ros2_ws/install/ejercicio_dos:/home/sergio/ros2_ws/install/ejemplo_uno:/home/sergio/ros2_ws/install/auto_mover:/home/sergio/ros2_ws/install/P1_ej1_sub:/home/sergio/ros2_ws/install/P1_ej1_pub:/opt/ros/humble LD_LIBRARY_PATH=/home/sergio/ros2_ws/install/rviz_marker_tools/lib:/home/sergio/ros2_ws/install/moveit_task_constructor_msgs/lib:/home/sergio/ros2_ws/install/stage_ros2/lib:/home/sergio/ros2_ws/install/moveit_task_constructor_visualization/lib:/home/sergio/ros2_ws/install/moveit_task_constructor_demo/lib:/home/sergio/ros2_ws/install/moveit_task_constructor_capabilities/lib:/home/sergio/ros2_ws/install/moveit_task_constructor_core/lib:/home/sergio/ros2_ws/install/p1_ej3_interface/lib:/home/sergio/ros2_ws/install/p1_ej2_interface/lib:/home/sergio/ros2_ws/install/mma_interfaces/lib:/home/sergio/ros2_ws/install/ejercicio_tres_interface/lib:/home/sergio/ros2_ws/install/cartographer_ros/lib:/home/sergio/ros2_ws/install/cartographer_ros_msgs/lib:/home/sergio/ros2_ws/install/Stage/lib:/usr/lib/x86_64-linux-gnu/gazebo-11/plugins:/opt/ros/humble/opt/rviz_ogre_vendor/lib:/opt/ros/humble/lib/x86_64-linux-gnu:/opt/ros/humble/lib /usr/bin/cmake /home/sergio/ros2_ws/src/moveit_task_constructor/core -DCMAKE_INSTALL_PREFIX=/home/sergio/ros2_ws/install/moveit_task_constructor_core
[0.113s] -- The C compiler identification is GNU 11.4.0
[0.199s] -- The CXX compiler identification is GNU 11.4.0
[0.210s] -- Detecting C compiler ABI info
[0.308s] -- Detecting C compiler ABI info - done
[0.316s] -- Check for working C compiler: /usr/bin/cc - skipped
[0.316s] -- Detecting C compile features
[0.316s] -- Detecting C compile features - done
[0.320s] -- Detecting CXX compiler ABI info
[0.408s] -- Detecting CXX compiler ABI info - done
[0.416s] -- Check for working CXX compiler: /usr/bin/c++ - skipped
[0.417s] -- Detecting CXX compile features
[0.417s] -- Detecting CXX compile features - done
[0.424s] -- Found ament_cmake: 1.3.11 (/opt/ros/humble/share/ament_cmake/cmake)
[0.643s] -- Found Python3: /usr/bin/python3 (found version "3.10.12") found components: Interpreter 
[0.858s] -- Found Boost: /usr/lib/x86_64-linux-gnu/cmake/Boost-1.74.0/BoostConfig.cmake (found version "1.74.0")  
[0.873s] -- Found geometry_msgs: 4.8.0 (/opt/ros/humble/share/geometry_msgs/cmake)
[0.945s] -- Found rosidl_generator_c: 3.1.6 (/opt/ros/humble/share/rosidl_generator_c/cmake)
[0.960s] -- Found rosidl_adapter: 3.1.6 (/opt/ros/humble/share/rosidl_adapter/cmake)
[0.984s] -- Found rosidl_generator_cpp: 3.1.6 (/opt/ros/humble/share/rosidl_generator_cpp/cmake)
[1.012s] -- Using all available rosidl_typesupport_c: rosidl_typesupport_fastrtps_c;rosidl_typesupport_introspection_c
[1.040s] -- Using all available rosidl_typesupport_cpp: rosidl_typesupport_fastrtps_cpp;rosidl_typesupport_introspection_cpp
[1.095s] -- Found moveit_common: 2.5.8 (/opt/ros/humble/share/moveit_common/cmake)
[1.209s] [0mmoveit_task_constructor_core: You did not request a specific build type: Choosing 'Release' for maximum performance[0m
[1.215s] -- Found moveit_core: 2.5.8 (/opt/ros/humble/share/moveit_core/cmake)
[1.585s] -- Found Boost: /usr/lib/x86_64-linux-gnu/cmake/Boost-1.74.0/BoostConfig.cmake (found version "1.74.0") found components: chrono date_time filesystem iostreams program_options regex serialization system thread 
[1.732s] -- Found parameter_traits: 0.4.0 (/opt/ros/humble/share/parameter_traits/cmake)
[1.860s] -- Found rmw_implementation_cmake: 6.1.2 (/opt/ros/humble/share/rmw_implementation_cmake/cmake)
[1.872s] -- Found rmw_fastrtps_cpp: 6.2.7 (/opt/ros/humble/share/rmw_fastrtps_cpp/cmake)
[2.007s] -- Found OpenSSL: /usr/lib/x86_64-linux-gnu/libcrypto.so (found version "3.0.2")  
[2.038s] -- Found FastRTPS: /opt/ros/humble/include  
[2.103s] -- Using RMW implementation 'rmw_fastrtps_cpp' as default
[2.124s] -- Found Threads: TRUE  
[2.194s] -- Found Eigen3: TRUE (found version "3.4.0") 
[2.201s] -- Found rclcpp_lifecycle: 16.0.12 (/opt/ros/humble/share/rclcpp_lifecycle/cmake)
[2.235s] -- Found Boost: /usr/lib/x86_64-linux-gnu/cmake/Boost-1.74.0/BoostConfig.cmake (found version "1.74.0") found components: filesystem 
[2.379s] -- library: /usr/lib/x86_64-linux-gnu/libcurl.so
[2.463s] -- Ensuring Eigen3 include directory is part of orocos-kdl CMake target
[2.821s] -- Found moveit_ros_planning: 2.5.8 (/opt/ros/humble/share/moveit_ros_planning/cmake)
[2.826s] -- Found Boost: /usr/lib/x86_64-linux-gnu/cmake/Boost-1.74.0/BoostConfig.cmake (found version "1.74.0") found components: system filesystem date_time program_options thread chrono 
[2.854s] -- Found moveit_ros_planning_interface: 2.5.8 (/opt/ros/humble/share/moveit_ros_planning_interface/cmake)
[2.858s] -- Found Boost: /usr/lib/x86_64-linux-gnu/cmake/Boost-1.74.0/BoostConfig.cmake (found version "1.74.0") found components: date_time filesystem program_options system thread 
[2.884s] -- Found Boost: /usr/lib/x86_64-linux-gnu/cmake/Boost-1.74.0/BoostConfig.cmake (found version "1.74.0") found components: thread system filesystem regex date_time program_options 
[2.916s] -- Found Boost: /usr/lib/x86_64-linux-gnu/cmake/Boost-1.74.0/BoostConfig.cmake (found version "1.74.0") found components: system filesystem date_time program_options thread 
[2.945s] -- Found moveit_task_constructor_msgs: 0.1.3 (/home/sergio/ros2_ws/install/moveit_task_constructor_msgs/share/moveit_task_constructor_msgs/cmake)
[2.979s] -- Found py_binding_tools: 2.0.1 (/opt/ros/humble/share/py_binding_tools/cmake)
[2.983s] -- Found rviz_marker_tools: 0.1.3 (/home/sergio/ros2_ws/install/rviz_marker_tools/share/rviz_marker_tools/cmake)
[3.299s] -- Found Python3: /usr/bin/python3 (found version "3.10.12") found components: Interpreter Development Development.Module Development.Embed 
[3.307s] -- pybind11 v2.13.0 dev1
[3.335s] -- Found PythonInterp: /usr/bin/python3 (found suitable version "3.10.12", minimum required is "3.6") 
[3.365s] -- Found PythonLibs: /usr/lib/x86_64-linux-gnu/libpython3.10.so
[3.369s] -- Performing Test HAS_FLTO
[3.556s] -- Performing Test HAS_FLTO - Success
[3.570s] -- Found ament_cmake_pytest: 1.3.11 (/opt/ros/humble/share/ament_cmake_pytest/cmake)
[3.579s] -- Found launch_testing_ament_cmake: 1.0.8 (/opt/ros/humble/share/launch_testing_ament_cmake/cmake)
[3.589s] -- Found python_cmake_module: 0.10.0 (/opt/ros/humble/share/python_cmake_module/cmake)
[3.706s] -- Found PythonLibs: /usr/lib/x86_64-linux-gnu/libpython3.10.so (found suitable version "3.10.12", minimum required is "3.5") 
[3.706s] -- Using PYTHON_EXECUTABLE: /usr/bin/python3
[3.706s] -- Using PYTHON_INCLUDE_DIRS: /usr/include/python3.10
[3.706s] -- Using PYTHON_LIBRARIES: /usr/lib/x86_64-linux-gnu/libpython3.10.so
[3.733s] -- Found PythonExtra: .so  
[4.216s] -- Found ament_cmake_gtest: 1.3.11 (/opt/ros/humble/share/ament_cmake_gtest/cmake)
[4.224s] -- Found ament_cmake_gmock: 1.3.11 (/opt/ros/humble/share/ament_cmake_gmock/cmake)
[4.225s] -- Found launch_testing_ament_cmake: 1.0.8 (/opt/ros/humble/share/launch_testing_ament_cmake/cmake)
[4.225s] -- Found python_cmake_module: 0.10.0 (/opt/ros/humble/share/python_cmake_module/cmake)
[4.255s] -- Using PYTHON_EXECUTABLE: /usr/bin/python3
[4.255s] -- Using PYTHON_INCLUDE_DIRS: /usr/include/python3.10
[4.255s] -- Using PYTHON_LIBRARIES: /usr/lib/x86_64-linux-gnu/libpython3.10.so
[4.267s] -- Found gmock sources under '/opt/ros/humble/src/gmock_vendor': C++ tests using 'Google Mock' will be built
[4.283s] -- Found gtest sources under '/opt/ros/humble/src/gtest_vendor': C++ tests using 'Google Test' will be built
[4.320s] -- Configuring done
[4.699s] -- Generating done
[4.793s] -- Build files have been written to: /home/sergio/ros2_ws/build/moveit_task_constructor_core
[4.818s] Invoked command in '/home/sergio/ros2_ws/build/moveit_task_constructor_core' returned '0': CMAKE_PREFIX_PATH=/home/sergio/ros2_ws/install/moveit_resources_fanuc_moveit_config:/home/sergio/ros2_ws/install/rviz_marker_tools:/home/sergio/ros2_ws/install/moveit_task_constructor_msgs:/home/sergio/ros2_ws/install/moveit_resources_fanuc_description:/home/sergio/ros2_ws/install/trr_robot:/home/sergio/ros2_ws/install/stage_worlds:/home/sergio/ros2_ws/install/stage_ros2:/home/sergio/ros2_ws/install/moveit_task_constructor_visualization:/home/sergio/ros2_ws/install/moveit_task_constructor_demo:/home/sergio/ros2_ws/install/moveit_task_constructor_capabilities:/home/sergio/ros2_ws/install/moveit2_tutorials:/home/sergio/ros2_ws/install/moveit_task_constructor_core:/home/sergio/ros2_ws/install/robot_description:/home/sergio/ros2_ws/install/p2_ej2:/home/sergio/ros2_ws/install/p1_ej3_interface:/home/sergio/ros2_ws/install/p1_ej2_interface:/home/sergio/ros2_ws/install/navigation_tb3:/home/sergio/ros2_ws/install/moveit_resources:/home/sergio/ros2_ws/install/moveit_resources_pr2_description:/home/sergio/ros2_ws/install/moveit_resources_panda_moveit_config:/home/sergio/ros2_ws/install/moveit_resources_panda_description:/home/sergio/ros2_ws/install/mma_interfaces:/home/sergio/ros2_ws/install/hello_moveit:/home/sergio/ros2_ws/install/ejercicio_tres_interface:/home/sergio/ros2_ws/install/cartographer_ros:/home/sergio/ros2_ws/install/cartographer_ros_msgs:/home/sergio/ros2_ws/install/Stage:/home/sergio/ros2_ws/install/trr_robot_ps:/home/sergio/ros2_ws/install/robot_nav:/home/sergio/ros2_ws/install/robot_autonomo:/home/sergio/ros2_ws/install/p2_ej3:/home/sergio/ros2_ws/install/p1_ej3_servidor:/home/sergio/ros2_ws/install/p1_ej3_cliente:/home/sergio/ros2_ws/install/p1_ej2_nodos_sensor:/home/sergio/ros2_ws/install/p1_ej2_nodo5:/home/sergio/ros2_ws/install/p1_ej2_nodo4:/home/sergio/ros2_ws/install/nodo_adc_sub:/home/sergio/ros2_ws/install/my_stage_mover:/home/sergio/ros2_ws/install/my_package:/home/sergio/ros2_ws/install/mma_talker:/home/sergio/ros2_ws/install/mma_service:/home/sergio/ros2_ws/install/mma_listener:/home/sergio/ros2_ws/install/ejercicio_tres_server:/home/sergio/ros2_ws/install/ejercicio_tres_client:/home/sergio/ros2_ws/install/ejercicio_dos:/home/sergio/ros2_ws/install/ejemplo_uno:/home/sergio/ros2_ws/install/auto_mover:/home/sergio/ros2_ws/install/P1_ej1_sub:/home/sergio/ros2_ws/install/P1_ej1_pub:/opt/ros/humble LD_LIBRARY_PATH=/home/sergio/ros2_ws/install/rviz_marker_tools/lib:/home/sergio/ros2_ws/install/moveit_task_constructor_msgs/lib:/home/sergio/ros2_ws/install/stage_ros2/lib:/home/sergio/ros2_ws/install/moveit_task_constructor_visualization/lib:/home/sergio/ros2_ws/install/moveit_task_constructor_demo/lib:/home/sergio/ros2_ws/install/moveit_task_constructor_capabilities/lib:/home/sergio/ros2_ws/install/moveit_task_constructor_core/lib:/home/sergio/ros2_ws/install/p1_ej3_interface/lib:/home/sergio/ros2_ws/install/p1_ej2_interface/lib:/home/sergio/ros2_ws/install/mma_interfaces/lib:/home/sergio/ros2_ws/install/ejercicio_tres_interface/lib:/home/sergio/ros2_ws/install/cartographer_ros/lib:/home/sergio/ros2_ws/install/cartographer_ros_msgs/lib:/home/sergio/ros2_ws/install/Stage/lib:/usr/lib/x86_64-linux-gnu/gazebo-11/plugins:/opt/ros/humble/opt/rviz_ogre_vendor/lib:/opt/ros/humble/lib/x86_64-linux-gnu:/opt/ros/humble/lib /usr/bin/cmake /home/sergio/ros2_ws/src/moveit_task_constructor/core -DCMAKE_INSTALL_PREFIX=/home/sergio/ros2_ws/install/moveit_task_constructor_core
[4.819s] Invoking command in '/home/sergio/ros2_ws/build/moveit_task_constructor_core': CMAKE_PREFIX_PATH=/home/sergio/ros2_ws/install/moveit_resources_fanuc_moveit_config:/home/sergio/ros2_ws/install/rviz_marker_tools:/home/sergio/ros2_ws/install/moveit_task_constructor_msgs:/home/sergio/ros2_ws/install/moveit_resources_fanuc_description:/home/sergio/ros2_ws/install/trr_robot:/home/sergio/ros2_ws/install/stage_worlds:/home/sergio/ros2_ws/install/stage_ros2:/home/sergio/ros2_ws/install/moveit_task_constructor_visualization:/home/sergio/ros2_ws/install/moveit_task_constructor_demo:/home/sergio/ros2_ws/install/moveit_task_constructor_capabilities:/home/sergio/ros2_ws/install/moveit2_tutorials:/home/sergio/ros2_ws/install/moveit_task_constructor_core:/home/sergio/ros2_ws/install/robot_description:/home/sergio/ros2_ws/install/p2_ej2:/home/sergio/ros2_ws/install/p1_ej3_interface:/home/sergio/ros2_ws/install/p1_ej2_interface:/home/sergio/ros2_ws/install/navigation_tb3:/home/sergio/ros2_ws/install/moveit_resources:/home/sergio/ros2_ws/install/moveit_resources_pr2_description:/home/sergio/ros2_ws/install/moveit_resources_panda_moveit_config:/home/sergio/ros2_ws/install/moveit_resources_panda_description:/home/sergio/ros2_ws/install/mma_interfaces:/home/sergio/ros2_ws/install/hello_moveit:/home/sergio/ros2_ws/install/ejercicio_tres_interface:/home/sergio/ros2_ws/install/cartographer_ros:/home/sergio/ros2_ws/install/cartographer_ros_msgs:/home/sergio/ros2_ws/install/Stage:/home/sergio/ros2_ws/install/trr_robot_ps:/home/sergio/ros2_ws/install/robot_nav:/home/sergio/ros2_ws/install/robot_autonomo:/home/sergio/ros2_ws/install/p2_ej3:/home/sergio/ros2_ws/install/p1_ej3_servidor:/home/sergio/ros2_ws/install/p1_ej3_cliente:/home/sergio/ros2_ws/install/p1_ej2_nodos_sensor:/home/sergio/ros2_ws/install/p1_ej2_nodo5:/home/sergio/ros2_ws/install/p1_ej2_nodo4:/home/sergio/ros2_ws/install/nodo_adc_sub:/home/sergio/ros2_ws/install/my_stage_mover:/home/sergio/ros2_ws/install/my_package:/home/sergio/ros2_ws/install/mma_talker:/home/sergio/ros2_ws/install/mma_service:/home/sergio/ros2_ws/install/mma_listener:/home/sergio/ros2_ws/install/ejercicio_tres_server:/home/sergio/ros2_ws/install/ejercicio_tres_client:/home/sergio/ros2_ws/install/ejercicio_dos:/home/sergio/ros2_ws/install/ejemplo_uno:/home/sergio/ros2_ws/install/auto_mover:/home/sergio/ros2_ws/install/P1_ej1_sub:/home/sergio/ros2_ws/install/P1_ej1_pub:/opt/ros/humble LD_LIBRARY_PATH=/home/sergio/ros2_ws/install/rviz_marker_tools/lib:/home/sergio/ros2_ws/install/moveit_task_constructor_msgs/lib:/home/sergio/ros2_ws/install/stage_ros2/lib:/home/sergio/ros2_ws/install/moveit_task_constructor_visualization/lib:/home/sergio/ros2_ws/install/moveit_task_constructor_demo/lib:/home/sergio/ros2_ws/install/moveit_task_constructor_capabilities/lib:/home/sergio/ros2_ws/install/moveit_task_constructor_core/lib:/home/sergio/ros2_ws/install/p1_ej3_interface/lib:/home/sergio/ros2_ws/install/p1_ej2_interface/lib:/home/sergio/ros2_ws/install/mma_interfaces/lib:/home/sergio/ros2_ws/install/ejercicio_tres_interface/lib:/home/sergio/ros2_ws/install/cartographer_ros/lib:/home/sergio/ros2_ws/install/cartographer_ros_msgs/lib:/home/sergio/ros2_ws/install/Stage/lib:/usr/lib/x86_64-linux-gnu/gazebo-11/plugins:/opt/ros/humble/opt/rviz_ogre_vendor/lib:/opt/ros/humble/lib/x86_64-linux-gnu:/opt/ros/humble/lib /usr/bin/cmake --build /home/sergio/ros2_ws/build/moveit_task_constructor_core -- -j16 -l16
[4.872s] [  1%] [32mBuilding CXX object gtest/CMakeFiles/gtest.dir/src/gtest-all.cc.o[0m
[4.874s] [  2%] [32mBuilding CXX object gmock/CMakeFiles/gmock.dir/src/gmock-all.cc.o[0m
[4.874s] [  3%] [32mBuilding CXX object gtest/CMakeFiles/gtest_main.dir/src/gtest_main.cc.o[0m
[4.874s] [  4%] [32mBuilding CXX object gmock/CMakeFiles/gmock_main.dir/src/gmock_main.cc.o[0m
[4.879s] [  5%] [32mBuilding CXX object gmock/CMakeFiles/gmock.dir/opt/ros/humble/src/gtest_vendor/src/gtest-all.cc.o[0m
[4.886s] [  5%] Built target ament_cmake_python_copy_moveit
[4.886s] [  7%] [32mBuilding CXX object src/CMakeFiles/moveit_task_constructor_core.dir/cost_terms.cpp.o[0m
[4.887s] [  8%] [32mBuilding CXX object src/CMakeFiles/moveit_task_constructor_core.dir/introspection.cpp.o[0m
[4.894s] [  9%] [32mBuilding CXX object src/CMakeFiles/moveit_task_constructor_core.dir/container.cpp.o[0m
[4.894s] [ 10%] [32mBuilding CXX object src/CMakeFiles/moveit_task_constructor_core.dir/properties.cpp.o[0m
[4.906s] [ 11%] [32mBuilding CXX object src/CMakeFiles/moveit_task_constructor_core.dir/marker_tools.cpp.o[0m
[4.906s] [ 12%] [32mBuilding CXX object src/CMakeFiles/moveit_task_constructor_core.dir/stage.cpp.o[0m
[4.906s] [ 14%] [32mBuilding CXX object src/CMakeFiles/moveit_task_constructor_core.dir/merge.cpp.o[0m
[4.907s] [ 15%] [32mBuilding CXX object src/CMakeFiles/moveit_task_constructor_core.dir/storage.cpp.o[0m
[4.913s] [ 16%] [32mBuilding CXX object src/CMakeFiles/moveit_task_constructor_core.dir/task.cpp.o[0m
[4.931s] [ 17%] [32mBuilding CXX object src/CMakeFiles/moveit_task_constructor_core.dir/utils.cpp.o[0m
[5.706s] running egg_info
[5.707s] creating moveit.egg-info
[5.707s] writing moveit.egg-info/PKG-INFO
[5.708s] writing dependency_links to moveit.egg-info/dependency_links.txt
[5.708s] writing top-level names to moveit.egg-info/top_level.txt
[5.709s] writing manifest file 'moveit.egg-info/SOURCES.txt'
[5.712s] reading manifest file 'moveit.egg-info/SOURCES.txt'
[5.713s] writing manifest file 'moveit.egg-info/SOURCES.txt'
[5.773s] [ 17%] Built target ament_cmake_python_build_moveit_egg
[5.806s] [ 18%] [32mBuilding CXX object src/CMakeFiles/moveit_task_constructor_core.dir/solvers/planner_interface.cpp.o[0m
[7.535s] [ 20%] [32m[1mLinking CXX static library libgtest_main.a[0m
[7.640s] [ 20%] Built target gtest_main
[7.658s] [ 21%] [32mBuilding CXX object src/CMakeFiles/moveit_task_constructor_core.dir/solvers/cartesian_path.cpp.o[0m
[8.380s] [ 22%] [32m[1mLinking CXX static library libgmock_main.a[0m
[8.455s] [ 22%] Built target gmock_main
[8.472s] [ 23%] [32mBuilding CXX object src/CMakeFiles/moveit_task_constructor_core.dir/solvers/joint_interpolation.cpp.o[0m
[10.615s] [ 24%] [32mBuilding CXX object src/CMakeFiles/moveit_task_constructor_core.dir/solvers/pipeline_planner.cpp.o[0m
[13.549s] [ 25%] [32mBuilding CXX object src/CMakeFiles/moveit_task_constructor_core.dir/solvers/multi_planner.cpp.o[0m
[22.675s] [ 27%] [32m[1mLinking CXX static library libgtest.a[0m
[22.795s] [ 27%] Built target gtest
[23.575s] [ 28%] [32m[1mLinking CXX static library libgmock.a[0m
[23.647s] [ 28%] Built target gmock
[33.175s] [ 29%] [32m[1mLinking CXX shared library libmoveit_task_constructor_core.so[0m
[33.474s] [ 29%] Built target moveit_task_constructor_core
[33.492s] [ 30%] [32mBuilding CXX object src/stages/CMakeFiles/moveit_task_constructor_core_stages.dir/modify_planning_scene.cpp.o[0m
[35.501s] [ 31%] [32mBuilding CXX object src/stages/CMakeFiles/moveit_task_constructor_core_stages.dir/move_relative.cpp.o[0m
[37.510s] [ 32%] [32mBuilding CXX object src/stages/CMakeFiles/moveit_task_constructor_core_stages.dir/move_to.cpp.o[0m
[39.521s] [ 38%] [32mBuilding CXX object src/stages/CMakeFiles/moveit_task_constructor_core_stages.dir/predicate_filter.cpp.o[0m
[39.521s] [ 38%] [32mBuilding CXX object src/stages/CMakeFiles/moveit_task_constructor_core_stages.dir/connect.cpp.o[0m
[39.521s] [ 38%] [32mBuilding CXX object src/stages/CMakeFiles/moveit_task_constructor_core_stages.dir/compute_ik.cpp.o[0m
[39.521s] [ 38%] [32mBuilding CXX object src/stages/CMakeFiles/moveit_task_constructor_core_stages.dir/passthrough.cpp.o[0m
[39.521s] [ 38%] [32mBuilding CXX object src/stages/CMakeFiles/moveit_task_constructor_core_stages.dir/generate_place_pose.cpp.o[0m
[40.113s] [ 40%] [32mBuilding CXX object src/stages/CMakeFiles/moveit_task_constructor_core_stages.dir/generate_grasp_pose.cpp.o[0m
[41.129s] [ 43%] [32mBuilding CXX object src/stages/CMakeFiles/moveit_task_constructor_core_stages.dir/generate_random_pose.cpp.o[0m
[41.129s] [ 43%] [32mBuilding CXX object src/stages/CMakeFiles/moveit_task_constructor_core_stages.dir/generate_pose.cpp.o[0m
[41.129s] [ 44%] [32mBuilding CXX object src/stages/CMakeFiles/moveit_task_constructor_core_stages.dir/simple_grasp.cpp.o[0m
[41.129s] [ 44%] [32mBuilding CXX object src/stages/CMakeFiles/moveit_task_constructor_core_stages.dir/fixed_cartesian_poses.cpp.o[0m
[41.842s] [ 45%] [32mBuilding CXX object src/stages/CMakeFiles/moveit_task_constructor_core_stages.dir/fixed_state.cpp.o[0m
[41.843s] [ 47%] [32mBuilding CXX object src/stages/CMakeFiles/moveit_task_constructor_core_stages.dir/pick.cpp.o[0m
[41.845s] [ 48%] [32mBuilding CXX object src/stages/CMakeFiles/moveit_task_constructor_core_stages.dir/current_state.cpp.o[0m
[41.845s] [ 49%] [32mBuilding CXX object src/stages/CMakeFiles/moveit_task_constructor_core_stages.dir/fix_collision_objects.cpp.o[0m
[62.397s] [ 50%] [32m[1mLinking CXX shared library libmoveit_task_constructor_core_stages.so[0m
[62.596s] [ 50%] Built target moveit_task_constructor_core_stages
[62.615s] [ 54%] [32mBuilding CXX object src/stages/CMakeFiles/moveit_task_constructor_core_stage_plugins.dir/plugins.cpp.o[0m
[62.615s] [ 54%] [32mBuilding CXX object test/CMakeFiles/gtest_utils.dir/gtest_value_printers.cpp.o[0m
[62.615s] [ 54%] [32mBuilding CXX object test/CMakeFiles/gtest_utils.dir/models.cpp.o[0m
[62.615s] [ 56%] [32mBuilding CXX object python/bindings/CMakeFiles/pymoveit_mtc.dir/src/solvers.cpp.o[0m
[62.615s] [ 56%] [32mBuilding CXX object python/bindings/CMakeFiles/pymoveit_mtc.dir/src/properties.cpp.o[0m
[62.615s] [ 57%] [32mBuilding CXX object test/CMakeFiles/gtest_utils.dir/stage_mockups.cpp.o[0m
[62.615s] [ 58%] [32mBuilding CXX object python/bindings/CMakeFiles/pymoveit_mtc.dir/src/core.cpp.o[0m
[64.805s] [ 60%] [32m[1mLinking CXX shared library libmoveit_task_constructor_core_stage_plugins.so[0m
[64.971s] [ 60%] Built target moveit_task_constructor_core_stage_plugins
[65.004s] [ 61%] [32mBuilding CXX object test/CMakeFiles/pick_pa10.dir/pick_pa10.cpp.o[0m
[65.005s] [ 62%] [32mBuilding CXX object test/CMakeFiles/pick_pr2.dir/pick_pr2.cpp.o[0m
[65.005s] [ 63%] [32mBuilding CXX object test/CMakeFiles/pick_ur5.dir/pick_ur5.cpp.o[0m
[69.696s] [ 64%] [32mBuilding CXX object python/bindings/CMakeFiles/pymoveit_mtc.dir/src/stages.cpp.o[0m
[69.696s] [ 65%] [32mBuilding CXX object python/bindings/CMakeFiles/pymoveit_mtc.dir/src/module.cpp.o[0m
[72.845s] [ 67%] [32m[1mLinking CXX shared library libgtest_utils.so[0m
[73.060s] [ 67%] Built target gtest_utils
[73.087s] [ 68%] [32mBuilding CXX object test/CMakeFiles/moveit_task_constructor_core-test-pruning.dir/test_pruning.cpp.o[0m
[73.088s] [ 69%] [32mBuilding CXX object test/CMakeFiles/moveit_task_constructor_core-test-serial.dir/test_serial.cpp.o[0m
[73.089s] [ 70%] [32mBuilding CXX object test/CMakeFiles/moveit_task_constructor_core-test-mockups.dir/test_mockups.cpp.o[0m
[73.091s] [ 71%] [32mBuilding CXX object test/CMakeFiles/moveit_task_constructor_core-test-container.dir/test_container.cpp.o[0m
[73.092s] [ 72%] [32mBuilding CXX object test/CMakeFiles/moveit_task_constructor_core-test-stage.dir/test_stage.cpp.o[0m
[73.093s] [ 74%] [32mBuilding CXX object test/CMakeFiles/moveit_task_constructor_core-test-properties.dir/test_properties.cpp.o[0m
[74.123s] [ 75%] [32mBuilding CXX object test/CMakeFiles/moveit_task_constructor_core-test-cost-queue.dir/test_cost_queue.cpp.o[0m
[74.124s] [ 76%] [32mBuilding CXX object test/CMakeFiles/moveit_task_constructor_core-test-interface-state.dir/test_interface_state.cpp.o[0m
[74.124s] [ 77%] [32mBuilding CXX object test/CMakeFiles/moveit_task_constructor_core-test-move-to.dir/test_move_to.cpp.o[0m
[75.190s] [ 80%] [32mBuilding CXX object test/CMakeFiles/moveit_task_constructor_core-test-fallback.dir/test_fallback.cpp.o[0m
[75.193s] [ 80%] [32mBuilding CXX object test/CMakeFiles/moveit_task_constructor_core-test-cost-terms.dir/test_cost_terms.cpp.o[0m
[76.360s] [ 81%] [32m[1mLinking CXX executable pick_pr2[0m
[77.245s] [ 81%] Built target pick_pr2
[77.310s] [ 82%] [32mBuilding CXX object test/CMakeFiles/moveit_task_constructor_core-test-move-relative.dir/test_move_relative.cpp.o[0m
[77.846s] [ 83%] [32m[1mLinking CXX executable pick_ur5[0m
[78.507s] [ 83%] Built target pick_ur5
[78.715s] [ 84%] [32m[1mLinking CXX executable moveit_task_constructor_core-test-properties[0m
[79.210s] [ 85%] [32m[1mLinking CXX executable pick_pa10[0m
[79.455s] [ 85%] Built target moveit_task_constructor_core-test-properties
[79.934s] [ 85%] Built target pick_pa10
[81.637s] [ 87%] [32m[1mLinking CXX executable moveit_task_constructor_core-test-cost-queue[0m
[82.240s] [ 87%] Built target moveit_task_constructor_core-test-cost-queue
[89.515s] [ 88%] [32m[1mLinking CXX executable moveit_task_constructor_core-test-interface-state[0m
[89.915s] [ 89%] [32m[1mLinking CXX executable moveit_task_constructor_core-test-stage[0m
[90.059s] [ 89%] Built target moveit_task_constructor_core-test-interface-state
[90.299s] [ 90%] [32m[1mLinking CXX executable moveit_task_constructor_core-test-serial[0m
[90.370s] [ 90%] Built target moveit_task_constructor_core-test-stage
[90.593s] [ 91%] [32m[1mLinking CXX executable moveit_task_constructor_core-test-pruning[0m
[90.699s] [ 91%] Built target moveit_task_constructor_core-test-serial
[90.984s] [ 91%] Built target moveit_task_constructor_core-test-pruning
[91.279s] [ 92%] [32m[1mLinking CXX executable moveit_task_constructor_core-test-mockups[0m
[91.654s] [ 92%] Built target moveit_task_constructor_core-test-mockups
[92.060s] [ 94%] [32m[1mLinking CXX executable moveit_task_constructor_core-test-container[0m
[92.141s] [ 95%] [32m[1mLinking CXX executable moveit_task_constructor_core-test-move-relative[0m
[92.448s] [ 95%] Built target moveit_task_constructor_core-test-container
[92.502s] [ 95%] Built target moveit_task_constructor_core-test-move-relative
[92.789s] [ 96%] [32m[1mLinking CXX executable moveit_task_constructor_core-test-fallback[0m
[92.793s] [ 97%] [32m[1mLinking CXX executable moveit_task_constructor_core-test-cost-terms[0m
[92.914s] [ 98%] [32m[1mLinking CXX executable moveit_task_constructor_core-test-move-to[0m
[93.120s] [ 98%] Built target moveit_task_constructor_core-test-fallback
[93.122s] [ 98%] Built target moveit_task_constructor_core-test-cost-terms
[93.233s] [ 98%] Built target moveit_task_constructor_core-test-move-to
[93.286s] [100%] [32m[1mLinking CXX shared module pymoveit_mtc.cpython-310-x86_64-linux-gnu.so[0m
[94.513s] lto-wrapper: warning: using serial compilation of 12 LTRANS jobs
[103.021s] [100%] Built target pymoveit_mtc
[103.030s] Invoked command in '/home/sergio/ros2_ws/build/moveit_task_constructor_core' returned '0': CMAKE_PREFIX_PATH=/home/sergio/ros2_ws/install/moveit_resources_fanuc_moveit_config:/home/sergio/ros2_ws/install/rviz_marker_tools:/home/sergio/ros2_ws/install/moveit_task_constructor_msgs:/home/sergio/ros2_ws/install/moveit_resources_fanuc_description:/home/sergio/ros2_ws/install/trr_robot:/home/sergio/ros2_ws/install/stage_worlds:/home/sergio/ros2_ws/install/stage_ros2:/home/sergio/ros2_ws/install/moveit_task_constructor_visualization:/home/sergio/ros2_ws/install/moveit_task_constructor_demo:/home/sergio/ros2_ws/install/moveit_task_constructor_capabilities:/home/sergio/ros2_ws/install/moveit2_tutorials:/home/sergio/ros2_ws/install/moveit_task_constructor_core:/home/sergio/ros2_ws/install/robot_description:/home/sergio/ros2_ws/install/p2_ej2:/home/sergio/ros2_ws/install/p1_ej3_interface:/home/sergio/ros2_ws/install/p1_ej2_interface:/home/sergio/ros2_ws/install/navigation_tb3:/home/sergio/ros2_ws/install/moveit_resources:/home/sergio/ros2_ws/install/moveit_resources_pr2_description:/home/sergio/ros2_ws/install/moveit_resources_panda_moveit_config:/home/sergio/ros2_ws/install/moveit_resources_panda_description:/home/sergio/ros2_ws/install/mma_interfaces:/home/sergio/ros2_ws/install/hello_moveit:/home/sergio/ros2_ws/install/ejercicio_tres_interface:/home/sergio/ros2_ws/install/cartographer_ros:/home/sergio/ros2_ws/install/cartographer_ros_msgs:/home/sergio/ros2_ws/install/Stage:/home/sergio/ros2_ws/install/trr_robot_ps:/home/sergio/ros2_ws/install/robot_nav:/home/sergio/ros2_ws/install/robot_autonomo:/home/sergio/ros2_ws/install/p2_ej3:/home/sergio/ros2_ws/install/p1_ej3_servidor:/home/sergio/ros2_ws/install/p1_ej3_cliente:/home/sergio/ros2_ws/install/p1_ej2_nodos_sensor:/home/sergio/ros2_ws/install/p1_ej2_nodo5:/home/sergio/ros2_ws/install/p1_ej2_nodo4:/home/sergio/ros2_ws/install/nodo_adc_sub:/home/sergio/ros2_ws/install/my_stage_mover:/home/sergio/ros2_ws/install/my_package:/home/sergio/ros2_ws/install/mma_talker:/home/sergio/ros2_ws/install/mma_service:/home/sergio/ros2_ws/install/mma_listener:/home/sergio/ros2_ws/install/ejercicio_tres_server:/home/sergio/ros2_ws/install/ejercicio_tres_client:/home/sergio/ros2_ws/install/ejercicio_dos:/home/sergio/ros2_ws/install/ejemplo_uno:/home/sergio/ros2_ws/install/auto_mover:/home/sergio/ros2_ws/install/P1_ej1_sub:/home/sergio/ros2_ws/install/P1_ej1_pub:/opt/ros/humble LD_LIBRARY_PATH=/home/sergio/ros2_ws/install/rviz_marker_tools/lib:/home/sergio/ros2_ws/install/moveit_task_constructor_msgs/lib:/home/sergio/ros2_ws/install/stage_ros2/lib:/home/sergio/ros2_ws/install/moveit_task_constructor_visualization/lib:/home/sergio/ros2_ws/install/moveit_task_constructor_demo/lib:/home/sergio/ros2_ws/install/moveit_task_constructor_capabilities/lib:/home/sergio/ros2_ws/install/moveit_task_constructor_core/lib:/home/sergio/ros2_ws/install/p1_ej3_interface/lib:/home/sergio/ros2_ws/install/p1_ej2_interface/lib:/home/sergio/ros2_ws/install/mma_interfaces/lib:/home/sergio/ros2_ws/install/ejercicio_tres_interface/lib:/home/sergio/ros2_ws/install/cartographer_ros/lib:/home/sergio/ros2_ws/install/cartographer_ros_msgs/lib:/home/sergio/ros2_ws/install/Stage/lib:/usr/lib/x86_64-linux-gnu/gazebo-11/plugins:/opt/ros/humble/opt/rviz_ogre_vendor/lib:/opt/ros/humble/lib/x86_64-linux-gnu:/opt/ros/humble/lib /usr/bin/cmake --build /home/sergio/ros2_ws/build/moveit_task_constructor_core -- -j16 -l16
[103.032s] Invoking command in '/home/sergio/ros2_ws/build/moveit_task_constructor_core': CMAKE_PREFIX_PATH=/home/sergio/ros2_ws/install/moveit_resources_fanuc_moveit_config:/home/sergio/ros2_ws/install/rviz_marker_tools:/home/sergio/ros2_ws/install/moveit_task_constructor_msgs:/home/sergio/ros2_ws/install/moveit_resources_fanuc_description:/home/sergio/ros2_ws/install/trr_robot:/home/sergio/ros2_ws/install/stage_worlds:/home/sergio/ros2_ws/install/stage_ros2:/home/sergio/ros2_ws/install/moveit_task_constructor_visualization:/home/sergio/ros2_ws/install/moveit_task_constructor_demo:/home/sergio/ros2_ws/install/moveit_task_constructor_capabilities:/home/sergio/ros2_ws/install/moveit2_tutorials:/home/sergio/ros2_ws/install/moveit_task_constructor_core:/home/sergio/ros2_ws/install/robot_description:/home/sergio/ros2_ws/install/p2_ej2:/home/sergio/ros2_ws/install/p1_ej3_interface:/home/sergio/ros2_ws/install/p1_ej2_interface:/home/sergio/ros2_ws/install/navigation_tb3:/home/sergio/ros2_ws/install/moveit_resources:/home/sergio/ros2_ws/install/moveit_resources_pr2_description:/home/sergio/ros2_ws/install/moveit_resources_panda_moveit_config:/home/sergio/ros2_ws/install/moveit_resources_panda_description:/home/sergio/ros2_ws/install/mma_interfaces:/home/sergio/ros2_ws/install/hello_moveit:/home/sergio/ros2_ws/install/ejercicio_tres_interface:/home/sergio/ros2_ws/install/cartographer_ros:/home/sergio/ros2_ws/install/cartographer_ros_msgs:/home/sergio/ros2_ws/install/Stage:/home/sergio/ros2_ws/install/trr_robot_ps:/home/sergio/ros2_ws/install/robot_nav:/home/sergio/ros2_ws/install/robot_autonomo:/home/sergio/ros2_ws/install/p2_ej3:/home/sergio/ros2_ws/install/p1_ej3_servidor:/home/sergio/ros2_ws/install/p1_ej3_cliente:/home/sergio/ros2_ws/install/p1_ej2_nodos_sensor:/home/sergio/ros2_ws/install/p1_ej2_nodo5:/home/sergio/ros2_ws/install/p1_ej2_nodo4:/home/sergio/ros2_ws/install/nodo_adc_sub:/home/sergio/ros2_ws/install/my_stage_mover:/home/sergio/ros2_ws/install/my_package:/home/sergio/ros2_ws/install/mma_talker:/home/sergio/ros2_ws/install/mma_service:/home/sergio/ros2_ws/install/mma_listener:/home/sergio/ros2_ws/install/ejercicio_tres_server:/home/sergio/ros2_ws/install/ejercicio_tres_client:/home/sergio/ros2_ws/install/ejercicio_dos:/home/sergio/ros2_ws/install/ejemplo_uno:/home/sergio/ros2_ws/install/auto_mover:/home/sergio/ros2_ws/install/P1_ej1_sub:/home/sergio/ros2_ws/install/P1_ej1_pub:/opt/ros/humble LD_LIBRARY_PATH=/home/sergio/ros2_ws/install/rviz_marker_tools/lib:/home/sergio/ros2_ws/install/moveit_task_constructor_msgs/lib:/home/sergio/ros2_ws/install/stage_ros2/lib:/home/sergio/ros2_ws/install/moveit_task_constructor_visualization/lib:/home/sergio/ros2_ws/install/moveit_task_constructor_demo/lib:/home/sergio/ros2_ws/install/moveit_task_constructor_capabilities/lib:/home/sergio/ros2_ws/install/moveit_task_constructor_core/lib:/home/sergio/ros2_ws/install/p1_ej3_interface/lib:/home/sergio/ros2_ws/install/p1_ej2_interface/lib:/home/sergio/ros2_ws/install/mma_interfaces/lib:/home/sergio/ros2_ws/install/ejercicio_tres_interface/lib:/home/sergio/ros2_ws/install/cartographer_ros/lib:/home/sergio/ros2_ws/install/cartographer_ros_msgs/lib:/home/sergio/ros2_ws/install/Stage/lib:/usr/lib/x86_64-linux-gnu/gazebo-11/plugins:/opt/ros/humble/opt/rviz_ogre_vendor/lib:/opt/ros/humble/lib/x86_64-linux-gnu:/opt/ros/humble/lib /usr/bin/cmake --install /home/sergio/ros2_ws/build/moveit_task_constructor_core
[103.037s] -- Install configuration: "Release"
[103.037s] -- Installing: /home/sergio/ros2_ws/install/moveit_task_constructor_core/lib/libmoveit_task_constructor_core_stages.so
[103.038s] -- Set runtime path of "/home/sergio/ros2_ws/install/moveit_task_constructor_core/lib/libmoveit_task_constructor_core_stages.so" to ""
[103.038s] -- Installing: /home/sergio/ros2_ws/install/moveit_task_constructor_core/lib/libmoveit_task_constructor_core_stage_plugins.so
[103.038s] -- Set runtime path of "/home/sergio/ros2_ws/install/moveit_task_constructor_core/lib/libmoveit_task_constructor_core_stage_plugins.so" to ""
[103.038s] -- Installing: /home/sergio/ros2_ws/install/moveit_task_constructor_core/lib/libmoveit_task_constructor_core.so
[103.039s] -- Set runtime path of "/home/sergio/ros2_ws/install/moveit_task_constructor_core/lib/libmoveit_task_constructor_core.so" to ""
[103.039s] -- Installing: /home/sergio/ros2_ws/install/moveit_task_constructor_core/share/moveit_task_constructor_core/environment/pythonpath.sh
[103.040s] -- Installing: /home/sergio/ros2_ws/install/moveit_task_constructor_core/share/moveit_task_constructor_core/environment/pythonpath.dsv
[103.040s] -- Installing: /home/sergio/ros2_ws/install/moveit_task_constructor_core/local/lib/python3.10/dist-packages/moveit-0.1.3-py3.10.egg-info
[103.040s] -- Installing: /home/sergio/ros2_ws/install/moveit_task_constructor_core/local/lib/python3.10/dist-packages/moveit-0.1.3-py3.10.egg-info/PKG-INFO
[103.040s] -- Installing: /home/sergio/ros2_ws/install/moveit_task_constructor_core/local/lib/python3.10/dist-packages/moveit-0.1.3-py3.10.egg-info/SOURCES.txt
[103.040s] -- Installing: /home/sergio/ros2_ws/install/moveit_task_constructor_core/local/lib/python3.10/dist-packages/moveit-0.1.3-py3.10.egg-info/top_level.txt
[103.040s] -- Installing: /home/sergio/ros2_ws/install/moveit_task_constructor_core/local/lib/python3.10/dist-packages/moveit-0.1.3-py3.10.egg-info/dependency_links.txt
[103.040s] -- Installing: /home/sergio/ros2_ws/install/moveit_task_constructor_core/local/lib/python3.10/dist-packages/moveit
[103.040s] -- Installing: /home/sergio/ros2_ws/install/moveit_task_constructor_core/local/lib/python3.10/dist-packages/moveit/__init__.py
[103.041s] -- Installing: /home/sergio/ros2_ws/install/moveit_task_constructor_core/local/lib/python3.10/dist-packages/moveit/task_constructor
[103.041s] -- Installing: /home/sergio/ros2_ws/install/moveit_task_constructor_core/local/lib/python3.10/dist-packages/moveit/task_constructor/__init__.py
[103.041s] -- Installing: /home/sergio/ros2_ws/install/moveit_task_constructor_core/local/lib/python3.10/dist-packages/moveit/task_constructor/core.py
[103.041s] -- Installing: /home/sergio/ros2_ws/install/moveit_task_constructor_core/local/lib/python3.10/dist-packages/moveit/task_constructor/stages.py
[103.098s] Listing '/home/sergio/ros2_ws/install/moveit_task_constructor_core/local/lib/python3.10/dist-packages/moveit'...
[103.098s] Compiling '/home/sergio/ros2_ws/install/moveit_task_constructor_core/local/lib/python3.10/dist-packages/moveit/__init__.py'...
[103.099s] Listing '/home/sergio/ros2_ws/install/moveit_task_constructor_core/local/lib/python3.10/dist-packages/moveit/task_constructor'...
[103.099s] Compiling '/home/sergio/ros2_ws/install/moveit_task_constructor_core/local/lib/python3.10/dist-packages/moveit/task_constructor/__init__.py'...
[103.099s] Compiling '/home/sergio/ros2_ws/install/moveit_task_constructor_core/local/lib/python3.10/dist-packages/moveit/task_constructor/core.py'...
[103.099s] Compiling '/home/sergio/ros2_ws/install/moveit_task_constructor_core/local/lib/python3.10/dist-packages/moveit/task_constructor/stages.py'...
[103.102s] -- Installing: /home/sergio/ros2_ws/install/moveit_task_constructor_core/include/moveit/python/pybind11
[103.102s] -- Installing: /home/sergio/ros2_ws/install/moveit_task_constructor_core/include/moveit/python/pybind11/gil_safe_call_once.h
[103.102s] -- Installing: /home/sergio/ros2_ws/install/moveit_task_constructor_core/include/moveit/python/pybind11/trampoline_self_life_support.h
[103.102s] -- Installing: /home/sergio/ros2_ws/install/moveit_task_constructor_core/include/moveit/python/pybind11/embed.h
[103.102s] -- Installing: /home/sergio/ros2_ws/install/moveit_task_constructor_core/include/moveit/python/pybind11/common.h
[103.102s] -- Installing: /home/sergio/ros2_ws/install/moveit_task_constructor_core/include/moveit/python/pybind11/eigen
[103.103s] -- Installing: /home/sergio/ros2_ws/install/moveit_task_constructor_core/include/moveit/python/pybind11/eigen/common.h
[103.103s] -- Installing: /home/sergio/ros2_ws/install/moveit_task_constructor_core/include/moveit/python/pybind11/eigen/matrix.h
[103.103s] -- Installing: /home/sergio/ros2_ws/install/moveit_task_constructor_core/include/moveit/python/pybind11/eigen/tensor.h
[103.103s] -- Installing: /home/sergio/ros2_ws/install/moveit_task_constructor_core/include/moveit/python/pybind11/eigen.h
[103.103s] -- Installing: /home/sergio/ros2_ws/install/moveit_task_constructor_core/include/moveit/python/pybind11/iostream.h
[103.103s] -- Installing: /home/sergio/ros2_ws/install/moveit_task_constructor_core/include/moveit/python/pybind11/smart_holder.h
[103.103s] -- Installing: /home/sergio/ros2_ws/install/moveit_task_constructor_core/include/moveit/python/pybind11/chrono.h
[103.104s] -- Installing: /home/sergio/ros2_ws/install/moveit_task_constructor_core/include/moveit/python/pybind11/operators.h
[103.104s] -- Installing: /home/sergio/ros2_ws/install/moveit_task_constructor_core/include/moveit/python/pybind11/stl_bind.h
[103.104s] -- Installing: /home/sergio/ros2_ws/install/moveit_task_constructor_core/include/moveit/python/pybind11/numpy.h
[103.105s] -- Installing: /home/sergio/ros2_ws/install/moveit_task_constructor_core/include/moveit/python/pybind11/functional.h
[103.105s] -- Installing: /home/sergio/ros2_ws/install/moveit_task_constructor_core/include/moveit/python/pybind11/options.h
[103.105s] -- Installing: /home/sergio/ros2_ws/install/moveit_task_constructor_core/include/moveit/python/pybind11/pytypes.h
[103.105s] -- Installing: /home/sergio/ros2_ws/install/moveit_task_constructor_core/include/moveit/python/pybind11/buffer_info.h
[103.105s] -- Installing: /home/sergio/ros2_ws/install/moveit_task_constructor_core/include/moveit/python/pybind11/cast.h
[103.105s] -- Installing: /home/sergio/ros2_ws/install/moveit_task_constructor_core/include/moveit/python/pybind11/typing.h
[103.105s] -- Installing: /home/sergio/ros2_ws/install/moveit_task_constructor_core/include/moveit/python/pybind11/stl.h
[103.105s] -- Installing: /home/sergio/ros2_ws/install/moveit_task_constructor_core/include/moveit/python/pybind11/attr.h
[103.105s] -- Installing: /home/sergio/ros2_ws/install/moveit_task_constructor_core/include/moveit/python/pybind11/gil.h
[103.105s] -- Installing: /home/sergio/ros2_ws/install/moveit_task_constructor_core/include/moveit/python/pybind11/eval.h
[103.105s] -- Installing: /home/sergio/ros2_ws/install/moveit_task_constructor_core/include/moveit/python/pybind11/detail
[103.106s] -- Installing: /home/sergio/ros2_ws/install/moveit_task_constructor_core/include/moveit/python/pybind11/detail/smart_holder_poc.h
[103.106s] -- Installing: /home/sergio/ros2_ws/install/moveit_task_constructor_core/include/moveit/python/pybind11/detail/type_caster_odr_guard.h
[103.106s] -- Installing: /home/sergio/ros2_ws/install/moveit_task_constructor_core/include/moveit/python/pybind11/detail/common.h
[103.106s] -- Installing: /home/sergio/ros2_ws/install/moveit_task_constructor_core/include/moveit/python/pybind11/detail/class.h
[103.106s] -- Installing: /home/sergio/ros2_ws/install/moveit_task_constructor_core/include/moveit/python/pybind11/detail/internals.h
[103.106s] -- Installing: /home/sergio/ros2_ws/install/moveit_task_constructor_core/include/moveit/python/pybind11/detail/type_caster_base.h
[103.106s] -- Installing: /home/sergio/ros2_ws/install/moveit_task_constructor_core/include/moveit/python/pybind11/detail/smart_holder_type_casters.h
[103.106s] -- Installing: /home/sergio/ros2_ws/install/moveit_task_constructor_core/include/moveit/python/pybind11/detail/init.h
[103.106s] -- Installing: /home/sergio/ros2_ws/install/moveit_task_constructor_core/include/moveit/python/pybind11/detail/dynamic_raw_ptr_cast_if_possible.h
[103.106s] -- Installing: /home/sergio/ros2_ws/install/moveit_task_constructor_core/include/moveit/python/pybind11/detail/smart_holder_sfinae_hooks_only.h
[103.106s] -- Installing: /home/sergio/ros2_ws/install/moveit_task_constructor_core/include/moveit/python/pybind11/detail/descr.h
[103.106s] -- Installing: /home/sergio/ros2_ws/install/moveit_task_constructor_core/include/moveit/python/pybind11/detail/typeid.h
[103.106s] -- Installing: /home/sergio/ros2_ws/install/moveit_task_constructor_core/include/moveit/python/pybind11/stl
[103.107s] -- Installing: /home/sergio/ros2_ws/install/moveit_task_constructor_core/include/moveit/python/pybind11/stl/filesystem.h
[103.107s] -- Installing: /home/sergio/ros2_ws/install/moveit_task_constructor_core/include/moveit/python/pybind11/type_caster_pyobject_ptr.h
[103.107s] -- Installing: /home/sergio/ros2_ws/install/moveit_task_constructor_core/include/moveit/python/pybind11/pybind11.h
[103.107s] -- Installing: /home/sergio/ros2_ws/install/moveit_task_constructor_core/include/moveit/python/pybind11/complex.h
[103.107s] -- Installing: /home/sergio/ros2_ws/install/moveit_task_constructor_core/share/moveit_task_constructor_core/cmake/pybind11Config.cmake
[103.108s] -- Installing: /home/sergio/ros2_ws/install/moveit_task_constructor_core/share/moveit_task_constructor_core/cmake/pybind11ConfigVersion.cmake
[103.108s] -- Installing: /home/sergio/ros2_ws/install/moveit_task_constructor_core/share/moveit_task_constructor_core/cmake/FindPythonLibsNew.cmake
[103.108s] -- Installing: /home/sergio/ros2_ws/install/moveit_task_constructor_core/share/moveit_task_constructor_core/cmake/pybind11Common.cmake
[103.108s] -- Installing: /home/sergio/ros2_ws/install/moveit_task_constructor_core/share/moveit_task_constructor_core/cmake/pybind11Tools.cmake
[103.108s] -- Installing: /home/sergio/ros2_ws/install/moveit_task_constructor_core/share/moveit_task_constructor_core/cmake/pybind11NewTools.cmake
[103.108s] -- Installing: /home/sergio/ros2_ws/install/moveit_task_constructor_core/share/moveit_task_constructor_core/cmake/pybind11Targets.cmake
[103.109s] -- Installing: /home/sergio/ros2_ws/install/moveit_task_constructor_core/share/pkgconfig/pybind11.pc
[103.109s] -- Installing: /home/sergio/ros2_ws/install/moveit_task_constructor_core/local/lib/python3.10/dist-packages/pymoveit_mtc.cpython-310-x86_64-linux-gnu.so
[103.109s] -- Set runtime path of "/home/sergio/ros2_ws/install/moveit_task_constructor_core/local/lib/python3.10/dist-packages/pymoveit_mtc.cpython-310-x86_64-linux-gnu.so" to ""
[103.110s] -- Up-to-date: /home/sergio/ros2_ws/install/moveit_task_constructor_core/include
[103.110s] -- Up-to-date: /home/sergio/ros2_ws/install/moveit_task_constructor_core/include/moveit
[103.110s] -- Up-to-date: /home/sergio/ros2_ws/install/moveit_task_constructor_core/include/moveit/python
[103.110s] -- Installing: /home/sergio/ros2_ws/install/moveit_task_constructor_core/include/moveit/python/task_constructor
[103.110s] -- Installing: /home/sergio/ros2_ws/install/moveit_task_constructor_core/include/moveit/python/task_constructor/properties.h
[103.110s] -- Installing: /home/sergio/ros2_ws/install/moveit_task_constructor_core/include/moveit/task_constructor
[103.110s] -- Installing: /home/sergio/ros2_ws/install/moveit_task_constructor_core/include/moveit/task_constructor/stage.h
[103.110s] -- Installing: /home/sergio/ros2_ws/install/moveit_task_constructor_core/include/moveit/task_constructor/marker_tools.h
[103.110s] -- Installing: /home/sergio/ros2_ws/install/moveit_task_constructor_core/include/moveit/task_constructor/stages.h
[103.110s] -- Installing: /home/sergio/ros2_ws/install/moveit_task_constructor_core/include/moveit/task_constructor/cost_queue.h
[103.110s] -- Installing: /home/sergio/ros2_ws/install/moveit_task_constructor_core/include/moveit/task_constructor/properties.h
[103.110s] -- Installing: /home/sergio/ros2_ws/install/moveit_task_constructor_core/include/moveit/task_constructor/task.h
[103.111s] -- Installing: /home/sergio/ros2_ws/install/moveit_task_constructor_core/include/moveit/task_constructor/solvers
[103.111s] -- Installing: /home/sergio/ros2_ws/install/moveit_task_constructor_core/include/moveit/task_constructor/solvers/planner_interface.h
[103.111s] -- Installing: /home/sergio/ros2_ws/install/moveit_task_constructor_core/include/moveit/task_constructor/solvers/joint_interpolation.h
[103.111s] -- Installing: /home/sergio/ros2_ws/install/moveit_task_constructor_core/include/moveit/task_constructor/solvers/multi_planner.h
[103.111s] -- Installing: /home/sergio/ros2_ws/install/moveit_task_constructor_core/include/moveit/task_constructor/solvers/cartesian_path.h
[103.111s] -- Installing: /home/sergio/ros2_ws/install/moveit_task_constructor_core/include/moveit/task_constructor/solvers/pipeline_planner.h
[103.111s] -- Installing: /home/sergio/ros2_ws/install/moveit_task_constructor_core/include/moveit/task_constructor/moveit_compat.h
[103.111s] -- Installing: /home/sergio/ros2_ws/install/moveit_task_constructor_core/include/moveit/task_constructor/stages
[103.111s] -- Installing: /home/sergio/ros2_ws/install/moveit_task_constructor_core/include/moveit/task_constructor/stages/predicate_filter.h
[103.111s] -- Installing: /home/sergio/ros2_ws/install/moveit_task_constructor_core/include/moveit/task_constructor/stages/move_relative.h
[103.111s] -- Installing: /home/sergio/ros2_ws/install/moveit_task_constructor_core/include/moveit/task_constructor/stages/generate_pose.h
[103.111s] -- Installing: /home/sergio/ros2_ws/install/moveit_task_constructor_core/include/moveit/task_constructor/stages/compute_ik.h
[103.111s] -- Installing: /home/sergio/ros2_ws/install/moveit_task_constructor_core/include/moveit/task_constructor/stages/generate_place_pose.h
[103.111s] -- Installing: /home/sergio/ros2_ws/install/moveit_task_constructor_core/include/moveit/task_constructor/stages/generate_random_pose.h
[103.111s] -- Installing: /home/sergio/ros2_ws/install/moveit_task_constructor_core/include/moveit/task_constructor/stages/move_to.h
[103.112s] -- Installing: /home/sergio/ros2_ws/install/moveit_task_constructor_core/include/moveit/task_constructor/stages/simple_grasp.h
[103.112s] -- Installing: /home/sergio/ros2_ws/install/moveit_task_constructor_core/include/moveit/task_constructor/stages/generate_grasp_pose.h
[103.112s] -- Installing: /home/sergio/ros2_ws/install/moveit_task_constructor_core/include/moveit/task_constructor/stages/connect.h
[103.112s] -- Installing: /home/sergio/ros2_ws/install/moveit_task_constructor_core/include/moveit/task_constructor/stages/modify_planning_scene.h
[103.112s] -- Installing: /home/sergio/ros2_ws/install/moveit_task_constructor_core/include/moveit/task_constructor/stages/fixed_state.h
[103.112s] -- Installing: /home/sergio/ros2_ws/install/moveit_task_constructor_core/include/moveit/task_constructor/stages/noop.h
[103.112s] -- Installing: /home/sergio/ros2_ws/install/moveit_task_constructor_core/include/moveit/task_constructor/stages/current_state.h
[103.112s] -- Installing: /home/sergio/ros2_ws/install/moveit_task_constructor_core/include/moveit/task_constructor/stages/pick.h
[103.112s] -- Installing: /home/sergio/ros2_ws/install/moveit_task_constructor_core/include/moveit/task_constructor/stages/fixed_cartesian_poses.h
[103.112s] -- Installing: /home/sergio/ros2_ws/install/moveit_task_constructor_core/include/moveit/task_constructor/stages/fix_collision_objects.h
[103.112s] -- Installing: /home/sergio/ros2_ws/install/moveit_task_constructor_core/include/moveit/task_constructor/stages/passthrough.h
[103.112s] -- Installing: /home/sergio/ros2_ws/install/moveit_task_constructor_core/include/moveit/task_constructor/cost_terms.h
[103.112s] -- Installing: /home/sergio/ros2_ws/install/moveit_task_constructor_core/include/moveit/task_constructor/introspection.h
[103.112s] -- Installing: /home/sergio/ros2_ws/install/moveit_task_constructor_core/include/moveit/task_constructor/utils.h
[103.112s] -- Installing: /home/sergio/ros2_ws/install/moveit_task_constructor_core/include/moveit/task_constructor/merge.h
[103.112s] -- Installing: /home/sergio/ros2_ws/install/moveit_task_constructor_core/include/moveit/task_constructor/trajectory_execution_info.h
[103.112s] -- Installing: /home/sergio/ros2_ws/install/moveit_task_constructor_core/include/moveit/task_constructor/solvers.h
[103.113s] -- Installing: /home/sergio/ros2_ws/install/moveit_task_constructor_core/include/moveit/task_constructor/type_traits.h
[103.113s] -- Installing: /home/sergio/ros2_ws/install/moveit_task_constructor_core/include/moveit/task_constructor/container.h
[103.113s] -- Installing: /home/sergio/ros2_ws/install/moveit_task_constructor_core/include/moveit/task_constructor/storage.h
[103.113s] -- Installing: /home/sergio/ros2_ws/install/moveit_task_constructor_core/share/moveit_task_constructor_core/motion_planning_stages_plugin_description.xml
[103.113s] -- Installing: /home/sergio/ros2_ws/install/moveit_task_constructor_core/share/moveit_task_constructor_core/environment/library_path.sh
[103.113s] -- Installing: /home/sergio/ros2_ws/install/moveit_task_constructor_core/share/moveit_task_constructor_core/environment/library_path.dsv
[103.113s] -- Installing: /home/sergio/ros2_ws/install/moveit_task_constructor_core/share/ament_index/resource_index/package_run_dependencies/moveit_task_constructor_core
[103.114s] -- Installing: /home/sergio/ros2_ws/install/moveit_task_constructor_core/share/ament_index/resource_index/parent_prefix_path/moveit_task_constructor_core
[103.114s] -- Installing: /home/sergio/ros2_ws/install/moveit_task_constructor_core/share/moveit_task_constructor_core/environment/ament_prefix_path.sh
[103.114s] -- Installing: /home/sergio/ros2_ws/install/moveit_task_constructor_core/share/moveit_task_constructor_core/environment/ament_prefix_path.dsv
[103.114s] -- Installing: /home/sergio/ros2_ws/install/moveit_task_constructor_core/share/moveit_task_constructor_core/environment/path.sh
[103.114s] -- Installing: /home/sergio/ros2_ws/install/moveit_task_constructor_core/share/moveit_task_constructor_core/environment/path.dsv
[103.115s] -- Installing: /home/sergio/ros2_ws/install/moveit_task_constructor_core/share/moveit_task_constructor_core/local_setup.bash
[103.115s] -- Installing: /home/sergio/ros2_ws/install/moveit_task_constructor_core/share/moveit_task_constructor_core/local_setup.sh
[103.115s] -- Installing: /home/sergio/ros2_ws/install/moveit_task_constructor_core/share/moveit_task_constructor_core/local_setup.zsh
[103.115s] -- Installing: /home/sergio/ros2_ws/install/moveit_task_constructor_core/share/moveit_task_constructor_core/local_setup.dsv
[103.115s] -- Installing: /home/sergio/ros2_ws/install/moveit_task_constructor_core/share/moveit_task_constructor_core/package.dsv
[103.115s] -- Installing: /home/sergio/ros2_ws/install/moveit_task_constructor_core/share/ament_index/resource_index/packages/moveit_task_constructor_core
[103.115s] -- Installing: /home/sergio/ros2_ws/install/moveit_task_constructor_core/share/ament_index/resource_index/moveit_task_constructor_core__pluginlib__plugin/moveit_task_constructor_core
[103.116s] -- Installing: /home/sergio/ros2_ws/install/moveit_task_constructor_core/share/moveit_task_constructor_core/cmake/moveit_task_constructor_coreTargetsExport.cmake
[103.116s] -- Installing: /home/sergio/ros2_ws/install/moveit_task_constructor_core/share/moveit_task_constructor_core/cmake/moveit_task_constructor_coreTargetsExport-release.cmake
[103.116s] -- Installing: /home/sergio/ros2_ws/install/moveit_task_constructor_core/share/moveit_task_constructor_core/cmake/ament_cmake_export_targets-extras.cmake
[103.116s] -- Installing: /home/sergio/ros2_ws/install/moveit_task_constructor_core/share/moveit_task_constructor_core/cmake/ament_cmake_export_dependencies-extras.cmake
[103.116s] -- Installing: /home/sergio/ros2_ws/install/moveit_task_constructor_core/share/moveit_task_constructor_core/cmake/moveit_task_constructor_coreConfig.cmake
[103.116s] -- Installing: /home/sergio/ros2_ws/install/moveit_task_constructor_core/share/moveit_task_constructor_core/cmake/moveit_task_constructor_coreConfig-version.cmake
[103.116s] -- Installing: /home/sergio/ros2_ws/install/moveit_task_constructor_core/share/moveit_task_constructor_core/package.xml
[103.118s] Invoked command in '/home/sergio/ros2_ws/build/moveit_task_constructor_core' returned '0': CMAKE_PREFIX_PATH=/home/sergio/ros2_ws/install/moveit_resources_fanuc_moveit_config:/home/sergio/ros2_ws/install/rviz_marker_tools:/home/sergio/ros2_ws/install/moveit_task_constructor_msgs:/home/sergio/ros2_ws/install/moveit_resources_fanuc_description:/home/sergio/ros2_ws/install/trr_robot:/home/sergio/ros2_ws/install/stage_worlds:/home/sergio/ros2_ws/install/stage_ros2:/home/sergio/ros2_ws/install/moveit_task_constructor_visualization:/home/sergio/ros2_ws/install/moveit_task_constructor_demo:/home/sergio/ros2_ws/install/moveit_task_constructor_capabilities:/home/sergio/ros2_ws/install/moveit2_tutorials:/home/sergio/ros2_ws/install/moveit_task_constructor_core:/home/sergio/ros2_ws/install/robot_description:/home/sergio/ros2_ws/install/p2_ej2:/home/sergio/ros2_ws/install/p1_ej3_interface:/home/sergio/ros2_ws/install/p1_ej2_interface:/home/sergio/ros2_ws/install/navigation_tb3:/home/sergio/ros2_ws/install/moveit_resources:/home/sergio/ros2_ws/install/moveit_resources_pr2_description:/home/sergio/ros2_ws/install/moveit_resources_panda_moveit_config:/home/sergio/ros2_ws/install/moveit_resources_panda_description:/home/sergio/ros2_ws/install/mma_interfaces:/home/sergio/ros2_ws/install/hello_moveit:/home/sergio/ros2_ws/install/ejercicio_tres_interface:/home/sergio/ros2_ws/install/cartographer_ros:/home/sergio/ros2_ws/install/cartographer_ros_msgs:/home/sergio/ros2_ws/install/Stage:/home/sergio/ros2_ws/install/trr_robot_ps:/home/sergio/ros2_ws/install/robot_nav:/home/sergio/ros2_ws/install/robot_autonomo:/home/sergio/ros2_ws/install/p2_ej3:/home/sergio/ros2_ws/install/p1_ej3_servidor:/home/sergio/ros2_ws/install/p1_ej3_cliente:/home/sergio/ros2_ws/install/p1_ej2_nodos_sensor:/home/sergio/ros2_ws/install/p1_ej2_nodo5:/home/sergio/ros2_ws/install/p1_ej2_nodo4:/home/sergio/ros2_ws/install/nodo_adc_sub:/home/sergio/ros2_ws/install/my_stage_mover:/home/sergio/ros2_ws/install/my_package:/home/sergio/ros2_ws/install/mma_talker:/home/sergio/ros2_ws/install/mma_service:/home/sergio/ros2_ws/install/mma_listener:/home/sergio/ros2_ws/install/ejercicio_tres_server:/home/sergio/ros2_ws/install/ejercicio_tres_client:/home/sergio/ros2_ws/install/ejercicio_dos:/home/sergio/ros2_ws/install/ejemplo_uno:/home/sergio/ros2_ws/install/auto_mover:/home/sergio/ros2_ws/install/P1_ej1_sub:/home/sergio/ros2_ws/install/P1_ej1_pub:/opt/ros/humble LD_LIBRARY_PATH=/home/sergio/ros2_ws/install/rviz_marker_tools/lib:/home/sergio/ros2_ws/install/moveit_task_constructor_msgs/lib:/home/sergio/ros2_ws/install/stage_ros2/lib:/home/sergio/ros2_ws/install/moveit_task_constructor_visualization/lib:/home/sergio/ros2_ws/install/moveit_task_constructor_demo/lib:/home/sergio/ros2_ws/install/moveit_task_constructor_capabilities/lib:/home/sergio/ros2_ws/install/moveit_task_constructor_core/lib:/home/sergio/ros2_ws/install/p1_ej3_interface/lib:/home/sergio/ros2_ws/install/p1_ej2_interface/lib:/home/sergio/ros2_ws/install/mma_interfaces/lib:/home/sergio/ros2_ws/install/ejercicio_tres_interface/lib:/home/sergio/ros2_ws/install/cartographer_ros/lib:/home/sergio/ros2_ws/install/cartographer_ros_msgs/lib:/home/sergio/ros2_ws/install/Stage/lib:/usr/lib/x86_64-linux-gnu/gazebo-11/plugins:/opt/ros/humble/opt/rviz_ogre_vendor/lib:/opt/ros/humble/lib/x86_64-linux-gnu:/opt/ros/humble/lib /usr/bin/cmake --install /home/sergio/ros2_ws/build/moveit_task_constructor_core
