[2.580s] Invoking command in '/home/sergio/ros2_ws/src/p2_ej3': PYTHONPATH=/home/sergio/ros2_ws/build/p2_ej3/prefix_override:/usr/lib/python3/dist-packages/colcon_core/task/python/colcon_distutils_commands:/home/sergio/ros2_ws/install/p2_ej3/lib/python3.10/site-packages:${PYTHONPATH} /usr/bin/python3 -W ignore:setup.py install is deprecated -W ignore:easy_install command is deprecated setup.py egg_info --egg-base ../../build/p2_ej3 build --build-base /home/sergio/ros2_ws/build/p2_ej3/build install --record /home/sergio/ros2_ws/build/p2_ej3/install.log --single-version-externally-managed install_data
[3.372s] running egg_info
[3.373s] creating ../../build/p2_ej3/p2_ej3.egg-info
[3.373s] writing ../../build/p2_ej3/p2_ej3.egg-info/PKG-INFO
[3.373s] writing dependency_links to ../../build/p2_ej3/p2_ej3.egg-info/dependency_links.txt
[3.373s] writing entry points to ../../build/p2_ej3/p2_ej3.egg-info/entry_points.txt
[3.373s] writing requirements to ../../build/p2_ej3/p2_ej3.egg-info/requires.txt
[3.373s] writing top-level names to ../../build/p2_ej3/p2_ej3.egg-info/top_level.txt
[3.373s] writing manifest file '../../build/p2_ej3/p2_ej3.egg-info/SOURCES.txt'
[3.373s] reading manifest file '../../build/p2_ej3/p2_ej3.egg-info/SOURCES.txt'
[3.373s] writing manifest file '../../build/p2_ej3/p2_ej3.egg-info/SOURCES.txt'
[3.373s] running build
[3.373s] running build_py
[3.373s] creating /home/sergio/ros2_ws/build/p2_ej3/build
[3.373s] creating /home/sergio/ros2_ws/build/p2_ej3/build/lib
[3.373s] creating /home/sergio/ros2_ws/build/p2_ej3/build/lib/p2_ej3
[3.374s] copying p2_ej3/__init__.py -> /home/sergio/ros2_ws/build/p2_ej3/build/lib/p2_ej3
[3.374s] copying p2_ej3/avoid_obstacles.py -> /home/sergio/ros2_ws/build/p2_ej3/build/lib/p2_ej3
[3.374s] running install
[3.374s] running install_lib
[3.374s] creating /home/sergio/ros2_ws/install/p2_ej3/lib/python3.10/site-packages/p2_ej3
[3.374s] copying /home/sergio/ros2_ws/build/p2_ej3/build/lib/p2_ej3/__init__.py -> /home/sergio/ros2_ws/install/p2_ej3/lib/python3.10/site-packages/p2_ej3
[3.374s] copying /home/sergio/ros2_ws/build/p2_ej3/build/lib/p2_ej3/avoid_obstacles.py -> /home/sergio/ros2_ws/install/p2_ej3/lib/python3.10/site-packages/p2_ej3
[3.374s] byte-compiling /home/sergio/ros2_ws/install/p2_ej3/lib/python3.10/site-packages/p2_ej3/__init__.py to __init__.cpython-310.pyc
[3.374s] byte-compiling /home/sergio/ros2_ws/install/p2_ej3/lib/python3.10/site-packages/p2_ej3/avoid_obstacles.py to avoid_obstacles.cpython-310.pyc
[3.374s] running install_data
[3.375s] creating /home/sergio/ros2_ws/install/p2_ej3/share/ament_index
[3.375s] creating /home/sergio/ros2_ws/install/p2_ej3/share/ament_index/resource_index
[3.375s] creating /home/sergio/ros2_ws/install/p2_ej3/share/ament_index/resource_index/packages
[3.375s] copying resource/p2_ej3 -> /home/sergio/ros2_ws/install/p2_ej3/share/ament_index/resource_index/packages
[3.375s] copying package.xml -> /home/sergio/ros2_ws/install/p2_ej3/share/p2_ej3
[3.375s] creating /home/sergio/ros2_ws/install/p2_ej3/share/p2_ej3/launch
[3.375s] copying launch/bringup.launch.py -> /home/sergio/ros2_ws/install/p2_ej3/share/p2_ej3/launch
[3.375s] creating /home/sergio/ros2_ws/install/p2_ej3/share/p2_ej3/rviz
[3.375s] copying rviz/nav2_config.rviz -> /home/sergio/ros2_ws/install/p2_ej3/share/p2_ej3/rviz
[3.375s] running install_egg_info
[3.375s] Copying ../../build/p2_ej3/p2_ej3.egg-info to /home/sergio/ros2_ws/install/p2_ej3/lib/python3.10/site-packages/p2_ej3-0.0.0-py3.10.egg-info
[3.375s] running install_scripts
[3.375s] Installing avoid_obstacles script to /home/sergio/ros2_ws/install/p2_ej3/lib/p2_ej3
[3.376s] writing list of installed files to '/home/sergio/ros2_ws/build/p2_ej3/install.log'
[3.396s] Invoked command in '/home/sergio/ros2_ws/src/p2_ej3' returned '0': PYTHONPATH=/home/sergio/ros2_ws/build/p2_ej3/prefix_override:/usr/lib/python3/dist-packages/colcon_core/task/python/colcon_distutils_commands:/home/sergio/ros2_ws/install/p2_ej3/lib/python3.10/site-packages:${PYTHONPATH} /usr/bin/python3 -W ignore:setup.py install is deprecated -W ignore:easy_install command is deprecated setup.py egg_info --egg-base ../../build/p2_ej3 build --build-base /home/sergio/ros2_ws/build/p2_ej3/build install --record /home/sergio/ros2_ws/build/p2_ej3/install.log --single-version-externally-managed install_data
