running egg_info
writing ../../build/P1_ej1_pub/P1_ej1_pub.egg-info/PKG-INFO
writing dependency_links to ../../build/P1_ej1_pub/P1_ej1_pub.egg-info/dependency_links.txt
writing entry points to ../../build/P1_ej1_pub/P1_ej1_pub.egg-info/entry_points.txt
writing requirements to ../../build/P1_ej1_pub/P1_ej1_pub.egg-info/requires.txt
writing top-level names to ../../build/P1_ej1_pub/P1_ej1_pub.egg-info/top_level.txt
reading manifest file '../../build/P1_ej1_pub/P1_ej1_pub.egg-info/SOURCES.txt'
writing manifest file '../../build/P1_ej1_pub/P1_ej1_pub.egg-info/SOURCES.txt'
running build
running build_py
copying P1_ej1_pub/publicador.py -> /home/sergio/ros2_ws/build/P1_ej1_pub/build/lib/P1_ej1_pub
running install
running install_lib
copying /home/sergio/ros2_ws/build/P1_ej1_pub/build/lib/P1_ej1_pub/publicador.py -> /home/sergio/ros2_ws/install/P1_ej1_pub/lib/python3.10/site-packages/P1_ej1_pub
byte-compiling /home/sergio/ros2_ws/install/P1_ej1_pub/lib/python3.10/site-packages/P1_ej1_pub/publicador.py to publicador.cpython-310.pyc
running install_data
running install_egg_info
removing '/home/sergio/ros2_ws/install/P1_ej1_pub/lib/python3.10/site-packages/P1_ej1_pub-0.0.0-py3.10.egg-info' (and everything under it)
Copying ../../build/P1_ej1_pub/P1_ej1_pub.egg-info to /home/sergio/ros2_ws/install/P1_ej1_pub/lib/python3.10/site-packages/P1_ej1_pub-0.0.0-py3.10.egg-info
running install_scripts
Installing publicador script to /home/sergio/ros2_ws/install/P1_ej1_pub/lib/P1_ej1_pub
writing list of installed files to '/home/sergio/ros2_ws/build/P1_ej1_pub/install.log'
