[5.724s] Invoking command in '/home/sergio/ros2_ws/src/auto_mover': PYTHONPATH=/home/sergio/ros2_ws/build/auto_mover/prefix_override:/usr/lib/python3/dist-packages/colcon_core/task/python/colcon_distutils_commands:/home/sergio/ros2_ws/install/auto_mover/lib/python3.10/site-packages:${PYTHONPATH} /usr/bin/python3 -W ignore:setup.py install is deprecated -W ignore:easy_install command is deprecated setup.py egg_info --egg-base ../../build/auto_mover build --build-base /home/sergio/ros2_ws/build/auto_mover/build install --record /home/sergio/ros2_ws/build/auto_mover/install.log --single-version-externally-managed install_data
[6.928s] running egg_info
[6.929s] creating ../../build/auto_mover/auto_mover.egg-info
[6.930s] writing ../../build/auto_mover/auto_mover.egg-info/PKG-INFO
[6.934s] writing dependency_links to ../../build/auto_mover/auto_mover.egg-info/dependency_links.txt
[6.934s] writing entry points to ../../build/auto_mover/auto_mover.egg-info/entry_points.txt
[6.934s] writing requirements to ../../build/auto_mover/auto_mover.egg-info/requires.txt
[6.934s] writing top-level names to ../../build/auto_mover/auto_mover.egg-info/top_level.txt
[6.934s] writing manifest file '../../build/auto_mover/auto_mover.egg-info/SOURCES.txt'
[6.937s] reading manifest file '../../build/auto_mover/auto_mover.egg-info/SOURCES.txt'
[6.937s] writing manifest file '../../build/auto_mover/auto_mover.egg-info/SOURCES.txt'
[6.937s] running build
[6.938s] running build_py
[6.938s] creating /home/sergio/ros2_ws/build/auto_mover/build
[6.938s] creating /home/sergio/ros2_ws/build/auto_mover/build/lib
[6.938s] creating /home/sergio/ros2_ws/build/auto_mover/build/lib/auto_mover
[6.938s] copying auto_mover/move_node.py -> /home/sergio/ros2_ws/build/auto_mover/build/lib/auto_mover
[6.939s] copying auto_mover/__init__.py -> /home/sergio/ros2_ws/build/auto_mover/build/lib/auto_mover
[6.939s] running install
[6.939s] running install_lib
[6.940s] creating /home/sergio/ros2_ws/install/auto_mover/lib/python3.10/site-packages/auto_mover
[6.941s] copying /home/sergio/ros2_ws/build/auto_mover/build/lib/auto_mover/move_node.py -> /home/sergio/ros2_ws/install/auto_mover/lib/python3.10/site-packages/auto_mover
[6.941s] copying /home/sergio/ros2_ws/build/auto_mover/build/lib/auto_mover/__init__.py -> /home/sergio/ros2_ws/install/auto_mover/lib/python3.10/site-packages/auto_mover
[6.942s] byte-compiling /home/sergio/ros2_ws/install/auto_mover/lib/python3.10/site-packages/auto_mover/move_node.py to move_node.cpython-310.pyc
[6.943s] byte-compiling /home/sergio/ros2_ws/install/auto_mover/lib/python3.10/site-packages/auto_mover/__init__.py to __init__.cpython-310.pyc
[6.943s] running install_data
[6.944s] creating /home/sergio/ros2_ws/install/auto_mover/share/ament_index
[6.944s] creating /home/sergio/ros2_ws/install/auto_mover/share/ament_index/resource_index
[6.944s] creating /home/sergio/ros2_ws/install/auto_mover/share/ament_index/resource_index/packages
[6.944s] copying resource/auto_mover -> /home/sergio/ros2_ws/install/auto_mover/share/ament_index/resource_index/packages
[6.944s] copying package.xml -> /home/sergio/ros2_ws/install/auto_mover/share/auto_mover
[6.945s] running install_egg_info
[6.948s] Copying ../../build/auto_mover/auto_mover.egg-info to /home/sergio/ros2_ws/install/auto_mover/lib/python3.10/site-packages/auto_mover-0.0.0-py3.10.egg-info
[6.950s] running install_scripts
[6.998s] Installing move_node script to /home/sergio/ros2_ws/install/auto_mover/lib/auto_mover
[7.000s] writing list of installed files to '/home/sergio/ros2_ws/build/auto_mover/install.log'
[7.536s] Invoked command in '/home/sergio/ros2_ws/src/auto_mover' returned '0': PYTHONPATH=/home/sergio/ros2_ws/build/auto_mover/prefix_override:/usr/lib/python3/dist-packages/colcon_core/task/python/colcon_distutils_commands:/home/sergio/ros2_ws/install/auto_mover/lib/python3.10/site-packages:${PYTHONPATH} /usr/bin/python3 -W ignore:setup.py install is deprecated -W ignore:easy_install command is deprecated setup.py egg_info --egg-base ../../build/auto_mover build --build-base /home/sergio/ros2_ws/build/auto_mover/build install --record /home/sergio/ros2_ws/build/auto_mover/install.log --single-version-externally-managed install_data
