[3.441s] Invoking command in '/home/sergio/ros2_ws/src/p1_ej2_nodo4': PYTHONPATH=/home/sergio/ros2_ws/build/p1_ej2_nodo4/prefix_override:/home/sergio/.espressif/python_env/idf5.2_py3.10_env/lib/python3.10/site-packages/colcon_core/task/python/colcon_distutils_commands:/home/sergio/ros2_ws/install/p1_ej2_nodo4/lib/python3.10/site-packages:${PYTHONPATH} /home/sergio/.espressif/python_env/idf5.2_py3.10_env/bin/python3 -W ignore:setup.py install is deprecated -W ignore:easy_install command is deprecated setup.py egg_info --egg-base ../../build/p1_ej2_nodo4 build --build-base /home/sergio/ros2_ws/build/p1_ej2_nodo4/build install --record /home/sergio/ros2_ws/build/p1_ej2_nodo4/install.log --single-version-externally-managed install_data
[4.073s] running egg_info
[4.104s] writing ../../build/p1_ej2_nodo4/p1_ej2_nodo4.egg-info/PKG-INFO
[4.105s] writing dependency_links to ../../build/p1_ej2_nodo4/p1_ej2_nodo4.egg-info/dependency_links.txt
[4.105s] writing entry points to ../../build/p1_ej2_nodo4/p1_ej2_nodo4.egg-info/entry_points.txt
[4.106s] writing requirements to ../../build/p1_ej2_nodo4/p1_ej2_nodo4.egg-info/requires.txt
[4.106s] writing top-level names to ../../build/p1_ej2_nodo4/p1_ej2_nodo4.egg-info/top_level.txt
[4.175s] reading manifest file '../../build/p1_ej2_nodo4/p1_ej2_nodo4.egg-info/SOURCES.txt'
[4.179s] writing manifest file '../../build/p1_ej2_nodo4/p1_ej2_nodo4.egg-info/SOURCES.txt'
[4.180s] running build
[4.180s] running build_py
[4.180s] copying p1_ej2_nodo4/nodo4.py -> /home/sergio/ros2_ws/build/p1_ej2_nodo4/build/lib/p1_ej2_nodo4
[4.180s] copying p1_ej2_nodo4/__init__.py -> /home/sergio/ros2_ws/build/p1_ej2_nodo4/build/lib/p1_ej2_nodo4
[4.180s] running install
[4.199s] running install_lib
[4.227s] running install_data
[4.227s] copying resource/p1_ej2_nodo4 -> /home/sergio/ros2_ws/install/p1_ej2_nodo4/share/ament_index/resource_index/packages
[4.227s] copying package.xml -> /home/sergio/ros2_ws/install/p1_ej2_nodo4/share/p1_ej2_nodo4
[4.227s] running install_egg_info
[4.260s] removing '/home/sergio/ros2_ws/install/p1_ej2_nodo4/lib/python3.10/site-packages/p1_ej2_nodo4-0.0.0-py3.10.egg-info' (and everything under it)
[4.260s] Copying ../../build/p1_ej2_nodo4/p1_ej2_nodo4.egg-info to /home/sergio/ros2_ws/install/p1_ej2_nodo4/lib/python3.10/site-packages/p1_ej2_nodo4-0.0.0-py3.10.egg-info
[4.263s] running install_scripts
[4.500s] Installing nodo4 script to /home/sergio/ros2_ws/install/p1_ej2_nodo4/lib/p1_ej2_nodo4
[4.500s] writing list of installed files to '/home/sergio/ros2_ws/build/p1_ej2_nodo4/install.log'
[5.051s] Invoked command in '/home/sergio/ros2_ws/src/p1_ej2_nodo4' returned '0': PYTHONPATH=/home/sergio/ros2_ws/build/p1_ej2_nodo4/prefix_override:/home/sergio/.espressif/python_env/idf5.2_py3.10_env/lib/python3.10/site-packages/colcon_core/task/python/colcon_distutils_commands:/home/sergio/ros2_ws/install/p1_ej2_nodo4/lib/python3.10/site-packages:${PYTHONPATH} /home/sergio/.espressif/python_env/idf5.2_py3.10_env/bin/python3 -W ignore:setup.py install is deprecated -W ignore:easy_install command is deprecated setup.py egg_info --egg-base ../../build/p1_ej2_nodo4 build --build-base /home/sergio/ros2_ws/build/p1_ej2_nodo4/build install --record /home/sergio/ros2_ws/build/p1_ej2_nodo4/install.log --single-version-externally-managed install_data
