[0.073s] DEBUG:colcon:Command line arguments: ['/usr/bin/colcon', 'build', '--packages-select', 'ejercicio1_pkg']
[0.073s] DEBUG:colcon:Parsed command line arguments: Namespace(log_base=None, log_level=None, verb_name='build', build_base='build', install_base='install', merge_install=False, symlink_install=False, test_result_base=None, continue_on_error=False, executor='parallel', parallel_workers=16, event_handlers=None, ignore_user_meta=False, metas=['./colcon.meta'], base_paths=['.'], packages_ignore=None, packages_ignore_regex=None, paths=None, packages_up_to=None, packages_up_to_regex=None, packages_above=None, packages_above_and_dependencies=None, packages_above_depth=None, packages_select_by_dep=None, packages_skip_by_dep=None, packages_skip_up_to=None, packages_select_build_failed=False, packages_skip_build_finished=False, packages_select_test_failures=False, packages_skip_test_passed=False, packages_select=['ejercicio1_pkg'], packages_skip=None, packages_select_regex=None, packages_skip_regex=None, packages_start=None, packages_end=None, allow_overriding=[], cmake_args=None, cmake_target=None, cmake_target_skip_unavailable=False, cmake_clean_cache=False, cmake_clean_first=False, cmake_force_configure=False, ament_cmake_args=None, catkin_cmake_args=None, catkin_skip_building_tests=False, verb_parser=<colcon_defaults.argument_parser.defaults.DefaultArgumentsDecorator object at 0x7eb0df486a10>, verb_extension=<colcon_core.verb.build.BuildVerb object at 0x7eb0df450370>, main=<bound method BuildVerb.main of <colcon_core.verb.build.BuildVerb object at 0x7eb0df450370>>)
[0.202s] Level 1:colcon.colcon_core.package_discovery:discover_packages(colcon_meta) check parameters
[0.202s] Level 1:colcon.colcon_core.package_discovery:discover_packages(recursive) check parameters
[0.202s] Level 1:colcon.colcon_core.package_discovery:discover_packages(ignore) check parameters
[0.202s] Level 1:colcon.colcon_core.package_discovery:discover_packages(path) check parameters
[0.202s] Level 1:colcon.colcon_core.package_discovery:discover_packages(colcon_meta) discover
[0.202s] Level 1:colcon.colcon_core.package_discovery:discover_packages(recursive) discover
[0.202s] INFO:colcon.colcon_core.package_discovery:Crawling recursively for packages in '/home/sergio/ros2_ws'
[0.203s] Level 1:colcon.colcon_core.package_identification:_identify(.) by extensions ['ignore', 'ignore_ament_install']
[0.203s] Level 1:colcon.colcon_core.package_identification:_identify(.) by extension 'ignore'
[0.203s] Level 1:colcon.colcon_core.package_identification:_identify(.) by extension 'ignore_ament_install'
[0.203s] Level 1:colcon.colcon_core.package_identification:_identify(.) by extensions ['colcon_pkg']
[0.203s] Level 1:colcon.colcon_core.package_identification:_identify(.) by extension 'colcon_pkg'
[0.203s] Level 1:colcon.colcon_core.package_identification:_identify(.) by extensions ['colcon_meta']
[0.203s] Level 1:colcon.colcon_core.package_identification:_identify(.) by extension 'colcon_meta'
[0.203s] Level 1:colcon.colcon_core.package_identification:_identify(.) by extensions ['ros']
[0.203s] Level 1:colcon.colcon_core.package_identification:_identify(.) by extension 'ros'
[0.214s] Level 1:colcon.colcon_core.package_identification:_identify(.) by extensions ['cmake', 'python']
[0.214s] Level 1:colcon.colcon_core.package_identification:_identify(.) by extension 'cmake'
[0.214s] Level 1:colcon.colcon_core.package_identification:_identify(.) by extension 'python'
[0.214s] Level 1:colcon.colcon_core.package_identification:_identify(.) by extensions ['python_setup_py']
[0.214s] Level 1:colcon.colcon_core.package_identification:_identify(.) by extension 'python_setup_py'
[0.214s] Level 1:colcon.colcon_core.package_identification:_identify(build) by extensions ['ignore', 'ignore_ament_install']
[0.214s] Level 1:colcon.colcon_core.package_identification:_identify(build) by extension 'ignore'
[0.214s] Level 1:colcon.colcon_core.package_identification:_identify(build) ignored
[0.215s] Level 1:colcon.colcon_core.package_identification:_identify(install) by extensions ['ignore', 'ignore_ament_install']
[0.215s] Level 1:colcon.colcon_core.package_identification:_identify(install) by extension 'ignore'
[0.215s] Level 1:colcon.colcon_core.package_identification:_identify(install) ignored
[0.215s] Level 1:colcon.colcon_core.package_identification:_identify(log) by extensions ['ignore', 'ignore_ament_install']
[0.215s] Level 1:colcon.colcon_core.package_identification:_identify(log) by extension 'ignore'
[0.215s] Level 1:colcon.colcon_core.package_identification:_identify(log) ignored
[0.215s] Level 1:colcon.colcon_core.package_identification:_identify(src) by extensions ['ignore', 'ignore_ament_install']
[0.215s] Level 1:colcon.colcon_core.package_identification:_identify(src) by extension 'ignore'
[0.215s] Level 1:colcon.colcon_core.package_identification:_identify(src) by extension 'ignore_ament_install'
[0.215s] Level 1:colcon.colcon_core.package_identification:_identify(src) by extensions ['colcon_pkg']
[0.215s] Level 1:colcon.colcon_core.package_identification:_identify(src) by extension 'colcon_pkg'
[0.215s] Level 1:colcon.colcon_core.package_identification:_identify(src) by extensions ['colcon_meta']
[0.215s] Level 1:colcon.colcon_core.package_identification:_identify(src) by extension 'colcon_meta'
[0.215s] Level 1:colcon.colcon_core.package_identification:_identify(src) by extensions ['ros']
[0.215s] Level 1:colcon.colcon_core.package_identification:_identify(src) by extension 'ros'
[0.215s] Level 1:colcon.colcon_core.package_identification:_identify(src) by extensions ['cmake', 'python']
[0.215s] Level 1:colcon.colcon_core.package_identification:_identify(src) by extension 'cmake'
[0.215s] Level 1:colcon.colcon_core.package_identification:_identify(src) by extension 'python'
[0.215s] Level 1:colcon.colcon_core.package_identification:_identify(src) by extensions ['python_setup_py']
[0.215s] Level 1:colcon.colcon_core.package_identification:_identify(src) by extension 'python_setup_py'
[0.215s] Level 1:colcon.colcon_core.package_identification:_identify(src/P1_ej1_pub) by extensions ['ignore', 'ignore_ament_install']
[0.215s] Level 1:colcon.colcon_core.package_identification:_identify(src/P1_ej1_pub) by extension 'ignore'
[0.215s] Level 1:colcon.colcon_core.package_identification:_identify(src/P1_ej1_pub) by extension 'ignore_ament_install'
[0.215s] Level 1:colcon.colcon_core.package_identification:_identify(src/P1_ej1_pub) by extensions ['colcon_pkg']
[0.215s] Level 1:colcon.colcon_core.package_identification:_identify(src/P1_ej1_pub) by extension 'colcon_pkg'
[0.215s] Level 1:colcon.colcon_core.package_identification:_identify(src/P1_ej1_pub) by extensions ['colcon_meta']
[0.215s] Level 1:colcon.colcon_core.package_identification:_identify(src/P1_ej1_pub) by extension 'colcon_meta'
[0.215s] Level 1:colcon.colcon_core.package_identification:_identify(src/P1_ej1_pub) by extensions ['ros']
[0.215s] Level 1:colcon.colcon_core.package_identification:_identify(src/P1_ej1_pub) by extension 'ros'
[0.217s] DEBUG:colcon.colcon_core.package_identification:Package 'src/P1_ej1_pub' with type 'ros.ament_python' and name 'P1_ej1_pub'
[0.217s] Level 1:colcon.colcon_core.package_identification:_identify(src/P1_ej1_sub) by extensions ['ignore', 'ignore_ament_install']
[0.217s] Level 1:colcon.colcon_core.package_identification:_identify(src/P1_ej1_sub) by extension 'ignore'
[0.217s] Level 1:colcon.colcon_core.package_identification:_identify(src/P1_ej1_sub) by extension 'ignore_ament_install'
[0.217s] Level 1:colcon.colcon_core.package_identification:_identify(src/P1_ej1_sub) by extensions ['colcon_pkg']
[0.217s] Level 1:colcon.colcon_core.package_identification:_identify(src/P1_ej1_sub) by extension 'colcon_pkg'
[0.217s] Level 1:colcon.colcon_core.package_identification:_identify(src/P1_ej1_sub) by extensions ['colcon_meta']
[0.217s] Level 1:colcon.colcon_core.package_identification:_identify(src/P1_ej1_sub) by extension 'colcon_meta'
[0.217s] Level 1:colcon.colcon_core.package_identification:_identify(src/P1_ej1_sub) by extensions ['ros']
[0.217s] Level 1:colcon.colcon_core.package_identification:_identify(src/P1_ej1_sub) by extension 'ros'
[0.218s] DEBUG:colcon.colcon_core.package_identification:Package 'src/P1_ej1_sub' with type 'ros.ament_python' and name 'P1_ej1_sub'
[0.218s] Level 1:colcon.colcon_core.package_identification:_identify(src/Stage) by extensions ['ignore', 'ignore_ament_install']
[0.218s] Level 1:colcon.colcon_core.package_identification:_identify(src/Stage) by extension 'ignore'
[0.218s] Level 1:colcon.colcon_core.package_identification:_identify(src/Stage) by extension 'ignore_ament_install'
[0.218s] Level 1:colcon.colcon_core.package_identification:_identify(src/Stage) by extensions ['colcon_pkg']
[0.218s] Level 1:colcon.colcon_core.package_identification:_identify(src/Stage) by extension 'colcon_pkg'
[0.218s] Level 1:colcon.colcon_core.package_identification:_identify(src/Stage) by extensions ['colcon_meta']
[0.218s] Level 1:colcon.colcon_core.package_identification:_identify(src/Stage) by extension 'colcon_meta'
[0.218s] Level 1:colcon.colcon_core.package_identification:_identify(src/Stage) by extensions ['ros']
[0.218s] Level 1:colcon.colcon_core.package_identification:_identify(src/Stage) by extension 'ros'
[0.218s] Level 1:colcon.colcon_core.package_identification:_identify(src/Stage) by extensions ['cmake', 'python']
[0.218s] Level 1:colcon.colcon_core.package_identification:_identify(src/Stage) by extension 'cmake'
[0.220s] Level 1:colcon.colcon_core.package_identification:_identify(src/Stage) by extension 'python'
[0.220s] DEBUG:colcon.colcon_core.package_identification:Package 'src/Stage' with type 'cmake' and name 'Stage'
[0.220s] Level 1:colcon.colcon_core.package_identification:_identify(src/auto_mover) by extensions ['ignore', 'ignore_ament_install']
[0.220s] Level 1:colcon.colcon_core.package_identification:_identify(src/auto_mover) by extension 'ignore'
[0.220s] Level 1:colcon.colcon_core.package_identification:_identify(src/auto_mover) by extension 'ignore_ament_install'
[0.220s] Level 1:colcon.colcon_core.package_identification:_identify(src/auto_mover) by extensions ['colcon_pkg']
[0.220s] Level 1:colcon.colcon_core.package_identification:_identify(src/auto_mover) by extension 'colcon_pkg'
[0.221s] Level 1:colcon.colcon_core.package_identification:_identify(src/auto_mover) by extensions ['colcon_meta']
[0.221s] Level 1:colcon.colcon_core.package_identification:_identify(src/auto_mover) by extension 'colcon_meta'
[0.221s] Level 1:colcon.colcon_core.package_identification:_identify(src/auto_mover) by extensions ['ros']
[0.221s] Level 1:colcon.colcon_core.package_identification:_identify(src/auto_mover) by extension 'ros'
[0.221s] DEBUG:colcon.colcon_core.package_identification:Package 'src/auto_mover' with type 'ros.ament_python' and name 'auto_mover'
[0.221s] Level 1:colcon.colcon_core.package_identification:_identify(src/ejemplo_uno) by extensions ['ignore', 'ignore_ament_install']
[0.221s] Level 1:colcon.colcon_core.package_identification:_identify(src/ejemplo_uno) by extension 'ignore'
[0.221s] Level 1:colcon.colcon_core.package_identification:_identify(src/ejemplo_uno) by extension 'ignore_ament_install'
[0.221s] Level 1:colcon.colcon_core.package_identification:_identify(src/ejemplo_uno) by extensions ['colcon_pkg']
[0.221s] Level 1:colcon.colcon_core.package_identification:_identify(src/ejemplo_uno) by extension 'colcon_pkg'
[0.221s] Level 1:colcon.colcon_core.package_identification:_identify(src/ejemplo_uno) by extensions ['colcon_meta']
[0.221s] Level 1:colcon.colcon_core.package_identification:_identify(src/ejemplo_uno) by extension 'colcon_meta'
[0.221s] Level 1:colcon.colcon_core.package_identification:_identify(src/ejemplo_uno) by extensions ['ros']
[0.221s] Level 1:colcon.colcon_core.package_identification:_identify(src/ejemplo_uno) by extension 'ros'
[0.222s] DEBUG:colcon.colcon_core.package_identification:Package 'src/ejemplo_uno' with type 'ros.ament_python' and name 'ejemplo_uno'
[0.222s] Level 1:colcon.colcon_core.package_identification:_identify(src/ejercicio1_pkg) by extensions ['ignore', 'ignore_ament_install']
[0.222s] Level 1:colcon.colcon_core.package_identification:_identify(src/ejercicio1_pkg) by extension 'ignore'
[0.222s] Level 1:colcon.colcon_core.package_identification:_identify(src/ejercicio1_pkg) by extension 'ignore_ament_install'
[0.222s] Level 1:colcon.colcon_core.package_identification:_identify(src/ejercicio1_pkg) by extensions ['colcon_pkg']
[0.222s] Level 1:colcon.colcon_core.package_identification:_identify(src/ejercicio1_pkg) by extension 'colcon_pkg'
[0.222s] Level 1:colcon.colcon_core.package_identification:_identify(src/ejercicio1_pkg) by extensions ['colcon_meta']
[0.222s] Level 1:colcon.colcon_core.package_identification:_identify(src/ejercicio1_pkg) by extension 'colcon_meta'
[0.222s] Level 1:colcon.colcon_core.package_identification:_identify(src/ejercicio1_pkg) by extensions ['ros']
[0.222s] Level 1:colcon.colcon_core.package_identification:_identify(src/ejercicio1_pkg) by extension 'ros'
[0.222s] DEBUG:colcon.colcon_core.package_identification:Package 'src/ejercicio1_pkg' with type 'ros.ament_python' and name 'ejercicio1_pkg'
[0.223s] Level 1:colcon.colcon_core.package_identification:_identify(src/ejercicio_dos) by extensions ['ignore', 'ignore_ament_install']
[0.223s] Level 1:colcon.colcon_core.package_identification:_identify(src/ejercicio_dos) by extension 'ignore'
[0.223s] Level 1:colcon.colcon_core.package_identification:_identify(src/ejercicio_dos) by extension 'ignore_ament_install'
[0.223s] Level 1:colcon.colcon_core.package_identification:_identify(src/ejercicio_dos) by extensions ['colcon_pkg']
[0.223s] Level 1:colcon.colcon_core.package_identification:_identify(src/ejercicio_dos) by extension 'colcon_pkg'
[0.223s] Level 1:colcon.colcon_core.package_identification:_identify(src/ejercicio_dos) by extensions ['colcon_meta']
[0.223s] Level 1:colcon.colcon_core.package_identification:_identify(src/ejercicio_dos) by extension 'colcon_meta'
[0.223s] Level 1:colcon.colcon_core.package_identification:_identify(src/ejercicio_dos) by extensions ['ros']
[0.223s] Level 1:colcon.colcon_core.package_identification:_identify(src/ejercicio_dos) by extension 'ros'
[0.223s] DEBUG:colcon.colcon_core.package_identification:Package 'src/ejercicio_dos' with type 'ros.ament_python' and name 'ejercicio_dos'
[0.223s] Level 1:colcon.colcon_core.package_identification:_identify(src/ejercicio_tres_client) by extensions ['ignore', 'ignore_ament_install']
[0.223s] Level 1:colcon.colcon_core.package_identification:_identify(src/ejercicio_tres_client) by extension 'ignore'
[0.223s] Level 1:colcon.colcon_core.package_identification:_identify(src/ejercicio_tres_client) by extension 'ignore_ament_install'
[0.223s] Level 1:colcon.colcon_core.package_identification:_identify(src/ejercicio_tres_client) by extensions ['colcon_pkg']
[0.223s] Level 1:colcon.colcon_core.package_identification:_identify(src/ejercicio_tres_client) by extension 'colcon_pkg'
[0.223s] Level 1:colcon.colcon_core.package_identification:_identify(src/ejercicio_tres_client) by extensions ['colcon_meta']
[0.223s] Level 1:colcon.colcon_core.package_identification:_identify(src/ejercicio_tres_client) by extension 'colcon_meta'
[0.223s] Level 1:colcon.colcon_core.package_identification:_identify(src/ejercicio_tres_client) by extensions ['ros']
[0.223s] Level 1:colcon.colcon_core.package_identification:_identify(src/ejercicio_tres_client) by extension 'ros'
[0.224s] DEBUG:colcon.colcon_core.package_identification:Package 'src/ejercicio_tres_client' with type 'ros.ament_python' and name 'ejercicio_tres_client'
[0.224s] Level 1:colcon.colcon_core.package_identification:_identify(src/ejercicio_tres_interface) by extensions ['ignore', 'ignore_ament_install']
[0.224s] Level 1:colcon.colcon_core.package_identification:_identify(src/ejercicio_tres_interface) by extension 'ignore'
[0.224s] Level 1:colcon.colcon_core.package_identification:_identify(src/ejercicio_tres_interface) by extension 'ignore_ament_install'
[0.224s] Level 1:colcon.colcon_core.package_identification:_identify(src/ejercicio_tres_interface) by extensions ['colcon_pkg']
[0.224s] Level 1:colcon.colcon_core.package_identification:_identify(src/ejercicio_tres_interface) by extension 'colcon_pkg'
[0.224s] Level 1:colcon.colcon_core.package_identification:_identify(src/ejercicio_tres_interface) by extensions ['colcon_meta']
[0.224s] Level 1:colcon.colcon_core.package_identification:_identify(src/ejercicio_tres_interface) by extension 'colcon_meta'
[0.224s] Level 1:colcon.colcon_core.package_identification:_identify(src/ejercicio_tres_interface) by extensions ['ros']
[0.224s] Level 1:colcon.colcon_core.package_identification:_identify(src/ejercicio_tres_interface) by extension 'ros'
[0.224s] DEBUG:colcon.colcon_core.package_identification:Package 'src/ejercicio_tres_interface' with type 'ros.ament_cmake' and name 'ejercicio_tres_interface'
[0.224s] Level 1:colcon.colcon_core.package_identification:_identify(src/ejercicio_tres_server) by extensions ['ignore', 'ignore_ament_install']
[0.224s] Level 1:colcon.colcon_core.package_identification:_identify(src/ejercicio_tres_server) by extension 'ignore'
[0.224s] Level 1:colcon.colcon_core.package_identification:_identify(src/ejercicio_tres_server) by extension 'ignore_ament_install'
[0.225s] Level 1:colcon.colcon_core.package_identification:_identify(src/ejercicio_tres_server) by extensions ['colcon_pkg']
[0.225s] Level 1:colcon.colcon_core.package_identification:_identify(src/ejercicio_tres_server) by extension 'colcon_pkg'
[0.225s] Level 1:colcon.colcon_core.package_identification:_identify(src/ejercicio_tres_server) by extensions ['colcon_meta']
[0.225s] Level 1:colcon.colcon_core.package_identification:_identify(src/ejercicio_tres_server) by extension 'colcon_meta'
[0.225s] Level 1:colcon.colcon_core.package_identification:_identify(src/ejercicio_tres_server) by extensions ['ros']
[0.225s] Level 1:colcon.colcon_core.package_identification:_identify(src/ejercicio_tres_server) by extension 'ros'
[0.225s] DEBUG:colcon.colcon_core.package_identification:Package 'src/ejercicio_tres_server' with type 'ros.ament_python' and name 'ejercicio_tres_server'
[0.225s] Level 1:colcon.colcon_core.package_identification:_identify(src/hello_moveit) by extensions ['ignore', 'ignore_ament_install']
[0.225s] Level 1:colcon.colcon_core.package_identification:_identify(src/hello_moveit) by extension 'ignore'
[0.225s] Level 1:colcon.colcon_core.package_identification:_identify(src/hello_moveit) by extension 'ignore_ament_install'
[0.225s] Level 1:colcon.colcon_core.package_identification:_identify(src/hello_moveit) by extensions ['colcon_pkg']
[0.225s] Level 1:colcon.colcon_core.package_identification:_identify(src/hello_moveit) by extension 'colcon_pkg'
[0.225s] Level 1:colcon.colcon_core.package_identification:_identify(src/hello_moveit) by extensions ['colcon_meta']
[0.225s] Level 1:colcon.colcon_core.package_identification:_identify(src/hello_moveit) by extension 'colcon_meta'
[0.225s] Level 1:colcon.colcon_core.package_identification:_identify(src/hello_moveit) by extensions ['ros']
[0.225s] Level 1:colcon.colcon_core.package_identification:_identify(src/hello_moveit) by extension 'ros'
[0.226s] DEBUG:colcon.colcon_core.package_identification:Package 'src/hello_moveit' with type 'ros.ament_cmake' and name 'hello_moveit'
[0.226s] Level 1:colcon.colcon_core.package_identification:_identify(src/mma_interfaces) by extensions ['ignore', 'ignore_ament_install']
[0.226s] Level 1:colcon.colcon_core.package_identification:_identify(src/mma_interfaces) by extension 'ignore'
[0.226s] Level 1:colcon.colcon_core.package_identification:_identify(src/mma_interfaces) by extension 'ignore_ament_install'
[0.226s] Level 1:colcon.colcon_core.package_identification:_identify(src/mma_interfaces) by extensions ['colcon_pkg']
[0.226s] Level 1:colcon.colcon_core.package_identification:_identify(src/mma_interfaces) by extension 'colcon_pkg'
[0.226s] Level 1:colcon.colcon_core.package_identification:_identify(src/mma_interfaces) by extensions ['colcon_meta']
[0.226s] Level 1:colcon.colcon_core.package_identification:_identify(src/mma_interfaces) by extension 'colcon_meta'
[0.226s] Level 1:colcon.colcon_core.package_identification:_identify(src/mma_interfaces) by extensions ['ros']
[0.226s] Level 1:colcon.colcon_core.package_identification:_identify(src/mma_interfaces) by extension 'ros'
[0.226s] DEBUG:colcon.colcon_core.package_identification:Package 'src/mma_interfaces' with type 'ros.ament_cmake' and name 'mma_interfaces'
[0.226s] Level 1:colcon.colcon_core.package_identification:_identify(src/mma_listener) by extensions ['ignore', 'ignore_ament_install']
[0.226s] Level 1:colcon.colcon_core.package_identification:_identify(src/mma_listener) by extension 'ignore'
[0.226s] Level 1:colcon.colcon_core.package_identification:_identify(src/mma_listener) by extension 'ignore_ament_install'
[0.226s] Level 1:colcon.colcon_core.package_identification:_identify(src/mma_listener) by extensions ['colcon_pkg']
[0.226s] Level 1:colcon.colcon_core.package_identification:_identify(src/mma_listener) by extension 'colcon_pkg'
[0.226s] Level 1:colcon.colcon_core.package_identification:_identify(src/mma_listener) by extensions ['colcon_meta']
[0.226s] Level 1:colcon.colcon_core.package_identification:_identify(src/mma_listener) by extension 'colcon_meta'
[0.227s] Level 1:colcon.colcon_core.package_identification:_identify(src/mma_listener) by extensions ['ros']
[0.227s] Level 1:colcon.colcon_core.package_identification:_identify(src/mma_listener) by extension 'ros'
[0.227s] DEBUG:colcon.colcon_core.package_identification:Package 'src/mma_listener' with type 'ros.ament_python' and name 'mma_listener'
[0.227s] Level 1:colcon.colcon_core.package_identification:_identify(src/mma_service) by extensions ['ignore', 'ignore_ament_install']
[0.227s] Level 1:colcon.colcon_core.package_identification:_identify(src/mma_service) by extension 'ignore'
[0.227s] Level 1:colcon.colcon_core.package_identification:_identify(src/mma_service) by extension 'ignore_ament_install'
[0.227s] Level 1:colcon.colcon_core.package_identification:_identify(src/mma_service) by extensions ['colcon_pkg']
[0.227s] Level 1:colcon.colcon_core.package_identification:_identify(src/mma_service) by extension 'colcon_pkg'
[0.227s] Level 1:colcon.colcon_core.package_identification:_identify(src/mma_service) by extensions ['colcon_meta']
[0.227s] Level 1:colcon.colcon_core.package_identification:_identify(src/mma_service) by extension 'colcon_meta'
[0.227s] Level 1:colcon.colcon_core.package_identification:_identify(src/mma_service) by extensions ['ros']
[0.227s] Level 1:colcon.colcon_core.package_identification:_identify(src/mma_service) by extension 'ros'
[0.227s] DEBUG:colcon.colcon_core.package_identification:Package 'src/mma_service' with type 'ros.ament_python' and name 'mma_service'
[0.227s] Level 1:colcon.colcon_core.package_identification:_identify(src/mma_talker) by extensions ['ignore', 'ignore_ament_install']
[0.227s] Level 1:colcon.colcon_core.package_identification:_identify(src/mma_talker) by extension 'ignore'
[0.228s] Level 1:colcon.colcon_core.package_identification:_identify(src/mma_talker) by extension 'ignore_ament_install'
[0.228s] Level 1:colcon.colcon_core.package_identification:_identify(src/mma_talker) by extensions ['colcon_pkg']
[0.228s] Level 1:colcon.colcon_core.package_identification:_identify(src/mma_talker) by extension 'colcon_pkg'
[0.228s] Level 1:colcon.colcon_core.package_identification:_identify(src/mma_talker) by extensions ['colcon_meta']
[0.228s] Level 1:colcon.colcon_core.package_identification:_identify(src/mma_talker) by extension 'colcon_meta'
[0.228s] Level 1:colcon.colcon_core.package_identification:_identify(src/mma_talker) by extensions ['ros']
[0.228s] Level 1:colcon.colcon_core.package_identification:_identify(src/mma_talker) by extension 'ros'
[0.228s] DEBUG:colcon.colcon_core.package_identification:Package 'src/mma_talker' with type 'ros.ament_python' and name 'mma_talker'
[0.228s] Level 1:colcon.colcon_core.package_identification:_identify(src/moveit2_tutorials) by extensions ['ignore', 'ignore_ament_install']
[0.228s] Level 1:colcon.colcon_core.package_identification:_identify(src/moveit2_tutorials) by extension 'ignore'
[0.228s] Level 1:colcon.colcon_core.package_identification:_identify(src/moveit2_tutorials) by extension 'ignore_ament_install'
[0.228s] Level 1:colcon.colcon_core.package_identification:_identify(src/moveit2_tutorials) by extensions ['colcon_pkg']
[0.228s] Level 1:colcon.colcon_core.package_identification:_identify(src/moveit2_tutorials) by extension 'colcon_pkg'
[0.228s] Level 1:colcon.colcon_core.package_identification:_identify(src/moveit2_tutorials) by extensions ['colcon_meta']
[0.229s] Level 1:colcon.colcon_core.package_identification:_identify(src/moveit2_tutorials) by extension 'colcon_meta'
[0.229s] Level 1:colcon.colcon_core.package_identification:_identify(src/moveit2_tutorials) by extensions ['ros']
[0.229s] Level 1:colcon.colcon_core.package_identification:_identify(src/moveit2_tutorials) by extension 'ros'
[0.232s] DEBUG:colcon.colcon_core.package_identification:Package 'src/moveit2_tutorials' with type 'ros.ament_cmake' and name 'moveit2_tutorials'
[0.232s] Level 1:colcon.colcon_core.package_identification:_identify(src/moveit_resources) by extensions ['ignore', 'ignore_ament_install']
[0.232s] Level 1:colcon.colcon_core.package_identification:_identify(src/moveit_resources) by extension 'ignore'
[0.232s] Level 1:colcon.colcon_core.package_identification:_identify(src/moveit_resources) by extension 'ignore_ament_install'
[0.232s] Level 1:colcon.colcon_core.package_identification:_identify(src/moveit_resources) by extensions ['colcon_pkg']
[0.232s] Level 1:colcon.colcon_core.package_identification:_identify(src/moveit_resources) by extension 'colcon_pkg'
[0.233s] Level 1:colcon.colcon_core.package_identification:_identify(src/moveit_resources) by extensions ['colcon_meta']
[0.233s] Level 1:colcon.colcon_core.package_identification:_identify(src/moveit_resources) by extension 'colcon_meta'
[0.233s] Level 1:colcon.colcon_core.package_identification:_identify(src/moveit_resources) by extensions ['ros']
[0.233s] Level 1:colcon.colcon_core.package_identification:_identify(src/moveit_resources) by extension 'ros'
[0.233s] Level 1:colcon.colcon_core.package_identification:_identify(src/moveit_resources) by extensions ['cmake', 'python']
[0.233s] Level 1:colcon.colcon_core.package_identification:_identify(src/moveit_resources) by extension 'cmake'
[0.233s] Level 1:colcon.colcon_core.package_identification:_identify(src/moveit_resources) by extension 'python'
[0.233s] Level 1:colcon.colcon_core.package_identification:_identify(src/moveit_resources) by extensions ['python_setup_py']
[0.233s] Level 1:colcon.colcon_core.package_identification:_identify(src/moveit_resources) by extension 'python_setup_py'
[0.233s] Level 1:colcon.colcon_core.package_identification:_identify(src/moveit_resources/fanuc_description) by extensions ['ignore', 'ignore_ament_install']
[0.233s] Level 1:colcon.colcon_core.package_identification:_identify(src/moveit_resources/fanuc_description) by extension 'ignore'
[0.233s] Level 1:colcon.colcon_core.package_identification:_identify(src/moveit_resources/fanuc_description) by extension 'ignore_ament_install'
[0.233s] Level 1:colcon.colcon_core.package_identification:_identify(src/moveit_resources/fanuc_description) by extensions ['colcon_pkg']
[0.233s] Level 1:colcon.colcon_core.package_identification:_identify(src/moveit_resources/fanuc_description) by extension 'colcon_pkg'
[0.233s] Level 1:colcon.colcon_core.package_identification:_identify(src/moveit_resources/fanuc_description) by extensions ['colcon_meta']
[0.233s] Level 1:colcon.colcon_core.package_identification:_identify(src/moveit_resources/fanuc_description) by extension 'colcon_meta'
[0.233s] Level 1:colcon.colcon_core.package_identification:_identify(src/moveit_resources/fanuc_description) by extensions ['ros']
[0.233s] Level 1:colcon.colcon_core.package_identification:_identify(src/moveit_resources/fanuc_description) by extension 'ros'
[0.234s] DEBUG:colcon.colcon_core.package_identification:Package 'src/moveit_resources/fanuc_description' with type 'ros.ament_cmake' and name 'moveit_resources_fanuc_description'
[0.234s] Level 1:colcon.colcon_core.package_identification:_identify(src/moveit_resources/fanuc_moveit_config) by extensions ['ignore', 'ignore_ament_install']
[0.234s] Level 1:colcon.colcon_core.package_identification:_identify(src/moveit_resources/fanuc_moveit_config) by extension 'ignore'
[0.234s] Level 1:colcon.colcon_core.package_identification:_identify(src/moveit_resources/fanuc_moveit_config) by extension 'ignore_ament_install'
[0.234s] Level 1:colcon.colcon_core.package_identification:_identify(src/moveit_resources/fanuc_moveit_config) by extensions ['colcon_pkg']
[0.234s] Level 1:colcon.colcon_core.package_identification:_identify(src/moveit_resources/fanuc_moveit_config) by extension 'colcon_pkg'
[0.234s] Level 1:colcon.colcon_core.package_identification:_identify(src/moveit_resources/fanuc_moveit_config) by extensions ['colcon_meta']
[0.234s] Level 1:colcon.colcon_core.package_identification:_identify(src/moveit_resources/fanuc_moveit_config) by extension 'colcon_meta'
[0.234s] Level 1:colcon.colcon_core.package_identification:_identify(src/moveit_resources/fanuc_moveit_config) by extensions ['ros']
[0.234s] Level 1:colcon.colcon_core.package_identification:_identify(src/moveit_resources/fanuc_moveit_config) by extension 'ros'
[0.235s] DEBUG:colcon.colcon_core.package_identification:Package 'src/moveit_resources/fanuc_moveit_config' with type 'ros.ament_cmake' and name 'moveit_resources_fanuc_moveit_config'
[0.235s] Level 1:colcon.colcon_core.package_identification:_identify(src/moveit_resources/moveit_resources) by extensions ['ignore', 'ignore_ament_install']
[0.235s] Level 1:colcon.colcon_core.package_identification:_identify(src/moveit_resources/moveit_resources) by extension 'ignore'
[0.235s] Level 1:colcon.colcon_core.package_identification:_identify(src/moveit_resources/moveit_resources) by extension 'ignore_ament_install'
[0.235s] Level 1:colcon.colcon_core.package_identification:_identify(src/moveit_resources/moveit_resources) by extensions ['colcon_pkg']
[0.235s] Level 1:colcon.colcon_core.package_identification:_identify(src/moveit_resources/moveit_resources) by extension 'colcon_pkg'
[0.236s] Level 1:colcon.colcon_core.package_identification:_identify(src/moveit_resources/moveit_resources) by extensions ['colcon_meta']
[0.236s] Level 1:colcon.colcon_core.package_identification:_identify(src/moveit_resources/moveit_resources) by extension 'colcon_meta'
[0.236s] Level 1:colcon.colcon_core.package_identification:_identify(src/moveit_resources/moveit_resources) by extensions ['ros']
[0.236s] Level 1:colcon.colcon_core.package_identification:_identify(src/moveit_resources/moveit_resources) by extension 'ros'
[0.237s] DEBUG:colcon.colcon_core.package_identification:Package 'src/moveit_resources/moveit_resources' with type 'ros.ament_cmake' and name 'moveit_resources'
[0.237s] Level 1:colcon.colcon_core.package_identification:_identify(src/moveit_resources/panda_description) by extensions ['ignore', 'ignore_ament_install']
[0.237s] Level 1:colcon.colcon_core.package_identification:_identify(src/moveit_resources/panda_description) by extension 'ignore'
[0.237s] Level 1:colcon.colcon_core.package_identification:_identify(src/moveit_resources/panda_description) by extension 'ignore_ament_install'
[0.237s] Level 1:colcon.colcon_core.package_identification:_identify(src/moveit_resources/panda_description) by extensions ['colcon_pkg']
[0.237s] Level 1:colcon.colcon_core.package_identification:_identify(src/moveit_resources/panda_description) by extension 'colcon_pkg'
[0.237s] Level 1:colcon.colcon_core.package_identification:_identify(src/moveit_resources/panda_description) by extensions ['colcon_meta']
[0.237s] Level 1:colcon.colcon_core.package_identification:_identify(src/moveit_resources/panda_description) by extension 'colcon_meta'
[0.237s] Level 1:colcon.colcon_core.package_identification:_identify(src/moveit_resources/panda_description) by extensions ['ros']
[0.237s] Level 1:colcon.colcon_core.package_identification:_identify(src/moveit_resources/panda_description) by extension 'ros'
[0.238s] DEBUG:colcon.colcon_core.package_identification:Package 'src/moveit_resources/panda_description' with type 'ros.ament_cmake' and name 'moveit_resources_panda_description'
[0.238s] Level 1:colcon.colcon_core.package_identification:_identify(src/moveit_resources/panda_moveit_config) by extensions ['ignore', 'ignore_ament_install']
[0.238s] Level 1:colcon.colcon_core.package_identification:_identify(src/moveit_resources/panda_moveit_config) by extension 'ignore'
[0.238s] Level 1:colcon.colcon_core.package_identification:_identify(src/moveit_resources/panda_moveit_config) by extension 'ignore_ament_install'
[0.238s] Level 1:colcon.colcon_core.package_identification:_identify(src/moveit_resources/panda_moveit_config) by extensions ['colcon_pkg']
[0.238s] Level 1:colcon.colcon_core.package_identification:_identify(src/moveit_resources/panda_moveit_config) by extension 'colcon_pkg'
[0.238s] Level 1:colcon.colcon_core.package_identification:_identify(src/moveit_resources/panda_moveit_config) by extensions ['colcon_meta']
[0.238s] Level 1:colcon.colcon_core.package_identification:_identify(src/moveit_resources/panda_moveit_config) by extension 'colcon_meta'
[0.238s] Level 1:colcon.colcon_core.package_identification:_identify(src/moveit_resources/panda_moveit_config) by extensions ['ros']
[0.238s] Level 1:colcon.colcon_core.package_identification:_identify(src/moveit_resources/panda_moveit_config) by extension 'ros'
[0.240s] DEBUG:colcon.colcon_core.package_identification:Package 'src/moveit_resources/panda_moveit_config' with type 'ros.ament_cmake' and name 'moveit_resources_panda_moveit_config'
[0.240s] Level 1:colcon.colcon_core.package_identification:_identify(src/moveit_resources/pr2_description) by extensions ['ignore', 'ignore_ament_install']
[0.241s] Level 1:colcon.colcon_core.package_identification:_identify(src/moveit_resources/pr2_description) by extension 'ignore'
[0.241s] Level 1:colcon.colcon_core.package_identification:_identify(src/moveit_resources/pr2_description) by extension 'ignore_ament_install'
[0.241s] Level 1:colcon.colcon_core.package_identification:_identify(src/moveit_resources/pr2_description) by extensions ['colcon_pkg']
[0.241s] Level 1:colcon.colcon_core.package_identification:_identify(src/moveit_resources/pr2_description) by extension 'colcon_pkg'
[0.241s] Level 1:colcon.colcon_core.package_identification:_identify(src/moveit_resources/pr2_description) by extensions ['colcon_meta']
[0.241s] Level 1:colcon.colcon_core.package_identification:_identify(src/moveit_resources/pr2_description) by extension 'colcon_meta'
[0.241s] Level 1:colcon.colcon_core.package_identification:_identify(src/moveit_resources/pr2_description) by extensions ['ros']
[0.241s] Level 1:colcon.colcon_core.package_identification:_identify(src/moveit_resources/pr2_description) by extension 'ros'
[0.242s] DEBUG:colcon.colcon_core.package_identification:Package 'src/moveit_resources/pr2_description' with type 'ros.ament_cmake' and name 'moveit_resources_pr2_description'
[0.242s] Level 1:colcon.colcon_core.package_identification:_identify(src/moveit_task_constructor) by extensions ['ignore', 'ignore_ament_install']
[0.242s] Level 1:colcon.colcon_core.package_identification:_identify(src/moveit_task_constructor) by extension 'ignore'
[0.242s] Level 1:colcon.colcon_core.package_identification:_identify(src/moveit_task_constructor) by extension 'ignore_ament_install'
[0.242s] Level 1:colcon.colcon_core.package_identification:_identify(src/moveit_task_constructor) by extensions ['colcon_pkg']
[0.242s] Level 1:colcon.colcon_core.package_identification:_identify(src/moveit_task_constructor) by extension 'colcon_pkg'
[0.242s] Level 1:colcon.colcon_core.package_identification:_identify(src/moveit_task_constructor) by extensions ['colcon_meta']
[0.242s] Level 1:colcon.colcon_core.package_identification:_identify(src/moveit_task_constructor) by extension 'colcon_meta'
[0.242s] Level 1:colcon.colcon_core.package_identification:_identify(src/moveit_task_constructor) by extensions ['ros']
[0.242s] Level 1:colcon.colcon_core.package_identification:_identify(src/moveit_task_constructor) by extension 'ros'
[0.242s] Level 1:colcon.colcon_core.package_identification:_identify(src/moveit_task_constructor) by extensions ['cmake', 'python']
[0.242s] Level 1:colcon.colcon_core.package_identification:_identify(src/moveit_task_constructor) by extension 'cmake'
[0.242s] Level 1:colcon.colcon_core.package_identification:_identify(src/moveit_task_constructor) by extension 'python'
[0.242s] Level 1:colcon.colcon_core.package_identification:_identify(src/moveit_task_constructor) by extensions ['python_setup_py']
[0.242s] Level 1:colcon.colcon_core.package_identification:_identify(src/moveit_task_constructor) by extension 'python_setup_py'
[0.242s] Level 1:colcon.colcon_core.package_identification:_identify(src/moveit_task_constructor/capabilities) by extensions ['ignore', 'ignore_ament_install']
[0.242s] Level 1:colcon.colcon_core.package_identification:_identify(src/moveit_task_constructor/capabilities) by extension 'ignore'
[0.242s] Level 1:colcon.colcon_core.package_identification:_identify(src/moveit_task_constructor/capabilities) by extension 'ignore_ament_install'
[0.243s] Level 1:colcon.colcon_core.package_identification:_identify(src/moveit_task_constructor/capabilities) by extensions ['colcon_pkg']
[0.243s] Level 1:colcon.colcon_core.package_identification:_identify(src/moveit_task_constructor/capabilities) by extension 'colcon_pkg'
[0.243s] Level 1:colcon.colcon_core.package_identification:_identify(src/moveit_task_constructor/capabilities) by extensions ['colcon_meta']
[0.243s] Level 1:colcon.colcon_core.package_identification:_identify(src/moveit_task_constructor/capabilities) by extension 'colcon_meta'
[0.243s] Level 1:colcon.colcon_core.package_identification:_identify(src/moveit_task_constructor/capabilities) by extensions ['ros']
[0.243s] Level 1:colcon.colcon_core.package_identification:_identify(src/moveit_task_constructor/capabilities) by extension 'ros'
[0.245s] DEBUG:colcon.colcon_core.package_identification:Package 'src/moveit_task_constructor/capabilities' with type 'ros.ament_cmake' and name 'moveit_task_constructor_capabilities'
[0.245s] Level 1:colcon.colcon_core.package_identification:_identify(src/moveit_task_constructor/core) by extensions ['ignore', 'ignore_ament_install']
[0.245s] Level 1:colcon.colcon_core.package_identification:_identify(src/moveit_task_constructor/core) by extension 'ignore'
[0.245s] Level 1:colcon.colcon_core.package_identification:_identify(src/moveit_task_constructor/core) by extension 'ignore_ament_install'
[0.245s] Level 1:colcon.colcon_core.package_identification:_identify(src/moveit_task_constructor/core) by extensions ['colcon_pkg']
[0.245s] Level 1:colcon.colcon_core.package_identification:_identify(src/moveit_task_constructor/core) by extension 'colcon_pkg'
[0.245s] Level 1:colcon.colcon_core.package_identification:_identify(src/moveit_task_constructor/core) by extensions ['colcon_meta']
[0.245s] Level 1:colcon.colcon_core.package_identification:_identify(src/moveit_task_constructor/core) by extension 'colcon_meta'
[0.245s] Level 1:colcon.colcon_core.package_identification:_identify(src/moveit_task_constructor/core) by extensions ['ros']
[0.245s] Level 1:colcon.colcon_core.package_identification:_identify(src/moveit_task_constructor/core) by extension 'ros'
[0.247s] DEBUG:colcon.colcon_core.package_identification:Package 'src/moveit_task_constructor/core' with type 'ros.ament_cmake' and name 'moveit_task_constructor_core'
[0.247s] Level 1:colcon.colcon_core.package_identification:_identify(src/moveit_task_constructor/demo) by extensions ['ignore', 'ignore_ament_install']
[0.247s] Level 1:colcon.colcon_core.package_identification:_identify(src/moveit_task_constructor/demo) by extension 'ignore'
[0.247s] Level 1:colcon.colcon_core.package_identification:_identify(src/moveit_task_constructor/demo) by extension 'ignore_ament_install'
[0.247s] Level 1:colcon.colcon_core.package_identification:_identify(src/moveit_task_constructor/demo) by extensions ['colcon_pkg']
[0.247s] Level 1:colcon.colcon_core.package_identification:_identify(src/moveit_task_constructor/demo) by extension 'colcon_pkg'
[0.247s] Level 1:colcon.colcon_core.package_identification:_identify(src/moveit_task_constructor/demo) by extensions ['colcon_meta']
[0.247s] Level 1:colcon.colcon_core.package_identification:_identify(src/moveit_task_constructor/demo) by extension 'colcon_meta'
[0.247s] Level 1:colcon.colcon_core.package_identification:_identify(src/moveit_task_constructor/demo) by extensions ['ros']
[0.247s] Level 1:colcon.colcon_core.package_identification:_identify(src/moveit_task_constructor/demo) by extension 'ros'
[0.248s] DEBUG:colcon.colcon_core.package_identification:Package 'src/moveit_task_constructor/demo' with type 'ros.ament_cmake' and name 'moveit_task_constructor_demo'
[0.249s] Level 1:colcon.colcon_core.package_identification:_identify(src/moveit_task_constructor/msgs) by extensions ['ignore', 'ignore_ament_install']
[0.249s] Level 1:colcon.colcon_core.package_identification:_identify(src/moveit_task_constructor/msgs) by extension 'ignore'
[0.249s] Level 1:colcon.colcon_core.package_identification:_identify(src/moveit_task_constructor/msgs) by extension 'ignore_ament_install'
[0.249s] Level 1:colcon.colcon_core.package_identification:_identify(src/moveit_task_constructor/msgs) by extensions ['colcon_pkg']
[0.249s] Level 1:colcon.colcon_core.package_identification:_identify(src/moveit_task_constructor/msgs) by extension 'colcon_pkg'
[0.249s] Level 1:colcon.colcon_core.package_identification:_identify(src/moveit_task_constructor/msgs) by extensions ['colcon_meta']
[0.249s] Level 1:colcon.colcon_core.package_identification:_identify(src/moveit_task_constructor/msgs) by extension 'colcon_meta'
[0.249s] Level 1:colcon.colcon_core.package_identification:_identify(src/moveit_task_constructor/msgs) by extensions ['ros']
[0.249s] Level 1:colcon.colcon_core.package_identification:_identify(src/moveit_task_constructor/msgs) by extension 'ros'
[0.250s] DEBUG:colcon.colcon_core.package_identification:Package 'src/moveit_task_constructor/msgs' with type 'ros.ament_cmake' and name 'moveit_task_constructor_msgs'
[0.250s] Level 1:colcon.colcon_core.package_identification:_identify(src/moveit_task_constructor/rviz_marker_tools) by extensions ['ignore', 'ignore_ament_install']
[0.250s] Level 1:colcon.colcon_core.package_identification:_identify(src/moveit_task_constructor/rviz_marker_tools) by extension 'ignore'
[0.250s] Level 1:colcon.colcon_core.package_identification:_identify(src/moveit_task_constructor/rviz_marker_tools) by extension 'ignore_ament_install'
[0.250s] Level 1:colcon.colcon_core.package_identification:_identify(src/moveit_task_constructor/rviz_marker_tools) by extensions ['colcon_pkg']
[0.250s] Level 1:colcon.colcon_core.package_identification:_identify(src/moveit_task_constructor/rviz_marker_tools) by extension 'colcon_pkg'
[0.250s] Level 1:colcon.colcon_core.package_identification:_identify(src/moveit_task_constructor/rviz_marker_tools) by extensions ['colcon_meta']
[0.250s] Level 1:colcon.colcon_core.package_identification:_identify(src/moveit_task_constructor/rviz_marker_tools) by extension 'colcon_meta'
[0.250s] Level 1:colcon.colcon_core.package_identification:_identify(src/moveit_task_constructor/rviz_marker_tools) by extensions ['ros']
[0.250s] Level 1:colcon.colcon_core.package_identification:_identify(src/moveit_task_constructor/rviz_marker_tools) by extension 'ros'
[0.251s] DEBUG:colcon.colcon_core.package_identification:Package 'src/moveit_task_constructor/rviz_marker_tools' with type 'ros.ament_cmake' and name 'rviz_marker_tools'
[0.251s] Level 1:colcon.colcon_core.package_identification:_identify(src/moveit_task_constructor/visualization) by extensions ['ignore', 'ignore_ament_install']
[0.251s] Level 1:colcon.colcon_core.package_identification:_identify(src/moveit_task_constructor/visualization) by extension 'ignore'
[0.251s] Level 1:colcon.colcon_core.package_identification:_identify(src/moveit_task_constructor/visualization) by extension 'ignore_ament_install'
[0.251s] Level 1:colcon.colcon_core.package_identification:_identify(src/moveit_task_constructor/visualization) by extensions ['colcon_pkg']
[0.251s] Level 1:colcon.colcon_core.package_identification:_identify(src/moveit_task_constructor/visualization) by extension 'colcon_pkg'
[0.251s] Level 1:colcon.colcon_core.package_identification:_identify(src/moveit_task_constructor/visualization) by extensions ['colcon_meta']
[0.251s] Level 1:colcon.colcon_core.package_identification:_identify(src/moveit_task_constructor/visualization) by extension 'colcon_meta'
[0.251s] Level 1:colcon.colcon_core.package_identification:_identify(src/moveit_task_constructor/visualization) by extensions ['ros']
[0.251s] Level 1:colcon.colcon_core.package_identification:_identify(src/moveit_task_constructor/visualization) by extension 'ros'
[0.252s] DEBUG:colcon.colcon_core.package_identification:Package 'src/moveit_task_constructor/visualization' with type 'ros.ament_cmake' and name 'moveit_task_constructor_visualization'
[0.252s] Level 1:colcon.colcon_core.package_identification:_identify(src/my_package) by extensions ['ignore', 'ignore_ament_install']
[0.252s] Level 1:colcon.colcon_core.package_identification:_identify(src/my_package) by extension 'ignore'
[0.252s] Level 1:colcon.colcon_core.package_identification:_identify(src/my_package) by extension 'ignore_ament_install'
[0.252s] Level 1:colcon.colcon_core.package_identification:_identify(src/my_package) by extensions ['colcon_pkg']
[0.252s] Level 1:colcon.colcon_core.package_identification:_identify(src/my_package) by extension 'colcon_pkg'
[0.252s] Level 1:colcon.colcon_core.package_identification:_identify(src/my_package) by extensions ['colcon_meta']
[0.252s] Level 1:colcon.colcon_core.package_identification:_identify(src/my_package) by extension 'colcon_meta'
[0.252s] Level 1:colcon.colcon_core.package_identification:_identify(src/my_package) by extensions ['ros']
[0.252s] Level 1:colcon.colcon_core.package_identification:_identify(src/my_package) by extension 'ros'
[0.252s] DEBUG:colcon.colcon_core.package_identification:Package 'src/my_package' with type 'ros.ament_python' and name 'my_package'
[0.252s] Level 1:colcon.colcon_core.package_identification:_identify(src/my_stage_mover) by extensions ['ignore', 'ignore_ament_install']
[0.252s] Level 1:colcon.colcon_core.package_identification:_identify(src/my_stage_mover) by extension 'ignore'
[0.252s] Level 1:colcon.colcon_core.package_identification:_identify(src/my_stage_mover) by extension 'ignore_ament_install'
[0.252s] Level 1:colcon.colcon_core.package_identification:_identify(src/my_stage_mover) by extensions ['colcon_pkg']
[0.252s] Level 1:colcon.colcon_core.package_identification:_identify(src/my_stage_mover) by extension 'colcon_pkg'
[0.252s] Level 1:colcon.colcon_core.package_identification:_identify(src/my_stage_mover) by extensions ['colcon_meta']
[0.252s] Level 1:colcon.colcon_core.package_identification:_identify(src/my_stage_mover) by extension 'colcon_meta'
[0.252s] Level 1:colcon.colcon_core.package_identification:_identify(src/my_stage_mover) by extensions ['ros']
[0.253s] Level 1:colcon.colcon_core.package_identification:_identify(src/my_stage_mover) by extension 'ros'
[0.253s] DEBUG:colcon.colcon_core.package_identification:Package 'src/my_stage_mover' with type 'ros.ament_python' and name 'my_stage_mover'
[0.253s] Level 1:colcon.colcon_core.package_identification:_identify(src/navigation_tb3) by extensions ['ignore', 'ignore_ament_install']
[0.253s] Level 1:colcon.colcon_core.package_identification:_identify(src/navigation_tb3) by extension 'ignore'
[0.253s] Level 1:colcon.colcon_core.package_identification:_identify(src/navigation_tb3) by extension 'ignore_ament_install'
[0.253s] Level 1:colcon.colcon_core.package_identification:_identify(src/navigation_tb3) by extensions ['colcon_pkg']
[0.253s] Level 1:colcon.colcon_core.package_identification:_identify(src/navigation_tb3) by extension 'colcon_pkg'
[0.253s] Level 1:colcon.colcon_core.package_identification:_identify(src/navigation_tb3) by extensions ['colcon_meta']
[0.253s] Level 1:colcon.colcon_core.package_identification:_identify(src/navigation_tb3) by extension 'colcon_meta'
[0.253s] Level 1:colcon.colcon_core.package_identification:_identify(src/navigation_tb3) by extensions ['ros']
[0.253s] Level 1:colcon.colcon_core.package_identification:_identify(src/navigation_tb3) by extension 'ros'
[0.254s] DEBUG:colcon.colcon_core.package_identification:Package 'src/navigation_tb3' with type 'ros.ament_cmake' and name 'navigation_tb3'
[0.254s] Level 1:colcon.colcon_core.package_identification:_identify(src/nodo_adc_sub) by extensions ['ignore', 'ignore_ament_install']
[0.254s] Level 1:colcon.colcon_core.package_identification:_identify(src/nodo_adc_sub) by extension 'ignore'
[0.254s] Level 1:colcon.colcon_core.package_identification:_identify(src/nodo_adc_sub) by extension 'ignore_ament_install'
[0.254s] Level 1:colcon.colcon_core.package_identification:_identify(src/nodo_adc_sub) by extensions ['colcon_pkg']
[0.254s] Level 1:colcon.colcon_core.package_identification:_identify(src/nodo_adc_sub) by extension 'colcon_pkg'
[0.254s] Level 1:colcon.colcon_core.package_identification:_identify(src/nodo_adc_sub) by extensions ['colcon_meta']
[0.254s] Level 1:colcon.colcon_core.package_identification:_identify(src/nodo_adc_sub) by extension 'colcon_meta'
[0.254s] Level 1:colcon.colcon_core.package_identification:_identify(src/nodo_adc_sub) by extensions ['ros']
[0.254s] Level 1:colcon.colcon_core.package_identification:_identify(src/nodo_adc_sub) by extension 'ros'
[0.254s] DEBUG:colcon.colcon_core.package_identification:Package 'src/nodo_adc_sub' with type 'ros.ament_python' and name 'nodo_adc_sub'
[0.254s] Level 1:colcon.colcon_core.package_identification:_identify(src/p1_ej2_interface) by extensions ['ignore', 'ignore_ament_install']
[0.254s] Level 1:colcon.colcon_core.package_identification:_identify(src/p1_ej2_interface) by extension 'ignore'
[0.254s] Level 1:colcon.colcon_core.package_identification:_identify(src/p1_ej2_interface) by extension 'ignore_ament_install'
[0.254s] Level 1:colcon.colcon_core.package_identification:_identify(src/p1_ej2_interface) by extensions ['colcon_pkg']
[0.254s] Level 1:colcon.colcon_core.package_identification:_identify(src/p1_ej2_interface) by extension 'colcon_pkg'
[0.254s] Level 1:colcon.colcon_core.package_identification:_identify(src/p1_ej2_interface) by extensions ['colcon_meta']
[0.254s] Level 1:colcon.colcon_core.package_identification:_identify(src/p1_ej2_interface) by extension 'colcon_meta'
[0.255s] Level 1:colcon.colcon_core.package_identification:_identify(src/p1_ej2_interface) by extensions ['ros']
[0.255s] Level 1:colcon.colcon_core.package_identification:_identify(src/p1_ej2_interface) by extension 'ros'
[0.255s] DEBUG:colcon.colcon_core.package_identification:Package 'src/p1_ej2_interface' with type 'ros.ament_cmake' and name 'p1_ej2_interface'
[0.255s] Level 1:colcon.colcon_core.package_identification:_identify(src/p1_ej2_nodo4) by extensions ['ignore', 'ignore_ament_install']
[0.255s] Level 1:colcon.colcon_core.package_identification:_identify(src/p1_ej2_nodo4) by extension 'ignore'
[0.255s] Level 1:colcon.colcon_core.package_identification:_identify(src/p1_ej2_nodo4) by extension 'ignore_ament_install'
[0.255s] Level 1:colcon.colcon_core.package_identification:_identify(src/p1_ej2_nodo4) by extensions ['colcon_pkg']
[0.255s] Level 1:colcon.colcon_core.package_identification:_identify(src/p1_ej2_nodo4) by extension 'colcon_pkg'
[0.255s] Level 1:colcon.colcon_core.package_identification:_identify(src/p1_ej2_nodo4) by extensions ['colcon_meta']
[0.255s] Level 1:colcon.colcon_core.package_identification:_identify(src/p1_ej2_nodo4) by extension 'colcon_meta'
[0.255s] Level 1:colcon.colcon_core.package_identification:_identify(src/p1_ej2_nodo4) by extensions ['ros']
[0.255s] Level 1:colcon.colcon_core.package_identification:_identify(src/p1_ej2_nodo4) by extension 'ros'
[0.255s] DEBUG:colcon.colcon_core.package_identification:Package 'src/p1_ej2_nodo4' with type 'ros.ament_python' and name 'p1_ej2_nodo4'
[0.256s] Level 1:colcon.colcon_core.package_identification:_identify(src/p1_ej2_nodo5) by extensions ['ignore', 'ignore_ament_install']
[0.256s] Level 1:colcon.colcon_core.package_identification:_identify(src/p1_ej2_nodo5) by extension 'ignore'
[0.256s] Level 1:colcon.colcon_core.package_identification:_identify(src/p1_ej2_nodo5) by extension 'ignore_ament_install'
[0.256s] Level 1:colcon.colcon_core.package_identification:_identify(src/p1_ej2_nodo5) by extensions ['colcon_pkg']
[0.256s] Level 1:colcon.colcon_core.package_identification:_identify(src/p1_ej2_nodo5) by extension 'colcon_pkg'
[0.256s] Level 1:colcon.colcon_core.package_identification:_identify(src/p1_ej2_nodo5) by extensions ['colcon_meta']
[0.256s] Level 1:colcon.colcon_core.package_identification:_identify(src/p1_ej2_nodo5) by extension 'colcon_meta'
[0.256s] Level 1:colcon.colcon_core.package_identification:_identify(src/p1_ej2_nodo5) by extensions ['ros']
[0.256s] Level 1:colcon.colcon_core.package_identification:_identify(src/p1_ej2_nodo5) by extension 'ros'
[0.257s] DEBUG:colcon.colcon_core.package_identification:Package 'src/p1_ej2_nodo5' with type 'ros.ament_python' and name 'p1_ej2_nodo5'
[0.257s] Level 1:colcon.colcon_core.package_identification:_identify(src/p1_ej2_nodos_sensor) by extensions ['ignore', 'ignore_ament_install']
[0.257s] Level 1:colcon.colcon_core.package_identification:_identify(src/p1_ej2_nodos_sensor) by extension 'ignore'
[0.257s] Level 1:colcon.colcon_core.package_identification:_identify(src/p1_ej2_nodos_sensor) by extension 'ignore_ament_install'
[0.257s] Level 1:colcon.colcon_core.package_identification:_identify(src/p1_ej2_nodos_sensor) by extensions ['colcon_pkg']
[0.257s] Level 1:colcon.colcon_core.package_identification:_identify(src/p1_ej2_nodos_sensor) by extension 'colcon_pkg'
[0.257s] Level 1:colcon.colcon_core.package_identification:_identify(src/p1_ej2_nodos_sensor) by extensions ['colcon_meta']
[0.257s] Level 1:colcon.colcon_core.package_identification:_identify(src/p1_ej2_nodos_sensor) by extension 'colcon_meta'
[0.257s] Level 1:colcon.colcon_core.package_identification:_identify(src/p1_ej2_nodos_sensor) by extensions ['ros']
[0.257s] Level 1:colcon.colcon_core.package_identification:_identify(src/p1_ej2_nodos_sensor) by extension 'ros'
[0.257s] DEBUG:colcon.colcon_core.package_identification:Package 'src/p1_ej2_nodos_sensor' with type 'ros.ament_python' and name 'p1_ej2_nodos_sensor'
[0.257s] Level 1:colcon.colcon_core.package_identification:_identify(src/p1_ej3_cliente) by extensions ['ignore', 'ignore_ament_install']
[0.257s] Level 1:colcon.colcon_core.package_identification:_identify(src/p1_ej3_cliente) by extension 'ignore'
[0.257s] Level 1:colcon.colcon_core.package_identification:_identify(src/p1_ej3_cliente) by extension 'ignore_ament_install'
[0.257s] Level 1:colcon.colcon_core.package_identification:_identify(src/p1_ej3_cliente) by extensions ['colcon_pkg']
[0.257s] Level 1:colcon.colcon_core.package_identification:_identify(src/p1_ej3_cliente) by extension 'colcon_pkg'
[0.258s] Level 1:colcon.colcon_core.package_identification:_identify(src/p1_ej3_cliente) by extensions ['colcon_meta']
[0.258s] Level 1:colcon.colcon_core.package_identification:_identify(src/p1_ej3_cliente) by extension 'colcon_meta'
[0.258s] Level 1:colcon.colcon_core.package_identification:_identify(src/p1_ej3_cliente) by extensions ['ros']
[0.258s] Level 1:colcon.colcon_core.package_identification:_identify(src/p1_ej3_cliente) by extension 'ros'
[0.258s] DEBUG:colcon.colcon_core.package_identification:Package 'src/p1_ej3_cliente' with type 'ros.ament_python' and name 'p1_ej3_cliente'
[0.258s] Level 1:colcon.colcon_core.package_identification:_identify(src/p1_ej3_interface) by extensions ['ignore', 'ignore_ament_install']
[0.258s] Level 1:colcon.colcon_core.package_identification:_identify(src/p1_ej3_interface) by extension 'ignore'
[0.258s] Level 1:colcon.colcon_core.package_identification:_identify(src/p1_ej3_interface) by extension 'ignore_ament_install'
[0.258s] Level 1:colcon.colcon_core.package_identification:_identify(src/p1_ej3_interface) by extensions ['colcon_pkg']
[0.258s] Level 1:colcon.colcon_core.package_identification:_identify(src/p1_ej3_interface) by extension 'colcon_pkg'
[0.258s] Level 1:colcon.colcon_core.package_identification:_identify(src/p1_ej3_interface) by extensions ['colcon_meta']
[0.258s] Level 1:colcon.colcon_core.package_identification:_identify(src/p1_ej3_interface) by extension 'colcon_meta'
[0.258s] Level 1:colcon.colcon_core.package_identification:_identify(src/p1_ej3_interface) by extensions ['ros']
[0.258s] Level 1:colcon.colcon_core.package_identification:_identify(src/p1_ej3_interface) by extension 'ros'
[0.258s] DEBUG:colcon.colcon_core.package_identification:Package 'src/p1_ej3_interface' with type 'ros.ament_cmake' and name 'p1_ej3_interface'
[0.259s] Level 1:colcon.colcon_core.package_identification:_identify(src/p1_ej3_servidor) by extensions ['ignore', 'ignore_ament_install']
[0.259s] Level 1:colcon.colcon_core.package_identification:_identify(src/p1_ej3_servidor) by extension 'ignore'
[0.259s] Level 1:colcon.colcon_core.package_identification:_identify(src/p1_ej3_servidor) by extension 'ignore_ament_install'
[0.259s] Level 1:colcon.colcon_core.package_identification:_identify(src/p1_ej3_servidor) by extensions ['colcon_pkg']
[0.259s] Level 1:colcon.colcon_core.package_identification:_identify(src/p1_ej3_servidor) by extension 'colcon_pkg'
[0.259s] Level 1:colcon.colcon_core.package_identification:_identify(src/p1_ej3_servidor) by extensions ['colcon_meta']
[0.259s] Level 1:colcon.colcon_core.package_identification:_identify(src/p1_ej3_servidor) by extension 'colcon_meta'
[0.259s] Level 1:colcon.colcon_core.package_identification:_identify(src/p1_ej3_servidor) by extensions ['ros']
[0.259s] Level 1:colcon.colcon_core.package_identification:_identify(src/p1_ej3_servidor) by extension 'ros'
[0.259s] DEBUG:colcon.colcon_core.package_identification:Package 'src/p1_ej3_servidor' with type 'ros.ament_python' and name 'p1_ej3_servidor'
[0.259s] Level 1:colcon.colcon_core.package_identification:_identify(src/p2_ej2) by extensions ['ignore', 'ignore_ament_install']
[0.259s] Level 1:colcon.colcon_core.package_identification:_identify(src/p2_ej2) by extension 'ignore'
[0.259s] Level 1:colcon.colcon_core.package_identification:_identify(src/p2_ej2) by extension 'ignore_ament_install'
[0.259s] Level 1:colcon.colcon_core.package_identification:_identify(src/p2_ej2) by extensions ['colcon_pkg']
[0.259s] Level 1:colcon.colcon_core.package_identification:_identify(src/p2_ej2) by extension 'colcon_pkg'
[0.259s] Level 1:colcon.colcon_core.package_identification:_identify(src/p2_ej2) by extensions ['colcon_meta']
[0.259s] Level 1:colcon.colcon_core.package_identification:_identify(src/p2_ej2) by extension 'colcon_meta'
[0.259s] Level 1:colcon.colcon_core.package_identification:_identify(src/p2_ej2) by extensions ['ros']
[0.259s] Level 1:colcon.colcon_core.package_identification:_identify(src/p2_ej2) by extension 'ros'
[0.260s] DEBUG:colcon.colcon_core.package_identification:Package 'src/p2_ej2' with type 'ros.ament_cmake' and name 'p2_ej2'
[0.260s] Level 1:colcon.colcon_core.package_identification:_identify(src/p2_ej3) by extensions ['ignore', 'ignore_ament_install']
[0.260s] Level 1:colcon.colcon_core.package_identification:_identify(src/p2_ej3) by extension 'ignore'
[0.260s] Level 1:colcon.colcon_core.package_identification:_identify(src/p2_ej3) by extension 'ignore_ament_install'
[0.260s] Level 1:colcon.colcon_core.package_identification:_identify(src/p2_ej3) by extensions ['colcon_pkg']
[0.260s] Level 1:colcon.colcon_core.package_identification:_identify(src/p2_ej3) by extension 'colcon_pkg'
[0.260s] Level 1:colcon.colcon_core.package_identification:_identify(src/p2_ej3) by extensions ['colcon_meta']
[0.260s] Level 1:colcon.colcon_core.package_identification:_identify(src/p2_ej3) by extension 'colcon_meta'
[0.260s] Level 1:colcon.colcon_core.package_identification:_identify(src/p2_ej3) by extensions ['ros']
[0.260s] Level 1:colcon.colcon_core.package_identification:_identify(src/p2_ej3) by extension 'ros'
[0.260s] DEBUG:colcon.colcon_core.package_identification:Package 'src/p2_ej3' with type 'ros.ament_python' and name 'p2_ej3'
[0.261s] Level 1:colcon.colcon_core.package_identification:_identify(src/robot_autonomo) by extensions ['ignore', 'ignore_ament_install']
[0.261s] Level 1:colcon.colcon_core.package_identification:_identify(src/robot_autonomo) by extension 'ignore'
[0.261s] Level 1:colcon.colcon_core.package_identification:_identify(src/robot_autonomo) by extension 'ignore_ament_install'
[0.261s] Level 1:colcon.colcon_core.package_identification:_identify(src/robot_autonomo) by extensions ['colcon_pkg']
[0.261s] Level 1:colcon.colcon_core.package_identification:_identify(src/robot_autonomo) by extension 'colcon_pkg'
[0.261s] Level 1:colcon.colcon_core.package_identification:_identify(src/robot_autonomo) by extensions ['colcon_meta']
[0.261s] Level 1:colcon.colcon_core.package_identification:_identify(src/robot_autonomo) by extension 'colcon_meta'
[0.261s] Level 1:colcon.colcon_core.package_identification:_identify(src/robot_autonomo) by extensions ['ros']
[0.261s] Level 1:colcon.colcon_core.package_identification:_identify(src/robot_autonomo) by extension 'ros'
[0.261s] DEBUG:colcon.colcon_core.package_identification:Package 'src/robot_autonomo' with type 'ros.ament_python' and name 'robot_autonomo'
[0.261s] Level 1:colcon.colcon_core.package_identification:_identify(src/robot_description) by extensions ['ignore', 'ignore_ament_install']
[0.261s] Level 1:colcon.colcon_core.package_identification:_identify(src/robot_description) by extension 'ignore'
[0.261s] Level 1:colcon.colcon_core.package_identification:_identify(src/robot_description) by extension 'ignore_ament_install'
[0.261s] Level 1:colcon.colcon_core.package_identification:_identify(src/robot_description) by extensions ['colcon_pkg']
[0.261s] Level 1:colcon.colcon_core.package_identification:_identify(src/robot_description) by extension 'colcon_pkg'
[0.261s] Level 1:colcon.colcon_core.package_identification:_identify(src/robot_description) by extensions ['colcon_meta']
[0.261s] Level 1:colcon.colcon_core.package_identification:_identify(src/robot_description) by extension 'colcon_meta'
[0.262s] Level 1:colcon.colcon_core.package_identification:_identify(src/robot_description) by extensions ['ros']
[0.262s] Level 1:colcon.colcon_core.package_identification:_identify(src/robot_description) by extension 'ros'
[0.262s] DEBUG:colcon.colcon_core.package_identification:Package 'src/robot_description' with type 'ros.ament_cmake' and name 'robot_description'
[0.262s] Level 1:colcon.colcon_core.package_identification:_identify(src/robot_nav) by extensions ['ignore', 'ignore_ament_install']
[0.262s] Level 1:colcon.colcon_core.package_identification:_identify(src/robot_nav) by extension 'ignore'
[0.262s] Level 1:colcon.colcon_core.package_identification:_identify(src/robot_nav) by extension 'ignore_ament_install'
[0.262s] Level 1:colcon.colcon_core.package_identification:_identify(src/robot_nav) by extensions ['colcon_pkg']
[0.262s] Level 1:colcon.colcon_core.package_identification:_identify(src/robot_nav) by extension 'colcon_pkg'
[0.262s] Level 1:colcon.colcon_core.package_identification:_identify(src/robot_nav) by extensions ['colcon_meta']
[0.262s] Level 1:colcon.colcon_core.package_identification:_identify(src/robot_nav) by extension 'colcon_meta'
[0.262s] Level 1:colcon.colcon_core.package_identification:_identify(src/robot_nav) by extensions ['ros']
[0.262s] Level 1:colcon.colcon_core.package_identification:_identify(src/robot_nav) by extension 'ros'
[0.262s] DEBUG:colcon.colcon_core.package_identification:Package 'src/robot_nav' with type 'ros.ament_python' and name 'robot_nav'
[0.263s] Level 1:colcon.colcon_core.package_identification:_identify(src/stage_ros2) by extensions ['ignore', 'ignore_ament_install']
[0.263s] Level 1:colcon.colcon_core.package_identification:_identify(src/stage_ros2) by extension 'ignore'
[0.263s] Level 1:colcon.colcon_core.package_identification:_identify(src/stage_ros2) by extension 'ignore_ament_install'
[0.263s] Level 1:colcon.colcon_core.package_identification:_identify(src/stage_ros2) by extensions ['colcon_pkg']
[0.263s] Level 1:colcon.colcon_core.package_identification:_identify(src/stage_ros2) by extension 'colcon_pkg'
[0.263s] Level 1:colcon.colcon_core.package_identification:_identify(src/stage_ros2) by extensions ['colcon_meta']
[0.263s] Level 1:colcon.colcon_core.package_identification:_identify(src/stage_ros2) by extension 'colcon_meta'
[0.263s] Level 1:colcon.colcon_core.package_identification:_identify(src/stage_ros2) by extensions ['ros']
[0.263s] Level 1:colcon.colcon_core.package_identification:_identify(src/stage_ros2) by extension 'ros'
[0.263s] DEBUG:colcon.colcon_core.package_identification:Package 'src/stage_ros2' with type 'ros.ament_cmake' and name 'stage_ros2'
[0.263s] Level 1:colcon.colcon_core.package_identification:_identify(src/stage_worlds) by extensions ['ignore', 'ignore_ament_install']
[0.263s] Level 1:colcon.colcon_core.package_identification:_identify(src/stage_worlds) by extension 'ignore'
[0.263s] Level 1:colcon.colcon_core.package_identification:_identify(src/stage_worlds) by extension 'ignore_ament_install'
[0.263s] Level 1:colcon.colcon_core.package_identification:_identify(src/stage_worlds) by extensions ['colcon_pkg']
[0.263s] Level 1:colcon.colcon_core.package_identification:_identify(src/stage_worlds) by extension 'colcon_pkg'
[0.263s] Level 1:colcon.colcon_core.package_identification:_identify(src/stage_worlds) by extensions ['colcon_meta']
[0.263s] Level 1:colcon.colcon_core.package_identification:_identify(src/stage_worlds) by extension 'colcon_meta'
[0.263s] Level 1:colcon.colcon_core.package_identification:_identify(src/stage_worlds) by extensions ['ros']
[0.263s] Level 1:colcon.colcon_core.package_identification:_identify(src/stage_worlds) by extension 'ros'
[0.264s] DEBUG:colcon.colcon_core.package_identification:Package 'src/stage_worlds' with type 'ros.ament_cmake' and name 'stage_worlds'
[0.264s] Level 1:colcon.colcon_core.package_identification:_identify(src/trr_robot) by extensions ['ignore', 'ignore_ament_install']
[0.264s] Level 1:colcon.colcon_core.package_identification:_identify(src/trr_robot) by extension 'ignore'
[0.264s] Level 1:colcon.colcon_core.package_identification:_identify(src/trr_robot) by extension 'ignore_ament_install'
[0.264s] Level 1:colcon.colcon_core.package_identification:_identify(src/trr_robot) by extensions ['colcon_pkg']
[0.264s] Level 1:colcon.colcon_core.package_identification:_identify(src/trr_robot) by extension 'colcon_pkg'
[0.264s] Level 1:colcon.colcon_core.package_identification:_identify(src/trr_robot) by extensions ['colcon_meta']
[0.264s] Level 1:colcon.colcon_core.package_identification:_identify(src/trr_robot) by extension 'colcon_meta'
[0.264s] Level 1:colcon.colcon_core.package_identification:_identify(src/trr_robot) by extensions ['ros']
[0.264s] Level 1:colcon.colcon_core.package_identification:_identify(src/trr_robot) by extension 'ros'
[0.264s] DEBUG:colcon.colcon_core.package_identification:Package 'src/trr_robot' with type 'ros.ament_cmake' and name 'trr_robot'
[0.264s] Level 1:colcon.colcon_core.package_identification:_identify(src/trr_robot_ps) by extensions ['ignore', 'ignore_ament_install']
[0.264s] Level 1:colcon.colcon_core.package_identification:_identify(src/trr_robot_ps) by extension 'ignore'
[0.264s] Level 1:colcon.colcon_core.package_identification:_identify(src/trr_robot_ps) by extension 'ignore_ament_install'
[0.264s] Level 1:colcon.colcon_core.package_identification:_identify(src/trr_robot_ps) by extensions ['colcon_pkg']
[0.264s] Level 1:colcon.colcon_core.package_identification:_identify(src/trr_robot_ps) by extension 'colcon_pkg'
[0.265s] Level 1:colcon.colcon_core.package_identification:_identify(src/trr_robot_ps) by extensions ['colcon_meta']
[0.265s] Level 1:colcon.colcon_core.package_identification:_identify(src/trr_robot_ps) by extension 'colcon_meta'
[0.265s] Level 1:colcon.colcon_core.package_identification:_identify(src/trr_robot_ps) by extensions ['ros']
[0.265s] Level 1:colcon.colcon_core.package_identification:_identify(src/trr_robot_ps) by extension 'ros'
[0.265s] DEBUG:colcon.colcon_core.package_identification:Package 'src/trr_robot_ps' with type 'ros.ament_python' and name 'trr_robot_ps'
[0.265s] Level 1:colcon.colcon_core.package_discovery:discover_packages(recursive) using defaults
[0.265s] Level 1:colcon.colcon_core.package_discovery:discover_packages(ignore) discover
[0.265s] Level 1:colcon.colcon_core.package_discovery:discover_packages(ignore) using defaults
[0.265s] Level 1:colcon.colcon_core.package_discovery:discover_packages(path) discover
[0.265s] Level 1:colcon.colcon_core.package_discovery:discover_packages(path) using defaults
[0.285s] INFO:colcon.colcon_core.package_selection:Skipping not selected package 'P1_ej1_pub' in 'src/P1_ej1_pub'
[0.285s] INFO:colcon.colcon_core.package_selection:Skipping not selected package 'P1_ej1_sub' in 'src/P1_ej1_sub'
[0.285s] INFO:colcon.colcon_core.package_selection:Skipping not selected package 'Stage' in 'src/Stage'
[0.285s] INFO:colcon.colcon_core.package_selection:Skipping not selected package 'auto_mover' in 'src/auto_mover'
[0.285s] INFO:colcon.colcon_core.package_selection:Skipping not selected package 'ejemplo_uno' in 'src/ejemplo_uno'
[0.285s] INFO:colcon.colcon_core.package_selection:Skipping not selected package 'ejercicio_dos' in 'src/ejercicio_dos'
[0.285s] INFO:colcon.colcon_core.package_selection:Skipping not selected package 'ejercicio_tres_client' in 'src/ejercicio_tres_client'
[0.285s] INFO:colcon.colcon_core.package_selection:Skipping not selected package 'ejercicio_tres_interface' in 'src/ejercicio_tres_interface'
[0.285s] INFO:colcon.colcon_core.package_selection:Skipping not selected package 'ejercicio_tres_server' in 'src/ejercicio_tres_server'
[0.285s] INFO:colcon.colcon_core.package_selection:Skipping not selected package 'hello_moveit' in 'src/hello_moveit'
[0.285s] INFO:colcon.colcon_core.package_selection:Skipping not selected package 'mma_interfaces' in 'src/mma_interfaces'
[0.285s] INFO:colcon.colcon_core.package_selection:Skipping not selected package 'mma_listener' in 'src/mma_listener'
[0.285s] INFO:colcon.colcon_core.package_selection:Skipping not selected package 'mma_service' in 'src/mma_service'
[0.285s] INFO:colcon.colcon_core.package_selection:Skipping not selected package 'mma_talker' in 'src/mma_talker'
[0.285s] INFO:colcon.colcon_core.package_selection:Skipping not selected package 'moveit_resources_fanuc_description' in 'src/moveit_resources/fanuc_description'
[0.285s] INFO:colcon.colcon_core.package_selection:Skipping not selected package 'moveit_resources_panda_description' in 'src/moveit_resources/panda_description'
[0.285s] INFO:colcon.colcon_core.package_selection:Skipping not selected package 'moveit_resources_pr2_description' in 'src/moveit_resources/pr2_description'
[0.285s] INFO:colcon.colcon_core.package_selection:Skipping not selected package 'moveit_task_constructor_msgs' in 'src/moveit_task_constructor/msgs'
[0.285s] INFO:colcon.colcon_core.package_selection:Skipping not selected package 'my_package' in 'src/my_package'
[0.285s] INFO:colcon.colcon_core.package_selection:Skipping not selected package 'my_stage_mover' in 'src/my_stage_mover'
[0.285s] INFO:colcon.colcon_core.package_selection:Skipping not selected package 'navigation_tb3' in 'src/navigation_tb3'
[0.285s] INFO:colcon.colcon_core.package_selection:Skipping not selected package 'nodo_adc_sub' in 'src/nodo_adc_sub'
[0.285s] INFO:colcon.colcon_core.package_selection:Skipping not selected package 'p1_ej2_nodo4' in 'src/p1_ej2_nodo4'
[0.285s] INFO:colcon.colcon_core.package_selection:Skipping not selected package 'p1_ej2_nodo5' in 'src/p1_ej2_nodo5'
[0.285s] INFO:colcon.colcon_core.package_selection:Skipping not selected package 'p1_ej2_nodos_sensor' in 'src/p1_ej2_nodos_sensor'
[0.285s] INFO:colcon.colcon_core.package_selection:Skipping not selected package 'p1_ej3_cliente' in 'src/p1_ej3_cliente'
[0.285s] INFO:colcon.colcon_core.package_selection:Skipping not selected package 'p1_ej3_interface' in 'src/p1_ej3_interface'
[0.285s] INFO:colcon.colcon_core.package_selection:Skipping not selected package 'p1_ej3_servidor' in 'src/p1_ej3_servidor'
[0.285s] INFO:colcon.colcon_core.package_selection:Skipping not selected package 'p2_ej2' in 'src/p2_ej2'
[0.285s] INFO:colcon.colcon_core.package_selection:Skipping not selected package 'p2_ej3' in 'src/p2_ej3'
[0.285s] INFO:colcon.colcon_core.package_selection:Skipping not selected package 'robot_autonomo' in 'src/robot_autonomo'
[0.285s] INFO:colcon.colcon_core.package_selection:Skipping not selected package 'robot_description' in 'src/robot_description'
[0.285s] INFO:colcon.colcon_core.package_selection:Skipping not selected package 'robot_nav' in 'src/robot_nav'
[0.285s] INFO:colcon.colcon_core.package_selection:Skipping not selected package 'rviz_marker_tools' in 'src/moveit_task_constructor/rviz_marker_tools'
[0.285s] INFO:colcon.colcon_core.package_selection:Skipping not selected package 'stage_worlds' in 'src/stage_worlds'
[0.285s] INFO:colcon.colcon_core.package_selection:Skipping not selected package 'trr_robot' in 'src/trr_robot'
[0.285s] INFO:colcon.colcon_core.package_selection:Skipping not selected package 'trr_robot_ps' in 'src/trr_robot_ps'
[0.285s] INFO:colcon.colcon_core.package_selection:Skipping not selected package 'moveit_resources_fanuc_moveit_config' in 'src/moveit_resources/fanuc_moveit_config'
[0.285s] INFO:colcon.colcon_core.package_selection:Skipping not selected package 'moveit_resources_panda_moveit_config' in 'src/moveit_resources/panda_moveit_config'
[0.285s] INFO:colcon.colcon_core.package_selection:Skipping not selected package 'p1_ej2_interface' in 'src/p1_ej2_interface'
[0.285s] INFO:colcon.colcon_core.package_selection:Skipping not selected package 'stage_ros2' in 'src/stage_ros2'
[0.285s] INFO:colcon.colcon_core.package_selection:Skipping not selected package 'moveit_resources' in 'src/moveit_resources/moveit_resources'
[0.285s] INFO:colcon.colcon_core.package_selection:Skipping not selected package 'moveit_task_constructor_core' in 'src/moveit_task_constructor/core'
[0.285s] INFO:colcon.colcon_core.package_selection:Skipping not selected package 'moveit2_tutorials' in 'src/moveit2_tutorials'
[0.285s] INFO:colcon.colcon_core.package_selection:Skipping not selected package 'moveit_task_constructor_capabilities' in 'src/moveit_task_constructor/capabilities'
[0.285s] INFO:colcon.colcon_core.package_selection:Skipping not selected package 'moveit_task_constructor_visualization' in 'src/moveit_task_constructor/visualization'
[0.285s] INFO:colcon.colcon_core.package_selection:Skipping not selected package 'moveit_task_constructor_demo' in 'src/moveit_task_constructor/demo'
[0.285s] Level 1:colcon.colcon_core.package_discovery:discover_packages(prefix_path) check parameters
[0.285s] Level 1:colcon.colcon_core.package_discovery:discover_packages(prefix_path) discover
[0.288s] DEBUG:colcon.colcon_installed_package_information.package_discovery:Found 47 installed packages in /home/sergio/ros2_ws/install
[0.289s] DEBUG:colcon.colcon_installed_package_information.package_discovery:Found 466 installed packages in /opt/ros/humble
[0.291s] Level 1:colcon.colcon_core.package_discovery:discover_packages(prefix_path) using defaults
[0.325s] Level 5:colcon.colcon_core.verb:set package 'ejercicio1_pkg' build argument 'cmake_args' from command line to 'None'
[0.325s] Level 5:colcon.colcon_core.verb:set package 'ejercicio1_pkg' build argument 'cmake_target' from command line to 'None'
[0.325s] Level 5:colcon.colcon_core.verb:set package 'ejercicio1_pkg' build argument 'cmake_target_skip_unavailable' from command line to 'False'
[0.325s] Level 5:colcon.colcon_core.verb:set package 'ejercicio1_pkg' build argument 'cmake_clean_cache' from command line to 'False'
[0.325s] Level 5:colcon.colcon_core.verb:set package 'ejercicio1_pkg' build argument 'cmake_clean_first' from command line to 'False'
[0.325s] Level 5:colcon.colcon_core.verb:set package 'ejercicio1_pkg' build argument 'cmake_force_configure' from command line to 'False'
[0.325s] Level 5:colcon.colcon_core.verb:set package 'ejercicio1_pkg' build argument 'ament_cmake_args' from command line to 'None'
[0.325s] Level 5:colcon.colcon_core.verb:set package 'ejercicio1_pkg' build argument 'catkin_cmake_args' from command line to 'None'
[0.325s] Level 5:colcon.colcon_core.verb:set package 'ejercicio1_pkg' build argument 'catkin_skip_building_tests' from command line to 'False'
[0.325s] DEBUG:colcon.colcon_core.verb:Building package 'ejercicio1_pkg' with the following arguments: {'ament_cmake_args': None, 'build_base': '/home/sergio/ros2_ws/build/ejercicio1_pkg', 'catkin_cmake_args': None, 'catkin_skip_building_tests': False, 'cmake_args': None, 'cmake_clean_cache': False, 'cmake_clean_first': False, 'cmake_force_configure': False, 'cmake_target': None, 'cmake_target_skip_unavailable': False, 'install_base': '/home/sergio/ros2_ws/install/ejercicio1_pkg', 'merge_install': False, 'path': '/home/sergio/ros2_ws/src/ejercicio1_pkg', 'symlink_install': False, 'test_result_base': None}
[0.325s] INFO:colcon.colcon_core.executor:Executing jobs using 'parallel' executor
[0.326s] DEBUG:colcon.colcon_parallel_executor.executor.parallel:run_until_complete
[0.326s] INFO:colcon.colcon_ros.task.ament_python.build:Building ROS package in '/home/sergio/ros2_ws/src/ejercicio1_pkg' with build type 'ament_python'
[0.327s] Level 1:colcon.colcon_core.shell:create_environment_hook('ejercicio1_pkg', 'ament_prefix_path')
[0.328s] INFO:colcon.colcon_core.plugin_system:Skipping extension 'colcon_core.shell.bat': Not used on non-Windows systems
[0.328s] INFO:colcon.colcon_core.shell:Creating environment hook '/home/sergio/ros2_ws/install/ejercicio1_pkg/share/ejercicio1_pkg/hook/ament_prefix_path.ps1'
[0.328s] INFO:colcon.colcon_core.shell:Creating environment descriptor '/home/sergio/ros2_ws/install/ejercicio1_pkg/share/ejercicio1_pkg/hook/ament_prefix_path.dsv'
[0.329s] INFO:colcon.colcon_core.shell:Creating environment hook '/home/sergio/ros2_ws/install/ejercicio1_pkg/share/ejercicio1_pkg/hook/ament_prefix_path.sh'
[0.329s] INFO:colcon.colcon_core.shell:Skip shell extension 'powershell' for command environment: Not usable outside of PowerShell
[0.329s] DEBUG:colcon.colcon_core.shell:Skip shell extension 'dsv' for command environment
[0.563s] INFO:colcon.colcon_core.task.python.build:Building Python package in '/home/sergio/ros2_ws/src/ejercicio1_pkg'
[0.563s] INFO:colcon.colcon_core.shell:Skip shell extension 'powershell' for command environment: Not usable outside of PowerShell
[0.563s] DEBUG:colcon.colcon_core.shell:Skip shell extension 'dsv' for command environment
[0.933s] DEBUG:colcon.colcon_core.event_handler.log_command:Invoking command in '/home/sergio/ros2_ws/src/ejercicio1_pkg': PYTHONPATH=/home/sergio/ros2_ws/build/ejercicio1_pkg/prefix_override:/usr/lib/python3/dist-packages/colcon_core/task/python/colcon_distutils_commands:/home/sergio/ros2_ws/install/ejercicio1_pkg/lib/python3.10/site-packages:${PYTHONPATH} /usr/bin/python3 -W ignore:setup.py install is deprecated -W ignore:easy_install command is deprecated setup.py egg_info --egg-base ../../build/ejercicio1_pkg build --build-base /home/sergio/ros2_ws/build/ejercicio1_pkg/build install --record /home/sergio/ros2_ws/build/ejercicio1_pkg/install.log --single-version-externally-managed install_data
[1.190s] DEBUG:colcon.colcon_core.event_handler.log_command:Invoked command in '/home/sergio/ros2_ws/src/ejercicio1_pkg' returned '0': PYTHONPATH=/home/sergio/ros2_ws/build/ejercicio1_pkg/prefix_override:/usr/lib/python3/dist-packages/colcon_core/task/python/colcon_distutils_commands:/home/sergio/ros2_ws/install/ejercicio1_pkg/lib/python3.10/site-packages:${PYTHONPATH} /usr/bin/python3 -W ignore:setup.py install is deprecated -W ignore:easy_install command is deprecated setup.py egg_info --egg-base ../../build/ejercicio1_pkg build --build-base /home/sergio/ros2_ws/build/ejercicio1_pkg/build install --record /home/sergio/ros2_ws/build/ejercicio1_pkg/install.log --single-version-externally-managed install_data
[1.192s] Level 1:colcon.colcon_core.environment:checking '/home/sergio/ros2_ws/install/ejercicio1_pkg' for CMake module files
[1.192s] Level 1:colcon.colcon_core.environment:checking '/home/sergio/ros2_ws/install/ejercicio1_pkg' for CMake config files
[1.192s] Level 1:colcon.colcon_core.environment:checking '/home/sergio/ros2_ws/install/ejercicio1_pkg/lib'
[1.192s] Level 1:colcon.colcon_core.environment:checking '/home/sergio/ros2_ws/install/ejercicio1_pkg/bin'
[1.192s] Level 1:colcon.colcon_core.environment:checking '/home/sergio/ros2_ws/install/ejercicio1_pkg/lib/pkgconfig/ejercicio1_pkg.pc'
[1.193s] Level 1:colcon.colcon_core.environment:checking '/home/sergio/ros2_ws/install/ejercicio1_pkg/lib/python3.10/site-packages'
[1.193s] Level 1:colcon.colcon_core.shell:create_environment_hook('ejercicio1_pkg', 'pythonpath')
[1.193s] INFO:colcon.colcon_core.shell:Creating environment hook '/home/sergio/ros2_ws/install/ejercicio1_pkg/share/ejercicio1_pkg/hook/pythonpath.ps1'
[1.193s] INFO:colcon.colcon_core.shell:Creating environment descriptor '/home/sergio/ros2_ws/install/ejercicio1_pkg/share/ejercicio1_pkg/hook/pythonpath.dsv'
[1.193s] INFO:colcon.colcon_core.shell:Creating environment hook '/home/sergio/ros2_ws/install/ejercicio1_pkg/share/ejercicio1_pkg/hook/pythonpath.sh'
[1.194s] Level 1:colcon.colcon_core.environment:checking '/home/sergio/ros2_ws/install/ejercicio1_pkg/bin'
[1.194s] Level 1:colcon.colcon_core.environment:create_environment_scripts_only(ejercicio1_pkg)
[1.194s] INFO:colcon.colcon_core.shell:Creating package script '/home/sergio/ros2_ws/install/ejercicio1_pkg/share/ejercicio1_pkg/package.ps1'
[1.194s] INFO:colcon.colcon_core.shell:Creating package descriptor '/home/sergio/ros2_ws/install/ejercicio1_pkg/share/ejercicio1_pkg/package.dsv'
[1.195s] INFO:colcon.colcon_core.shell:Creating package script '/home/sergio/ros2_ws/install/ejercicio1_pkg/share/ejercicio1_pkg/package.sh'
[1.195s] INFO:colcon.colcon_core.shell:Creating package script '/home/sergio/ros2_ws/install/ejercicio1_pkg/share/ejercicio1_pkg/package.bash'
[1.195s] INFO:colcon.colcon_core.shell:Creating package script '/home/sergio/ros2_ws/install/ejercicio1_pkg/share/ejercicio1_pkg/package.zsh'
[1.196s] Level 1:colcon.colcon_core.environment:create_file_with_runtime_dependencies(/home/sergio/ros2_ws/install/ejercicio1_pkg/share/colcon-core/packages/ejercicio1_pkg)
[1.196s] DEBUG:colcon.colcon_parallel_executor.executor.parallel:closing loop
[1.196s] DEBUG:colcon.colcon_parallel_executor.executor.parallel:loop closed
[1.196s] DEBUG:colcon.colcon_parallel_executor.executor.parallel:run_until_complete finished with '0'
[1.196s] DEBUG:colcon.colcon_core.event_reactor:joining thread
[1.200s] INFO:colcon.colcon_core.plugin_system:Skipping extension 'colcon_notification.desktop_notification.terminal_notifier': Not used on non-Darwin systems
[1.200s] INFO:colcon.colcon_core.plugin_system:Skipping extension 'colcon_notification.desktop_notification.win32': Not used on non-Windows systems
[1.200s] INFO:colcon.colcon_notification.desktop_notification:Sending desktop notification using 'notify2'
[1.208s] DEBUG:colcon.colcon_core.event_reactor:joined thread
[1.209s] INFO:colcon.colcon_core.shell:Creating prefix script '/home/sergio/ros2_ws/install/local_setup.ps1'
[1.210s] INFO:colcon.colcon_core.shell:Creating prefix util module '/home/sergio/ros2_ws/install/_local_setup_util_ps1.py'
[1.212s] INFO:colcon.colcon_core.shell:Creating prefix chain script '/home/sergio/ros2_ws/install/setup.ps1'
[1.215s] INFO:colcon.colcon_core.shell:Creating prefix script '/home/sergio/ros2_ws/install/local_setup.sh'
[1.215s] INFO:colcon.colcon_core.shell:Creating prefix util module '/home/sergio/ros2_ws/install/_local_setup_util_sh.py'
[1.216s] INFO:colcon.colcon_core.shell:Creating prefix chain script '/home/sergio/ros2_ws/install/setup.sh'
[1.219s] INFO:colcon.colcon_core.shell:Creating prefix script '/home/sergio/ros2_ws/install/local_setup.bash'
[1.220s] INFO:colcon.colcon_core.shell:Creating prefix chain script '/home/sergio/ros2_ws/install/setup.bash'
[1.222s] INFO:colcon.colcon_core.shell:Creating prefix script '/home/sergio/ros2_ws/install/local_setup.zsh'
[1.223s] INFO:colcon.colcon_core.shell:Creating prefix chain script '/home/sergio/ros2_ws/install/setup.zsh'
