[0.395s] Invoking command in '/home/sergio/ros2_ws/build/P1_ej3_interface': CMAKE_PREFIX_PATH=${CMAKE_PREFIX_PATH}:/home/sergio/ros2_ws/install/P1_ej1_sub:/home/sergio/ros2_ws/install/P1_ej1_pub:/home/sergio/ros2_ws/install/my_package:/home/sergio/ros2_ws/install/mma_talker:/home/sergio/ros2_ws/install/mma_service:/home/sergio/ros2_ws/install/mma_listener:/home/sergio/ros2_ws/install/ejercicio_tres_server:/home/sergio/ros2_ws/install/ejercicio_tres_client:/home/sergio/ros2_ws/install/ejercicio_dos:/home/sergio/ros2_ws/install/ejemplo_uno:/opt/ros/humble /usr/bin/cmake /home/sergio/ros2_ws/src/P1_ej3_interface -DCMAKE_INSTALL_PREFIX=/home/sergio/ros2_ws/install/P1_ej3_interface
[1.786s] -- The C compiler identification is GNU 11.4.0
[1.786s] -- The CXX compiler identification is GNU 11.4.0
[1.786s] -- Detecting C compiler ABI info
[1.786s] -- Detecting C compiler ABI info - done
[1.786s] -- Check for working C compiler: /usr/bin/cc - skipped
[1.786s] -- Detecting C compile features
[1.787s] -- Detecting C compile features - done
[1.787s] -- Detecting CXX compiler ABI info
[1.787s] -- Detecting CXX compiler ABI info - done
[1.787s] -- Check for working CXX compiler: /usr/bin/c++ - skipped
[1.787s] -- Detecting CXX compile features
[1.787s] -- Detecting CXX compile features - done
[1.787s] -- Found ament_cmake: 1.3.11 (/opt/ros/humble/share/ament_cmake/cmake)
[1.787s] -- Found Python3: /usr/bin/python3 (found version "3.10.12") found components: Interpreter 
[1.787s] -- Found rosidl_default_generators: 1.2.0 (/opt/ros/humble/share/rosidl_default_generators/cmake)
[1.787s] -- Using all available rosidl_typesupport_c: rosidl_typesupport_fastrtps_c;rosidl_typesupport_introspection_c
[1.787s] -- Found rosidl_adapter: 3.1.6 (/opt/ros/humble/share/rosidl_adapter/cmake)
[1.787s] -- Using all available rosidl_typesupport_cpp: rosidl_typesupport_fastrtps_cpp;rosidl_typesupport_introspection_cpp
[1.787s] -- Configuring incomplete, errors occurred!
[1.787s] See also "/home/sergio/ros2_ws/build/P1_ej3_interface/CMakeFiles/CMakeOutput.log".
[1.788s] [31mCMake Error at /opt/ros/humble/share/rosidl_adapter/cmake/rosidl_adapt_interfaces.cmake:59 (message):
[1.788s]   execute_process(/usr/bin/python3 -m rosidl_adapter --package-name
[1.788s]   P1_ej3_interface --arguments-file
[1.788s]   /home/sergio/ros2_ws/build/P1_ej3_interface/rosidl_adapter__arguments__P1_ej3_interface.json
[1.788s]   --output-dir
[1.788s]   /home/sergio/ros2_ws/build/P1_ej3_interface/rosidl_adapter/P1_ej3_interface
[1.788s]   --output-file
[1.788s]   /home/sergio/ros2_ws/build/P1_ej3_interface/rosidl_adapter/P1_ej3_interface.idls)
[1.788s]   returned error code 1:
[1.788s] 
[1.788s]   Traceback (most recent call last):
[1.788s] 
[1.788s]     File "/usr/lib/python3.10/runpy.py", line 196, in _run_module_as_main
[1.788s]       return _run_code(code, main_globals, None,
[1.788s]     File "/usr/lib/python3.10/runpy.py", line 86, in _run_code
[1.788s]       exec(code, run_globals)
[1.788s]     File "/opt/ros/humble/local/lib/python3.10/dist-packages/rosidl_adapter/__main__.py", line 19, in <module>
[1.788s]       sys.exit(main())
[1.788s]     File "/opt/ros/humble/local/lib/python3.10/dist-packages/rosidl_adapter/main.py", line 53, in main
[1.788s]       abs_idl_file = convert_to_idl(
[1.788s]     File "/opt/ros/humble/local/lib/python3.10/dist-packages/rosidl_adapter/__init__.py", line 24, in convert_to_idl
[1.788s]       return convert_srv_to_idl(
[1.788s]     File "/opt/ros/humble/local/lib/python3.10/dist-packages/rosidl_adapter/srv/__init__.py", line 28, in convert_srv_to_idl
[1.789s]       srv = parse_service_string(package_name, input_file.stem, content)
[1.789s]     File "/opt/ros/humble/local/lib/python3.10/dist-packages/rosidl_adapter/parser.py", line 859, in parse_service_string
[1.789s]       request_message = parse_message_string(
[1.789s]     File "/opt/ros/humble/local/lib/python3.10/dist-packages/rosidl_adapter/parser.py", line 544, in parse_message_string
[1.789s]       msg = MessageSpecification(pkg_name, msg_name, fields, constants)
[1.789s]     File "/opt/ros/humble/local/lib/python3.10/dist-packages/rosidl_adapter/parser.py", line 388, in __init__
[1.789s]       self.base_type = BaseType(
[1.789s]     File "/opt/ros/humble/local/lib/python3.10/dist-packages/rosidl_adapter/parser.py", line 201, in __init__
[1.789s]       raise InvalidResourceName(
[1.789s] 
[1.789s]   rosidl_adapter.parser.InvalidResourceName: 'P1_ej3_interface' is an invalid
[1.789s]   package name.  It should have the pattern
[1.789s]   '^(?!.*__)(?!.*_$)[a-z][a-z0-9_]*$'
[1.789s] 
[1.789s] Call Stack (most recent call first):
[1.789s]   /opt/ros/humble/share/rosidl_cmake/cmake/rosidl_generate_interfaces.cmake:130 (rosidl_adapt_interfaces)
[1.789s]   CMakeLists.txt:14 (rosidl_generate_interfaces)
[1.789s] 
[1.789s] [0m
[1.792s] Invoked command in '/home/sergio/ros2_ws/build/P1_ej3_interface' returned '1': CMAKE_PREFIX_PATH=${CMAKE_PREFIX_PATH}:/home/sergio/ros2_ws/install/P1_ej1_sub:/home/sergio/ros2_ws/install/P1_ej1_pub:/home/sergio/ros2_ws/install/my_package:/home/sergio/ros2_ws/install/mma_talker:/home/sergio/ros2_ws/install/mma_service:/home/sergio/ros2_ws/install/mma_listener:/home/sergio/ros2_ws/install/ejercicio_tres_server:/home/sergio/ros2_ws/install/ejercicio_tres_client:/home/sergio/ros2_ws/install/ejercicio_dos:/home/sergio/ros2_ws/install/ejemplo_uno:/opt/ros/humble /usr/bin/cmake /home/sergio/ros2_ws/src/P1_ej3_interface -DCMAKE_INSTALL_PREFIX=/home/sergio/ros2_ws/install/P1_ej3_interface
