[0.189s] Invoking command in '/home/sergio/ros2_ws/build/Stage': /usr/bin/cmake --build /home/sergio/ros2_ws/build/Stage -- -j16 -l16
[2.043s] [ 57%] Built target stage
[2.044s] [ 61%] Built target stagebinary
[2.044s] [ 64%] Built target sink
[2.044s] [ 67%] Built target fasr
[2.044s] [ 71%] Built target pioneer_flocking
[2.044s] [ 74%] Built target wander
[2.044s] [ 77%] Built target source
[2.044s] [ 81%] Built target dynamic
[2.044s] [ 84%] Built target rasterize
[2.044s] [ 88%] Built target lasernoise
[2.044s] [ 91%] Built target expand_swarm
[2.044s] [ 94%] Built target expand_pioneer
[2.044s] [100%] Built target fasr2
[2.257s] Invoked command in '/home/sergio/ros2_ws/build/Stage' returned '0': /usr/bin/cmake --build /home/sergio/ros2_ws/build/Stage -- -j16 -l16
[2.259s] Invoking command in '/home/sergio/ros2_ws/build/Stage': /usr/bin/cmake --install /home/sergio/ros2_ws/build/Stage
[2.295s] -- Install configuration: "RELEASE"
[2.296s] -- Up-to-date: /home/sergio/ros2_ws/install/Stage/lib/pkgconfig/stage.pc
[2.296s] -- Up-to-date: /home/sergio/ros2_ws/install/Stage/lib/cmake/Stage/stage-config.cmake
[2.298s] -- Up-to-date: /home/sergio/ros2_ws/install/Stage/lib/cmake/Stage/stage-config-version.cmake
[2.298s] -- Up-to-date: /home/sergio/ros2_ws/install/Stage/bin/stage
[2.298s] -- Up-to-date: /home/sergio/ros2_ws/install/Stage/lib/libstage.so.4.3.0
[2.298s] -- Up-to-date: /home/sergio/ros2_ws/install/Stage/lib/libstage.so
[2.298s] -- Up-to-date: /home/sergio/ros2_ws/install/Stage/include/Stage-4.3/stage.hh
[2.299s] -- Up-to-date: /home/sergio/ros2_ws/install/Stage/lib/Stage-4.3/fasr.so
[2.299s] -- Up-to-date: /home/sergio/ros2_ws/install/Stage/lib/Stage-4.3/sink.so
[2.299s] -- Up-to-date: /home/sergio/ros2_ws/install/Stage/lib/Stage-4.3/source.so
[2.300s] -- Up-to-date: /home/sergio/ros2_ws/install/Stage/lib/Stage-4.3/wander.so
[2.300s] -- Up-to-date: /home/sergio/ros2_ws/install/Stage/lib/Stage-4.3/pioneer_flocking.so
[2.300s] -- Up-to-date: /home/sergio/ros2_ws/install/Stage/lib/Stage-4.3/rasterize.so
[2.301s] -- Up-to-date: /home/sergio/ros2_ws/install/Stage/lib/Stage-4.3/lasernoise.so
[2.303s] -- Up-to-date: /home/sergio/ros2_ws/install/Stage/lib/Stage-4.3/dynamic.so
[2.303s] -- Up-to-date: /home/sergio/ros2_ws/install/Stage/lib/Stage-4.3/fasr2.so
[2.306s] -- Up-to-date: /home/sergio/ros2_ws/install/Stage/share/stage/assets/blue.png
[2.306s] -- Up-to-date: /home/sergio/ros2_ws/install/Stage/share/stage/assets/death.png
[2.306s] -- Up-to-date: /home/sergio/ros2_ws/install/Stage/share/stage/assets/green.png
[2.306s] -- Up-to-date: /home/sergio/ros2_ws/install/Stage/share/stage/assets/logo.png
[2.306s] -- Up-to-date: /home/sergio/ros2_ws/install/Stage/share/stage/assets/mains.png
[2.306s] -- Up-to-date: /home/sergio/ros2_ws/install/Stage/share/stage/assets/mainspower.png
[2.307s] -- Up-to-date: /home/sergio/ros2_ws/install/Stage/share/stage/assets/question_mark.png
[2.309s] -- Up-to-date: /home/sergio/ros2_ws/install/Stage/share/stage/assets/red.png
[2.309s] -- Up-to-date: /home/sergio/ros2_ws/install/Stage/share/stage/assets/stagelogo.png
[2.309s] -- Up-to-date: /home/sergio/ros2_ws/install/Stage/share/stage/assets/stall-old.png
[2.309s] -- Up-to-date: /home/sergio/ros2_ws/install/Stage/share/stage/assets/stall.png
[2.310s] -- Up-to-date: /home/sergio/ros2_ws/install/Stage/share/stage/assets/rgb.txt
[2.310s] -- Up-to-date: /home/sergio/ros2_ws/install/Stage/share/stage/rgb.txt
[2.311s] -- Up-to-date: /home/sergio/ros2_ws/install/Stage/share/stage/worlds/amcl-sonar.cfg
[2.311s] -- Up-to-date: /home/sergio/ros2_ws/install/Stage/share/stage/worlds/autolab.cfg
[2.311s] -- Up-to-date: /home/sergio/ros2_ws/install/Stage/share/stage/worlds/camera.cfg
[2.311s] -- Up-to-date: /home/sergio/ros2_ws/install/Stage/share/stage/worlds/everything.cfg
[2.311s] -- Up-to-date: /home/sergio/ros2_ws/install/Stage/share/stage/worlds/lsp_test.cfg
[2.312s] -- Up-to-date: /home/sergio/ros2_ws/install/Stage/share/stage/worlds/mbicp.cfg
[2.312s] -- Up-to-date: /home/sergio/ros2_ws/install/Stage/share/stage/worlds/nd.cfg
[2.313s] -- Up-to-date: /home/sergio/ros2_ws/install/Stage/share/stage/worlds/roomba.cfg
[2.313s] -- Up-to-date: /home/sergio/ros2_ws/install/Stage/share/stage/worlds/simple.cfg
[2.313s] -- Up-to-date: /home/sergio/ros2_ws/install/Stage/share/stage/worlds/test.cfg
[2.314s] -- Up-to-date: /home/sergio/ros2_ws/install/Stage/share/stage/worlds/uoa_robotics_lab.cfg
[2.314s] -- Up-to-date: /home/sergio/ros2_ws/install/Stage/share/stage/worlds/vfh.cfg
[2.314s] -- Up-to-date: /home/sergio/ros2_ws/install/Stage/share/stage/worlds/wavefront-remote.cfg
[2.314s] -- Up-to-date: /home/sergio/ros2_ws/install/Stage/share/stage/worlds/wavefront.cfg
[2.314s] -- Up-to-date: /home/sergio/ros2_ws/install/Stage/share/stage/worlds/wifi.cfg
[2.314s] -- Up-to-date: /home/sergio/ros2_ws/install/Stage/share/stage/worlds/SFU.world
[2.315s] -- Up-to-date: /home/sergio/ros2_ws/install/Stage/share/stage/worlds/autolab.world
[2.315s] -- Up-to-date: /home/sergio/ros2_ws/install/Stage/share/stage/worlds/camera.world
[2.315s] -- Up-to-date: /home/sergio/ros2_ws/install/Stage/share/stage/worlds/circuit.world
[2.325s] -- Up-to-date: /home/sergio/ros2_ws/install/Stage/share/stage/worlds/everything.world
[2.325s] -- Up-to-date: /home/sergio/ros2_ws/install/Stage/share/stage/worlds/fasr.world
[2.325s] -- Up-to-date: /home/sergio/ros2_ws/install/Stage/share/stage/worlds/fasr2.world
[2.325s] -- Up-to-date: /home/sergio/ros2_ws/install/Stage/share/stage/worlds/fasr_plan.world
[2.325s] -- Up-to-date: /home/sergio/ros2_ws/install/Stage/share/stage/worlds/large.world
[2.325s] -- Up-to-date: /home/sergio/ros2_ws/install/Stage/share/stage/worlds/lsp_test.world
[2.326s] -- Up-to-date: /home/sergio/ros2_ws/install/Stage/share/stage/worlds/mbicp.world
[2.326s] -- Up-to-date: /home/sergio/ros2_ws/install/Stage/share/stage/worlds/pioneer_flocking.world
[2.326s] -- Up-to-date: /home/sergio/ros2_ws/install/Stage/share/stage/worlds/pioneer_follow.world
[2.326s] -- Up-to-date: /home/sergio/ros2_ws/install/Stage/share/stage/worlds/pioneer_walle.world
[2.326s] -- Up-to-date: /home/sergio/ros2_ws/install/Stage/share/stage/worlds/roomba.world
[2.326s] -- Up-to-date: /home/sergio/ros2_ws/install/Stage/share/stage/worlds/sensor_noise_demo.world
[2.326s] -- Up-to-date: /home/sergio/ros2_ws/install/Stage/share/stage/worlds/sensor_noise_module_demo.world
[2.327s] -- Up-to-date: /home/sergio/ros2_ws/install/Stage/share/stage/worlds/simple.world
[2.327s] -- Up-to-date: /home/sergio/ros2_ws/install/Stage/share/stage/worlds/uoa_robotics_lab.world
[2.327s] -- Up-to-date: /home/sergio/ros2_ws/install/Stage/share/stage/worlds/wifi.world
[2.327s] -- Up-to-date: /home/sergio/ros2_ws/install/Stage/share/stage/worlds/beacons.inc
[2.327s] -- Up-to-date: /home/sergio/ros2_ws/install/Stage/share/stage/worlds/chatterbox.inc
[2.327s] -- Up-to-date: /home/sergio/ros2_ws/install/Stage/share/stage/worlds/hokuyo.inc
[2.328s] -- Up-to-date: /home/sergio/ros2_ws/install/Stage/share/stage/worlds/irobot.inc
[2.328s] -- Up-to-date: /home/sergio/ros2_ws/install/Stage/share/stage/worlds/map.inc
[2.328s] -- Up-to-date: /home/sergio/ros2_ws/install/Stage/share/stage/worlds/objects.inc
[2.328s] -- Up-to-date: /home/sergio/ros2_ws/install/Stage/share/stage/worlds/pantilt.inc
[2.328s] -- Up-to-date: /home/sergio/ros2_ws/install/Stage/share/stage/worlds/pioneer.inc
[2.328s] -- Up-to-date: /home/sergio/ros2_ws/install/Stage/share/stage/worlds/sick.inc
[2.328s] -- Up-to-date: /home/sergio/ros2_ws/install/Stage/share/stage/worlds/ubot.inc
[2.328s] -- Up-to-date: /home/sergio/ros2_ws/install/Stage/share/stage/worlds/uoa_robotics_lab_models.inc
[2.329s] -- Up-to-date: /home/sergio/ros2_ws/install/Stage/share/stage/worlds/walle.inc
[2.329s] -- Up-to-date: /home/sergio/ros2_ws/install/Stage/share/stage/worlds/cfggen.sh
[2.329s] -- Up-to-date: /home/sergio/ros2_ws/install/Stage/share/stage/worlds/test.sh
[2.329s] -- Up-to-date: /home/sergio/ros2_ws/install/Stage/share/stage/worlds/worldgen.sh
[2.329s] -- Up-to-date: /home/sergio/ros2_ws/install/Stage/lib/Stage-4.3/expand_swarm.so
[2.351s] -- Up-to-date: /home/sergio/ros2_ws/install/Stage/lib/Stage-4.3/expand_pioneer.so
[2.367s] -- Up-to-date: /home/sergio/ros2_ws/install/Stage/share/stage/worlds/bitmaps/889_05.png
[2.368s] -- Up-to-date: /home/sergio/ros2_ws/install/Stage/share/stage/worlds/bitmaps/SFU_1200x615.png
[2.368s] -- Up-to-date: /home/sergio/ros2_ws/install/Stage/share/stage/worlds/bitmaps/SRI-AIC-kwing.png
[2.368s] -- Up-to-date: /home/sergio/ros2_ws/install/Stage/share/stage/worlds/bitmaps/autolab.png
[2.368s] -- Up-to-date: /home/sergio/ros2_ws/install/Stage/share/stage/worlds/bitmaps/cave.png
[2.368s] -- Up-to-date: /home/sergio/ros2_ws/install/Stage/share/stage/worlds/bitmaps/cave_compact.png
[2.368s] -- Up-to-date: /home/sergio/ros2_ws/install/Stage/share/stage/worlds/bitmaps/cave_filled.png
[2.369s] -- Up-to-date: /home/sergio/ros2_ws/install/Stage/share/stage/worlds/bitmaps/frieburg.png
[2.369s] -- Up-to-date: /home/sergio/ros2_ws/install/Stage/share/stage/worlds/bitmaps/ghost.png
[2.369s] -- Up-to-date: /home/sergio/ros2_ws/install/Stage/share/stage/worlds/bitmaps/hospital.png
[2.369s] -- Up-to-date: /home/sergio/ros2_ws/install/Stage/share/stage/worlds/bitmaps/hospital_section.png
[2.369s] -- Up-to-date: /home/sergio/ros2_ws/install/Stage/share/stage/worlds/bitmaps/human_outline.png
[2.369s] -- Up-to-date: /home/sergio/ros2_ws/install/Stage/share/stage/worlds/bitmaps/mbicp.png
[2.370s] -- Up-to-date: /home/sergio/ros2_ws/install/Stage/share/stage/worlds/bitmaps/rink.png
[2.370s] -- Up-to-date: /home/sergio/ros2_ws/install/Stage/share/stage/worlds/bitmaps/sal2.png
[2.370s] -- Up-to-date: /home/sergio/ros2_ws/install/Stage/share/stage/worlds/bitmaps/simple_rooms.png
[2.370s] -- Up-to-date: /home/sergio/ros2_ws/install/Stage/share/stage/worlds/bitmaps/space_invader.png
[2.370s] -- Up-to-date: /home/sergio/ros2_ws/install/Stage/share/stage/worlds/bitmaps/submarine.png
[2.370s] -- Up-to-date: /home/sergio/ros2_ws/install/Stage/share/stage/worlds/bitmaps/submarine_small.png
[2.371s] -- Up-to-date: /home/sergio/ros2_ws/install/Stage/share/stage/worlds/bitmaps/table.png
[2.371s] -- Up-to-date: /home/sergio/ros2_ws/install/Stage/share/stage/worlds/bitmaps/uoa_robotics_lab.png
[2.371s] -- Up-to-date: /home/sergio/ros2_ws/install/Stage/share/stage/worlds/wifi/commando.world
[2.371s] -- Up-to-date: /home/sergio/ros2_ws/install/Stage/share/stage/worlds/wifi/hosp_wifi.world
[2.371s] -- Up-to-date: /home/sergio/ros2_ws/install/Stage/share/stage/worlds/wifi/hosp_wifi_5.world
[2.371s] -- Up-to-date: /home/sergio/ros2_ws/install/Stage/share/stage/worlds/wifi/wifi.world
[2.371s] -- Up-to-date: /home/sergio/ros2_ws/install/Stage/share/stage/worlds/wifi/wifi_itu.world
[2.373s] -- Up-to-date: /home/sergio/ros2_ws/install/Stage/share/stage/worlds/wifi/wifi_logdistance.world
[2.378s] -- Up-to-date: /home/sergio/ros2_ws/install/Stage/share/stage/worlds/wifi/wifi_ray.world
[2.379s] -- Up-to-date: /home/sergio/ros2_ws/install/Stage/share/stage/worlds/wifi/wifi_simple.world
[2.379s] -- Up-to-date: /home/sergio/ros2_ws/install/Stage/share/stage/worlds/wifi/map.inc
[2.530s] Invoked command in '/home/sergio/ros2_ws/build/Stage' returned '0': /usr/bin/cmake --install /home/sergio/ros2_ws/build/Stage
