[3.500s] Invoking command in '/home/sergio/ros2_ws/src/cam_viewer': PYTHONPATH=/home/sergio/ros2_ws/build/cam_viewer/prefix_override:/home/sergio/.espressif/python_env/idf5.2_py3.10_env/lib/python3.10/site-packages/colcon_core/task/python/colcon_distutils_commands:/home/sergio/ros2_ws/install/cam_viewer/lib/python3.10/site-packages:${PYTHONPATH} /home/sergio/.espressif/python_env/idf5.2_py3.10_env/bin/python3 -W ignore:setup.py install is deprecated -W ignore:easy_install command is deprecated setup.py egg_info --egg-base ../../build/cam_viewer build --build-base /home/sergio/ros2_ws/build/cam_viewer/build install --record /home/sergio/ros2_ws/build/cam_viewer/install.log --single-version-externally-managed install_data
[4.358s] running egg_info
[4.401s] writing ../../build/cam_viewer/cam_viewer.egg-info/PKG-INFO
[4.401s] writing dependency_links to ../../build/cam_viewer/cam_viewer.egg-info/dependency_links.txt
[4.402s] writing entry points to ../../build/cam_viewer/cam_viewer.egg-info/entry_points.txt
[4.405s] writing requirements to ../../build/cam_viewer/cam_viewer.egg-info/requires.txt
[4.405s] writing top-level names to ../../build/cam_viewer/cam_viewer.egg-info/top_level.txt
[4.499s] reading manifest file '../../build/cam_viewer/cam_viewer.egg-info/SOURCES.txt'
[4.499s] writing manifest file '../../build/cam_viewer/cam_viewer.egg-info/SOURCES.txt'
[4.499s] running build
[4.499s] running build_py
[4.499s] copying cam_viewer/camera_node.py -> /home/sergio/ros2_ws/build/cam_viewer/build/lib/cam_viewer
[4.499s] copying cam_viewer/cam_sub.py -> /home/sergio/ros2_ws/build/cam_viewer/build/lib/cam_viewer
[4.500s] copying cam_viewer/__init__.py -> /home/sergio/ros2_ws/build/cam_viewer/build/lib/cam_viewer
[4.500s] running install
[4.511s] running install_lib
[4.561s] running install_data
[4.562s] copying resource/cam_viewer -> /home/sergio/ros2_ws/install/cam_viewer/share/ament_index/resource_index/packages
[4.562s] copying package.xml -> /home/sergio/ros2_ws/install/cam_viewer/share/cam_viewer
[4.562s] running install_egg_info
[4.594s] removing '/home/sergio/ros2_ws/install/cam_viewer/lib/python3.10/site-packages/cam_viewer-0.0.0-py3.10.egg-info' (and everything under it)
[4.598s] Copying ../../build/cam_viewer/cam_viewer.egg-info to /home/sergio/ros2_ws/install/cam_viewer/lib/python3.10/site-packages/cam_viewer-0.0.0-py3.10.egg-info
[4.598s] running install_scripts
[4.772s] Installing cam_sub script to /home/sergio/ros2_ws/install/cam_viewer/lib/cam_viewer
[4.774s] Installing camera_node script to /home/sergio/ros2_ws/install/cam_viewer/lib/cam_viewer
[4.774s] writing list of installed files to '/home/sergio/ros2_ws/build/cam_viewer/install.log'
[5.048s] Invoked command in '/home/sergio/ros2_ws/src/cam_viewer' returned '0': PYTHONPATH=/home/sergio/ros2_ws/build/cam_viewer/prefix_override:/home/sergio/.espressif/python_env/idf5.2_py3.10_env/lib/python3.10/site-packages/colcon_core/task/python/colcon_distutils_commands:/home/sergio/ros2_ws/install/cam_viewer/lib/python3.10/site-packages:${PYTHONPATH} /home/sergio/.espressif/python_env/idf5.2_py3.10_env/bin/python3 -W ignore:setup.py install is deprecated -W ignore:easy_install command is deprecated setup.py egg_info --egg-base ../../build/cam_viewer build --build-base /home/sergio/ros2_ws/build/cam_viewer/build install --record /home/sergio/ros2_ws/build/cam_viewer/install.log --single-version-externally-managed install_data
