[6.886s] Invoking command in '/home/sergio/ros2_ws/src/ejercicio_dos': PYTHONPATH=/home/sergio/ros2_ws/build/ejercicio_dos/prefix_override:/usr/lib/python3/dist-packages/colcon_core/task/python/colcon_distutils_commands:/home/sergio/ros2_ws/install/ejercicio_dos/lib/python3.10/site-packages:${PYTHONPATH} /usr/bin/python3 -W ignore:setup.py install is deprecated -W ignore:easy_install command is deprecated setup.py egg_info --egg-base ../../build/ejercicio_dos build --build-base /home/sergio/ros2_ws/build/ejercicio_dos/build install --record /home/sergio/ros2_ws/build/ejercicio_dos/install.log --single-version-externally-managed install_data
[9.262s] running egg_info
[9.286s] creating ../../build/ejercicio_dos/ejercicio_dos.egg-info
[9.286s] writing ../../build/ejercicio_dos/ejercicio_dos.egg-info/PKG-INFO
[9.286s] writing dependency_links to ../../build/ejercicio_dos/ejercicio_dos.egg-info/dependency_links.txt
[9.286s] writing entry points to ../../build/ejercicio_dos/ejercicio_dos.egg-info/entry_points.txt
[9.286s] writing requirements to ../../build/ejercicio_dos/ejercicio_dos.egg-info/requires.txt
[9.287s] writing top-level names to ../../build/ejercicio_dos/ejercicio_dos.egg-info/top_level.txt
[9.287s] writing manifest file '../../build/ejercicio_dos/ejercicio_dos.egg-info/SOURCES.txt'
[9.308s] reading manifest file '../../build/ejercicio_dos/ejercicio_dos.egg-info/SOURCES.txt'
[9.309s] writing manifest file '../../build/ejercicio_dos/ejercicio_dos.egg-info/SOURCES.txt'
[9.309s] running build
[9.309s] running build_py
[9.309s] creating /home/sergio/ros2_ws/build/ejercicio_dos/build
[9.309s] creating /home/sergio/ros2_ws/build/ejercicio_dos/build/lib
[9.310s] creating /home/sergio/ros2_ws/build/ejercicio_dos/build/lib/ejercicio_dos
[9.310s] copying ejercicio_dos/suma_cuadrados.py -> /home/sergio/ros2_ws/build/ejercicio_dos/build/lib/ejercicio_dos
[9.310s] copying ejercicio_dos/pares_publisher.py -> /home/sergio/ros2_ws/build/ejercicio_dos/build/lib/ejercicio_dos
[9.310s] copying ejercicio_dos/__init__.py -> /home/sergio/ros2_ws/build/ejercicio_dos/build/lib/ejercicio_dos
[9.310s] copying ejercicio_dos/impares_publisher.py -> /home/sergio/ros2_ws/build/ejercicio_dos/build/lib/ejercicio_dos
[9.310s] running install
[9.311s] running install_lib
[9.311s] creating /home/sergio/ros2_ws/install/ejercicio_dos/lib/python3.10/site-packages/ejercicio_dos
[9.311s] copying /home/sergio/ros2_ws/build/ejercicio_dos/build/lib/ejercicio_dos/suma_cuadrados.py -> /home/sergio/ros2_ws/install/ejercicio_dos/lib/python3.10/site-packages/ejercicio_dos
[9.311s] copying /home/sergio/ros2_ws/build/ejercicio_dos/build/lib/ejercicio_dos/pares_publisher.py -> /home/sergio/ros2_ws/install/ejercicio_dos/lib/python3.10/site-packages/ejercicio_dos
[9.311s] copying /home/sergio/ros2_ws/build/ejercicio_dos/build/lib/ejercicio_dos/__init__.py -> /home/sergio/ros2_ws/install/ejercicio_dos/lib/python3.10/site-packages/ejercicio_dos
[9.311s] copying /home/sergio/ros2_ws/build/ejercicio_dos/build/lib/ejercicio_dos/impares_publisher.py -> /home/sergio/ros2_ws/install/ejercicio_dos/lib/python3.10/site-packages/ejercicio_dos
[9.311s] byte-compiling /home/sergio/ros2_ws/install/ejercicio_dos/lib/python3.10/site-packages/ejercicio_dos/suma_cuadrados.py to suma_cuadrados.cpython-310.pyc
[9.311s] byte-compiling /home/sergio/ros2_ws/install/ejercicio_dos/lib/python3.10/site-packages/ejercicio_dos/pares_publisher.py to pares_publisher.cpython-310.pyc
[9.311s] byte-compiling /home/sergio/ros2_ws/install/ejercicio_dos/lib/python3.10/site-packages/ejercicio_dos/__init__.py to __init__.cpython-310.pyc
[9.338s] byte-compiling /home/sergio/ros2_ws/install/ejercicio_dos/lib/python3.10/site-packages/ejercicio_dos/impares_publisher.py to impares_publisher.cpython-310.pyc
[9.338s] running install_data
[9.338s] creating /home/sergio/ros2_ws/install/ejercicio_dos/share/ament_index
[9.339s] creating /home/sergio/ros2_ws/install/ejercicio_dos/share/ament_index/resource_index
[9.340s] creating /home/sergio/ros2_ws/install/ejercicio_dos/share/ament_index/resource_index/packages
[9.340s] copying resource/ejercicio_dos -> /home/sergio/ros2_ws/install/ejercicio_dos/share/ament_index/resource_index/packages
[9.340s] copying package.xml -> /home/sergio/ros2_ws/install/ejercicio_dos/share/ejercicio_dos
[9.340s] running install_egg_info
[9.341s] Copying ../../build/ejercicio_dos/ejercicio_dos.egg-info to /home/sergio/ros2_ws/install/ejercicio_dos/lib/python3.10/site-packages/ejercicio_dos-0.0.0-py3.10.egg-info
[9.341s] running install_scripts
[9.496s] Installing impares_publisher script to /home/sergio/ros2_ws/install/ejercicio_dos/lib/ejercicio_dos
[9.496s] Installing pares_publisher script to /home/sergio/ros2_ws/install/ejercicio_dos/lib/ejercicio_dos
[9.496s] Installing suma_cuadrados script to /home/sergio/ros2_ws/install/ejercicio_dos/lib/ejercicio_dos
[9.497s] writing list of installed files to '/home/sergio/ros2_ws/build/ejercicio_dos/install.log'
[13.648s] Invoked command in '/home/sergio/ros2_ws/src/ejercicio_dos' returned '0': PYTHONPATH=/home/sergio/ros2_ws/build/ejercicio_dos/prefix_override:/usr/lib/python3/dist-packages/colcon_core/task/python/colcon_distutils_commands:/home/sergio/ros2_ws/install/ejercicio_dos/lib/python3.10/site-packages:${PYTHONPATH} /usr/bin/python3 -W ignore:setup.py install is deprecated -W ignore:easy_install command is deprecated setup.py egg_info --egg-base ../../build/ejercicio_dos build --build-base /home/sergio/ros2_ws/build/ejercicio_dos/build install --record /home/sergio/ros2_ws/build/ejercicio_dos/install.log --single-version-externally-managed install_data
