[0.152s] Invoking command in '/home/sergio/ros2_ws/build/moveit_task_constructor_visualization': CMAKE_PREFIX_PATH=/home/sergio/ros2_ws/install/moveit_task_constructor_core:/home/sergio/ros2_ws/install/moveit_resources_fanuc_moveit_config:/home/sergio/ros2_ws/install/rviz_marker_tools:/home/sergio/ros2_ws/install/moveit_task_constructor_msgs:/home/sergio/ros2_ws/install/moveit_resources_fanuc_description:/home/sergio/ros2_ws/install/trr_robot:/home/sergio/ros2_ws/install/stage_worlds:/home/sergio/ros2_ws/install/stage_ros2:/home/sergio/ros2_ws/install/moveit_task_constructor_visualization:/home/sergio/ros2_ws/install/moveit_task_constructor_demo:/home/sergio/ros2_ws/install/moveit_task_constructor_capabilities:/home/sergio/ros2_ws/install/moveit2_tutorials:/home/sergio/ros2_ws/install/robot_description:/home/sergio/ros2_ws/install/p2_ej2:/home/sergio/ros2_ws/install/p1_ej3_interface:/home/sergio/ros2_ws/install/p1_ej2_interface:/home/sergio/ros2_ws/install/navigation_tb3:/home/sergio/ros2_ws/install/moveit_resources:/home/sergio/ros2_ws/install/moveit_resources_pr2_description:/home/sergio/ros2_ws/install/moveit_resources_panda_moveit_config:/home/sergio/ros2_ws/install/moveit_resources_panda_description:/home/sergio/ros2_ws/install/mma_interfaces:/home/sergio/ros2_ws/install/hello_moveit:/home/sergio/ros2_ws/install/ejercicio_tres_interface:/home/sergio/ros2_ws/install/Stage:/home/sergio/ros2_ws/install/trr_robot_ps:/home/sergio/ros2_ws/install/robot_nav:/home/sergio/ros2_ws/install/robot_autonomo:/home/sergio/ros2_ws/install/pico_control_pub:/home/sergio/ros2_ws/install/p2_ej3:/home/sergio/ros2_ws/install/p1_ej3_servidor:/home/sergio/ros2_ws/install/p1_ej3_cliente:/home/sergio/ros2_ws/install/p1_ej2_nodos_sensor:/home/sergio/ros2_ws/install/p1_ej2_nodo5:/home/sergio/ros2_ws/install/p1_ej2_nodo4:/home/sergio/ros2_ws/install/nodo_adc_sub:/home/sergio/ros2_ws/install/my_stage_mover:/home/sergio/ros2_ws/install/my_package:/home/sergio/ros2_ws/install/mma_talker:/home/sergio/ros2_ws/install/mma_service:/home/sergio/ros2_ws/install/mma_listener:/home/sergio/ros2_ws/install/ejercicio_tres_server:/home/sergio/ros2_ws/install/ejercicio_tres_client:/home/sergio/ros2_ws/install/ejercicio_dos:/home/sergio/ros2_ws/install/ejercicio1_pkg:/home/sergio/ros2_ws/install/ejemplo_uno:/home/sergio/ros2_ws/install/cam_viewer:/home/sergio/ros2_ws/install/auto_mover:/home/sergio/ros2_ws/install/P1_ej1_sub:/home/sergio/ros2_ws/install/P1_ej1_pub:/opt/ros/humble LD_LIBRARY_PATH=/home/sergio/ros2_ws/install/moveit_task_constructor_core/lib:/home/sergio/ros2_ws/install/rviz_marker_tools/lib:/home/sergio/ros2_ws/install/moveit_task_constructor_msgs/lib:/home/sergio/ros2_ws/install/stage_ros2/lib:/home/sergio/ros2_ws/install/moveit_task_constructor_visualization/lib:/home/sergio/ros2_ws/install/moveit_task_constructor_demo/lib:/home/sergio/ros2_ws/install/moveit_task_constructor_capabilities/lib:/home/sergio/ros2_ws/install/p1_ej3_interface/lib:/home/sergio/ros2_ws/install/p1_ej2_interface/lib:/home/sergio/ros2_ws/install/mma_interfaces/lib:/home/sergio/ros2_ws/install/ejercicio_tres_interface/lib:/home/sergio/ros2_ws/install/Stage/lib:/usr/lib/x86_64-linux-gnu/gazebo-11/plugins:/opt/ros/humble/opt/rviz_ogre_vendor/lib:/opt/ros/humble/lib/x86_64-linux-gnu:/opt/ros/humble/lib /usr/bin/cmake --build /home/sergio/ros2_ws/build/moveit_task_constructor_visualization -- -j16 -l16
[0.564s] [  1%] [34m[1mAutomatic MOC for target gtest[0m
[0.564s] [  3%] [34m[1mAutomatic MOC for target motion_planning_tasks_properties[0m
[0.564s] [  4%] [34m[1mAutomatic MOC for target gmock_main[0m
[0.564s] [  6%] [34m[1mAutomatic MOC for target moveit_task_visualization_tools[0m
[0.564s] [  7%] [34m[1mAutomatic MOC for target motion_planning_tasks_utils[0m
[0.564s] [  9%] [34m[1mAutomatic MOC for target gmock[0m
[0.565s] [ 10%] [34m[1mAutomatic MOC for target gtest_main[0m
[0.565s] [ 10%] Built target motion_planning_tasks_properties_autogen
[0.565s] [ 10%] Built target gmock_main_autogen
[0.565s] [ 10%] Built target gtest_autogen
[0.565s] [ 10%] Built target motion_planning_tasks_utils_autogen
[0.565s] [ 10%] Built target gmock_autogen
[0.565s] [ 10%] Built target moveit_task_visualization_tools_autogen
[0.565s] [ 10%] Built target gtest_main_autogen
[0.586s] [ 15%] Built target gmock_main
[0.586s] [ 20%] Built target gtest
[0.597s] [ 26%] Built target motion_planning_tasks_properties
[0.601s] [ 32%] Built target gmock
[0.613s] [ 40%] Built target motion_planning_tasks_utils
[0.624s] [ 44%] Built target gtest_main
[0.685s] [ 53%] Built target moveit_task_visualization_tools
[0.691s] [ 55%] [34m[1mAutomatic MOC for target moveit_task_constructor_visualization-test-merge-models[0m
[0.754s] [ 56%] [34m[1mAutomatic MOC for target motion_planning_tasks_rviz_plugin[0m
[0.755s] [ 56%] Built target moveit_task_constructor_visualization-test-merge-models_autogen
[0.826s] [ 61%] Built target moveit_task_constructor_visualization-test-merge-models
[0.844s] [ 61%] Built target motion_planning_tasks_rviz_plugin_autogen
[0.977s] [ 87%] Built target motion_planning_tasks_rviz_plugin
[1.022s] [ 89%] [34m[1mAutomatic MOC for target moveit_task_constructor_visualization-test-solution-models[0m
[1.025s] [ 90%] [34m[1mAutomatic MOC for target moveit_task_constructor_visualization-test-task_model[0m
[1.063s] [ 90%] Built target moveit_task_constructor_visualization-test-solution-models_autogen
[1.069s] [ 90%] Built target moveit_task_constructor_visualization-test-task_model_autogen
[1.127s] [ 95%] Built target moveit_task_constructor_visualization-test-solution-models
[1.132s] [100%] Built target moveit_task_constructor_visualization-test-task_model
[1.150s] Invoked command in '/home/sergio/ros2_ws/build/moveit_task_constructor_visualization' returned '0': CMAKE_PREFIX_PATH=/home/sergio/ros2_ws/install/moveit_task_constructor_core:/home/sergio/ros2_ws/install/moveit_resources_fanuc_moveit_config:/home/sergio/ros2_ws/install/rviz_marker_tools:/home/sergio/ros2_ws/install/moveit_task_constructor_msgs:/home/sergio/ros2_ws/install/moveit_resources_fanuc_description:/home/sergio/ros2_ws/install/trr_robot:/home/sergio/ros2_ws/install/stage_worlds:/home/sergio/ros2_ws/install/stage_ros2:/home/sergio/ros2_ws/install/moveit_task_constructor_visualization:/home/sergio/ros2_ws/install/moveit_task_constructor_demo:/home/sergio/ros2_ws/install/moveit_task_constructor_capabilities:/home/sergio/ros2_ws/install/moveit2_tutorials:/home/sergio/ros2_ws/install/robot_description:/home/sergio/ros2_ws/install/p2_ej2:/home/sergio/ros2_ws/install/p1_ej3_interface:/home/sergio/ros2_ws/install/p1_ej2_interface:/home/sergio/ros2_ws/install/navigation_tb3:/home/sergio/ros2_ws/install/moveit_resources:/home/sergio/ros2_ws/install/moveit_resources_pr2_description:/home/sergio/ros2_ws/install/moveit_resources_panda_moveit_config:/home/sergio/ros2_ws/install/moveit_resources_panda_description:/home/sergio/ros2_ws/install/mma_interfaces:/home/sergio/ros2_ws/install/hello_moveit:/home/sergio/ros2_ws/install/ejercicio_tres_interface:/home/sergio/ros2_ws/install/Stage:/home/sergio/ros2_ws/install/trr_robot_ps:/home/sergio/ros2_ws/install/robot_nav:/home/sergio/ros2_ws/install/robot_autonomo:/home/sergio/ros2_ws/install/pico_control_pub:/home/sergio/ros2_ws/install/p2_ej3:/home/sergio/ros2_ws/install/p1_ej3_servidor:/home/sergio/ros2_ws/install/p1_ej3_cliente:/home/sergio/ros2_ws/install/p1_ej2_nodos_sensor:/home/sergio/ros2_ws/install/p1_ej2_nodo5:/home/sergio/ros2_ws/install/p1_ej2_nodo4:/home/sergio/ros2_ws/install/nodo_adc_sub:/home/sergio/ros2_ws/install/my_stage_mover:/home/sergio/ros2_ws/install/my_package:/home/sergio/ros2_ws/install/mma_talker:/home/sergio/ros2_ws/install/mma_service:/home/sergio/ros2_ws/install/mma_listener:/home/sergio/ros2_ws/install/ejercicio_tres_server:/home/sergio/ros2_ws/install/ejercicio_tres_client:/home/sergio/ros2_ws/install/ejercicio_dos:/home/sergio/ros2_ws/install/ejercicio1_pkg:/home/sergio/ros2_ws/install/ejemplo_uno:/home/sergio/ros2_ws/install/cam_viewer:/home/sergio/ros2_ws/install/auto_mover:/home/sergio/ros2_ws/install/P1_ej1_sub:/home/sergio/ros2_ws/install/P1_ej1_pub:/opt/ros/humble LD_LIBRARY_PATH=/home/sergio/ros2_ws/install/moveit_task_constructor_core/lib:/home/sergio/ros2_ws/install/rviz_marker_tools/lib:/home/sergio/ros2_ws/install/moveit_task_constructor_msgs/lib:/home/sergio/ros2_ws/install/stage_ros2/lib:/home/sergio/ros2_ws/install/moveit_task_constructor_visualization/lib:/home/sergio/ros2_ws/install/moveit_task_constructor_demo/lib:/home/sergio/ros2_ws/install/moveit_task_constructor_capabilities/lib:/home/sergio/ros2_ws/install/p1_ej3_interface/lib:/home/sergio/ros2_ws/install/p1_ej2_interface/lib:/home/sergio/ros2_ws/install/mma_interfaces/lib:/home/sergio/ros2_ws/install/ejercicio_tres_interface/lib:/home/sergio/ros2_ws/install/Stage/lib:/usr/lib/x86_64-linux-gnu/gazebo-11/plugins:/opt/ros/humble/opt/rviz_ogre_vendor/lib:/opt/ros/humble/lib/x86_64-linux-gnu:/opt/ros/humble/lib /usr/bin/cmake --build /home/sergio/ros2_ws/build/moveit_task_constructor_visualization -- -j16 -l16
[1.152s] Invoking command in '/home/sergio/ros2_ws/build/moveit_task_constructor_visualization': CMAKE_PREFIX_PATH=/home/sergio/ros2_ws/install/moveit_task_constructor_core:/home/sergio/ros2_ws/install/moveit_resources_fanuc_moveit_config:/home/sergio/ros2_ws/install/rviz_marker_tools:/home/sergio/ros2_ws/install/moveit_task_constructor_msgs:/home/sergio/ros2_ws/install/moveit_resources_fanuc_description:/home/sergio/ros2_ws/install/trr_robot:/home/sergio/ros2_ws/install/stage_worlds:/home/sergio/ros2_ws/install/stage_ros2:/home/sergio/ros2_ws/install/moveit_task_constructor_visualization:/home/sergio/ros2_ws/install/moveit_task_constructor_demo:/home/sergio/ros2_ws/install/moveit_task_constructor_capabilities:/home/sergio/ros2_ws/install/moveit2_tutorials:/home/sergio/ros2_ws/install/robot_description:/home/sergio/ros2_ws/install/p2_ej2:/home/sergio/ros2_ws/install/p1_ej3_interface:/home/sergio/ros2_ws/install/p1_ej2_interface:/home/sergio/ros2_ws/install/navigation_tb3:/home/sergio/ros2_ws/install/moveit_resources:/home/sergio/ros2_ws/install/moveit_resources_pr2_description:/home/sergio/ros2_ws/install/moveit_resources_panda_moveit_config:/home/sergio/ros2_ws/install/moveit_resources_panda_description:/home/sergio/ros2_ws/install/mma_interfaces:/home/sergio/ros2_ws/install/hello_moveit:/home/sergio/ros2_ws/install/ejercicio_tres_interface:/home/sergio/ros2_ws/install/Stage:/home/sergio/ros2_ws/install/trr_robot_ps:/home/sergio/ros2_ws/install/robot_nav:/home/sergio/ros2_ws/install/robot_autonomo:/home/sergio/ros2_ws/install/pico_control_pub:/home/sergio/ros2_ws/install/p2_ej3:/home/sergio/ros2_ws/install/p1_ej3_servidor:/home/sergio/ros2_ws/install/p1_ej3_cliente:/home/sergio/ros2_ws/install/p1_ej2_nodos_sensor:/home/sergio/ros2_ws/install/p1_ej2_nodo5:/home/sergio/ros2_ws/install/p1_ej2_nodo4:/home/sergio/ros2_ws/install/nodo_adc_sub:/home/sergio/ros2_ws/install/my_stage_mover:/home/sergio/ros2_ws/install/my_package:/home/sergio/ros2_ws/install/mma_talker:/home/sergio/ros2_ws/install/mma_service:/home/sergio/ros2_ws/install/mma_listener:/home/sergio/ros2_ws/install/ejercicio_tres_server:/home/sergio/ros2_ws/install/ejercicio_tres_client:/home/sergio/ros2_ws/install/ejercicio_dos:/home/sergio/ros2_ws/install/ejercicio1_pkg:/home/sergio/ros2_ws/install/ejemplo_uno:/home/sergio/ros2_ws/install/cam_viewer:/home/sergio/ros2_ws/install/auto_mover:/home/sergio/ros2_ws/install/P1_ej1_sub:/home/sergio/ros2_ws/install/P1_ej1_pub:/opt/ros/humble LD_LIBRARY_PATH=/home/sergio/ros2_ws/install/moveit_task_constructor_core/lib:/home/sergio/ros2_ws/install/rviz_marker_tools/lib:/home/sergio/ros2_ws/install/moveit_task_constructor_msgs/lib:/home/sergio/ros2_ws/install/stage_ros2/lib:/home/sergio/ros2_ws/install/moveit_task_constructor_visualization/lib:/home/sergio/ros2_ws/install/moveit_task_constructor_demo/lib:/home/sergio/ros2_ws/install/moveit_task_constructor_capabilities/lib:/home/sergio/ros2_ws/install/p1_ej3_interface/lib:/home/sergio/ros2_ws/install/p1_ej2_interface/lib:/home/sergio/ros2_ws/install/mma_interfaces/lib:/home/sergio/ros2_ws/install/ejercicio_tres_interface/lib:/home/sergio/ros2_ws/install/Stage/lib:/usr/lib/x86_64-linux-gnu/gazebo-11/plugins:/opt/ros/humble/opt/rviz_ogre_vendor/lib:/opt/ros/humble/lib/x86_64-linux-gnu:/opt/ros/humble/lib /usr/bin/cmake --install /home/sergio/ros2_ws/build/moveit_task_constructor_visualization
[1.172s] -- Install configuration: "Release"
[1.172s] -- Up-to-date: /home/sergio/ros2_ws/install/moveit_task_constructor_visualization/include
[1.172s] -- Up-to-date: /home/sergio/ros2_ws/install/moveit_task_constructor_visualization/include/moveit
[1.173s] -- Up-to-date: /home/sergio/ros2_ws/install/moveit_task_constructor_visualization/include/moveit/visualization_tools
[1.173s] -- Up-to-date: /home/sergio/ros2_ws/install/moveit_task_constructor_visualization/include/moveit/visualization_tools/task_solution_visualization.h
[1.173s] -- Up-to-date: /home/sergio/ros2_ws/install/moveit_task_constructor_visualization/include/moveit/visualization_tools/task_solution_panel.h
[1.173s] -- Up-to-date: /home/sergio/ros2_ws/install/moveit_task_constructor_visualization/include/moveit/visualization_tools/marker_visualization.h
[1.173s] -- Up-to-date: /home/sergio/ros2_ws/install/moveit_task_constructor_visualization/include/moveit/visualization_tools/display_solution.h
[1.173s] -- Up-to-date: /home/sergio/ros2_ws/install/moveit_task_constructor_visualization/lib/libmoveit_task_visualization_tools.so.0.1.3
[1.173s] -- Up-to-date: /home/sergio/ros2_ws/install/moveit_task_constructor_visualization/lib/libmoveit_task_visualization_tools.so
[1.174s] -- Up-to-date: /home/sergio/ros2_ws/install/moveit_task_constructor_visualization/lib/libmotion_planning_tasks_utils.so
[1.175s] -- Up-to-date: /home/sergio/ros2_ws/install/moveit_task_constructor_visualization/lib/libmotion_planning_tasks_properties.so
[1.175s] -- Up-to-date: /home/sergio/ros2_ws/install/moveit_task_constructor_visualization/lib/libmotion_planning_tasks_rviz_plugin.so.0.1.3
[1.176s] -- Up-to-date: /home/sergio/ros2_ws/install/moveit_task_constructor_visualization/lib/libmotion_planning_tasks_rviz_plugin.so
[1.178s] -- Up-to-date: /home/sergio/ros2_ws/install/moveit_task_constructor_visualization/share/icons
[1.178s] -- Up-to-date: /home/sergio/ros2_ws/install/moveit_task_constructor_visualization/share/icons/classes
[1.178s] -- Up-to-date: /home/sergio/ros2_ws/install/moveit_task_constructor_visualization/share/icons/classes/Motion Planning Tasks.svg
[1.179s] -- Up-to-date: /home/sergio/ros2_ws/install/moveit_task_constructor_visualization/share/moveit_task_constructor_visualization/motion_planning_tasks_rviz_plugin_description.xml
[1.179s] -- Up-to-date: /home/sergio/ros2_ws/install/moveit_task_constructor_visualization/share/moveit_task_constructor_visualization/environment/library_path.sh
[1.179s] -- Up-to-date: /home/sergio/ros2_ws/install/moveit_task_constructor_visualization/share/moveit_task_constructor_visualization/environment/library_path.dsv
[1.179s] -- Up-to-date: /home/sergio/ros2_ws/install/moveit_task_constructor_visualization/share/ament_index/resource_index/package_run_dependencies/moveit_task_constructor_visualization
[1.179s] -- Up-to-date: /home/sergio/ros2_ws/install/moveit_task_constructor_visualization/share/ament_index/resource_index/parent_prefix_path/moveit_task_constructor_visualization
[1.179s] -- Up-to-date: /home/sergio/ros2_ws/install/moveit_task_constructor_visualization/share/moveit_task_constructor_visualization/environment/ament_prefix_path.sh
[1.179s] -- Up-to-date: /home/sergio/ros2_ws/install/moveit_task_constructor_visualization/share/moveit_task_constructor_visualization/environment/ament_prefix_path.dsv
[1.179s] -- Up-to-date: /home/sergio/ros2_ws/install/moveit_task_constructor_visualization/share/moveit_task_constructor_visualization/environment/path.sh
[1.180s] -- Up-to-date: /home/sergio/ros2_ws/install/moveit_task_constructor_visualization/share/moveit_task_constructor_visualization/environment/path.dsv
[1.180s] -- Up-to-date: /home/sergio/ros2_ws/install/moveit_task_constructor_visualization/share/moveit_task_constructor_visualization/local_setup.bash
[1.180s] -- Up-to-date: /home/sergio/ros2_ws/install/moveit_task_constructor_visualization/share/moveit_task_constructor_visualization/local_setup.sh
[1.180s] -- Up-to-date: /home/sergio/ros2_ws/install/moveit_task_constructor_visualization/share/moveit_task_constructor_visualization/local_setup.zsh
[1.180s] -- Up-to-date: /home/sergio/ros2_ws/install/moveit_task_constructor_visualization/share/moveit_task_constructor_visualization/local_setup.dsv
[1.180s] -- Installing: /home/sergio/ros2_ws/install/moveit_task_constructor_visualization/share/moveit_task_constructor_visualization/package.dsv
[1.180s] -- Up-to-date: /home/sergio/ros2_ws/install/moveit_task_constructor_visualization/share/ament_index/resource_index/packages/moveit_task_constructor_visualization
[1.180s] -- Up-to-date: /home/sergio/ros2_ws/install/moveit_task_constructor_visualization/share/ament_index/resource_index/rviz_common__pluginlib__plugin/moveit_task_constructor_visualization
[1.180s] -- Up-to-date: /home/sergio/ros2_ws/install/moveit_task_constructor_visualization/share/moveit_task_constructor_visualization/cmake/ament_cmake_export_include_directories-extras.cmake
[1.181s] -- Up-to-date: /home/sergio/ros2_ws/install/moveit_task_constructor_visualization/share/moveit_task_constructor_visualization/cmake/ament_cmake_export_libraries-extras.cmake
[1.181s] -- Up-to-date: /home/sergio/ros2_ws/install/moveit_task_constructor_visualization/share/moveit_task_constructor_visualization/cmake/ament_cmake_export_dependencies-extras.cmake
[1.181s] -- Up-to-date: /home/sergio/ros2_ws/install/moveit_task_constructor_visualization/share/moveit_task_constructor_visualization/cmake/moveit_task_constructor_visualizationConfig.cmake
[1.181s] -- Up-to-date: /home/sergio/ros2_ws/install/moveit_task_constructor_visualization/share/moveit_task_constructor_visualization/cmake/moveit_task_constructor_visualizationConfig-version.cmake
[1.182s] -- Up-to-date: /home/sergio/ros2_ws/install/moveit_task_constructor_visualization/share/moveit_task_constructor_visualization/package.xml
[1.183s] Invoked command in '/home/sergio/ros2_ws/build/moveit_task_constructor_visualization' returned '0': CMAKE_PREFIX_PATH=/home/sergio/ros2_ws/install/moveit_task_constructor_core:/home/sergio/ros2_ws/install/moveit_resources_fanuc_moveit_config:/home/sergio/ros2_ws/install/rviz_marker_tools:/home/sergio/ros2_ws/install/moveit_task_constructor_msgs:/home/sergio/ros2_ws/install/moveit_resources_fanuc_description:/home/sergio/ros2_ws/install/trr_robot:/home/sergio/ros2_ws/install/stage_worlds:/home/sergio/ros2_ws/install/stage_ros2:/home/sergio/ros2_ws/install/moveit_task_constructor_visualization:/home/sergio/ros2_ws/install/moveit_task_constructor_demo:/home/sergio/ros2_ws/install/moveit_task_constructor_capabilities:/home/sergio/ros2_ws/install/moveit2_tutorials:/home/sergio/ros2_ws/install/robot_description:/home/sergio/ros2_ws/install/p2_ej2:/home/sergio/ros2_ws/install/p1_ej3_interface:/home/sergio/ros2_ws/install/p1_ej2_interface:/home/sergio/ros2_ws/install/navigation_tb3:/home/sergio/ros2_ws/install/moveit_resources:/home/sergio/ros2_ws/install/moveit_resources_pr2_description:/home/sergio/ros2_ws/install/moveit_resources_panda_moveit_config:/home/sergio/ros2_ws/install/moveit_resources_panda_description:/home/sergio/ros2_ws/install/mma_interfaces:/home/sergio/ros2_ws/install/hello_moveit:/home/sergio/ros2_ws/install/ejercicio_tres_interface:/home/sergio/ros2_ws/install/Stage:/home/sergio/ros2_ws/install/trr_robot_ps:/home/sergio/ros2_ws/install/robot_nav:/home/sergio/ros2_ws/install/robot_autonomo:/home/sergio/ros2_ws/install/pico_control_pub:/home/sergio/ros2_ws/install/p2_ej3:/home/sergio/ros2_ws/install/p1_ej3_servidor:/home/sergio/ros2_ws/install/p1_ej3_cliente:/home/sergio/ros2_ws/install/p1_ej2_nodos_sensor:/home/sergio/ros2_ws/install/p1_ej2_nodo5:/home/sergio/ros2_ws/install/p1_ej2_nodo4:/home/sergio/ros2_ws/install/nodo_adc_sub:/home/sergio/ros2_ws/install/my_stage_mover:/home/sergio/ros2_ws/install/my_package:/home/sergio/ros2_ws/install/mma_talker:/home/sergio/ros2_ws/install/mma_service:/home/sergio/ros2_ws/install/mma_listener:/home/sergio/ros2_ws/install/ejercicio_tres_server:/home/sergio/ros2_ws/install/ejercicio_tres_client:/home/sergio/ros2_ws/install/ejercicio_dos:/home/sergio/ros2_ws/install/ejercicio1_pkg:/home/sergio/ros2_ws/install/ejemplo_uno:/home/sergio/ros2_ws/install/cam_viewer:/home/sergio/ros2_ws/install/auto_mover:/home/sergio/ros2_ws/install/P1_ej1_sub:/home/sergio/ros2_ws/install/P1_ej1_pub:/opt/ros/humble LD_LIBRARY_PATH=/home/sergio/ros2_ws/install/moveit_task_constructor_core/lib:/home/sergio/ros2_ws/install/rviz_marker_tools/lib:/home/sergio/ros2_ws/install/moveit_task_constructor_msgs/lib:/home/sergio/ros2_ws/install/stage_ros2/lib:/home/sergio/ros2_ws/install/moveit_task_constructor_visualization/lib:/home/sergio/ros2_ws/install/moveit_task_constructor_demo/lib:/home/sergio/ros2_ws/install/moveit_task_constructor_capabilities/lib:/home/sergio/ros2_ws/install/p1_ej3_interface/lib:/home/sergio/ros2_ws/install/p1_ej2_interface/lib:/home/sergio/ros2_ws/install/mma_interfaces/lib:/home/sergio/ros2_ws/install/ejercicio_tres_interface/lib:/home/sergio/ros2_ws/install/Stage/lib:/usr/lib/x86_64-linux-gnu/gazebo-11/plugins:/opt/ros/humble/opt/rviz_ogre_vendor/lib:/opt/ros/humble/lib/x86_64-linux-gnu:/opt/ros/humble/lib /usr/bin/cmake --install /home/sergio/ros2_ws/build/moveit_task_constructor_visualization
