[5.002s] Invoking command in '/home/sergio/ros2_ws/src/p1_ej2_nodo4': PYTHONPATH=/home/sergio/ros2_ws/build/p1_ej2_nodo4/prefix_override:/usr/lib/python3/dist-packages/colcon_core/task/python/colcon_distutils_commands:/home/sergio/ros2_ws/install/p1_ej2_nodo4/lib/python3.10/site-packages:${PYTHONPATH} /usr/bin/python3 -W ignore:setup.py install is deprecated -W ignore:easy_install command is deprecated setup.py egg_info --egg-base ../../build/p1_ej2_nodo4 build --build-base /home/sergio/ros2_ws/build/p1_ej2_nodo4/build install --record /home/sergio/ros2_ws/build/p1_ej2_nodo4/install.log --single-version-externally-managed install_data
[5.855s] running egg_info
[5.856s] writing ../../build/p1_ej2_nodo4/p1_ej2_nodo4.egg-info/PKG-INFO
[5.857s] writing dependency_links to ../../build/p1_ej2_nodo4/p1_ej2_nodo4.egg-info/dependency_links.txt
[5.858s] writing entry points to ../../build/p1_ej2_nodo4/p1_ej2_nodo4.egg-info/entry_points.txt
[5.858s] writing requirements to ../../build/p1_ej2_nodo4/p1_ej2_nodo4.egg-info/requires.txt
[5.858s] writing top-level names to ../../build/p1_ej2_nodo4/p1_ej2_nodo4.egg-info/top_level.txt
[5.862s] reading manifest file '../../build/p1_ej2_nodo4/p1_ej2_nodo4.egg-info/SOURCES.txt'
[5.864s] writing manifest file '../../build/p1_ej2_nodo4/p1_ej2_nodo4.egg-info/SOURCES.txt'
[5.864s] running build
[5.864s] running build_py
[5.865s] running install
[5.865s] running install_lib
[5.868s] running install_data
[5.869s] running install_egg_info
[5.873s] removing '/home/sergio/ros2_ws/install/p1_ej2_nodo4/lib/python3.10/site-packages/p1_ej2_nodo4-0.0.0-py3.10.egg-info' (and everything under it)
[5.873s] Copying ../../build/p1_ej2_nodo4/p1_ej2_nodo4.egg-info to /home/sergio/ros2_ws/install/p1_ej2_nodo4/lib/python3.10/site-packages/p1_ej2_nodo4-0.0.0-py3.10.egg-info
[5.875s] running install_scripts
[5.923s] Installing nodo4 script to /home/sergio/ros2_ws/install/p1_ej2_nodo4/lib/p1_ej2_nodo4
[5.924s] writing list of installed files to '/home/sergio/ros2_ws/build/p1_ej2_nodo4/install.log'
[6.277s] Invoked command in '/home/sergio/ros2_ws/src/p1_ej2_nodo4' returned '0': PYTHONPATH=/home/sergio/ros2_ws/build/p1_ej2_nodo4/prefix_override:/usr/lib/python3/dist-packages/colcon_core/task/python/colcon_distutils_commands:/home/sergio/ros2_ws/install/p1_ej2_nodo4/lib/python3.10/site-packages:${PYTHONPATH} /usr/bin/python3 -W ignore:setup.py install is deprecated -W ignore:easy_install command is deprecated setup.py egg_info --egg-base ../../build/p1_ej2_nodo4 build --build-base /home/sergio/ros2_ws/build/p1_ej2_nodo4/build install --record /home/sergio/ros2_ws/build/p1_ej2_nodo4/install.log --single-version-externally-managed install_data
