[1.736s] Invoking command in '/home/sergio/ros2_ws/src/my_package': PYTHONPATH=/home/sergio/ros2_ws/build/my_package/prefix_override:/usr/lib/python3/dist-packages/colcon_core/task/python/colcon_distutils_commands:/home/sergio/ros2_ws/install/my_package/lib/python3.10/site-packages:${PYTHONPATH} /usr/bin/python3 -W ignore:setup.py install is deprecated -W ignore:easy_install command is deprecated setup.py egg_info --egg-base ../../build/my_package build --build-base /home/sergio/ros2_ws/build/my_package/build install --record /home/sergio/ros2_ws/build/my_package/install.log --single-version-externally-managed install_data
[1.990s] running egg_info
[1.990s] writing ../../build/my_package/my_package.egg-info/PKG-INFO
[1.993s] writing dependency_links to ../../build/my_package/my_package.egg-info/dependency_links.txt
[1.994s] writing entry points to ../../build/my_package/my_package.egg-info/entry_points.txt
[1.994s] writing requirements to ../../build/my_package/my_package.egg-info/requires.txt
[1.994s] writing top-level names to ../../build/my_package/my_package.egg-info/top_level.txt
[1.994s] reading manifest file '../../build/my_package/my_package.egg-info/SOURCES.txt'
[1.994s] writing manifest file '../../build/my_package/my_package.egg-info/SOURCES.txt'
[1.994s] running build
[1.994s] running build_py
[1.995s] running install
[1.995s] running install_lib
[1.998s] running install_data
[1.998s] running install_egg_info
[2.001s] removing '/home/sergio/ros2_ws/install/my_package/lib/python3.10/site-packages/my_package-0.0.0-py3.10.egg-info' (and everything under it)
[2.001s] Copying ../../build/my_package/my_package.egg-info to /home/sergio/ros2_ws/install/my_package/lib/python3.10/site-packages/my_package-0.0.0-py3.10.egg-info
[2.002s] running install_scripts
[2.029s] Installing my_node script to /home/sergio/ros2_ws/install/my_package/lib/my_package
[2.030s] writing list of installed files to '/home/sergio/ros2_ws/build/my_package/install.log'
[2.057s] Invoked command in '/home/sergio/ros2_ws/src/my_package' returned '0': PYTHONPATH=/home/sergio/ros2_ws/build/my_package/prefix_override:/usr/lib/python3/dist-packages/colcon_core/task/python/colcon_distutils_commands:/home/sergio/ros2_ws/install/my_package/lib/python3.10/site-packages:${PYTHONPATH} /usr/bin/python3 -W ignore:setup.py install is deprecated -W ignore:easy_install command is deprecated setup.py egg_info --egg-base ../../build/my_package build --build-base /home/sergio/ros2_ws/build/my_package/build install --record /home/sergio/ros2_ws/build/my_package/install.log --single-version-externally-managed install_data
