[5.508s] Invoking command in '/home/sergio/ros2_ws/src/mma_listener': PYTHONPATH=/home/sergio/ros2_ws/build/mma_listener/prefix_override:/usr/lib/python3/dist-packages/colcon_core/task/python/colcon_distutils_commands:/home/sergio/ros2_ws/install/mma_listener/lib/python3.10/site-packages:${PYTHONPATH} /usr/bin/python3 -W ignore:setup.py install is deprecated -W ignore:easy_install command is deprecated setup.py egg_info --egg-base ../../build/mma_listener build --build-base /home/sergio/ros2_ws/build/mma_listener/build install --record /home/sergio/ros2_ws/build/mma_listener/install.log --single-version-externally-managed install_data
[6.390s] running egg_info
[6.390s] writing ../../build/mma_listener/mma_listener.egg-info/PKG-INFO
[6.391s] writing dependency_links to ../../build/mma_listener/mma_listener.egg-info/dependency_links.txt
[6.393s] writing entry points to ../../build/mma_listener/mma_listener.egg-info/entry_points.txt
[6.393s] writing requirements to ../../build/mma_listener/mma_listener.egg-info/requires.txt
[6.393s] writing top-level names to ../../build/mma_listener/mma_listener.egg-info/top_level.txt
[6.396s] reading manifest file '../../build/mma_listener/mma_listener.egg-info/SOURCES.txt'
[6.399s] writing manifest file '../../build/mma_listener/mma_listener.egg-info/SOURCES.txt'
[6.399s] running build
[6.399s] running build_py
[6.400s] running install
[6.401s] running install_lib
[6.405s] running install_data
[6.405s] running install_egg_info
[6.410s] removing '/home/sergio/ros2_ws/install/mma_listener/lib/python3.10/site-packages/mma_listener-0.0.0-py3.10.egg-info' (and everything under it)
[6.411s] Copying ../../build/mma_listener/mma_listener.egg-info to /home/sergio/ros2_ws/install/mma_listener/lib/python3.10/site-packages/mma_listener-0.0.0-py3.10.egg-info
[6.413s] running install_scripts
[6.487s] Installing listener script to /home/sergio/ros2_ws/install/mma_listener/lib/mma_listener
[6.487s] writing list of installed files to '/home/sergio/ros2_ws/build/mma_listener/install.log'
[6.550s] Invoked command in '/home/sergio/ros2_ws/src/mma_listener' returned '0': PYTHONPATH=/home/sergio/ros2_ws/build/mma_listener/prefix_override:/usr/lib/python3/dist-packages/colcon_core/task/python/colcon_distutils_commands:/home/sergio/ros2_ws/install/mma_listener/lib/python3.10/site-packages:${PYTHONPATH} /usr/bin/python3 -W ignore:setup.py install is deprecated -W ignore:easy_install command is deprecated setup.py egg_info --egg-base ../../build/mma_listener build --build-base /home/sergio/ros2_ws/build/mma_listener/build install --record /home/sergio/ros2_ws/build/mma_listener/install.log --single-version-externally-managed install_data
