[2.862s] Invoking command in '/home/sergio/ros2_ws/src/mma_service': PYTHONPATH=/home/sergio/ros2_ws/build/mma_service/prefix_override:/usr/lib/python3/dist-packages/colcon_core/task/python/colcon_distutils_commands:/home/sergio/ros2_ws/install/mma_service/lib/python3.10/site-packages:${PYTHONPATH} /usr/bin/python3 -W ignore:setup.py install is deprecated -W ignore:easy_install command is deprecated setup.py egg_info --egg-base ../../build/mma_service build --build-base /home/sergio/ros2_ws/build/mma_service/build install --record /home/sergio/ros2_ws/build/mma_service/install.log --single-version-externally-managed install_data
[3.236s] running egg_info
[3.237s] writing ../../build/mma_service/mma_service.egg-info/PKG-INFO
[3.237s] writing dependency_links to ../../build/mma_service/mma_service.egg-info/dependency_links.txt
[3.238s] writing entry points to ../../build/mma_service/mma_service.egg-info/entry_points.txt
[3.238s] writing requirements to ../../build/mma_service/mma_service.egg-info/requires.txt
[3.238s] writing top-level names to ../../build/mma_service/mma_service.egg-info/top_level.txt
[3.240s] reading manifest file '../../build/mma_service/mma_service.egg-info/SOURCES.txt'
[3.242s] writing manifest file '../../build/mma_service/mma_service.egg-info/SOURCES.txt'
[3.242s] running build
[3.242s] running build_py
[3.242s] running install
[3.243s] running install_lib
[3.245s] running install_data
[3.245s] running install_egg_info
[3.248s] removing '/home/sergio/ros2_ws/install/mma_service/lib/python3.10/site-packages/mma_service-0.0.0-py3.10.egg-info' (and everything under it)
[3.250s] Copying ../../build/mma_service/mma_service.egg-info to /home/sergio/ros2_ws/install/mma_service/lib/python3.10/site-packages/mma_service-0.0.0-py3.10.egg-info
[3.251s] running install_scripts
[3.286s] Installing fight_service script to /home/sergio/ros2_ws/install/mma_service/lib/mma_service
[3.287s] writing list of installed files to '/home/sergio/ros2_ws/build/mma_service/install.log'
[3.441s] Invoked command in '/home/sergio/ros2_ws/src/mma_service' returned '0': PYTHONPATH=/home/sergio/ros2_ws/build/mma_service/prefix_override:/usr/lib/python3/dist-packages/colcon_core/task/python/colcon_distutils_commands:/home/sergio/ros2_ws/install/mma_service/lib/python3.10/site-packages:${PYTHONPATH} /usr/bin/python3 -W ignore:setup.py install is deprecated -W ignore:easy_install command is deprecated setup.py egg_info --egg-base ../../build/mma_service build --build-base /home/sergio/ros2_ws/build/mma_service/build install --record /home/sergio/ros2_ws/build/mma_service/install.log --single-version-externally-managed install_data
