[0.827s] Invoking command in '/home/sergio/ros2_ws/build/p1_ej3_interface': CMAKE_PREFIX_PATH=${CMAKE_PREFIX_PATH}:/home/sergio/ros2_ws/install/turtlebot3_teleop:/home/sergio/ros2_ws/install/turtlebot3_example:/home/sergio/ros2_ws/install/trr_robot_ps:/home/sergio/ros2_ws/install/robot_nav:/home/sergio/ros2_ws/install/robot_autonomo:/home/sergio/ros2_ws/install/p1_ej3_servidor:/home/sergio/ros2_ws/install/p1_ej3_cliente:/home/sergio/ros2_ws/install/p1_ej2_nodos_sensor:/home/sergio/ros2_ws/install/p1_ej2_nodo5:/home/sergio/ros2_ws/install/p1_ej2_nodo4:/home/sergio/ros2_ws/install/nodo_adc_sub:/home/sergio/ros2_ws/install/my_stage_mover:/home/sergio/ros2_ws/install/my_package:/home/sergio/ros2_ws/install/mma_talker:/home/sergio/ros2_ws/install/mma_service:/home/sergio/ros2_ws/install/mma_listener:/home/sergio/ros2_ws/install/ejercicio_tres_server:/home/sergio/ros2_ws/install/ejercicio_tres_client:/home/sergio/ros2_ws/install/ejercicio_dos:/home/sergio/ros2_ws/install/ejemplo_uno:/home/sergio/ros2_ws/install/auto_mover:/home/sergio/ros2_ws/install/P1_ej1_sub:/home/sergio/ros2_ws/install/P1_ej1_pub:/opt/ros/humble /usr/bin/cmake --build /home/sergio/ros2_ws/build/p1_ej3_interface -- -j16 -l16
[0.884s] [  3%] Built target p1_ej3_interface__cpp
[0.884s] [ 12%] Built target p1_ej3_interface__rosidl_generator_c
[0.894s] [ 12%] Built target ament_cmake_python_copy_p1_ej3_interface
[0.912s] [ 22%] Built target p1_ej3_interface__rosidl_typesupport_fastrtps_c
[0.913s] [ 32%] Built target p1_ej3_interface__rosidl_typesupport_cpp
[0.914s] [ 45%] Built target p1_ej3_interface__rosidl_typesupport_c
[0.914s] [ 51%] Built target p1_ej3_interface__rosidl_typesupport_introspection_cpp
[0.914s] [ 61%] Built target p1_ej3_interface__rosidl_typesupport_fastrtps_cpp
[0.916s] [ 70%] Built target p1_ej3_interface__rosidl_typesupport_introspection_c
[0.933s] [ 70%] Built target p1_ej3_interface
[0.960s] [ 74%] Built target p1_ej3_interface__py
[0.992s] [ 80%] Built target p1_ej3_interface__rosidl_generator_py
[1.015s] [100%] Built target p1_ej3_interface__rosidl_typesupport_introspection_c__pyext
[1.015s] [100%] Built target p1_ej3_interface__rosidl_typesupport_c__pyext
[1.015s] [100%] Built target p1_ej3_interface__rosidl_typesupport_fastrtps_c__pyext
[1.182s] running egg_info
[1.183s] writing p1_ej3_interface.egg-info/PKG-INFO
[1.183s] writing dependency_links to p1_ej3_interface.egg-info/dependency_links.txt
[1.183s] writing top-level names to p1_ej3_interface.egg-info/top_level.txt
[1.185s] reading manifest file 'p1_ej3_interface.egg-info/SOURCES.txt'
[1.185s] writing manifest file 'p1_ej3_interface.egg-info/SOURCES.txt'
[1.203s] [100%] Built target ament_cmake_python_build_p1_ej3_interface_egg
[1.893s] Invoked command in '/home/sergio/ros2_ws/build/p1_ej3_interface' returned '0': CMAKE_PREFIX_PATH=${CMAKE_PREFIX_PATH}:/home/sergio/ros2_ws/install/turtlebot3_teleop:/home/sergio/ros2_ws/install/turtlebot3_example:/home/sergio/ros2_ws/install/trr_robot_ps:/home/sergio/ros2_ws/install/robot_nav:/home/sergio/ros2_ws/install/robot_autonomo:/home/sergio/ros2_ws/install/p1_ej3_servidor:/home/sergio/ros2_ws/install/p1_ej3_cliente:/home/sergio/ros2_ws/install/p1_ej2_nodos_sensor:/home/sergio/ros2_ws/install/p1_ej2_nodo5:/home/sergio/ros2_ws/install/p1_ej2_nodo4:/home/sergio/ros2_ws/install/nodo_adc_sub:/home/sergio/ros2_ws/install/my_stage_mover:/home/sergio/ros2_ws/install/my_package:/home/sergio/ros2_ws/install/mma_talker:/home/sergio/ros2_ws/install/mma_service:/home/sergio/ros2_ws/install/mma_listener:/home/sergio/ros2_ws/install/ejercicio_tres_server:/home/sergio/ros2_ws/install/ejercicio_tres_client:/home/sergio/ros2_ws/install/ejercicio_dos:/home/sergio/ros2_ws/install/ejemplo_uno:/home/sergio/ros2_ws/install/auto_mover:/home/sergio/ros2_ws/install/P1_ej1_sub:/home/sergio/ros2_ws/install/P1_ej1_pub:/opt/ros/humble /usr/bin/cmake --build /home/sergio/ros2_ws/build/p1_ej3_interface -- -j16 -l16
[1.894s] Invoking command in '/home/sergio/ros2_ws/build/p1_ej3_interface': CMAKE_PREFIX_PATH=${CMAKE_PREFIX_PATH}:/home/sergio/ros2_ws/install/turtlebot3_teleop:/home/sergio/ros2_ws/install/turtlebot3_example:/home/sergio/ros2_ws/install/trr_robot_ps:/home/sergio/ros2_ws/install/robot_nav:/home/sergio/ros2_ws/install/robot_autonomo:/home/sergio/ros2_ws/install/p1_ej3_servidor:/home/sergio/ros2_ws/install/p1_ej3_cliente:/home/sergio/ros2_ws/install/p1_ej2_nodos_sensor:/home/sergio/ros2_ws/install/p1_ej2_nodo5:/home/sergio/ros2_ws/install/p1_ej2_nodo4:/home/sergio/ros2_ws/install/nodo_adc_sub:/home/sergio/ros2_ws/install/my_stage_mover:/home/sergio/ros2_ws/install/my_package:/home/sergio/ros2_ws/install/mma_talker:/home/sergio/ros2_ws/install/mma_service:/home/sergio/ros2_ws/install/mma_listener:/home/sergio/ros2_ws/install/ejercicio_tres_server:/home/sergio/ros2_ws/install/ejercicio_tres_client:/home/sergio/ros2_ws/install/ejercicio_dos:/home/sergio/ros2_ws/install/ejemplo_uno:/home/sergio/ros2_ws/install/auto_mover:/home/sergio/ros2_ws/install/P1_ej1_sub:/home/sergio/ros2_ws/install/P1_ej1_pub:/opt/ros/humble /usr/bin/cmake --install /home/sergio/ros2_ws/build/p1_ej3_interface
[1.900s] -- Install configuration: ""
[1.900s] -- Up-to-date: /home/sergio/ros2_ws/install/p1_ej3_interface/share/ament_index/resource_index/rosidl_interfaces/p1_ej3_interface
[1.900s] -- Up-to-date: /home/sergio/ros2_ws/install/p1_ej3_interface/include/p1_ej3_interface/p1_ej3_interface
[1.900s] -- Up-to-date: /home/sergio/ros2_ws/install/p1_ej3_interface/include/p1_ej3_interface/p1_ej3_interface/msg
[1.900s] -- Up-to-date: /home/sergio/ros2_ws/install/p1_ej3_interface/include/p1_ej3_interface/p1_ej3_interface/msg/rosidl_generator_c__visibility_control.h
[1.901s] -- Up-to-date: /home/sergio/ros2_ws/install/p1_ej3_interface/include/p1_ej3_interface/p1_ej3_interface/srv
[1.901s] -- Up-to-date: /home/sergio/ros2_ws/install/p1_ej3_interface/include/p1_ej3_interface/p1_ej3_interface/srv/angulos.h
[1.901s] -- Up-to-date: /home/sergio/ros2_ws/install/p1_ej3_interface/include/p1_ej3_interface/p1_ej3_interface/srv/detail
[1.901s] -- Up-to-date: /home/sergio/ros2_ws/install/p1_ej3_interface/include/p1_ej3_interface/p1_ej3_interface/srv/detail/angulos__struct.h
[1.901s] -- Up-to-date: /home/sergio/ros2_ws/install/p1_ej3_interface/include/p1_ej3_interface/p1_ej3_interface/srv/detail/angulos__functions.h
[1.901s] -- Up-to-date: /home/sergio/ros2_ws/install/p1_ej3_interface/include/p1_ej3_interface/p1_ej3_interface/srv/detail/angulos__type_support.h
[1.901s] -- Up-to-date: /home/sergio/ros2_ws/install/p1_ej3_interface/include/p1_ej3_interface/p1_ej3_interface/srv/detail/angulos__functions.c
[1.901s] -- Up-to-date: /home/sergio/ros2_ws/install/p1_ej3_interface/share/p1_ej3_interface/environment/library_path.sh
[1.901s] -- Up-to-date: /home/sergio/ros2_ws/install/p1_ej3_interface/share/p1_ej3_interface/environment/library_path.dsv
[1.901s] -- Up-to-date: /home/sergio/ros2_ws/install/p1_ej3_interface/lib/libp1_ej3_interface__rosidl_generator_c.so
[1.902s] -- Up-to-date: /home/sergio/ros2_ws/install/p1_ej3_interface/include/p1_ej3_interface/p1_ej3_interface
[1.902s] -- Up-to-date: /home/sergio/ros2_ws/install/p1_ej3_interface/include/p1_ej3_interface/p1_ej3_interface/msg
[1.902s] -- Up-to-date: /home/sergio/ros2_ws/install/p1_ej3_interface/include/p1_ej3_interface/p1_ej3_interface/msg/rosidl_typesupport_fastrtps_c__visibility_control.h
[1.902s] -- Up-to-date: /home/sergio/ros2_ws/install/p1_ej3_interface/include/p1_ej3_interface/p1_ej3_interface/srv
[1.902s] -- Up-to-date: /home/sergio/ros2_ws/install/p1_ej3_interface/include/p1_ej3_interface/p1_ej3_interface/srv/detail
[1.902s] -- Up-to-date: /home/sergio/ros2_ws/install/p1_ej3_interface/include/p1_ej3_interface/p1_ej3_interface/srv/detail/angulos__rosidl_typesupport_fastrtps_c.h
[1.902s] -- Up-to-date: /home/sergio/ros2_ws/install/p1_ej3_interface/lib/libp1_ej3_interface__rosidl_typesupport_fastrtps_c.so
[1.902s] -- Up-to-date: /home/sergio/ros2_ws/install/p1_ej3_interface/include/p1_ej3_interface/p1_ej3_interface
[1.902s] -- Up-to-date: /home/sergio/ros2_ws/install/p1_ej3_interface/include/p1_ej3_interface/p1_ej3_interface/msg
[1.902s] -- Up-to-date: /home/sergio/ros2_ws/install/p1_ej3_interface/include/p1_ej3_interface/p1_ej3_interface/msg/rosidl_typesupport_introspection_c__visibility_control.h
[1.902s] -- Up-to-date: /home/sergio/ros2_ws/install/p1_ej3_interface/include/p1_ej3_interface/p1_ej3_interface/srv
[1.902s] -- Up-to-date: /home/sergio/ros2_ws/install/p1_ej3_interface/include/p1_ej3_interface/p1_ej3_interface/srv/detail
[1.902s] -- Up-to-date: /home/sergio/ros2_ws/install/p1_ej3_interface/include/p1_ej3_interface/p1_ej3_interface/srv/detail/angulos__type_support.c
[1.903s] -- Up-to-date: /home/sergio/ros2_ws/install/p1_ej3_interface/include/p1_ej3_interface/p1_ej3_interface/srv/detail/angulos__rosidl_typesupport_introspection_c.h
[1.903s] -- Up-to-date: /home/sergio/ros2_ws/install/p1_ej3_interface/lib/libp1_ej3_interface__rosidl_typesupport_introspection_c.so
[1.903s] -- Up-to-date: /home/sergio/ros2_ws/install/p1_ej3_interface/lib/libp1_ej3_interface__rosidl_typesupport_c.so
[1.903s] -- Up-to-date: /home/sergio/ros2_ws/install/p1_ej3_interface/include/p1_ej3_interface/p1_ej3_interface
[1.903s] -- Up-to-date: /home/sergio/ros2_ws/install/p1_ej3_interface/include/p1_ej3_interface/p1_ej3_interface/msg
[1.903s] -- Up-to-date: /home/sergio/ros2_ws/install/p1_ej3_interface/include/p1_ej3_interface/p1_ej3_interface/msg/rosidl_generator_cpp__visibility_control.hpp
[1.904s] -- Up-to-date: /home/sergio/ros2_ws/install/p1_ej3_interface/include/p1_ej3_interface/p1_ej3_interface/srv
[1.904s] -- Up-to-date: /home/sergio/ros2_ws/install/p1_ej3_interface/include/p1_ej3_interface/p1_ej3_interface/srv/angulos.hpp
[1.905s] -- Up-to-date: /home/sergio/ros2_ws/install/p1_ej3_interface/include/p1_ej3_interface/p1_ej3_interface/srv/detail
[1.905s] -- Up-to-date: /home/sergio/ros2_ws/install/p1_ej3_interface/include/p1_ej3_interface/p1_ej3_interface/srv/detail/angulos__traits.hpp
[1.905s] -- Up-to-date: /home/sergio/ros2_ws/install/p1_ej3_interface/include/p1_ej3_interface/p1_ej3_interface/srv/detail/angulos__struct.hpp
[1.905s] -- Up-to-date: /home/sergio/ros2_ws/install/p1_ej3_interface/include/p1_ej3_interface/p1_ej3_interface/srv/detail/angulos__type_support.hpp
[1.905s] -- Up-to-date: /home/sergio/ros2_ws/install/p1_ej3_interface/include/p1_ej3_interface/p1_ej3_interface/srv/detail/angulos__builder.hpp
[1.905s] -- Up-to-date: /home/sergio/ros2_ws/install/p1_ej3_interface/include/p1_ej3_interface/p1_ej3_interface
[1.905s] -- Up-to-date: /home/sergio/ros2_ws/install/p1_ej3_interface/include/p1_ej3_interface/p1_ej3_interface/msg
[1.905s] -- Up-to-date: /home/sergio/ros2_ws/install/p1_ej3_interface/include/p1_ej3_interface/p1_ej3_interface/msg/rosidl_typesupport_fastrtps_cpp__visibility_control.h
[1.905s] -- Up-to-date: /home/sergio/ros2_ws/install/p1_ej3_interface/include/p1_ej3_interface/p1_ej3_interface/srv
[1.905s] -- Up-to-date: /home/sergio/ros2_ws/install/p1_ej3_interface/include/p1_ej3_interface/p1_ej3_interface/srv/detail
[1.905s] -- Up-to-date: /home/sergio/ros2_ws/install/p1_ej3_interface/include/p1_ej3_interface/p1_ej3_interface/srv/detail/dds_fastrtps
[1.905s] -- Up-to-date: /home/sergio/ros2_ws/install/p1_ej3_interface/include/p1_ej3_interface/p1_ej3_interface/srv/detail/angulos__rosidl_typesupport_fastrtps_cpp.hpp
[1.906s] -- Up-to-date: /home/sergio/ros2_ws/install/p1_ej3_interface/lib/libp1_ej3_interface__rosidl_typesupport_fastrtps_cpp.so
[1.906s] -- Up-to-date: /home/sergio/ros2_ws/install/p1_ej3_interface/include/p1_ej3_interface/p1_ej3_interface
[1.906s] -- Up-to-date: /home/sergio/ros2_ws/install/p1_ej3_interface/include/p1_ej3_interface/p1_ej3_interface/srv
[1.906s] -- Up-to-date: /home/sergio/ros2_ws/install/p1_ej3_interface/include/p1_ej3_interface/p1_ej3_interface/srv/detail
[1.906s] -- Up-to-date: /home/sergio/ros2_ws/install/p1_ej3_interface/include/p1_ej3_interface/p1_ej3_interface/srv/detail/angulos__type_support.cpp
[1.906s] -- Up-to-date: /home/sergio/ros2_ws/install/p1_ej3_interface/include/p1_ej3_interface/p1_ej3_interface/srv/detail/angulos__rosidl_typesupport_introspection_cpp.hpp
[1.906s] -- Up-to-date: /home/sergio/ros2_ws/install/p1_ej3_interface/lib/libp1_ej3_interface__rosidl_typesupport_introspection_cpp.so
[1.906s] -- Up-to-date: /home/sergio/ros2_ws/install/p1_ej3_interface/lib/libp1_ej3_interface__rosidl_typesupport_cpp.so
[1.906s] -- Up-to-date: /home/sergio/ros2_ws/install/p1_ej3_interface/share/p1_ej3_interface/environment/pythonpath.sh
[1.906s] -- Up-to-date: /home/sergio/ros2_ws/install/p1_ej3_interface/share/p1_ej3_interface/environment/pythonpath.dsv
[1.906s] -- Up-to-date: /home/sergio/ros2_ws/install/p1_ej3_interface/local/lib/python3.10/dist-packages/p1_ej3_interface-0.0.0-py3.10.egg-info
[1.906s] -- Installing: /home/sergio/ros2_ws/install/p1_ej3_interface/local/lib/python3.10/dist-packages/p1_ej3_interface-0.0.0-py3.10.egg-info/PKG-INFO
[1.906s] -- Installing: /home/sergio/ros2_ws/install/p1_ej3_interface/local/lib/python3.10/dist-packages/p1_ej3_interface-0.0.0-py3.10.egg-info/SOURCES.txt
[1.906s] -- Installing: /home/sergio/ros2_ws/install/p1_ej3_interface/local/lib/python3.10/dist-packages/p1_ej3_interface-0.0.0-py3.10.egg-info/top_level.txt
[1.906s] -- Installing: /home/sergio/ros2_ws/install/p1_ej3_interface/local/lib/python3.10/dist-packages/p1_ej3_interface-0.0.0-py3.10.egg-info/dependency_links.txt
[1.906s] -- Up-to-date: /home/sergio/ros2_ws/install/p1_ej3_interface/local/lib/python3.10/dist-packages/p1_ej3_interface
[1.907s] -- Up-to-date: /home/sergio/ros2_ws/install/p1_ej3_interface/local/lib/python3.10/dist-packages/p1_ej3_interface/libp1_ej3_interface__rosidl_generator_py.so
[1.907s] -- Up-to-date: /home/sergio/ros2_ws/install/p1_ej3_interface/local/lib/python3.10/dist-packages/p1_ej3_interface/__init__.py
[1.907s] -- Up-to-date: /home/sergio/ros2_ws/install/p1_ej3_interface/local/lib/python3.10/dist-packages/p1_ej3_interface/p1_ej3_interface_s__rosidl_typesupport_fastrtps_c.cpython-310-x86_64-linux-gnu.so
[1.907s] -- Up-to-date: /home/sergio/ros2_ws/install/p1_ej3_interface/local/lib/python3.10/dist-packages/p1_ej3_interface/_p1_ej3_interface_s.ep.rosidl_typesupport_introspection_c.c
[1.907s] -- Up-to-date: /home/sergio/ros2_ws/install/p1_ej3_interface/local/lib/python3.10/dist-packages/p1_ej3_interface/srv
[1.907s] -- Up-to-date: /home/sergio/ros2_ws/install/p1_ej3_interface/local/lib/python3.10/dist-packages/p1_ej3_interface/srv/__init__.py
[1.907s] -- Up-to-date: /home/sergio/ros2_ws/install/p1_ej3_interface/local/lib/python3.10/dist-packages/p1_ej3_interface/srv/_angulos.py
[1.907s] -- Up-to-date: /home/sergio/ros2_ws/install/p1_ej3_interface/local/lib/python3.10/dist-packages/p1_ej3_interface/srv/_angulos_s.c
[1.911s] -- Up-to-date: /home/sergio/ros2_ws/install/p1_ej3_interface/local/lib/python3.10/dist-packages/p1_ej3_interface/_p1_ej3_interface_s.ep.rosidl_typesupport_fastrtps_c.c
[1.911s] -- Up-to-date: /home/sergio/ros2_ws/install/p1_ej3_interface/local/lib/python3.10/dist-packages/p1_ej3_interface/_p1_ej3_interface_s.ep.rosidl_typesupport_c.c
[1.911s] -- Up-to-date: /home/sergio/ros2_ws/install/p1_ej3_interface/local/lib/python3.10/dist-packages/p1_ej3_interface/p1_ej3_interface_s__rosidl_typesupport_c.cpython-310-x86_64-linux-gnu.so
[1.911s] -- Up-to-date: /home/sergio/ros2_ws/install/p1_ej3_interface/local/lib/python3.10/dist-packages/p1_ej3_interface/p1_ej3_interface_s__rosidl_typesupport_introspection_c.cpython-310-x86_64-linux-gnu.so
[1.993s] Listing '/home/sergio/ros2_ws/install/p1_ej3_interface/local/lib/python3.10/dist-packages/p1_ej3_interface'...
[1.993s] Listing '/home/sergio/ros2_ws/install/p1_ej3_interface/local/lib/python3.10/dist-packages/p1_ej3_interface/srv'...
[1.994s] -- Up-to-date: /home/sergio/ros2_ws/install/p1_ej3_interface/local/lib/python3.10/dist-packages/p1_ej3_interface/p1_ej3_interface_s__rosidl_typesupport_fastrtps_c.cpython-310-x86_64-linux-gnu.so
[1.994s] -- Up-to-date: /home/sergio/ros2_ws/install/p1_ej3_interface/local/lib/python3.10/dist-packages/p1_ej3_interface/p1_ej3_interface_s__rosidl_typesupport_introspection_c.cpython-310-x86_64-linux-gnu.so
[1.994s] -- Up-to-date: /home/sergio/ros2_ws/install/p1_ej3_interface/local/lib/python3.10/dist-packages/p1_ej3_interface/p1_ej3_interface_s__rosidl_typesupport_c.cpython-310-x86_64-linux-gnu.so
[1.994s] -- Up-to-date: /home/sergio/ros2_ws/install/p1_ej3_interface/lib/libp1_ej3_interface__rosidl_generator_py.so
[1.994s] -- Up-to-date: /home/sergio/ros2_ws/install/p1_ej3_interface/share/p1_ej3_interface/srv/Angulos.idl
[1.994s] -- Up-to-date: /home/sergio/ros2_ws/install/p1_ej3_interface/share/p1_ej3_interface/srv/Angulos.srv
[1.994s] -- Up-to-date: /home/sergio/ros2_ws/install/p1_ej3_interface/share/p1_ej3_interface/srv/Angulos_Request.msg
[1.995s] -- Up-to-date: /home/sergio/ros2_ws/install/p1_ej3_interface/share/p1_ej3_interface/srv/Angulos_Response.msg
[1.999s] -- Up-to-date: /home/sergio/ros2_ws/install/p1_ej3_interface/share/ament_index/resource_index/package_run_dependencies/p1_ej3_interface
[2.003s] -- Up-to-date: /home/sergio/ros2_ws/install/p1_ej3_interface/share/ament_index/resource_index/parent_prefix_path/p1_ej3_interface
[2.004s] -- Up-to-date: /home/sergio/ros2_ws/install/p1_ej3_interface/share/p1_ej3_interface/environment/ament_prefix_path.sh
[2.004s] -- Up-to-date: /home/sergio/ros2_ws/install/p1_ej3_interface/share/p1_ej3_interface/environment/ament_prefix_path.dsv
[2.004s] -- Up-to-date: /home/sergio/ros2_ws/install/p1_ej3_interface/share/p1_ej3_interface/environment/path.sh
[2.004s] -- Up-to-date: /home/sergio/ros2_ws/install/p1_ej3_interface/share/p1_ej3_interface/environment/path.dsv
[2.004s] -- Up-to-date: /home/sergio/ros2_ws/install/p1_ej3_interface/share/p1_ej3_interface/local_setup.bash
[2.004s] -- Up-to-date: /home/sergio/ros2_ws/install/p1_ej3_interface/share/p1_ej3_interface/local_setup.sh
[2.004s] -- Up-to-date: /home/sergio/ros2_ws/install/p1_ej3_interface/share/p1_ej3_interface/local_setup.zsh
[2.004s] -- Up-to-date: /home/sergio/ros2_ws/install/p1_ej3_interface/share/p1_ej3_interface/local_setup.dsv
[2.004s] -- Installing: /home/sergio/ros2_ws/install/p1_ej3_interface/share/p1_ej3_interface/package.dsv
[2.004s] -- Up-to-date: /home/sergio/ros2_ws/install/p1_ej3_interface/share/ament_index/resource_index/packages/p1_ej3_interface
[2.005s] -- Up-to-date: /home/sergio/ros2_ws/install/p1_ej3_interface/share/p1_ej3_interface/cmake/export_p1_ej3_interface__rosidl_generator_cExport.cmake
[2.005s] -- Up-to-date: /home/sergio/ros2_ws/install/p1_ej3_interface/share/p1_ej3_interface/cmake/export_p1_ej3_interface__rosidl_generator_cExport-noconfig.cmake
[2.005s] -- Up-to-date: /home/sergio/ros2_ws/install/p1_ej3_interface/share/p1_ej3_interface/cmake/export_p1_ej3_interface__rosidl_typesupport_fastrtps_cExport.cmake
[2.005s] -- Up-to-date: /home/sergio/ros2_ws/install/p1_ej3_interface/share/p1_ej3_interface/cmake/export_p1_ej3_interface__rosidl_typesupport_fastrtps_cExport-noconfig.cmake
[2.006s] -- Up-to-date: /home/sergio/ros2_ws/install/p1_ej3_interface/share/p1_ej3_interface/cmake/p1_ej3_interface__rosidl_typesupport_introspection_cExport.cmake
[2.006s] -- Up-to-date: /home/sergio/ros2_ws/install/p1_ej3_interface/share/p1_ej3_interface/cmake/p1_ej3_interface__rosidl_typesupport_introspection_cExport-noconfig.cmake
[2.006s] -- Up-to-date: /home/sergio/ros2_ws/install/p1_ej3_interface/share/p1_ej3_interface/cmake/p1_ej3_interface__rosidl_typesupport_cExport.cmake
[2.006s] -- Up-to-date: /home/sergio/ros2_ws/install/p1_ej3_interface/share/p1_ej3_interface/cmake/p1_ej3_interface__rosidl_typesupport_cExport-noconfig.cmake
[2.006s] -- Up-to-date: /home/sergio/ros2_ws/install/p1_ej3_interface/share/p1_ej3_interface/cmake/export_p1_ej3_interface__rosidl_generator_cppExport.cmake
[2.006s] -- Up-to-date: /home/sergio/ros2_ws/install/p1_ej3_interface/share/p1_ej3_interface/cmake/export_p1_ej3_interface__rosidl_typesupport_fastrtps_cppExport.cmake
[2.006s] -- Up-to-date: /home/sergio/ros2_ws/install/p1_ej3_interface/share/p1_ej3_interface/cmake/export_p1_ej3_interface__rosidl_typesupport_fastrtps_cppExport-noconfig.cmake
[2.006s] -- Up-to-date: /home/sergio/ros2_ws/install/p1_ej3_interface/share/p1_ej3_interface/cmake/p1_ej3_interface__rosidl_typesupport_introspection_cppExport.cmake
[2.006s] -- Up-to-date: /home/sergio/ros2_ws/install/p1_ej3_interface/share/p1_ej3_interface/cmake/p1_ej3_interface__rosidl_typesupport_introspection_cppExport-noconfig.cmake
[2.006s] -- Up-to-date: /home/sergio/ros2_ws/install/p1_ej3_interface/share/p1_ej3_interface/cmake/p1_ej3_interface__rosidl_typesupport_cppExport.cmake
[2.006s] -- Up-to-date: /home/sergio/ros2_ws/install/p1_ej3_interface/share/p1_ej3_interface/cmake/p1_ej3_interface__rosidl_typesupport_cppExport-noconfig.cmake
[2.006s] -- Up-to-date: /home/sergio/ros2_ws/install/p1_ej3_interface/share/p1_ej3_interface/cmake/export_p1_ej3_interface__rosidl_generator_pyExport.cmake
[2.006s] -- Up-to-date: /home/sergio/ros2_ws/install/p1_ej3_interface/share/p1_ej3_interface/cmake/export_p1_ej3_interface__rosidl_generator_pyExport-noconfig.cmake
[2.007s] -- Up-to-date: /home/sergio/ros2_ws/install/p1_ej3_interface/share/p1_ej3_interface/cmake/rosidl_cmake-extras.cmake
[2.007s] -- Up-to-date: /home/sergio/ros2_ws/install/p1_ej3_interface/share/p1_ej3_interface/cmake/ament_cmake_export_include_directories-extras.cmake
[2.007s] -- Up-to-date: /home/sergio/ros2_ws/install/p1_ej3_interface/share/p1_ej3_interface/cmake/ament_cmake_export_libraries-extras.cmake
[2.007s] -- Up-to-date: /home/sergio/ros2_ws/install/p1_ej3_interface/share/p1_ej3_interface/cmake/ament_cmake_export_targets-extras.cmake
[2.007s] -- Up-to-date: /home/sergio/ros2_ws/install/p1_ej3_interface/share/p1_ej3_interface/cmake/rosidl_cmake_export_typesupport_targets-extras.cmake
[2.007s] -- Up-to-date: /home/sergio/ros2_ws/install/p1_ej3_interface/share/p1_ej3_interface/cmake/ament_cmake_export_dependencies-extras.cmake
[2.007s] -- Up-to-date: /home/sergio/ros2_ws/install/p1_ej3_interface/share/p1_ej3_interface/cmake/rosidl_cmake_export_typesupport_libraries-extras.cmake
[2.019s] -- Up-to-date: /home/sergio/ros2_ws/install/p1_ej3_interface/share/p1_ej3_interface/cmake/p1_ej3_interfaceConfig.cmake
[2.019s] -- Up-to-date: /home/sergio/ros2_ws/install/p1_ej3_interface/share/p1_ej3_interface/cmake/p1_ej3_interfaceConfig-version.cmake
[2.019s] -- Up-to-date: /home/sergio/ros2_ws/install/p1_ej3_interface/share/p1_ej3_interface/package.xml
[2.082s] Invoked command in '/home/sergio/ros2_ws/build/p1_ej3_interface' returned '0': CMAKE_PREFIX_PATH=${CMAKE_PREFIX_PATH}:/home/sergio/ros2_ws/install/turtlebot3_teleop:/home/sergio/ros2_ws/install/turtlebot3_example:/home/sergio/ros2_ws/install/trr_robot_ps:/home/sergio/ros2_ws/install/robot_nav:/home/sergio/ros2_ws/install/robot_autonomo:/home/sergio/ros2_ws/install/p1_ej3_servidor:/home/sergio/ros2_ws/install/p1_ej3_cliente:/home/sergio/ros2_ws/install/p1_ej2_nodos_sensor:/home/sergio/ros2_ws/install/p1_ej2_nodo5:/home/sergio/ros2_ws/install/p1_ej2_nodo4:/home/sergio/ros2_ws/install/nodo_adc_sub:/home/sergio/ros2_ws/install/my_stage_mover:/home/sergio/ros2_ws/install/my_package:/home/sergio/ros2_ws/install/mma_talker:/home/sergio/ros2_ws/install/mma_service:/home/sergio/ros2_ws/install/mma_listener:/home/sergio/ros2_ws/install/ejercicio_tres_server:/home/sergio/ros2_ws/install/ejercicio_tres_client:/home/sergio/ros2_ws/install/ejercicio_dos:/home/sergio/ros2_ws/install/ejemplo_uno:/home/sergio/ros2_ws/install/auto_mover:/home/sergio/ros2_ws/install/P1_ej1_sub:/home/sergio/ros2_ws/install/P1_ej1_pub:/opt/ros/humble /usr/bin/cmake --install /home/sergio/ros2_ws/build/p1_ej3_interface
