[0.117s] Invoking command in '/home/sergio/ros2_ws/build/mma_interfaces': CMAKE_PREFIX_PATH=${CMAKE_PREFIX_PATH}:/home/sergio/ros2_ws/install/trr_robot_ps:/home/sergio/ros2_ws/install/robot_nav:/home/sergio/ros2_ws/install/robot_autonomo:/home/sergio/ros2_ws/install/pico_control_pub:/home/sergio/ros2_ws/install/p2_ej3:/home/sergio/ros2_ws/install/p1_ej3_servidor:/home/sergio/ros2_ws/install/p1_ej3_cliente:/home/sergio/ros2_ws/install/p1_ej2_nodos_sensor:/home/sergio/ros2_ws/install/p1_ej2_nodo5:/home/sergio/ros2_ws/install/p1_ej2_nodo4:/home/sergio/ros2_ws/install/nodo_adc_sub:/home/sergio/ros2_ws/install/my_stage_mover:/home/sergio/ros2_ws/install/my_package:/home/sergio/ros2_ws/install/mma_talker:/home/sergio/ros2_ws/install/mma_service:/home/sergio/ros2_ws/install/mma_listener:/home/sergio/ros2_ws/install/ejercicio_tres_server:/home/sergio/ros2_ws/install/ejercicio_tres_client:/home/sergio/ros2_ws/install/ejercicio_dos:/home/sergio/ros2_ws/install/ejercicio1_pkg:/home/sergio/ros2_ws/install/ejemplo_uno:/home/sergio/ros2_ws/install/cam_viewer:/home/sergio/ros2_ws/install/auto_mover:/home/sergio/ros2_ws/install/P1_ej1_sub:/home/sergio/ros2_ws/install/P1_ej1_pub:/opt/ros/humble /usr/bin/cmake --build /home/sergio/ros2_ws/build/mma_interfaces -- -j16 -l16
[0.223s] [  2%] Built target mma_interfaces__cpp
[0.233s] [ 12%] Built target mma_interfaces__rosidl_generator_c
[0.263s] [ 12%] Built target ament_cmake_python_copy_mma_interfaces
[0.310s] [ 23%] Built target mma_interfaces__rosidl_typesupport_cpp
[0.310s] [ 34%] Built target mma_interfaces__rosidl_typesupport_fastrtps_cpp
[0.310s] [ 44%] Built target mma_interfaces__rosidl_typesupport_introspection_cpp
[0.315s] [ 55%] Built target mma_interfaces__rosidl_typesupport_introspection_c
[0.318s] [ 65%] Built target mma_interfaces__rosidl_typesupport_fastrtps_c
[0.346s] [ 76%] Built target mma_interfaces__rosidl_typesupport_c
[0.398s] [ 76%] Built target mma_interfaces
[0.485s] [ 78%] Built target mma_interfaces__py
[0.536s] [ 87%] Built target mma_interfaces__rosidl_generator_py
[0.605s] [ 91%] Built target mma_interfaces__rosidl_typesupport_fastrtps_c__pyext
[0.619s] [ 95%] Built target mma_interfaces__rosidl_typesupport_c__pyext
[0.619s] [100%] Built target mma_interfaces__rosidl_typesupport_introspection_c__pyext
[1.027s] running egg_info
[1.028s] writing mma_interfaces.egg-info/PKG-INFO
[1.028s] writing dependency_links to mma_interfaces.egg-info/dependency_links.txt
[1.032s] writing top-level names to mma_interfaces.egg-info/top_level.txt
[1.041s] reading manifest file 'mma_interfaces.egg-info/SOURCES.txt'
[1.043s] writing manifest file 'mma_interfaces.egg-info/SOURCES.txt'
[1.105s] [100%] Built target ament_cmake_python_build_mma_interfaces_egg
[1.238s] Invoked command in '/home/sergio/ros2_ws/build/mma_interfaces' returned '0': CMAKE_PREFIX_PATH=${CMAKE_PREFIX_PATH}:/home/sergio/ros2_ws/install/trr_robot_ps:/home/sergio/ros2_ws/install/robot_nav:/home/sergio/ros2_ws/install/robot_autonomo:/home/sergio/ros2_ws/install/pico_control_pub:/home/sergio/ros2_ws/install/p2_ej3:/home/sergio/ros2_ws/install/p1_ej3_servidor:/home/sergio/ros2_ws/install/p1_ej3_cliente:/home/sergio/ros2_ws/install/p1_ej2_nodos_sensor:/home/sergio/ros2_ws/install/p1_ej2_nodo5:/home/sergio/ros2_ws/install/p1_ej2_nodo4:/home/sergio/ros2_ws/install/nodo_adc_sub:/home/sergio/ros2_ws/install/my_stage_mover:/home/sergio/ros2_ws/install/my_package:/home/sergio/ros2_ws/install/mma_talker:/home/sergio/ros2_ws/install/mma_service:/home/sergio/ros2_ws/install/mma_listener:/home/sergio/ros2_ws/install/ejercicio_tres_server:/home/sergio/ros2_ws/install/ejercicio_tres_client:/home/sergio/ros2_ws/install/ejercicio_dos:/home/sergio/ros2_ws/install/ejercicio1_pkg:/home/sergio/ros2_ws/install/ejemplo_uno:/home/sergio/ros2_ws/install/cam_viewer:/home/sergio/ros2_ws/install/auto_mover:/home/sergio/ros2_ws/install/P1_ej1_sub:/home/sergio/ros2_ws/install/P1_ej1_pub:/opt/ros/humble /usr/bin/cmake --build /home/sergio/ros2_ws/build/mma_interfaces -- -j16 -l16
[1.247s] Invoking command in '/home/sergio/ros2_ws/build/mma_interfaces': CMAKE_PREFIX_PATH=${CMAKE_PREFIX_PATH}:/home/sergio/ros2_ws/install/trr_robot_ps:/home/sergio/ros2_ws/install/robot_nav:/home/sergio/ros2_ws/install/robot_autonomo:/home/sergio/ros2_ws/install/pico_control_pub:/home/sergio/ros2_ws/install/p2_ej3:/home/sergio/ros2_ws/install/p1_ej3_servidor:/home/sergio/ros2_ws/install/p1_ej3_cliente:/home/sergio/ros2_ws/install/p1_ej2_nodos_sensor:/home/sergio/ros2_ws/install/p1_ej2_nodo5:/home/sergio/ros2_ws/install/p1_ej2_nodo4:/home/sergio/ros2_ws/install/nodo_adc_sub:/home/sergio/ros2_ws/install/my_stage_mover:/home/sergio/ros2_ws/install/my_package:/home/sergio/ros2_ws/install/mma_talker:/home/sergio/ros2_ws/install/mma_service:/home/sergio/ros2_ws/install/mma_listener:/home/sergio/ros2_ws/install/ejercicio_tres_server:/home/sergio/ros2_ws/install/ejercicio_tres_client:/home/sergio/ros2_ws/install/ejercicio_dos:/home/sergio/ros2_ws/install/ejercicio1_pkg:/home/sergio/ros2_ws/install/ejemplo_uno:/home/sergio/ros2_ws/install/cam_viewer:/home/sergio/ros2_ws/install/auto_mover:/home/sergio/ros2_ws/install/P1_ej1_sub:/home/sergio/ros2_ws/install/P1_ej1_pub:/opt/ros/humble /usr/bin/cmake --install /home/sergio/ros2_ws/build/mma_interfaces
[1.774s] -- Install configuration: ""
[1.775s] -- Up-to-date: /home/sergio/ros2_ws/install/mma_interfaces/share/ament_index/resource_index/rosidl_interfaces/mma_interfaces
[1.775s] -- Up-to-date: /home/sergio/ros2_ws/install/mma_interfaces/include/mma_interfaces/mma_interfaces
[1.776s] -- Up-to-date: /home/sergio/ros2_ws/install/mma_interfaces/include/mma_interfaces/mma_interfaces/msg
[1.776s] -- Up-to-date: /home/sergio/ros2_ws/install/mma_interfaces/include/mma_interfaces/mma_interfaces/msg/fighter.h
[1.776s] -- Up-to-date: /home/sergio/ros2_ws/install/mma_interfaces/include/mma_interfaces/mma_interfaces/msg/rosidl_generator_c__visibility_control.h
[1.777s] -- Up-to-date: /home/sergio/ros2_ws/install/mma_interfaces/include/mma_interfaces/mma_interfaces/msg/detail
[1.778s] -- Up-to-date: /home/sergio/ros2_ws/install/mma_interfaces/include/mma_interfaces/mma_interfaces/msg/detail/fighter__type_support.h
[1.778s] -- Up-to-date: /home/sergio/ros2_ws/install/mma_interfaces/include/mma_interfaces/mma_interfaces/msg/detail/fighter__struct.h
[1.778s] -- Up-to-date: /home/sergio/ros2_ws/install/mma_interfaces/include/mma_interfaces/mma_interfaces/msg/detail/fighter__functions.c
[1.778s] -- Up-to-date: /home/sergio/ros2_ws/install/mma_interfaces/include/mma_interfaces/mma_interfaces/msg/detail/fighter__functions.h
[1.778s] -- Up-to-date: /home/sergio/ros2_ws/install/mma_interfaces/include/mma_interfaces/mma_interfaces/action
[1.778s] -- Up-to-date: /home/sergio/ros2_ws/install/mma_interfaces/include/mma_interfaces/mma_interfaces/action/detail
[1.778s] -- Up-to-date: /home/sergio/ros2_ws/install/mma_interfaces/include/mma_interfaces/mma_interfaces/action/detail/fight_simulation__functions.h
[1.778s] -- Up-to-date: /home/sergio/ros2_ws/install/mma_interfaces/include/mma_interfaces/mma_interfaces/action/detail/fight_simulation__functions.c
[1.778s] -- Up-to-date: /home/sergio/ros2_ws/install/mma_interfaces/include/mma_interfaces/mma_interfaces/action/detail/fight_simulation__struct.h
[1.779s] -- Up-to-date: /home/sergio/ros2_ws/install/mma_interfaces/include/mma_interfaces/mma_interfaces/action/detail/fight_simulation__type_support.h
[1.779s] -- Up-to-date: /home/sergio/ros2_ws/install/mma_interfaces/include/mma_interfaces/mma_interfaces/action/fight_simulation.h
[1.779s] -- Up-to-date: /home/sergio/ros2_ws/install/mma_interfaces/include/mma_interfaces/mma_interfaces/srv
[1.779s] -- Up-to-date: /home/sergio/ros2_ws/install/mma_interfaces/include/mma_interfaces/mma_interfaces/srv/fight_request.h
[1.779s] -- Up-to-date: /home/sergio/ros2_ws/install/mma_interfaces/include/mma_interfaces/mma_interfaces/srv/detail
[1.780s] -- Up-to-date: /home/sergio/ros2_ws/install/mma_interfaces/include/mma_interfaces/mma_interfaces/srv/detail/fight_request__struct.h
[1.780s] -- Up-to-date: /home/sergio/ros2_ws/install/mma_interfaces/include/mma_interfaces/mma_interfaces/srv/detail/fight_request__type_support.h
[1.781s] -- Up-to-date: /home/sergio/ros2_ws/install/mma_interfaces/include/mma_interfaces/mma_interfaces/srv/detail/fight_request__functions.h
[1.781s] -- Up-to-date: /home/sergio/ros2_ws/install/mma_interfaces/include/mma_interfaces/mma_interfaces/srv/detail/fight_request__functions.c
[1.781s] -- Up-to-date: /home/sergio/ros2_ws/install/mma_interfaces/share/mma_interfaces/environment/library_path.sh
[1.781s] -- Up-to-date: /home/sergio/ros2_ws/install/mma_interfaces/share/mma_interfaces/environment/library_path.dsv
[1.783s] -- Up-to-date: /home/sergio/ros2_ws/install/mma_interfaces/lib/libmma_interfaces__rosidl_generator_c.so
[1.784s] -- Up-to-date: /home/sergio/ros2_ws/install/mma_interfaces/include/mma_interfaces/mma_interfaces
[1.784s] -- Up-to-date: /home/sergio/ros2_ws/install/mma_interfaces/include/mma_interfaces/mma_interfaces/msg
[1.784s] -- Up-to-date: /home/sergio/ros2_ws/install/mma_interfaces/include/mma_interfaces/mma_interfaces/msg/detail
[1.784s] -- Up-to-date: /home/sergio/ros2_ws/install/mma_interfaces/include/mma_interfaces/mma_interfaces/msg/detail/fighter__rosidl_typesupport_fastrtps_c.h
[1.784s] -- Up-to-date: /home/sergio/ros2_ws/install/mma_interfaces/include/mma_interfaces/mma_interfaces/msg/rosidl_typesupport_fastrtps_c__visibility_control.h
[1.784s] -- Up-to-date: /home/sergio/ros2_ws/install/mma_interfaces/include/mma_interfaces/mma_interfaces/action
[1.784s] -- Up-to-date: /home/sergio/ros2_ws/install/mma_interfaces/include/mma_interfaces/mma_interfaces/action/detail
[1.784s] -- Up-to-date: /home/sergio/ros2_ws/install/mma_interfaces/include/mma_interfaces/mma_interfaces/action/detail/fight_simulation__rosidl_typesupport_fastrtps_c.h
[1.784s] -- Up-to-date: /home/sergio/ros2_ws/install/mma_interfaces/include/mma_interfaces/mma_interfaces/srv
[1.784s] -- Up-to-date: /home/sergio/ros2_ws/install/mma_interfaces/include/mma_interfaces/mma_interfaces/srv/detail
[1.784s] -- Up-to-date: /home/sergio/ros2_ws/install/mma_interfaces/include/mma_interfaces/mma_interfaces/srv/detail/fight_request__rosidl_typesupport_fastrtps_c.h
[1.784s] -- Up-to-date: /home/sergio/ros2_ws/install/mma_interfaces/lib/libmma_interfaces__rosidl_typesupport_fastrtps_c.so
[1.784s] -- Up-to-date: /home/sergio/ros2_ws/install/mma_interfaces/include/mma_interfaces/mma_interfaces
[1.784s] -- Up-to-date: /home/sergio/ros2_ws/install/mma_interfaces/include/mma_interfaces/mma_interfaces/msg
[1.785s] -- Up-to-date: /home/sergio/ros2_ws/install/mma_interfaces/include/mma_interfaces/mma_interfaces/msg/rosidl_typesupport_introspection_c__visibility_control.h
[1.785s] -- Up-to-date: /home/sergio/ros2_ws/install/mma_interfaces/include/mma_interfaces/mma_interfaces/msg/detail
[1.785s] -- Up-to-date: /home/sergio/ros2_ws/install/mma_interfaces/include/mma_interfaces/mma_interfaces/msg/detail/fighter__rosidl_typesupport_introspection_c.h
[1.785s] -- Up-to-date: /home/sergio/ros2_ws/install/mma_interfaces/include/mma_interfaces/mma_interfaces/msg/detail/fighter__type_support.c
[1.785s] -- Up-to-date: /home/sergio/ros2_ws/install/mma_interfaces/include/mma_interfaces/mma_interfaces/action
[1.785s] -- Up-to-date: /home/sergio/ros2_ws/install/mma_interfaces/include/mma_interfaces/mma_interfaces/action/detail
[1.785s] -- Up-to-date: /home/sergio/ros2_ws/install/mma_interfaces/include/mma_interfaces/mma_interfaces/action/detail/fight_simulation__rosidl_typesupport_introspection_c.h
[1.785s] -- Up-to-date: /home/sergio/ros2_ws/install/mma_interfaces/include/mma_interfaces/mma_interfaces/action/detail/fight_simulation__type_support.c
[1.785s] -- Up-to-date: /home/sergio/ros2_ws/install/mma_interfaces/include/mma_interfaces/mma_interfaces/srv
[1.785s] -- Up-to-date: /home/sergio/ros2_ws/install/mma_interfaces/include/mma_interfaces/mma_interfaces/srv/detail
[1.785s] -- Up-to-date: /home/sergio/ros2_ws/install/mma_interfaces/include/mma_interfaces/mma_interfaces/srv/detail/fight_request__type_support.c
[1.785s] -- Up-to-date: /home/sergio/ros2_ws/install/mma_interfaces/include/mma_interfaces/mma_interfaces/srv/detail/fight_request__rosidl_typesupport_introspection_c.h
[1.785s] -- Up-to-date: /home/sergio/ros2_ws/install/mma_interfaces/lib/libmma_interfaces__rosidl_typesupport_introspection_c.so
[1.785s] -- Up-to-date: /home/sergio/ros2_ws/install/mma_interfaces/lib/libmma_interfaces__rosidl_typesupport_c.so
[1.785s] -- Up-to-date: /home/sergio/ros2_ws/install/mma_interfaces/include/mma_interfaces/mma_interfaces
[1.786s] -- Up-to-date: /home/sergio/ros2_ws/install/mma_interfaces/include/mma_interfaces/mma_interfaces/msg
[1.786s] -- Up-to-date: /home/sergio/ros2_ws/install/mma_interfaces/include/mma_interfaces/mma_interfaces/msg/fighter.hpp
[1.786s] -- Up-to-date: /home/sergio/ros2_ws/install/mma_interfaces/include/mma_interfaces/mma_interfaces/msg/rosidl_generator_cpp__visibility_control.hpp
[1.786s] -- Up-to-date: /home/sergio/ros2_ws/install/mma_interfaces/include/mma_interfaces/mma_interfaces/msg/detail
[1.786s] -- Up-to-date: /home/sergio/ros2_ws/install/mma_interfaces/include/mma_interfaces/mma_interfaces/msg/detail/fighter__struct.hpp
[1.786s] -- Up-to-date: /home/sergio/ros2_ws/install/mma_interfaces/include/mma_interfaces/mma_interfaces/msg/detail/fighter__traits.hpp
[1.786s] -- Up-to-date: /home/sergio/ros2_ws/install/mma_interfaces/include/mma_interfaces/mma_interfaces/msg/detail/fighter__type_support.hpp
[1.786s] -- Up-to-date: /home/sergio/ros2_ws/install/mma_interfaces/include/mma_interfaces/mma_interfaces/msg/detail/fighter__builder.hpp
[1.786s] -- Up-to-date: /home/sergio/ros2_ws/install/mma_interfaces/include/mma_interfaces/mma_interfaces/action
[1.786s] -- Up-to-date: /home/sergio/ros2_ws/install/mma_interfaces/include/mma_interfaces/mma_interfaces/action/fight_simulation.hpp
[1.786s] -- Up-to-date: /home/sergio/ros2_ws/install/mma_interfaces/include/mma_interfaces/mma_interfaces/action/detail
[1.787s] -- Up-to-date: /home/sergio/ros2_ws/install/mma_interfaces/include/mma_interfaces/mma_interfaces/action/detail/fight_simulation__builder.hpp
[1.787s] -- Up-to-date: /home/sergio/ros2_ws/install/mma_interfaces/include/mma_interfaces/mma_interfaces/action/detail/fight_simulation__traits.hpp
[1.787s] -- Up-to-date: /home/sergio/ros2_ws/install/mma_interfaces/include/mma_interfaces/mma_interfaces/action/detail/fight_simulation__type_support.hpp
[1.787s] -- Up-to-date: /home/sergio/ros2_ws/install/mma_interfaces/include/mma_interfaces/mma_interfaces/action/detail/fight_simulation__struct.hpp
[1.787s] -- Up-to-date: /home/sergio/ros2_ws/install/mma_interfaces/include/mma_interfaces/mma_interfaces/srv
[1.787s] -- Up-to-date: /home/sergio/ros2_ws/install/mma_interfaces/include/mma_interfaces/mma_interfaces/srv/fight_request.hpp
[1.787s] -- Up-to-date: /home/sergio/ros2_ws/install/mma_interfaces/include/mma_interfaces/mma_interfaces/srv/detail
[1.787s] -- Up-to-date: /home/sergio/ros2_ws/install/mma_interfaces/include/mma_interfaces/mma_interfaces/srv/detail/fight_request__type_support.hpp
[1.787s] -- Up-to-date: /home/sergio/ros2_ws/install/mma_interfaces/include/mma_interfaces/mma_interfaces/srv/detail/fight_request__struct.hpp
[1.787s] -- Up-to-date: /home/sergio/ros2_ws/install/mma_interfaces/include/mma_interfaces/mma_interfaces/srv/detail/fight_request__builder.hpp
[1.788s] -- Up-to-date: /home/sergio/ros2_ws/install/mma_interfaces/include/mma_interfaces/mma_interfaces/srv/detail/fight_request__traits.hpp
[1.788s] -- Up-to-date: /home/sergio/ros2_ws/install/mma_interfaces/include/mma_interfaces/mma_interfaces
[1.788s] -- Up-to-date: /home/sergio/ros2_ws/install/mma_interfaces/include/mma_interfaces/mma_interfaces/msg
[1.788s] -- Up-to-date: /home/sergio/ros2_ws/install/mma_interfaces/include/mma_interfaces/mma_interfaces/msg/detail
[1.788s] -- Up-to-date: /home/sergio/ros2_ws/install/mma_interfaces/include/mma_interfaces/mma_interfaces/msg/detail/dds_fastrtps
[1.788s] -- Up-to-date: /home/sergio/ros2_ws/install/mma_interfaces/include/mma_interfaces/mma_interfaces/msg/detail/fighter__rosidl_typesupport_fastrtps_cpp.hpp
[1.788s] -- Up-to-date: /home/sergio/ros2_ws/install/mma_interfaces/include/mma_interfaces/mma_interfaces/msg/rosidl_typesupport_fastrtps_cpp__visibility_control.h
[1.788s] -- Up-to-date: /home/sergio/ros2_ws/install/mma_interfaces/include/mma_interfaces/mma_interfaces/action
[1.788s] -- Up-to-date: /home/sergio/ros2_ws/install/mma_interfaces/include/mma_interfaces/mma_interfaces/action/detail
[1.788s] -- Up-to-date: /home/sergio/ros2_ws/install/mma_interfaces/include/mma_interfaces/mma_interfaces/action/detail/dds_fastrtps
[1.788s] -- Up-to-date: /home/sergio/ros2_ws/install/mma_interfaces/include/mma_interfaces/mma_interfaces/action/detail/fight_simulation__rosidl_typesupport_fastrtps_cpp.hpp
[1.788s] -- Up-to-date: /home/sergio/ros2_ws/install/mma_interfaces/include/mma_interfaces/mma_interfaces/srv
[1.789s] -- Up-to-date: /home/sergio/ros2_ws/install/mma_interfaces/include/mma_interfaces/mma_interfaces/srv/detail
[1.789s] -- Up-to-date: /home/sergio/ros2_ws/install/mma_interfaces/include/mma_interfaces/mma_interfaces/srv/detail/dds_fastrtps
[1.789s] -- Up-to-date: /home/sergio/ros2_ws/install/mma_interfaces/include/mma_interfaces/mma_interfaces/srv/detail/fight_request__rosidl_typesupport_fastrtps_cpp.hpp
[1.789s] -- Up-to-date: /home/sergio/ros2_ws/install/mma_interfaces/lib/libmma_interfaces__rosidl_typesupport_fastrtps_cpp.so
[1.789s] -- Up-to-date: /home/sergio/ros2_ws/install/mma_interfaces/include/mma_interfaces/mma_interfaces
[1.789s] -- Up-to-date: /home/sergio/ros2_ws/install/mma_interfaces/include/mma_interfaces/mma_interfaces/msg
[1.789s] -- Up-to-date: /home/sergio/ros2_ws/install/mma_interfaces/include/mma_interfaces/mma_interfaces/msg/detail
[1.789s] -- Up-to-date: /home/sergio/ros2_ws/install/mma_interfaces/include/mma_interfaces/mma_interfaces/msg/detail/fighter__rosidl_typesupport_introspection_cpp.hpp
[1.789s] -- Up-to-date: /home/sergio/ros2_ws/install/mma_interfaces/include/mma_interfaces/mma_interfaces/msg/detail/fighter__type_support.cpp
[1.789s] -- Up-to-date: /home/sergio/ros2_ws/install/mma_interfaces/include/mma_interfaces/mma_interfaces/action
[1.789s] -- Up-to-date: /home/sergio/ros2_ws/install/mma_interfaces/include/mma_interfaces/mma_interfaces/action/detail
[1.789s] -- Up-to-date: /home/sergio/ros2_ws/install/mma_interfaces/include/mma_interfaces/mma_interfaces/action/detail/fight_simulation__type_support.cpp
[1.789s] -- Up-to-date: /home/sergio/ros2_ws/install/mma_interfaces/include/mma_interfaces/mma_interfaces/action/detail/fight_simulation__rosidl_typesupport_introspection_cpp.hpp
[1.790s] -- Up-to-date: /home/sergio/ros2_ws/install/mma_interfaces/include/mma_interfaces/mma_interfaces/srv
[1.790s] -- Up-to-date: /home/sergio/ros2_ws/install/mma_interfaces/include/mma_interfaces/mma_interfaces/srv/detail
[1.790s] -- Up-to-date: /home/sergio/ros2_ws/install/mma_interfaces/include/mma_interfaces/mma_interfaces/srv/detail/fight_request__rosidl_typesupport_introspection_cpp.hpp
[1.790s] -- Up-to-date: /home/sergio/ros2_ws/install/mma_interfaces/include/mma_interfaces/mma_interfaces/srv/detail/fight_request__type_support.cpp
[1.790s] -- Up-to-date: /home/sergio/ros2_ws/install/mma_interfaces/lib/libmma_interfaces__rosidl_typesupport_introspection_cpp.so
[1.790s] -- Up-to-date: /home/sergio/ros2_ws/install/mma_interfaces/lib/libmma_interfaces__rosidl_typesupport_cpp.so
[1.790s] -- Up-to-date: /home/sergio/ros2_ws/install/mma_interfaces/share/mma_interfaces/environment/pythonpath.sh
[1.790s] -- Up-to-date: /home/sergio/ros2_ws/install/mma_interfaces/share/mma_interfaces/environment/pythonpath.dsv
[1.790s] -- Up-to-date: /home/sergio/ros2_ws/install/mma_interfaces/local/lib/python3.10/dist-packages/mma_interfaces-0.0.0-py3.10.egg-info
[1.790s] -- Installing: /home/sergio/ros2_ws/install/mma_interfaces/local/lib/python3.10/dist-packages/mma_interfaces-0.0.0-py3.10.egg-info/PKG-INFO
[1.791s] -- Installing: /home/sergio/ros2_ws/install/mma_interfaces/local/lib/python3.10/dist-packages/mma_interfaces-0.0.0-py3.10.egg-info/SOURCES.txt
[1.791s] -- Installing: /home/sergio/ros2_ws/install/mma_interfaces/local/lib/python3.10/dist-packages/mma_interfaces-0.0.0-py3.10.egg-info/top_level.txt
[1.791s] -- Installing: /home/sergio/ros2_ws/install/mma_interfaces/local/lib/python3.10/dist-packages/mma_interfaces-0.0.0-py3.10.egg-info/dependency_links.txt
[1.791s] -- Up-to-date: /home/sergio/ros2_ws/install/mma_interfaces/local/lib/python3.10/dist-packages/mma_interfaces
[1.791s] -- Up-to-date: /home/sergio/ros2_ws/install/mma_interfaces/local/lib/python3.10/dist-packages/mma_interfaces/_mma_interfaces_s.ep.rosidl_typesupport_introspection_c.c
[1.791s] -- Up-to-date: /home/sergio/ros2_ws/install/mma_interfaces/local/lib/python3.10/dist-packages/mma_interfaces/mma_interfaces_s__rosidl_typesupport_fastrtps_c.cpython-310-x86_64-linux-gnu.so
[1.791s] -- Up-to-date: /home/sergio/ros2_ws/install/mma_interfaces/local/lib/python3.10/dist-packages/mma_interfaces/msg
[1.791s] -- Up-to-date: /home/sergio/ros2_ws/install/mma_interfaces/local/lib/python3.10/dist-packages/mma_interfaces/msg/__init__.py
[1.791s] -- Up-to-date: /home/sergio/ros2_ws/install/mma_interfaces/local/lib/python3.10/dist-packages/mma_interfaces/msg/_fighter.py
[1.791s] -- Up-to-date: /home/sergio/ros2_ws/install/mma_interfaces/local/lib/python3.10/dist-packages/mma_interfaces/msg/_fighter_s.c
[1.791s] -- Up-to-date: /home/sergio/ros2_ws/install/mma_interfaces/local/lib/python3.10/dist-packages/mma_interfaces/mma_interfaces_s__rosidl_typesupport_c.cpython-310-x86_64-linux-gnu.so
[1.792s] -- Up-to-date: /home/sergio/ros2_ws/install/mma_interfaces/local/lib/python3.10/dist-packages/mma_interfaces/action
[1.792s] -- Up-to-date: /home/sergio/ros2_ws/install/mma_interfaces/local/lib/python3.10/dist-packages/mma_interfaces/action/__init__.py
[1.792s] -- Up-to-date: /home/sergio/ros2_ws/install/mma_interfaces/local/lib/python3.10/dist-packages/mma_interfaces/action/_fight_simulation.py
[1.792s] -- Up-to-date: /home/sergio/ros2_ws/install/mma_interfaces/local/lib/python3.10/dist-packages/mma_interfaces/action/_fight_simulation_s.c
[1.792s] -- Up-to-date: /home/sergio/ros2_ws/install/mma_interfaces/local/lib/python3.10/dist-packages/mma_interfaces/__init__.py
[1.792s] -- Up-to-date: /home/sergio/ros2_ws/install/mma_interfaces/local/lib/python3.10/dist-packages/mma_interfaces/mma_interfaces_s__rosidl_typesupport_introspection_c.cpython-310-x86_64-linux-gnu.so
[1.792s] -- Up-to-date: /home/sergio/ros2_ws/install/mma_interfaces/local/lib/python3.10/dist-packages/mma_interfaces/_mma_interfaces_s.ep.rosidl_typesupport_c.c
[1.792s] -- Up-to-date: /home/sergio/ros2_ws/install/mma_interfaces/local/lib/python3.10/dist-packages/mma_interfaces/libmma_interfaces__rosidl_generator_py.so
[1.792s] -- Up-to-date: /home/sergio/ros2_ws/install/mma_interfaces/local/lib/python3.10/dist-packages/mma_interfaces/_mma_interfaces_s.ep.rosidl_typesupport_fastrtps_c.c
[1.792s] -- Up-to-date: /home/sergio/ros2_ws/install/mma_interfaces/local/lib/python3.10/dist-packages/mma_interfaces/srv
[1.792s] -- Up-to-date: /home/sergio/ros2_ws/install/mma_interfaces/local/lib/python3.10/dist-packages/mma_interfaces/srv/_fight_request.py
[1.793s] -- Up-to-date: /home/sergio/ros2_ws/install/mma_interfaces/local/lib/python3.10/dist-packages/mma_interfaces/srv/__init__.py
[1.793s] -- Up-to-date: /home/sergio/ros2_ws/install/mma_interfaces/local/lib/python3.10/dist-packages/mma_interfaces/srv/_fight_request_s.c
[1.793s] Listing '/home/sergio/ros2_ws/install/mma_interfaces/local/lib/python3.10/dist-packages/mma_interfaces'...
[1.793s] Listing '/home/sergio/ros2_ws/install/mma_interfaces/local/lib/python3.10/dist-packages/mma_interfaces/action'...
[1.793s] Listing '/home/sergio/ros2_ws/install/mma_interfaces/local/lib/python3.10/dist-packages/mma_interfaces/msg'...
[1.793s] Listing '/home/sergio/ros2_ws/install/mma_interfaces/local/lib/python3.10/dist-packages/mma_interfaces/srv'...
[1.793s] -- Up-to-date: /home/sergio/ros2_ws/install/mma_interfaces/local/lib/python3.10/dist-packages/mma_interfaces/mma_interfaces_s__rosidl_typesupport_fastrtps_c.cpython-310-x86_64-linux-gnu.so
[1.793s] -- Up-to-date: /home/sergio/ros2_ws/install/mma_interfaces/local/lib/python3.10/dist-packages/mma_interfaces/mma_interfaces_s__rosidl_typesupport_introspection_c.cpython-310-x86_64-linux-gnu.so
[1.793s] -- Up-to-date: /home/sergio/ros2_ws/install/mma_interfaces/local/lib/python3.10/dist-packages/mma_interfaces/mma_interfaces_s__rosidl_typesupport_c.cpython-310-x86_64-linux-gnu.so
[1.793s] -- Up-to-date: /home/sergio/ros2_ws/install/mma_interfaces/lib/libmma_interfaces__rosidl_generator_py.so
[1.793s] -- Up-to-date: /home/sergio/ros2_ws/install/mma_interfaces/share/mma_interfaces/msg/Fighter.idl
[1.793s] -- Up-to-date: /home/sergio/ros2_ws/install/mma_interfaces/share/mma_interfaces/srv/FightRequest.idl
[1.793s] -- Up-to-date: /home/sergio/ros2_ws/install/mma_interfaces/share/mma_interfaces/action/FightSimulation.idl
[1.793s] -- Up-to-date: /home/sergio/ros2_ws/install/mma_interfaces/share/mma_interfaces/msg/Fighter.msg
[1.793s] -- Up-to-date: /home/sergio/ros2_ws/install/mma_interfaces/share/mma_interfaces/srv/FightRequest.srv
[1.793s] -- Up-to-date: /home/sergio/ros2_ws/install/mma_interfaces/share/mma_interfaces/srv/FightRequest_Request.msg
[1.794s] -- Up-to-date: /home/sergio/ros2_ws/install/mma_interfaces/share/mma_interfaces/srv/FightRequest_Response.msg
[1.794s] -- Up-to-date: /home/sergio/ros2_ws/install/mma_interfaces/share/mma_interfaces/action/FightSimulation.action
[1.794s] -- Up-to-date: /home/sergio/ros2_ws/install/mma_interfaces/share/ament_index/resource_index/package_run_dependencies/mma_interfaces
[1.794s] -- Up-to-date: /home/sergio/ros2_ws/install/mma_interfaces/share/ament_index/resource_index/parent_prefix_path/mma_interfaces
[1.794s] -- Up-to-date: /home/sergio/ros2_ws/install/mma_interfaces/share/mma_interfaces/environment/ament_prefix_path.sh
[1.794s] -- Up-to-date: /home/sergio/ros2_ws/install/mma_interfaces/share/mma_interfaces/environment/ament_prefix_path.dsv
[1.794s] -- Up-to-date: /home/sergio/ros2_ws/install/mma_interfaces/share/mma_interfaces/environment/path.sh
[1.794s] -- Up-to-date: /home/sergio/ros2_ws/install/mma_interfaces/share/mma_interfaces/environment/path.dsv
[1.794s] -- Up-to-date: /home/sergio/ros2_ws/install/mma_interfaces/share/mma_interfaces/local_setup.bash
[1.794s] -- Up-to-date: /home/sergio/ros2_ws/install/mma_interfaces/share/mma_interfaces/local_setup.sh
[1.794s] -- Up-to-date: /home/sergio/ros2_ws/install/mma_interfaces/share/mma_interfaces/local_setup.zsh
[1.794s] -- Up-to-date: /home/sergio/ros2_ws/install/mma_interfaces/share/mma_interfaces/local_setup.dsv
[1.794s] -- Installing: /home/sergio/ros2_ws/install/mma_interfaces/share/mma_interfaces/package.dsv
[1.794s] -- Up-to-date: /home/sergio/ros2_ws/install/mma_interfaces/share/ament_index/resource_index/packages/mma_interfaces
[1.794s] -- Up-to-date: /home/sergio/ros2_ws/install/mma_interfaces/share/mma_interfaces/cmake/export_mma_interfaces__rosidl_generator_cExport.cmake
[1.795s] -- Up-to-date: /home/sergio/ros2_ws/install/mma_interfaces/share/mma_interfaces/cmake/export_mma_interfaces__rosidl_generator_cExport-noconfig.cmake
[1.795s] -- Up-to-date: /home/sergio/ros2_ws/install/mma_interfaces/share/mma_interfaces/cmake/export_mma_interfaces__rosidl_typesupport_fastrtps_cExport.cmake
[1.795s] -- Up-to-date: /home/sergio/ros2_ws/install/mma_interfaces/share/mma_interfaces/cmake/export_mma_interfaces__rosidl_typesupport_fastrtps_cExport-noconfig.cmake
[1.795s] -- Up-to-date: /home/sergio/ros2_ws/install/mma_interfaces/share/mma_interfaces/cmake/mma_interfaces__rosidl_typesupport_introspection_cExport.cmake
[1.795s] -- Up-to-date: /home/sergio/ros2_ws/install/mma_interfaces/share/mma_interfaces/cmake/mma_interfaces__rosidl_typesupport_introspection_cExport-noconfig.cmake
[1.795s] -- Up-to-date: /home/sergio/ros2_ws/install/mma_interfaces/share/mma_interfaces/cmake/mma_interfaces__rosidl_typesupport_cExport.cmake
[1.795s] -- Up-to-date: /home/sergio/ros2_ws/install/mma_interfaces/share/mma_interfaces/cmake/mma_interfaces__rosidl_typesupport_cExport-noconfig.cmake
[1.795s] -- Up-to-date: /home/sergio/ros2_ws/install/mma_interfaces/share/mma_interfaces/cmake/export_mma_interfaces__rosidl_generator_cppExport.cmake
[1.795s] -- Up-to-date: /home/sergio/ros2_ws/install/mma_interfaces/share/mma_interfaces/cmake/export_mma_interfaces__rosidl_typesupport_fastrtps_cppExport.cmake
[1.795s] -- Up-to-date: /home/sergio/ros2_ws/install/mma_interfaces/share/mma_interfaces/cmake/export_mma_interfaces__rosidl_typesupport_fastrtps_cppExport-noconfig.cmake
[1.796s] -- Up-to-date: /home/sergio/ros2_ws/install/mma_interfaces/share/mma_interfaces/cmake/mma_interfaces__rosidl_typesupport_introspection_cppExport.cmake
[1.796s] -- Up-to-date: /home/sergio/ros2_ws/install/mma_interfaces/share/mma_interfaces/cmake/mma_interfaces__rosidl_typesupport_introspection_cppExport-noconfig.cmake
[1.796s] -- Up-to-date: /home/sergio/ros2_ws/install/mma_interfaces/share/mma_interfaces/cmake/mma_interfaces__rosidl_typesupport_cppExport.cmake
[1.796s] -- Up-to-date: /home/sergio/ros2_ws/install/mma_interfaces/share/mma_interfaces/cmake/mma_interfaces__rosidl_typesupport_cppExport-noconfig.cmake
[1.796s] -- Up-to-date: /home/sergio/ros2_ws/install/mma_interfaces/share/mma_interfaces/cmake/export_mma_interfaces__rosidl_generator_pyExport.cmake
[1.796s] -- Up-to-date: /home/sergio/ros2_ws/install/mma_interfaces/share/mma_interfaces/cmake/export_mma_interfaces__rosidl_generator_pyExport-noconfig.cmake
[1.796s] -- Up-to-date: /home/sergio/ros2_ws/install/mma_interfaces/share/mma_interfaces/cmake/rosidl_cmake-extras.cmake
[1.796s] -- Up-to-date: /home/sergio/ros2_ws/install/mma_interfaces/share/mma_interfaces/cmake/ament_cmake_export_dependencies-extras.cmake
[1.796s] -- Up-to-date: /home/sergio/ros2_ws/install/mma_interfaces/share/mma_interfaces/cmake/ament_cmake_export_include_directories-extras.cmake
[1.796s] -- Up-to-date: /home/sergio/ros2_ws/install/mma_interfaces/share/mma_interfaces/cmake/ament_cmake_export_libraries-extras.cmake
[1.796s] -- Up-to-date: /home/sergio/ros2_ws/install/mma_interfaces/share/mma_interfaces/cmake/ament_cmake_export_targets-extras.cmake
[1.796s] -- Up-to-date: /home/sergio/ros2_ws/install/mma_interfaces/share/mma_interfaces/cmake/rosidl_cmake_export_typesupport_targets-extras.cmake
[1.797s] -- Up-to-date: /home/sergio/ros2_ws/install/mma_interfaces/share/mma_interfaces/cmake/rosidl_cmake_export_typesupport_libraries-extras.cmake
[1.797s] -- Up-to-date: /home/sergio/ros2_ws/install/mma_interfaces/share/mma_interfaces/cmake/mma_interfacesConfig.cmake
[1.797s] -- Up-to-date: /home/sergio/ros2_ws/install/mma_interfaces/share/mma_interfaces/cmake/mma_interfacesConfig-version.cmake
[1.797s] -- Up-to-date: /home/sergio/ros2_ws/install/mma_interfaces/share/mma_interfaces/package.xml
[2.258s] Invoked command in '/home/sergio/ros2_ws/build/mma_interfaces' returned '0': CMAKE_PREFIX_PATH=${CMAKE_PREFIX_PATH}:/home/sergio/ros2_ws/install/trr_robot_ps:/home/sergio/ros2_ws/install/robot_nav:/home/sergio/ros2_ws/install/robot_autonomo:/home/sergio/ros2_ws/install/pico_control_pub:/home/sergio/ros2_ws/install/p2_ej3:/home/sergio/ros2_ws/install/p1_ej3_servidor:/home/sergio/ros2_ws/install/p1_ej3_cliente:/home/sergio/ros2_ws/install/p1_ej2_nodos_sensor:/home/sergio/ros2_ws/install/p1_ej2_nodo5:/home/sergio/ros2_ws/install/p1_ej2_nodo4:/home/sergio/ros2_ws/install/nodo_adc_sub:/home/sergio/ros2_ws/install/my_stage_mover:/home/sergio/ros2_ws/install/my_package:/home/sergio/ros2_ws/install/mma_talker:/home/sergio/ros2_ws/install/mma_service:/home/sergio/ros2_ws/install/mma_listener:/home/sergio/ros2_ws/install/ejercicio_tres_server:/home/sergio/ros2_ws/install/ejercicio_tres_client:/home/sergio/ros2_ws/install/ejercicio_dos:/home/sergio/ros2_ws/install/ejercicio1_pkg:/home/sergio/ros2_ws/install/ejemplo_uno:/home/sergio/ros2_ws/install/cam_viewer:/home/sergio/ros2_ws/install/auto_mover:/home/sergio/ros2_ws/install/P1_ej1_sub:/home/sergio/ros2_ws/install/P1_ej1_pub:/opt/ros/humble /usr/bin/cmake --install /home/sergio/ros2_ws/build/mma_interfaces
