[4.018s] Invoking command in '/home/sergio/ros2_ws/src/my_package': PYTHONPATH=/home/sergio/ros2_ws/build/my_package/prefix_override:/home/sergio/.espressif/python_env/idf5.2_py3.10_env/lib/python3.10/site-packages/colcon_core/task/python/colcon_distutils_commands:/home/sergio/ros2_ws/install/my_package/lib/python3.10/site-packages:${PYTHONPATH} /home/sergio/.espressif/python_env/idf5.2_py3.10_env/bin/python3 -W ignore:setup.py install is deprecated -W ignore:easy_install command is deprecated setup.py egg_info --egg-base ../../build/my_package build --build-base /home/sergio/ros2_ws/build/my_package/build install --record /home/sergio/ros2_ws/build/my_package/install.log --single-version-externally-managed install_data
[4.528s] running egg_info
[4.551s] writing ../../build/my_package/my_package.egg-info/PKG-INFO
[4.551s] writing dependency_links to ../../build/my_package/my_package.egg-info/dependency_links.txt
[4.552s] writing entry points to ../../build/my_package/my_package.egg-info/entry_points.txt
[4.552s] writing requirements to ../../build/my_package/my_package.egg-info/requires.txt
[4.552s] writing top-level names to ../../build/my_package/my_package.egg-info/top_level.txt
[4.600s] reading manifest file '../../build/my_package/my_package.egg-info/SOURCES.txt'
[4.602s] writing manifest file '../../build/my_package/my_package.egg-info/SOURCES.txt'
[4.602s] running build
[4.603s] running build_py
[4.603s] copying my_package/my_node.py -> /home/sergio/ros2_ws/build/my_package/build/lib/my_package
[4.603s] copying my_package/__init__.py -> /home/sergio/ros2_ws/build/my_package/build/lib/my_package
[4.603s] running install
[4.612s] running install_lib
[4.633s] running install_data
[4.633s] copying resource/my_package -> /home/sergio/ros2_ws/install/my_package/share/ament_index/resource_index/packages
[4.633s] copying package.xml -> /home/sergio/ros2_ws/install/my_package/share/my_package
[4.633s] running install_egg_info
[4.655s] removing '/home/sergio/ros2_ws/install/my_package/lib/python3.10/site-packages/my_package-0.0.0-py3.10.egg-info' (and everything under it)
[4.656s] Copying ../../build/my_package/my_package.egg-info to /home/sergio/ros2_ws/install/my_package/lib/python3.10/site-packages/my_package-0.0.0-py3.10.egg-info
[4.657s] running install_scripts
[4.839s] Installing my_node script to /home/sergio/ros2_ws/install/my_package/lib/my_package
[4.840s] writing list of installed files to '/home/sergio/ros2_ws/build/my_package/install.log'
[4.932s] Invoked command in '/home/sergio/ros2_ws/src/my_package' returned '0': PYTHONPATH=/home/sergio/ros2_ws/build/my_package/prefix_override:/home/sergio/.espressif/python_env/idf5.2_py3.10_env/lib/python3.10/site-packages/colcon_core/task/python/colcon_distutils_commands:/home/sergio/ros2_ws/install/my_package/lib/python3.10/site-packages:${PYTHONPATH} /home/sergio/.espressif/python_env/idf5.2_py3.10_env/bin/python3 -W ignore:setup.py install is deprecated -W ignore:easy_install command is deprecated setup.py egg_info --egg-base ../../build/my_package build --build-base /home/sergio/ros2_ws/build/my_package/build install --record /home/sergio/ros2_ws/build/my_package/install.log --single-version-externally-managed install_data
