[2.892s] Invoking command in '/home/sergio/ros2_ws/src/mma_listener': PYTHONPATH=/home/sergio/ros2_ws/build/mma_listener/prefix_override:/usr/lib/python3/dist-packages/colcon_core/task/python/colcon_distutils_commands:/home/sergio/ros2_ws/install/mma_listener/lib/python3.10/site-packages:${PYTHONPATH} /usr/bin/python3 -W ignore:setup.py install is deprecated -W ignore:easy_install command is deprecated setup.py egg_info --egg-base ../../build/mma_listener build --build-base /home/sergio/ros2_ws/build/mma_listener/build install --record /home/sergio/ros2_ws/build/mma_listener/install.log --single-version-externally-managed install_data
[3.392s] running egg_info
[3.393s] writing ../../build/mma_listener/mma_listener.egg-info/PKG-INFO
[3.393s] writing dependency_links to ../../build/mma_listener/mma_listener.egg-info/dependency_links.txt
[3.393s] writing entry points to ../../build/mma_listener/mma_listener.egg-info/entry_points.txt
[3.393s] writing requirements to ../../build/mma_listener/mma_listener.egg-info/requires.txt
[3.394s] writing top-level names to ../../build/mma_listener/mma_listener.egg-info/top_level.txt
[3.396s] reading manifest file '../../build/mma_listener/mma_listener.egg-info/SOURCES.txt'
[3.396s] writing manifest file '../../build/mma_listener/mma_listener.egg-info/SOURCES.txt'
[3.396s] running build
[3.396s] running build_py
[3.397s] running install
[3.397s] running install_lib
[3.399s] running install_data
[3.399s] running install_egg_info
[3.401s] removing '/home/sergio/ros2_ws/install/mma_listener/lib/python3.10/site-packages/mma_listener-0.0.0-py3.10.egg-info' (and everything under it)
[3.401s] Copying ../../build/mma_listener/mma_listener.egg-info to /home/sergio/ros2_ws/install/mma_listener/lib/python3.10/site-packages/mma_listener-0.0.0-py3.10.egg-info
[3.402s] running install_scripts
[3.427s] Installing listener script to /home/sergio/ros2_ws/install/mma_listener/lib/mma_listener
[3.427s] writing list of installed files to '/home/sergio/ros2_ws/build/mma_listener/install.log'
