[0.425s] Invoking command in '/home/sergio/ros2_ws/build/stage_worlds': CMAKE_PREFIX_PATH=${CMAKE_PREFIX_PATH}:/home/sergio/ros2_ws/install/trr_robot_ps:/home/sergio/ros2_ws/install/robot_nav:/home/sergio/ros2_ws/install/robot_autonomo:/home/sergio/ros2_ws/install/pico_control_pub:/home/sergio/ros2_ws/install/p2_ej3:/home/sergio/ros2_ws/install/p1_ej3_servidor:/home/sergio/ros2_ws/install/p1_ej3_cliente:/home/sergio/ros2_ws/install/p1_ej2_nodos_sensor:/home/sergio/ros2_ws/install/p1_ej2_nodo5:/home/sergio/ros2_ws/install/p1_ej2_nodo4:/home/sergio/ros2_ws/install/nodo_adc_sub:/home/sergio/ros2_ws/install/my_stage_mover:/home/sergio/ros2_ws/install/my_package:/home/sergio/ros2_ws/install/mma_talker:/home/sergio/ros2_ws/install/mma_service:/home/sergio/ros2_ws/install/mma_listener:/home/sergio/ros2_ws/install/ejercicio_tres_server:/home/sergio/ros2_ws/install/ejercicio_tres_client:/home/sergio/ros2_ws/install/ejercicio_dos:/home/sergio/ros2_ws/install/ejercicio1_pkg:/home/sergio/ros2_ws/install/ejemplo_uno:/home/sergio/ros2_ws/install/cam_viewer:/home/sergio/ros2_ws/install/auto_mover:/home/sergio/ros2_ws/install/P1_ej1_sub:/home/sergio/ros2_ws/install/P1_ej1_pub:/opt/ros/humble /usr/bin/cmake --build /home/sergio/ros2_ws/build/stage_worlds -- -j16 -l16
[1.074s] Invoked command in '/home/sergio/ros2_ws/build/stage_worlds' returned '0': CMAKE_PREFIX_PATH=${CMAKE_PREFIX_PATH}:/home/sergio/ros2_ws/install/trr_robot_ps:/home/sergio/ros2_ws/install/robot_nav:/home/sergio/ros2_ws/install/robot_autonomo:/home/sergio/ros2_ws/install/pico_control_pub:/home/sergio/ros2_ws/install/p2_ej3:/home/sergio/ros2_ws/install/p1_ej3_servidor:/home/sergio/ros2_ws/install/p1_ej3_cliente:/home/sergio/ros2_ws/install/p1_ej2_nodos_sensor:/home/sergio/ros2_ws/install/p1_ej2_nodo5:/home/sergio/ros2_ws/install/p1_ej2_nodo4:/home/sergio/ros2_ws/install/nodo_adc_sub:/home/sergio/ros2_ws/install/my_stage_mover:/home/sergio/ros2_ws/install/my_package:/home/sergio/ros2_ws/install/mma_talker:/home/sergio/ros2_ws/install/mma_service:/home/sergio/ros2_ws/install/mma_listener:/home/sergio/ros2_ws/install/ejercicio_tres_server:/home/sergio/ros2_ws/install/ejercicio_tres_client:/home/sergio/ros2_ws/install/ejercicio_dos:/home/sergio/ros2_ws/install/ejercicio1_pkg:/home/sergio/ros2_ws/install/ejemplo_uno:/home/sergio/ros2_ws/install/cam_viewer:/home/sergio/ros2_ws/install/auto_mover:/home/sergio/ros2_ws/install/P1_ej1_sub:/home/sergio/ros2_ws/install/P1_ej1_pub:/opt/ros/humble /usr/bin/cmake --build /home/sergio/ros2_ws/build/stage_worlds -- -j16 -l16
[1.075s] Invoking command in '/home/sergio/ros2_ws/build/stage_worlds': CMAKE_PREFIX_PATH=${CMAKE_PREFIX_PATH}:/home/sergio/ros2_ws/install/trr_robot_ps:/home/sergio/ros2_ws/install/robot_nav:/home/sergio/ros2_ws/install/robot_autonomo:/home/sergio/ros2_ws/install/pico_control_pub:/home/sergio/ros2_ws/install/p2_ej3:/home/sergio/ros2_ws/install/p1_ej3_servidor:/home/sergio/ros2_ws/install/p1_ej3_cliente:/home/sergio/ros2_ws/install/p1_ej2_nodos_sensor:/home/sergio/ros2_ws/install/p1_ej2_nodo5:/home/sergio/ros2_ws/install/p1_ej2_nodo4:/home/sergio/ros2_ws/install/nodo_adc_sub:/home/sergio/ros2_ws/install/my_stage_mover:/home/sergio/ros2_ws/install/my_package:/home/sergio/ros2_ws/install/mma_talker:/home/sergio/ros2_ws/install/mma_service:/home/sergio/ros2_ws/install/mma_listener:/home/sergio/ros2_ws/install/ejercicio_tres_server:/home/sergio/ros2_ws/install/ejercicio_tres_client:/home/sergio/ros2_ws/install/ejercicio_dos:/home/sergio/ros2_ws/install/ejercicio1_pkg:/home/sergio/ros2_ws/install/ejemplo_uno:/home/sergio/ros2_ws/install/cam_viewer:/home/sergio/ros2_ws/install/auto_mover:/home/sergio/ros2_ws/install/P1_ej1_sub:/home/sergio/ros2_ws/install/P1_ej1_pub:/opt/ros/humble /usr/bin/cmake --install /home/sergio/ros2_ws/build/stage_worlds
[1.124s] -- Install configuration: ""
[1.124s] -- Up-to-date: /home/sergio/ros2_ws/install/stage_worlds/share/stage_worlds/worlds
[1.124s] -- Up-to-date: /home/sergio/ros2_ws/install/stage_worlds/share/stage_worlds/worlds/mapa_parcial.world
[1.125s] -- Up-to-date: /home/sergio/ros2_ws/install/stage_worlds/share/stage_worlds/worlds/bitmaps
[1.125s] -- Up-to-date: /home/sergio/ros2_ws/install/stage_worlds/share/stage_worlds/worlds/bitmaps/mapa_parcial.png
[1.125s] -- Up-to-date: /home/sergio/ros2_ws/install/stage_worlds/share/stage_worlds/worlds/bitmaps/lol_map.png
[1.125s] -- Up-to-date: /home/sergio/ros2_ws/install/stage_worlds/share/stage_worlds/worlds/bitmaps/lol_map1.png
[1.125s] -- Up-to-date: /home/sergio/ros2_ws/install/stage_worlds/share/stage_worlds/worlds/bitmaps/mapa lol.jpg
[1.126s] -- Up-to-date: /home/sergio/ros2_ws/install/stage_worlds/share/stage_worlds/worlds/lol_map1.world
[1.126s] -- Up-to-date: /home/sergio/ros2_ws/install/stage_worlds/share/stage_worlds/worlds/mi_mundo.world
[1.126s] -- Up-to-date: /home/sergio/ros2_ws/install/stage_worlds/share/stage_worlds/worlds/include
[1.126s] -- Up-to-date: /home/sergio/ros2_ws/install/stage_worlds/share/stage_worlds/worlds/include/pioneer2dx.inc
[1.126s] -- Up-to-date: /home/sergio/ros2_ws/install/stage_worlds/share/stage_worlds/worlds/include/robots.inc
[1.126s] -- Up-to-date: /home/sergio/ros2_ws/install/stage_worlds/share/ament_index/resource_index/package_run_dependencies/stage_worlds
[1.126s] -- Up-to-date: /home/sergio/ros2_ws/install/stage_worlds/share/ament_index/resource_index/parent_prefix_path/stage_worlds
[1.126s] -- Up-to-date: /home/sergio/ros2_ws/install/stage_worlds/share/stage_worlds/environment/ament_prefix_path.sh
[1.127s] -- Up-to-date: /home/sergio/ros2_ws/install/stage_worlds/share/stage_worlds/environment/ament_prefix_path.dsv
[1.127s] -- Up-to-date: /home/sergio/ros2_ws/install/stage_worlds/share/stage_worlds/environment/path.sh
[1.127s] -- Up-to-date: /home/sergio/ros2_ws/install/stage_worlds/share/stage_worlds/environment/path.dsv
[1.127s] -- Up-to-date: /home/sergio/ros2_ws/install/stage_worlds/share/stage_worlds/local_setup.bash
[1.130s] -- Up-to-date: /home/sergio/ros2_ws/install/stage_worlds/share/stage_worlds/local_setup.sh
[1.130s] -- Up-to-date: /home/sergio/ros2_ws/install/stage_worlds/share/stage_worlds/local_setup.zsh
[1.130s] -- Up-to-date: /home/sergio/ros2_ws/install/stage_worlds/share/stage_worlds/local_setup.dsv
[1.130s] -- Installing: /home/sergio/ros2_ws/install/stage_worlds/share/stage_worlds/package.dsv
[1.131s] -- Up-to-date: /home/sergio/ros2_ws/install/stage_worlds/share/ament_index/resource_index/packages/stage_worlds
[1.131s] -- Up-to-date: /home/sergio/ros2_ws/install/stage_worlds/share/stage_worlds/cmake/stage_worldsConfig.cmake
[1.131s] -- Up-to-date: /home/sergio/ros2_ws/install/stage_worlds/share/stage_worlds/cmake/stage_worldsConfig-version.cmake
[1.131s] -- Up-to-date: /home/sergio/ros2_ws/install/stage_worlds/share/stage_worlds/package.xml
[1.186s] Invoked command in '/home/sergio/ros2_ws/build/stage_worlds' returned '0': CMAKE_PREFIX_PATH=${CMAKE_PREFIX_PATH}:/home/sergio/ros2_ws/install/trr_robot_ps:/home/sergio/ros2_ws/install/robot_nav:/home/sergio/ros2_ws/install/robot_autonomo:/home/sergio/ros2_ws/install/pico_control_pub:/home/sergio/ros2_ws/install/p2_ej3:/home/sergio/ros2_ws/install/p1_ej3_servidor:/home/sergio/ros2_ws/install/p1_ej3_cliente:/home/sergio/ros2_ws/install/p1_ej2_nodos_sensor:/home/sergio/ros2_ws/install/p1_ej2_nodo5:/home/sergio/ros2_ws/install/p1_ej2_nodo4:/home/sergio/ros2_ws/install/nodo_adc_sub:/home/sergio/ros2_ws/install/my_stage_mover:/home/sergio/ros2_ws/install/my_package:/home/sergio/ros2_ws/install/mma_talker:/home/sergio/ros2_ws/install/mma_service:/home/sergio/ros2_ws/install/mma_listener:/home/sergio/ros2_ws/install/ejercicio_tres_server:/home/sergio/ros2_ws/install/ejercicio_tres_client:/home/sergio/ros2_ws/install/ejercicio_dos:/home/sergio/ros2_ws/install/ejercicio1_pkg:/home/sergio/ros2_ws/install/ejemplo_uno:/home/sergio/ros2_ws/install/cam_viewer:/home/sergio/ros2_ws/install/auto_mover:/home/sergio/ros2_ws/install/P1_ej1_sub:/home/sergio/ros2_ws/install/P1_ej1_pub:/opt/ros/humble /usr/bin/cmake --install /home/sergio/ros2_ws/build/stage_worlds
