[3.746s] Invoking command in '/home/sergio/ros2_ws/src/mma_talker': PYTHONPATH=/home/sergio/ros2_ws/build/mma_talker/prefix_override:/home/sergio/.espressif/python_env/idf5.2_py3.10_env/lib/python3.10/site-packages/colcon_core/task/python/colcon_distutils_commands:/home/sergio/ros2_ws/install/mma_talker/lib/python3.10/site-packages:${PYTHONPATH} /home/sergio/.espressif/python_env/idf5.2_py3.10_env/bin/python3 -W ignore:setup.py install is deprecated -W ignore:easy_install command is deprecated setup.py egg_info --egg-base ../../build/mma_talker build --build-base /home/sergio/ros2_ws/build/mma_talker/build install --record /home/sergio/ros2_ws/build/mma_talker/install.log --single-version-externally-managed install_data
[4.181s] running egg_info
[4.182s] writing ../../build/mma_talker/mma_talker.egg-info/PKG-INFO
[4.182s] writing dependency_links to ../../build/mma_talker/mma_talker.egg-info/dependency_links.txt
[4.182s] writing entry points to ../../build/mma_talker/mma_talker.egg-info/entry_points.txt
[4.182s] writing requirements to ../../build/mma_talker/mma_talker.egg-info/requires.txt
[4.182s] writing top-level names to ../../build/mma_talker/mma_talker.egg-info/top_level.txt
[4.217s] reading manifest file '../../build/mma_talker/mma_talker.egg-info/SOURCES.txt'
[4.219s] writing manifest file '../../build/mma_talker/mma_talker.egg-info/SOURCES.txt'
[4.220s] running build
[4.220s] running build_py
[4.220s] copying mma_talker/mma_talker.py -> /home/sergio/ros2_ws/build/mma_talker/build/lib/mma_talker
[4.221s] copying mma_talker/__init__.py -> /home/sergio/ros2_ws/build/mma_talker/build/lib/mma_talker
[4.221s] copying mma_talker/talker.py -> /home/sergio/ros2_ws/build/mma_talker/build/lib/mma_talker
[4.221s] running install
[4.236s] running install_lib
[4.263s] running install_data
[4.264s] copying resource/mma_talker -> /home/sergio/ros2_ws/install/mma_talker/share/ament_index/resource_index/packages
[4.264s] copying package.xml -> /home/sergio/ros2_ws/install/mma_talker/share/mma_talker
[4.264s] running install_egg_info
[4.291s] removing '/home/sergio/ros2_ws/install/mma_talker/lib/python3.10/site-packages/mma_talker-0.0.0-py3.10.egg-info' (and everything under it)
[4.292s] Copying ../../build/mma_talker/mma_talker.egg-info to /home/sergio/ros2_ws/install/mma_talker/lib/python3.10/site-packages/mma_talker-0.0.0-py3.10.egg-info
[4.322s] running install_scripts
[4.556s] Installing mma_talker script to /home/sergio/ros2_ws/install/mma_talker/lib/mma_talker
[4.557s] Installing talker script to /home/sergio/ros2_ws/install/mma_talker/lib/mma_talker
[4.558s] writing list of installed files to '/home/sergio/ros2_ws/build/mma_talker/install.log'
[4.631s] Invoked command in '/home/sergio/ros2_ws/src/mma_talker' returned '0': PYTHONPATH=/home/sergio/ros2_ws/build/mma_talker/prefix_override:/home/sergio/.espressif/python_env/idf5.2_py3.10_env/lib/python3.10/site-packages/colcon_core/task/python/colcon_distutils_commands:/home/sergio/ros2_ws/install/mma_talker/lib/python3.10/site-packages:${PYTHONPATH} /home/sergio/.espressif/python_env/idf5.2_py3.10_env/bin/python3 -W ignore:setup.py install is deprecated -W ignore:easy_install command is deprecated setup.py egg_info --egg-base ../../build/mma_talker build --build-base /home/sergio/ros2_ws/build/mma_talker/build install --record /home/sergio/ros2_ws/build/mma_talker/install.log --single-version-externally-managed install_data
