[3.799s] Invoking command in '/home/sergio/ros2_ws/src/p2_ej3': PYTHONPATH=/home/sergio/ros2_ws/build/p2_ej3/prefix_override:/usr/lib/python3/dist-packages/colcon_core/task/python/colcon_distutils_commands:/home/sergio/ros2_ws/install/p2_ej3/lib/python3.10/site-packages:${PYTHONPATH} /usr/bin/python3 -W ignore:setup.py install is deprecated -W ignore:easy_install command is deprecated setup.py egg_info --egg-base ../../build/p2_ej3 build --build-base /home/sergio/ros2_ws/build/p2_ej3/build install --record /home/sergio/ros2_ws/build/p2_ej3/install.log --single-version-externally-managed install_data
[4.557s] running egg_info
[4.561s] creating ../../build/p2_ej3/p2_ej3.egg-info
[4.565s] writing ../../build/p2_ej3/p2_ej3.egg-info/PKG-INFO
[4.565s] writing dependency_links to ../../build/p2_ej3/p2_ej3.egg-info/dependency_links.txt
[4.565s] writing entry points to ../../build/p2_ej3/p2_ej3.egg-info/entry_points.txt
[4.566s] writing requirements to ../../build/p2_ej3/p2_ej3.egg-info/requires.txt
[4.566s] writing top-level names to ../../build/p2_ej3/p2_ej3.egg-info/top_level.txt
[4.566s] writing manifest file '../../build/p2_ej3/p2_ej3.egg-info/SOURCES.txt'
[4.571s] reading manifest file '../../build/p2_ej3/p2_ej3.egg-info/SOURCES.txt'
[4.577s] writing manifest file '../../build/p2_ej3/p2_ej3.egg-info/SOURCES.txt'
[4.579s] running build
[4.579s] running build_py
[4.579s] creating /home/sergio/ros2_ws/build/p2_ej3/build
[4.580s] creating /home/sergio/ros2_ws/build/p2_ej3/build/lib
[4.580s] creating /home/sergio/ros2_ws/build/p2_ej3/build/lib/p2_ej3
[4.580s] copying p2_ej3/__init__.py -> /home/sergio/ros2_ws/build/p2_ej3/build/lib/p2_ej3
[4.581s] copying p2_ej3/avoid_obstacles.py -> /home/sergio/ros2_ws/build/p2_ej3/build/lib/p2_ej3
[4.582s] running install
[4.583s] running install_lib
[4.591s] creating /home/sergio/ros2_ws/install/p2_ej3/lib/python3.10/site-packages/p2_ej3
[4.592s] copying /home/sergio/ros2_ws/build/p2_ej3/build/lib/p2_ej3/__init__.py -> /home/sergio/ros2_ws/install/p2_ej3/lib/python3.10/site-packages/p2_ej3
[4.592s] copying /home/sergio/ros2_ws/build/p2_ej3/build/lib/p2_ej3/avoid_obstacles.py -> /home/sergio/ros2_ws/install/p2_ej3/lib/python3.10/site-packages/p2_ej3
[4.593s] byte-compiling /home/sergio/ros2_ws/install/p2_ej3/lib/python3.10/site-packages/p2_ej3/__init__.py to __init__.cpython-310.pyc
[4.595s] byte-compiling /home/sergio/ros2_ws/install/p2_ej3/lib/python3.10/site-packages/p2_ej3/avoid_obstacles.py to avoid_obstacles.cpython-310.pyc
[4.599s] running install_data
[4.600s] creating /home/sergio/ros2_ws/install/p2_ej3/share/ament_index
[4.600s] creating /home/sergio/ros2_ws/install/p2_ej3/share/ament_index/resource_index
[4.602s] creating /home/sergio/ros2_ws/install/p2_ej3/share/ament_index/resource_index/packages
[4.602s] copying resource/p2_ej3 -> /home/sergio/ros2_ws/install/p2_ej3/share/ament_index/resource_index/packages
[4.602s] copying package.xml -> /home/sergio/ros2_ws/install/p2_ej3/share/p2_ej3
[4.603s] creating /home/sergio/ros2_ws/install/p2_ej3/share/p2_ej3/launch
[4.603s] copying launch/bringup.launch.py -> /home/sergio/ros2_ws/install/p2_ej3/share/p2_ej3/launch
[4.603s] creating /home/sergio/ros2_ws/install/p2_ej3/share/p2_ej3/rviz
[4.603s] copying rviz/nav2_config.rviz -> /home/sergio/ros2_ws/install/p2_ej3/share/p2_ej3/rviz
[4.606s] running install_egg_info
[4.608s] Copying ../../build/p2_ej3/p2_ej3.egg-info to /home/sergio/ros2_ws/install/p2_ej3/lib/python3.10/site-packages/p2_ej3-0.0.0-py3.10.egg-info
[4.615s] running install_scripts
[4.675s] Installing avoid_obstacles script to /home/sergio/ros2_ws/install/p2_ej3/lib/p2_ej3
[4.677s] writing list of installed files to '/home/sergio/ros2_ws/build/p2_ej3/install.log'
[4.746s] Invoked command in '/home/sergio/ros2_ws/src/p2_ej3' returned '0': PYTHONPATH=/home/sergio/ros2_ws/build/p2_ej3/prefix_override:/usr/lib/python3/dist-packages/colcon_core/task/python/colcon_distutils_commands:/home/sergio/ros2_ws/install/p2_ej3/lib/python3.10/site-packages:${PYTHONPATH} /usr/bin/python3 -W ignore:setup.py install is deprecated -W ignore:easy_install command is deprecated setup.py egg_info --egg-base ../../build/p2_ej3 build --build-base /home/sergio/ros2_ws/build/p2_ej3/build install --record /home/sergio/ros2_ws/build/p2_ej3/install.log --single-version-externally-managed install_data
