[4.356s] Invoking command in '/home/sergio/ros2_ws/src/p1_ej2_nodo4': PYTHONPATH=/home/sergio/ros2_ws/build/p1_ej2_nodo4/prefix_override:/usr/lib/python3/dist-packages/colcon_core/task/python/colcon_distutils_commands:/home/sergio/ros2_ws/install/p1_ej2_nodo4/lib/python3.10/site-packages:${PYTHONPATH} /usr/bin/python3 -W ignore:setup.py install is deprecated -W ignore:easy_install command is deprecated setup.py egg_info --egg-base ../../build/p1_ej2_nodo4 build --build-base /home/sergio/ros2_ws/build/p1_ej2_nodo4/build install --record /home/sergio/ros2_ws/build/p1_ej2_nodo4/install.log --single-version-externally-managed install_data
[5.063s] running egg_info
[5.065s] writing ../../build/p1_ej2_nodo4/p1_ej2_nodo4.egg-info/PKG-INFO
[5.066s] writing dependency_links to ../../build/p1_ej2_nodo4/p1_ej2_nodo4.egg-info/dependency_links.txt
[5.067s] writing entry points to ../../build/p1_ej2_nodo4/p1_ej2_nodo4.egg-info/entry_points.txt
[5.067s] writing requirements to ../../build/p1_ej2_nodo4/p1_ej2_nodo4.egg-info/requires.txt
[5.067s] writing top-level names to ../../build/p1_ej2_nodo4/p1_ej2_nodo4.egg-info/top_level.txt
[5.075s] reading manifest file '../../build/p1_ej2_nodo4/p1_ej2_nodo4.egg-info/SOURCES.txt'
[5.077s] writing manifest file '../../build/p1_ej2_nodo4/p1_ej2_nodo4.egg-info/SOURCES.txt'
[5.077s] running build
[5.078s] running build_py
[5.080s] running install
[5.080s] running install_lib
[5.083s] running install_data
[5.083s] running install_egg_info
[5.091s] removing '/home/sergio/ros2_ws/install/p1_ej2_nodo4/lib/python3.10/site-packages/p1_ej2_nodo4-0.0.0-py3.10.egg-info' (and everything under it)
[5.093s] Copying ../../build/p1_ej2_nodo4/p1_ej2_nodo4.egg-info to /home/sergio/ros2_ws/install/p1_ej2_nodo4/lib/python3.10/site-packages/p1_ej2_nodo4-0.0.0-py3.10.egg-info
[5.095s] running install_scripts
[5.158s] Installing nodo4 script to /home/sergio/ros2_ws/install/p1_ej2_nodo4/lib/p1_ej2_nodo4
[5.158s] writing list of installed files to '/home/sergio/ros2_ws/build/p1_ej2_nodo4/install.log'
[5.364s] Invoked command in '/home/sergio/ros2_ws/src/p1_ej2_nodo4' returned '0': PYTHONPATH=/home/sergio/ros2_ws/build/p1_ej2_nodo4/prefix_override:/usr/lib/python3/dist-packages/colcon_core/task/python/colcon_distutils_commands:/home/sergio/ros2_ws/install/p1_ej2_nodo4/lib/python3.10/site-packages:${PYTHONPATH} /usr/bin/python3 -W ignore:setup.py install is deprecated -W ignore:easy_install command is deprecated setup.py egg_info --egg-base ../../build/p1_ej2_nodo4 build --build-base /home/sergio/ros2_ws/build/p1_ej2_nodo4/build install --record /home/sergio/ros2_ws/build/p1_ej2_nodo4/install.log --single-version-externally-managed install_data
