[5.364s] Invoking command in '/home/sergio/ros2_ws/src/p1_ej2_nodos_sensor': PYTHONPATH=/home/sergio/ros2_ws/build/p1_ej2_nodos_sensor/prefix_override:/usr/lib/python3/dist-packages/colcon_core/task/python/colcon_distutils_commands:/home/sergio/ros2_ws/install/p1_ej2_nodos_sensor/lib/python3.10/site-packages:${PYTHONPATH} /usr/bin/python3 -W ignore:setup.py install is deprecated -W ignore:easy_install command is deprecated setup.py egg_info --egg-base ../../build/p1_ej2_nodos_sensor build --build-base /home/sergio/ros2_ws/build/p1_ej2_nodos_sensor/build install --record /home/sergio/ros2_ws/build/p1_ej2_nodos_sensor/install.log --single-version-externally-managed install_data
[6.382s] running egg_info
[6.384s] writing ../../build/p1_ej2_nodos_sensor/p1_ej2_nodos_sensor.egg-info/PKG-INFO
[6.390s] writing dependency_links to ../../build/p1_ej2_nodos_sensor/p1_ej2_nodos_sensor.egg-info/dependency_links.txt
[6.390s] writing entry points to ../../build/p1_ej2_nodos_sensor/p1_ej2_nodos_sensor.egg-info/entry_points.txt
[6.391s] writing requirements to ../../build/p1_ej2_nodos_sensor/p1_ej2_nodos_sensor.egg-info/requires.txt
[6.391s] writing top-level names to ../../build/p1_ej2_nodos_sensor/p1_ej2_nodos_sensor.egg-info/top_level.txt
[6.400s] reading manifest file '../../build/p1_ej2_nodos_sensor/p1_ej2_nodos_sensor.egg-info/SOURCES.txt'
[6.400s] writing manifest file '../../build/p1_ej2_nodos_sensor/p1_ej2_nodos_sensor.egg-info/SOURCES.txt'
[6.401s] running build
[6.401s] running build_py
[6.406s] running install
[6.406s] running install_lib
[6.407s] running install_data
[6.408s] running install_egg_info
[6.416s] removing '/home/sergio/ros2_ws/install/p1_ej2_nodos_sensor/lib/python3.10/site-packages/p1_ej2_nodos_sensor-0.0.0-py3.10.egg-info' (and everything under it)
[6.416s] Copying ../../build/p1_ej2_nodos_sensor/p1_ej2_nodos_sensor.egg-info to /home/sergio/ros2_ws/install/p1_ej2_nodos_sensor/lib/python3.10/site-packages/p1_ej2_nodos_sensor-0.0.0-py3.10.egg-info
[6.417s] running install_scripts
[6.513s] Installing nodo1 script to /home/sergio/ros2_ws/install/p1_ej2_nodos_sensor/lib/p1_ej2_nodos_sensor
[6.517s] Installing nodo2 script to /home/sergio/ros2_ws/install/p1_ej2_nodos_sensor/lib/p1_ej2_nodos_sensor
[6.517s] Installing nodo3 script to /home/sergio/ros2_ws/install/p1_ej2_nodos_sensor/lib/p1_ej2_nodos_sensor
[6.518s] writing list of installed files to '/home/sergio/ros2_ws/build/p1_ej2_nodos_sensor/install.log'
[7.106s] Invoked command in '/home/sergio/ros2_ws/src/p1_ej2_nodos_sensor' returned '0': PYTHONPATH=/home/sergio/ros2_ws/build/p1_ej2_nodos_sensor/prefix_override:/usr/lib/python3/dist-packages/colcon_core/task/python/colcon_distutils_commands:/home/sergio/ros2_ws/install/p1_ej2_nodos_sensor/lib/python3.10/site-packages:${PYTHONPATH} /usr/bin/python3 -W ignore:setup.py install is deprecated -W ignore:easy_install command is deprecated setup.py egg_info --egg-base ../../build/p1_ej2_nodos_sensor build --build-base /home/sergio/ros2_ws/build/p1_ej2_nodos_sensor/build install --record /home/sergio/ros2_ws/build/p1_ej2_nodos_sensor/install.log --single-version-externally-managed install_data
