[1.979s] Invoking command in '/home/sergio/ros2_ws/src/robot_nav': PYTHONPATH=/home/sergio/ros2_ws/build/robot_nav/prefix_override:/usr/lib/python3/dist-packages/colcon_core/task/python/colcon_distutils_commands:/home/sergio/ros2_ws/install/robot_nav/lib/python3.10/site-packages:${PYTHONPATH} /usr/bin/python3 -W ignore:setup.py install is deprecated -W ignore:easy_install command is deprecated setup.py egg_info --egg-base ../../build/robot_nav build --build-base /home/sergio/ros2_ws/build/robot_nav/build install --record /home/sergio/ros2_ws/build/robot_nav/install.log --single-version-externally-managed install_data
[2.257s] running egg_info
[2.258s] writing ../../build/robot_nav/robot_nav.egg-info/PKG-INFO
[2.258s] writing dependency_links to ../../build/robot_nav/robot_nav.egg-info/dependency_links.txt
[2.258s] writing entry points to ../../build/robot_nav/robot_nav.egg-info/entry_points.txt
[2.258s] writing requirements to ../../build/robot_nav/robot_nav.egg-info/requires.txt
[2.258s] writing top-level names to ../../build/robot_nav/robot_nav.egg-info/top_level.txt
[2.262s] reading manifest file '../../build/robot_nav/robot_nav.egg-info/SOURCES.txt'
[2.262s] writing manifest file '../../build/robot_nav/robot_nav.egg-info/SOURCES.txt'
[2.262s] running build
[2.262s] running build_py
[2.262s] copying robot_nav/avoid_obstacles.py -> /home/sergio/ros2_ws/build/robot_nav/build/lib/robot_nav
[2.263s] running install
[2.263s] running install_lib
[2.263s] copying /home/sergio/ros2_ws/build/robot_nav/build/lib/robot_nav/avoid_obstacles.py -> /home/sergio/ros2_ws/install/robot_nav/lib/python3.10/site-packages/robot_nav
[2.265s] byte-compiling /home/sergio/ros2_ws/install/robot_nav/lib/python3.10/site-packages/robot_nav/avoid_obstacles.py to avoid_obstacles.cpython-310.pyc
[2.265s] running install_data
[2.265s] running install_egg_info
[2.267s] removing '/home/sergio/ros2_ws/install/robot_nav/lib/python3.10/site-packages/robot_nav-0.0.0-py3.10.egg-info' (and everything under it)
[2.267s] Copying ../../build/robot_nav/robot_nav.egg-info to /home/sergio/ros2_ws/install/robot_nav/lib/python3.10/site-packages/robot_nav-0.0.0-py3.10.egg-info
[2.268s] running install_scripts
[2.291s] Installing a_star_planner script to /home/sergio/ros2_ws/install/robot_nav/lib/robot_nav
[2.291s] Installing avoid_obstacles script to /home/sergio/ros2_ws/install/robot_nav/lib/robot_nav
[2.291s] Installing path_follower script to /home/sergio/ros2_ws/install/robot_nav/lib/robot_nav
[2.292s] Installing path_planner script to /home/sergio/ros2_ws/install/robot_nav/lib/robot_nav
[2.292s] Installing rrt_planner script to /home/sergio/ros2_ws/install/robot_nav/lib/robot_nav
[2.292s] Installing wavefront_planner script to /home/sergio/ros2_ws/install/robot_nav/lib/robot_nav
[2.292s] writing list of installed files to '/home/sergio/ros2_ws/build/robot_nav/install.log'
[2.315s] Invoked command in '/home/sergio/ros2_ws/src/robot_nav' returned '0': PYTHONPATH=/home/sergio/ros2_ws/build/robot_nav/prefix_override:/usr/lib/python3/dist-packages/colcon_core/task/python/colcon_distutils_commands:/home/sergio/ros2_ws/install/robot_nav/lib/python3.10/site-packages:${PYTHONPATH} /usr/bin/python3 -W ignore:setup.py install is deprecated -W ignore:easy_install command is deprecated setup.py egg_info --egg-base ../../build/robot_nav build --build-base /home/sergio/ros2_ws/build/robot_nav/build install --record /home/sergio/ros2_ws/build/robot_nav/install.log --single-version-externally-managed install_data
