[3.635s] Invoking command in '/home/sergio/ros2_ws/src/ejercicio_dos': PYTHONPATH=/home/sergio/ros2_ws/build/ejercicio_dos/prefix_override:/usr/lib/python3/dist-packages/colcon_core/task/python/colcon_distutils_commands:/home/sergio/ros2_ws/install/ejercicio_dos/lib/python3.10/site-packages:${PYTHONPATH} /usr/bin/python3 -W ignore:setup.py install is deprecated -W ignore:easy_install command is deprecated setup.py egg_info --egg-base ../../build/ejercicio_dos build --build-base /home/sergio/ros2_ws/build/ejercicio_dos/build install --record /home/sergio/ros2_ws/build/ejercicio_dos/install.log --single-version-externally-managed install_data
[4.189s] running egg_info
[4.189s] writing ../../build/ejercicio_dos/ejercicio_dos.egg-info/PKG-INFO
[4.189s] writing dependency_links to ../../build/ejercicio_dos/ejercicio_dos.egg-info/dependency_links.txt
[4.189s] writing entry points to ../../build/ejercicio_dos/ejercicio_dos.egg-info/entry_points.txt
[4.189s] writing requirements to ../../build/ejercicio_dos/ejercicio_dos.egg-info/requires.txt
[4.189s] writing top-level names to ../../build/ejercicio_dos/ejercicio_dos.egg-info/top_level.txt
[4.193s] reading manifest file '../../build/ejercicio_dos/ejercicio_dos.egg-info/SOURCES.txt'
[4.197s] writing manifest file '../../build/ejercicio_dos/ejercicio_dos.egg-info/SOURCES.txt'
[4.197s] running build
[4.197s] running build_py
[4.197s] running install
[4.197s] running install_lib
[4.197s] running install_data
[4.198s] running install_egg_info
[4.198s] removing '/home/sergio/ros2_ws/install/ejercicio_dos/lib/python3.10/site-packages/ejercicio_dos-0.0.0-py3.10.egg-info' (and everything under it)
[4.198s] Copying ../../build/ejercicio_dos/ejercicio_dos.egg-info to /home/sergio/ros2_ws/install/ejercicio_dos/lib/python3.10/site-packages/ejercicio_dos-0.0.0-py3.10.egg-info
[4.202s] running install_scripts
[4.242s] Installing impares_publisher script to /home/sergio/ros2_ws/install/ejercicio_dos/lib/ejercicio_dos
[4.242s] Installing pares_publisher script to /home/sergio/ros2_ws/install/ejercicio_dos/lib/ejercicio_dos
[4.242s] Installing suma_cuadrados script to /home/sergio/ros2_ws/install/ejercicio_dos/lib/ejercicio_dos
[4.243s] writing list of installed files to '/home/sergio/ros2_ws/build/ejercicio_dos/install.log'
[4.590s] Invoked command in '/home/sergio/ros2_ws/src/ejercicio_dos' returned '0': PYTHONPATH=/home/sergio/ros2_ws/build/ejercicio_dos/prefix_override:/usr/lib/python3/dist-packages/colcon_core/task/python/colcon_distutils_commands:/home/sergio/ros2_ws/install/ejercicio_dos/lib/python3.10/site-packages:${PYTHONPATH} /usr/bin/python3 -W ignore:setup.py install is deprecated -W ignore:easy_install command is deprecated setup.py egg_info --egg-base ../../build/ejercicio_dos build --build-base /home/sergio/ros2_ws/build/ejercicio_dos/build install --record /home/sergio/ros2_ws/build/ejercicio_dos/install.log --single-version-externally-managed install_data
