[ 12%] Built target p1_ej2_interface__rosidl_generator_c
[ 12%] Built target p1_ej2_interface__cpp
[ 12%] Built target ament_cmake_python_copy_p1_ej2_interface
[ 23%] Built target p1_ej2_interface__rosidl_typesupport_c
[ 33%] Built target p1_ej2_interface__rosidl_typesupport_fastrtps_cpp
[ 43%] Built target p1_ej2_interface__rosidl_typesupport_cpp
[ 53%] Built target p1_ej2_interface__rosidl_typesupport_fastrtps_c
[ 64%] Built target p1_ej2_interface__rosidl_typesupport_introspection_c
[ 74%] Built target p1_ej2_interface__rosidl_typesupport_introspection_cpp
[ 74%] Built target p1_ej2_interface
[ 76%] Built target p1_ej2_interface__py
[ 84%] Built target p1_ej2_interface__rosidl_generator_py
[ 89%] Built target p1_ej2_interface__rosidl_typesupport_introspection_c__pyext
[ 97%] Built target p1_ej2_interface__rosidl_typesupport_fastrtps_c__pyext
[100%] Built target p1_ej2_interface__rosidl_typesupport_c__pyext
running egg_info
writing p1_ej2_interface.egg-info/PKG-INFO
writing dependency_links to p1_ej2_interface.egg-info/dependency_links.txt
writing top-level names to p1_ej2_interface.egg-info/top_level.txt
reading manifest file 'p1_ej2_interface.egg-info/SOURCES.txt'
writing manifest file 'p1_ej2_interface.egg-info/SOURCES.txt'
[100%] Built target ament_cmake_python_build_p1_ej2_interface_egg
-- Install configuration: ""
-- Up-to-date: /home/sergio/ros2_ws/install/p1_ej2_interface/share/ament_index/resource_index/rosidl_interfaces/p1_ej2_interface
-- Up-to-date: /home/sergio/ros2_ws/install/p1_ej2_interface/include/p1_ej2_interface/p1_ej2_interface
-- Up-to-date: /home/sergio/ros2_ws/install/p1_ej2_interface/include/p1_ej2_interface/p1_ej2_interface/msg
-- Up-to-date: /home/sergio/ros2_ws/install/p1_ej2_interface/include/p1_ej2_interface/p1_ej2_interface/msg/sensor.h
-- Up-to-date: /home/sergio/ros2_ws/install/p1_ej2_interface/include/p1_ej2_interface/p1_ej2_interface/msg/rosidl_generator_c__visibility_control.h
-- Up-to-date: /home/sergio/ros2_ws/install/p1_ej2_interface/include/p1_ej2_interface/p1_ej2_interface/msg/detail
-- Up-to-date: /home/sergio/ros2_ws/install/p1_ej2_interface/include/p1_ej2_interface/p1_ej2_interface/msg/detail/filtered_sensor__type_support.h
-- Up-to-date: /home/sergio/ros2_ws/install/p1_ej2_interface/include/p1_ej2_interface/p1_ej2_interface/msg/detail/filtered_sensor__functions.h
-- Up-to-date: /home/sergio/ros2_ws/install/p1_ej2_interface/include/p1_ej2_interface/p1_ej2_interface/msg/detail/sensor__struct.h
-- Up-to-date: /home/sergio/ros2_ws/install/p1_ej2_interface/include/p1_ej2_interface/p1_ej2_interface/msg/detail/filtered_sensor__struct.h
-- Up-to-date: /home/sergio/ros2_ws/install/p1_ej2_interface/include/p1_ej2_interface/p1_ej2_interface/msg/detail/sensor__type_support.h
-- Up-to-date: /home/sergio/ros2_ws/install/p1_ej2_interface/include/p1_ej2_interface/p1_ej2_interface/msg/detail/sensor__functions.h
-- Up-to-date: /home/sergio/ros2_ws/install/p1_ej2_interface/include/p1_ej2_interface/p1_ej2_interface/msg/detail/filtered_sensor__functions.c
-- Up-to-date: /home/sergio/ros2_ws/install/p1_ej2_interface/include/p1_ej2_interface/p1_ej2_interface/msg/detail/sensor__functions.c
-- Up-to-date: /home/sergio/ros2_ws/install/p1_ej2_interface/include/p1_ej2_interface/p1_ej2_interface/msg/filtered_sensor.h
-- Up-to-date: /home/sergio/ros2_ws/install/p1_ej2_interface/share/p1_ej2_interface/environment/library_path.sh
-- Up-to-date: /home/sergio/ros2_ws/install/p1_ej2_interface/share/p1_ej2_interface/environment/library_path.dsv
-- Up-to-date: /home/sergio/ros2_ws/install/p1_ej2_interface/lib/libp1_ej2_interface__rosidl_generator_c.so
-- Up-to-date: /home/sergio/ros2_ws/install/p1_ej2_interface/include/p1_ej2_interface/p1_ej2_interface
-- Up-to-date: /home/sergio/ros2_ws/install/p1_ej2_interface/include/p1_ej2_interface/p1_ej2_interface/msg
-- Up-to-date: /home/sergio/ros2_ws/install/p1_ej2_interface/include/p1_ej2_interface/p1_ej2_interface/msg/detail
-- Up-to-date: /home/sergio/ros2_ws/install/p1_ej2_interface/include/p1_ej2_interface/p1_ej2_interface/msg/detail/sensor__rosidl_typesupport_fastrtps_c.h
-- Up-to-date: /home/sergio/ros2_ws/install/p1_ej2_interface/include/p1_ej2_interface/p1_ej2_interface/msg/detail/filtered_sensor__rosidl_typesupport_fastrtps_c.h
-- Up-to-date: /home/sergio/ros2_ws/install/p1_ej2_interface/include/p1_ej2_interface/p1_ej2_interface/msg/rosidl_typesupport_fastrtps_c__visibility_control.h
-- Up-to-date: /home/sergio/ros2_ws/install/p1_ej2_interface/lib/libp1_ej2_interface__rosidl_typesupport_fastrtps_c.so
-- Up-to-date: /home/sergio/ros2_ws/install/p1_ej2_interface/include/p1_ej2_interface/p1_ej2_interface
-- Up-to-date: /home/sergio/ros2_ws/install/p1_ej2_interface/include/p1_ej2_interface/p1_ej2_interface/msg
-- Up-to-date: /home/sergio/ros2_ws/install/p1_ej2_interface/include/p1_ej2_interface/p1_ej2_interface/msg/rosidl_typesupport_introspection_c__visibility_control.h
-- Up-to-date: /home/sergio/ros2_ws/install/p1_ej2_interface/include/p1_ej2_interface/p1_ej2_interface/msg/detail
-- Up-to-date: /home/sergio/ros2_ws/install/p1_ej2_interface/include/p1_ej2_interface/p1_ej2_interface/msg/detail/sensor__type_support.c
-- Up-to-date: /home/sergio/ros2_ws/install/p1_ej2_interface/include/p1_ej2_interface/p1_ej2_interface/msg/detail/filtered_sensor__rosidl_typesupport_introspection_c.h
-- Up-to-date: /home/sergio/ros2_ws/install/p1_ej2_interface/include/p1_ej2_interface/p1_ej2_interface/msg/detail/filtered_sensor__type_support.c
-- Up-to-date: /home/sergio/ros2_ws/install/p1_ej2_interface/include/p1_ej2_interface/p1_ej2_interface/msg/detail/sensor__rosidl_typesupport_introspection_c.h
-- Up-to-date: /home/sergio/ros2_ws/install/p1_ej2_interface/lib/libp1_ej2_interface__rosidl_typesupport_introspection_c.so
-- Up-to-date: /home/sergio/ros2_ws/install/p1_ej2_interface/lib/libp1_ej2_interface__rosidl_typesupport_c.so
-- Up-to-date: /home/sergio/ros2_ws/install/p1_ej2_interface/include/p1_ej2_interface/p1_ej2_interface
-- Up-to-date: /home/sergio/ros2_ws/install/p1_ej2_interface/include/p1_ej2_interface/p1_ej2_interface/msg
-- Up-to-date: /home/sergio/ros2_ws/install/p1_ej2_interface/include/p1_ej2_interface/p1_ej2_interface/msg/rosidl_generator_cpp__visibility_control.hpp
-- Up-to-date: /home/sergio/ros2_ws/install/p1_ej2_interface/include/p1_ej2_interface/p1_ej2_interface/msg/filtered_sensor.hpp
-- Up-to-date: /home/sergio/ros2_ws/install/p1_ej2_interface/include/p1_ej2_interface/p1_ej2_interface/msg/detail
-- Up-to-date: /home/sergio/ros2_ws/install/p1_ej2_interface/include/p1_ej2_interface/p1_ej2_interface/msg/detail/filtered_sensor__traits.hpp
-- Up-to-date: /home/sergio/ros2_ws/install/p1_ej2_interface/include/p1_ej2_interface/p1_ej2_interface/msg/detail/filtered_sensor__builder.hpp
-- Up-to-date: /home/sergio/ros2_ws/install/p1_ej2_interface/include/p1_ej2_interface/p1_ej2_interface/msg/detail/filtered_sensor__type_support.hpp
-- Up-to-date: /home/sergio/ros2_ws/install/p1_ej2_interface/include/p1_ej2_interface/p1_ej2_interface/msg/detail/sensor__struct.hpp
-- Up-to-date: /home/sergio/ros2_ws/install/p1_ej2_interface/include/p1_ej2_interface/p1_ej2_interface/msg/detail/sensor__traits.hpp
-- Up-to-date: /home/sergio/ros2_ws/install/p1_ej2_interface/include/p1_ej2_interface/p1_ej2_interface/msg/detail/sensor__builder.hpp
-- Up-to-date: /home/sergio/ros2_ws/install/p1_ej2_interface/include/p1_ej2_interface/p1_ej2_interface/msg/detail/sensor__type_support.hpp
-- Up-to-date: /home/sergio/ros2_ws/install/p1_ej2_interface/include/p1_ej2_interface/p1_ej2_interface/msg/detail/filtered_sensor__struct.hpp
-- Up-to-date: /home/sergio/ros2_ws/install/p1_ej2_interface/include/p1_ej2_interface/p1_ej2_interface/msg/sensor.hpp
-- Up-to-date: /home/sergio/ros2_ws/install/p1_ej2_interface/include/p1_ej2_interface/p1_ej2_interface
-- Up-to-date: /home/sergio/ros2_ws/install/p1_ej2_interface/include/p1_ej2_interface/p1_ej2_interface/msg
-- Up-to-date: /home/sergio/ros2_ws/install/p1_ej2_interface/include/p1_ej2_interface/p1_ej2_interface/msg/detail
-- Up-to-date: /home/sergio/ros2_ws/install/p1_ej2_interface/include/p1_ej2_interface/p1_ej2_interface/msg/detail/dds_fastrtps
-- Up-to-date: /home/sergio/ros2_ws/install/p1_ej2_interface/include/p1_ej2_interface/p1_ej2_interface/msg/detail/sensor__rosidl_typesupport_fastrtps_cpp.hpp
-- Up-to-date: /home/sergio/ros2_ws/install/p1_ej2_interface/include/p1_ej2_interface/p1_ej2_interface/msg/detail/filtered_sensor__rosidl_typesupport_fastrtps_cpp.hpp
-- Up-to-date: /home/sergio/ros2_ws/install/p1_ej2_interface/include/p1_ej2_interface/p1_ej2_interface/msg/rosidl_typesupport_fastrtps_cpp__visibility_control.h
-- Up-to-date: /home/sergio/ros2_ws/install/p1_ej2_interface/lib/libp1_ej2_interface__rosidl_typesupport_fastrtps_cpp.so
-- Up-to-date: /home/sergio/ros2_ws/install/p1_ej2_interface/include/p1_ej2_interface/p1_ej2_interface
-- Up-to-date: /home/sergio/ros2_ws/install/p1_ej2_interface/include/p1_ej2_interface/p1_ej2_interface/msg
-- Up-to-date: /home/sergio/ros2_ws/install/p1_ej2_interface/include/p1_ej2_interface/p1_ej2_interface/msg/detail
-- Up-to-date: /home/sergio/ros2_ws/install/p1_ej2_interface/include/p1_ej2_interface/p1_ej2_interface/msg/detail/sensor__rosidl_typesupport_introspection_cpp.hpp
-- Up-to-date: /home/sergio/ros2_ws/install/p1_ej2_interface/include/p1_ej2_interface/p1_ej2_interface/msg/detail/sensor__type_support.cpp
-- Up-to-date: /home/sergio/ros2_ws/install/p1_ej2_interface/include/p1_ej2_interface/p1_ej2_interface/msg/detail/filtered_sensor__rosidl_typesupport_introspection_cpp.hpp
-- Up-to-date: /home/sergio/ros2_ws/install/p1_ej2_interface/include/p1_ej2_interface/p1_ej2_interface/msg/detail/filtered_sensor__type_support.cpp
-- Up-to-date: /home/sergio/ros2_ws/install/p1_ej2_interface/lib/libp1_ej2_interface__rosidl_typesupport_introspection_cpp.so
-- Up-to-date: /home/sergio/ros2_ws/install/p1_ej2_interface/lib/libp1_ej2_interface__rosidl_typesupport_cpp.so
-- Up-to-date: /home/sergio/ros2_ws/install/p1_ej2_interface/share/p1_ej2_interface/environment/pythonpath.sh
-- Up-to-date: /home/sergio/ros2_ws/install/p1_ej2_interface/share/p1_ej2_interface/environment/pythonpath.dsv
-- Up-to-date: /home/sergio/ros2_ws/install/p1_ej2_interface/local/lib/python3.10/dist-packages/p1_ej2_interface-0.0.0-py3.10.egg-info
-- Installing: /home/sergio/ros2_ws/install/p1_ej2_interface/local/lib/python3.10/dist-packages/p1_ej2_interface-0.0.0-py3.10.egg-info/PKG-INFO
-- Installing: /home/sergio/ros2_ws/install/p1_ej2_interface/local/lib/python3.10/dist-packages/p1_ej2_interface-0.0.0-py3.10.egg-info/SOURCES.txt
-- Installing: /home/sergio/ros2_ws/install/p1_ej2_interface/local/lib/python3.10/dist-packages/p1_ej2_interface-0.0.0-py3.10.egg-info/top_level.txt
-- Installing: /home/sergio/ros2_ws/install/p1_ej2_interface/local/lib/python3.10/dist-packages/p1_ej2_interface-0.0.0-py3.10.egg-info/dependency_links.txt
-- Up-to-date: /home/sergio/ros2_ws/install/p1_ej2_interface/local/lib/python3.10/dist-packages/p1_ej2_interface
-- Up-to-date: /home/sergio/ros2_ws/install/p1_ej2_interface/local/lib/python3.10/dist-packages/p1_ej2_interface/msg
-- Up-to-date: /home/sergio/ros2_ws/install/p1_ej2_interface/local/lib/python3.10/dist-packages/p1_ej2_interface/msg/__init__.py
-- Up-to-date: /home/sergio/ros2_ws/install/p1_ej2_interface/local/lib/python3.10/dist-packages/p1_ej2_interface/msg/_filtered_sensor_s.c
-- Up-to-date: /home/sergio/ros2_ws/install/p1_ej2_interface/local/lib/python3.10/dist-packages/p1_ej2_interface/msg/_filtered_sensor.py
-- Up-to-date: /home/sergio/ros2_ws/install/p1_ej2_interface/local/lib/python3.10/dist-packages/p1_ej2_interface/msg/_sensor.py
-- Up-to-date: /home/sergio/ros2_ws/install/p1_ej2_interface/local/lib/python3.10/dist-packages/p1_ej2_interface/msg/_sensor_s.c
-- Up-to-date: /home/sergio/ros2_ws/install/p1_ej2_interface/local/lib/python3.10/dist-packages/p1_ej2_interface/__init__.py
-- Up-to-date: /home/sergio/ros2_ws/install/p1_ej2_interface/local/lib/python3.10/dist-packages/p1_ej2_interface/libp1_ej2_interface__rosidl_generator_py.so
-- Up-to-date: /home/sergio/ros2_ws/install/p1_ej2_interface/local/lib/python3.10/dist-packages/p1_ej2_interface/p1_ej2_interface_s__rosidl_typesupport_c.cpython-310-x86_64-linux-gnu.so
-- Up-to-date: /home/sergio/ros2_ws/install/p1_ej2_interface/local/lib/python3.10/dist-packages/p1_ej2_interface/_p1_ej2_interface_s.ep.rosidl_typesupport_fastrtps_c.c
-- Up-to-date: /home/sergio/ros2_ws/install/p1_ej2_interface/local/lib/python3.10/dist-packages/p1_ej2_interface/_p1_ej2_interface_s.ep.rosidl_typesupport_introspection_c.c
-- Up-to-date: /home/sergio/ros2_ws/install/p1_ej2_interface/local/lib/python3.10/dist-packages/p1_ej2_interface/p1_ej2_interface_s__rosidl_typesupport_fastrtps_c.cpython-310-x86_64-linux-gnu.so
-- Up-to-date: /home/sergio/ros2_ws/install/p1_ej2_interface/local/lib/python3.10/dist-packages/p1_ej2_interface/_p1_ej2_interface_s.ep.rosidl_typesupport_c.c
-- Up-to-date: /home/sergio/ros2_ws/install/p1_ej2_interface/local/lib/python3.10/dist-packages/p1_ej2_interface/p1_ej2_interface_s__rosidl_typesupport_introspection_c.cpython-310-x86_64-linux-gnu.so
Listing '/home/sergio/ros2_ws/install/p1_ej2_interface/local/lib/python3.10/dist-packages/p1_ej2_interface'...
Listing '/home/sergio/ros2_ws/install/p1_ej2_interface/local/lib/python3.10/dist-packages/p1_ej2_interface/msg'...
-- Up-to-date: /home/sergio/ros2_ws/install/p1_ej2_interface/local/lib/python3.10/dist-packages/p1_ej2_interface/p1_ej2_interface_s__rosidl_typesupport_fastrtps_c.cpython-310-x86_64-linux-gnu.so
-- Up-to-date: /home/sergio/ros2_ws/install/p1_ej2_interface/local/lib/python3.10/dist-packages/p1_ej2_interface/p1_ej2_interface_s__rosidl_typesupport_introspection_c.cpython-310-x86_64-linux-gnu.so
-- Up-to-date: /home/sergio/ros2_ws/install/p1_ej2_interface/local/lib/python3.10/dist-packages/p1_ej2_interface/p1_ej2_interface_s__rosidl_typesupport_c.cpython-310-x86_64-linux-gnu.so
-- Up-to-date: /home/sergio/ros2_ws/install/p1_ej2_interface/lib/libp1_ej2_interface__rosidl_generator_py.so
-- Up-to-date: /home/sergio/ros2_ws/install/p1_ej2_interface/share/p1_ej2_interface/msg/Sensor.idl
-- Up-to-date: /home/sergio/ros2_ws/install/p1_ej2_interface/share/p1_ej2_interface/msg/FilteredSensor.idl
-- Up-to-date: /home/sergio/ros2_ws/install/p1_ej2_interface/share/p1_ej2_interface/msg/Sensor.msg
-- Up-to-date: /home/sergio/ros2_ws/install/p1_ej2_interface/share/p1_ej2_interface/msg/FilteredSensor.msg
-- Up-to-date: /home/sergio/ros2_ws/install/p1_ej2_interface/share/p1_ej2_interface/launch
-- Up-to-date: /home/sergio/ros2_ws/install/p1_ej2_interface/share/p1_ej2_interface/launch/mi_launch.launch.py
-- Up-to-date: /home/sergio/ros2_ws/install/p1_ej2_interface/share/p1_ej2_interface/launch/__pycache__
-- Up-to-date: /home/sergio/ros2_ws/install/p1_ej2_interface/share/p1_ej2_interface/launch/__pycache__/mi_launch.cpython-310.pyc
-- Up-to-date: /home/sergio/ros2_ws/install/p1_ej2_interface/share/p1_ej2_interface/launch/launch2.py
-- Up-to-date: /home/sergio/ros2_ws/install/p1_ej2_interface/share/ament_index/resource_index/package_run_dependencies/p1_ej2_interface
-- Up-to-date: /home/sergio/ros2_ws/install/p1_ej2_interface/share/ament_index/resource_index/parent_prefix_path/p1_ej2_interface
-- Up-to-date: /home/sergio/ros2_ws/install/p1_ej2_interface/share/p1_ej2_interface/environment/ament_prefix_path.sh
-- Up-to-date: /home/sergio/ros2_ws/install/p1_ej2_interface/share/p1_ej2_interface/environment/ament_prefix_path.dsv
-- Up-to-date: /home/sergio/ros2_ws/install/p1_ej2_interface/share/p1_ej2_interface/environment/path.sh
-- Up-to-date: /home/sergio/ros2_ws/install/p1_ej2_interface/share/p1_ej2_interface/environment/path.dsv
-- Up-to-date: /home/sergio/ros2_ws/install/p1_ej2_interface/share/p1_ej2_interface/local_setup.bash
-- Up-to-date: /home/sergio/ros2_ws/install/p1_ej2_interface/share/p1_ej2_interface/local_setup.sh
-- Up-to-date: /home/sergio/ros2_ws/install/p1_ej2_interface/share/p1_ej2_interface/local_setup.zsh
-- Up-to-date: /home/sergio/ros2_ws/install/p1_ej2_interface/share/p1_ej2_interface/local_setup.dsv
-- Installing: /home/sergio/ros2_ws/install/p1_ej2_interface/share/p1_ej2_interface/package.dsv
-- Up-to-date: /home/sergio/ros2_ws/install/p1_ej2_interface/share/ament_index/resource_index/packages/p1_ej2_interface
-- Up-to-date: /home/sergio/ros2_ws/install/p1_ej2_interface/share/p1_ej2_interface/cmake/export_p1_ej2_interface__rosidl_generator_cExport.cmake
-- Up-to-date: /home/sergio/ros2_ws/install/p1_ej2_interface/share/p1_ej2_interface/cmake/export_p1_ej2_interface__rosidl_generator_cExport-noconfig.cmake
-- Up-to-date: /home/sergio/ros2_ws/install/p1_ej2_interface/share/p1_ej2_interface/cmake/export_p1_ej2_interface__rosidl_typesupport_fastrtps_cExport.cmake
-- Up-to-date: /home/sergio/ros2_ws/install/p1_ej2_interface/share/p1_ej2_interface/cmake/export_p1_ej2_interface__rosidl_typesupport_fastrtps_cExport-noconfig.cmake
-- Up-to-date: /home/sergio/ros2_ws/install/p1_ej2_interface/share/p1_ej2_interface/cmake/p1_ej2_interface__rosidl_typesupport_introspection_cExport.cmake
-- Up-to-date: /home/sergio/ros2_ws/install/p1_ej2_interface/share/p1_ej2_interface/cmake/p1_ej2_interface__rosidl_typesupport_introspection_cExport-noconfig.cmake
-- Up-to-date: /home/sergio/ros2_ws/install/p1_ej2_interface/share/p1_ej2_interface/cmake/p1_ej2_interface__rosidl_typesupport_cExport.cmake
-- Up-to-date: /home/sergio/ros2_ws/install/p1_ej2_interface/share/p1_ej2_interface/cmake/p1_ej2_interface__rosidl_typesupport_cExport-noconfig.cmake
-- Up-to-date: /home/sergio/ros2_ws/install/p1_ej2_interface/share/p1_ej2_interface/cmake/export_p1_ej2_interface__rosidl_generator_cppExport.cmake
-- Up-to-date: /home/sergio/ros2_ws/install/p1_ej2_interface/share/p1_ej2_interface/cmake/export_p1_ej2_interface__rosidl_typesupport_fastrtps_cppExport.cmake
-- Up-to-date: /home/sergio/ros2_ws/install/p1_ej2_interface/share/p1_ej2_interface/cmake/export_p1_ej2_interface__rosidl_typesupport_fastrtps_cppExport-noconfig.cmake
-- Up-to-date: /home/sergio/ros2_ws/install/p1_ej2_interface/share/p1_ej2_interface/cmake/p1_ej2_interface__rosidl_typesupport_introspection_cppExport.cmake
-- Up-to-date: /home/sergio/ros2_ws/install/p1_ej2_interface/share/p1_ej2_interface/cmake/p1_ej2_interface__rosidl_typesupport_introspection_cppExport-noconfig.cmake
-- Up-to-date: /home/sergio/ros2_ws/install/p1_ej2_interface/share/p1_ej2_interface/cmake/p1_ej2_interface__rosidl_typesupport_cppExport.cmake
-- Up-to-date: /home/sergio/ros2_ws/install/p1_ej2_interface/share/p1_ej2_interface/cmake/p1_ej2_interface__rosidl_typesupport_cppExport-noconfig.cmake
-- Up-to-date: /home/sergio/ros2_ws/install/p1_ej2_interface/share/p1_ej2_interface/cmake/export_p1_ej2_interface__rosidl_generator_pyExport.cmake
-- Up-to-date: /home/sergio/ros2_ws/install/p1_ej2_interface/share/p1_ej2_interface/cmake/export_p1_ej2_interface__rosidl_generator_pyExport-noconfig.cmake
-- Up-to-date: /home/sergio/ros2_ws/install/p1_ej2_interface/share/p1_ej2_interface/cmake/rosidl_cmake-extras.cmake
-- Up-to-date: /home/sergio/ros2_ws/install/p1_ej2_interface/share/p1_ej2_interface/cmake/ament_cmake_export_include_directories-extras.cmake
-- Up-to-date: /home/sergio/ros2_ws/install/p1_ej2_interface/share/p1_ej2_interface/cmake/ament_cmake_export_libraries-extras.cmake
-- Up-to-date: /home/sergio/ros2_ws/install/p1_ej2_interface/share/p1_ej2_interface/cmake/ament_cmake_export_targets-extras.cmake
-- Up-to-date: /home/sergio/ros2_ws/install/p1_ej2_interface/share/p1_ej2_interface/cmake/rosidl_cmake_export_typesupport_targets-extras.cmake
-- Up-to-date: /home/sergio/ros2_ws/install/p1_ej2_interface/share/p1_ej2_interface/cmake/ament_cmake_export_dependencies-extras.cmake
-- Up-to-date: /home/sergio/ros2_ws/install/p1_ej2_interface/share/p1_ej2_interface/cmake/rosidl_cmake_export_typesupport_libraries-extras.cmake
-- Up-to-date: /home/sergio/ros2_ws/install/p1_ej2_interface/share/p1_ej2_interface/cmake/p1_ej2_interfaceConfig.cmake
-- Up-to-date: /home/sergio/ros2_ws/install/p1_ej2_interface/share/p1_ej2_interface/cmake/p1_ej2_interfaceConfig-version.cmake
-- Up-to-date: /home/sergio/ros2_ws/install/p1_ej2_interface/share/p1_ej2_interface/package.xml
