running egg_info
writing ../../build/robot_nav/robot_nav.egg-info/PKG-INFO
writing dependency_links to ../../build/robot_nav/robot_nav.egg-info/dependency_links.txt
writing entry points to ../../build/robot_nav/robot_nav.egg-info/entry_points.txt
writing requirements to ../../build/robot_nav/robot_nav.egg-info/requires.txt
writing top-level names to ../../build/robot_nav/robot_nav.egg-info/top_level.txt
reading manifest file '../../build/robot_nav/robot_nav.egg-info/SOURCES.txt'
writing manifest file '../../build/robot_nav/robot_nav.egg-info/SOURCES.txt'
running build
running build_py
copying robot_nav/path_follower.py -> /home/sergio/ros2_ws/build/robot_nav/build/lib/robot_nav
running install
running install_lib
copying /home/sergio/ros2_ws/build/robot_nav/build/lib/robot_nav/path_follower.py -> /home/sergio/ros2_ws/install/robot_nav/lib/python3.10/site-packages/robot_nav
byte-compiling /home/sergio/ros2_ws/install/robot_nav/lib/python3.10/site-packages/robot_nav/path_follower.py to path_follower.cpython-310.pyc
running install_data
copying launch/bringup.launch.py -> /home/sergio/ros2_ws/install/robot_nav/share/robot_nav/launch
running install_egg_info
removing '/home/sergio/ros2_ws/install/robot_nav/lib/python3.10/site-packages/robot_nav-0.0.0-py3.10.egg-info' (and everything under it)
Copying ../../build/robot_nav/robot_nav.egg-info to /home/sergio/ros2_ws/install/robot_nav/lib/python3.10/site-packages/robot_nav-0.0.0-py3.10.egg-info
running install_scripts
Installing a_star_planner script to /home/sergio/ros2_ws/install/robot_nav/lib/robot_nav
Installing avoid_obstacles script to /home/sergio/ros2_ws/install/robot_nav/lib/robot_nav
Installing path_follower script to /home/sergio/ros2_ws/install/robot_nav/lib/robot_nav
Installing path_planner script to /home/sergio/ros2_ws/install/robot_nav/lib/robot_nav
writing list of installed files to '/home/sergio/ros2_ws/build/robot_nav/install.log'
