[6.291s] Invoking command in '/home/sergio/ros2_ws/src/auto_mover': PYTHONPATH=/home/sergio/ros2_ws/build/auto_mover/prefix_override:/usr/lib/python3/dist-packages/colcon_core/task/python/colcon_distutils_commands:/home/sergio/ros2_ws/install/auto_mover/lib/python3.10/site-packages:${PYTHONPATH} /usr/bin/python3 -W ignore:setup.py install is deprecated -W ignore:easy_install command is deprecated setup.py egg_info --egg-base ../../build/auto_mover build --build-base /home/sergio/ros2_ws/build/auto_mover/build install --record /home/sergio/ros2_ws/build/auto_mover/install.log --single-version-externally-managed install_data
[7.722s] running egg_info
[7.723s] writing ../../build/auto_mover/auto_mover.egg-info/PKG-INFO
[7.723s] writing dependency_links to ../../build/auto_mover/auto_mover.egg-info/dependency_links.txt
[7.723s] writing entry points to ../../build/auto_mover/auto_mover.egg-info/entry_points.txt
[7.724s] writing requirements to ../../build/auto_mover/auto_mover.egg-info/requires.txt
[7.724s] writing top-level names to ../../build/auto_mover/auto_mover.egg-info/top_level.txt
[7.730s] reading manifest file '../../build/auto_mover/auto_mover.egg-info/SOURCES.txt'
[7.731s] writing manifest file '../../build/auto_mover/auto_mover.egg-info/SOURCES.txt'
[7.731s] running build
[7.731s] running build_py
[7.732s] running install
[7.732s] running install_lib
[7.736s] running install_data
[7.736s] running install_egg_info
[7.742s] removing '/home/sergio/ros2_ws/install/auto_mover/lib/python3.10/site-packages/auto_mover-0.0.0-py3.10.egg-info' (and everything under it)
[7.743s] Copying ../../build/auto_mover/auto_mover.egg-info to /home/sergio/ros2_ws/install/auto_mover/lib/python3.10/site-packages/auto_mover-0.0.0-py3.10.egg-info
[7.744s] running install_scripts
[7.803s] Installing move_node script to /home/sergio/ros2_ws/install/auto_mover/lib/auto_mover
[7.804s] writing list of installed files to '/home/sergio/ros2_ws/build/auto_mover/install.log'
[8.557s] Invoked command in '/home/sergio/ros2_ws/src/auto_mover' returned '0': PYTHONPATH=/home/sergio/ros2_ws/build/auto_mover/prefix_override:/usr/lib/python3/dist-packages/colcon_core/task/python/colcon_distutils_commands:/home/sergio/ros2_ws/install/auto_mover/lib/python3.10/site-packages:${PYTHONPATH} /usr/bin/python3 -W ignore:setup.py install is deprecated -W ignore:easy_install command is deprecated setup.py egg_info --egg-base ../../build/auto_mover build --build-base /home/sergio/ros2_ws/build/auto_mover/build install --record /home/sergio/ros2_ws/build/auto_mover/install.log --single-version-externally-managed install_data
