[0.606s] Invoking command in '/home/sergio/ros2_ws/src/ejercicio1_pkg': PYTHONPATH=/home/sergio/ros2_ws/build/ejercicio1_pkg/prefix_override:/usr/lib/python3/dist-packages/colcon_core/task/python/colcon_distutils_commands:/home/sergio/ros2_ws/install/ejercicio1_pkg/lib/python3.10/site-packages:${PYTHONPATH} /usr/bin/python3 -W ignore:setup.py install is deprecated -W ignore:easy_install command is deprecated setup.py egg_info --egg-base ../../build/ejercicio1_pkg build --build-base /home/sergio/ros2_ws/build/ejercicio1_pkg/build install --record /home/sergio/ros2_ws/build/ejercicio1_pkg/install.log --single-version-externally-managed install_data
[0.827s] running egg_info
[0.827s] creating ../../build/ejercicio1_pkg/ejercicio1_pkg.egg-info
[0.828s] writing ../../build/ejercicio1_pkg/ejercicio1_pkg.egg-info/PKG-INFO
[0.828s] writing dependency_links to ../../build/ejercicio1_pkg/ejercicio1_pkg.egg-info/dependency_links.txt
[0.828s] writing entry points to ../../build/ejercicio1_pkg/ejercicio1_pkg.egg-info/entry_points.txt
[0.828s] writing requirements to ../../build/ejercicio1_pkg/ejercicio1_pkg.egg-info/requires.txt
[0.828s] writing top-level names to ../../build/ejercicio1_pkg/ejercicio1_pkg.egg-info/top_level.txt
[0.828s] writing manifest file '../../build/ejercicio1_pkg/ejercicio1_pkg.egg-info/SOURCES.txt'
[0.829s] reading manifest file '../../build/ejercicio1_pkg/ejercicio1_pkg.egg-info/SOURCES.txt'
[0.830s] writing manifest file '../../build/ejercicio1_pkg/ejercicio1_pkg.egg-info/SOURCES.txt'
[0.830s] running build
[0.830s] running build_py
[0.830s] creating /home/sergio/ros2_ws/build/ejercicio1_pkg/build
[0.830s] creating /home/sergio/ros2_ws/build/ejercicio1_pkg/build/lib
[0.830s] creating /home/sergio/ros2_ws/build/ejercicio1_pkg/build/lib/ejercicio1_pkg
[0.830s] copying ejercicio1_pkg/__init__.py -> /home/sergio/ros2_ws/build/ejercicio1_pkg/build/lib/ejercicio1_pkg
[0.830s] copying ejercicio1_pkg/ik_publisher.py -> /home/sergio/ros2_ws/build/ejercicio1_pkg/build/lib/ejercicio1_pkg
[0.830s] copying ejercicio1_pkg/fk_publisher.py -> /home/sergio/ros2_ws/build/ejercicio1_pkg/build/lib/ejercicio1_pkg
[0.830s] running install
[0.831s] running install_lib
[0.831s] creating /home/sergio/ros2_ws/install/ejercicio1_pkg/lib/python3.10/site-packages/ejercicio1_pkg
[0.831s] copying /home/sergio/ros2_ws/build/ejercicio1_pkg/build/lib/ejercicio1_pkg/__init__.py -> /home/sergio/ros2_ws/install/ejercicio1_pkg/lib/python3.10/site-packages/ejercicio1_pkg
[0.831s] copying /home/sergio/ros2_ws/build/ejercicio1_pkg/build/lib/ejercicio1_pkg/ik_publisher.py -> /home/sergio/ros2_ws/install/ejercicio1_pkg/lib/python3.10/site-packages/ejercicio1_pkg
[0.831s] copying /home/sergio/ros2_ws/build/ejercicio1_pkg/build/lib/ejercicio1_pkg/fk_publisher.py -> /home/sergio/ros2_ws/install/ejercicio1_pkg/lib/python3.10/site-packages/ejercicio1_pkg
[0.832s] byte-compiling /home/sergio/ros2_ws/install/ejercicio1_pkg/lib/python3.10/site-packages/ejercicio1_pkg/__init__.py to __init__.cpython-310.pyc
[0.832s] byte-compiling /home/sergio/ros2_ws/install/ejercicio1_pkg/lib/python3.10/site-packages/ejercicio1_pkg/ik_publisher.py to ik_publisher.cpython-310.pyc
[0.832s] byte-compiling /home/sergio/ros2_ws/install/ejercicio1_pkg/lib/python3.10/site-packages/ejercicio1_pkg/fk_publisher.py to fk_publisher.cpython-310.pyc
[0.833s] running install_data
[0.833s] creating /home/sergio/ros2_ws/install/ejercicio1_pkg/share/ament_index
[0.833s] creating /home/sergio/ros2_ws/install/ejercicio1_pkg/share/ament_index/resource_index
[0.833s] creating /home/sergio/ros2_ws/install/ejercicio1_pkg/share/ament_index/resource_index/packages
[0.833s] copying resource/ejercicio1_pkg -> /home/sergio/ros2_ws/install/ejercicio1_pkg/share/ament_index/resource_index/packages
[0.834s] copying package.xml -> /home/sergio/ros2_ws/install/ejercicio1_pkg/share/ejercicio1_pkg
[0.834s] running install_egg_info
[0.835s] Copying ../../build/ejercicio1_pkg/ejercicio1_pkg.egg-info to /home/sergio/ros2_ws/install/ejercicio1_pkg/lib/python3.10/site-packages/ejercicio1_pkg-0.0.0-py3.10.egg-info
[0.835s] running install_scripts
[0.850s] Installing fk_publisher script to /home/sergio/ros2_ws/install/ejercicio1_pkg/lib/ejercicio1_pkg
[0.850s] Installing ik_publisher script to /home/sergio/ros2_ws/install/ejercicio1_pkg/lib/ejercicio1_pkg
[0.850s] writing list of installed files to '/home/sergio/ros2_ws/build/ejercicio1_pkg/install.log'
[0.863s] Invoked command in '/home/sergio/ros2_ws/src/ejercicio1_pkg' returned '0': PYTHONPATH=/home/sergio/ros2_ws/build/ejercicio1_pkg/prefix_override:/usr/lib/python3/dist-packages/colcon_core/task/python/colcon_distutils_commands:/home/sergio/ros2_ws/install/ejercicio1_pkg/lib/python3.10/site-packages:${PYTHONPATH} /usr/bin/python3 -W ignore:setup.py install is deprecated -W ignore:easy_install command is deprecated setup.py egg_info --egg-base ../../build/ejercicio1_pkg build --build-base /home/sergio/ros2_ws/build/ejercicio1_pkg/build install --record /home/sergio/ros2_ws/build/ejercicio1_pkg/install.log --single-version-externally-managed install_data
