[6.923s] Invoking command in '/home/sergio/ros2_ws/src/auto_mover': PYTHONPATH=/home/sergio/ros2_ws/build/auto_mover/prefix_override:/usr/lib/python3/dist-packages/colcon_core/task/python/colcon_distutils_commands:/home/sergio/ros2_ws/install/auto_mover/lib/python3.10/site-packages:${PYTHONPATH} /usr/bin/python3 -W ignore:setup.py install is deprecated -W ignore:easy_install command is deprecated setup.py egg_info --egg-base ../../build/auto_mover build --build-base /home/sergio/ros2_ws/build/auto_mover/build install --record /home/sergio/ros2_ws/build/auto_mover/install.log --single-version-externally-managed install_data
[8.765s] running egg_info
[8.774s] creating ../../build/auto_mover/auto_mover.egg-info
[8.779s] writing ../../build/auto_mover/auto_mover.egg-info/PKG-INFO
[8.779s] writing dependency_links to ../../build/auto_mover/auto_mover.egg-info/dependency_links.txt
[8.779s] writing entry points to ../../build/auto_mover/auto_mover.egg-info/entry_points.txt
[8.779s] writing requirements to ../../build/auto_mover/auto_mover.egg-info/requires.txt
[8.779s] writing top-level names to ../../build/auto_mover/auto_mover.egg-info/top_level.txt
[8.780s] writing manifest file '../../build/auto_mover/auto_mover.egg-info/SOURCES.txt'
[8.792s] reading manifest file '../../build/auto_mover/auto_mover.egg-info/SOURCES.txt'
[8.796s] writing manifest file '../../build/auto_mover/auto_mover.egg-info/SOURCES.txt'
[8.796s] running build
[8.801s] running build_py
[8.801s] creating /home/sergio/ros2_ws/build/auto_mover/build
[8.801s] creating /home/sergio/ros2_ws/build/auto_mover/build/lib
[8.801s] creating /home/sergio/ros2_ws/build/auto_mover/build/lib/auto_mover
[8.802s] copying auto_mover/move_node.py -> /home/sergio/ros2_ws/build/auto_mover/build/lib/auto_mover
[8.802s] copying auto_mover/__init__.py -> /home/sergio/ros2_ws/build/auto_mover/build/lib/auto_mover
[8.806s] running install
[8.806s] running install_lib
[8.809s] creating /home/sergio/ros2_ws/install/auto_mover/lib/python3.10/site-packages/auto_mover
[8.814s] copying /home/sergio/ros2_ws/build/auto_mover/build/lib/auto_mover/move_node.py -> /home/sergio/ros2_ws/install/auto_mover/lib/python3.10/site-packages/auto_mover
[8.814s] copying /home/sergio/ros2_ws/build/auto_mover/build/lib/auto_mover/__init__.py -> /home/sergio/ros2_ws/install/auto_mover/lib/python3.10/site-packages/auto_mover
[8.819s] byte-compiling /home/sergio/ros2_ws/install/auto_mover/lib/python3.10/site-packages/auto_mover/move_node.py to move_node.cpython-310.pyc
[8.819s] byte-compiling /home/sergio/ros2_ws/install/auto_mover/lib/python3.10/site-packages/auto_mover/__init__.py to __init__.cpython-310.pyc
[8.819s] running install_data
[8.819s] creating /home/sergio/ros2_ws/install/auto_mover/share/ament_index
[8.819s] creating /home/sergio/ros2_ws/install/auto_mover/share/ament_index/resource_index
[8.824s] creating /home/sergio/ros2_ws/install/auto_mover/share/ament_index/resource_index/packages
[8.824s] copying resource/auto_mover -> /home/sergio/ros2_ws/install/auto_mover/share/ament_index/resource_index/packages
[8.824s] copying package.xml -> /home/sergio/ros2_ws/install/auto_mover/share/auto_mover
[8.824s] running install_egg_info
[8.838s] Copying ../../build/auto_mover/auto_mover.egg-info to /home/sergio/ros2_ws/install/auto_mover/lib/python3.10/site-packages/auto_mover-0.0.0-py3.10.egg-info
[8.845s] running install_scripts
[8.934s] Installing move_node script to /home/sergio/ros2_ws/install/auto_mover/lib/auto_mover
[8.935s] writing list of installed files to '/home/sergio/ros2_ws/build/auto_mover/install.log'
[9.158s] Invoked command in '/home/sergio/ros2_ws/src/auto_mover' returned '0': PYTHONPATH=/home/sergio/ros2_ws/build/auto_mover/prefix_override:/usr/lib/python3/dist-packages/colcon_core/task/python/colcon_distutils_commands:/home/sergio/ros2_ws/install/auto_mover/lib/python3.10/site-packages:${PYTHONPATH} /usr/bin/python3 -W ignore:setup.py install is deprecated -W ignore:easy_install command is deprecated setup.py egg_info --egg-base ../../build/auto_mover build --build-base /home/sergio/ros2_ws/build/auto_mover/build install --record /home/sergio/ros2_ws/build/auto_mover/install.log --single-version-externally-managed install_data
