[3.332s] Invoking command in '/home/sergio/ros2_ws/src/P1_ej1_pub': PYTHONPATH=/home/sergio/ros2_ws/build/P1_ej1_pub/prefix_override:/home/sergio/.espressif/python_env/idf5.2_py3.10_env/lib/python3.10/site-packages/colcon_core/task/python/colcon_distutils_commands:/home/sergio/ros2_ws/install/P1_ej1_pub/lib/python3.10/site-packages:${PYTHONPATH} /home/sergio/.espressif/python_env/idf5.2_py3.10_env/bin/python3 -W ignore:setup.py install is deprecated -W ignore:easy_install command is deprecated setup.py egg_info --egg-base ../../build/P1_ej1_pub build --build-base /home/sergio/ros2_ws/build/P1_ej1_pub/build install --record /home/sergio/ros2_ws/build/P1_ej1_pub/install.log --single-version-externally-managed install_data
[3.944s] running egg_info
[3.974s] writing ../../build/P1_ej1_pub/P1_ej1_pub.egg-info/PKG-INFO
[3.974s] writing dependency_links to ../../build/P1_ej1_pub/P1_ej1_pub.egg-info/dependency_links.txt
[3.975s] writing entry points to ../../build/P1_ej1_pub/P1_ej1_pub.egg-info/entry_points.txt
[3.975s] writing requirements to ../../build/P1_ej1_pub/P1_ej1_pub.egg-info/requires.txt
[3.975s] writing top-level names to ../../build/P1_ej1_pub/P1_ej1_pub.egg-info/top_level.txt
[4.063s] reading manifest file '../../build/P1_ej1_pub/P1_ej1_pub.egg-info/SOURCES.txt'
[4.070s] writing manifest file '../../build/P1_ej1_pub/P1_ej1_pub.egg-info/SOURCES.txt'
[4.070s] running build
[4.072s] running build_py
[4.072s] copying P1_ej1_pub/__init__.py -> /home/sergio/ros2_ws/build/P1_ej1_pub/build/lib/P1_ej1_pub
[4.072s] copying P1_ej1_pub/publicador.py -> /home/sergio/ros2_ws/build/P1_ej1_pub/build/lib/P1_ej1_pub
[4.072s] running install
[4.095s] running install_lib
[4.142s] running install_data
[4.142s] copying resource/P1_ej1_pub -> /home/sergio/ros2_ws/install/P1_ej1_pub/share/ament_index/resource_index/packages
[4.142s] copying package.xml -> /home/sergio/ros2_ws/install/P1_ej1_pub/share/P1_ej1_pub
[4.142s] running install_egg_info
[4.198s] removing '/home/sergio/ros2_ws/install/P1_ej1_pub/lib/python3.10/site-packages/P1_ej1_pub-0.0.0-py3.10.egg-info' (and everything under it)
[4.201s] Copying ../../build/P1_ej1_pub/P1_ej1_pub.egg-info to /home/sergio/ros2_ws/install/P1_ej1_pub/lib/python3.10/site-packages/P1_ej1_pub-0.0.0-py3.10.egg-info
[4.210s] running install_scripts
[4.523s] Installing publicador script to /home/sergio/ros2_ws/install/P1_ej1_pub/lib/P1_ej1_pub
[4.524s] writing list of installed files to '/home/sergio/ros2_ws/build/P1_ej1_pub/install.log'
[4.940s] Invoked command in '/home/sergio/ros2_ws/src/P1_ej1_pub' returned '0': PYTHONPATH=/home/sergio/ros2_ws/build/P1_ej1_pub/prefix_override:/home/sergio/.espressif/python_env/idf5.2_py3.10_env/lib/python3.10/site-packages/colcon_core/task/python/colcon_distutils_commands:/home/sergio/ros2_ws/install/P1_ej1_pub/lib/python3.10/site-packages:${PYTHONPATH} /home/sergio/.espressif/python_env/idf5.2_py3.10_env/bin/python3 -W ignore:setup.py install is deprecated -W ignore:easy_install command is deprecated setup.py egg_info --egg-base ../../build/P1_ej1_pub build --build-base /home/sergio/ros2_ws/build/P1_ej1_pub/build install --record /home/sergio/ros2_ws/build/P1_ej1_pub/install.log --single-version-externally-managed install_data
