[3.974s] Invoking command in '/home/sergio/ros2_ws/src/mma_service': PYTHONPATH=/home/sergio/ros2_ws/build/mma_service/prefix_override:/usr/lib/python3/dist-packages/colcon_core/task/python/colcon_distutils_commands:/home/sergio/ros2_ws/install/mma_service/lib/python3.10/site-packages:${PYTHONPATH} /usr/bin/python3 -W ignore:setup.py install is deprecated -W ignore:easy_install command is deprecated setup.py egg_info --egg-base ../../build/mma_service build --build-base /home/sergio/ros2_ws/build/mma_service/build install --record /home/sergio/ros2_ws/build/mma_service/install.log --single-version-externally-managed install_data
[4.638s] running egg_info
[4.638s] writing ../../build/mma_service/mma_service.egg-info/PKG-INFO
[4.639s] writing dependency_links to ../../build/mma_service/mma_service.egg-info/dependency_links.txt
[4.639s] writing entry points to ../../build/mma_service/mma_service.egg-info/entry_points.txt
[4.639s] writing requirements to ../../build/mma_service/mma_service.egg-info/requires.txt
[4.639s] writing top-level names to ../../build/mma_service/mma_service.egg-info/top_level.txt
[4.644s] reading manifest file '../../build/mma_service/mma_service.egg-info/SOURCES.txt'
[4.647s] writing manifest file '../../build/mma_service/mma_service.egg-info/SOURCES.txt'
[4.647s] running build
[4.647s] running build_py
[4.647s] running install
[4.648s] running install_lib
[4.650s] running install_data
[4.650s] running install_egg_info
[4.665s] removing '/home/sergio/ros2_ws/install/mma_service/lib/python3.10/site-packages/mma_service-0.0.0-py3.10.egg-info' (and everything under it)
[4.665s] Copying ../../build/mma_service/mma_service.egg-info to /home/sergio/ros2_ws/install/mma_service/lib/python3.10/site-packages/mma_service-0.0.0-py3.10.egg-info
[4.665s] running install_scripts
[4.709s] Installing fight_service script to /home/sergio/ros2_ws/install/mma_service/lib/mma_service
[4.710s] writing list of installed files to '/home/sergio/ros2_ws/build/mma_service/install.log'
[4.980s] Invoked command in '/home/sergio/ros2_ws/src/mma_service' returned '0': PYTHONPATH=/home/sergio/ros2_ws/build/mma_service/prefix_override:/usr/lib/python3/dist-packages/colcon_core/task/python/colcon_distutils_commands:/home/sergio/ros2_ws/install/mma_service/lib/python3.10/site-packages:${PYTHONPATH} /usr/bin/python3 -W ignore:setup.py install is deprecated -W ignore:easy_install command is deprecated setup.py egg_info --egg-base ../../build/mma_service build --build-base /home/sergio/ros2_ws/build/mma_service/build install --record /home/sergio/ros2_ws/build/mma_service/install.log --single-version-externally-managed install_data
