[3.390s] Invoking command in '/home/sergio/ros2_ws/src/robot_nav': PYTHONPATH=/home/sergio/ros2_ws/build/robot_nav/prefix_override:/usr/lib/python3/dist-packages/colcon_core/task/python/colcon_distutils_commands:/home/sergio/ros2_ws/install/robot_nav/lib/python3.10/site-packages:${PYTHONPATH} /usr/bin/python3 -W ignore:setup.py install is deprecated -W ignore:easy_install command is deprecated setup.py egg_info --egg-base ../../build/robot_nav build --build-base /home/sergio/ros2_ws/build/robot_nav/build install --record /home/sergio/ros2_ws/build/robot_nav/install.log --single-version-externally-managed install_data
[4.070s] running egg_info
[4.071s] creating ../../build/robot_nav/robot_nav.egg-info
[4.072s] writing ../../build/robot_nav/robot_nav.egg-info/PKG-INFO
[4.072s] writing dependency_links to ../../build/robot_nav/robot_nav.egg-info/dependency_links.txt
[4.072s] writing entry points to ../../build/robot_nav/robot_nav.egg-info/entry_points.txt
[4.072s] writing requirements to ../../build/robot_nav/robot_nav.egg-info/requires.txt
[4.072s] writing top-level names to ../../build/robot_nav/robot_nav.egg-info/top_level.txt
[4.073s] writing manifest file '../../build/robot_nav/robot_nav.egg-info/SOURCES.txt'
[4.076s] reading manifest file '../../build/robot_nav/robot_nav.egg-info/SOURCES.txt'
[4.078s] writing manifest file '../../build/robot_nav/robot_nav.egg-info/SOURCES.txt'
[4.079s] running build
[4.079s] running build_py
[4.079s] creating /home/sergio/ros2_ws/build/robot_nav/build
[4.079s] creating /home/sergio/ros2_ws/build/robot_nav/build/lib
[4.080s] creating /home/sergio/ros2_ws/build/robot_nav/build/lib/robot_nav
[4.080s] copying robot_nav/path_follower.py -> /home/sergio/ros2_ws/build/robot_nav/build/lib/robot_nav
[4.080s] copying robot_nav/__init__.py -> /home/sergio/ros2_ws/build/robot_nav/build/lib/robot_nav
[4.080s] copying robot_nav/wavefront_planner.py -> /home/sergio/ros2_ws/build/robot_nav/build/lib/robot_nav
[4.080s] copying robot_nav/avoid_obstacles.py -> /home/sergio/ros2_ws/build/robot_nav/build/lib/robot_nav
[4.080s] copying robot_nav/a_star_planner.py -> /home/sergio/ros2_ws/build/robot_nav/build/lib/robot_nav
[4.081s] copying robot_nav/rrt_planner.py -> /home/sergio/ros2_ws/build/robot_nav/build/lib/robot_nav
[4.081s] running install
[4.082s] running install_lib
[4.084s] creating /home/sergio/ros2_ws/install/robot_nav/lib/python3.10/site-packages/robot_nav
[4.084s] copying /home/sergio/ros2_ws/build/robot_nav/build/lib/robot_nav/path_follower.py -> /home/sergio/ros2_ws/install/robot_nav/lib/python3.10/site-packages/robot_nav
[4.084s] copying /home/sergio/ros2_ws/build/robot_nav/build/lib/robot_nav/__init__.py -> /home/sergio/ros2_ws/install/robot_nav/lib/python3.10/site-packages/robot_nav
[4.084s] copying /home/sergio/ros2_ws/build/robot_nav/build/lib/robot_nav/wavefront_planner.py -> /home/sergio/ros2_ws/install/robot_nav/lib/python3.10/site-packages/robot_nav
[4.084s] copying /home/sergio/ros2_ws/build/robot_nav/build/lib/robot_nav/avoid_obstacles.py -> /home/sergio/ros2_ws/install/robot_nav/lib/python3.10/site-packages/robot_nav
[4.084s] copying /home/sergio/ros2_ws/build/robot_nav/build/lib/robot_nav/a_star_planner.py -> /home/sergio/ros2_ws/install/robot_nav/lib/python3.10/site-packages/robot_nav
[4.085s] copying /home/sergio/ros2_ws/build/robot_nav/build/lib/robot_nav/rrt_planner.py -> /home/sergio/ros2_ws/install/robot_nav/lib/python3.10/site-packages/robot_nav
[4.089s] byte-compiling /home/sergio/ros2_ws/install/robot_nav/lib/python3.10/site-packages/robot_nav/path_follower.py to path_follower.cpython-310.pyc
[4.089s] byte-compiling /home/sergio/ros2_ws/install/robot_nav/lib/python3.10/site-packages/robot_nav/__init__.py to __init__.cpython-310.pyc
[4.089s] byte-compiling /home/sergio/ros2_ws/install/robot_nav/lib/python3.10/site-packages/robot_nav/wavefront_planner.py to wavefront_planner.cpython-310.pyc
[4.091s] byte-compiling /home/sergio/ros2_ws/install/robot_nav/lib/python3.10/site-packages/robot_nav/avoid_obstacles.py to avoid_obstacles.cpython-310.pyc
[4.092s] byte-compiling /home/sergio/ros2_ws/install/robot_nav/lib/python3.10/site-packages/robot_nav/a_star_planner.py to a_star_planner.cpython-310.pyc
[4.095s] byte-compiling /home/sergio/ros2_ws/install/robot_nav/lib/python3.10/site-packages/robot_nav/rrt_planner.py to rrt_planner.cpython-310.pyc
[4.096s] running install_data
[4.096s] creating /home/sergio/ros2_ws/install/robot_nav/share/ament_index
[4.096s] creating /home/sergio/ros2_ws/install/robot_nav/share/ament_index/resource_index
[4.097s] creating /home/sergio/ros2_ws/install/robot_nav/share/ament_index/resource_index/packages
[4.097s] copying resource/robot_nav -> /home/sergio/ros2_ws/install/robot_nav/share/ament_index/resource_index/packages
[4.097s] copying package.xml -> /home/sergio/ros2_ws/install/robot_nav/share/robot_nav
[4.098s] creating /home/sergio/ros2_ws/install/robot_nav/share/robot_nav/launch
[4.098s] copying launch/bringup.launch.py -> /home/sergio/ros2_ws/install/robot_nav/share/robot_nav/launch
[4.098s] creating /home/sergio/ros2_ws/install/robot_nav/share/robot_nav/rviz
[4.099s] copying rviz/nav2_config.rviz -> /home/sergio/ros2_ws/install/robot_nav/share/robot_nav/rviz
[4.099s] running install_egg_info
[4.104s] Copying ../../build/robot_nav/robot_nav.egg-info to /home/sergio/ros2_ws/install/robot_nav/lib/python3.10/site-packages/robot_nav-0.0.0-py3.10.egg-info
[4.106s] running install_scripts
[4.150s] Installing a_star_planner script to /home/sergio/ros2_ws/install/robot_nav/lib/robot_nav
[4.151s] Installing avoid_obstacles script to /home/sergio/ros2_ws/install/robot_nav/lib/robot_nav
[4.151s] Installing path_follower script to /home/sergio/ros2_ws/install/robot_nav/lib/robot_nav
[4.151s] Installing path_planner script to /home/sergio/ros2_ws/install/robot_nav/lib/robot_nav
[4.152s] Installing rrt_planner script to /home/sergio/ros2_ws/install/robot_nav/lib/robot_nav
[4.152s] Installing wavefront_planner script to /home/sergio/ros2_ws/install/robot_nav/lib/robot_nav
[4.152s] writing list of installed files to '/home/sergio/ros2_ws/build/robot_nav/install.log'
[4.195s] Invoked command in '/home/sergio/ros2_ws/src/robot_nav' returned '0': PYTHONPATH=/home/sergio/ros2_ws/build/robot_nav/prefix_override:/usr/lib/python3/dist-packages/colcon_core/task/python/colcon_distutils_commands:/home/sergio/ros2_ws/install/robot_nav/lib/python3.10/site-packages:${PYTHONPATH} /usr/bin/python3 -W ignore:setup.py install is deprecated -W ignore:easy_install command is deprecated setup.py egg_info --egg-base ../../build/robot_nav build --build-base /home/sergio/ros2_ws/build/robot_nav/build install --record /home/sergio/ros2_ws/build/robot_nav/install.log --single-version-externally-managed install_data
