[4.727s] Invoking command in '/home/sergio/ros2_ws/src/mma_service': PYTHONPATH=/home/sergio/ros2_ws/build/mma_service/prefix_override:/usr/lib/python3/dist-packages/colcon_core/task/python/colcon_distutils_commands:/home/sergio/ros2_ws/install/mma_service/lib/python3.10/site-packages:${PYTHONPATH} /usr/bin/python3 -W ignore:setup.py install is deprecated -W ignore:easy_install command is deprecated setup.py egg_info --egg-base ../../build/mma_service build --build-base /home/sergio/ros2_ws/build/mma_service/build install --record /home/sergio/ros2_ws/build/mma_service/install.log --single-version-externally-managed install_data
[5.362s] running egg_info
[5.365s] writing ../../build/mma_service/mma_service.egg-info/PKG-INFO
[5.366s] writing dependency_links to ../../build/mma_service/mma_service.egg-info/dependency_links.txt
[5.367s] writing entry points to ../../build/mma_service/mma_service.egg-info/entry_points.txt
[5.367s] writing requirements to ../../build/mma_service/mma_service.egg-info/requires.txt
[5.368s] writing top-level names to ../../build/mma_service/mma_service.egg-info/top_level.txt
[5.381s] reading manifest file '../../build/mma_service/mma_service.egg-info/SOURCES.txt'
[5.381s] writing manifest file '../../build/mma_service/mma_service.egg-info/SOURCES.txt'
[5.381s] running build
[5.381s] running build_py
[5.381s] running install
[5.385s] running install_lib
[5.388s] running install_data
[5.389s] running install_egg_info
[5.393s] removing '/home/sergio/ros2_ws/install/mma_service/lib/python3.10/site-packages/mma_service-0.0.0-py3.10.egg-info' (and everything under it)
[5.394s] Copying ../../build/mma_service/mma_service.egg-info to /home/sergio/ros2_ws/install/mma_service/lib/python3.10/site-packages/mma_service-0.0.0-py3.10.egg-info
[5.395s] running install_scripts
[5.442s] Installing fight_service script to /home/sergio/ros2_ws/install/mma_service/lib/mma_service
[5.444s] writing list of installed files to '/home/sergio/ros2_ws/build/mma_service/install.log'
[5.644s] Invoked command in '/home/sergio/ros2_ws/src/mma_service' returned '0': PYTHONPATH=/home/sergio/ros2_ws/build/mma_service/prefix_override:/usr/lib/python3/dist-packages/colcon_core/task/python/colcon_distutils_commands:/home/sergio/ros2_ws/install/mma_service/lib/python3.10/site-packages:${PYTHONPATH} /usr/bin/python3 -W ignore:setup.py install is deprecated -W ignore:easy_install command is deprecated setup.py egg_info --egg-base ../../build/mma_service build --build-base /home/sergio/ros2_ws/build/mma_service/build install --record /home/sergio/ros2_ws/build/mma_service/install.log --single-version-externally-managed install_data
