[0.141s] Invoking command in '/home/sergio/ros2_ws/build/moveit_task_constructor_core': CMAKE_PREFIX_PATH=/home/sergio/ros2_ws/install/moveit_resources_fanuc_moveit_config:/home/sergio/ros2_ws/install/rviz_marker_tools:/home/sergio/ros2_ws/install/moveit_task_constructor_msgs:/home/sergio/ros2_ws/install/moveit_resources_fanuc_description:/home/sergio/ros2_ws/install/trr_robot:/home/sergio/ros2_ws/install/stage_worlds:/home/sergio/ros2_ws/install/stage_ros2:/home/sergio/ros2_ws/install/moveit_task_constructor_visualization:/home/sergio/ros2_ws/install/moveit_task_constructor_demo:/home/sergio/ros2_ws/install/moveit_task_constructor_capabilities:/home/sergio/ros2_ws/install/moveit2_tutorials:/home/sergio/ros2_ws/install/moveit_task_constructor_core:/home/sergio/ros2_ws/install/robot_description:/home/sergio/ros2_ws/install/p2_ej2:/home/sergio/ros2_ws/install/p1_ej3_interface:/home/sergio/ros2_ws/install/p1_ej2_interface:/home/sergio/ros2_ws/install/navigation_tb3:/home/sergio/ros2_ws/install/moveit_resources:/home/sergio/ros2_ws/install/moveit_resources_pr2_description:/home/sergio/ros2_ws/install/moveit_resources_panda_moveit_config:/home/sergio/ros2_ws/install/moveit_resources_panda_description:/home/sergio/ros2_ws/install/mma_interfaces:/home/sergio/ros2_ws/install/hello_moveit:/home/sergio/ros2_ws/install/ejercicio_tres_interface:/home/sergio/ros2_ws/install/Stage:/home/sergio/ros2_ws/install/trr_robot_ps:/home/sergio/ros2_ws/install/robot_nav:/home/sergio/ros2_ws/install/robot_autonomo:/home/sergio/ros2_ws/install/pico_control_pub:/home/sergio/ros2_ws/install/p2_ej3:/home/sergio/ros2_ws/install/p1_ej3_servidor:/home/sergio/ros2_ws/install/p1_ej3_cliente:/home/sergio/ros2_ws/install/p1_ej2_nodos_sensor:/home/sergio/ros2_ws/install/p1_ej2_nodo5:/home/sergio/ros2_ws/install/p1_ej2_nodo4:/home/sergio/ros2_ws/install/nodo_adc_sub:/home/sergio/ros2_ws/install/my_stage_mover:/home/sergio/ros2_ws/install/my_package:/home/sergio/ros2_ws/install/mma_talker:/home/sergio/ros2_ws/install/mma_service:/home/sergio/ros2_ws/install/mma_listener:/home/sergio/ros2_ws/install/ejercicio_tres_server:/home/sergio/ros2_ws/install/ejercicio_tres_client:/home/sergio/ros2_ws/install/ejercicio_dos:/home/sergio/ros2_ws/install/ejercicio1_pkg:/home/sergio/ros2_ws/install/ejemplo_uno:/home/sergio/ros2_ws/install/cam_viewer:/home/sergio/ros2_ws/install/auto_mover:/home/sergio/ros2_ws/install/P1_ej1_sub:/home/sergio/ros2_ws/install/P1_ej1_pub:/opt/ros/humble LD_LIBRARY_PATH=/home/sergio/ros2_ws/install/rviz_marker_tools/lib:/home/sergio/ros2_ws/install/moveit_task_constructor_msgs/lib:/home/sergio/ros2_ws/install/stage_ros2/lib:/home/sergio/ros2_ws/install/moveit_task_constructor_visualization/lib:/home/sergio/ros2_ws/install/moveit_task_constructor_demo/lib:/home/sergio/ros2_ws/install/moveit_task_constructor_capabilities/lib:/home/sergio/ros2_ws/install/moveit_task_constructor_core/lib:/home/sergio/ros2_ws/install/p1_ej3_interface/lib:/home/sergio/ros2_ws/install/p1_ej2_interface/lib:/home/sergio/ros2_ws/install/mma_interfaces/lib:/home/sergio/ros2_ws/install/ejercicio_tres_interface/lib:/home/sergio/ros2_ws/install/Stage/lib:/usr/lib/x86_64-linux-gnu/gazebo-11/plugins:/opt/ros/humble/opt/rviz_ogre_vendor/lib:/opt/ros/humble/lib/x86_64-linux-gnu:/opt/ros/humble/lib /usr/bin/cmake --build /home/sergio/ros2_ws/build/moveit_task_constructor_core -- -j16 -l16
[0.321s] [  3%] Built target gmock
[0.341s] [  5%] Built target gtest_main
[0.341s] [  8%] Built target gtest
[0.346s] [ 10%] Built target gmock_main
[0.351s] [ 10%] Built target ament_cmake_python_copy_moveit
[0.448s] [ 29%] Built target moveit_task_constructor_core
[0.590s] [ 34%] Built target gtest_utils
[0.625s] [ 55%] Built target moveit_task_constructor_core_stages
[0.759s] [ 57%] Built target moveit_task_constructor_core_stage_plugins
[0.772s] [ 60%] Built target moveit_task_constructor_core-test-stage
[0.777s] [ 62%] Built target moveit_task_constructor_core-test-properties
[0.800s] [ 64%] Built target moveit_task_constructor_core-test-pruning
[0.801s] [ 67%] Built target moveit_task_constructor_core-test-move-relative
[0.801s] [ 69%] Built target pick_ur5
[0.802s] [ 71%] Built target moveit_task_constructor_core-test-serial
[0.814s] [ 76%] Built target moveit_task_constructor_core-test-container
[0.814s] [ 75%] Built target moveit_task_constructor_core-test-cost-queue
[0.823s] [ 83%] Built target pymoveit_mtc
[0.823s] [ 85%] Built target moveit_task_constructor_core-test-mockups
[0.866s] [ 88%] Built target moveit_task_constructor_core-test-interface-state
[0.880s] [ 90%] Built target moveit_task_constructor_core-test-fallback
[0.880s] [ 92%] Built target moveit_task_constructor_core-test-cost-terms
[0.880s] [ 95%] Built target moveit_task_constructor_core-test-move-to
[0.951s] [ 97%] Built target pick_pa10
[0.953s] [100%] Built target pick_pr2
[1.277s] running egg_info
[1.278s] writing moveit.egg-info/PKG-INFO
[1.279s] writing dependency_links to moveit.egg-info/dependency_links.txt
[1.279s] writing top-level names to moveit.egg-info/top_level.txt
[1.284s] reading manifest file 'moveit.egg-info/SOURCES.txt'
[1.285s] writing manifest file 'moveit.egg-info/SOURCES.txt'
[1.337s] [100%] Built target ament_cmake_python_build_moveit_egg
[1.647s] Invoked command in '/home/sergio/ros2_ws/build/moveit_task_constructor_core' returned '0': CMAKE_PREFIX_PATH=/home/sergio/ros2_ws/install/moveit_resources_fanuc_moveit_config:/home/sergio/ros2_ws/install/rviz_marker_tools:/home/sergio/ros2_ws/install/moveit_task_constructor_msgs:/home/sergio/ros2_ws/install/moveit_resources_fanuc_description:/home/sergio/ros2_ws/install/trr_robot:/home/sergio/ros2_ws/install/stage_worlds:/home/sergio/ros2_ws/install/stage_ros2:/home/sergio/ros2_ws/install/moveit_task_constructor_visualization:/home/sergio/ros2_ws/install/moveit_task_constructor_demo:/home/sergio/ros2_ws/install/moveit_task_constructor_capabilities:/home/sergio/ros2_ws/install/moveit2_tutorials:/home/sergio/ros2_ws/install/moveit_task_constructor_core:/home/sergio/ros2_ws/install/robot_description:/home/sergio/ros2_ws/install/p2_ej2:/home/sergio/ros2_ws/install/p1_ej3_interface:/home/sergio/ros2_ws/install/p1_ej2_interface:/home/sergio/ros2_ws/install/navigation_tb3:/home/sergio/ros2_ws/install/moveit_resources:/home/sergio/ros2_ws/install/moveit_resources_pr2_description:/home/sergio/ros2_ws/install/moveit_resources_panda_moveit_config:/home/sergio/ros2_ws/install/moveit_resources_panda_description:/home/sergio/ros2_ws/install/mma_interfaces:/home/sergio/ros2_ws/install/hello_moveit:/home/sergio/ros2_ws/install/ejercicio_tres_interface:/home/sergio/ros2_ws/install/Stage:/home/sergio/ros2_ws/install/trr_robot_ps:/home/sergio/ros2_ws/install/robot_nav:/home/sergio/ros2_ws/install/robot_autonomo:/home/sergio/ros2_ws/install/pico_control_pub:/home/sergio/ros2_ws/install/p2_ej3:/home/sergio/ros2_ws/install/p1_ej3_servidor:/home/sergio/ros2_ws/install/p1_ej3_cliente:/home/sergio/ros2_ws/install/p1_ej2_nodos_sensor:/home/sergio/ros2_ws/install/p1_ej2_nodo5:/home/sergio/ros2_ws/install/p1_ej2_nodo4:/home/sergio/ros2_ws/install/nodo_adc_sub:/home/sergio/ros2_ws/install/my_stage_mover:/home/sergio/ros2_ws/install/my_package:/home/sergio/ros2_ws/install/mma_talker:/home/sergio/ros2_ws/install/mma_service:/home/sergio/ros2_ws/install/mma_listener:/home/sergio/ros2_ws/install/ejercicio_tres_server:/home/sergio/ros2_ws/install/ejercicio_tres_client:/home/sergio/ros2_ws/install/ejercicio_dos:/home/sergio/ros2_ws/install/ejercicio1_pkg:/home/sergio/ros2_ws/install/ejemplo_uno:/home/sergio/ros2_ws/install/cam_viewer:/home/sergio/ros2_ws/install/auto_mover:/home/sergio/ros2_ws/install/P1_ej1_sub:/home/sergio/ros2_ws/install/P1_ej1_pub:/opt/ros/humble LD_LIBRARY_PATH=/home/sergio/ros2_ws/install/rviz_marker_tools/lib:/home/sergio/ros2_ws/install/moveit_task_constructor_msgs/lib:/home/sergio/ros2_ws/install/stage_ros2/lib:/home/sergio/ros2_ws/install/moveit_task_constructor_visualization/lib:/home/sergio/ros2_ws/install/moveit_task_constructor_demo/lib:/home/sergio/ros2_ws/install/moveit_task_constructor_capabilities/lib:/home/sergio/ros2_ws/install/moveit_task_constructor_core/lib:/home/sergio/ros2_ws/install/p1_ej3_interface/lib:/home/sergio/ros2_ws/install/p1_ej2_interface/lib:/home/sergio/ros2_ws/install/mma_interfaces/lib:/home/sergio/ros2_ws/install/ejercicio_tres_interface/lib:/home/sergio/ros2_ws/install/Stage/lib:/usr/lib/x86_64-linux-gnu/gazebo-11/plugins:/opt/ros/humble/opt/rviz_ogre_vendor/lib:/opt/ros/humble/lib/x86_64-linux-gnu:/opt/ros/humble/lib /usr/bin/cmake --build /home/sergio/ros2_ws/build/moveit_task_constructor_core -- -j16 -l16
[1.649s] Invoking command in '/home/sergio/ros2_ws/build/moveit_task_constructor_core': CMAKE_PREFIX_PATH=/home/sergio/ros2_ws/install/moveit_resources_fanuc_moveit_config:/home/sergio/ros2_ws/install/rviz_marker_tools:/home/sergio/ros2_ws/install/moveit_task_constructor_msgs:/home/sergio/ros2_ws/install/moveit_resources_fanuc_description:/home/sergio/ros2_ws/install/trr_robot:/home/sergio/ros2_ws/install/stage_worlds:/home/sergio/ros2_ws/install/stage_ros2:/home/sergio/ros2_ws/install/moveit_task_constructor_visualization:/home/sergio/ros2_ws/install/moveit_task_constructor_demo:/home/sergio/ros2_ws/install/moveit_task_constructor_capabilities:/home/sergio/ros2_ws/install/moveit2_tutorials:/home/sergio/ros2_ws/install/moveit_task_constructor_core:/home/sergio/ros2_ws/install/robot_description:/home/sergio/ros2_ws/install/p2_ej2:/home/sergio/ros2_ws/install/p1_ej3_interface:/home/sergio/ros2_ws/install/p1_ej2_interface:/home/sergio/ros2_ws/install/navigation_tb3:/home/sergio/ros2_ws/install/moveit_resources:/home/sergio/ros2_ws/install/moveit_resources_pr2_description:/home/sergio/ros2_ws/install/moveit_resources_panda_moveit_config:/home/sergio/ros2_ws/install/moveit_resources_panda_description:/home/sergio/ros2_ws/install/mma_interfaces:/home/sergio/ros2_ws/install/hello_moveit:/home/sergio/ros2_ws/install/ejercicio_tres_interface:/home/sergio/ros2_ws/install/Stage:/home/sergio/ros2_ws/install/trr_robot_ps:/home/sergio/ros2_ws/install/robot_nav:/home/sergio/ros2_ws/install/robot_autonomo:/home/sergio/ros2_ws/install/pico_control_pub:/home/sergio/ros2_ws/install/p2_ej3:/home/sergio/ros2_ws/install/p1_ej3_servidor:/home/sergio/ros2_ws/install/p1_ej3_cliente:/home/sergio/ros2_ws/install/p1_ej2_nodos_sensor:/home/sergio/ros2_ws/install/p1_ej2_nodo5:/home/sergio/ros2_ws/install/p1_ej2_nodo4:/home/sergio/ros2_ws/install/nodo_adc_sub:/home/sergio/ros2_ws/install/my_stage_mover:/home/sergio/ros2_ws/install/my_package:/home/sergio/ros2_ws/install/mma_talker:/home/sergio/ros2_ws/install/mma_service:/home/sergio/ros2_ws/install/mma_listener:/home/sergio/ros2_ws/install/ejercicio_tres_server:/home/sergio/ros2_ws/install/ejercicio_tres_client:/home/sergio/ros2_ws/install/ejercicio_dos:/home/sergio/ros2_ws/install/ejercicio1_pkg:/home/sergio/ros2_ws/install/ejemplo_uno:/home/sergio/ros2_ws/install/cam_viewer:/home/sergio/ros2_ws/install/auto_mover:/home/sergio/ros2_ws/install/P1_ej1_sub:/home/sergio/ros2_ws/install/P1_ej1_pub:/opt/ros/humble LD_LIBRARY_PATH=/home/sergio/ros2_ws/install/rviz_marker_tools/lib:/home/sergio/ros2_ws/install/moveit_task_constructor_msgs/lib:/home/sergio/ros2_ws/install/stage_ros2/lib:/home/sergio/ros2_ws/install/moveit_task_constructor_visualization/lib:/home/sergio/ros2_ws/install/moveit_task_constructor_demo/lib:/home/sergio/ros2_ws/install/moveit_task_constructor_capabilities/lib:/home/sergio/ros2_ws/install/moveit_task_constructor_core/lib:/home/sergio/ros2_ws/install/p1_ej3_interface/lib:/home/sergio/ros2_ws/install/p1_ej2_interface/lib:/home/sergio/ros2_ws/install/mma_interfaces/lib:/home/sergio/ros2_ws/install/ejercicio_tres_interface/lib:/home/sergio/ros2_ws/install/Stage/lib:/usr/lib/x86_64-linux-gnu/gazebo-11/plugins:/opt/ros/humble/opt/rviz_ogre_vendor/lib:/opt/ros/humble/lib/x86_64-linux-gnu:/opt/ros/humble/lib /usr/bin/cmake --install /home/sergio/ros2_ws/build/moveit_task_constructor_core
[1.872s] -- Install configuration: "Release"
[1.874s] -- Up-to-date: /home/sergio/ros2_ws/install/moveit_task_constructor_core/lib/libmoveit_task_constructor_core_stages.so
[1.874s] -- Up-to-date: /home/sergio/ros2_ws/install/moveit_task_constructor_core/lib/libmoveit_task_constructor_core_stage_plugins.so
[1.875s] -- Up-to-date: /home/sergio/ros2_ws/install/moveit_task_constructor_core/lib/libmoveit_task_constructor_core.so
[1.875s] -- Up-to-date: /home/sergio/ros2_ws/install/moveit_task_constructor_core/share/moveit_task_constructor_core/environment/pythonpath.sh
[1.875s] -- Up-to-date: /home/sergio/ros2_ws/install/moveit_task_constructor_core/share/moveit_task_constructor_core/environment/pythonpath.dsv
[1.875s] -- Up-to-date: /home/sergio/ros2_ws/install/moveit_task_constructor_core/local/lib/python3.10/dist-packages/moveit-0.1.3-py3.10.egg-info
[1.875s] -- Installing: /home/sergio/ros2_ws/install/moveit_task_constructor_core/local/lib/python3.10/dist-packages/moveit-0.1.3-py3.10.egg-info/PKG-INFO
[1.875s] -- Installing: /home/sergio/ros2_ws/install/moveit_task_constructor_core/local/lib/python3.10/dist-packages/moveit-0.1.3-py3.10.egg-info/SOURCES.txt
[1.875s] -- Installing: /home/sergio/ros2_ws/install/moveit_task_constructor_core/local/lib/python3.10/dist-packages/moveit-0.1.3-py3.10.egg-info/top_level.txt
[1.875s] -- Installing: /home/sergio/ros2_ws/install/moveit_task_constructor_core/local/lib/python3.10/dist-packages/moveit-0.1.3-py3.10.egg-info/dependency_links.txt
[1.875s] -- Up-to-date: /home/sergio/ros2_ws/install/moveit_task_constructor_core/local/lib/python3.10/dist-packages/moveit
[1.875s] -- Up-to-date: /home/sergio/ros2_ws/install/moveit_task_constructor_core/local/lib/python3.10/dist-packages/moveit/__init__.py
[1.876s] -- Up-to-date: /home/sergio/ros2_ws/install/moveit_task_constructor_core/local/lib/python3.10/dist-packages/moveit/task_constructor
[1.876s] -- Up-to-date: /home/sergio/ros2_ws/install/moveit_task_constructor_core/local/lib/python3.10/dist-packages/moveit/task_constructor/__init__.py
[1.876s] -- Up-to-date: /home/sergio/ros2_ws/install/moveit_task_constructor_core/local/lib/python3.10/dist-packages/moveit/task_constructor/core.py
[1.876s] -- Up-to-date: /home/sergio/ros2_ws/install/moveit_task_constructor_core/local/lib/python3.10/dist-packages/moveit/task_constructor/stages.py
[1.876s] Listing '/home/sergio/ros2_ws/install/moveit_task_constructor_core/local/lib/python3.10/dist-packages/moveit'...
[1.876s] Listing '/home/sergio/ros2_ws/install/moveit_task_constructor_core/local/lib/python3.10/dist-packages/moveit/task_constructor'...
[1.876s] -- Up-to-date: /home/sergio/ros2_ws/install/moveit_task_constructor_core/include/moveit/python/pybind11
[1.876s] -- Up-to-date: /home/sergio/ros2_ws/install/moveit_task_constructor_core/include/moveit/python/pybind11/gil_safe_call_once.h
[1.876s] -- Up-to-date: /home/sergio/ros2_ws/install/moveit_task_constructor_core/include/moveit/python/pybind11/trampoline_self_life_support.h
[1.876s] -- Up-to-date: /home/sergio/ros2_ws/install/moveit_task_constructor_core/include/moveit/python/pybind11/embed.h
[1.877s] -- Up-to-date: /home/sergio/ros2_ws/install/moveit_task_constructor_core/include/moveit/python/pybind11/common.h
[1.877s] -- Up-to-date: /home/sergio/ros2_ws/install/moveit_task_constructor_core/include/moveit/python/pybind11/eigen
[1.877s] -- Up-to-date: /home/sergio/ros2_ws/install/moveit_task_constructor_core/include/moveit/python/pybind11/eigen/common.h
[1.877s] -- Up-to-date: /home/sergio/ros2_ws/install/moveit_task_constructor_core/include/moveit/python/pybind11/eigen/matrix.h
[1.877s] -- Up-to-date: /home/sergio/ros2_ws/install/moveit_task_constructor_core/include/moveit/python/pybind11/eigen/tensor.h
[1.877s] -- Up-to-date: /home/sergio/ros2_ws/install/moveit_task_constructor_core/include/moveit/python/pybind11/eigen.h
[1.877s] -- Up-to-date: /home/sergio/ros2_ws/install/moveit_task_constructor_core/include/moveit/python/pybind11/iostream.h
[1.877s] -- Up-to-date: /home/sergio/ros2_ws/install/moveit_task_constructor_core/include/moveit/python/pybind11/smart_holder.h
[1.877s] -- Up-to-date: /home/sergio/ros2_ws/install/moveit_task_constructor_core/include/moveit/python/pybind11/chrono.h
[1.877s] -- Up-to-date: /home/sergio/ros2_ws/install/moveit_task_constructor_core/include/moveit/python/pybind11/operators.h
[1.877s] -- Up-to-date: /home/sergio/ros2_ws/install/moveit_task_constructor_core/include/moveit/python/pybind11/stl_bind.h
[1.878s] -- Up-to-date: /home/sergio/ros2_ws/install/moveit_task_constructor_core/include/moveit/python/pybind11/numpy.h
[1.878s] -- Up-to-date: /home/sergio/ros2_ws/install/moveit_task_constructor_core/include/moveit/python/pybind11/functional.h
[1.878s] -- Up-to-date: /home/sergio/ros2_ws/install/moveit_task_constructor_core/include/moveit/python/pybind11/options.h
[1.878s] -- Up-to-date: /home/sergio/ros2_ws/install/moveit_task_constructor_core/include/moveit/python/pybind11/pytypes.h
[1.878s] -- Up-to-date: /home/sergio/ros2_ws/install/moveit_task_constructor_core/include/moveit/python/pybind11/buffer_info.h
[1.878s] -- Up-to-date: /home/sergio/ros2_ws/install/moveit_task_constructor_core/include/moveit/python/pybind11/cast.h
[1.878s] -- Up-to-date: /home/sergio/ros2_ws/install/moveit_task_constructor_core/include/moveit/python/pybind11/typing.h
[1.878s] -- Up-to-date: /home/sergio/ros2_ws/install/moveit_task_constructor_core/include/moveit/python/pybind11/stl.h
[1.879s] -- Up-to-date: /home/sergio/ros2_ws/install/moveit_task_constructor_core/include/moveit/python/pybind11/attr.h
[1.879s] -- Up-to-date: /home/sergio/ros2_ws/install/moveit_task_constructor_core/include/moveit/python/pybind11/gil.h
[1.879s] -- Up-to-date: /home/sergio/ros2_ws/install/moveit_task_constructor_core/include/moveit/python/pybind11/eval.h
[1.879s] -- Up-to-date: /home/sergio/ros2_ws/install/moveit_task_constructor_core/include/moveit/python/pybind11/detail
[1.879s] -- Up-to-date: /home/sergio/ros2_ws/install/moveit_task_constructor_core/include/moveit/python/pybind11/detail/smart_holder_poc.h
[1.879s] -- Up-to-date: /home/sergio/ros2_ws/install/moveit_task_constructor_core/include/moveit/python/pybind11/detail/type_caster_odr_guard.h
[1.879s] -- Up-to-date: /home/sergio/ros2_ws/install/moveit_task_constructor_core/include/moveit/python/pybind11/detail/common.h
[1.879s] -- Up-to-date: /home/sergio/ros2_ws/install/moveit_task_constructor_core/include/moveit/python/pybind11/detail/class.h
[1.879s] -- Up-to-date: /home/sergio/ros2_ws/install/moveit_task_constructor_core/include/moveit/python/pybind11/detail/internals.h
[1.879s] -- Up-to-date: /home/sergio/ros2_ws/install/moveit_task_constructor_core/include/moveit/python/pybind11/detail/type_caster_base.h
[1.879s] -- Up-to-date: /home/sergio/ros2_ws/install/moveit_task_constructor_core/include/moveit/python/pybind11/detail/smart_holder_type_casters.h
[1.880s] -- Up-to-date: /home/sergio/ros2_ws/install/moveit_task_constructor_core/include/moveit/python/pybind11/detail/init.h
[1.880s] -- Up-to-date: /home/sergio/ros2_ws/install/moveit_task_constructor_core/include/moveit/python/pybind11/detail/dynamic_raw_ptr_cast_if_possible.h
[1.880s] -- Up-to-date: /home/sergio/ros2_ws/install/moveit_task_constructor_core/include/moveit/python/pybind11/detail/smart_holder_sfinae_hooks_only.h
[1.880s] -- Up-to-date: /home/sergio/ros2_ws/install/moveit_task_constructor_core/include/moveit/python/pybind11/detail/descr.h
[1.880s] -- Up-to-date: /home/sergio/ros2_ws/install/moveit_task_constructor_core/include/moveit/python/pybind11/detail/typeid.h
[1.880s] -- Up-to-date: /home/sergio/ros2_ws/install/moveit_task_constructor_core/include/moveit/python/pybind11/stl
[1.880s] -- Up-to-date: /home/sergio/ros2_ws/install/moveit_task_constructor_core/include/moveit/python/pybind11/stl/filesystem.h
[1.880s] -- Up-to-date: /home/sergio/ros2_ws/install/moveit_task_constructor_core/include/moveit/python/pybind11/type_caster_pyobject_ptr.h
[1.880s] -- Up-to-date: /home/sergio/ros2_ws/install/moveit_task_constructor_core/include/moveit/python/pybind11/pybind11.h
[1.880s] -- Up-to-date: /home/sergio/ros2_ws/install/moveit_task_constructor_core/include/moveit/python/pybind11/complex.h
[1.880s] -- Up-to-date: /home/sergio/ros2_ws/install/moveit_task_constructor_core/share/moveit_task_constructor_core/cmake/pybind11Config.cmake
[1.881s] -- Up-to-date: /home/sergio/ros2_ws/install/moveit_task_constructor_core/share/moveit_task_constructor_core/cmake/pybind11ConfigVersion.cmake
[1.881s] -- Up-to-date: /home/sergio/ros2_ws/install/moveit_task_constructor_core/share/moveit_task_constructor_core/cmake/FindPythonLibsNew.cmake
[1.881s] -- Up-to-date: /home/sergio/ros2_ws/install/moveit_task_constructor_core/share/moveit_task_constructor_core/cmake/pybind11Common.cmake
[1.881s] -- Up-to-date: /home/sergio/ros2_ws/install/moveit_task_constructor_core/share/moveit_task_constructor_core/cmake/pybind11Tools.cmake
[1.881s] -- Up-to-date: /home/sergio/ros2_ws/install/moveit_task_constructor_core/share/moveit_task_constructor_core/cmake/pybind11NewTools.cmake
[1.881s] -- Up-to-date: /home/sergio/ros2_ws/install/moveit_task_constructor_core/share/moveit_task_constructor_core/cmake/pybind11Targets.cmake
[1.881s] -- Up-to-date: /home/sergio/ros2_ws/install/moveit_task_constructor_core/share/pkgconfig/pybind11.pc
[1.881s] -- Up-to-date: /home/sergio/ros2_ws/install/moveit_task_constructor_core/local/lib/python3.10/dist-packages/pymoveit_mtc.cpython-310-x86_64-linux-gnu.so
[1.881s] -- Up-to-date: /home/sergio/ros2_ws/install/moveit_task_constructor_core/include
[1.881s] -- Up-to-date: /home/sergio/ros2_ws/install/moveit_task_constructor_core/include/moveit
[1.881s] -- Up-to-date: /home/sergio/ros2_ws/install/moveit_task_constructor_core/include/moveit/python
[1.882s] -- Up-to-date: /home/sergio/ros2_ws/install/moveit_task_constructor_core/include/moveit/python/task_constructor
[1.882s] -- Up-to-date: /home/sergio/ros2_ws/install/moveit_task_constructor_core/include/moveit/python/task_constructor/properties.h
[1.882s] -- Up-to-date: /home/sergio/ros2_ws/install/moveit_task_constructor_core/include/moveit/task_constructor
[1.882s] -- Up-to-date: /home/sergio/ros2_ws/install/moveit_task_constructor_core/include/moveit/task_constructor/stage.h
[1.882s] -- Up-to-date: /home/sergio/ros2_ws/install/moveit_task_constructor_core/include/moveit/task_constructor/marker_tools.h
[1.882s] -- Up-to-date: /home/sergio/ros2_ws/install/moveit_task_constructor_core/include/moveit/task_constructor/stages.h
[1.882s] -- Up-to-date: /home/sergio/ros2_ws/install/moveit_task_constructor_core/include/moveit/task_constructor/cost_queue.h
[1.882s] -- Up-to-date: /home/sergio/ros2_ws/install/moveit_task_constructor_core/include/moveit/task_constructor/properties.h
[1.882s] -- Up-to-date: /home/sergio/ros2_ws/install/moveit_task_constructor_core/include/moveit/task_constructor/task.h
[1.882s] -- Up-to-date: /home/sergio/ros2_ws/install/moveit_task_constructor_core/include/moveit/task_constructor/solvers
[1.883s] -- Up-to-date: /home/sergio/ros2_ws/install/moveit_task_constructor_core/include/moveit/task_constructor/solvers/planner_interface.h
[1.883s] -- Up-to-date: /home/sergio/ros2_ws/install/moveit_task_constructor_core/include/moveit/task_constructor/solvers/joint_interpolation.h
[1.883s] -- Up-to-date: /home/sergio/ros2_ws/install/moveit_task_constructor_core/include/moveit/task_constructor/solvers/multi_planner.h
[1.883s] -- Up-to-date: /home/sergio/ros2_ws/install/moveit_task_constructor_core/include/moveit/task_constructor/solvers/cartesian_path.h
[1.883s] -- Up-to-date: /home/sergio/ros2_ws/install/moveit_task_constructor_core/include/moveit/task_constructor/solvers/pipeline_planner.h
[1.883s] -- Up-to-date: /home/sergio/ros2_ws/install/moveit_task_constructor_core/include/moveit/task_constructor/moveit_compat.h
[1.883s] -- Up-to-date: /home/sergio/ros2_ws/install/moveit_task_constructor_core/include/moveit/task_constructor/stages
[1.883s] -- Up-to-date: /home/sergio/ros2_ws/install/moveit_task_constructor_core/include/moveit/task_constructor/stages/predicate_filter.h
[1.883s] -- Up-to-date: /home/sergio/ros2_ws/install/moveit_task_constructor_core/include/moveit/task_constructor/stages/move_relative.h
[1.883s] -- Up-to-date: /home/sergio/ros2_ws/install/moveit_task_constructor_core/include/moveit/task_constructor/stages/generate_pose.h
[1.884s] -- Up-to-date: /home/sergio/ros2_ws/install/moveit_task_constructor_core/include/moveit/task_constructor/stages/compute_ik.h
[1.884s] -- Up-to-date: /home/sergio/ros2_ws/install/moveit_task_constructor_core/include/moveit/task_constructor/stages/generate_place_pose.h
[1.884s] -- Up-to-date: /home/sergio/ros2_ws/install/moveit_task_constructor_core/include/moveit/task_constructor/stages/generate_random_pose.h
[1.884s] -- Up-to-date: /home/sergio/ros2_ws/install/moveit_task_constructor_core/include/moveit/task_constructor/stages/move_to.h
[1.884s] -- Up-to-date: /home/sergio/ros2_ws/install/moveit_task_constructor_core/include/moveit/task_constructor/stages/simple_grasp.h
[1.884s] -- Up-to-date: /home/sergio/ros2_ws/install/moveit_task_constructor_core/include/moveit/task_constructor/stages/generate_grasp_pose.h
[1.884s] -- Up-to-date: /home/sergio/ros2_ws/install/moveit_task_constructor_core/include/moveit/task_constructor/stages/connect.h
[1.884s] -- Up-to-date: /home/sergio/ros2_ws/install/moveit_task_constructor_core/include/moveit/task_constructor/stages/modify_planning_scene.h
[1.884s] -- Up-to-date: /home/sergio/ros2_ws/install/moveit_task_constructor_core/include/moveit/task_constructor/stages/fixed_state.h
[1.884s] -- Up-to-date: /home/sergio/ros2_ws/install/moveit_task_constructor_core/include/moveit/task_constructor/stages/noop.h
[1.884s] -- Up-to-date: /home/sergio/ros2_ws/install/moveit_task_constructor_core/include/moveit/task_constructor/stages/current_state.h
[1.885s] -- Up-to-date: /home/sergio/ros2_ws/install/moveit_task_constructor_core/include/moveit/task_constructor/stages/pick.h
[1.885s] -- Up-to-date: /home/sergio/ros2_ws/install/moveit_task_constructor_core/include/moveit/task_constructor/stages/fixed_cartesian_poses.h
[1.889s] -- Up-to-date: /home/sergio/ros2_ws/install/moveit_task_constructor_core/include/moveit/task_constructor/stages/fix_collision_objects.h
[1.890s] -- Up-to-date: /home/sergio/ros2_ws/install/moveit_task_constructor_core/include/moveit/task_constructor/stages/passthrough.h
[1.891s] -- Up-to-date: /home/sergio/ros2_ws/install/moveit_task_constructor_core/include/moveit/task_constructor/cost_terms.h
[1.891s] -- Up-to-date: /home/sergio/ros2_ws/install/moveit_task_constructor_core/include/moveit/task_constructor/introspection.h
[1.891s] -- Up-to-date: /home/sergio/ros2_ws/install/moveit_task_constructor_core/include/moveit/task_constructor/utils.h
[1.891s] -- Up-to-date: /home/sergio/ros2_ws/install/moveit_task_constructor_core/include/moveit/task_constructor/merge.h
[1.891s] -- Up-to-date: /home/sergio/ros2_ws/install/moveit_task_constructor_core/include/moveit/task_constructor/trajectory_execution_info.h
[1.891s] -- Up-to-date: /home/sergio/ros2_ws/install/moveit_task_constructor_core/include/moveit/task_constructor/solvers.h
[1.892s] -- Up-to-date: /home/sergio/ros2_ws/install/moveit_task_constructor_core/include/moveit/task_constructor/type_traits.h
[1.892s] -- Up-to-date: /home/sergio/ros2_ws/install/moveit_task_constructor_core/include/moveit/task_constructor/container.h
[1.892s] -- Up-to-date: /home/sergio/ros2_ws/install/moveit_task_constructor_core/include/moveit/task_constructor/storage.h
[1.892s] -- Up-to-date: /home/sergio/ros2_ws/install/moveit_task_constructor_core/share/moveit_task_constructor_core/motion_planning_stages_plugin_description.xml
[1.892s] -- Up-to-date: /home/sergio/ros2_ws/install/moveit_task_constructor_core/share/moveit_task_constructor_core/environment/library_path.sh
[1.892s] -- Up-to-date: /home/sergio/ros2_ws/install/moveit_task_constructor_core/share/moveit_task_constructor_core/environment/library_path.dsv
[1.892s] -- Up-to-date: /home/sergio/ros2_ws/install/moveit_task_constructor_core/share/ament_index/resource_index/package_run_dependencies/moveit_task_constructor_core
[1.892s] -- Up-to-date: /home/sergio/ros2_ws/install/moveit_task_constructor_core/share/ament_index/resource_index/parent_prefix_path/moveit_task_constructor_core
[1.892s] -- Up-to-date: /home/sergio/ros2_ws/install/moveit_task_constructor_core/share/moveit_task_constructor_core/environment/ament_prefix_path.sh
[1.894s] -- Up-to-date: /home/sergio/ros2_ws/install/moveit_task_constructor_core/share/moveit_task_constructor_core/environment/ament_prefix_path.dsv
[1.894s] -- Up-to-date: /home/sergio/ros2_ws/install/moveit_task_constructor_core/share/moveit_task_constructor_core/environment/path.sh
[1.895s] -- Up-to-date: /home/sergio/ros2_ws/install/moveit_task_constructor_core/share/moveit_task_constructor_core/environment/path.dsv
[1.896s] -- Up-to-date: /home/sergio/ros2_ws/install/moveit_task_constructor_core/share/moveit_task_constructor_core/local_setup.bash
[1.897s] -- Up-to-date: /home/sergio/ros2_ws/install/moveit_task_constructor_core/share/moveit_task_constructor_core/local_setup.sh
[1.897s] -- Up-to-date: /home/sergio/ros2_ws/install/moveit_task_constructor_core/share/moveit_task_constructor_core/local_setup.zsh
[1.897s] -- Up-to-date: /home/sergio/ros2_ws/install/moveit_task_constructor_core/share/moveit_task_constructor_core/local_setup.dsv
[1.897s] -- Installing: /home/sergio/ros2_ws/install/moveit_task_constructor_core/share/moveit_task_constructor_core/package.dsv
[1.897s] -- Up-to-date: /home/sergio/ros2_ws/install/moveit_task_constructor_core/share/ament_index/resource_index/packages/moveit_task_constructor_core
[1.897s] -- Up-to-date: /home/sergio/ros2_ws/install/moveit_task_constructor_core/share/ament_index/resource_index/moveit_task_constructor_core__pluginlib__plugin/moveit_task_constructor_core
[1.897s] -- Up-to-date: /home/sergio/ros2_ws/install/moveit_task_constructor_core/share/moveit_task_constructor_core/cmake/moveit_task_constructor_coreTargetsExport.cmake
[1.897s] -- Up-to-date: /home/sergio/ros2_ws/install/moveit_task_constructor_core/share/moveit_task_constructor_core/cmake/moveit_task_constructor_coreTargetsExport-release.cmake
[1.897s] -- Up-to-date: /home/sergio/ros2_ws/install/moveit_task_constructor_core/share/moveit_task_constructor_core/cmake/ament_cmake_export_targets-extras.cmake
[1.898s] -- Up-to-date: /home/sergio/ros2_ws/install/moveit_task_constructor_core/share/moveit_task_constructor_core/cmake/ament_cmake_export_dependencies-extras.cmake
[1.898s] -- Up-to-date: /home/sergio/ros2_ws/install/moveit_task_constructor_core/share/moveit_task_constructor_core/cmake/moveit_task_constructor_coreConfig.cmake
[1.898s] -- Up-to-date: /home/sergio/ros2_ws/install/moveit_task_constructor_core/share/moveit_task_constructor_core/cmake/moveit_task_constructor_coreConfig-version.cmake
[1.898s] -- Up-to-date: /home/sergio/ros2_ws/install/moveit_task_constructor_core/share/moveit_task_constructor_core/package.xml
[1.950s] Invoked command in '/home/sergio/ros2_ws/build/moveit_task_constructor_core' returned '0': CMAKE_PREFIX_PATH=/home/sergio/ros2_ws/install/moveit_resources_fanuc_moveit_config:/home/sergio/ros2_ws/install/rviz_marker_tools:/home/sergio/ros2_ws/install/moveit_task_constructor_msgs:/home/sergio/ros2_ws/install/moveit_resources_fanuc_description:/home/sergio/ros2_ws/install/trr_robot:/home/sergio/ros2_ws/install/stage_worlds:/home/sergio/ros2_ws/install/stage_ros2:/home/sergio/ros2_ws/install/moveit_task_constructor_visualization:/home/sergio/ros2_ws/install/moveit_task_constructor_demo:/home/sergio/ros2_ws/install/moveit_task_constructor_capabilities:/home/sergio/ros2_ws/install/moveit2_tutorials:/home/sergio/ros2_ws/install/moveit_task_constructor_core:/home/sergio/ros2_ws/install/robot_description:/home/sergio/ros2_ws/install/p2_ej2:/home/sergio/ros2_ws/install/p1_ej3_interface:/home/sergio/ros2_ws/install/p1_ej2_interface:/home/sergio/ros2_ws/install/navigation_tb3:/home/sergio/ros2_ws/install/moveit_resources:/home/sergio/ros2_ws/install/moveit_resources_pr2_description:/home/sergio/ros2_ws/install/moveit_resources_panda_moveit_config:/home/sergio/ros2_ws/install/moveit_resources_panda_description:/home/sergio/ros2_ws/install/mma_interfaces:/home/sergio/ros2_ws/install/hello_moveit:/home/sergio/ros2_ws/install/ejercicio_tres_interface:/home/sergio/ros2_ws/install/Stage:/home/sergio/ros2_ws/install/trr_robot_ps:/home/sergio/ros2_ws/install/robot_nav:/home/sergio/ros2_ws/install/robot_autonomo:/home/sergio/ros2_ws/install/pico_control_pub:/home/sergio/ros2_ws/install/p2_ej3:/home/sergio/ros2_ws/install/p1_ej3_servidor:/home/sergio/ros2_ws/install/p1_ej3_cliente:/home/sergio/ros2_ws/install/p1_ej2_nodos_sensor:/home/sergio/ros2_ws/install/p1_ej2_nodo5:/home/sergio/ros2_ws/install/p1_ej2_nodo4:/home/sergio/ros2_ws/install/nodo_adc_sub:/home/sergio/ros2_ws/install/my_stage_mover:/home/sergio/ros2_ws/install/my_package:/home/sergio/ros2_ws/install/mma_talker:/home/sergio/ros2_ws/install/mma_service:/home/sergio/ros2_ws/install/mma_listener:/home/sergio/ros2_ws/install/ejercicio_tres_server:/home/sergio/ros2_ws/install/ejercicio_tres_client:/home/sergio/ros2_ws/install/ejercicio_dos:/home/sergio/ros2_ws/install/ejercicio1_pkg:/home/sergio/ros2_ws/install/ejemplo_uno:/home/sergio/ros2_ws/install/cam_viewer:/home/sergio/ros2_ws/install/auto_mover:/home/sergio/ros2_ws/install/P1_ej1_sub:/home/sergio/ros2_ws/install/P1_ej1_pub:/opt/ros/humble LD_LIBRARY_PATH=/home/sergio/ros2_ws/install/rviz_marker_tools/lib:/home/sergio/ros2_ws/install/moveit_task_constructor_msgs/lib:/home/sergio/ros2_ws/install/stage_ros2/lib:/home/sergio/ros2_ws/install/moveit_task_constructor_visualization/lib:/home/sergio/ros2_ws/install/moveit_task_constructor_demo/lib:/home/sergio/ros2_ws/install/moveit_task_constructor_capabilities/lib:/home/sergio/ros2_ws/install/moveit_task_constructor_core/lib:/home/sergio/ros2_ws/install/p1_ej3_interface/lib:/home/sergio/ros2_ws/install/p1_ej2_interface/lib:/home/sergio/ros2_ws/install/mma_interfaces/lib:/home/sergio/ros2_ws/install/ejercicio_tres_interface/lib:/home/sergio/ros2_ws/install/Stage/lib:/usr/lib/x86_64-linux-gnu/gazebo-11/plugins:/opt/ros/humble/opt/rviz_ogre_vendor/lib:/opt/ros/humble/lib/x86_64-linux-gnu:/opt/ros/humble/lib /usr/bin/cmake --install /home/sergio/ros2_ws/build/moveit_task_constructor_core
