[3.422s] Invoking command in '/home/sergio/ros2_ws/src/p1_ej2_nodos_sensor': PYTHONPATH=/home/sergio/ros2_ws/build/p1_ej2_nodos_sensor/prefix_override:/home/sergio/.espressif/python_env/idf5.2_py3.10_env/lib/python3.10/site-packages/colcon_core/task/python/colcon_distutils_commands:/home/sergio/ros2_ws/install/p1_ej2_nodos_sensor/lib/python3.10/site-packages:${PYTHONPATH} /home/sergio/.espressif/python_env/idf5.2_py3.10_env/bin/python3 -W ignore:setup.py install is deprecated -W ignore:easy_install command is deprecated setup.py egg_info --egg-base ../../build/p1_ej2_nodos_sensor build --build-base /home/sergio/ros2_ws/build/p1_ej2_nodos_sensor/build install --record /home/sergio/ros2_ws/build/p1_ej2_nodos_sensor/install.log --single-version-externally-managed install_data
[4.119s] running egg_info
[4.163s] writing ../../build/p1_ej2_nodos_sensor/p1_ej2_nodos_sensor.egg-info/PKG-INFO
[4.165s] writing dependency_links to ../../build/p1_ej2_nodos_sensor/p1_ej2_nodos_sensor.egg-info/dependency_links.txt
[4.172s] writing entry points to ../../build/p1_ej2_nodos_sensor/p1_ej2_nodos_sensor.egg-info/entry_points.txt
[4.172s] writing requirements to ../../build/p1_ej2_nodos_sensor/p1_ej2_nodos_sensor.egg-info/requires.txt
[4.172s] writing top-level names to ../../build/p1_ej2_nodos_sensor/p1_ej2_nodos_sensor.egg-info/top_level.txt
[4.294s] reading manifest file '../../build/p1_ej2_nodos_sensor/p1_ej2_nodos_sensor.egg-info/SOURCES.txt'
[4.296s] writing manifest file '../../build/p1_ej2_nodos_sensor/p1_ej2_nodos_sensor.egg-info/SOURCES.txt'
[4.297s] running build
[4.297s] running build_py
[4.298s] copying p1_ej2_nodos_sensor/__init__.py -> /home/sergio/ros2_ws/build/p1_ej2_nodos_sensor/build/lib/p1_ej2_nodos_sensor
[4.299s] copying p1_ej2_nodos_sensor/nodo1.py -> /home/sergio/ros2_ws/build/p1_ej2_nodos_sensor/build/lib/p1_ej2_nodos_sensor
[4.299s] copying p1_ej2_nodos_sensor/nodo3.py -> /home/sergio/ros2_ws/build/p1_ej2_nodos_sensor/build/lib/p1_ej2_nodos_sensor
[4.300s] copying p1_ej2_nodos_sensor/nodo2.py -> /home/sergio/ros2_ws/build/p1_ej2_nodos_sensor/build/lib/p1_ej2_nodos_sensor
[4.301s] running install
[4.338s] running install_lib
[4.380s] running install_data
[4.380s] copying resource/p1_ej2_nodos_sensor -> /home/sergio/ros2_ws/install/p1_ej2_nodos_sensor/share/ament_index/resource_index/packages
[4.380s] copying package.xml -> /home/sergio/ros2_ws/install/p1_ej2_nodos_sensor/share/p1_ej2_nodos_sensor
[4.381s] running install_egg_info
[4.426s] removing '/home/sergio/ros2_ws/install/p1_ej2_nodos_sensor/lib/python3.10/site-packages/p1_ej2_nodos_sensor-0.0.0-py3.10.egg-info' (and everything under it)
[4.427s] Copying ../../build/p1_ej2_nodos_sensor/p1_ej2_nodos_sensor.egg-info to /home/sergio/ros2_ws/install/p1_ej2_nodos_sensor/lib/python3.10/site-packages/p1_ej2_nodos_sensor-0.0.0-py3.10.egg-info
[4.429s] running install_scripts
[4.667s] Installing nodo1 script to /home/sergio/ros2_ws/install/p1_ej2_nodos_sensor/lib/p1_ej2_nodos_sensor
[4.667s] Installing nodo2 script to /home/sergio/ros2_ws/install/p1_ej2_nodos_sensor/lib/p1_ej2_nodos_sensor
[4.669s] Installing nodo3 script to /home/sergio/ros2_ws/install/p1_ej2_nodos_sensor/lib/p1_ej2_nodos_sensor
[4.669s] writing list of installed files to '/home/sergio/ros2_ws/build/p1_ej2_nodos_sensor/install.log'
[5.149s] Invoked command in '/home/sergio/ros2_ws/src/p1_ej2_nodos_sensor' returned '0': PYTHONPATH=/home/sergio/ros2_ws/build/p1_ej2_nodos_sensor/prefix_override:/home/sergio/.espressif/python_env/idf5.2_py3.10_env/lib/python3.10/site-packages/colcon_core/task/python/colcon_distutils_commands:/home/sergio/ros2_ws/install/p1_ej2_nodos_sensor/lib/python3.10/site-packages:${PYTHONPATH} /home/sergio/.espressif/python_env/idf5.2_py3.10_env/bin/python3 -W ignore:setup.py install is deprecated -W ignore:easy_install command is deprecated setup.py egg_info --egg-base ../../build/p1_ej2_nodos_sensor build --build-base /home/sergio/ros2_ws/build/p1_ej2_nodos_sensor/build install --record /home/sergio/ros2_ws/build/p1_ej2_nodos_sensor/install.log --single-version-externally-managed install_data
