[0.096s] Invoking command in '/home/sergio/ros2_ws/build/trr_robot': CMAKE_PREFIX_PATH=${CMAKE_PREFIX_PATH}:/home/sergio/ros2_ws/install/p1_ej3_servidor:/home/sergio/ros2_ws/install/p1_ej3_cliente:/home/sergio/ros2_ws/install/p1_ej2_nodos_sensor:/home/sergio/ros2_ws/install/p1_ej2_nodo5:/home/sergio/ros2_ws/install/p1_ej2_nodo4:/home/sergio/ros2_ws/install/my_package:/home/sergio/ros2_ws/install/mma_talker:/home/sergio/ros2_ws/install/mma_service:/home/sergio/ros2_ws/install/mma_listener:/home/sergio/ros2_ws/install/ejercicio_tres_server:/home/sergio/ros2_ws/install/ejercicio_tres_client:/home/sergio/ros2_ws/install/ejercicio_dos:/home/sergio/ros2_ws/install/ejemplo_uno:/home/sergio/ros2_ws/install/P1_ej1_sub:/home/sergio/ros2_ws/install/P1_ej1_pub:/opt/ros/humble /usr/bin/cmake --build /home/sergio/ros2_ws/build/trr_robot -- -j16 -l16
[0.155s] -- Found ament_cmake: 1.3.11 (/opt/ros/humble/share/ament_cmake/cmake)
[0.306s] -- Found ament_lint_auto: 0.12.11 (/opt/ros/humble/share/ament_lint_auto/cmake)
[0.361s] -- Added test 'flake8' to check Python code syntax and style conventions
[0.361s] -- Added test 'lint_cmake' to check CMake code style
[0.362s] -- Added test 'pep257' to check Python code against some of the docstring style conventions in PEP 257
[0.363s] -- Added test 'xmllint' to check XML markup files
[0.363s] -- Configuring done
[0.365s] -- Generating done
[0.366s] -- Build files have been written to: /home/sergio/ros2_ws/build/trr_robot
[0.381s] Invoked command in '/home/sergio/ros2_ws/build/trr_robot' returned '0': CMAKE_PREFIX_PATH=${CMAKE_PREFIX_PATH}:/home/sergio/ros2_ws/install/p1_ej3_servidor:/home/sergio/ros2_ws/install/p1_ej3_cliente:/home/sergio/ros2_ws/install/p1_ej2_nodos_sensor:/home/sergio/ros2_ws/install/p1_ej2_nodo5:/home/sergio/ros2_ws/install/p1_ej2_nodo4:/home/sergio/ros2_ws/install/my_package:/home/sergio/ros2_ws/install/mma_talker:/home/sergio/ros2_ws/install/mma_service:/home/sergio/ros2_ws/install/mma_listener:/home/sergio/ros2_ws/install/ejercicio_tres_server:/home/sergio/ros2_ws/install/ejercicio_tres_client:/home/sergio/ros2_ws/install/ejercicio_dos:/home/sergio/ros2_ws/install/ejemplo_uno:/home/sergio/ros2_ws/install/P1_ej1_sub:/home/sergio/ros2_ws/install/P1_ej1_pub:/opt/ros/humble /usr/bin/cmake --build /home/sergio/ros2_ws/build/trr_robot -- -j16 -l16
[0.382s] Invoking command in '/home/sergio/ros2_ws/build/trr_robot': CMAKE_PREFIX_PATH=${CMAKE_PREFIX_PATH}:/home/sergio/ros2_ws/install/p1_ej3_servidor:/home/sergio/ros2_ws/install/p1_ej3_cliente:/home/sergio/ros2_ws/install/p1_ej2_nodos_sensor:/home/sergio/ros2_ws/install/p1_ej2_nodo5:/home/sergio/ros2_ws/install/p1_ej2_nodo4:/home/sergio/ros2_ws/install/my_package:/home/sergio/ros2_ws/install/mma_talker:/home/sergio/ros2_ws/install/mma_service:/home/sergio/ros2_ws/install/mma_listener:/home/sergio/ros2_ws/install/ejercicio_tres_server:/home/sergio/ros2_ws/install/ejercicio_tres_client:/home/sergio/ros2_ws/install/ejercicio_dos:/home/sergio/ros2_ws/install/ejemplo_uno:/home/sergio/ros2_ws/install/P1_ej1_sub:/home/sergio/ros2_ws/install/P1_ej1_pub:/opt/ros/humble /usr/bin/cmake --install /home/sergio/ros2_ws/build/trr_robot
[0.391s] -- Install configuration: ""
[0.391s] -- Up-to-date: /home/sergio/ros2_ws/install/trr_robot/share/trr_robot/launch
[0.391s] -- Up-to-date: /home/sergio/ros2_ws/install/trr_robot/share/trr_robot/launch/launch.py
[0.391s] -- Up-to-date: /home/sergio/ros2_ws/install/trr_robot/share/trr_robot/urdf
[0.391s] -- Up-to-date: /home/sergio/ros2_ws/install/trr_robot/share/trr_robot/urdf/trr_robot.urdf
[0.391s] -- Up-to-date: /home/sergio/ros2_ws/install/trr_robot/share/trr_robot/rviz
[0.391s] -- Up-to-date: /home/sergio/ros2_ws/install/trr_robot/share/trr_robot/rviz/trr_robot.rviz
[0.391s] -- Up-to-date: /home/sergio/ros2_ws/install/trr_robot/share/trr_robot/meshes
[0.391s] -- Installing: /home/sergio/ros2_ws/install/trr_robot/share/ament_index/resource_index/package_run_dependencies/trr_robot
[0.391s] -- Up-to-date: /home/sergio/ros2_ws/install/trr_robot/share/ament_index/resource_index/parent_prefix_path/trr_robot
[0.392s] -- Up-to-date: /home/sergio/ros2_ws/install/trr_robot/share/trr_robot/environment/ament_prefix_path.sh
[0.392s] -- Installing: /home/sergio/ros2_ws/install/trr_robot/share/trr_robot/environment/ament_prefix_path.dsv
[0.392s] -- Up-to-date: /home/sergio/ros2_ws/install/trr_robot/share/trr_robot/environment/path.sh
[0.392s] -- Installing: /home/sergio/ros2_ws/install/trr_robot/share/trr_robot/environment/path.dsv
[0.392s] -- Up-to-date: /home/sergio/ros2_ws/install/trr_robot/share/trr_robot/local_setup.bash
[0.392s] -- Up-to-date: /home/sergio/ros2_ws/install/trr_robot/share/trr_robot/local_setup.sh
[0.392s] -- Up-to-date: /home/sergio/ros2_ws/install/trr_robot/share/trr_robot/local_setup.zsh
[0.392s] -- Installing: /home/sergio/ros2_ws/install/trr_robot/share/trr_robot/local_setup.dsv
[0.392s] -- Installing: /home/sergio/ros2_ws/install/trr_robot/share/trr_robot/package.dsv
[0.392s] -- Up-to-date: /home/sergio/ros2_ws/install/trr_robot/share/ament_index/resource_index/packages/trr_robot
[0.392s] -- Up-to-date: /home/sergio/ros2_ws/install/trr_robot/share/trr_robot/cmake/trr_robotConfig.cmake
[0.392s] -- Up-to-date: /home/sergio/ros2_ws/install/trr_robot/share/trr_robot/cmake/trr_robotConfig-version.cmake
[0.392s] -- Installing: /home/sergio/ros2_ws/install/trr_robot/share/trr_robot/package.xml
[0.396s] Invoked command in '/home/sergio/ros2_ws/build/trr_robot' returned '0': CMAKE_PREFIX_PATH=${CMAKE_PREFIX_PATH}:/home/sergio/ros2_ws/install/p1_ej3_servidor:/home/sergio/ros2_ws/install/p1_ej3_cliente:/home/sergio/ros2_ws/install/p1_ej2_nodos_sensor:/home/sergio/ros2_ws/install/p1_ej2_nodo5:/home/sergio/ros2_ws/install/p1_ej2_nodo4:/home/sergio/ros2_ws/install/my_package:/home/sergio/ros2_ws/install/mma_talker:/home/sergio/ros2_ws/install/mma_service:/home/sergio/ros2_ws/install/mma_listener:/home/sergio/ros2_ws/install/ejercicio_tres_server:/home/sergio/ros2_ws/install/ejercicio_tres_client:/home/sergio/ros2_ws/install/ejercicio_dos:/home/sergio/ros2_ws/install/ejemplo_uno:/home/sergio/ros2_ws/install/P1_ej1_sub:/home/sergio/ros2_ws/install/P1_ej1_pub:/opt/ros/humble /usr/bin/cmake --install /home/sergio/ros2_ws/build/trr_robot
