running egg_info
writing ../../build/p2_ej3/p2_ej3.egg-info/PKG-INFO
writing dependency_links to ../../build/p2_ej3/p2_ej3.egg-info/dependency_links.txt
writing entry points to ../../build/p2_ej3/p2_ej3.egg-info/entry_points.txt
writing requirements to ../../build/p2_ej3/p2_ej3.egg-info/requires.txt
writing top-level names to ../../build/p2_ej3/p2_ej3.egg-info/top_level.txt
reading manifest file '../../build/p2_ej3/p2_ej3.egg-info/SOURCES.txt'
writing manifest file '../../build/p2_ej3/p2_ej3.egg-info/SOURCES.txt'
running build
running build_py
copying p2_ej3/__init__.py -> /home/sergio/ros2_ws/build/p2_ej3/build/lib/p2_ej3
copying p2_ej3/avoid_obstacles.py -> /home/sergio/ros2_ws/build/p2_ej3/build/lib/p2_ej3
running install
running install_lib
running install_data
copying resource/p2_ej3 -> /home/sergio/ros2_ws/install/p2_ej3/share/ament_index/resource_index/packages
copying package.xml -> /home/sergio/ros2_ws/install/p2_ej3/share/p2_ej3
copying package.xml -> /home/sergio/ros2_ws/install/p2_ej3/share/p2_ej3
copying launch/bringup.launch.py -> /home/sergio/ros2_ws/install/p2_ej3/share/p2_ej3/launch
copying rviz/nav2_config.rviz -> /home/sergio/ros2_ws/install/p2_ej3/share/p2_ej3/rviz
running install_egg_info
removing '/home/sergio/ros2_ws/install/p2_ej3/lib/python3.10/site-packages/p2_ej3-0.0.0-py3.10.egg-info' (and everything under it)
Copying ../../build/p2_ej3/p2_ej3.egg-info to /home/sergio/ros2_ws/install/p2_ej3/lib/python3.10/site-packages/p2_ej3-0.0.0-py3.10.egg-info
running install_scripts
Installing avoid_obstacles script to /home/sergio/ros2_ws/install/p2_ej3/lib/p2_ej3
writing list of installed files to '/home/sergio/ros2_ws/build/p2_ej3/install.log'
