[3.494s] Invoking command in '/home/sergio/ros2_ws/src/my_stage_mover': PYTHONPATH=/home/sergio/ros2_ws/build/my_stage_mover/prefix_override:/usr/lib/python3/dist-packages/colcon_core/task/python/colcon_distutils_commands:/home/sergio/ros2_ws/install/my_stage_mover/lib/python3.10/site-packages:${PYTHONPATH} /usr/bin/python3 -W ignore:setup.py install is deprecated -W ignore:easy_install command is deprecated setup.py egg_info --egg-base ../../build/my_stage_mover build --build-base /home/sergio/ros2_ws/build/my_stage_mover/build install --record /home/sergio/ros2_ws/build/my_stage_mover/install.log --single-version-externally-managed install_data
[3.872s] running egg_info
[3.872s] writing ../../build/my_stage_mover/my_stage_mover.egg-info/PKG-INFO
[3.872s] writing dependency_links to ../../build/my_stage_mover/my_stage_mover.egg-info/dependency_links.txt
[3.873s] writing entry points to ../../build/my_stage_mover/my_stage_mover.egg-info/entry_points.txt
[3.873s] writing requirements to ../../build/my_stage_mover/my_stage_mover.egg-info/requires.txt
[3.873s] writing top-level names to ../../build/my_stage_mover/my_stage_mover.egg-info/top_level.txt
[3.874s] reading manifest file '../../build/my_stage_mover/my_stage_mover.egg-info/SOURCES.txt'
[3.875s] writing manifest file '../../build/my_stage_mover/my_stage_mover.egg-info/SOURCES.txt'
[3.875s] running build
[3.875s] running build_py
[3.875s] running install
[3.875s] running install_lib
[3.878s] running install_data
[3.878s] running install_egg_info
[3.879s] removing '/home/sergio/ros2_ws/install/my_stage_mover/lib/python3.10/site-packages/my_stage_mover-0.0.0-py3.10.egg-info' (and everything under it)
[3.880s] Copying ../../build/my_stage_mover/my_stage_mover.egg-info to /home/sergio/ros2_ws/install/my_stage_mover/lib/python3.10/site-packages/my_stage_mover-0.0.0-py3.10.egg-info
[3.880s] running install_scripts
[3.902s] Installing mover script to /home/sergio/ros2_ws/install/my_stage_mover/lib/my_stage_mover
[3.902s] writing list of installed files to '/home/sergio/ros2_ws/build/my_stage_mover/install.log'
[4.919s] Invoked command in '/home/sergio/ros2_ws/src/my_stage_mover' returned '0': PYTHONPATH=/home/sergio/ros2_ws/build/my_stage_mover/prefix_override:/usr/lib/python3/dist-packages/colcon_core/task/python/colcon_distutils_commands:/home/sergio/ros2_ws/install/my_stage_mover/lib/python3.10/site-packages:${PYTHONPATH} /usr/bin/python3 -W ignore:setup.py install is deprecated -W ignore:easy_install command is deprecated setup.py egg_info --egg-base ../../build/my_stage_mover build --build-base /home/sergio/ros2_ws/build/my_stage_mover/build install --record /home/sergio/ros2_ws/build/my_stage_mover/install.log --single-version-externally-managed install_data
