[7.121s] Invoking command in '/home/sergio/ros2_ws/src/mma_service': PYTHONPATH=/home/sergio/ros2_ws/build/mma_service/prefix_override:/usr/lib/python3/dist-packages/colcon_core/task/python/colcon_distutils_commands:/home/sergio/ros2_ws/install/mma_service/lib/python3.10/site-packages:${PYTHONPATH} /usr/bin/python3 -W ignore:setup.py install is deprecated -W ignore:easy_install command is deprecated setup.py egg_info --egg-base ../../build/mma_service build --build-base /home/sergio/ros2_ws/build/mma_service/build install --record /home/sergio/ros2_ws/build/mma_service/install.log --single-version-externally-managed install_data
[8.883s] running egg_info
[8.883s] writing ../../build/mma_service/mma_service.egg-info/PKG-INFO
[8.883s] writing dependency_links to ../../build/mma_service/mma_service.egg-info/dependency_links.txt
[8.884s] writing entry points to ../../build/mma_service/mma_service.egg-info/entry_points.txt
[8.884s] writing requirements to ../../build/mma_service/mma_service.egg-info/requires.txt
[8.885s] writing top-level names to ../../build/mma_service/mma_service.egg-info/top_level.txt
[8.890s] reading manifest file '../../build/mma_service/mma_service.egg-info/SOURCES.txt'
[8.895s] writing manifest file '../../build/mma_service/mma_service.egg-info/SOURCES.txt'
[8.895s] running build
[8.895s] running build_py
[8.899s] running install
[8.899s] running install_lib
[8.900s] running install_data
[8.900s] running install_egg_info
[8.906s] removing '/home/sergio/ros2_ws/install/mma_service/lib/python3.10/site-packages/mma_service-0.0.0-py3.10.egg-info' (and everything under it)
[8.907s] Copying ../../build/mma_service/mma_service.egg-info to /home/sergio/ros2_ws/install/mma_service/lib/python3.10/site-packages/mma_service-0.0.0-py3.10.egg-info
[8.913s] running install_scripts
[9.026s] Installing fight_service script to /home/sergio/ros2_ws/install/mma_service/lib/mma_service
[9.028s] writing list of installed files to '/home/sergio/ros2_ws/build/mma_service/install.log'
[9.839s] Invoked command in '/home/sergio/ros2_ws/src/mma_service' returned '0': PYTHONPATH=/home/sergio/ros2_ws/build/mma_service/prefix_override:/usr/lib/python3/dist-packages/colcon_core/task/python/colcon_distutils_commands:/home/sergio/ros2_ws/install/mma_service/lib/python3.10/site-packages:${PYTHONPATH} /usr/bin/python3 -W ignore:setup.py install is deprecated -W ignore:easy_install command is deprecated setup.py egg_info --egg-base ../../build/mma_service build --build-base /home/sergio/ros2_ws/build/mma_service/build install --record /home/sergio/ros2_ws/build/mma_service/install.log --single-version-externally-managed install_data
