[6.529s] Invoking command in '/home/sergio/ros2_ws/src/P1_ej1_sub': PYTHONPATH=/home/sergio/ros2_ws/build/P1_ej1_sub/prefix_override:/usr/lib/python3/dist-packages/colcon_core/task/python/colcon_distutils_commands:/home/sergio/ros2_ws/install/P1_ej1_sub/lib/python3.10/site-packages:${PYTHONPATH} /usr/bin/python3 -W ignore:setup.py install is deprecated -W ignore:easy_install command is deprecated setup.py egg_info --egg-base ../../build/P1_ej1_sub build --build-base /home/sergio/ros2_ws/build/P1_ej1_sub/build install --record /home/sergio/ros2_ws/build/P1_ej1_sub/install.log --single-version-externally-managed install_data
[8.034s] running egg_info
[8.035s] writing ../../build/P1_ej1_sub/P1_ej1_sub.egg-info/PKG-INFO
[8.035s] writing dependency_links to ../../build/P1_ej1_sub/P1_ej1_sub.egg-info/dependency_links.txt
[8.039s] writing entry points to ../../build/P1_ej1_sub/P1_ej1_sub.egg-info/entry_points.txt
[8.039s] writing requirements to ../../build/P1_ej1_sub/P1_ej1_sub.egg-info/requires.txt
[8.039s] writing top-level names to ../../build/P1_ej1_sub/P1_ej1_sub.egg-info/top_level.txt
[8.044s] reading manifest file '../../build/P1_ej1_sub/P1_ej1_sub.egg-info/SOURCES.txt'
[8.051s] writing manifest file '../../build/P1_ej1_sub/P1_ej1_sub.egg-info/SOURCES.txt'
[8.051s] running build
[8.051s] running build_py
[8.051s] running install
[8.051s] running install_lib
[8.056s] running install_data
[8.058s] running install_egg_info
[8.061s] removing '/home/sergio/ros2_ws/install/P1_ej1_sub/lib/python3.10/site-packages/P1_ej1_sub-0.0.0-py3.10.egg-info' (and everything under it)
[8.067s] Copying ../../build/P1_ej1_sub/P1_ej1_sub.egg-info to /home/sergio/ros2_ws/install/P1_ej1_sub/lib/python3.10/site-packages/P1_ej1_sub-0.0.0-py3.10.egg-info
[8.067s] running install_scripts
[8.123s] Installing suscriptor script to /home/sergio/ros2_ws/install/P1_ej1_sub/lib/P1_ej1_sub
[8.124s] writing list of installed files to '/home/sergio/ros2_ws/build/P1_ej1_sub/install.log'
[8.689s] Invoked command in '/home/sergio/ros2_ws/src/P1_ej1_sub' returned '0': PYTHONPATH=/home/sergio/ros2_ws/build/P1_ej1_sub/prefix_override:/usr/lib/python3/dist-packages/colcon_core/task/python/colcon_distutils_commands:/home/sergio/ros2_ws/install/P1_ej1_sub/lib/python3.10/site-packages:${PYTHONPATH} /usr/bin/python3 -W ignore:setup.py install is deprecated -W ignore:easy_install command is deprecated setup.py egg_info --egg-base ../../build/P1_ej1_sub build --build-base /home/sergio/ros2_ws/build/P1_ej1_sub/build install --record /home/sergio/ros2_ws/build/P1_ej1_sub/install.log --single-version-externally-managed install_data
