[2.156s] Invoking command in '/home/sergio/ros2_ws/src/my_package': PYTHONPATH=/home/sergio/ros2_ws/build/my_package/prefix_override:/usr/lib/python3/dist-packages/colcon_core/task/python/colcon_distutils_commands:/home/sergio/ros2_ws/install/my_package/lib/python3.10/site-packages:${PYTHONPATH} /usr/bin/python3 -W ignore:setup.py install is deprecated -W ignore:easy_install command is deprecated setup.py egg_info --egg-base ../../build/my_package build --build-base /home/sergio/ros2_ws/build/my_package/build install --record /home/sergio/ros2_ws/build/my_package/install.log --single-version-externally-managed install_data
[2.786s] running egg_info
[2.787s] creating ../../build/my_package/my_package.egg-info
[2.788s] writing ../../build/my_package/my_package.egg-info/PKG-INFO
[2.788s] writing dependency_links to ../../build/my_package/my_package.egg-info/dependency_links.txt
[2.788s] writing entry points to ../../build/my_package/my_package.egg-info/entry_points.txt
[2.788s] writing requirements to ../../build/my_package/my_package.egg-info/requires.txt
[2.788s] writing top-level names to ../../build/my_package/my_package.egg-info/top_level.txt
[2.788s] writing manifest file '../../build/my_package/my_package.egg-info/SOURCES.txt'
[2.794s] reading manifest file '../../build/my_package/my_package.egg-info/SOURCES.txt'
[2.794s] writing manifest file '../../build/my_package/my_package.egg-info/SOURCES.txt'
[2.794s] running build
[2.794s] running build_py
[2.794s] creating /home/sergio/ros2_ws/build/my_package/build
[2.794s] creating /home/sergio/ros2_ws/build/my_package/build/lib
[2.795s] creating /home/sergio/ros2_ws/build/my_package/build/lib/my_package
[2.795s] copying my_package/my_node.py -> /home/sergio/ros2_ws/build/my_package/build/lib/my_package
[2.795s] copying my_package/__init__.py -> /home/sergio/ros2_ws/build/my_package/build/lib/my_package
[2.795s] running install
[2.795s] running install_lib
[2.798s] creating /home/sergio/ros2_ws/install/my_package/lib/python3.10/site-packages/my_package
[2.799s] copying /home/sergio/ros2_ws/build/my_package/build/lib/my_package/my_node.py -> /home/sergio/ros2_ws/install/my_package/lib/python3.10/site-packages/my_package
[2.799s] copying /home/sergio/ros2_ws/build/my_package/build/lib/my_package/__init__.py -> /home/sergio/ros2_ws/install/my_package/lib/python3.10/site-packages/my_package
[2.799s] byte-compiling /home/sergio/ros2_ws/install/my_package/lib/python3.10/site-packages/my_package/my_node.py to my_node.cpython-310.pyc
[2.799s] byte-compiling /home/sergio/ros2_ws/install/my_package/lib/python3.10/site-packages/my_package/__init__.py to __init__.cpython-310.pyc
[2.799s] running install_data
[2.799s] creating /home/sergio/ros2_ws/install/my_package/share/ament_index
[2.799s] creating /home/sergio/ros2_ws/install/my_package/share/ament_index/resource_index
[2.799s] creating /home/sergio/ros2_ws/install/my_package/share/ament_index/resource_index/packages
[2.802s] copying resource/my_package -> /home/sergio/ros2_ws/install/my_package/share/ament_index/resource_index/packages
[2.802s] copying package.xml -> /home/sergio/ros2_ws/install/my_package/share/my_package
[2.802s] running install_egg_info
[2.822s] Copying ../../build/my_package/my_package.egg-info to /home/sergio/ros2_ws/install/my_package/lib/python3.10/site-packages/my_package-0.0.0-py3.10.egg-info
[2.831s] running install_scripts
[2.898s] Installing my_node script to /home/sergio/ros2_ws/install/my_package/lib/my_package
[2.899s] writing list of installed files to '/home/sergio/ros2_ws/build/my_package/install.log'
[2.960s] Invoked command in '/home/sergio/ros2_ws/src/my_package' returned '0': PYTHONPATH=/home/sergio/ros2_ws/build/my_package/prefix_override:/usr/lib/python3/dist-packages/colcon_core/task/python/colcon_distutils_commands:/home/sergio/ros2_ws/install/my_package/lib/python3.10/site-packages:${PYTHONPATH} /usr/bin/python3 -W ignore:setup.py install is deprecated -W ignore:easy_install command is deprecated setup.py egg_info --egg-base ../../build/my_package build --build-base /home/sergio/ros2_ws/build/my_package/build install --record /home/sergio/ros2_ws/build/my_package/install.log --single-version-externally-managed install_data
