[1.059s] Invoking command in '/home/sergio/ros2_ws/build/mma_interfaces': CMAKE_PREFIX_PATH=${CMAKE_PREFIX_PATH}:/home/sergio/ros2_ws/install/P1_ej1_sub:/home/sergio/ros2_ws/install/P1_ej1_pub:/home/sergio/ros2_ws/install/my_package:/home/sergio/ros2_ws/install/mma_talker:/home/sergio/ros2_ws/install/mma_service:/home/sergio/ros2_ws/install/mma_listener:/home/sergio/ros2_ws/install/ejercicio_tres_server:/home/sergio/ros2_ws/install/ejercicio_tres_client:/home/sergio/ros2_ws/install/ejercicio_dos:/home/sergio/ros2_ws/install/ejemplo_uno:/opt/ros/humble /usr/bin/cmake /home/sergio/ros2_ws/src/mma_interfaces -DCMAKE_INSTALL_PREFIX=/home/sergio/ros2_ws/install/mma_interfaces
[1.763s] -- The C compiler identification is GNU 11.4.0
[1.763s] -- The CXX compiler identification is GNU 11.4.0
[1.763s] -- Detecting C compiler ABI info
[1.763s] -- Detecting C compiler ABI info - done
[1.763s] -- Check for working C compiler: /usr/bin/cc - skipped
[1.763s] -- Detecting C compile features
[1.763s] -- Detecting C compile features - done
[1.763s] -- Detecting CXX compiler ABI info
[1.764s] -- Detecting CXX compiler ABI info - done
[1.764s] -- Check for working CXX compiler: /usr/bin/c++ - skipped
[1.764s] -- Detecting CXX compile features
[1.764s] -- Detecting CXX compile features - done
[1.764s] -- Found ament_cmake: 1.3.11 (/opt/ros/humble/share/ament_cmake/cmake)
[1.764s] -- Found Python3: /usr/bin/python3 (found version "3.10.12") found components: Interpreter 
[1.764s] -- Found rosidl_default_generators: 1.2.0 (/opt/ros/humble/share/rosidl_default_generators/cmake)
[1.764s] -- Using all available rosidl_typesupport_c: rosidl_typesupport_fastrtps_c;rosidl_typesupport_introspection_c
[1.764s] -- Found rosidl_adapter: 3.1.6 (/opt/ros/humble/share/rosidl_adapter/cmake)
[1.764s] -- Using all available rosidl_typesupport_cpp: rosidl_typesupport_fastrtps_cpp;rosidl_typesupport_introspection_cpp
[1.764s] -- Found ament_cmake_ros: 0.10.0 (/opt/ros/humble/share/ament_cmake_ros/cmake)
[2.058s] -- Using all available rosidl_typesupport_c: rosidl_typesupport_fastrtps_c;rosidl_typesupport_introspection_c
[2.407s] -- Using all available rosidl_typesupport_cpp: rosidl_typesupport_fastrtps_cpp;rosidl_typesupport_introspection_cpp
[2.435s] -- Found PythonInterp: /usr/bin/python3 (found suitable version "3.10.12", minimum required is "3.6") 
[2.436s] -- Found python_cmake_module: 0.10.0 (/opt/ros/humble/share/python_cmake_module/cmake)
[2.453s] -- Found PythonLibs: /usr/lib/x86_64-linux-gnu/libpython3.10.so (found suitable version "3.10.12", minimum required is "3.5") 
[2.453s] -- Using PYTHON_EXECUTABLE: /usr/bin/python3
[2.453s] -- Using PYTHON_INCLUDE_DIRS: /usr/include/python3.10
[2.453s] -- Using PYTHON_LIBRARIES: /usr/lib/x86_64-linux-gnu/libpython3.10.so
[2.467s] -- Found PythonExtra: .so  
[2.502s] -- Found ament_lint_auto: 0.12.11 (/opt/ros/humble/share/ament_lint_auto/cmake)
[2.517s] -- Added test 'lint_cmake' to check CMake code style
[2.518s] -- Added test 'xmllint' to check XML markup files
[2.519s] -- Configuring done
[2.540s] -- Generating done
[2.547s] -- Build files have been written to: /home/sergio/ros2_ws/build/mma_interfaces
