[1.435s] Invoking command in '/home/sergio/ros2_ws/src/mma_listener': PYTHONPATH=/home/sergio/ros2_ws/src/build/mma_listener/prefix_override:/usr/lib/python3/dist-packages/colcon_core/task/python/colcon_distutils_commands:/home/sergio/ros2_ws/src/install/mma_listener/lib/python3.10/site-packages:${PYTHONPATH} /usr/bin/python3 -W ignore:setup.py install is deprecated -W ignore:easy_install command is deprecated setup.py egg_info --egg-base ../build/mma_listener build --build-base /home/sergio/ros2_ws/src/build/mma_listener/build install --record /home/sergio/ros2_ws/src/build/mma_listener/install.log --single-version-externally-managed install_data
[1.672s] running egg_info
[1.672s] creating ../build/mma_listener/mma_listener.egg-info
[1.673s] writing ../build/mma_listener/mma_listener.egg-info/PKG-INFO
[1.673s] writing dependency_links to ../build/mma_listener/mma_listener.egg-info/dependency_links.txt
[1.673s] writing entry points to ../build/mma_listener/mma_listener.egg-info/entry_points.txt
[1.673s] writing requirements to ../build/mma_listener/mma_listener.egg-info/requires.txt
[1.673s] writing top-level names to ../build/mma_listener/mma_listener.egg-info/top_level.txt
[1.673s] writing manifest file '../build/mma_listener/mma_listener.egg-info/SOURCES.txt'
[1.674s] reading manifest file '../build/mma_listener/mma_listener.egg-info/SOURCES.txt'
[1.675s] writing manifest file '../build/mma_listener/mma_listener.egg-info/SOURCES.txt'
[1.675s] running build
[1.675s] running build_py
[1.675s] creating /home/sergio/ros2_ws/src/build/mma_listener/build
[1.675s] creating /home/sergio/ros2_ws/src/build/mma_listener/build/lib
[1.675s] creating /home/sergio/ros2_ws/src/build/mma_listener/build/lib/mma_listener
[1.675s] copying mma_listener/__init__.py -> /home/sergio/ros2_ws/src/build/mma_listener/build/lib/mma_listener
[1.675s] copying mma_listener/listener.py -> /home/sergio/ros2_ws/src/build/mma_listener/build/lib/mma_listener
[1.676s] running install
[1.676s] running install_lib
[1.677s] running install_data
[1.677s] running install_egg_info
[1.679s] removing '/home/sergio/ros2_ws/src/install/mma_listener/lib/python3.10/site-packages/mma_listener-0.0.0-py3.10.egg-info' (and everything under it)
[1.679s] Copying ../build/mma_listener/mma_listener.egg-info to /home/sergio/ros2_ws/src/install/mma_listener/lib/python3.10/site-packages/mma_listener-0.0.0-py3.10.egg-info
[1.680s] running install_scripts
[1.704s] Installing listener script to /home/sergio/ros2_ws/src/install/mma_listener/lib/mma_listener
[1.704s] writing list of installed files to '/home/sergio/ros2_ws/src/build/mma_listener/install.log'
[1.753s] Invoked command in '/home/sergio/ros2_ws/src/mma_listener' returned '0': PYTHONPATH=/home/sergio/ros2_ws/src/build/mma_listener/prefix_override:/usr/lib/python3/dist-packages/colcon_core/task/python/colcon_distutils_commands:/home/sergio/ros2_ws/src/install/mma_listener/lib/python3.10/site-packages:${PYTHONPATH} /usr/bin/python3 -W ignore:setup.py install is deprecated -W ignore:easy_install command is deprecated setup.py egg_info --egg-base ../build/mma_listener build --build-base /home/sergio/ros2_ws/src/build/mma_listener/build install --record /home/sergio/ros2_ws/src/build/mma_listener/install.log --single-version-externally-managed install_data
