[2.701s] Invoking command in '/home/sergio/ros2_ws/src/p2_ej3': PYTHONPATH=/home/sergio/ros2_ws/build/p2_ej3/prefix_override:/usr/lib/python3/dist-packages/colcon_core/task/python/colcon_distutils_commands:/home/sergio/ros2_ws/install/p2_ej3/lib/python3.10/site-packages:${PYTHONPATH} /usr/bin/python3 -W ignore:setup.py install is deprecated -W ignore:easy_install command is deprecated setup.py egg_info --egg-base ../../build/p2_ej3 build --build-base /home/sergio/ros2_ws/build/p2_ej3/build install --record /home/sergio/ros2_ws/build/p2_ej3/install.log --single-version-externally-managed install_data
[3.173s] running egg_info
[3.173s] writing ../../build/p2_ej3/p2_ej3.egg-info/PKG-INFO
[3.173s] writing dependency_links to ../../build/p2_ej3/p2_ej3.egg-info/dependency_links.txt
[3.174s] writing entry points to ../../build/p2_ej3/p2_ej3.egg-info/entry_points.txt
[3.174s] writing requirements to ../../build/p2_ej3/p2_ej3.egg-info/requires.txt
[3.174s] writing top-level names to ../../build/p2_ej3/p2_ej3.egg-info/top_level.txt
[3.175s] reading manifest file '../../build/p2_ej3/p2_ej3.egg-info/SOURCES.txt'
[3.176s] writing manifest file '../../build/p2_ej3/p2_ej3.egg-info/SOURCES.txt'
[3.177s] running build
[3.177s] running build_py
[3.177s] copying p2_ej3/avoid_obstacles.py -> /home/sergio/ros2_ws/build/p2_ej3/build/lib/p2_ej3
[3.177s] running install
[3.177s] running install_lib
[3.178s] copying /home/sergio/ros2_ws/build/p2_ej3/build/lib/p2_ej3/avoid_obstacles.py -> /home/sergio/ros2_ws/install/p2_ej3/lib/python3.10/site-packages/p2_ej3
[3.179s] byte-compiling /home/sergio/ros2_ws/install/p2_ej3/lib/python3.10/site-packages/p2_ej3/avoid_obstacles.py to avoid_obstacles.cpython-310.pyc
[3.180s] running install_data
[3.181s] running install_egg_info
[3.183s] removing '/home/sergio/ros2_ws/install/p2_ej3/lib/python3.10/site-packages/p2_ej3-0.0.0-py3.10.egg-info' (and everything under it)
[3.183s] Copying ../../build/p2_ej3/p2_ej3.egg-info to /home/sergio/ros2_ws/install/p2_ej3/lib/python3.10/site-packages/p2_ej3-0.0.0-py3.10.egg-info
[3.184s] running install_scripts
[3.202s] Installing avoid_obstacles script to /home/sergio/ros2_ws/install/p2_ej3/lib/p2_ej3
[3.202s] writing list of installed files to '/home/sergio/ros2_ws/build/p2_ej3/install.log'
[3.222s] Invoked command in '/home/sergio/ros2_ws/src/p2_ej3' returned '0': PYTHONPATH=/home/sergio/ros2_ws/build/p2_ej3/prefix_override:/usr/lib/python3/dist-packages/colcon_core/task/python/colcon_distutils_commands:/home/sergio/ros2_ws/install/p2_ej3/lib/python3.10/site-packages:${PYTHONPATH} /usr/bin/python3 -W ignore:setup.py install is deprecated -W ignore:easy_install command is deprecated setup.py egg_info --egg-base ../../build/p2_ej3 build --build-base /home/sergio/ros2_ws/build/p2_ej3/build install --record /home/sergio/ros2_ws/build/p2_ej3/install.log --single-version-externally-managed install_data
